2017-11-25 17:37:54.344 INFO in 'ProfileAnalyzerTest' at line 2014: FEES_150105_170801.txt
2017-11-25 17:37:59.496 INFO in 'ProfileAnalyzerTest' at line 2024: AVG PVV 0.000777430660757
2017-11-25 17:37:59.500 INFO in 'ProfileAnalyzerTest' at line 2025: AVG Volume 0.00622400955105
2017-11-25 17:41:24.953 INFO in 'ProfileAnalyzerTest' at line 2070: [45.00840581509217, 45.00840581509217, 0, 100000, 105000, 151000, 175000, 1, 0, 0.02, 5, 'take_innsta_0.03', 9, 0, 22, 5.9197732901765, 45.00840581509217, 88]
2017-11-25 17:41:24.953 INFO in 'ProfileAnalyzerTest' at line 2070: [52.926128552115955, 52.926128552115955, 0, 100000, 105000, 151000, 180000, 1, 0, 0.02, 5, 'take_innsta_0.03', 9, 0, 18, 6.126136720187195, 52.926128552115955, 88]
2017-11-25 17:41:24.953 INFO in 'ProfileAnalyzerTest' at line 2070: [36.89014034232923, 36.89014034232923, 0, 100000, 112000, 115000, 170000, 1, 0, 0.03, 2, 'take_innsta_0.02', 27, 0, 20, 6.469107769596397, 36.89014034232923, 64]
2017-11-25 17:41:24.953 INFO in 'ProfileAnalyzerTest' at line 2070: [41.23593234405879, 41.23593234405879, 0, 100000, 112000, 115000, 174000, 1, 0, 0.03, 2, 'take_innsta_0.02', 27, 0, 27, 7.0380848625070875, 41.23593234405879, 65]
2017-11-25 17:41:24.953 INFO in 'ProfileAnalyzerTest' at line 2070: [43.73839437629803, 43.73839437629803, 0, 100000, 112000, 115000, 180000, 1, 0, 0.03, 2, 'take_innsta_0.02', 27, 0, 20, 7.02071243992201, 43.73839437629803, 64]
2017-11-25 17:41:24.953 INFO in 'ProfileAnalyzerTest' at line 2070: [53.4869413019608, 53.4869413019608, 0, 100000, 112000, 115000, 175000, 1, 0, 0.03, 2, 'take_innsta_0.02', 27, 0, 20, 7.238860200777916, 53.4869413019608, 66]
2017-11-25 17:41:24.953 INFO in 'ProfileAnalyzerTest' at line 2070: [32.46952783160653, 32.46952783160653, 0, 100000, 112000, 114000, 173000, 1, 0, 0.01, 3, 'take_innsta_0.02', 20, 0, 14, 6.257136105271811, 32.46952783160653, 78]
2017-11-25 17:41:24.954 INFO in 'ProfileAnalyzerTest' at line 2070: [34.74870443879825, 34.74870443879825, 0, 100000, 112000, 114000, 170000, 1, 0, 0.01, 3, 'take_innsta_0.02', 20, 0, 16, 6.135290025201768, 34.74870443879825, 80]
2017-11-25 17:41:24.954 INFO in 'ProfileAnalyzerTest' at line 2070: [44.33554082069655, 44.33554082069655, 0, 100000, 112000, 114000, 174000, 1, 0, 0.01, 3, 'take_innsta_0.02', 20, 0, 16, 6.544963878961134, 44.33554082069655, 78]
2017-11-25 17:41:24.954 INFO in 'ProfileAnalyzerTest' at line 2070: [46.94931521699311, 46.94931521699311, 0, 100000, 112000, 114000, 175000, 1, 0, 0.01, 3, 'take_innsta_0.02', 20, 0, 14, 6.623841029192663, 46.94931521699311, 78]
2017-11-25 17:41:24.954 INFO in 'ProfileAnalyzerTest' at line 2070: [53.83801579861964, 53.83801579861964, 0, 100000, 112000, 114000, 180000, 1, 0, 0.01, 3, 'take_innsta_0.02', 20, 0, 12, 6.732789091819047, 53.83801579861964, 78]
2017-11-25 17:41:24.954 INFO in 'ProfileAnalyzerTest' at line 2070: [41.59667459601285, 41.59667459601285, 0, 100000, 112000, 115000, 175000, 1, 0, 0.03, 3, 'take_innsta_0.03', 14, 0, 11, 7.589395335878431, 41.59667459601285, 75]
2017-11-25 17:41:24.956 INFO in 'ProfileAnalyzerTest' at line 2070: [56.10491200970652, 56.10491200970652, 0, 100000, 112000, 115000, 180000, 1, 0, 0.03, 3, 'take_innsta_0.03', 14, 0, 15, 8.063556331363124, 56.10491200970652, 73]
2017-11-25 17:41:24.956 INFO in 'ProfileAnalyzerTest' at line 2070: [35.02104349175476, 35.02104349175476, 0, 100000, 112000, 114000, 180000, 1, 0, 0.04, 3, 'take_innsta_0.04', 14, 0, 12, 7.343844523378752, 35.02104349175476, 74]
2017-11-25 17:41:24.956 INFO in 'ProfileAnalyzerTest' at line 2070: [36.97157363853594, 36.97157363853594, 0, 100000, 112000, 115000, 175000, 1, 0, 0.04, 3, 'take_innsta_0.04', 14, 0, 11, 7.132833995489984, 36.97157363853594, 75]
2017-11-25 17:41:24.956 INFO in 'ProfileAnalyzerTest' at line 2070: [56.9972737693937, 56.9972737693937, 0, 100000, 112000, 115000, 180000, 1, 0, 0.04, 3, 'take_innsta_0.04', 14, 0, 15, 7.794938027077125, 56.9972737693937, 73]
2017-11-25 17:41:24.956 INFO in 'ProfileAnalyzerTest' at line 2070: [32.98308445451487, 32.98308445451487, 0, 100000, 111000, 144000, 174000, 1, 0, 0.01, 1, 'take_innsta_0.02', 9, 0, 24, 6.91770959262551, 32.98308445451487, 42]
2017-11-25 17:41:24.957 INFO in 'ProfileAnalyzerTest' at line 2070: [33.21653230729516, 33.21653230729516, 0, 100000, 111000, 145000, 180000, 1, 0, 0.01, 1, 'take_innsta_0.02', 9, 0, 23, 6.78777350458158, 33.21653230729516, 39]
2017-11-25 17:41:24.957 INFO in 'ProfileAnalyzerTest' at line 2070: [38.80316487566133, 38.80316487566133, 0, 100000, 111000, 143000, 180000, 1, 0, 0.01, 1, 'take_innsta_0.02', 9, 0, 26, 7.203480067448228, 38.80316487566133, 40]
2017-11-25 17:41:24.957 INFO in 'ProfileAnalyzerTest' at line 2070: [38.837756600798464, 38.837756600798464, 0, 100000, 111000, 150000, 175000, 1, 0, 0.01, 1, 'take_innsta_0.02', 9, 0, 28, 6.6545581791416195, 38.837756600798464, 42]
2017-11-25 17:41:24.957 INFO in 'ProfileAnalyzerTest' at line 2070: [39.875033859999824, 39.875033859999824, 0, 100000, 111000, 144000, 180000, 1, 0, 0.01, 1, 'take_innsta_0.02', 9, 0, 29, 7.2917135863120395, 39.875033859999824, 39]
2017-11-25 17:41:24.957 INFO in 'ProfileAnalyzerTest' at line 2070: [48.08547606612336, 48.08547606612336, 0, 100000, 111000, 145000, 175000, 1, 0, 0.01, 1, 'take_innsta_0.02', 9, 0, 27, 7.02926509199833, 48.08547606612336, 41]
2017-11-25 17:41:24.957 INFO in 'ProfileAnalyzerTest' at line 2070: [52.60803961908653, 52.60803961908653, 0, 100000, 111000, 143000, 175000, 1, 0, 0.01, 1, 'take_innsta_0.02', 9, 0, 25, 7.3773931998243, 52.60803961908653, 41]
2017-11-25 17:41:24.957 INFO in 'ProfileAnalyzerTest' at line 2070: [57.22243020241686, 57.22243020241686, 0, 100000, 111000, 144000, 175000, 1, 0, 0.01, 1, 'take_innsta_0.02', 9, 0, 29, 7.513991168754234, 57.22243020241686, 41]
2017-11-25 17:41:24.957 INFO in 'ProfileAnalyzerTest' at line 2070: [35.526462966211405, 35.526462966211405, 0, 100000, 112000, 114000, 173000, 1, 0, 0.01, 3, 'take_innsta_0.02', 14, 0, 15, 6.372214766314191, 35.526462966211405, 73]
2017-11-25 17:41:24.957 INFO in 'ProfileAnalyzerTest' at line 2070: [51.486054764657354, 51.486054764657354, 0, 100000, 112000, 114000, 174000, 1, 0, 0.01, 3, 'take_innsta_0.02', 14, 0, 19, 6.730205719512643, 51.486054764657354, 73]
2017-11-25 17:41:24.957 INFO in 'ProfileAnalyzerTest' at line 2070: [52.074647741621476, 52.074647741621476, 0, 100000, 112000, 114000, 175000, 1, 0, 0.01, 3, 'take_innsta_0.02', 14, 0, 15, 6.769695068634682, 52.074647741621476, 73]
2017-11-25 17:41:24.959 INFO in 'ProfileAnalyzerTest' at line 2070: [57.763472223024955, 57.763472223024955, 0, 100000, 112000, 114000, 180000, 1, 0, 0.01, 3, 'take_innsta_0.02', 14, 0, 13, 6.848930001968828, 57.763472223024955, 73]
2017-11-25 17:41:24.959 INFO in 'ProfileAnalyzerTest' at line 2070: [34.10679463291688, 34.10679463291688, 0, 100000, 112000, 114000, 172000, 1, 0, 0.01, 3, 'take_innsta_0.02', 27, 0, 19, 6.190225338410415, 34.10679463291688, 77]
2017-11-25 17:41:24.959 INFO in 'ProfileAnalyzerTest' at line 2070: [36.55103875983668, 36.55103875983668, 0, 100000, 112000, 114000, 173000, 1, 0, 0.01, 3, 'take_innsta_0.02', 27, 0, 15, 6.382838916516794, 36.55103875983668, 77]
2017-11-25 17:41:24.959 INFO in 'ProfileAnalyzerTest' at line 2070: [39.116714273876184, 39.116714273876184, 0, 100000, 112000, 114000, 170000, 1, 0, 0.01, 3, 'take_innsta_0.02', 27, 0, 17, 6.260992836446749, 39.116714273876184, 79]
2017-11-25 17:41:24.959 INFO in 'ProfileAnalyzerTest' at line 2070: [49.90864293992477, 49.90864293992477, 0, 100000, 112000, 114000, 174000, 1, 0, 0.01, 3, 'take_innsta_0.02', 27, 0, 17, 6.670666690206117, 49.90864293992477, 77]
2017-11-25 17:41:24.960 INFO in 'ProfileAnalyzerTest' at line 2070: [52.85097612579594, 52.85097612579594, 0, 100000, 112000, 114000, 175000, 1, 0, 0.01, 3, 'take_innsta_0.02', 27, 0, 15, 6.749543840437644, 52.85097612579594, 77]
2017-11-25 17:41:24.960 INFO in 'ProfileAnalyzerTest' at line 2070: [60.60560573635787, 60.60560573635787, 0, 100000, 112000, 114000, 180000, 1, 0, 0.01, 3, 'take_innsta_0.02', 27, 0, 13, 6.85849190306403, 60.60560573635787, 77]
2017-11-25 17:41:24.960 INFO in 'ProfileAnalyzerTest' at line 2070: [32.513074994137014, 32.513074994137014, 0, 100000, 112000, 114000, 180000, 1, 0, 0.03, 3, 'take_innsta_0.04', 14, 0, 12, 7.194577344335555, 32.513074994137014, 74]
2017-11-25 17:41:24.960 INFO in 'ProfileAnalyzerTest' at line 2070: [39.25416310322761, 39.25416310322761, 0, 100000, 112000, 115000, 175000, 1, 0, 0.03, 3, 'take_innsta_0.04', 14, 0, 11, 7.219896295881667, 39.25416310322761, 75]
2017-11-25 17:41:24.960 INFO in 'ProfileAnalyzerTest' at line 2070: [61.555287262082814, 61.555287262082814, 0, 100000, 112000, 115000, 180000, 1, 0, 0.03, 3, 'take_innsta_0.04', 14, 0, 15, 7.907615873136798, 61.555287262082814, 73]
2017-11-25 17:41:24.960 INFO in 'ProfileAnalyzerTest' at line 2070: [43.489509753457654, 43.489509753457654, 0, 100000, 110000, 115000, 175000, 1, 0, 0.03, 4, 'take_innsta_0.03', 20, 27, 18, 7.377943464280731, 43.489509753457654, 84]
2017-11-25 17:41:24.960 INFO in 'ProfileAnalyzerTest' at line 2070: [62.210036523095674, 62.210036523095674, 0, 100000, 110000, 115000, 180000, 1, 0, 0.03, 4, 'take_innsta_0.03', 20, 27, 17, 7.890771362008347, 62.210036523095674, 83]
2017-11-25 17:41:30.236 INFO in 'ProfileAnalyzerTest' at line 2024: AVG PVV 0.000794816646284
2017-11-25 17:41:30.240 INFO in 'ProfileAnalyzerTest' at line 2025: AVG Volume 0.006384432397
2017-11-25 17:44:55.473 INFO in 'ProfileAnalyzerTest' at line 2070: [32.303371969432646, 32.303371969432646, 1, 100000, 105000, 114000, 174000, -1, 0, 0.03, 5, 'take_innsta_0.04', 9, 14, 8, 6.590574324941712, 32.303371969432646, 95]
2017-11-25 17:44:55.473 INFO in 'ProfileAnalyzerTest' at line 2070: [51.83268328343221, 51.83268328343221, 1, 100000, 105000, 114000, 175000, -1, 0, 0.03, 5, 'take_innsta_0.04', 9, 14, 7, 7.024504057784302, 51.83268328343221, 96]
2017-11-25 17:44:55.473 INFO in 'ProfileAnalyzerTest' at line 2070: [58.97864816935076, 58.97864816935076, 1, 100000, 105000, 114000, 180000, -1, 0, 0.03, 5, 'take_innsta_0.04', 9, 14, 12, 7.129981101430601, 58.97864816935076, 95]
2017-11-25 17:44:55.473 INFO in 'ProfileAnalyzerTest' at line 2070: [33.16426368785173, 33.16426368785173, 1, 100000, 105000, 113000, 173000, -1, 0, 0.04, 5, 'take_innsta_0.04', 9, 14, 12, 7.082931823528083, 33.16426368785173, 95]
2017-11-25 17:44:55.473 INFO in 'ProfileAnalyzerTest' at line 2070: [37.60561194796695, 37.60561194796695, 1, 100000, 105000, 110000, 180000, -1, 0, 0.04, 5, 'take_innsta_0.04', 9, 14, 10, 7.778209940219826, 37.60561194796695, 95]
2017-11-25 17:44:55.473 INFO in 'ProfileAnalyzerTest' at line 2070: [39.165299407246096, 39.165299407246096, 1, 100000, 105000, 113000, 174000, -1, 0, 0.04, 5, 'take_innsta_0.04', 9, 14, 8, 7.354074775536481, 39.165299407246096, 95]
2017-11-25 17:44:55.473 INFO in 'ProfileAnalyzerTest' at line 2070: [46.23133003511125, 46.23133003511125, 1, 100000, 105000, 111000, 175000, -1, 0, 0.04, 5, 'take_innsta_0.04', 9, 14, 10, 7.6266591794083505, 46.23133003511125, 95]
2017-11-25 17:44:55.473 INFO in 'ProfileAnalyzerTest' at line 2070: [50.05346965680721, 50.05346965680721, 1, 100000, 105000, 114000, 175000, -1, 0, 0.04, 5, 'take_innsta_0.04', 9, 14, 7, 6.975365941420746, 50.05346965680721, 96]
2017-11-25 17:44:55.474 INFO in 'ProfileAnalyzerTest' at line 2070: [53.881364140712364, 53.881364140712364, 1, 100000, 105000, 113000, 175000, -1, 0, 0.04, 5, 'take_innsta_0.04', 9, 14, 10, 7.740357759479905, 53.881364140712364, 95]
2017-11-25 17:44:55.474 INFO in 'ProfileAnalyzerTest' at line 2070: [56.95414147096087, 56.95414147096087, 1, 100000, 105000, 114000, 180000, -1, 0, 0.04, 5, 'take_innsta_0.04', 9, 14, 12, 7.0808429850670445, 56.95414147096087, 95]
2017-11-25 17:44:55.474 INFO in 'ProfileAnalyzerTest' at line 2070: [59.88074480806478, 59.88074480806478, 1, 100000, 105000, 111000, 180000, -1, 0, 0.04, 5, 'take_innsta_0.04', 9, 14, 15, 7.996933524045567, 59.88074480806478, 96]
2017-11-25 17:44:55.474 INFO in 'ProfileAnalyzerTest' at line 2070: [62.421415555402184, 62.421415555402184, 1, 100000, 105000, 113000, 180000, -1, 0, 0.04, 5, 'take_innsta_0.04', 9, 14, 11, 7.947150133281706, 62.421415555402184, 96]
2017-11-25 17:44:55.474 INFO in 'ProfileAnalyzerTest' at line 2070: [37.66624566103386, 37.66624566103386, 1, 100000, 105000, 125000, 175000, -1, 0, 0.03, 3, 'take_innsta_0.015', 9, 0, 26, 5.855308822230062, 37.66624566103386, 85]
2017-11-25 17:44:55.476 INFO in 'ProfileAnalyzerTest' at line 2070: [39.1741149460002, 39.1741149460002, 1, 100000, 105000, 125000, 173000, -1, 0, 0.03, 3, 'take_innsta_0.015', 9, 0, 26, 5.879808436246582, 39.1741149460002, 87]
2017-11-25 17:44:55.476 INFO in 'ProfileAnalyzerTest' at line 2070: [54.10229181723747, 54.10229181723747, 1, 100000, 105000, 125000, 180000, -1, 0, 0.03, 3, 'take_innsta_0.015', 9, 0, 24, 6.252068770122623, 54.10229181723747, 85]
2017-11-25 17:44:55.476 INFO in 'ProfileAnalyzerTest' at line 2070: [37.51464707801274, 37.51464707801274, 1, 100000, 105000, 125000, 172000, -1, 0, 0.02, 3, 'take_innsta_0.02', 9, 14, 22, 5.673740704622331, 37.51464707801274, 95]
2017-11-25 17:44:55.476 INFO in 'ProfileAnalyzerTest' at line 2070: [40.096005652732735, 40.096005652732735, 1, 100000, 105000, 125000, 164000, -1, 0, 0.02, 3, 'take_innsta_0.02', 9, 14, 20, 5.775838575549403, 40.096005652732735, 95]
2017-11-25 17:44:55.476 INFO in 'ProfileAnalyzerTest' at line 2070: [43.807709980028385, 43.807709980028385, 1, 100000, 105000, 125000, 175000, -1, 0, 0.02, 3, 'take_innsta_0.02', 9, 14, 20, 5.938344299743575, 43.807709980028385, 93]
2017-11-25 17:44:55.476 INFO in 'ProfileAnalyzerTest' at line 2070: [47.65637728648429, 47.65637728648429, 1, 100000, 105000, 125000, 180000, -1, 0, 0.02, 3, 'take_innsta_0.02', 9, 14, 18, 6.076687518760551, 47.65637728648429, 93]
2017-11-25 17:44:55.476 INFO in 'ProfileAnalyzerTest' at line 2070: [50.1165838568822, 50.1165838568822, 1, 100000, 105000, 125000, 173000, -1, 0, 0.02, 3, 'take_innsta_0.02', 9, 14, 20, 6.003149289136167, 50.1165838568822, 95]
2017-11-25 17:44:55.476 INFO in 'ProfileAnalyzerTest' at line 2070: [54.93313764799801, 54.93313764799801, 1, 100000, 105000, 125000, 174000, -1, 0, 0.02, 3, 'take_innsta_0.02', 9, 14, 24, 6.149678060869284, 54.93313764799801, 93]
2017-11-25 17:44:55.477 INFO in 'ProfileAnalyzerTest' at line 2070: [38.4244803102043, 38.4244803102043, 1, 100000, 105000, 125000, 175000, -1, 0, 0.04, 3, 'take_innsta_0.015', 14, 0, 26, 5.865768700323384, 38.4244803102043, 85]
2017-11-25 17:44:55.477 INFO in 'ProfileAnalyzerTest' at line 2070: [38.59109064022517, 38.59109064022517, 1, 100000, 105000, 125000, 173000, -1, 0, 0.04, 3, 'take_innsta_0.015', 14, 0, 26, 5.85391936442068, 38.59109064022517, 87]
2017-11-25 17:44:55.477 INFO in 'ProfileAnalyzerTest' at line 2070: [56.09661281315237, 56.09661281315237, 1, 100000, 105000, 125000, 180000, -1, 0, 0.04, 3, 'take_innsta_0.015', 14, 0, 24, 6.282157997804817, 56.09661281315237, 85]
2017-11-25 17:44:55.477 INFO in 'ProfileAnalyzerTest' at line 2070: [33.16426368785173, 33.16426368785173, 1, 100000, 105000, 113000, 173000, -1, 0, 0.04, 5, 'take_innsta_0.04', 9, 14, 12, 7.082931823528083, 33.16426368785173, 95]
2017-11-25 17:44:55.477 INFO in 'ProfileAnalyzerTest' at line 2070: [37.60561194796695, 37.60561194796695, 1, 100000, 105000, 110000, 180000, -1, 0, 0.04, 5, 'take_innsta_0.04', 9, 14, 10, 7.778209940219826, 37.60561194796695, 95]
2017-11-25 17:44:55.479 INFO in 'ProfileAnalyzerTest' at line 2070: [39.165299407246096, 39.165299407246096, 1, 100000, 105000, 113000, 174000, -1, 0, 0.04, 5, 'take_innsta_0.04', 9, 14, 8, 7.354074775536481, 39.165299407246096, 95]
2017-11-25 17:44:55.479 INFO in 'ProfileAnalyzerTest' at line 2070: [46.23133003511125, 46.23133003511125, 1, 100000, 105000, 111000, 175000, -1, 0, 0.04, 5, 'take_innsta_0.04', 9, 14, 10, 7.6266591794083505, 46.23133003511125, 95]
2017-11-25 17:44:55.479 INFO in 'ProfileAnalyzerTest' at line 2070: [50.05346965680721, 50.05346965680721, 1, 100000, 105000, 114000, 175000, -1, 0, 0.04, 5, 'take_innsta_0.04', 9, 14, 7, 6.975365941420746, 50.05346965680721, 96]
2017-11-25 17:44:55.479 INFO in 'ProfileAnalyzerTest' at line 2070: [53.881364140712364, 53.881364140712364, 1, 100000, 105000, 113000, 175000, -1, 0, 0.04, 5, 'take_innsta_0.04', 9, 14, 10, 7.740357759479905, 53.881364140712364, 95]
2017-11-25 17:44:55.479 INFO in 'ProfileAnalyzerTest' at line 2070: [56.95414147096087, 56.95414147096087, 1, 100000, 105000, 114000, 180000, -1, 0, 0.04, 5, 'take_innsta_0.04', 9, 14, 12, 7.0808429850670445, 56.95414147096087, 95]
2017-11-25 17:44:55.480 INFO in 'ProfileAnalyzerTest' at line 2070: [59.88074480806478, 59.88074480806478, 1, 100000, 105000, 111000, 180000, -1, 0, 0.04, 5, 'take_innsta_0.04', 9, 14, 15, 7.996933524045567, 59.88074480806478, 96]
2017-11-25 17:44:55.480 INFO in 'ProfileAnalyzerTest' at line 2070: [62.421415555402184, 62.421415555402184, 1, 100000, 105000, 113000, 180000, -1, 0, 0.04, 5, 'take_innsta_0.04', 9, 14, 11, 7.947150133281706, 62.421415555402184, 96]
2017-11-25 17:44:55.480 INFO in 'ProfileAnalyzerTest' at line 2070: [32.303371969432646, 32.303371969432646, 1, 100000, 105000, 114000, 174000, -1, 0, 0.03, 5, 'take_innsta_0.04', 9, 14, 8, 6.590574324941712, 32.303371969432646, 95]
2017-11-25 17:44:55.480 INFO in 'ProfileAnalyzerTest' at line 2070: [51.83268328343221, 51.83268328343221, 1, 100000, 105000, 114000, 175000, -1, 0, 0.03, 5, 'take_innsta_0.04', 9, 14, 7, 7.024504057784302, 51.83268328343221, 96]
2017-11-25 17:44:55.480 INFO in 'ProfileAnalyzerTest' at line 2070: [58.97864816935076, 58.97864816935076, 1, 100000, 105000, 114000, 180000, -1, 0, 0.03, 5, 'take_innsta_0.04', 9, 14, 12, 7.129981101430601, 58.97864816935076, 95]
2017-11-25 17:44:55.480 INFO in 'ProfileAnalyzerTest' at line 2070: [33.16426368785173, 33.16426368785173, 1, 100000, 105000, 113000, 173000, -1, 0, 0.04, 5, 'take_innsta_0.04', 9, 14, 12, 7.082931823528083, 33.16426368785173, 95]
2017-11-25 17:44:55.480 INFO in 'ProfileAnalyzerTest' at line 2070: [37.60561194796695, 37.60561194796695, 1, 100000, 105000, 110000, 180000, -1, 0, 0.04, 5, 'take_innsta_0.04', 9, 14, 10, 7.778209940219826, 37.60561194796695, 95]
2017-11-25 17:44:55.480 INFO in 'ProfileAnalyzerTest' at line 2070: [39.165299407246096, 39.165299407246096, 1, 100000, 105000, 113000, 174000, -1, 0, 0.04, 5, 'take_innsta_0.04', 9, 14, 8, 7.354074775536481, 39.165299407246096, 95]
2017-11-25 17:44:55.480 INFO in 'ProfileAnalyzerTest' at line 2070: [46.23133003511125, 46.23133003511125, 1, 100000, 105000, 111000, 175000, -1, 0, 0.04, 5, 'take_innsta_0.04', 9, 14, 10, 7.6266591794083505, 46.23133003511125, 95]
2017-11-25 17:44:55.480 INFO in 'ProfileAnalyzerTest' at line 2070: [50.05346965680721, 50.05346965680721, 1, 100000, 105000, 114000, 175000, -1, 0, 0.04, 5, 'take_innsta_0.04', 9, 14, 7, 6.975365941420746, 50.05346965680721, 96]
2017-11-25 17:44:55.482 INFO in 'ProfileAnalyzerTest' at line 2070: [53.881364140712364, 53.881364140712364, 1, 100000, 105000, 113000, 175000, -1, 0, 0.04, 5, 'take_innsta_0.04', 9, 14, 10, 7.740357759479905, 53.881364140712364, 95]
2017-11-25 17:44:55.482 INFO in 'ProfileAnalyzerTest' at line 2070: [56.95414147096087, 56.95414147096087, 1, 100000, 105000, 114000, 180000, -1, 0, 0.04, 5, 'take_innsta_0.04', 9, 14, 12, 7.0808429850670445, 56.95414147096087, 95]
2017-11-25 17:44:55.482 INFO in 'ProfileAnalyzerTest' at line 2070: [59.88074480806478, 59.88074480806478, 1, 100000, 105000, 111000, 180000, -1, 0, 0.04, 5, 'take_innsta_0.04', 9, 14, 15, 7.996933524045567, 59.88074480806478, 96]
2017-11-25 17:44:55.482 INFO in 'ProfileAnalyzerTest' at line 2070: [62.421415555402184, 62.421415555402184, 1, 100000, 105000, 113000, 180000, -1, 0, 0.04, 5, 'take_innsta_0.04', 9, 14, 11, 7.947150133281706, 62.421415555402184, 96]
2017-11-25 17:44:55.482 INFO in 'ProfileAnalyzerTest' at line 2070: [41.09191322758901, 41.09191322758901, 1, 100000, 105000, 125000, 175000, -1, 0, 0.03, 3, 'take_innsta_0.015', 14, 0, 26, 5.943597299444151, 41.09191322758901, 85]
2017-11-25 17:44:55.483 INFO in 'ProfileAnalyzerTest' at line 2070: [41.27008967054328, 41.27008967054328, 1, 100000, 105000, 125000, 173000, -1, 0, 0.03, 3, 'take_innsta_0.015', 14, 0, 26, 5.931747963541446, 41.27008967054328, 87]
2017-11-25 17:44:55.483 INFO in 'ProfileAnalyzerTest' at line 2070: [59.990847695799616, 59.990847695799616, 1, 100000, 105000, 125000, 180000, -1, 0, 0.03, 3, 'take_innsta_0.015', 14, 0, 24, 6.359986596925584, 59.990847695799616, 85]
2017-11-25 17:44:55.483 INFO in 'ProfileAnalyzerTest' at line 2070: [33.16426368785173, 33.16426368785173, 1, 100000, 105000, 113000, 173000, -1, 0, 0.04, 5, 'take_innsta_0.04', 9, 14, 12, 7.082931823528083, 33.16426368785173, 95]
2017-11-25 17:44:55.483 INFO in 'ProfileAnalyzerTest' at line 2070: [37.60561194796695, 37.60561194796695, 1, 100000, 105000, 110000, 180000, -1, 0, 0.04, 5, 'take_innsta_0.04', 9, 14, 10, 7.778209940219826, 37.60561194796695, 95]
2017-11-25 17:44:55.483 INFO in 'ProfileAnalyzerTest' at line 2070: [39.165299407246096, 39.165299407246096, 1, 100000, 105000, 113000, 174000, -1, 0, 0.04, 5, 'take_innsta_0.04', 9, 14, 8, 7.354074775536481, 39.165299407246096, 95]
2017-11-25 17:44:55.483 INFO in 'ProfileAnalyzerTest' at line 2070: [46.23133003511125, 46.23133003511125, 1, 100000, 105000, 111000, 175000, -1, 0, 0.04, 5, 'take_innsta_0.04', 9, 14, 10, 7.6266591794083505, 46.23133003511125, 95]
2017-11-25 17:44:55.483 INFO in 'ProfileAnalyzerTest' at line 2070: [50.05346965680721, 50.05346965680721, 1, 100000, 105000, 114000, 175000, -1, 0, 0.04, 5, 'take_innsta_0.04', 9, 14, 7, 6.975365941420746, 50.05346965680721, 96]
2017-11-25 17:44:55.483 INFO in 'ProfileAnalyzerTest' at line 2070: [53.881364140712364, 53.881364140712364, 1, 100000, 105000, 113000, 175000, -1, 0, 0.04, 5, 'take_innsta_0.04', 9, 14, 10, 7.740357759479905, 53.881364140712364, 95]
2017-11-25 17:44:55.483 INFO in 'ProfileAnalyzerTest' at line 2070: [56.95414147096087, 56.95414147096087, 1, 100000, 105000, 114000, 180000, -1, 0, 0.04, 5, 'take_innsta_0.04', 9, 14, 12, 7.0808429850670445, 56.95414147096087, 95]
2017-11-25 17:44:55.484 INFO in 'ProfileAnalyzerTest' at line 2070: [59.88074480806478, 59.88074480806478, 1, 100000, 105000, 111000, 180000, -1, 0, 0.04, 5, 'take_innsta_0.04', 9, 14, 15, 7.996933524045567, 59.88074480806478, 96]
2017-11-25 17:44:55.484 INFO in 'ProfileAnalyzerTest' at line 2070: [62.421415555402184, 62.421415555402184, 1, 100000, 105000, 113000, 180000, -1, 0, 0.04, 5, 'take_innsta_0.04', 9, 14, 11, 7.947150133281706, 62.421415555402184, 96]
2017-11-25 17:45:00.841 INFO in 'ProfileAnalyzerTest' at line 2024: AVG PVV 0.000758368873329
2017-11-25 17:45:00.844 INFO in 'ProfileAnalyzerTest' at line 2025: AVG Volume 0.00633547581812
2017-11-25 17:48:39.85 INFO in 'ProfileAnalyzerTest' at line 2070: [47.79051436005357, 47.79051436005357, 2, 100000, 113000, 124000, 180000, 1, 0, 0.03, 4, 'take_innsta_0.02', 9, 0, 20, 6.319396147990547, 47.79051436005357, 87]
2017-11-25 17:48:39.86 INFO in 'ProfileAnalyzerTest' at line 2070: [48.05787887232385, 48.05787887232385, 2, 100000, 113000, 114000, 174000, 1, 0, 0.03, 4, 'take_innsta_0.02', 9, 0, 21, 6.392264298870132, 48.05787887232385, 88]
2017-11-25 17:48:39.86 INFO in 'ProfileAnalyzerTest' at line 2070: [48.53328598737453, 48.53328598737453, 2, 100000, 113000, 124000, 175000, 1, 0, 0.03, 4, 'take_innsta_0.02', 9, 0, 22, 6.27447065798664, 48.53328598737453, 87]
2017-11-25 17:48:39.86 INFO in 'ProfileAnalyzerTest' at line 2070: [91.83584900884938, 91.83584900884938, 2, 100000, 113000, 114000, 175000, 1, 0, 0.03, 4, 'take_innsta_0.02', 9, 0, 26, 6.926256639079647, 91.83584900884938, 87]
2017-11-25 17:48:39.86 INFO in 'ProfileAnalyzerTest' at line 2070: [124.42901982457074, 124.42901982457074, 2, 100000, 113000, 114000, 180000, 1, 0, 0.03, 4, 'take_innsta_0.02', 9, 0, 28, 7.37718754690273, 124.42901982457074, 87]
2017-11-25 17:48:39.88 INFO in 'ProfileAnalyzerTest' at line 2070: [51.035718095998774, 51.035718095998774, 2, 100000, 104000, 105000, 133000, 1, 0, 0.04, 2, 'take_innsta_0.04', 20, 0, 17, 7.657985214178181, 51.035718095998774, 62]
2017-11-25 17:48:39.88 INFO in 'ProfileAnalyzerTest' at line 2070: [58.36305283460766, 58.36305283460766, 2, 100000, 104000, 105000, 135000, 1, 0, 0.04, 2, 'take_innsta_0.04', 20, 0, 15, 7.943535109451816, 58.36305283460766, 62]
2017-11-25 17:48:39.88 INFO in 'ProfileAnalyzerTest' at line 2070: [63.31102023876894, 63.31102023876894, 2, 100000, 104000, 105000, 140000, 1, 0, 0.04, 2, 'take_innsta_0.04', 20, 0, 16, 8.130467692170944, 63.31102023876894, 61]
2017-11-25 17:48:39.88 INFO in 'ProfileAnalyzerTest' at line 2070: [74.49105613739799, 74.49105613739799, 2, 100000, 104000, 105000, 134000, 1, 0, 0.04, 2, 'take_innsta_0.04', 20, 0, 18, 8.208335192724988, 74.49105613739799, 61]
2017-11-25 17:48:39.88 INFO in 'ProfileAnalyzerTest' at line 2070: [132.79526472626108, 132.79526472626108, 2, 100000, 104000, 105000, 142000, 1, 0, 0.04, 2, 'take_innsta_0.04', 20, 0, 16, 9.633516363893188, 132.79526472626108, 59]
2017-11-25 17:48:39.88 INFO in 'ProfileAnalyzerTest' at line 2070: [140.61061045008984, 140.61061045008984, 2, 100000, 104000, 105000, 141000, 1, 0, 0.04, 2, 'take_innsta_0.04', 20, 0, 18, 9.370639941513112, 140.61061045008984, 61]
2017-11-25 17:48:39.88 INFO in 'ProfileAnalyzerTest' at line 2070: [46.46217337968233, 46.46217337968233, 2, 100000, 113000, 114000, 173000, 1, 0, 0.04, 4, 'take_innsta_0.015', 9, 0, 20, 6.450764133414189, 46.46217337968233, 87]
2017-11-25 17:48:39.88 INFO in 'ProfileAnalyzerTest' at line 2070: [46.71359041539274, 46.71359041539274, 2, 100000, 113000, 122000, 172000, 1, 0, 0.04, 4, 'take_innsta_0.015', 9, 0, 24, 6.456605540331364, 46.71359041539274, 87]
2017-11-25 17:48:39.88 INFO in 'ProfileAnalyzerTest' at line 2070: [47.296044827058594, 47.296044827058594, 2, 100000, 113000, 124000, 180000, 1, 0, 0.04, 4, 'take_innsta_0.015', 9, 0, 24, 6.073958694802634, 47.296044827058594, 87]
2017-11-25 17:48:39.88 INFO in 'ProfileAnalyzerTest' at line 2070: [48.139974284996704, 48.139974284996704, 2, 100000, 113000, 124000, 175000, 1, 0, 0.04, 4, 'take_innsta_0.015', 9, 0, 26, 6.00283902461489, 48.139974284996704, 87]
2017-11-25 17:48:39.89 INFO in 'ProfileAnalyzerTest' at line 2070: [48.94493601788196, 48.94493601788196, 2, 100000, 113000, 122000, 174000, 1, 0, 0.04, 4, 'take_innsta_0.015', 9, 0, 21, 6.327370372660802, 48.94493601788196, 88]
2017-11-25 17:48:39.89 INFO in 'ProfileAnalyzerTest' at line 2070: [53.60488017164898, 53.60488017164898, 2, 100000, 113000, 121000, 175000, 1, 0, 0.04, 4, 'take_innsta_0.015', 9, 0, 28, 6.496963082111541, 53.60488017164898, 87]
2017-11-25 17:48:39.89 INFO in 'ProfileAnalyzerTest' at line 2070: [68.77460244977378, 68.77460244977378, 2, 100000, 113000, 114000, 174000, 1, 0, 0.04, 4, 'take_innsta_0.015', 9, 0, 21, 6.701154188838929, 68.77460244977378, 88]
2017-11-25 17:48:39.89 INFO in 'ProfileAnalyzerTest' at line 2070: [74.73003670706508, 74.73003670706508, 2, 100000, 113000, 122000, 180000, 1, 0, 0.04, 4, 'take_innsta_0.015', 9, 0, 24, 6.77218240664571, 74.73003670706508, 87]
2017-11-25 17:48:39.89 INFO in 'ProfileAnalyzerTest' at line 2070: [83.44484230460408, 83.44484230460408, 2, 100000, 113000, 122000, 175000, 1, 0, 0.04, 4, 'take_innsta_0.015', 9, 0, 26, 6.796435585645041, 83.44484230460408, 87]
2017-11-25 17:48:39.91 INFO in 'ProfileAnalyzerTest' at line 2070: [132.87422689342333, 132.87422689342333, 2, 100000, 113000, 114000, 175000, 1, 0, 0.04, 4, 'take_innsta_0.015', 9, 0, 26, 7.257407087203413, 132.87422689342333, 87]
2017-11-25 17:48:39.91 INFO in 'ProfileAnalyzerTest' at line 2070: [151.18360777144218, 151.18360777144218, 2, 100000, 113000, 114000, 180000, 1, 0, 0.04, 4, 'take_innsta_0.015', 9, 0, 28, 7.438956887953517, 151.18360777144218, 87]
2017-11-25 17:48:39.91 INFO in 'ProfileAnalyzerTest' at line 2070: [46.11584197720748, 46.11584197720748, 2, 100000, 113000, 130000, 173000, 1, 0, 0.04, 4, 'take_innsta_0.02', 9, 0, 20, 6.156594358528732, 46.11584197720748, 87]
2017-11-25 17:48:39.91 INFO in 'ProfileAnalyzerTest' at line 2070: [49.346043655528355, 49.346043655528355, 2, 100000, 113000, 121000, 180000, 1, 0, 0.04, 4, 'take_innsta_0.02', 9, 0, 22, 6.806116267578107, 49.346043655528355, 87]
2017-11-25 17:48:39.91 INFO in 'ProfileAnalyzerTest' at line 2070: [53.591892061228386, 53.591892061228386, 2, 100000, 113000, 121000, 175000, 1, 0, 0.04, 4, 'take_innsta_0.02', 9, 0, 28, 6.547083006132931, 53.591892061228386, 87]
2017-11-25 17:48:39.92 INFO in 'ProfileAnalyzerTest' at line 2070: [55.399777738911034, 55.399777738911034, 2, 100000, 113000, 114000, 174000, 1, 0, 0.04, 4, 'take_innsta_0.02', 9, 0, 19, 6.666570603832894, 55.399777738911034, 88]
2017-11-25 17:48:39.92 INFO in 'ProfileAnalyzerTest' at line 2070: [61.09848428987556, 61.09848428987556, 2, 100000, 113000, 130000, 172000, 1, 0, 0.04, 4, 'take_innsta_0.02', 9, 0, 20, 6.442312635246621, 61.09848428987556, 87]
2017-11-25 17:48:39.92 INFO in 'ProfileAnalyzerTest' at line 2070: [65.70935674740934, 65.70935674740934, 2, 100000, 113000, 123000, 175000, 1, 0, 0.04, 4, 'take_innsta_0.02', 9, 0, 26, 6.522006018756876, 65.70935674740934, 87]
2017-11-25 17:48:39.92 INFO in 'ProfileAnalyzerTest' at line 2070: [70.30556074588463, 70.30556074588463, 2, 100000, 113000, 123000, 180000, 1, 0, 0.04, 4, 'take_innsta_0.02', 9, 0, 24, 6.842822017339699, 70.30556074588463, 87]
2017-11-25 17:48:39.92 INFO in 'ProfileAnalyzerTest' at line 2070: [102.59216589429255, 102.59216589429255, 2, 100000, 113000, 130000, 180000, 1, 0, 0.04, 4, 'take_innsta_0.02', 9, 0, 22, 7.062593540273298, 102.59216589429255, 87]
2017-11-25 17:48:39.92 INFO in 'ProfileAnalyzerTest' at line 2070: [103.3608427024382, 103.3608427024382, 2, 100000, 113000, 114000, 175000, 1, 0, 0.04, 4, 'take_innsta_0.02', 9, 0, 24, 7.167579175383646, 103.3608427024382, 87]
2017-11-25 17:48:39.92 INFO in 'ProfileAnalyzerTest' at line 2070: [114.4424501321059, 114.4424501321059, 2, 100000, 113000, 130000, 175000, 1, 0, 0.04, 4, 'take_innsta_0.02', 9, 0, 22, 7.049208408948368, 114.4424501321059, 87]
2017-11-25 17:48:39.92 INFO in 'ProfileAnalyzerTest' at line 2070: [136.84904867982053, 136.84904867982053, 2, 100000, 113000, 114000, 180000, 1, 0, 0.04, 4, 'take_innsta_0.02', 9, 0, 26, 7.587457490974412, 136.84904867982053, 87]
2017-11-25 17:48:39.92 INFO in 'ProfileAnalyzerTest' at line 2070: [51.035718095998774, 51.035718095998774, 2, 100000, 104000, 105000, 133000, 1, 0, 0.04, 2, 'take_innsta_0.04', 20, 0, 17, 7.657985214178181, 51.035718095998774, 62]
2017-11-25 17:48:39.92 INFO in 'ProfileAnalyzerTest' at line 2070: [58.36305283460766, 58.36305283460766, 2, 100000, 104000, 105000, 135000, 1, 0, 0.04, 2, 'take_innsta_0.04', 20, 0, 15, 7.943535109451816, 58.36305283460766, 62]
2017-11-25 17:48:39.94 INFO in 'ProfileAnalyzerTest' at line 2070: [63.31102023876894, 63.31102023876894, 2, 100000, 104000, 105000, 140000, 1, 0, 0.04, 2, 'take_innsta_0.04', 20, 0, 16, 8.130467692170944, 63.31102023876894, 61]
2017-11-25 17:48:39.94 INFO in 'ProfileAnalyzerTest' at line 2070: [74.49105613739799, 74.49105613739799, 2, 100000, 104000, 105000, 134000, 1, 0, 0.04, 2, 'take_innsta_0.04', 20, 0, 18, 8.208335192724988, 74.49105613739799, 61]
2017-11-25 17:48:39.94 INFO in 'ProfileAnalyzerTest' at line 2070: [132.79526472626108, 132.79526472626108, 2, 100000, 104000, 105000, 142000, 1, 0, 0.04, 2, 'take_innsta_0.04', 20, 0, 16, 9.633516363893188, 132.79526472626108, 59]
2017-11-25 17:48:39.94 INFO in 'ProfileAnalyzerTest' at line 2070: [140.61061045008984, 140.61061045008984, 2, 100000, 104000, 105000, 141000, 1, 0, 0.04, 2, 'take_innsta_0.04', 20, 0, 18, 9.370639941513112, 140.61061045008984, 61]
2017-11-25 17:48:39.94 INFO in 'ProfileAnalyzerTest' at line 2070: [46.46217337968233, 46.46217337968233, 2, 100000, 113000, 114000, 173000, 1, 0, 0.04, 4, 'take_innsta_0.015', 9, 0, 20, 6.450764133414189, 46.46217337968233, 87]
2017-11-25 17:48:39.95 INFO in 'ProfileAnalyzerTest' at line 2070: [46.71359041539274, 46.71359041539274, 2, 100000, 113000, 122000, 172000, 1, 0, 0.04, 4, 'take_innsta_0.015', 9, 0, 24, 6.456605540331364, 46.71359041539274, 87]
2017-11-25 17:48:39.95 INFO in 'ProfileAnalyzerTest' at line 2070: [47.296044827058594, 47.296044827058594, 2, 100000, 113000, 124000, 180000, 1, 0, 0.04, 4, 'take_innsta_0.015', 9, 0, 24, 6.073958694802634, 47.296044827058594, 87]
2017-11-25 17:48:39.95 INFO in 'ProfileAnalyzerTest' at line 2070: [48.139974284996704, 48.139974284996704, 2, 100000, 113000, 124000, 175000, 1, 0, 0.04, 4, 'take_innsta_0.015', 9, 0, 26, 6.00283902461489, 48.139974284996704, 87]
2017-11-25 17:48:39.95 INFO in 'ProfileAnalyzerTest' at line 2070: [48.94493601788196, 48.94493601788196, 2, 100000, 113000, 122000, 174000, 1, 0, 0.04, 4, 'take_innsta_0.015', 9, 0, 21, 6.327370372660802, 48.94493601788196, 88]
2017-11-25 17:48:39.95 INFO in 'ProfileAnalyzerTest' at line 2070: [53.60488017164898, 53.60488017164898, 2, 100000, 113000, 121000, 175000, 1, 0, 0.04, 4, 'take_innsta_0.015', 9, 0, 28, 6.496963082111541, 53.60488017164898, 87]
2017-11-25 17:48:39.95 INFO in 'ProfileAnalyzerTest' at line 2070: [68.77460244977378, 68.77460244977378, 2, 100000, 113000, 114000, 174000, 1, 0, 0.04, 4, 'take_innsta_0.015', 9, 0, 21, 6.701154188838929, 68.77460244977378, 88]
2017-11-25 17:48:39.95 INFO in 'ProfileAnalyzerTest' at line 2070: [74.73003670706508, 74.73003670706508, 2, 100000, 113000, 122000, 180000, 1, 0, 0.04, 4, 'take_innsta_0.015', 9, 0, 24, 6.77218240664571, 74.73003670706508, 87]
2017-11-25 17:48:39.95 INFO in 'ProfileAnalyzerTest' at line 2070: [83.44484230460408, 83.44484230460408, 2, 100000, 113000, 122000, 175000, 1, 0, 0.04, 4, 'take_innsta_0.015', 9, 0, 26, 6.796435585645041, 83.44484230460408, 87]
2017-11-25 17:48:39.95 INFO in 'ProfileAnalyzerTest' at line 2070: [132.87422689342333, 132.87422689342333, 2, 100000, 113000, 114000, 175000, 1, 0, 0.04, 4, 'take_innsta_0.015', 9, 0, 26, 7.257407087203413, 132.87422689342333, 87]
2017-11-25 17:48:39.95 INFO in 'ProfileAnalyzerTest' at line 2070: [151.18360777144218, 151.18360777144218, 2, 100000, 113000, 114000, 180000, 1, 0, 0.04, 4, 'take_innsta_0.015', 9, 0, 28, 7.438956887953517, 151.18360777144218, 87]
2017-11-25 17:48:39.96 INFO in 'ProfileAnalyzerTest' at line 2070: [46.0051394582402, 46.0051394582402, 2, 100000, 113000, 123000, 173000, 1, 0, 0.04, 4, 'take_innsta_0.03', 9, 0, 21, 6.5472226098761, 46.0051394582402, 88]
2017-11-25 17:48:39.96 INFO in 'ProfileAnalyzerTest' at line 2070: [46.73151137850295, 46.73151137850295, 2, 100000, 113000, 125000, 180000, 1, 0, 0.04, 4, 'take_innsta_0.03', 9, 0, 20, 6.658617768081155, 46.73151137850295, 87]
2017-11-25 17:48:39.96 INFO in 'ProfileAnalyzerTest' at line 2070: [47.47147949462589, 47.47147949462589, 2, 100000, 113000, 125000, 175000, 1, 0, 0.04, 4, 'take_innsta_0.03', 9, 0, 22, 6.332783815749502, 47.47147949462589, 87]
2017-11-25 17:48:39.96 INFO in 'ProfileAnalyzerTest' at line 2070: [49.866642464872534, 49.866642464872534, 2, 100000, 113000, 122000, 180000, 1, 0, 0.04, 4, 'take_innsta_0.03', 9, 0, 20, 7.003146280600392, 49.866642464872534, 87]
2017-11-25 17:48:39.96 INFO in 'ProfileAnalyzerTest' at line 2070: [53.196232337471095, 53.196232337471095, 2, 100000, 113000, 120000, 180000, 1, 0, 0.04, 4, 'take_innsta_0.03', 9, 0, 19, 7.4345807565379864, 53.196232337471095, 88]
2017-11-25 17:48:39.98 INFO in 'ProfileAnalyzerTest' at line 2070: [53.241021102628615, 53.241021102628615, 2, 100000, 113000, 124000, 172000, 1, 0, 0.04, 4, 'take_innsta_0.03', 9, 0, 20, 6.605952824116877, 53.241021102628615, 87]
2017-11-25 17:48:39.98 INFO in 'ProfileAnalyzerTest' at line 2070: [54.22538702544094, 54.22538702544094, 2, 100000, 113000, 124000, 175000, 1, 0, 0.04, 4, 'take_innsta_0.03', 9, 0, 22, 6.691171726026618, 54.22538702544094, 87]
2017-11-25 17:48:39.98 INFO in 'ProfileAnalyzerTest' at line 2070: [54.404413786990304, 54.404413786990304, 2, 100000, 113000, 124000, 180000, 1, 0, 0.04, 4, 'take_innsta_0.03', 9, 0, 20, 7.016832796456719, 54.404413786990304, 87]
2017-11-25 17:48:39.98 INFO in 'ProfileAnalyzerTest' at line 2070: [59.15385623990553, 59.15385623990553, 2, 100000, 113000, 120000, 175000, 1, 0, 0.04, 4, 'take_innsta_0.03', 9, 0, 23, 7.12694208168685, 59.15385623990553, 88]
2017-11-25 17:48:39.98 INFO in 'ProfileAnalyzerTest' at line 2070: [61.09550775712309, 61.09550775712309, 2, 100000, 113000, 123000, 172000, 1, 0, 0.04, 4, 'take_innsta_0.03', 9, 0, 20, 6.761938349400015, 61.09550775712309, 87]
2017-11-25 17:48:39.98 INFO in 'ProfileAnalyzerTest' at line 2070: [70.11382160119985, 70.11382160119985, 2, 100000, 113000, 123000, 175000, 1, 0, 0.04, 4, 'take_innsta_0.03', 9, 0, 24, 6.8788415244328265, 70.11382160119985, 87]
2017-11-25 17:48:39.98 INFO in 'ProfileAnalyzerTest' at line 2070: [70.26010089832414, 70.26010089832414, 2, 100000, 113000, 123000, 180000, 1, 0, 0.04, 4, 'take_innsta_0.03', 9, 0, 22, 7.2359358955435376, 70.26010089832414, 87]
2017-11-25 17:48:39.98 INFO in 'ProfileAnalyzerTest' at line 2070: [75.46269924907637, 75.46269924907637, 2, 100000, 113000, 114000, 173000, 1, 0, 0.04, 4, 'take_innsta_0.03', 9, 0, 18, 7.5771225740216925, 75.46269924907637, 87]
2017-11-25 17:48:39.98 INFO in 'ProfileAnalyzerTest' at line 2070: [77.72954544914923, 77.72954544914923, 2, 100000, 113000, 114000, 174000, 1, 0, 0.04, 4, 'take_innsta_0.03', 9, 0, 21, 7.46272015954418, 77.72954544914923, 88]
2017-11-25 17:48:39.98 INFO in 'ProfileAnalyzerTest' at line 2070: [94.5307431278761, 94.5307431278761, 2, 100000, 113000, 114000, 172000, 1, 0, 0.04, 4, 'take_innsta_0.03', 9, 0, 20, 7.728834035991154, 94.5307431278761, 87]
2017-11-25 17:48:39.99 INFO in 'ProfileAnalyzerTest' at line 2070: [156.2475340125482, 156.2475340125482, 2, 100000, 113000, 114000, 175000, 1, 0, 0.04, 4, 'take_innsta_0.03', 9, 0, 24, 8.117732897016518, 156.2475340125482, 87]
2017-11-25 17:48:39.99 INFO in 'ProfileAnalyzerTest' at line 2070: [170.07948888208202, 170.07948888208202, 2, 100000, 113000, 114000, 180000, 1, 0, 0.04, 4, 'take_innsta_0.03', 9, 0, 26, 8.500638233494396, 170.07948888208202, 87]
2017-11-25 17:48:39.99 INFO in 'ProfileAnalyzerTest' at line 2070: [46.0051394582402, 46.0051394582402, 2, 100000, 113000, 123000, 173000, 1, 0, 0.04, 4, 'take_innsta_0.03', 9, 0, 21, 6.5472226098761, 46.0051394582402, 88]
2017-11-25 17:48:39.99 INFO in 'ProfileAnalyzerTest' at line 2070: [46.73151137850295, 46.73151137850295, 2, 100000, 113000, 125000, 180000, 1, 0, 0.04, 4, 'take_innsta_0.03', 9, 0, 20, 6.658617768081155, 46.73151137850295, 87]
2017-11-25 17:48:39.99 INFO in 'ProfileAnalyzerTest' at line 2070: [47.47147949462589, 47.47147949462589, 2, 100000, 113000, 125000, 175000, 1, 0, 0.04, 4, 'take_innsta_0.03', 9, 0, 22, 6.332783815749502, 47.47147949462589, 87]
2017-11-25 17:48:39.101 INFO in 'ProfileAnalyzerTest' at line 2070: [49.866642464872534, 49.866642464872534, 2, 100000, 113000, 122000, 180000, 1, 0, 0.04, 4, 'take_innsta_0.03', 9, 0, 20, 7.003146280600392, 49.866642464872534, 87]
2017-11-25 17:48:39.101 INFO in 'ProfileAnalyzerTest' at line 2070: [53.196232337471095, 53.196232337471095, 2, 100000, 113000, 120000, 180000, 1, 0, 0.04, 4, 'take_innsta_0.03', 9, 0, 19, 7.4345807565379864, 53.196232337471095, 88]
2017-11-25 17:48:39.101 INFO in 'ProfileAnalyzerTest' at line 2070: [53.241021102628615, 53.241021102628615, 2, 100000, 113000, 124000, 172000, 1, 0, 0.04, 4, 'take_innsta_0.03', 9, 0, 20, 6.605952824116877, 53.241021102628615, 87]
2017-11-25 17:48:39.101 INFO in 'ProfileAnalyzerTest' at line 2070: [54.22538702544094, 54.22538702544094, 2, 100000, 113000, 124000, 175000, 1, 0, 0.04, 4, 'take_innsta_0.03', 9, 0, 22, 6.691171726026618, 54.22538702544094, 87]
2017-11-25 17:48:39.101 INFO in 'ProfileAnalyzerTest' at line 2070: [54.404413786990304, 54.404413786990304, 2, 100000, 113000, 124000, 180000, 1, 0, 0.04, 4, 'take_innsta_0.03', 9, 0, 20, 7.016832796456719, 54.404413786990304, 87]
2017-11-25 17:48:39.101 INFO in 'ProfileAnalyzerTest' at line 2070: [59.15385623990553, 59.15385623990553, 2, 100000, 113000, 120000, 175000, 1, 0, 0.04, 4, 'take_innsta_0.03', 9, 0, 23, 7.12694208168685, 59.15385623990553, 88]
2017-11-25 17:48:39.101 INFO in 'ProfileAnalyzerTest' at line 2070: [61.09550775712309, 61.09550775712309, 2, 100000, 113000, 123000, 172000, 1, 0, 0.04, 4, 'take_innsta_0.03', 9, 0, 20, 6.761938349400015, 61.09550775712309, 87]
2017-11-25 17:48:39.101 INFO in 'ProfileAnalyzerTest' at line 2070: [70.11382160119985, 70.11382160119985, 2, 100000, 113000, 123000, 175000, 1, 0, 0.04, 4, 'take_innsta_0.03', 9, 0, 24, 6.8788415244328265, 70.11382160119985, 87]
2017-11-25 17:48:39.101 INFO in 'ProfileAnalyzerTest' at line 2070: [70.26010089832414, 70.26010089832414, 2, 100000, 113000, 123000, 180000, 1, 0, 0.04, 4, 'take_innsta_0.03', 9, 0, 22, 7.2359358955435376, 70.26010089832414, 87]
2017-11-25 17:48:39.101 INFO in 'ProfileAnalyzerTest' at line 2070: [75.46269924907637, 75.46269924907637, 2, 100000, 113000, 114000, 173000, 1, 0, 0.04, 4, 'take_innsta_0.03', 9, 0, 18, 7.5771225740216925, 75.46269924907637, 87]
2017-11-25 17:48:39.101 INFO in 'ProfileAnalyzerTest' at line 2070: [77.72954544914923, 77.72954544914923, 2, 100000, 113000, 114000, 174000, 1, 0, 0.04, 4, 'take_innsta_0.03', 9, 0, 21, 7.46272015954418, 77.72954544914923, 88]
2017-11-25 17:48:39.102 INFO in 'ProfileAnalyzerTest' at line 2070: [94.5307431278761, 94.5307431278761, 2, 100000, 113000, 114000, 172000, 1, 0, 0.04, 4, 'take_innsta_0.03', 9, 0, 20, 7.728834035991154, 94.5307431278761, 87]
2017-11-25 17:48:39.102 INFO in 'ProfileAnalyzerTest' at line 2070: [156.2475340125482, 156.2475340125482, 2, 100000, 113000, 114000, 175000, 1, 0, 0.04, 4, 'take_innsta_0.03', 9, 0, 24, 8.117732897016518, 156.2475340125482, 87]
2017-11-25 17:48:39.102 INFO in 'ProfileAnalyzerTest' at line 2070: [170.07948888208202, 170.07948888208202, 2, 100000, 113000, 114000, 180000, 1, 0, 0.04, 4, 'take_innsta_0.03', 9, 0, 26, 8.500638233494396, 170.07948888208202, 87]
2017-11-25 17:48:39.102 INFO in 'ProfileAnalyzerTest' at line 2070: [53.90735258208083, 53.90735258208083, 2, 100000, 113000, 123000, 173000, 1, 0, 0.03, 4, 'take_innsta_0.03', 9, 0, 21, 6.745251408731526, 53.90735258208083, 88]
2017-11-25 17:48:39.102 INFO in 'ProfileAnalyzerTest' at line 2070: [54.352498184869035, 54.352498184869035, 2, 100000, 113000, 125000, 180000, 1, 0, 0.03, 4, 'take_innsta_0.03', 9, 0, 20, 6.839953219642463, 54.352498184869035, 87]
2017-11-25 17:48:39.104 INFO in 'ProfileAnalyzerTest' at line 2070: [55.08434428872704, 55.08434428872704, 2, 100000, 113000, 122000, 175000, 1, 0, 0.03, 4, 'take_innsta_0.03', 9, 0, 22, 6.7710715021548005, 55.08434428872704, 87]
2017-11-25 17:48:39.104 INFO in 'ProfileAnalyzerTest' at line 2070: [55.213140490286385, 55.213140490286385, 2, 100000, 113000, 125000, 175000, 1, 0, 0.03, 4, 'take_innsta_0.03', 9, 0, 22, 6.514119267310812, 55.213140490286385, 87]
2017-11-25 17:48:39.104 INFO in 'ProfileAnalyzerTest' at line 2070: [60.72504208214571, 60.72504208214571, 2, 100000, 113000, 122000, 180000, 1, 0, 0.03, 4, 'take_innsta_0.03', 9, 0, 20, 7.212471429118315, 60.72504208214571, 87]
2017-11-25 17:48:39.104 INFO in 'ProfileAnalyzerTest' at line 2070: [64.06310487023143, 64.06310487023143, 2, 100000, 113000, 120000, 180000, 1, 0, 0.03, 4, 'take_innsta_0.03', 9, 0, 19, 7.662865483407302, 64.06310487023143, 88]
2017-11-25 17:48:39.104 INFO in 'ProfileAnalyzerTest' at line 2070: [69.80439484239443, 69.80439484239443, 2, 100000, 113000, 123000, 172000, 1, 0, 0.03, 4, 'take_innsta_0.03', 9, 0, 20, 6.93192084049868, 69.80439484239443, 87]
2017-11-25 17:48:39.105 INFO in 'ProfileAnalyzerTest' at line 2070: [71.23774615718989, 71.23774615718989, 2, 100000, 113000, 120000, 175000, 1, 0, 0.03, 4, 'take_innsta_0.03', 9, 0, 23, 7.355226808556165, 71.23774615718989, 88]
2017-11-25 17:48:39.105 INFO in 'ProfileAnalyzerTest' at line 2070: [79.63705356748444, 79.63705356748444, 2, 100000, 113000, 123000, 175000, 1, 0, 0.03, 4, 'take_innsta_0.03', 9, 0, 26, 7.040012679495073, 79.63705356748444, 87]
2017-11-25 17:48:39.105 INFO in 'ProfileAnalyzerTest' at line 2070: [82.76010744275531, 82.76010744275531, 2, 100000, 113000, 114000, 173000, 1, 0, 0.03, 4, 'take_innsta_0.03', 9, 0, 18, 7.698015040545151, 82.76010744275531, 87]
2017-11-25 17:48:39.105 INFO in 'ProfileAnalyzerTest' at line 2070: [85.85439751281747, 85.85439751281747, 2, 100000, 113000, 123000, 180000, 1, 0, 0.03, 4, 'take_innsta_0.03', 9, 0, 24, 7.473878734890845, 85.85439751281747, 87]
2017-11-25 17:48:39.105 INFO in 'ProfileAnalyzerTest' at line 2070: [91.4962404811486, 91.4962404811486, 2, 100000, 113000, 114000, 174000, 1, 0, 0.03, 4, 'take_innsta_0.03', 9, 0, 21, 7.655492363334422, 91.4962404811486, 88]
2017-11-25 17:48:39.105 INFO in 'ProfileAnalyzerTest' at line 2070: [103.67207290166319, 103.67207290166319, 2, 100000, 113000, 114000, 172000, 1, 0, 0.03, 4, 'take_innsta_0.03', 9, 0, 20, 7.849726502514613, 103.67207290166319, 87]
2017-11-25 17:48:39.105 INFO in 'ProfileAnalyzerTest' at line 2070: [183.9205653910719, 183.9205653910719, 2, 100000, 113000, 114000, 175000, 1, 0, 0.03, 4, 'take_innsta_0.03', 9, 0, 24, 8.31050510080676, 183.9205653910719, 87]
2017-11-25 17:48:39.105 INFO in 'ProfileAnalyzerTest' at line 2070: [200.20230049905865, 200.20230049905865, 2, 100000, 113000, 114000, 180000, 1, 0, 0.03, 4, 'take_innsta_0.03', 9, 0, 26, 8.693410437284639, 200.20230049905865, 87]
2017-11-25 17:48:39.105 INFO in 'ProfileAnalyzerTest' at line 2070: [53.90735258208083, 53.90735258208083, 2, 100000, 113000, 123000, 173000, 1, 0, 0.03, 4, 'take_innsta_0.03', 9, 0, 21, 6.745251408731526, 53.90735258208083, 88]
2017-11-25 17:48:39.105 INFO in 'ProfileAnalyzerTest' at line 2070: [54.352498184869035, 54.352498184869035, 2, 100000, 113000, 125000, 180000, 1, 0, 0.03, 4, 'take_innsta_0.03', 9, 0, 20, 6.839953219642463, 54.352498184869035, 87]
2017-11-25 17:48:39.105 INFO in 'ProfileAnalyzerTest' at line 2070: [55.08434428872704, 55.08434428872704, 2, 100000, 113000, 122000, 175000, 1, 0, 0.03, 4, 'take_innsta_0.03', 9, 0, 22, 6.7710715021548005, 55.08434428872704, 87]
2017-11-25 17:48:39.107 INFO in 'ProfileAnalyzerTest' at line 2070: [55.213140490286385, 55.213140490286385, 2, 100000, 113000, 125000, 175000, 1, 0, 0.03, 4, 'take_innsta_0.03', 9, 0, 22, 6.514119267310812, 55.213140490286385, 87]
2017-11-25 17:48:39.107 INFO in 'ProfileAnalyzerTest' at line 2070: [60.72504208214571, 60.72504208214571, 2, 100000, 113000, 122000, 180000, 1, 0, 0.03, 4, 'take_innsta_0.03', 9, 0, 20, 7.212471429118315, 60.72504208214571, 87]
2017-11-25 17:48:39.107 INFO in 'ProfileAnalyzerTest' at line 2070: [64.06310487023143, 64.06310487023143, 2, 100000, 113000, 120000, 180000, 1, 0, 0.03, 4, 'take_innsta_0.03', 9, 0, 19, 7.662865483407302, 64.06310487023143, 88]
2017-11-25 17:48:39.107 INFO in 'ProfileAnalyzerTest' at line 2070: [69.80439484239443, 69.80439484239443, 2, 100000, 113000, 123000, 172000, 1, 0, 0.03, 4, 'take_innsta_0.03', 9, 0, 20, 6.93192084049868, 69.80439484239443, 87]
2017-11-25 17:48:39.107 INFO in 'ProfileAnalyzerTest' at line 2070: [71.23774615718989, 71.23774615718989, 2, 100000, 113000, 120000, 175000, 1, 0, 0.03, 4, 'take_innsta_0.03', 9, 0, 23, 7.355226808556165, 71.23774615718989, 88]
2017-11-25 17:48:39.108 INFO in 'ProfileAnalyzerTest' at line 2070: [79.63705356748444, 79.63705356748444, 2, 100000, 113000, 123000, 175000, 1, 0, 0.03, 4, 'take_innsta_0.03', 9, 0, 26, 7.040012679495073, 79.63705356748444, 87]
2017-11-25 17:48:39.108 INFO in 'ProfileAnalyzerTest' at line 2070: [82.76010744275531, 82.76010744275531, 2, 100000, 113000, 114000, 173000, 1, 0, 0.03, 4, 'take_innsta_0.03', 9, 0, 18, 7.698015040545151, 82.76010744275531, 87]
2017-11-25 17:48:39.108 INFO in 'ProfileAnalyzerTest' at line 2070: [85.85439751281747, 85.85439751281747, 2, 100000, 113000, 123000, 180000, 1, 0, 0.03, 4, 'take_innsta_0.03', 9, 0, 24, 7.473878734890845, 85.85439751281747, 87]
2017-11-25 17:48:39.108 INFO in 'ProfileAnalyzerTest' at line 2070: [91.4962404811486, 91.4962404811486, 2, 100000, 113000, 114000, 174000, 1, 0, 0.03, 4, 'take_innsta_0.03', 9, 0, 21, 7.655492363334422, 91.4962404811486, 88]
2017-11-25 17:48:39.108 INFO in 'ProfileAnalyzerTest' at line 2070: [103.67207290166319, 103.67207290166319, 2, 100000, 113000, 114000, 172000, 1, 0, 0.03, 4, 'take_innsta_0.03', 9, 0, 20, 7.849726502514613, 103.67207290166319, 87]
2017-11-25 17:48:39.108 INFO in 'ProfileAnalyzerTest' at line 2070: [183.9205653910719, 183.9205653910719, 2, 100000, 113000, 114000, 175000, 1, 0, 0.03, 4, 'take_innsta_0.03', 9, 0, 24, 8.31050510080676, 183.9205653910719, 87]
2017-11-25 17:48:39.108 INFO in 'ProfileAnalyzerTest' at line 2070: [200.20230049905865, 200.20230049905865, 2, 100000, 113000, 114000, 180000, 1, 0, 0.03, 4, 'take_innsta_0.03', 9, 0, 26, 8.693410437284639, 200.20230049905865, 87]
2017-11-25 17:48:44.326 INFO in 'ProfileAnalyzerTest' at line 2024: AVG PVV 0.000840534606205
2017-11-25 17:48:44.331 INFO in 'ProfileAnalyzerTest' at line 2025: AVG Volume 0.00645273920186
2017-11-25 17:52:06.581 INFO in 'ProfileAnalyzerTest' at line 2070: [32.231405515590666, 32.231405515590666, 3, 100000, 105000, 110000, 152000, -1, 0, 0.04, 4, 'take_innsta_0.04', 9, 14, 14, 6.387263656519196, 32.231405515590666, 99]
2017-11-25 17:52:06.581 INFO in 'ProfileAnalyzerTest' at line 2070: [32.28987405654015, 32.28987405654015, 3, 100000, 105000, 110000, 145000, -1, 0, 0.04, 4, 'take_innsta_0.04', 9, 14, 16, 5.915622884926089, 32.28987405654015, 99]
2017-11-25 17:52:06.581 INFO in 'ProfileAnalyzerTest' at line 2070: [36.07334715989474, 36.07334715989474, 3, 100000, 105000, 110000, 134000, -1, 0, 0.04, 4, 'take_innsta_0.04', 9, 14, 20, 5.533692470721516, 36.07334715989474, 101]
2017-11-25 17:52:06.582 INFO in 'ProfileAnalyzerTest' at line 2070: [36.121502172901195, 36.121502172901195, 3, 100000, 105000, 110000, 153000, -1, 0, 0.04, 4, 'take_innsta_0.04', 9, 14, 16, 6.590617828341217, 36.121502172901195, 99]
2017-11-25 17:52:06.582 INFO in 'ProfileAnalyzerTest' at line 2070: [40.608775642032334, 40.608775642032334, 3, 100000, 105000, 110000, 133000, -1, 0, 0.04, 4, 'take_innsta_0.04', 9, 14, 18, 5.7157491622292005, 40.608775642032334, 101]
2017-11-25 17:52:06.582 INFO in 'ProfileAnalyzerTest' at line 2070: [45.33678043189003, 45.33678043189003, 3, 100000, 105000, 110000, 132000, -1, 0, 0.04, 4, 'take_innsta_0.04', 9, 14, 24, 5.764588500573533, 45.33678043189003, 101]
2017-11-25 17:52:06.582 INFO in 'ProfileAnalyzerTest' at line 2070: [45.78081559579883, 45.78081559579883, 3, 100000, 105000, 110000, 154000, -1, 0, 0.04, 4, 'take_innsta_0.04', 9, 14, 14, 6.6006497586954, 45.78081559579883, 99]
2017-11-25 17:52:06.582 INFO in 'ProfileAnalyzerTest' at line 2070: [50.05872085505568, 50.05872085505568, 3, 100000, 105000, 110000, 141000, -1, 0, 0.04, 4, 'take_innsta_0.04', 9, 14, 17, 6.131747784071209, 50.05872085505568, 100]
2017-11-25 17:52:06.582 INFO in 'ProfileAnalyzerTest' at line 2070: [31.68505835435532, 31.68505835435532, 3, 100000, 105000, 110000, 141000, -1, 0, 0.04, 4, 'take_innsta_0.03', 9, 20, 16, 5.605024501157739, 31.68505835435532, 99]
2017-11-25 17:52:06.582 INFO in 'ProfileAnalyzerTest' at line 2070: [32.75740432194023, 32.75740432194023, 3, 100000, 105000, 110000, 133000, -1, 0, 0.04, 4, 'take_innsta_0.03', 9, 20, 16, 5.550457458111153, 32.75740432194023, 99]
2017-11-25 17:52:06.582 INFO in 'ProfileAnalyzerTest' at line 2070: [36.662638660245214, 36.662638660245214, 3, 100000, 105000, 110000, 132000, -1, 0, 0.04, 4, 'take_innsta_0.03', 9, 20, 24, 5.6261493027704965, 36.662638660245214, 99]
2017-11-25 17:52:06.582 INFO in 'ProfileAnalyzerTest' at line 2070: [45.51097321400602, 45.51097321400602, 3, 100000, 105000, 110000, 134000, -1, 0, 0.04, 4, 'take_innsta_0.03', 9, 20, 21, 5.797877869386359, 45.51097321400602, 100]
2017-11-25 17:52:06.584 INFO in 'ProfileAnalyzerTest' at line 2070: [32.231405515590666, 32.231405515590666, 3, 100000, 105000, 110000, 152000, -1, 0, 0.04, 4, 'take_innsta_0.04', 9, 14, 14, 6.387263656519196, 32.231405515590666, 99]
2017-11-25 17:52:06.584 INFO in 'ProfileAnalyzerTest' at line 2070: [32.28987405654015, 32.28987405654015, 3, 100000, 105000, 110000, 145000, -1, 0, 0.04, 4, 'take_innsta_0.04', 9, 14, 16, 5.915622884926089, 32.28987405654015, 99]
2017-11-25 17:52:06.584 INFO in 'ProfileAnalyzerTest' at line 2070: [36.07334715989474, 36.07334715989474, 3, 100000, 105000, 110000, 134000, -1, 0, 0.04, 4, 'take_innsta_0.04', 9, 14, 20, 5.533692470721516, 36.07334715989474, 101]
2017-11-25 17:52:06.584 INFO in 'ProfileAnalyzerTest' at line 2070: [36.121502172901195, 36.121502172901195, 3, 100000, 105000, 110000, 153000, -1, 0, 0.04, 4, 'take_innsta_0.04', 9, 14, 16, 6.590617828341217, 36.121502172901195, 99]
2017-11-25 17:52:06.584 INFO in 'ProfileAnalyzerTest' at line 2070: [40.608775642032334, 40.608775642032334, 3, 100000, 105000, 110000, 133000, -1, 0, 0.04, 4, 'take_innsta_0.04', 9, 14, 18, 5.7157491622292005, 40.608775642032334, 101]
2017-11-25 17:52:06.585 INFO in 'ProfileAnalyzerTest' at line 2070: [45.33678043189003, 45.33678043189003, 3, 100000, 105000, 110000, 132000, -1, 0, 0.04, 4, 'take_innsta_0.04', 9, 14, 24, 5.764588500573533, 45.33678043189003, 101]
2017-11-25 17:52:06.585 INFO in 'ProfileAnalyzerTest' at line 2070: [45.78081559579883, 45.78081559579883, 3, 100000, 105000, 110000, 154000, -1, 0, 0.04, 4, 'take_innsta_0.04', 9, 14, 14, 6.6006497586954, 45.78081559579883, 99]
2017-11-25 17:52:06.585 INFO in 'ProfileAnalyzerTest' at line 2070: [50.05872085505568, 50.05872085505568, 3, 100000, 105000, 110000, 141000, -1, 0, 0.04, 4, 'take_innsta_0.04', 9, 14, 17, 6.131747784071209, 50.05872085505568, 100]
2017-11-25 17:52:06.585 INFO in 'ProfileAnalyzerTest' at line 2070: [32.75740432194023, 32.75740432194023, 3, 100000, 105000, 110000, 133000, -1, 0, 0.03, 4, 'take_innsta_0.03', 9, 20, 16, 5.550457458111153, 32.75740432194023, 99]
2017-11-25 17:52:06.585 INFO in 'ProfileAnalyzerTest' at line 2070: [33.25543385212986, 33.25543385212986, 3, 100000, 105000, 110000, 141000, -1, 0, 0.03, 4, 'take_innsta_0.03', 9, 20, 16, 5.6693450857786845, 33.25543385212986, 99]
2017-11-25 17:52:06.585 INFO in 'ProfileAnalyzerTest' at line 2070: [36.662638660245214, 36.662638660245214, 3, 100000, 105000, 110000, 132000, -1, 0, 0.03, 4, 'take_innsta_0.03', 9, 20, 24, 5.6261493027704965, 36.662638660245214, 99]
2017-11-25 17:52:06.585 INFO in 'ProfileAnalyzerTest' at line 2070: [46.03177295655257, 46.03177295655257, 3, 100000, 105000, 110000, 134000, -1, 0, 0.03, 4, 'take_innsta_0.03', 9, 20, 21, 5.815348689734923, 46.03177295655257, 100]
2017-11-25 17:52:06.585 INFO in 'ProfileAnalyzerTest' at line 2070: [30.75225097741746, 30.75225097741746, 3, 100000, 113000, 140000, 180000, 1, 0, 0.04, 4, 'take_innsta_0.015', 9, 0, 22, 6.769009930492542, 30.75225097741746, 83]
2017-11-25 17:52:06.586 INFO in 'ProfileAnalyzerTest' at line 2070: [49.17540827230727, 49.17540827230727, 3, 100000, 113000, 140000, 175000, 1, 0, 0.04, 4, 'take_innsta_0.015', 9, 0, 25, 6.975083958594616, 49.17540827230727, 82]
2017-11-25 17:52:06.586 INFO in 'ProfileAnalyzerTest' at line 2070: [52.05242650219439, 52.05242650219439, 3, 100000, 113000, 140000, 170000, 1, 0, 0.04, 4, 'take_innsta_0.015', 9, 0, 20, 6.649452833733674, 52.05242650219439, 83]
2017-11-25 17:52:06.586 INFO in 'ProfileAnalyzerTest' at line 2070: [56.027848203401604, 56.027848203401604, 3, 100000, 113000, 140000, 165000, 1, 0, 0.04, 4, 'take_innsta_0.015', 9, 0, 25, 6.625734262074463, 56.027848203401604, 82]
2017-11-25 17:52:06.586 INFO in 'ProfileAnalyzerTest' at line 2070: [30.78617320947297, 30.78617320947297, 3, 100000, 105000, 111000, 141000, -1, 0, 0.02, 4, 'take_innsta_0.04', 9, 14, 11, 5.637815211847125, 30.78617320947297, 100]
2017-11-25 17:52:06.586 INFO in 'ProfileAnalyzerTest' at line 2070: [31.098560774417862, 31.098560774417862, 3, 100000, 105000, 111000, 133000, -1, 0, 0.02, 4, 'take_innsta_0.04', 9, 14, 15, 5.504438642534542, 31.098560774417862, 102]
2017-11-25 17:52:06.588 INFO in 'ProfileAnalyzerTest' at line 2070: [33.66683017797997, 33.66683017797997, 3, 100000, 105000, 111000, 132000, -1, 0, 0.02, 4, 'take_innsta_0.04', 9, 14, 22, 5.501760604410143, 33.66683017797997, 101]
2017-11-25 17:52:06.588 INFO in 'ProfileAnalyzerTest' at line 2070: [34.42536884791871, 34.42536884791871, 3, 100000, 105000, 110000, 154000, -1, 0, 0.02, 4, 'take_innsta_0.04', 9, 14, 14, 6.1949984111508885, 34.42536884791871, 99]
2017-11-25 17:52:06.588 INFO in 'ProfileAnalyzerTest' at line 2070: [35.40269780179926, 35.40269780179926, 3, 100000, 105000, 111000, 152000, -1, 0, 0.02, 4, 'take_innsta_0.04', 9, 14, 14, 6.292958637765265, 35.40269780179926, 99]
2017-11-25 17:52:06.588 INFO in 'ProfileAnalyzerTest' at line 2070: [35.720313039678025, 35.720313039678025, 3, 100000, 105000, 111000, 153000, -1, 0, 0.02, 4, 'take_innsta_0.04', 9, 14, 16, 6.303258215166549, 35.720313039678025, 99]
2017-11-25 17:52:06.588 INFO in 'ProfileAnalyzerTest' at line 2070: [36.07334715989474, 36.07334715989474, 3, 100000, 105000, 110000, 134000, -1, 0, 0.02, 4, 'take_innsta_0.04', 9, 14, 20, 5.533692470721516, 36.07334715989474, 101]
2017-11-25 17:52:06.588 INFO in 'ProfileAnalyzerTest' at line 2070: [40.35236509727147, 40.35236509727147, 3, 100000, 105000, 110000, 152000, -1, 0, 0.02, 4, 'take_innsta_0.04', 9, 14, 14, 6.261060084854173, 40.35236509727147, 99]
2017-11-25 17:52:06.588 INFO in 'ProfileAnalyzerTest' at line 2070: [40.608775642032334, 40.608775642032334, 3, 100000, 105000, 110000, 133000, -1, 0, 0.02, 4, 'take_innsta_0.04', 9, 14, 18, 5.7157491622292005, 40.608775642032334, 101]
2017-11-25 17:52:06.588 INFO in 'ProfileAnalyzerTest' at line 2070: [43.33964347605132, 43.33964347605132, 3, 100000, 105000, 110000, 153000, -1, 0, 0.02, 4, 'take_innsta_0.04', 9, 14, 16, 6.336242979354318, 43.33964347605132, 99]
2017-11-25 17:52:06.588 INFO in 'ProfileAnalyzerTest' at line 2070: [45.33678043189003, 45.33678043189003, 3, 100000, 105000, 110000, 132000, -1, 0, 0.02, 4, 'take_innsta_0.04', 9, 14, 24, 5.764588500573533, 45.33678043189003, 101]
2017-11-25 17:52:06.589 INFO in 'ProfileAnalyzerTest' at line 2070: [50.05872085505568, 50.05872085505568, 3, 100000, 105000, 110000, 141000, -1, 0, 0.02, 4, 'take_innsta_0.04', 9, 14, 17, 6.131747784071209, 50.05872085505568, 100]
2017-11-25 17:52:06.589 INFO in 'ProfileAnalyzerTest' at line 2070: [30.84328220742179, 30.84328220742179, 3, 100000, 105000, 110000, 145000, -1, 0, 0.03, 4, 'take_innsta_0.04', 9, 14, 16, 5.851962164795697, 30.84328220742179, 99]
2017-11-25 17:52:06.589 INFO in 'ProfileAnalyzerTest' at line 2070: [31.362679152155895, 31.362679152155895, 3, 100000, 105000, 111000, 132000, -1, 0, 0.03, 4, 'take_innsta_0.04', 9, 14, 22, 5.413433752616256, 31.362679152155895, 101]
2017-11-25 17:52:06.589 INFO in 'ProfileAnalyzerTest' at line 2070: [31.364990341103642, 31.364990341103642, 3, 100000, 105000, 110000, 152000, -1, 0, 0.03, 4, 'take_innsta_0.04', 9, 14, 14, 6.3497692043313885, 31.364990341103642, 99]
2017-11-25 17:52:06.589 INFO in 'ProfileAnalyzerTest' at line 2070: [31.82432476697435, 31.82432476697435, 3, 100000, 105000, 110000, 153000, -1, 0, 0.03, 4, 'take_innsta_0.04', 9, 14, 16, 6.407339883330443, 31.82432476697435, 99]
2017-11-25 17:52:06.591 INFO in 'ProfileAnalyzerTest' at line 2070: [36.07334715989474, 36.07334715989474, 3, 100000, 105000, 110000, 134000, -1, 0, 0.03, 4, 'take_innsta_0.04', 9, 14, 20, 5.533692470721516, 36.07334715989474, 101]
2017-11-25 17:52:06.591 INFO in 'ProfileAnalyzerTest' at line 2070: [40.608775642032334, 40.608775642032334, 3, 100000, 105000, 110000, 133000, -1, 0, 0.03, 4, 'take_innsta_0.04', 9, 14, 18, 5.7157491622292005, 40.608775642032334, 101]
2017-11-25 17:52:06.591 INFO in 'ProfileAnalyzerTest' at line 2070: [41.44055864789711, 41.44055864789711, 3, 100000, 105000, 110000, 154000, -1, 0, 0.03, 4, 'take_innsta_0.04', 9, 14, 14, 6.458490234737259, 41.44055864789711, 99]
2017-11-25 17:52:06.591 INFO in 'ProfileAnalyzerTest' at line 2070: [45.33678043189003, 45.33678043189003, 3, 100000, 105000, 110000, 132000, -1, 0, 0.03, 4, 'take_innsta_0.04', 9, 14, 24, 5.764588500573533, 45.33678043189003, 101]
2017-11-25 17:52:06.592 INFO in 'ProfileAnalyzerTest' at line 2070: [50.05872085505568, 50.05872085505568, 3, 100000, 105000, 110000, 141000, -1, 0, 0.03, 4, 'take_innsta_0.04', 9, 14, 17, 6.131747784071209, 50.05872085505568, 100]
2017-11-25 17:52:06.592 INFO in 'ProfileAnalyzerTest' at line 2070: [32.231405515590666, 32.231405515590666, 3, 100000, 105000, 110000, 152000, -1, 0, 0.04, 4, 'take_innsta_0.04', 9, 14, 14, 6.387263656519196, 32.231405515590666, 99]
2017-11-25 17:52:06.592 INFO in 'ProfileAnalyzerTest' at line 2070: [32.28987405654015, 32.28987405654015, 3, 100000, 105000, 110000, 145000, -1, 0, 0.04, 4, 'take_innsta_0.04', 9, 14, 16, 5.915622884926089, 32.28987405654015, 99]
2017-11-25 17:52:06.592 INFO in 'ProfileAnalyzerTest' at line 2070: [36.07334715989474, 36.07334715989474, 3, 100000, 105000, 110000, 134000, -1, 0, 0.04, 4, 'take_innsta_0.04', 9, 14, 20, 5.533692470721516, 36.07334715989474, 101]
2017-11-25 17:52:06.592 INFO in 'ProfileAnalyzerTest' at line 2070: [36.121502172901195, 36.121502172901195, 3, 100000, 105000, 110000, 153000, -1, 0, 0.04, 4, 'take_innsta_0.04', 9, 14, 16, 6.590617828341217, 36.121502172901195, 99]
2017-11-25 17:52:06.592 INFO in 'ProfileAnalyzerTest' at line 2070: [40.608775642032334, 40.608775642032334, 3, 100000, 105000, 110000, 133000, -1, 0, 0.04, 4, 'take_innsta_0.04', 9, 14, 18, 5.7157491622292005, 40.608775642032334, 101]
2017-11-25 17:52:06.592 INFO in 'ProfileAnalyzerTest' at line 2070: [45.33678043189003, 45.33678043189003, 3, 100000, 105000, 110000, 132000, -1, 0, 0.04, 4, 'take_innsta_0.04', 9, 14, 24, 5.764588500573533, 45.33678043189003, 101]
2017-11-25 17:52:06.592 INFO in 'ProfileAnalyzerTest' at line 2070: [45.78081559579883, 45.78081559579883, 3, 100000, 105000, 110000, 154000, -1, 0, 0.04, 4, 'take_innsta_0.04', 9, 14, 14, 6.6006497586954, 45.78081559579883, 99]
2017-11-25 17:52:06.592 INFO in 'ProfileAnalyzerTest' at line 2070: [50.05872085505568, 50.05872085505568, 3, 100000, 105000, 110000, 141000, -1, 0, 0.04, 4, 'take_innsta_0.04', 9, 14, 17, 6.131747784071209, 50.05872085505568, 100]
2017-11-25 17:52:06.594 INFO in 'ProfileAnalyzerTest' at line 2070: [30.75225097741746, 30.75225097741746, 3, 100000, 113000, 140000, 180000, 1, 0, 0.04, 4, 'take_innsta_0.015', 9, 0, 22, 6.769009930492542, 30.75225097741746, 83]
2017-11-25 17:52:06.594 INFO in 'ProfileAnalyzerTest' at line 2070: [49.17540827230727, 49.17540827230727, 3, 100000, 113000, 140000, 175000, 1, 0, 0.04, 4, 'take_innsta_0.015', 9, 0, 25, 6.975083958594616, 49.17540827230727, 82]
2017-11-25 17:52:06.594 INFO in 'ProfileAnalyzerTest' at line 2070: [52.05242650219439, 52.05242650219439, 3, 100000, 113000, 140000, 170000, 1, 0, 0.04, 4, 'take_innsta_0.015', 9, 0, 20, 6.649452833733674, 52.05242650219439, 83]
2017-11-25 17:52:06.594 INFO in 'ProfileAnalyzerTest' at line 2070: [56.027848203401604, 56.027848203401604, 3, 100000, 113000, 140000, 165000, 1, 0, 0.04, 4, 'take_innsta_0.015', 9, 0, 25, 6.625734262074463, 56.027848203401604, 82]
2017-11-25 17:52:06.595 INFO in 'ProfileAnalyzerTest' at line 2070: [30.75225097741746, 30.75225097741746, 3, 100000, 113000, 140000, 180000, 1, 0, 0.04, 4, 'take_innsta_0.015', 9, 0, 22, 6.769009930492542, 30.75225097741746, 83]
2017-11-25 17:52:06.595 INFO in 'ProfileAnalyzerTest' at line 2070: [49.17540827230727, 49.17540827230727, 3, 100000, 113000, 140000, 175000, 1, 0, 0.04, 4, 'take_innsta_0.015', 9, 0, 25, 6.975083958594616, 49.17540827230727, 82]
2017-11-25 17:52:06.595 INFO in 'ProfileAnalyzerTest' at line 2070: [52.05242650219439, 52.05242650219439, 3, 100000, 113000, 140000, 170000, 1, 0, 0.04, 4, 'take_innsta_0.015', 9, 0, 20, 6.649452833733674, 52.05242650219439, 83]
2017-11-25 17:52:06.595 INFO in 'ProfileAnalyzerTest' at line 2070: [56.027848203401604, 56.027848203401604, 3, 100000, 113000, 140000, 165000, 1, 0, 0.04, 4, 'take_innsta_0.015', 9, 0, 25, 6.625734262074463, 56.027848203401604, 82]
2017-11-25 17:52:11.917 INFO in 'ProfileAnalyzerTest' at line 2024: AVG PVV 0.000809284828887
2017-11-25 17:52:11.921 INFO in 'ProfileAnalyzerTest' at line 2025: AVG Volume 0.00651585518813
2017-11-25 17:55:38.569 INFO in 'ProfileAnalyzerTest' at line 2070: [40.112052854161576, 40.112052854161576, 4, 100000, 101000, 103000, 175000, -1, 0, 0.02, 3, 'take_innsta_0.03', 20, 0, 14, 8.029035151363, 40.112052854161576, 83]
2017-11-25 17:55:38.571 INFO in 'ProfileAnalyzerTest' at line 2070: [50.002192832161285, 50.002192832161285, 4, 100000, 101000, 103000, 170000, -1, 0, 0.02, 3, 'take_innsta_0.03', 20, 0, 16, 8.126161059603843, 50.002192832161285, 83]
2017-11-25 17:55:38.571 INFO in 'ProfileAnalyzerTest' at line 2070: [50.49903910327153, 50.49903910327153, 4, 100000, 101000, 103000, 174000, -1, 0, 0.02, 3, 'take_innsta_0.03', 20, 0, 16, 8.174443242346518, 50.49903910327153, 83]
2017-11-25 17:55:38.571 INFO in 'ProfileAnalyzerTest' at line 2070: [50.532943470092526, 50.532943470092526, 4, 100000, 101000, 103000, 172000, -1, 0, 0.02, 3, 'take_innsta_0.03', 20, 0, 16, 8.016822738213762, 50.532943470092526, 83]
2017-11-25 17:55:38.571 INFO in 'ProfileAnalyzerTest' at line 2070: [79.01551001545457, 79.01551001545457, 4, 100000, 101000, 103000, 173000, -1, 0, 0.02, 3, 'take_innsta_0.03', 20, 0, 18, 8.446023763271935, 79.01551001545457, 83]
2017-11-25 17:55:38.571 INFO in 'ProfileAnalyzerTest' at line 2070: [42.49757949741475, 42.49757949741475, 4, 100000, 101000, 103000, 160000, -1, 0, 0.02, 3, 'take_innsta_0.03', 27, 0, 16, 7.532864629042823, 42.49757949741475, 85]
2017-11-25 17:55:38.572 INFO in 'ProfileAnalyzerTest' at line 2070: [43.53775981968478, 43.53775981968478, 4, 100000, 101000, 103000, 155000, -1, 0, 0.02, 3, 'take_innsta_0.03', 27, 0, 14, 7.489676968202753, 43.53775981968478, 85]
2017-11-25 17:55:38.572 INFO in 'ProfileAnalyzerTest' at line 2070: [54.99580375934834, 54.99580375934834, 4, 100000, 101000, 103000, 164000, -1, 0, 0.02, 3, 'take_innsta_0.03', 27, 0, 14, 7.948053236044439, 54.99580375934834, 85]
2017-11-25 17:55:38.572 INFO in 'ProfileAnalyzerTest' at line 2070: [57.5662092273654, 57.5662092273654, 4, 100000, 101000, 103000, 165000, -1, 0, 0.02, 3, 'take_innsta_0.03', 27, 0, 15, 7.973070416005158, 57.5662092273654, 84]
2017-11-25 17:55:38.572 INFO in 'ProfileAnalyzerTest' at line 2070: [79.31907731478111, 79.31907731478111, 4, 100000, 101000, 103000, 180000, -1, 0, 0.02, 3, 'take_innsta_0.03', 27, 0, 18, 8.407926039781739, 79.31907731478111, 85]
2017-11-25 17:55:38.572 INFO in 'ProfileAnalyzerTest' at line 2070: [81.1609642268907, 81.1609642268907, 4, 100000, 101000, 103000, 171000, -1, 0, 0.02, 3, 'take_innsta_0.03', 27, 0, 17, 8.370284045132072, 81.1609642268907, 84]
2017-11-25 17:55:38.572 INFO in 'ProfileAnalyzerTest' at line 2070: [84.36255116742379, 84.36255116742379, 4, 100000, 101000, 103000, 175000, -1, 0, 0.02, 3, 'take_innsta_0.03', 27, 0, 15, 8.514403951001828, 84.36255116742379, 84]
2017-11-25 17:55:38.572 INFO in 'ProfileAnalyzerTest' at line 2070: [105.16321781444192, 105.16321781444192, 4, 100000, 101000, 103000, 170000, -1, 0, 0.02, 3, 'take_innsta_0.03', 27, 0, 17, 8.61152985924267, 105.16321781444192, 84]
2017-11-25 17:55:38.572 INFO in 'ProfileAnalyzerTest' at line 2070: [106.20817103888236, 106.20817103888236, 4, 100000, 101000, 103000, 174000, -1, 0, 0.02, 3, 'take_innsta_0.03', 27, 0, 17, 8.659812041985347, 106.20817103888236, 84]
2017-11-25 17:55:38.572 INFO in 'ProfileAnalyzerTest' at line 2070: [106.27947775786619, 106.27947775786619, 4, 100000, 101000, 103000, 172000, -1, 0, 0.02, 3, 'take_innsta_0.03', 27, 0, 17, 8.502191537852589, 106.27947775786619, 84]
2017-11-25 17:55:38.572 INFO in 'ProfileAnalyzerTest' at line 2070: [166.18321757140612, 166.18321757140612, 4, 100000, 101000, 103000, 173000, -1, 0, 0.02, 3, 'take_innsta_0.03', 27, 0, 19, 8.931392562910762, 166.18321757140612, 84]
2017-11-25 17:55:38.573 INFO in 'ProfileAnalyzerTest' at line 2070: [42.49757949741475, 42.49757949741475, 4, 100000, 101000, 103000, 160000, -1, 0, 0.02, 3, 'take_innsta_0.03', 27, 0, 16, 7.532864629042823, 42.49757949741475, 85]
2017-11-25 17:55:38.573 INFO in 'ProfileAnalyzerTest' at line 2070: [43.53775981968478, 43.53775981968478, 4, 100000, 101000, 103000, 155000, -1, 0, 0.02, 3, 'take_innsta_0.03', 27, 0, 14, 7.489676968202753, 43.53775981968478, 85]
2017-11-25 17:55:38.573 INFO in 'ProfileAnalyzerTest' at line 2070: [54.99580375934834, 54.99580375934834, 4, 100000, 101000, 103000, 164000, -1, 0, 0.02, 3, 'take_innsta_0.03', 27, 0, 14, 7.948053236044439, 54.99580375934834, 85]
2017-11-25 17:55:38.573 INFO in 'ProfileAnalyzerTest' at line 2070: [57.5662092273654, 57.5662092273654, 4, 100000, 101000, 103000, 165000, -1, 0, 0.02, 3, 'take_innsta_0.03', 27, 0, 15, 7.973070416005158, 57.5662092273654, 84]
2017-11-25 17:55:38.573 INFO in 'ProfileAnalyzerTest' at line 2070: [79.31907731478111, 79.31907731478111, 4, 100000, 101000, 103000, 180000, -1, 0, 0.02, 3, 'take_innsta_0.03', 27, 0, 18, 8.407926039781739, 79.31907731478111, 85]
2017-11-25 17:55:38.575 INFO in 'ProfileAnalyzerTest' at line 2070: [81.1609642268907, 81.1609642268907, 4, 100000, 101000, 103000, 171000, -1, 0, 0.02, 3, 'take_innsta_0.03', 27, 0, 17, 8.370284045132072, 81.1609642268907, 84]
2017-11-25 17:55:38.575 INFO in 'ProfileAnalyzerTest' at line 2070: [84.36255116742379, 84.36255116742379, 4, 100000, 101000, 103000, 175000, -1, 0, 0.02, 3, 'take_innsta_0.03', 27, 0, 15, 8.514403951001828, 84.36255116742379, 84]
2017-11-25 17:55:38.575 INFO in 'ProfileAnalyzerTest' at line 2070: [105.16321781444192, 105.16321781444192, 4, 100000, 101000, 103000, 170000, -1, 0, 0.02, 3, 'take_innsta_0.03', 27, 0, 17, 8.61152985924267, 105.16321781444192, 84]
2017-11-25 17:55:38.575 INFO in 'ProfileAnalyzerTest' at line 2070: [106.20817103888236, 106.20817103888236, 4, 100000, 101000, 103000, 174000, -1, 0, 0.02, 3, 'take_innsta_0.03', 27, 0, 17, 8.659812041985347, 106.20817103888236, 84]
2017-11-25 17:55:38.575 INFO in 'ProfileAnalyzerTest' at line 2070: [106.27947775786619, 106.27947775786619, 4, 100000, 101000, 103000, 172000, -1, 0, 0.02, 3, 'take_innsta_0.03', 27, 0, 17, 8.502191537852589, 106.27947775786619, 84]
2017-11-25 17:55:38.575 INFO in 'ProfileAnalyzerTest' at line 2070: [166.18321757140612, 166.18321757140612, 4, 100000, 101000, 103000, 173000, -1, 0, 0.02, 3, 'take_innsta_0.03', 27, 0, 19, 8.931392562910762, 166.18321757140612, 84]
2017-11-25 17:55:38.575 INFO in 'ProfileAnalyzerTest' at line 2070: [42.49757949741475, 42.49757949741475, 4, 100000, 101000, 103000, 160000, -1, 0, 0.02, 3, 'take_innsta_0.03', 27, 0, 16, 7.532864629042823, 42.49757949741475, 85]
2017-11-25 17:55:38.575 INFO in 'ProfileAnalyzerTest' at line 2070: [43.53775981968478, 43.53775981968478, 4, 100000, 101000, 103000, 155000, -1, 0, 0.02, 3, 'take_innsta_0.03', 27, 0, 14, 7.489676968202753, 43.53775981968478, 85]
2017-11-25 17:55:38.575 INFO in 'ProfileAnalyzerTest' at line 2070: [54.99580375934834, 54.99580375934834, 4, 100000, 101000, 103000, 164000, -1, 0, 0.02, 3, 'take_innsta_0.03', 27, 0, 14, 7.948053236044439, 54.99580375934834, 85]
2017-11-25 17:55:38.575 INFO in 'ProfileAnalyzerTest' at line 2070: [57.5662092273654, 57.5662092273654, 4, 100000, 101000, 103000, 165000, -1, 0, 0.02, 3, 'take_innsta_0.03', 27, 0, 15, 7.973070416005158, 57.5662092273654, 84]
2017-11-25 17:55:38.576 INFO in 'ProfileAnalyzerTest' at line 2070: [79.31907731478111, 79.31907731478111, 4, 100000, 101000, 103000, 180000, -1, 0, 0.02, 3, 'take_innsta_0.03', 27, 0, 18, 8.407926039781739, 79.31907731478111, 85]
2017-11-25 17:55:38.576 INFO in 'ProfileAnalyzerTest' at line 2070: [81.1609642268907, 81.1609642268907, 4, 100000, 101000, 103000, 171000, -1, 0, 0.02, 3, 'take_innsta_0.03', 27, 0, 17, 8.370284045132072, 81.1609642268907, 84]
2017-11-25 17:55:38.576 INFO in 'ProfileAnalyzerTest' at line 2070: [84.36255116742379, 84.36255116742379, 4, 100000, 101000, 103000, 175000, -1, 0, 0.02, 3, 'take_innsta_0.03', 27, 0, 15, 8.514403951001828, 84.36255116742379, 84]
2017-11-25 17:55:38.576 INFO in 'ProfileAnalyzerTest' at line 2070: [105.16321781444192, 105.16321781444192, 4, 100000, 101000, 103000, 170000, -1, 0, 0.02, 3, 'take_innsta_0.03', 27, 0, 17, 8.61152985924267, 105.16321781444192, 84]
2017-11-25 17:55:38.576 INFO in 'ProfileAnalyzerTest' at line 2070: [106.20817103888236, 106.20817103888236, 4, 100000, 101000, 103000, 174000, -1, 0, 0.02, 3, 'take_innsta_0.03', 27, 0, 17, 8.659812041985347, 106.20817103888236, 84]
2017-11-25 17:55:38.578 INFO in 'ProfileAnalyzerTest' at line 2070: [106.27947775786619, 106.27947775786619, 4, 100000, 101000, 103000, 172000, -1, 0, 0.02, 3, 'take_innsta_0.03', 27, 0, 17, 8.502191537852589, 106.27947775786619, 84]
2017-11-25 17:55:38.578 INFO in 'ProfileAnalyzerTest' at line 2070: [166.18321757140612, 166.18321757140612, 4, 100000, 101000, 103000, 173000, -1, 0, 0.02, 3, 'take_innsta_0.03', 27, 0, 19, 8.931392562910762, 166.18321757140612, 84]
2017-11-25 17:55:38.578 INFO in 'ProfileAnalyzerTest' at line 2070: [41.09318226209392, 41.09318226209392, 4, 100000, 101000, 103000, 171000, -1, 0, 0.02, 3, 'take_innsta_0.03', 9, 0, 16, 8.004237977359617, 41.09318226209392, 83]
2017-11-25 17:55:38.578 INFO in 'ProfileAnalyzerTest' at line 2070: [53.312824754604065, 53.312824754604065, 4, 100000, 101000, 103000, 170000, -1, 0, 0.02, 3, 'take_innsta_0.03', 9, 0, 16, 8.274811022165107, 53.312824754604065, 83]
2017-11-25 17:55:38.578 INFO in 'ProfileAnalyzerTest' at line 2070: [55.917449613773364, 55.917449613773364, 4, 100000, 101000, 103000, 172000, -1, 0, 0.02, 3, 'take_innsta_0.03', 9, 0, 18, 8.148750970201188, 55.917449613773364, 83]
2017-11-25 17:55:38.578 INFO in 'ProfileAnalyzerTest' at line 2070: [65.5410251866165, 65.5410251866165, 4, 100000, 101000, 103000, 175000, -1, 0, 0.02, 3, 'take_innsta_0.03', 9, 0, 16, 8.492790068610372, 65.5410251866165, 83]
2017-11-25 17:55:38.578 INFO in 'ProfileAnalyzerTest' at line 2070: [68.88667972886937, 68.88667972886937, 4, 100000, 101000, 103000, 174000, -1, 0, 0.02, 3, 'take_innsta_0.03', 9, 0, 16, 8.477693572787134, 68.88667972886937, 83]
2017-11-25 17:55:38.578 INFO in 'ProfileAnalyzerTest' at line 2070: [85.9486386833939, 85.9486386833939, 4, 100000, 101000, 103000, 173000, -1, 0, 0.02, 3, 'take_innsta_0.03', 9, 0, 18, 8.571178180673561, 85.9486386833939, 83]
2017-11-25 17:55:38.578 INFO in 'ProfileAnalyzerTest' at line 2070: [99.51376157816507, 99.51376157816507, 4, 100000, 101000, 103000, 180000, -1, 0, 0.02, 3, 'take_innsta_0.03', 9, 0, 21, 8.945060929736925, 99.51376157816507, 84]
2017-11-25 17:55:38.578 INFO in 'ProfileAnalyzerTest' at line 2070: [41.09318226209392, 41.09318226209392, 4, 100000, 101000, 103000, 171000, -1, 0, 0.02, 3, 'take_innsta_0.03', 9, 0, 16, 8.004237977359617, 41.09318226209392, 83]
2017-11-25 17:55:38.579 INFO in 'ProfileAnalyzerTest' at line 2070: [53.312824754604065, 53.312824754604065, 4, 100000, 101000, 103000, 170000, -1, 0, 0.02, 3, 'take_innsta_0.03', 9, 0, 16, 8.274811022165107, 53.312824754604065, 83]
2017-11-25 17:55:38.579 INFO in 'ProfileAnalyzerTest' at line 2070: [55.917449613773364, 55.917449613773364, 4, 100000, 101000, 103000, 172000, -1, 0, 0.02, 3, 'take_innsta_0.03', 9, 0, 18, 8.148750970201188, 55.917449613773364, 83]
2017-11-25 17:55:38.579 INFO in 'ProfileAnalyzerTest' at line 2070: [65.5410251866165, 65.5410251866165, 4, 100000, 101000, 103000, 175000, -1, 0, 0.02, 3, 'take_innsta_0.03', 9, 0, 16, 8.492790068610372, 65.5410251866165, 83]
2017-11-25 17:55:38.579 INFO in 'ProfileAnalyzerTest' at line 2070: [68.88667972886937, 68.88667972886937, 4, 100000, 101000, 103000, 174000, -1, 0, 0.02, 3, 'take_innsta_0.03', 9, 0, 16, 8.477693572787134, 68.88667972886937, 83]
2017-11-25 17:55:38.579 INFO in 'ProfileAnalyzerTest' at line 2070: [85.9486386833939, 85.9486386833939, 4, 100000, 101000, 103000, 173000, -1, 0, 0.02, 3, 'take_innsta_0.03', 9, 0, 18, 8.571178180673561, 85.9486386833939, 83]
2017-11-25 17:55:38.581 INFO in 'ProfileAnalyzerTest' at line 2070: [99.51376157816507, 99.51376157816507, 4, 100000, 101000, 103000, 180000, -1, 0, 0.02, 3, 'take_innsta_0.03', 9, 0, 21, 8.945060929736925, 99.51376157816507, 84]
2017-11-25 17:55:38.581 INFO in 'ProfileAnalyzerTest' at line 2070: [42.49757949741475, 42.49757949741475, 4, 100000, 101000, 103000, 160000, -1, 0, 0.02, 3, 'take_innsta_0.03', 27, 0, 16, 7.532864629042823, 42.49757949741475, 85]
2017-11-25 17:55:38.581 INFO in 'ProfileAnalyzerTest' at line 2070: [43.53775981968478, 43.53775981968478, 4, 100000, 101000, 103000, 155000, -1, 0, 0.02, 3, 'take_innsta_0.03', 27, 0, 14, 7.489676968202753, 43.53775981968478, 85]
2017-11-25 17:55:38.581 INFO in 'ProfileAnalyzerTest' at line 2070: [54.99580375934834, 54.99580375934834, 4, 100000, 101000, 103000, 164000, -1, 0, 0.02, 3, 'take_innsta_0.03', 27, 0, 14, 7.948053236044439, 54.99580375934834, 85]
2017-11-25 17:55:38.581 INFO in 'ProfileAnalyzerTest' at line 2070: [57.5662092273654, 57.5662092273654, 4, 100000, 101000, 103000, 165000, -1, 0, 0.02, 3, 'take_innsta_0.03', 27, 0, 15, 7.973070416005158, 57.5662092273654, 84]
2017-11-25 17:55:38.582 INFO in 'ProfileAnalyzerTest' at line 2070: [79.31907731478111, 79.31907731478111, 4, 100000, 101000, 103000, 180000, -1, 0, 0.02, 3, 'take_innsta_0.03', 27, 0, 18, 8.407926039781739, 79.31907731478111, 85]
2017-11-25 17:55:38.582 INFO in 'ProfileAnalyzerTest' at line 2070: [81.1609642268907, 81.1609642268907, 4, 100000, 101000, 103000, 171000, -1, 0, 0.02, 3, 'take_innsta_0.03', 27, 0, 17, 8.370284045132072, 81.1609642268907, 84]
2017-11-25 17:55:38.582 INFO in 'ProfileAnalyzerTest' at line 2070: [84.36255116742379, 84.36255116742379, 4, 100000, 101000, 103000, 175000, -1, 0, 0.02, 3, 'take_innsta_0.03', 27, 0, 15, 8.514403951001828, 84.36255116742379, 84]
2017-11-25 17:55:38.582 INFO in 'ProfileAnalyzerTest' at line 2070: [105.16321781444192, 105.16321781444192, 4, 100000, 101000, 103000, 170000, -1, 0, 0.02, 3, 'take_innsta_0.03', 27, 0, 17, 8.61152985924267, 105.16321781444192, 84]
2017-11-25 17:55:38.582 INFO in 'ProfileAnalyzerTest' at line 2070: [106.20817103888236, 106.20817103888236, 4, 100000, 101000, 103000, 174000, -1, 0, 0.02, 3, 'take_innsta_0.03', 27, 0, 17, 8.659812041985347, 106.20817103888236, 84]
2017-11-25 17:55:38.582 INFO in 'ProfileAnalyzerTest' at line 2070: [106.27947775786619, 106.27947775786619, 4, 100000, 101000, 103000, 172000, -1, 0, 0.02, 3, 'take_innsta_0.03', 27, 0, 17, 8.502191537852589, 106.27947775786619, 84]
2017-11-25 17:55:38.582 INFO in 'ProfileAnalyzerTest' at line 2070: [166.18321757140612, 166.18321757140612, 4, 100000, 101000, 103000, 173000, -1, 0, 0.02, 3, 'take_innsta_0.03', 27, 0, 19, 8.931392562910762, 166.18321757140612, 84]
2017-11-25 17:55:38.582 INFO in 'ProfileAnalyzerTest' at line 2070: [42.49757949741475, 42.49757949741475, 4, 100000, 101000, 103000, 160000, -1, 0, 0.02, 3, 'take_innsta_0.03', 27, 0, 16, 7.532864629042823, 42.49757949741475, 85]
2017-11-25 17:55:38.582 INFO in 'ProfileAnalyzerTest' at line 2070: [43.53775981968478, 43.53775981968478, 4, 100000, 101000, 103000, 155000, -1, 0, 0.02, 3, 'take_innsta_0.03', 27, 0, 14, 7.489676968202753, 43.53775981968478, 85]
2017-11-25 17:55:38.582 INFO in 'ProfileAnalyzerTest' at line 2070: [54.99580375934834, 54.99580375934834, 4, 100000, 101000, 103000, 164000, -1, 0, 0.02, 3, 'take_innsta_0.03', 27, 0, 14, 7.948053236044439, 54.99580375934834, 85]
2017-11-25 17:55:38.584 INFO in 'ProfileAnalyzerTest' at line 2070: [57.5662092273654, 57.5662092273654, 4, 100000, 101000, 103000, 165000, -1, 0, 0.02, 3, 'take_innsta_0.03', 27, 0, 15, 7.973070416005158, 57.5662092273654, 84]
2017-11-25 17:55:38.584 INFO in 'ProfileAnalyzerTest' at line 2070: [79.31907731478111, 79.31907731478111, 4, 100000, 101000, 103000, 180000, -1, 0, 0.02, 3, 'take_innsta_0.03', 27, 0, 18, 8.407926039781739, 79.31907731478111, 85]
2017-11-25 17:55:38.584 INFO in 'ProfileAnalyzerTest' at line 2070: [81.1609642268907, 81.1609642268907, 4, 100000, 101000, 103000, 171000, -1, 0, 0.02, 3, 'take_innsta_0.03', 27, 0, 17, 8.370284045132072, 81.1609642268907, 84]
2017-11-25 17:55:38.584 INFO in 'ProfileAnalyzerTest' at line 2070: [84.36255116742379, 84.36255116742379, 4, 100000, 101000, 103000, 175000, -1, 0, 0.02, 3, 'take_innsta_0.03', 27, 0, 15, 8.514403951001828, 84.36255116742379, 84]
2017-11-25 17:55:38.584 INFO in 'ProfileAnalyzerTest' at line 2070: [105.16321781444192, 105.16321781444192, 4, 100000, 101000, 103000, 170000, -1, 0, 0.02, 3, 'take_innsta_0.03', 27, 0, 17, 8.61152985924267, 105.16321781444192, 84]
2017-11-25 17:55:38.585 INFO in 'ProfileAnalyzerTest' at line 2070: [106.20817103888236, 106.20817103888236, 4, 100000, 101000, 103000, 174000, -1, 0, 0.02, 3, 'take_innsta_0.03', 27, 0, 17, 8.659812041985347, 106.20817103888236, 84]
2017-11-25 17:55:38.585 INFO in 'ProfileAnalyzerTest' at line 2070: [106.27947775786619, 106.27947775786619, 4, 100000, 101000, 103000, 172000, -1, 0, 0.02, 3, 'take_innsta_0.03', 27, 0, 17, 8.502191537852589, 106.27947775786619, 84]
2017-11-25 17:55:38.585 INFO in 'ProfileAnalyzerTest' at line 2070: [166.18321757140612, 166.18321757140612, 4, 100000, 101000, 103000, 173000, -1, 0, 0.02, 3, 'take_innsta_0.03', 27, 0, 19, 8.931392562910762, 166.18321757140612, 84]
2017-11-25 17:55:38.585 INFO in 'ProfileAnalyzerTest' at line 2070: [42.49757949741475, 42.49757949741475, 4, 100000, 101000, 103000, 160000, -1, 0, 0.02, 3, 'take_innsta_0.03', 27, 0, 16, 7.532864629042823, 42.49757949741475, 85]
2017-11-25 17:55:38.585 INFO in 'ProfileAnalyzerTest' at line 2070: [43.53775981968478, 43.53775981968478, 4, 100000, 101000, 103000, 155000, -1, 0, 0.02, 3, 'take_innsta_0.03', 27, 0, 14, 7.489676968202753, 43.53775981968478, 85]
2017-11-25 17:55:38.585 INFO in 'ProfileAnalyzerTest' at line 2070: [54.99580375934834, 54.99580375934834, 4, 100000, 101000, 103000, 164000, -1, 0, 0.02, 3, 'take_innsta_0.03', 27, 0, 14, 7.948053236044439, 54.99580375934834, 85]
2017-11-25 17:55:38.585 INFO in 'ProfileAnalyzerTest' at line 2070: [57.5662092273654, 57.5662092273654, 4, 100000, 101000, 103000, 165000, -1, 0, 0.02, 3, 'take_innsta_0.03', 27, 0, 15, 7.973070416005158, 57.5662092273654, 84]
2017-11-25 17:55:38.585 INFO in 'ProfileAnalyzerTest' at line 2070: [79.31907731478111, 79.31907731478111, 4, 100000, 101000, 103000, 180000, -1, 0, 0.02, 3, 'take_innsta_0.03', 27, 0, 18, 8.407926039781739, 79.31907731478111, 85]
2017-11-25 17:55:38.585 INFO in 'ProfileAnalyzerTest' at line 2070: [81.1609642268907, 81.1609642268907, 4, 100000, 101000, 103000, 171000, -1, 0, 0.02, 3, 'take_innsta_0.03', 27, 0, 17, 8.370284045132072, 81.1609642268907, 84]
2017-11-25 17:55:38.585 INFO in 'ProfileAnalyzerTest' at line 2070: [84.36255116742379, 84.36255116742379, 4, 100000, 101000, 103000, 175000, -1, 0, 0.02, 3, 'take_innsta_0.03', 27, 0, 15, 8.514403951001828, 84.36255116742379, 84]
2017-11-25 17:55:38.585 INFO in 'ProfileAnalyzerTest' at line 2070: [105.16321781444192, 105.16321781444192, 4, 100000, 101000, 103000, 170000, -1, 0, 0.02, 3, 'take_innsta_0.03', 27, 0, 17, 8.61152985924267, 105.16321781444192, 84]
2017-11-25 17:55:38.586 INFO in 'ProfileAnalyzerTest' at line 2070: [106.20817103888236, 106.20817103888236, 4, 100000, 101000, 103000, 174000, -1, 0, 0.02, 3, 'take_innsta_0.03', 27, 0, 17, 8.659812041985347, 106.20817103888236, 84]
2017-11-25 17:55:38.586 INFO in 'ProfileAnalyzerTest' at line 2070: [106.27947775786619, 106.27947775786619, 4, 100000, 101000, 103000, 172000, -1, 0, 0.02, 3, 'take_innsta_0.03', 27, 0, 17, 8.502191537852589, 106.27947775786619, 84]
2017-11-25 17:55:38.586 INFO in 'ProfileAnalyzerTest' at line 2070: [166.18321757140612, 166.18321757140612, 4, 100000, 101000, 103000, 173000, -1, 0, 0.02, 3, 'take_innsta_0.03', 27, 0, 19, 8.931392562910762, 166.18321757140612, 84]
2017-11-25 17:55:38.586 INFO in 'ProfileAnalyzerTest' at line 2070: [42.49757949741475, 42.49757949741475, 4, 100000, 101000, 103000, 160000, -1, 0, 0.02, 3, 'take_innsta_0.03', 27, 0, 16, 7.532864629042823, 42.49757949741475, 85]
2017-11-25 17:55:38.586 INFO in 'ProfileAnalyzerTest' at line 2070: [43.53775981968478, 43.53775981968478, 4, 100000, 101000, 103000, 155000, -1, 0, 0.02, 3, 'take_innsta_0.03', 27, 0, 14, 7.489676968202753, 43.53775981968478, 85]
2017-11-25 17:55:38.588 INFO in 'ProfileAnalyzerTest' at line 2070: [54.99580375934834, 54.99580375934834, 4, 100000, 101000, 103000, 164000, -1, 0, 0.02, 3, 'take_innsta_0.03', 27, 0, 14, 7.948053236044439, 54.99580375934834, 85]
2017-11-25 17:55:38.588 INFO in 'ProfileAnalyzerTest' at line 2070: [57.5662092273654, 57.5662092273654, 4, 100000, 101000, 103000, 165000, -1, 0, 0.02, 3, 'take_innsta_0.03', 27, 0, 15, 7.973070416005158, 57.5662092273654, 84]
2017-11-25 17:55:38.588 INFO in 'ProfileAnalyzerTest' at line 2070: [79.31907731478111, 79.31907731478111, 4, 100000, 101000, 103000, 180000, -1, 0, 0.02, 3, 'take_innsta_0.03', 27, 0, 18, 8.407926039781739, 79.31907731478111, 85]
2017-11-25 17:55:38.588 INFO in 'ProfileAnalyzerTest' at line 2070: [81.1609642268907, 81.1609642268907, 4, 100000, 101000, 103000, 171000, -1, 0, 0.02, 3, 'take_innsta_0.03', 27, 0, 17, 8.370284045132072, 81.1609642268907, 84]
2017-11-25 17:55:38.588 INFO in 'ProfileAnalyzerTest' at line 2070: [84.36255116742379, 84.36255116742379, 4, 100000, 101000, 103000, 175000, -1, 0, 0.02, 3, 'take_innsta_0.03', 27, 0, 15, 8.514403951001828, 84.36255116742379, 84]
2017-11-25 17:55:38.588 INFO in 'ProfileAnalyzerTest' at line 2070: [105.16321781444192, 105.16321781444192, 4, 100000, 101000, 103000, 170000, -1, 0, 0.02, 3, 'take_innsta_0.03', 27, 0, 17, 8.61152985924267, 105.16321781444192, 84]
2017-11-25 17:55:38.588 INFO in 'ProfileAnalyzerTest' at line 2070: [106.20817103888236, 106.20817103888236, 4, 100000, 101000, 103000, 174000, -1, 0, 0.02, 3, 'take_innsta_0.03', 27, 0, 17, 8.659812041985347, 106.20817103888236, 84]
2017-11-25 17:55:38.588 INFO in 'ProfileAnalyzerTest' at line 2070: [106.27947775786619, 106.27947775786619, 4, 100000, 101000, 103000, 172000, -1, 0, 0.02, 3, 'take_innsta_0.03', 27, 0, 17, 8.502191537852589, 106.27947775786619, 84]
2017-11-25 17:55:38.588 INFO in 'ProfileAnalyzerTest' at line 2070: [166.18321757140612, 166.18321757140612, 4, 100000, 101000, 103000, 173000, -1, 0, 0.02, 3, 'take_innsta_0.03', 27, 0, 19, 8.931392562910762, 166.18321757140612, 84]
2017-11-25 17:55:38.588 INFO in 'ProfileAnalyzerTest' at line 2161: 1064.24499989
