2018-01-05 11:01:58.213 INFO in 'ProfileAnalyzerTest' at line 2168: RSTI_150105_170801.txt
2018-01-05 11:02:05.706 INFO in 'ProfileAnalyzerTest' at line 2179: AVG PVV 2.03160797093
2018-01-05 11:02:05.709 INFO in 'ProfileAnalyzerTest' at line 2180: AVG Volume 419.145535809
2018-01-05 11:08:17.0 INFO in 'ProfileAnalyzerTest' at line 2225: [9.480544461074972, 9.480544461074972, 0, 100000, 104000, 143000, 160000, -1, 0, 0.02, 1, 'take_innsta_0.04', 14, 20, 33, 4.987907017725385, 9.480544461074972, 13]
2018-01-05 11:08:17.0 INFO in 'ProfileAnalyzerTest' at line 2225: [9.480544461074972, 9.480544461074972, 0, 100000, 105000, 143000, 160000, -1, 0, 0.02, 1, 'take_innsta_0.04', 14, 20, 33, 4.987907017725385, 9.480544461074972, 13]
2018-01-05 11:08:17.0 INFO in 'ProfileAnalyzerTest' at line 2225: [9.569809199524855, 9.569809199524855, 0, 100000, 103000, 143000, 155000, -1, 0, 0.02, 1, 'take_innsta_0.04', 14, 20, 36, 4.771901833990333, 9.569809199524855, 16]
2018-01-05 11:08:17.0 INFO in 'ProfileAnalyzerTest' at line 2225: [10.081370690069017, 10.081370690069017, 0, 100000, 103000, 143000, 160000, -1, 0, 0.02, 1, 'take_innsta_0.04', 14, 20, 35, 5.0342166424217565, 10.081370690069017, 13]
2018-01-05 11:08:17.0 INFO in 'ProfileAnalyzerTest' at line 2225: [10.709706833242617, 10.709706833242617, 0, 100000, 104000, 143000, 155000, -1, 0, 0.02, 1, 'take_innsta_0.04', 14, 20, 38, 4.88690549449101, 10.709706833242617, 16]
2018-01-05 11:08:17.2 INFO in 'ProfileAnalyzerTest' at line 2225: [10.709706833242617, 10.709706833242617, 0, 100000, 105000, 143000, 155000, -1, 0, 0.02, 1, 'take_innsta_0.04', 14, 20, 38, 4.88690549449101, 10.709706833242617, 16]
2018-01-05 11:08:17.2 INFO in 'ProfileAnalyzerTest' at line 2225: [9.480544461074972, 9.480544461074972, 0, 100000, 104000, 143000, 160000, -1, 0, 0.02, 2, 'take_innsta_0.04', 14, 20, 33, 4.987907017725385, 9.480544461074972, 13]
2018-01-05 11:08:17.2 INFO in 'ProfileAnalyzerTest' at line 2225: [9.480544461074972, 9.480544461074972, 0, 100000, 105000, 143000, 160000, -1, 0, 0.02, 2, 'take_innsta_0.04', 14, 20, 33, 4.987907017725385, 9.480544461074972, 13]
2018-01-05 11:08:17.2 INFO in 'ProfileAnalyzerTest' at line 2225: [9.569809199524855, 9.569809199524855, 0, 100000, 103000, 143000, 155000, -1, 0, 0.02, 2, 'take_innsta_0.04', 14, 20, 36, 4.771901833990333, 9.569809199524855, 16]
2018-01-05 11:08:17.2 INFO in 'ProfileAnalyzerTest' at line 2225: [10.081370690069017, 10.081370690069017, 0, 100000, 103000, 143000, 160000, -1, 0, 0.02, 2, 'take_innsta_0.04', 14, 20, 35, 5.0342166424217565, 10.081370690069017, 13]
2018-01-05 11:08:17.2 INFO in 'ProfileAnalyzerTest' at line 2225: [10.709706833242617, 10.709706833242617, 0, 100000, 104000, 143000, 155000, -1, 0, 0.02, 2, 'take_innsta_0.04', 14, 20, 38, 4.88690549449101, 10.709706833242617, 16]
2018-01-05 11:08:17.3 INFO in 'ProfileAnalyzerTest' at line 2225: [10.709706833242617, 10.709706833242617, 0, 100000, 105000, 143000, 155000, -1, 0, 0.02, 2, 'take_innsta_0.04', 14, 20, 38, 4.88690549449101, 10.709706833242617, 16]
2018-01-05 11:08:17.3 INFO in 'ProfileAnalyzerTest' at line 2225: [9.480544461074972, 9.480544461074972, 0, 100000, 104000, 143000, 160000, -1, 0, 0.02, 3, 'take_innsta_0.04', 14, 20, 33, 4.987907017725385, 9.480544461074972, 13]
2018-01-05 11:08:17.3 INFO in 'ProfileAnalyzerTest' at line 2225: [9.480544461074972, 9.480544461074972, 0, 100000, 105000, 143000, 160000, -1, 0, 0.02, 3, 'take_innsta_0.04', 14, 20, 33, 4.987907017725385, 9.480544461074972, 13]
2018-01-05 11:08:17.3 INFO in 'ProfileAnalyzerTest' at line 2225: [9.569809199524855, 9.569809199524855, 0, 100000, 103000, 143000, 155000, -1, 0, 0.02, 3, 'take_innsta_0.04', 14, 20, 36, 4.771901833990333, 9.569809199524855, 16]
2018-01-05 11:08:17.3 INFO in 'ProfileAnalyzerTest' at line 2225: [10.081370690069017, 10.081370690069017, 0, 100000, 103000, 143000, 160000, -1, 0, 0.02, 3, 'take_innsta_0.04', 14, 20, 35, 5.0342166424217565, 10.081370690069017, 13]
2018-01-05 11:08:17.3 INFO in 'ProfileAnalyzerTest' at line 2225: [10.709706833242617, 10.709706833242617, 0, 100000, 104000, 143000, 155000, -1, 0, 0.02, 3, 'take_innsta_0.04', 14, 20, 38, 4.88690549449101, 10.709706833242617, 16]
2018-01-05 11:08:17.3 INFO in 'ProfileAnalyzerTest' at line 2225: [10.709706833242617, 10.709706833242617, 0, 100000, 105000, 143000, 155000, -1, 0, 0.02, 3, 'take_innsta_0.04', 14, 20, 38, 4.88690549449101, 10.709706833242617, 16]
2018-01-05 11:08:17.3 INFO in 'ProfileAnalyzerTest' at line 2225: [9.480544461074972, 9.480544461074972, 0, 100000, 104000, 143000, 160000, -1, 0, 0.02, 4, 'take_innsta_0.04', 14, 20, 33, 4.987907017725385, 9.480544461074972, 13]
2018-01-05 11:08:17.3 INFO in 'ProfileAnalyzerTest' at line 2225: [9.480544461074972, 9.480544461074972, 0, 100000, 105000, 143000, 160000, -1, 0, 0.02, 4, 'take_innsta_0.04', 14, 20, 33, 4.987907017725385, 9.480544461074972, 13]
2018-01-05 11:08:17.3 INFO in 'ProfileAnalyzerTest' at line 2225: [9.569809199524855, 9.569809199524855, 0, 100000, 103000, 143000, 155000, -1, 0, 0.02, 4, 'take_innsta_0.04', 14, 20, 36, 4.771901833990333, 9.569809199524855, 16]
2018-01-05 11:08:17.3 INFO in 'ProfileAnalyzerTest' at line 2225: [10.081370690069017, 10.081370690069017, 0, 100000, 103000, 143000, 160000, -1, 0, 0.02, 4, 'take_innsta_0.04', 14, 20, 35, 5.0342166424217565, 10.081370690069017, 13]
2018-01-05 11:08:17.3 INFO in 'ProfileAnalyzerTest' at line 2225: [10.709706833242617, 10.709706833242617, 0, 100000, 104000, 143000, 155000, -1, 0, 0.02, 4, 'take_innsta_0.04', 14, 20, 38, 4.88690549449101, 10.709706833242617, 16]
2018-01-05 11:08:17.6 INFO in 'ProfileAnalyzerTest' at line 2225: [10.709706833242617, 10.709706833242617, 0, 100000, 105000, 143000, 155000, -1, 0, 0.02, 4, 'take_innsta_0.04', 14, 20, 38, 4.88690549449101, 10.709706833242617, 16]
2018-01-05 11:08:17.6 INFO in 'ProfileAnalyzerTest' at line 2225: [9.480544461074972, 9.480544461074972, 0, 100000, 104000, 143000, 160000, -1, 0, 0.02, 5, 'take_innsta_0.04', 14, 20, 33, 4.987907017725385, 9.480544461074972, 13]
2018-01-05 11:08:17.6 INFO in 'ProfileAnalyzerTest' at line 2225: [9.480544461074972, 9.480544461074972, 0, 100000, 105000, 143000, 160000, -1, 0, 0.02, 5, 'take_innsta_0.04', 14, 20, 33, 4.987907017725385, 9.480544461074972, 13]
2018-01-05 11:08:17.6 INFO in 'ProfileAnalyzerTest' at line 2225: [9.569809199524855, 9.569809199524855, 0, 100000, 103000, 143000, 155000, -1, 0, 0.02, 5, 'take_innsta_0.04', 14, 20, 36, 4.771901833990333, 9.569809199524855, 16]
2018-01-05 11:08:17.6 INFO in 'ProfileAnalyzerTest' at line 2225: [10.081370690069017, 10.081370690069017, 0, 100000, 103000, 143000, 160000, -1, 0, 0.02, 5, 'take_innsta_0.04', 14, 20, 35, 5.0342166424217565, 10.081370690069017, 13]
2018-01-05 11:08:17.6 INFO in 'ProfileAnalyzerTest' at line 2225: [10.709706833242617, 10.709706833242617, 0, 100000, 104000, 143000, 155000, -1, 0, 0.02, 5, 'take_innsta_0.04', 14, 20, 38, 4.88690549449101, 10.709706833242617, 16]
2018-01-05 11:08:17.6 INFO in 'ProfileAnalyzerTest' at line 2225: [10.709706833242617, 10.709706833242617, 0, 100000, 105000, 143000, 155000, -1, 0, 0.02, 5, 'take_innsta_0.04', 14, 20, 38, 4.88690549449101, 10.709706833242617, 16]
2018-01-05 11:08:17.6 INFO in 'ProfileAnalyzerTest' at line 2225: [9.480544461074972, 9.480544461074972, 0, 100000, 104000, 143000, 160000, -1, 0, 0.03, 1, 'take_innsta_0.04', 14, 20, 33, 4.987907017725385, 9.480544461074972, 13]
2018-01-05 11:08:17.6 INFO in 'ProfileAnalyzerTest' at line 2225: [9.480544461074972, 9.480544461074972, 0, 100000, 105000, 143000, 160000, -1, 0, 0.03, 1, 'take_innsta_0.04', 14, 20, 33, 4.987907017725385, 9.480544461074972, 13]
2018-01-05 11:08:17.6 INFO in 'ProfileAnalyzerTest' at line 2225: [9.569809199524855, 9.569809199524855, 0, 100000, 103000, 143000, 155000, -1, 0, 0.03, 1, 'take_innsta_0.04', 14, 20, 36, 4.771901833990333, 9.569809199524855, 16]
2018-01-05 11:08:17.6 INFO in 'ProfileAnalyzerTest' at line 2225: [10.081370690069017, 10.081370690069017, 0, 100000, 103000, 143000, 160000, -1, 0, 0.03, 1, 'take_innsta_0.04', 14, 20, 35, 5.0342166424217565, 10.081370690069017, 13]
2018-01-05 11:08:17.6 INFO in 'ProfileAnalyzerTest' at line 2225: [10.709706833242617, 10.709706833242617, 0, 100000, 104000, 143000, 155000, -1, 0, 0.03, 1, 'take_innsta_0.04', 14, 20, 38, 4.88690549449101, 10.709706833242617, 16]
2018-01-05 11:08:17.6 INFO in 'ProfileAnalyzerTest' at line 2225: [10.709706833242617, 10.709706833242617, 0, 100000, 105000, 143000, 155000, -1, 0, 0.03, 1, 'take_innsta_0.04', 14, 20, 38, 4.88690549449101, 10.709706833242617, 16]
2018-01-05 11:08:17.7 INFO in 'ProfileAnalyzerTest' at line 2225: [9.480544461074972, 9.480544461074972, 0, 100000, 104000, 143000, 160000, -1, 0, 0.03, 2, 'take_innsta_0.04', 14, 20, 33, 4.987907017725385, 9.480544461074972, 13]
2018-01-05 11:08:17.7 INFO in 'ProfileAnalyzerTest' at line 2225: [9.480544461074972, 9.480544461074972, 0, 100000, 105000, 143000, 160000, -1, 0, 0.03, 2, 'take_innsta_0.04', 14, 20, 33, 4.987907017725385, 9.480544461074972, 13]
2018-01-05 11:08:17.7 INFO in 'ProfileAnalyzerTest' at line 2225: [9.569809199524855, 9.569809199524855, 0, 100000, 103000, 143000, 155000, -1, 0, 0.03, 2, 'take_innsta_0.04', 14, 20, 36, 4.771901833990333, 9.569809199524855, 16]
2018-01-05 11:08:17.7 INFO in 'ProfileAnalyzerTest' at line 2225: [10.081370690069017, 10.081370690069017, 0, 100000, 103000, 143000, 160000, -1, 0, 0.03, 2, 'take_innsta_0.04', 14, 20, 35, 5.0342166424217565, 10.081370690069017, 13]
2018-01-05 11:08:17.7 INFO in 'ProfileAnalyzerTest' at line 2225: [10.709706833242617, 10.709706833242617, 0, 100000, 104000, 143000, 155000, -1, 0, 0.03, 2, 'take_innsta_0.04', 14, 20, 38, 4.88690549449101, 10.709706833242617, 16]
2018-01-05 11:08:17.7 INFO in 'ProfileAnalyzerTest' at line 2225: [10.709706833242617, 10.709706833242617, 0, 100000, 105000, 143000, 155000, -1, 0, 0.03, 2, 'take_innsta_0.04', 14, 20, 38, 4.88690549449101, 10.709706833242617, 16]
2018-01-05 11:08:17.9 INFO in 'ProfileAnalyzerTest' at line 2225: [9.480544461074972, 9.480544461074972, 0, 100000, 104000, 143000, 160000, -1, 0, 0.03, 3, 'take_innsta_0.04', 14, 20, 33, 4.987907017725385, 9.480544461074972, 13]
2018-01-05 11:08:17.9 INFO in 'ProfileAnalyzerTest' at line 2225: [9.480544461074972, 9.480544461074972, 0, 100000, 105000, 143000, 160000, -1, 0, 0.03, 3, 'take_innsta_0.04', 14, 20, 33, 4.987907017725385, 9.480544461074972, 13]
2018-01-05 11:08:17.9 INFO in 'ProfileAnalyzerTest' at line 2225: [9.569809199524855, 9.569809199524855, 0, 100000, 103000, 143000, 155000, -1, 0, 0.03, 3, 'take_innsta_0.04', 14, 20, 36, 4.771901833990333, 9.569809199524855, 16]
2018-01-05 11:08:17.9 INFO in 'ProfileAnalyzerTest' at line 2225: [10.081370690069017, 10.081370690069017, 0, 100000, 103000, 143000, 160000, -1, 0, 0.03, 3, 'take_innsta_0.04', 14, 20, 35, 5.0342166424217565, 10.081370690069017, 13]
2018-01-05 11:08:17.9 INFO in 'ProfileAnalyzerTest' at line 2225: [10.709706833242617, 10.709706833242617, 0, 100000, 104000, 143000, 155000, -1, 0, 0.03, 3, 'take_innsta_0.04', 14, 20, 38, 4.88690549449101, 10.709706833242617, 16]
2018-01-05 11:08:17.9 INFO in 'ProfileAnalyzerTest' at line 2225: [10.709706833242617, 10.709706833242617, 0, 100000, 105000, 143000, 155000, -1, 0, 0.03, 3, 'take_innsta_0.04', 14, 20, 38, 4.88690549449101, 10.709706833242617, 16]
2018-01-05 11:08:17.10 INFO in 'ProfileAnalyzerTest' at line 2225: [9.480544461074972, 9.480544461074972, 0, 100000, 104000, 143000, 160000, -1, 0, 0.03, 4, 'take_innsta_0.04', 14, 20, 33, 4.987907017725385, 9.480544461074972, 13]
2018-01-05 11:08:17.10 INFO in 'ProfileAnalyzerTest' at line 2225: [9.480544461074972, 9.480544461074972, 0, 100000, 105000, 143000, 160000, -1, 0, 0.03, 4, 'take_innsta_0.04', 14, 20, 33, 4.987907017725385, 9.480544461074972, 13]
2018-01-05 11:08:17.10 INFO in 'ProfileAnalyzerTest' at line 2225: [9.569809199524855, 9.569809199524855, 0, 100000, 103000, 143000, 155000, -1, 0, 0.03, 4, 'take_innsta_0.04', 14, 20, 36, 4.771901833990333, 9.569809199524855, 16]
2018-01-05 11:08:17.10 INFO in 'ProfileAnalyzerTest' at line 2225: [10.081370690069017, 10.081370690069017, 0, 100000, 103000, 143000, 160000, -1, 0, 0.03, 4, 'take_innsta_0.04', 14, 20, 35, 5.0342166424217565, 10.081370690069017, 13]
2018-01-05 11:08:17.10 INFO in 'ProfileAnalyzerTest' at line 2225: [10.709706833242617, 10.709706833242617, 0, 100000, 104000, 143000, 155000, -1, 0, 0.03, 4, 'take_innsta_0.04', 14, 20, 38, 4.88690549449101, 10.709706833242617, 16]
2018-01-05 11:08:17.10 INFO in 'ProfileAnalyzerTest' at line 2225: [10.709706833242617, 10.709706833242617, 0, 100000, 105000, 143000, 155000, -1, 0, 0.03, 4, 'take_innsta_0.04', 14, 20, 38, 4.88690549449101, 10.709706833242617, 16]
2018-01-05 11:08:17.10 INFO in 'ProfileAnalyzerTest' at line 2225: [9.480544461074972, 9.480544461074972, 0, 100000, 104000, 143000, 160000, -1, 0, 0.03, 5, 'take_innsta_0.04', 14, 20, 33, 4.987907017725385, 9.480544461074972, 13]
2018-01-05 11:08:17.12 INFO in 'ProfileAnalyzerTest' at line 2225: [9.480544461074972, 9.480544461074972, 0, 100000, 105000, 143000, 160000, -1, 0, 0.03, 5, 'take_innsta_0.04', 14, 20, 33, 4.987907017725385, 9.480544461074972, 13]
2018-01-05 11:08:17.12 INFO in 'ProfileAnalyzerTest' at line 2225: [9.569809199524855, 9.569809199524855, 0, 100000, 103000, 143000, 155000, -1, 0, 0.03, 5, 'take_innsta_0.04', 14, 20, 36, 4.771901833990333, 9.569809199524855, 16]
2018-01-05 11:08:17.12 INFO in 'ProfileAnalyzerTest' at line 2225: [10.081370690069017, 10.081370690069017, 0, 100000, 103000, 143000, 160000, -1, 0, 0.03, 5, 'take_innsta_0.04', 14, 20, 35, 5.0342166424217565, 10.081370690069017, 13]
2018-01-05 11:08:17.12 INFO in 'ProfileAnalyzerTest' at line 2225: [10.709706833242617, 10.709706833242617, 0, 100000, 104000, 143000, 155000, -1, 0, 0.03, 5, 'take_innsta_0.04', 14, 20, 38, 4.88690549449101, 10.709706833242617, 16]
2018-01-05 11:08:17.12 INFO in 'ProfileAnalyzerTest' at line 2225: [10.709706833242617, 10.709706833242617, 0, 100000, 105000, 143000, 155000, -1, 0, 0.03, 5, 'take_innsta_0.04', 14, 20, 38, 4.88690549449101, 10.709706833242617, 16]
2018-01-05 11:08:24.473 INFO in 'ProfileAnalyzerTest' at line 2179: AVG PVV 14.3501190078
2018-01-05 11:08:24.476 INFO in 'ProfileAnalyzerTest' at line 2180: AVG Volume -3.73576710144
2018-01-05 11:14:53.561 INFO in 'ProfileAnalyzerTest' at line 2225: [1.2753010018045574, 1.2753010018045574, 1, 100000, 110000, 112000, 131000, -1, 0, 0.04, 0, 'take_innsta_0.005', 20, 0, 53, 3.5921226052338064, 1.2753010018045574, 2]
2018-01-05 11:14:53.562 INFO in 'ProfileAnalyzerTest' at line 2225: [1.4157765101395325, 1.4157765101395325, 1, 100000, 105000, 112000, 161000, -1, 0, 0.04, 0, 'take_innsta_0.005', 20, 0, 70, 4.177518866960177, 1.4157765101395325, 1]
2018-01-05 11:14:53.562 INFO in 'ProfileAnalyzerTest' at line 2225: [1.4913024966041821, 1.4913024966041821, 1, 100000, 110000, 112000, 133000, -1, 0, 0.04, 0, 'take_innsta_0.005', 20, 0, 54, 3.72247269687329, 1.4913024966041821, 3]
2018-01-05 11:14:53.562 INFO in 'ProfileAnalyzerTest' at line 2225: [1.7625945347763068, 1.7625945347763068, 1, 100000, 110000, 112000, 132000, -1, 0, 0.04, 0, 'take_innsta_0.005', 20, 0, 51, 3.88614584224325, 1.7625945347763068, 2]
2018-01-05 11:14:53.562 INFO in 'ProfileAnalyzerTest' at line 2225: [1.8572325122778832, 1.8572325122778832, 1, 100000, 110000, 112000, 135000, -1, 0, 0.04, 0, 'take_innsta_0.005', 20, 0, 54, 3.978069077673425, 1.8572325122778832, 1]
2018-01-05 11:14:53.562 INFO in 'ProfileAnalyzerTest' at line 2225: [2.0409852382998217, 2.0409852382998217, 1, 100000, 110000, 112000, 134000, -1, 0, 0.04, 0, 'take_innsta_0.005', 20, 0, 52, 4.012267485033262, 2.0409852382998217, 1]
2018-01-05 11:14:53.562 INFO in 'ProfileAnalyzerTest' at line 2225: [1.2711394700425636, 1.2711394700425636, 1, 100000, 110000, 112000, 144000, -1, 0, 0.02, 0, 'take_innsta_0.01', 27, 0, 46, 5.071020812642325, 1.2711394700425636, 3]
2018-01-05 11:14:53.563 INFO in 'ProfileAnalyzerTest' at line 2225: [1.526998609466576, 1.526998609466576, 1, 100000, 110000, 112000, 135000, -1, 0, 0.02, 0, 'take_innsta_0.01', 27, 0, 38, 4.50976357767296, 1.526998609466576, 3]
2018-01-05 11:14:53.563 INFO in 'ProfileAnalyzerTest' at line 2225: [1.6932171508318823, 1.6932171508318823, 1, 100000, 110000, 112000, 132000, -1, 0, 0.02, 0, 'take_innsta_0.01', 27, 0, 34, 4.425489528047464, 1.6932171508318823, 1]
2018-01-05 11:14:53.563 INFO in 'ProfileAnalyzerTest' at line 2225: [1.8276084371364574, 1.8276084371364574, 1, 100000, 110000, 112000, 133000, -1, 0, 0.02, 0, 'take_innsta_0.01', 27, 0, 39, 4.479561546534602, 1.8276084371364574, 4]
2018-01-05 11:14:53.563 INFO in 'ProfileAnalyzerTest' at line 2225: [2.188253195731082, 2.188253195731082, 1, 100000, 110000, 112000, 134000, -1, 0, 0.02, 0, 'take_innsta_0.01', 27, 0, 37, 4.664217044524612, 2.188253195731082, 2]
2018-01-05 11:14:53.563 INFO in 'ProfileAnalyzerTest' at line 2225: [1.383445154467997, 1.383445154467997, 1, 100000, 110000, 112000, 140000, -1, 0, 0.04, 0, 'take_innsta_0.005', 27, 0, 60, 3.8447979966336847, 1.383445154467997, 1]
2018-01-05 11:14:53.563 INFO in 'ProfileAnalyzerTest' at line 2225: [1.4319565938138152, 1.4319565938138152, 1, 100000, 110000, 112000, 131000, -1, 0, 0.04, 0, 'take_innsta_0.005', 27, 0, 50, 3.6938601275793417, 1.4319565938138152, 3]
2018-01-05 11:14:53.565 INFO in 'ProfileAnalyzerTest' at line 2225: [1.4694906552760727, 1.4694906552760727, 1, 100000, 110000, 112000, 133000, -1, 0, 0.04, 0, 'take_innsta_0.005', 27, 0, 53, 3.711992219070038, 1.4694906552760727, 2]
2018-01-05 11:14:53.565 INFO in 'ProfileAnalyzerTest' at line 2225: [1.6967139190376643, 1.6967139190376643, 1, 100000, 110000, 112000, 134000, -1, 0, 0.04, 0, 'take_innsta_0.005', 27, 0, 52, 3.868294751311695, 1.6967139190376643, 1]
2018-01-05 11:14:53.565 INFO in 'ProfileAnalyzerTest' at line 2225: [1.7840301637322948, 1.7840301637322948, 1, 100000, 110000, 112000, 132000, -1, 0, 0.04, 0, 'take_innsta_0.005', 27, 0, 50, 3.9084363350636764, 1.7840301637322948, 1]
2018-01-05 11:14:53.565 INFO in 'ProfileAnalyzerTest' at line 2225: [2.237200834054812, 2.237200834054812, 1, 100000, 110000, 112000, 135000, -1, 0, 0.04, 0, 'take_innsta_0.005', 27, 0, 54, 4.1418769381889495, 2.237200834054812, 1]
2018-01-05 11:14:53.565 INFO in 'ProfileAnalyzerTest' at line 2225: [1.3472167212944104, 1.3472167212944104, 1, 100000, 103000, 134000, 165000, 1, 0, 0.04, 0, 'take_innsta_0.0075', 9, 0, 55, 3.616910706937236, 1.3472167212944104, 2]
2018-01-05 11:14:53.565 INFO in 'ProfileAnalyzerTest' at line 2225: [1.4403170382756838, 1.4403170382756838, 1, 100000, 103000, 134000, 171000, 1, 0, 0.04, 0, 'take_innsta_0.0075', 9, 0, 57, 3.65817402716198, 1.4403170382756838, 2]
2018-01-05 11:14:53.565 INFO in 'ProfileAnalyzerTest' at line 2225: [1.5079503015868931, 1.5079503015868931, 1, 100000, 103000, 134000, 174000, 1, 0, 0.04, 0, 'take_innsta_0.0075', 9, 0, 58, 3.812144508466093, 1.5079503015868931, 1]
2018-01-05 11:14:53.565 INFO in 'ProfileAnalyzerTest' at line 2225: [1.831088305530514, 1.831088305530514, 1, 100000, 103000, 134000, 180000, 1, 0, 0.04, 0, 'take_innsta_0.0075', 9, 0, 59, 4.22830779059401, 1.831088305530514, 0]
2018-01-05 11:14:53.565 INFO in 'ProfileAnalyzerTest' at line 2225: [2.3051990903154906, 2.3051990903154906, 1, 100000, 103000, 134000, 175000, 1, 0, 0.04, 0, 'take_innsta_0.0075', 9, 0, 61, 4.174450765201914, 2.3051990903154906, 0]
2018-01-05 11:14:53.565 INFO in 'ProfileAnalyzerTest' at line 2225: [1.4094264846937241, 1.4094264846937241, 1, 100000, 110000, 112000, 145000, -1, 0, 0.03, 0, 'take_innsta_0.005', 27, 0, 67, 4.053254057154309, 1.4094264846937241, 0]
2018-01-05 11:14:53.565 INFO in 'ProfileAnalyzerTest' at line 2225: [1.438228014663203, 1.438228014663203, 1, 100000, 110000, 112000, 131000, -1, 0, 0.03, 0, 'take_innsta_0.005', 27, 0, 54, 3.571865793574426, 1.438228014663203, 3]
2018-01-05 11:14:53.565 INFO in 'ProfileAnalyzerTest' at line 2225: [1.5375206916304298, 1.5375206916304298, 1, 100000, 110000, 112000, 140000, -1, 0, 0.03, 0, 'take_innsta_0.005', 27, 0, 64, 3.799061529326074, 1.5375206916304298, 1]
2018-01-05 11:14:53.565 INFO in 'ProfileAnalyzerTest' at line 2225: [1.5733373698001352, 1.5733373698001352, 1, 100000, 110000, 112000, 133000, -1, 0, 0.03, 0, 'take_innsta_0.005', 27, 0, 57, 3.6341985050365713, 1.5733373698001352, 2]
2018-01-05 11:14:53.568 INFO in 'ProfileAnalyzerTest' at line 2225: [1.6314930096362834, 1.6314930096362834, 1, 100000, 110000, 112000, 144000, -1, 0, 0.03, 0, 'take_innsta_0.005', 27, 0, 65, 4.099956360673504, 1.6314930096362834, 2]
2018-01-05 11:14:53.568 INFO in 'ProfileAnalyzerTest' at line 2225: [1.8682876556858399, 1.8682876556858399, 1, 100000, 110000, 112000, 134000, -1, 0, 0.03, 0, 'take_innsta_0.005', 27, 0, 58, 3.828800319618455, 1.8682876556858399, 1]
2018-01-05 11:14:53.568 INFO in 'ProfileAnalyzerTest' at line 2225: [1.935398444979735, 1.935398444979735, 1, 100000, 110000, 112000, 132000, -1, 0, 0.03, 0, 'take_innsta_0.005', 27, 0, 54, 3.843965534145095, 1.935398444979735, 1]
2018-01-05 11:14:53.568 INFO in 'ProfileAnalyzerTest' at line 2225: [2.3684675286342327, 2.3684675286342327, 1, 100000, 110000, 112000, 135000, -1, 0, 0.03, 0, 'take_innsta_0.005', 27, 0, 58, 4.060337858521777, 2.3684675286342327, 1]
2018-01-05 11:14:53.568 INFO in 'ProfileAnalyzerTest' at line 2225: [1.5549436012559947, 1.5549436012559947, 1, 100000, 110000, 112000, 132000, -1, 0, 0.03, 0, 'take_innsta_0.01', 27, 0, 34, 4.717103476119759, 1.5549436012559947, 1]
2018-01-05 11:14:53.568 INFO in 'ProfileAnalyzerTest' at line 2225: [1.6303458816755596, 1.6303458816755596, 1, 100000, 110000, 112000, 133000, -1, 0, 0.03, 0, 'take_innsta_0.01', 27, 0, 39, 4.762499808355924, 1.6303458816755596, 4]
2018-01-05 11:14:53.569 INFO in 'ProfileAnalyzerTest' at line 2225: [2.408562426037379, 2.408562426037379, 1, 100000, 110000, 112000, 140000, -1, 0, 0.03, 0, 'take_innsta_0.01', 27, 0, 48, 5.3475945403635885, 2.408562426037379, 1]
2018-01-05 11:14:53.569 INFO in 'ProfileAnalyzerTest' at line 2225: [2.878877276058584, 2.878877276058584, 1, 100000, 110000, 112000, 134000, -1, 0, 0.03, 0, 'take_innsta_0.01', 27, 0, 37, 5.257787857049797, 2.878877276058584, 2]
2018-01-05 11:14:53.569 INFO in 'ProfileAnalyzerTest' at line 2225: [3.050982423562911, 3.050982423562911, 1, 100000, 110000, 112000, 135000, -1, 0, 0.03, 0, 'take_innsta_0.01', 27, 0, 38, 5.309208600403593, 3.050982423562911, 3]
2018-01-05 11:14:53.569 INFO in 'ProfileAnalyzerTest' at line 2225: [1.656184032619913, 1.656184032619913, 1, 100000, 110000, 112000, 135000, -1, 0, 0.03, 0, 'take_innsta_0.01', 20, 0, 38, 4.7827629062951535, 1.656184032619913, 3]
2018-01-05 11:14:53.569 INFO in 'ProfileAnalyzerTest' at line 2225: [2.502695749544953, 2.502695749544953, 1, 100000, 110000, 112000, 134000, -1, 0, 0.03, 0, 'take_innsta_0.01', 20, 0, 37, 5.147922812046232, 2.502695749544953, 2]
2018-01-05 11:14:53.569 INFO in 'ProfileAnalyzerTest' at line 2225: [1.2666380386581928, 1.2666380386581928, 1, 100000, 110000, 112000, 135000, -1, 0, 0.02, 0, 'take_innsta_0.01', 20, 0, 36, 4.304671000521206, 1.2666380386581928, 3]
2018-01-05 11:14:53.569 INFO in 'ProfileAnalyzerTest' at line 2225: [1.7058227810671422, 1.7058227810671422, 1, 100000, 110000, 112000, 132000, -1, 0, 0.02, 0, 'take_innsta_0.01', 20, 0, 33, 4.378440819477347, 1.7058227810671422, 2]
2018-01-05 11:14:53.569 INFO in 'ProfileAnalyzerTest' at line 2225: [1.8912680921376674, 1.8912680921376674, 1, 100000, 110000, 112000, 133000, -1, 0, 0.02, 0, 'take_innsta_0.01', 20, 0, 38, 4.465283808588162, 1.8912680921376674, 5]
2018-01-05 11:14:53.569 INFO in 'ProfileAnalyzerTest' at line 2225: [2.7194600056054403, 2.7194600056054403, 1, 100000, 110000, 112000, 134000, -1, 0, 0.02, 0, 'take_innsta_0.01', 20, 0, 35, 4.803924779480736, 2.7194600056054403, 2]
2018-01-05 11:14:53.569 INFO in 'ProfileAnalyzerTest' at line 2225: [1.5549436012559947, 1.5549436012559947, 1, 100000, 110000, 112000, 132000, -1, 0, 0.03, 0, 'take_innsta_0.01', 27, 0, 34, 4.717103476119759, 1.5549436012559947, 1]
2018-01-05 11:14:53.569 INFO in 'ProfileAnalyzerTest' at line 2225: [1.6303458816755596, 1.6303458816755596, 1, 100000, 110000, 112000, 133000, -1, 0, 0.03, 0, 'take_innsta_0.01', 27, 0, 39, 4.762499808355924, 1.6303458816755596, 4]
2018-01-05 11:14:53.569 INFO in 'ProfileAnalyzerTest' at line 2225: [2.408562426037379, 2.408562426037379, 1, 100000, 110000, 112000, 140000, -1, 0, 0.03, 0, 'take_innsta_0.01', 27, 0, 48, 5.3475945403635885, 2.408562426037379, 1]
2018-01-05 11:14:53.571 INFO in 'ProfileAnalyzerTest' at line 2225: [2.878877276058584, 2.878877276058584, 1, 100000, 110000, 112000, 134000, -1, 0, 0.03, 0, 'take_innsta_0.01', 27, 0, 37, 5.257787857049797, 2.878877276058584, 2]
2018-01-05 11:14:53.571 INFO in 'ProfileAnalyzerTest' at line 2225: [3.050982423562911, 3.050982423562911, 1, 100000, 110000, 112000, 135000, -1, 0, 0.03, 0, 'take_innsta_0.01', 27, 0, 38, 5.309208600403593, 3.050982423562911, 3]
2018-01-05 11:14:53.571 INFO in 'ProfileAnalyzerTest' at line 2225: [1.5549436012559947, 1.5549436012559947, 1, 100000, 110000, 112000, 132000, -1, 0, 0.03, 0, 'take_innsta_0.01', 27, 0, 34, 4.717103476119759, 1.5549436012559947, 1]
2018-01-05 11:14:53.571 INFO in 'ProfileAnalyzerTest' at line 2225: [1.6303458816755596, 1.6303458816755596, 1, 100000, 110000, 112000, 133000, -1, 0, 0.03, 0, 'take_innsta_0.01', 27, 0, 39, 4.762499808355924, 1.6303458816755596, 4]
2018-01-05 11:14:53.571 INFO in 'ProfileAnalyzerTest' at line 2225: [2.408562426037379, 2.408562426037379, 1, 100000, 110000, 112000, 140000, -1, 0, 0.03, 0, 'take_innsta_0.01', 27, 0, 48, 5.3475945403635885, 2.408562426037379, 1]
2018-01-05 11:14:53.571 INFO in 'ProfileAnalyzerTest' at line 2225: [2.878877276058584, 2.878877276058584, 1, 100000, 110000, 112000, 134000, -1, 0, 0.03, 0, 'take_innsta_0.01', 27, 0, 37, 5.257787857049797, 2.878877276058584, 2]
2018-01-05 11:14:53.571 INFO in 'ProfileAnalyzerTest' at line 2225: [3.050982423562911, 3.050982423562911, 1, 100000, 110000, 112000, 135000, -1, 0, 0.03, 0, 'take_innsta_0.01', 27, 0, 38, 5.309208600403593, 3.050982423562911, 3]
2018-01-05 11:15:01.81 INFO in 'ProfileAnalyzerTest' at line 2179: AVG PVV -0.682698332938
2018-01-05 11:15:01.84 INFO in 'ProfileAnalyzerTest' at line 2180: AVG Volume nan
2018-01-05 11:21:48.288 INFO in 'ProfileAnalyzerTest' at line 2225: [8.660295603132198, 8.660295603132198, 2, 100000, 101000, 140000, 172000, -1, 0, 0.04, 1, 'take_innsta_0.01', 9, 14, 42, 5.450845114799737, 8.660295603132198, 5]
2018-01-05 11:21:48.289 INFO in 'ProfileAnalyzerTest' at line 2225: [10.259074040806896, 10.259074040806896, 2, 100000, 101000, 140000, 175000, -1, 0, 0.04, 1, 'take_innsta_0.01', 9, 14, 42, 6.068106805199436, 10.259074040806896, 1]
2018-01-05 11:21:48.289 INFO in 'ProfileAnalyzerTest' at line 2225: [11.23510054267987, 11.23510054267987, 2, 100000, 101000, 140000, 174000, -1, 0, 0.04, 1, 'take_innsta_0.01', 9, 14, 45, 5.8958672704486474, 11.23510054267987, 2]
2018-01-05 11:21:48.289 INFO in 'ProfileAnalyzerTest' at line 2225: [8.660295603132198, 8.660295603132198, 2, 100000, 101000, 140000, 172000, -1, 0, 0.04, 2, 'take_innsta_0.01', 9, 14, 42, 5.450845114799737, 8.660295603132198, 5]
2018-01-05 11:21:48.289 INFO in 'ProfileAnalyzerTest' at line 2225: [10.259074040806896, 10.259074040806896, 2, 100000, 101000, 140000, 175000, -1, 0, 0.04, 2, 'take_innsta_0.01', 9, 14, 42, 6.068106805199436, 10.259074040806896, 1]
2018-01-05 11:21:48.289 INFO in 'ProfileAnalyzerTest' at line 2225: [11.23510054267987, 11.23510054267987, 2, 100000, 101000, 140000, 174000, -1, 0, 0.04, 2, 'take_innsta_0.01', 9, 14, 45, 5.8958672704486474, 11.23510054267987, 2]
2018-01-05 11:21:48.289 INFO in 'ProfileAnalyzerTest' at line 2225: [8.660295603132198, 8.660295603132198, 2, 100000, 101000, 140000, 172000, -1, 0, 0.04, 3, 'take_innsta_0.01', 9, 14, 42, 5.450845114799737, 8.660295603132198, 5]
2018-01-05 11:21:48.290 INFO in 'ProfileAnalyzerTest' at line 2225: [10.259074040806896, 10.259074040806896, 2, 100000, 101000, 140000, 175000, -1, 0, 0.04, 3, 'take_innsta_0.01', 9, 14, 42, 6.068106805199436, 10.259074040806896, 1]
2018-01-05 11:21:48.290 INFO in 'ProfileAnalyzerTest' at line 2225: [11.23510054267987, 11.23510054267987, 2, 100000, 101000, 140000, 174000, -1, 0, 0.04, 3, 'take_innsta_0.01', 9, 14, 45, 5.8958672704486474, 11.23510054267987, 2]
2018-01-05 11:21:48.290 INFO in 'ProfileAnalyzerTest' at line 2225: [8.660295603132198, 8.660295603132198, 2, 100000, 101000, 140000, 172000, -1, 0, 0.04, 4, 'take_innsta_0.01', 9, 14, 42, 5.450845114799737, 8.660295603132198, 5]
2018-01-05 11:21:48.290 INFO in 'ProfileAnalyzerTest' at line 2225: [10.259074040806896, 10.259074040806896, 2, 100000, 101000, 140000, 175000, -1, 0, 0.04, 4, 'take_innsta_0.01', 9, 14, 42, 6.068106805199436, 10.259074040806896, 1]
2018-01-05 11:21:48.290 INFO in 'ProfileAnalyzerTest' at line 2225: [11.23510054267987, 11.23510054267987, 2, 100000, 101000, 140000, 174000, -1, 0, 0.04, 4, 'take_innsta_0.01', 9, 14, 45, 5.8958672704486474, 11.23510054267987, 2]
2018-01-05 11:21:48.290 INFO in 'ProfileAnalyzerTest' at line 2225: [8.660295603132198, 8.660295603132198, 2, 100000, 101000, 140000, 172000, -1, 0, 0.04, 5, 'take_innsta_0.01', 9, 14, 42, 5.450845114799737, 8.660295603132198, 5]
2018-01-05 11:21:48.292 INFO in 'ProfileAnalyzerTest' at line 2225: [10.259074040806896, 10.259074040806896, 2, 100000, 101000, 140000, 175000, -1, 0, 0.04, 5, 'take_innsta_0.01', 9, 14, 42, 6.068106805199436, 10.259074040806896, 1]
2018-01-05 11:21:48.292 INFO in 'ProfileAnalyzerTest' at line 2225: [11.23510054267987, 11.23510054267987, 2, 100000, 101000, 140000, 174000, -1, 0, 0.04, 5, 'take_innsta_0.01', 9, 14, 45, 5.8958672704486474, 11.23510054267987, 2]
2018-01-05 11:21:48.292 INFO in 'ProfileAnalyzerTest' at line 2225: [8.660295603132198, 8.660295603132198, 2, 100000, 101000, 140000, 172000, -1, 0, 0.04, 1, 'take_innsta_0.01', 9, 14, 42, 5.450845114799737, 8.660295603132198, 5]
2018-01-05 11:21:48.292 INFO in 'ProfileAnalyzerTest' at line 2225: [10.259074040806896, 10.259074040806896, 2, 100000, 101000, 140000, 175000, -1, 0, 0.04, 1, 'take_innsta_0.01', 9, 14, 42, 6.068106805199436, 10.259074040806896, 1]
2018-01-05 11:21:48.292 INFO in 'ProfileAnalyzerTest' at line 2225: [11.23510054267987, 11.23510054267987, 2, 100000, 101000, 140000, 174000, -1, 0, 0.04, 1, 'take_innsta_0.01', 9, 14, 45, 5.8958672704486474, 11.23510054267987, 2]
2018-01-05 11:21:48.292 INFO in 'ProfileAnalyzerTest' at line 2225: [8.660295603132198, 8.660295603132198, 2, 100000, 101000, 140000, 172000, -1, 0, 0.04, 2, 'take_innsta_0.01', 9, 14, 42, 5.450845114799737, 8.660295603132198, 5]
2018-01-05 11:21:48.292 INFO in 'ProfileAnalyzerTest' at line 2225: [10.259074040806896, 10.259074040806896, 2, 100000, 101000, 140000, 175000, -1, 0, 0.04, 2, 'take_innsta_0.01', 9, 14, 42, 6.068106805199436, 10.259074040806896, 1]
2018-01-05 11:21:48.292 INFO in 'ProfileAnalyzerTest' at line 2225: [11.23510054267987, 11.23510054267987, 2, 100000, 101000, 140000, 174000, -1, 0, 0.04, 2, 'take_innsta_0.01', 9, 14, 45, 5.8958672704486474, 11.23510054267987, 2]
2018-01-05 11:21:48.292 INFO in 'ProfileAnalyzerTest' at line 2225: [8.660295603132198, 8.660295603132198, 2, 100000, 101000, 140000, 172000, -1, 0, 0.04, 3, 'take_innsta_0.01', 9, 14, 42, 5.450845114799737, 8.660295603132198, 5]
2018-01-05 11:21:48.292 INFO in 'ProfileAnalyzerTest' at line 2225: [10.259074040806896, 10.259074040806896, 2, 100000, 101000, 140000, 175000, -1, 0, 0.04, 3, 'take_innsta_0.01', 9, 14, 42, 6.068106805199436, 10.259074040806896, 1]
2018-01-05 11:21:48.292 INFO in 'ProfileAnalyzerTest' at line 2225: [11.23510054267987, 11.23510054267987, 2, 100000, 101000, 140000, 174000, -1, 0, 0.04, 3, 'take_innsta_0.01', 9, 14, 45, 5.8958672704486474, 11.23510054267987, 2]
2018-01-05 11:21:48.292 INFO in 'ProfileAnalyzerTest' at line 2225: [8.660295603132198, 8.660295603132198, 2, 100000, 101000, 140000, 172000, -1, 0, 0.04, 4, 'take_innsta_0.01', 9, 14, 42, 5.450845114799737, 8.660295603132198, 5]
2018-01-05 11:21:48.293 INFO in 'ProfileAnalyzerTest' at line 2225: [10.259074040806896, 10.259074040806896, 2, 100000, 101000, 140000, 175000, -1, 0, 0.04, 4, 'take_innsta_0.01', 9, 14, 42, 6.068106805199436, 10.259074040806896, 1]
2018-01-05 11:21:48.293 INFO in 'ProfileAnalyzerTest' at line 2225: [11.23510054267987, 11.23510054267987, 2, 100000, 101000, 140000, 174000, -1, 0, 0.04, 4, 'take_innsta_0.01', 9, 14, 45, 5.8958672704486474, 11.23510054267987, 2]
2018-01-05 11:21:48.293 INFO in 'ProfileAnalyzerTest' at line 2225: [8.660295603132198, 8.660295603132198, 2, 100000, 101000, 140000, 172000, -1, 0, 0.04, 5, 'take_innsta_0.01', 9, 14, 42, 5.450845114799737, 8.660295603132198, 5]
2018-01-05 11:21:48.293 INFO in 'ProfileAnalyzerTest' at line 2225: [10.259074040806896, 10.259074040806896, 2, 100000, 101000, 140000, 175000, -1, 0, 0.04, 5, 'take_innsta_0.01', 9, 14, 42, 6.068106805199436, 10.259074040806896, 1]
2018-01-05 11:21:48.293 INFO in 'ProfileAnalyzerTest' at line 2225: [11.23510054267987, 11.23510054267987, 2, 100000, 101000, 140000, 174000, -1, 0, 0.04, 5, 'take_innsta_0.01', 9, 14, 45, 5.8958672704486474, 11.23510054267987, 2]
2018-01-05 11:21:55.848 INFO in 'ProfileAnalyzerTest' at line 2179: AVG PVV -310.071128653
2018-01-05 11:21:55.851 INFO in 'ProfileAnalyzerTest' at line 2180: AVG Volume -5.3605475804
2018-01-05 11:28:30.256 INFO in 'ProfileAnalyzerTest' at line 2225: [7.504713436793871, 7.504713436793871, 3, 100000, 115000, 125000, 165000, -1, 0, 0.04, 1, 'take_innsta_0.015', 27, 0, 33, 7.187792731555936, 7.504713436793871, 2]
2018-01-05 11:28:30.256 INFO in 'ProfileAnalyzerTest' at line 2225: [8.308144172445383, 8.308144172445383, 3, 100000, 115000, 125000, 164000, -1, 0, 0.04, 1, 'take_innsta_0.015', 27, 0, 41, 7.032494271711342, 8.308144172445383, 2]
2018-01-05 11:28:30.256 INFO in 'ProfileAnalyzerTest' at line 2225: [8.430474711095563, 8.430474711095563, 3, 100000, 115000, 125000, 174000, -1, 0, 0.04, 1, 'take_innsta_0.015', 27, 0, 36, 7.684926029944209, 8.430474711095563, 3]
2018-01-05 11:28:30.256 INFO in 'ProfileAnalyzerTest' at line 2225: [8.549258094354547, 8.549258094354547, 3, 100000, 115000, 125000, 170000, -1, 0, 0.04, 1, 'take_innsta_0.015', 27, 0, 32, 7.280110467300912, 8.549258094354547, 3]
2018-01-05 11:28:30.256 INFO in 'ProfileAnalyzerTest' at line 2225: [11.330445124310609, 11.330445124310609, 3, 100000, 120000, 125000, 171000, -1, 0, 0.04, 1, 'take_innsta_0.015', 27, 0, 37, 7.360048326894847, 11.330445124310609, 2]
2018-01-05 11:28:30.256 INFO in 'ProfileAnalyzerTest' at line 2225: [16.631020297931492, 16.631020297931492, 3, 100000, 115000, 125000, 171000, -1, 0, 0.04, 1, 'take_innsta_0.015', 27, 0, 35, 7.973982807120985, 16.631020297931492, 2]
2018-01-05 11:28:30.256 INFO in 'ProfileAnalyzerTest' at line 2225: [19.440083730011096, 19.440083730011096, 3, 100000, 120000, 125000, 173000, -1, 0, 0.04, 1, 'take_innsta_0.015', 27, 0, 38, 8.042333674969951, 19.440083730011096, 3]
2018-01-05 11:28:30.256 INFO in 'ProfileAnalyzerTest' at line 2225: [33.99683291418407, 33.99683291418407, 3, 100000, 120000, 125000, 172000, -1, 0, 0.04, 1, 'take_innsta_0.015', 27, 0, 35, 8.32500630355345, 33.99683291418407, 6]
2018-01-05 11:28:30.256 INFO in 'ProfileAnalyzerTest' at line 2225: [41.645186721854365, 41.645186721854365, 3, 100000, 115000, 125000, 173000, -1, 0, 0.04, 1, 'take_innsta_0.015', 27, 0, 36, 8.914467532802144, 41.645186721854365, 3]
2018-01-05 11:28:30.256 INFO in 'ProfileAnalyzerTest' at line 2225: [113.20036550358931, 113.20036550358931, 3, 100000, 115000, 125000, 172000, -1, 0, 0.04, 1, 'take_innsta_0.015', 27, 0, 39, 9.617401440270848, 113.20036550358931, 6]
2018-01-05 11:28:30.256 INFO in 'ProfileAnalyzerTest' at line 2225: [7.504713436793871, 7.504713436793871, 3, 100000, 115000, 125000, 165000, -1, 0, 0.04, 2, 'take_innsta_0.015', 27, 0, 33, 7.187792731555936, 7.504713436793871, 2]
2018-01-05 11:28:30.256 INFO in 'ProfileAnalyzerTest' at line 2225: [8.308144172445383, 8.308144172445383, 3, 100000, 115000, 125000, 164000, -1, 0, 0.04, 2, 'take_innsta_0.015', 27, 0, 41, 7.032494271711342, 8.308144172445383, 2]
2018-01-05 11:28:30.257 INFO in 'ProfileAnalyzerTest' at line 2225: [8.430474711095563, 8.430474711095563, 3, 100000, 115000, 125000, 174000, -1, 0, 0.04, 2, 'take_innsta_0.015', 27, 0, 36, 7.684926029944209, 8.430474711095563, 3]
2018-01-05 11:28:30.257 INFO in 'ProfileAnalyzerTest' at line 2225: [8.549258094354547, 8.549258094354547, 3, 100000, 115000, 125000, 170000, -1, 0, 0.04, 2, 'take_innsta_0.015', 27, 0, 32, 7.280110467300912, 8.549258094354547, 3]
2018-01-05 11:28:30.257 INFO in 'ProfileAnalyzerTest' at line 2225: [11.330445124310609, 11.330445124310609, 3, 100000, 120000, 125000, 171000, -1, 0, 0.04, 2, 'take_innsta_0.015', 27, 0, 37, 7.360048326894847, 11.330445124310609, 2]
2018-01-05 11:28:30.257 INFO in 'ProfileAnalyzerTest' at line 2225: [16.631020297931492, 16.631020297931492, 3, 100000, 115000, 125000, 171000, -1, 0, 0.04, 2, 'take_innsta_0.015', 27, 0, 35, 7.973982807120985, 16.631020297931492, 2]
2018-01-05 11:28:30.257 INFO in 'ProfileAnalyzerTest' at line 2225: [19.440083730011096, 19.440083730011096, 3, 100000, 120000, 125000, 173000, -1, 0, 0.04, 2, 'take_innsta_0.015', 27, 0, 38, 8.042333674969951, 19.440083730011096, 3]
2018-01-05 11:28:30.257 INFO in 'ProfileAnalyzerTest' at line 2225: [33.99683291418407, 33.99683291418407, 3, 100000, 120000, 125000, 172000, -1, 0, 0.04, 2, 'take_innsta_0.015', 27, 0, 35, 8.32500630355345, 33.99683291418407, 6]
2018-01-05 11:28:30.259 INFO in 'ProfileAnalyzerTest' at line 2225: [41.645186721854365, 41.645186721854365, 3, 100000, 115000, 125000, 173000, -1, 0, 0.04, 2, 'take_innsta_0.015', 27, 0, 36, 8.914467532802144, 41.645186721854365, 3]
2018-01-05 11:28:30.259 INFO in 'ProfileAnalyzerTest' at line 2225: [113.20036550358931, 113.20036550358931, 3, 100000, 115000, 125000, 172000, -1, 0, 0.04, 2, 'take_innsta_0.015', 27, 0, 39, 9.617401440270848, 113.20036550358931, 6]
2018-01-05 11:28:30.259 INFO in 'ProfileAnalyzerTest' at line 2225: [7.504713436793871, 7.504713436793871, 3, 100000, 115000, 125000, 165000, -1, 0, 0.04, 3, 'take_innsta_0.015', 27, 0, 33, 7.187792731555936, 7.504713436793871, 2]
2018-01-05 11:28:30.259 INFO in 'ProfileAnalyzerTest' at line 2225: [8.308144172445383, 8.308144172445383, 3, 100000, 115000, 125000, 164000, -1, 0, 0.04, 3, 'take_innsta_0.015', 27, 0, 41, 7.032494271711342, 8.308144172445383, 2]
2018-01-05 11:28:30.259 INFO in 'ProfileAnalyzerTest' at line 2225: [8.430474711095563, 8.430474711095563, 3, 100000, 115000, 125000, 174000, -1, 0, 0.04, 3, 'take_innsta_0.015', 27, 0, 36, 7.684926029944209, 8.430474711095563, 3]
2018-01-05 11:28:30.259 INFO in 'ProfileAnalyzerTest' at line 2225: [8.549258094354547, 8.549258094354547, 3, 100000, 115000, 125000, 170000, -1, 0, 0.04, 3, 'take_innsta_0.015', 27, 0, 32, 7.280110467300912, 8.549258094354547, 3]
2018-01-05 11:28:30.259 INFO in 'ProfileAnalyzerTest' at line 2225: [11.330445124310609, 11.330445124310609, 3, 100000, 120000, 125000, 171000, -1, 0, 0.04, 3, 'take_innsta_0.015', 27, 0, 37, 7.360048326894847, 11.330445124310609, 2]
2018-01-05 11:28:30.260 INFO in 'ProfileAnalyzerTest' at line 2225: [16.631020297931492, 16.631020297931492, 3, 100000, 115000, 125000, 171000, -1, 0, 0.04, 3, 'take_innsta_0.015', 27, 0, 35, 7.973982807120985, 16.631020297931492, 2]
2018-01-05 11:28:30.260 INFO in 'ProfileAnalyzerTest' at line 2225: [19.440083730011096, 19.440083730011096, 3, 100000, 120000, 125000, 173000, -1, 0, 0.04, 3, 'take_innsta_0.015', 27, 0, 38, 8.042333674969951, 19.440083730011096, 3]
2018-01-05 11:28:30.260 INFO in 'ProfileAnalyzerTest' at line 2225: [33.99683291418407, 33.99683291418407, 3, 100000, 120000, 125000, 172000, -1, 0, 0.04, 3, 'take_innsta_0.015', 27, 0, 35, 8.32500630355345, 33.99683291418407, 6]
2018-01-05 11:28:30.260 INFO in 'ProfileAnalyzerTest' at line 2225: [41.645186721854365, 41.645186721854365, 3, 100000, 115000, 125000, 173000, -1, 0, 0.04, 3, 'take_innsta_0.015', 27, 0, 36, 8.914467532802144, 41.645186721854365, 3]
2018-01-05 11:28:30.260 INFO in 'ProfileAnalyzerTest' at line 2225: [113.20036550358931, 113.20036550358931, 3, 100000, 115000, 125000, 172000, -1, 0, 0.04, 3, 'take_innsta_0.015', 27, 0, 39, 9.617401440270848, 113.20036550358931, 6]
2018-01-05 11:28:30.260 INFO in 'ProfileAnalyzerTest' at line 2225: [7.504713436793871, 7.504713436793871, 3, 100000, 115000, 125000, 165000, -1, 0, 0.04, 4, 'take_innsta_0.015', 27, 0, 33, 7.187792731555936, 7.504713436793871, 2]
2018-01-05 11:28:30.262 INFO in 'ProfileAnalyzerTest' at line 2225: [8.308144172445383, 8.308144172445383, 3, 100000, 115000, 125000, 164000, -1, 0, 0.04, 4, 'take_innsta_0.015', 27, 0, 41, 7.032494271711342, 8.308144172445383, 2]
2018-01-05 11:28:30.262 INFO in 'ProfileAnalyzerTest' at line 2225: [8.430474711095563, 8.430474711095563, 3, 100000, 115000, 125000, 174000, -1, 0, 0.04, 4, 'take_innsta_0.015', 27, 0, 36, 7.684926029944209, 8.430474711095563, 3]
2018-01-05 11:28:30.262 INFO in 'ProfileAnalyzerTest' at line 2225: [8.549258094354547, 8.549258094354547, 3, 100000, 115000, 125000, 170000, -1, 0, 0.04, 4, 'take_innsta_0.015', 27, 0, 32, 7.280110467300912, 8.549258094354547, 3]
2018-01-05 11:28:30.262 INFO in 'ProfileAnalyzerTest' at line 2225: [11.330445124310609, 11.330445124310609, 3, 100000, 120000, 125000, 171000, -1, 0, 0.04, 4, 'take_innsta_0.015', 27, 0, 37, 7.360048326894847, 11.330445124310609, 2]
2018-01-05 11:28:30.262 INFO in 'ProfileAnalyzerTest' at line 2225: [16.631020297931492, 16.631020297931492, 3, 100000, 115000, 125000, 171000, -1, 0, 0.04, 4, 'take_innsta_0.015', 27, 0, 35, 7.973982807120985, 16.631020297931492, 2]
2018-01-05 11:28:30.262 INFO in 'ProfileAnalyzerTest' at line 2225: [19.440083730011096, 19.440083730011096, 3, 100000, 120000, 125000, 173000, -1, 0, 0.04, 4, 'take_innsta_0.015', 27, 0, 38, 8.042333674969951, 19.440083730011096, 3]
2018-01-05 11:28:30.263 INFO in 'ProfileAnalyzerTest' at line 2225: [33.99683291418407, 33.99683291418407, 3, 100000, 120000, 125000, 172000, -1, 0, 0.04, 4, 'take_innsta_0.015', 27, 0, 35, 8.32500630355345, 33.99683291418407, 6]
2018-01-05 11:28:30.263 INFO in 'ProfileAnalyzerTest' at line 2225: [41.645186721854365, 41.645186721854365, 3, 100000, 115000, 125000, 173000, -1, 0, 0.04, 4, 'take_innsta_0.015', 27, 0, 36, 8.914467532802144, 41.645186721854365, 3]
2018-01-05 11:28:30.263 INFO in 'ProfileAnalyzerTest' at line 2225: [113.20036550358931, 113.20036550358931, 3, 100000, 115000, 125000, 172000, -1, 0, 0.04, 4, 'take_innsta_0.015', 27, 0, 39, 9.617401440270848, 113.20036550358931, 6]
2018-01-05 11:28:30.263 INFO in 'ProfileAnalyzerTest' at line 2225: [7.504713436793871, 7.504713436793871, 3, 100000, 115000, 125000, 165000, -1, 0, 0.04, 5, 'take_innsta_0.015', 27, 0, 33, 7.187792731555936, 7.504713436793871, 2]
2018-01-05 11:28:30.263 INFO in 'ProfileAnalyzerTest' at line 2225: [8.308144172445383, 8.308144172445383, 3, 100000, 115000, 125000, 164000, -1, 0, 0.04, 5, 'take_innsta_0.015', 27, 0, 41, 7.032494271711342, 8.308144172445383, 2]
2018-01-05 11:28:30.263 INFO in 'ProfileAnalyzerTest' at line 2225: [8.430474711095563, 8.430474711095563, 3, 100000, 115000, 125000, 174000, -1, 0, 0.04, 5, 'take_innsta_0.015', 27, 0, 36, 7.684926029944209, 8.430474711095563, 3]
2018-01-05 11:28:30.263 INFO in 'ProfileAnalyzerTest' at line 2225: [8.549258094354547, 8.549258094354547, 3, 100000, 115000, 125000, 170000, -1, 0, 0.04, 5, 'take_innsta_0.015', 27, 0, 32, 7.280110467300912, 8.549258094354547, 3]
2018-01-05 11:28:30.263 INFO in 'ProfileAnalyzerTest' at line 2225: [11.330445124310609, 11.330445124310609, 3, 100000, 120000, 125000, 171000, -1, 0, 0.04, 5, 'take_innsta_0.015', 27, 0, 37, 7.360048326894847, 11.330445124310609, 2]
2018-01-05 11:28:30.263 INFO in 'ProfileAnalyzerTest' at line 2225: [16.631020297931492, 16.631020297931492, 3, 100000, 115000, 125000, 171000, -1, 0, 0.04, 5, 'take_innsta_0.015', 27, 0, 35, 7.973982807120985, 16.631020297931492, 2]
2018-01-05 11:28:30.263 INFO in 'ProfileAnalyzerTest' at line 2225: [19.440083730011096, 19.440083730011096, 3, 100000, 120000, 125000, 173000, -1, 0, 0.04, 5, 'take_innsta_0.015', 27, 0, 38, 8.042333674969951, 19.440083730011096, 3]
2018-01-05 11:28:30.263 INFO in 'ProfileAnalyzerTest' at line 2225: [33.99683291418407, 33.99683291418407, 3, 100000, 120000, 125000, 172000, -1, 0, 0.04, 5, 'take_innsta_0.015', 27, 0, 35, 8.32500630355345, 33.99683291418407, 6]
2018-01-05 11:28:30.263 INFO in 'ProfileAnalyzerTest' at line 2225: [41.645186721854365, 41.645186721854365, 3, 100000, 115000, 125000, 173000, -1, 0, 0.04, 5, 'take_innsta_0.015', 27, 0, 36, 8.914467532802144, 41.645186721854365, 3]
2018-01-05 11:28:30.263 INFO in 'ProfileAnalyzerTest' at line 2225: [113.20036550358931, 113.20036550358931, 3, 100000, 115000, 125000, 172000, -1, 0, 0.04, 5, 'take_innsta_0.015', 27, 0, 39, 9.617401440270848, 113.20036550358931, 6]
2018-01-05 11:28:30.266 INFO in 'ProfileAnalyzerTest' at line 2225: [7.504713436793871, 7.504713436793871, 3, 100000, 115000, 125000, 165000, -1, 0, 0.04, 1, 'take_innsta_0.015', 27, 0, 33, 7.187792731555936, 7.504713436793871, 2]
2018-01-05 11:28:30.266 INFO in 'ProfileAnalyzerTest' at line 2225: [8.308144172445383, 8.308144172445383, 3, 100000, 115000, 125000, 164000, -1, 0, 0.04, 1, 'take_innsta_0.015', 27, 0, 41, 7.032494271711342, 8.308144172445383, 2]
2018-01-05 11:28:30.266 INFO in 'ProfileAnalyzerTest' at line 2225: [8.430474711095563, 8.430474711095563, 3, 100000, 115000, 125000, 174000, -1, 0, 0.04, 1, 'take_innsta_0.015', 27, 0, 36, 7.684926029944209, 8.430474711095563, 3]
2018-01-05 11:28:30.266 INFO in 'ProfileAnalyzerTest' at line 2225: [8.549258094354547, 8.549258094354547, 3, 100000, 115000, 125000, 170000, -1, 0, 0.04, 1, 'take_innsta_0.015', 27, 0, 32, 7.280110467300912, 8.549258094354547, 3]
2018-01-05 11:28:30.266 INFO in 'ProfileAnalyzerTest' at line 2225: [11.330445124310609, 11.330445124310609, 3, 100000, 120000, 125000, 171000, -1, 0, 0.04, 1, 'take_innsta_0.015', 27, 0, 37, 7.360048326894847, 11.330445124310609, 2]
2018-01-05 11:28:30.266 INFO in 'ProfileAnalyzerTest' at line 2225: [16.631020297931492, 16.631020297931492, 3, 100000, 115000, 125000, 171000, -1, 0, 0.04, 1, 'take_innsta_0.015', 27, 0, 35, 7.973982807120985, 16.631020297931492, 2]
2018-01-05 11:28:30.266 INFO in 'ProfileAnalyzerTest' at line 2225: [19.440083730011096, 19.440083730011096, 3, 100000, 120000, 125000, 173000, -1, 0, 0.04, 1, 'take_innsta_0.015', 27, 0, 38, 8.042333674969951, 19.440083730011096, 3]
2018-01-05 11:28:30.266 INFO in 'ProfileAnalyzerTest' at line 2225: [33.99683291418407, 33.99683291418407, 3, 100000, 120000, 125000, 172000, -1, 0, 0.04, 1, 'take_innsta_0.015', 27, 0, 35, 8.32500630355345, 33.99683291418407, 6]
2018-01-05 11:28:30.266 INFO in 'ProfileAnalyzerTest' at line 2225: [41.645186721854365, 41.645186721854365, 3, 100000, 115000, 125000, 173000, -1, 0, 0.04, 1, 'take_innsta_0.015', 27, 0, 36, 8.914467532802144, 41.645186721854365, 3]
2018-01-05 11:28:30.266 INFO in 'ProfileAnalyzerTest' at line 2225: [113.20036550358931, 113.20036550358931, 3, 100000, 115000, 125000, 172000, -1, 0, 0.04, 1, 'take_innsta_0.015', 27, 0, 39, 9.617401440270848, 113.20036550358931, 6]
2018-01-05 11:28:30.266 INFO in 'ProfileAnalyzerTest' at line 2225: [7.504713436793871, 7.504713436793871, 3, 100000, 115000, 125000, 165000, -1, 0, 0.04, 2, 'take_innsta_0.015', 27, 0, 33, 7.187792731555936, 7.504713436793871, 2]
2018-01-05 11:28:30.266 INFO in 'ProfileAnalyzerTest' at line 2225: [8.308144172445383, 8.308144172445383, 3, 100000, 115000, 125000, 164000, -1, 0, 0.04, 2, 'take_innsta_0.015', 27, 0, 41, 7.032494271711342, 8.308144172445383, 2]
2018-01-05 11:28:30.266 INFO in 'ProfileAnalyzerTest' at line 2225: [8.430474711095563, 8.430474711095563, 3, 100000, 115000, 125000, 174000, -1, 0, 0.04, 2, 'take_innsta_0.015', 27, 0, 36, 7.684926029944209, 8.430474711095563, 3]
2018-01-05 11:28:30.267 INFO in 'ProfileAnalyzerTest' at line 2225: [8.549258094354547, 8.549258094354547, 3, 100000, 115000, 125000, 170000, -1, 0, 0.04, 2, 'take_innsta_0.015', 27, 0, 32, 7.280110467300912, 8.549258094354547, 3]
2018-01-05 11:28:30.267 INFO in 'ProfileAnalyzerTest' at line 2225: [11.330445124310609, 11.330445124310609, 3, 100000, 120000, 125000, 171000, -1, 0, 0.04, 2, 'take_innsta_0.015', 27, 0, 37, 7.360048326894847, 11.330445124310609, 2]
2018-01-05 11:28:30.267 INFO in 'ProfileAnalyzerTest' at line 2225: [16.631020297931492, 16.631020297931492, 3, 100000, 115000, 125000, 171000, -1, 0, 0.04, 2, 'take_innsta_0.015', 27, 0, 35, 7.973982807120985, 16.631020297931492, 2]
2018-01-05 11:28:30.267 INFO in 'ProfileAnalyzerTest' at line 2225: [19.440083730011096, 19.440083730011096, 3, 100000, 120000, 125000, 173000, -1, 0, 0.04, 2, 'take_innsta_0.015', 27, 0, 38, 8.042333674969951, 19.440083730011096, 3]
2018-01-05 11:28:30.267 INFO in 'ProfileAnalyzerTest' at line 2225: [33.99683291418407, 33.99683291418407, 3, 100000, 120000, 125000, 172000, -1, 0, 0.04, 2, 'take_innsta_0.015', 27, 0, 35, 8.32500630355345, 33.99683291418407, 6]
2018-01-05 11:28:30.267 INFO in 'ProfileAnalyzerTest' at line 2225: [41.645186721854365, 41.645186721854365, 3, 100000, 115000, 125000, 173000, -1, 0, 0.04, 2, 'take_innsta_0.015', 27, 0, 36, 8.914467532802144, 41.645186721854365, 3]
2018-01-05 11:28:30.269 INFO in 'ProfileAnalyzerTest' at line 2225: [113.20036550358931, 113.20036550358931, 3, 100000, 115000, 125000, 172000, -1, 0, 0.04, 2, 'take_innsta_0.015', 27, 0, 39, 9.617401440270848, 113.20036550358931, 6]
2018-01-05 11:28:30.269 INFO in 'ProfileAnalyzerTest' at line 2225: [7.504713436793871, 7.504713436793871, 3, 100000, 115000, 125000, 165000, -1, 0, 0.04, 3, 'take_innsta_0.015', 27, 0, 33, 7.187792731555936, 7.504713436793871, 2]
2018-01-05 11:28:30.269 INFO in 'ProfileAnalyzerTest' at line 2225: [8.308144172445383, 8.308144172445383, 3, 100000, 115000, 125000, 164000, -1, 0, 0.04, 3, 'take_innsta_0.015', 27, 0, 41, 7.032494271711342, 8.308144172445383, 2]
2018-01-05 11:28:30.269 INFO in 'ProfileAnalyzerTest' at line 2225: [8.430474711095563, 8.430474711095563, 3, 100000, 115000, 125000, 174000, -1, 0, 0.04, 3, 'take_innsta_0.015', 27, 0, 36, 7.684926029944209, 8.430474711095563, 3]
2018-01-05 11:28:30.269 INFO in 'ProfileAnalyzerTest' at line 2225: [8.549258094354547, 8.549258094354547, 3, 100000, 115000, 125000, 170000, -1, 0, 0.04, 3, 'take_innsta_0.015', 27, 0, 32, 7.280110467300912, 8.549258094354547, 3]
2018-01-05 11:28:30.269 INFO in 'ProfileAnalyzerTest' at line 2225: [11.330445124310609, 11.330445124310609, 3, 100000, 120000, 125000, 171000, -1, 0, 0.04, 3, 'take_innsta_0.015', 27, 0, 37, 7.360048326894847, 11.330445124310609, 2]
2018-01-05 11:28:30.270 INFO in 'ProfileAnalyzerTest' at line 2225: [16.631020297931492, 16.631020297931492, 3, 100000, 115000, 125000, 171000, -1, 0, 0.04, 3, 'take_innsta_0.015', 27, 0, 35, 7.973982807120985, 16.631020297931492, 2]
2018-01-05 11:28:30.270 INFO in 'ProfileAnalyzerTest' at line 2225: [19.440083730011096, 19.440083730011096, 3, 100000, 120000, 125000, 173000, -1, 0, 0.04, 3, 'take_innsta_0.015', 27, 0, 38, 8.042333674969951, 19.440083730011096, 3]
2018-01-05 11:28:30.270 INFO in 'ProfileAnalyzerTest' at line 2225: [33.99683291418407, 33.99683291418407, 3, 100000, 120000, 125000, 172000, -1, 0, 0.04, 3, 'take_innsta_0.015', 27, 0, 35, 8.32500630355345, 33.99683291418407, 6]
2018-01-05 11:28:30.270 INFO in 'ProfileAnalyzerTest' at line 2225: [41.645186721854365, 41.645186721854365, 3, 100000, 115000, 125000, 173000, -1, 0, 0.04, 3, 'take_innsta_0.015', 27, 0, 36, 8.914467532802144, 41.645186721854365, 3]
2018-01-05 11:28:30.270 INFO in 'ProfileAnalyzerTest' at line 2225: [113.20036550358931, 113.20036550358931, 3, 100000, 115000, 125000, 172000, -1, 0, 0.04, 3, 'take_innsta_0.015', 27, 0, 39, 9.617401440270848, 113.20036550358931, 6]
2018-01-05 11:28:30.270 INFO in 'ProfileAnalyzerTest' at line 2225: [7.504713436793871, 7.504713436793871, 3, 100000, 115000, 125000, 165000, -1, 0, 0.04, 4, 'take_innsta_0.015', 27, 0, 33, 7.187792731555936, 7.504713436793871, 2]
2018-01-05 11:28:30.270 INFO in 'ProfileAnalyzerTest' at line 2225: [8.308144172445383, 8.308144172445383, 3, 100000, 115000, 125000, 164000, -1, 0, 0.04, 4, 'take_innsta_0.015', 27, 0, 41, 7.032494271711342, 8.308144172445383, 2]
2018-01-05 11:28:30.272 INFO in 'ProfileAnalyzerTest' at line 2225: [8.430474711095563, 8.430474711095563, 3, 100000, 115000, 125000, 174000, -1, 0, 0.04, 4, 'take_innsta_0.015', 27, 0, 36, 7.684926029944209, 8.430474711095563, 3]
2018-01-05 11:28:30.272 INFO in 'ProfileAnalyzerTest' at line 2225: [8.549258094354547, 8.549258094354547, 3, 100000, 115000, 125000, 170000, -1, 0, 0.04, 4, 'take_innsta_0.015', 27, 0, 32, 7.280110467300912, 8.549258094354547, 3]
2018-01-05 11:28:30.272 INFO in 'ProfileAnalyzerTest' at line 2225: [11.330445124310609, 11.330445124310609, 3, 100000, 120000, 125000, 171000, -1, 0, 0.04, 4, 'take_innsta_0.015', 27, 0, 37, 7.360048326894847, 11.330445124310609, 2]
2018-01-05 11:28:30.272 INFO in 'ProfileAnalyzerTest' at line 2225: [16.631020297931492, 16.631020297931492, 3, 100000, 115000, 125000, 171000, -1, 0, 0.04, 4, 'take_innsta_0.015', 27, 0, 35, 7.973982807120985, 16.631020297931492, 2]
2018-01-05 11:28:30.272 INFO in 'ProfileAnalyzerTest' at line 2225: [19.440083730011096, 19.440083730011096, 3, 100000, 120000, 125000, 173000, -1, 0, 0.04, 4, 'take_innsta_0.015', 27, 0, 38, 8.042333674969951, 19.440083730011096, 3]
2018-01-05 11:28:30.272 INFO in 'ProfileAnalyzerTest' at line 2225: [33.99683291418407, 33.99683291418407, 3, 100000, 120000, 125000, 172000, -1, 0, 0.04, 4, 'take_innsta_0.015', 27, 0, 35, 8.32500630355345, 33.99683291418407, 6]
2018-01-05 11:28:30.273 INFO in 'ProfileAnalyzerTest' at line 2225: [41.645186721854365, 41.645186721854365, 3, 100000, 115000, 125000, 173000, -1, 0, 0.04, 4, 'take_innsta_0.015', 27, 0, 36, 8.914467532802144, 41.645186721854365, 3]
2018-01-05 11:28:30.273 INFO in 'ProfileAnalyzerTest' at line 2225: [113.20036550358931, 113.20036550358931, 3, 100000, 115000, 125000, 172000, -1, 0, 0.04, 4, 'take_innsta_0.015', 27, 0, 39, 9.617401440270848, 113.20036550358931, 6]
2018-01-05 11:28:30.273 INFO in 'ProfileAnalyzerTest' at line 2225: [7.504713436793871, 7.504713436793871, 3, 100000, 115000, 125000, 165000, -1, 0, 0.04, 5, 'take_innsta_0.015', 27, 0, 33, 7.187792731555936, 7.504713436793871, 2]
2018-01-05 11:28:30.273 INFO in 'ProfileAnalyzerTest' at line 2225: [8.308144172445383, 8.308144172445383, 3, 100000, 115000, 125000, 164000, -1, 0, 0.04, 5, 'take_innsta_0.015', 27, 0, 41, 7.032494271711342, 8.308144172445383, 2]
2018-01-05 11:28:30.273 INFO in 'ProfileAnalyzerTest' at line 2225: [8.430474711095563, 8.430474711095563, 3, 100000, 115000, 125000, 174000, -1, 0, 0.04, 5, 'take_innsta_0.015', 27, 0, 36, 7.684926029944209, 8.430474711095563, 3]
2018-01-05 11:28:30.273 INFO in 'ProfileAnalyzerTest' at line 2225: [8.549258094354547, 8.549258094354547, 3, 100000, 115000, 125000, 170000, -1, 0, 0.04, 5, 'take_innsta_0.015', 27, 0, 32, 7.280110467300912, 8.549258094354547, 3]
2018-01-05 11:28:30.273 INFO in 'ProfileAnalyzerTest' at line 2225: [11.330445124310609, 11.330445124310609, 3, 100000, 120000, 125000, 171000, -1, 0, 0.04, 5, 'take_innsta_0.015', 27, 0, 37, 7.360048326894847, 11.330445124310609, 2]
2018-01-05 11:28:30.273 INFO in 'ProfileAnalyzerTest' at line 2225: [16.631020297931492, 16.631020297931492, 3, 100000, 115000, 125000, 171000, -1, 0, 0.04, 5, 'take_innsta_0.015', 27, 0, 35, 7.973982807120985, 16.631020297931492, 2]
2018-01-05 11:28:30.273 INFO in 'ProfileAnalyzerTest' at line 2225: [19.440083730011096, 19.440083730011096, 3, 100000, 120000, 125000, 173000, -1, 0, 0.04, 5, 'take_innsta_0.015', 27, 0, 38, 8.042333674969951, 19.440083730011096, 3]
2018-01-05 11:28:30.273 INFO in 'ProfileAnalyzerTest' at line 2225: [33.99683291418407, 33.99683291418407, 3, 100000, 120000, 125000, 172000, -1, 0, 0.04, 5, 'take_innsta_0.015', 27, 0, 35, 8.32500630355345, 33.99683291418407, 6]
2018-01-05 11:28:30.273 INFO in 'ProfileAnalyzerTest' at line 2225: [41.645186721854365, 41.645186721854365, 3, 100000, 115000, 125000, 173000, -1, 0, 0.04, 5, 'take_innsta_0.015', 27, 0, 36, 8.914467532802144, 41.645186721854365, 3]
2018-01-05 11:28:30.273 INFO in 'ProfileAnalyzerTest' at line 2225: [113.20036550358931, 113.20036550358931, 3, 100000, 115000, 125000, 172000, -1, 0, 0.04, 5, 'take_innsta_0.015', 27, 0, 39, 9.617401440270848, 113.20036550358931, 6]
2018-01-05 11:28:37.831 INFO in 'ProfileAnalyzerTest' at line 2179: AVG PVV -5.02238223587
2018-01-05 11:28:37.834 INFO in 'ProfileAnalyzerTest' at line 2180: AVG Volume 835.810740288
2018-01-05 11:35:09.377 INFO in 'ProfileAnalyzerTest' at line 2225: [3.167787557553011, 3.167787557553011, 4, 100000, 110000, 133000, 154000, -1, 0, 0.03, 4, 'take_innsta_0.015', 9, 0, 26, 4.369483119812864, 3.167787557553011, 5]
2018-01-05 11:35:09.378 INFO in 'ProfileAnalyzerTest' at line 2225: [3.167787557553011, 3.167787557553011, 4, 100000, 110000, 133000, 154000, -1, 0, 0.03, 5, 'take_innsta_0.015', 9, 0, 26, 4.369483119812864, 3.167787557553011, 5]
2018-01-05 11:35:09.378 INFO in 'ProfileAnalyzerTest' at line 2225: [1.9216497796950092, 1.9216497796950092, 4, 100000, 101000, 103000, 135000, 1, 0, 0.04, 0, 'take_innsta_0.005', 9, 20, 57, 3.3352585572441598, 1.9216497796950092, 0]
2018-01-05 11:35:09.378 INFO in 'ProfileAnalyzerTest' at line 2225: [2.305113212135722, 2.305113212135722, 4, 100000, 101000, 103000, 161000, 1, 0, 0.04, 0, 'take_innsta_0.005', 9, 20, 68, 4.079254939500897, 2.305113212135722, 1]
2018-01-05 11:35:09.378 INFO in 'ProfileAnalyzerTest' at line 2225: [2.3167424286937135, 2.3167424286937135, 4, 100000, 101000, 103000, 151000, 1, 0, 0.04, 0, 'take_innsta_0.005', 9, 20, 61, 3.705929279579088, 2.3167424286937135, 0]
2018-01-05 11:35:09.378 INFO in 'ProfileAnalyzerTest' at line 2225: [2.3198629185519097, 2.3198629185519097, 4, 100000, 101000, 103000, 141000, 1, 0, 0.04, 0, 'take_innsta_0.005', 9, 20, 55, 3.4960115912293537, 2.3198629185519097, 0]
2018-01-05 11:35:09.378 INFO in 'ProfileAnalyzerTest' at line 2225: [2.370789593484247, 2.370789593484247, 4, 100000, 101000, 103000, 165000, 1, 0, 0.04, 0, 'take_innsta_0.005', 9, 20, 76, 4.417855088592631, 2.370789593484247, 1]
2018-01-05 11:35:09.378 INFO in 'ProfileAnalyzerTest' at line 2225: [2.445076703770818, 2.445076703770818, 4, 100000, 101000, 103000, 170000, 1, 0, 0.04, 0, 'take_innsta_0.005', 9, 20, 77, 4.516437187866257, 2.445076703770818, 0]
2018-01-05 11:35:09.378 INFO in 'ProfileAnalyzerTest' at line 2225: [2.530463929537942, 2.530463929537942, 4, 100000, 101000, 103000, 140000, 1, 0, 0.04, 0, 'take_innsta_0.005', 9, 20, 58, 3.5698670228587805, 2.530463929537942, 1]
2018-01-05 11:35:09.378 INFO in 'ProfileAnalyzerTest' at line 2225: [2.6398842224217476, 2.6398842224217476, 4, 100000, 101000, 103000, 171000, 1, 0, 0.04, 0, 'take_innsta_0.005', 9, 20, 77, 4.6387388153326565, 2.6398842224217476, 0]
2018-01-05 11:35:09.378 INFO in 'ProfileAnalyzerTest' at line 2225: [2.685670768057008, 2.685670768057008, 4, 100000, 101000, 103000, 174000, 1, 0, 0.04, 0, 'take_innsta_0.005', 9, 20, 79, 4.7222526614407, 2.685670768057008, 0]
2018-01-05 11:35:09.378 INFO in 'ProfileAnalyzerTest' at line 2225: [3.1292435769810054, 3.1292435769810054, 4, 100000, 101000, 103000, 172000, 1, 0, 0.04, 0, 'take_innsta_0.005', 9, 20, 77, 4.720082185004379, 3.1292435769810054, 0]
2018-01-05 11:35:09.378 INFO in 'ProfileAnalyzerTest' at line 2225: [3.1737493887497443, 3.1737493887497443, 4, 100000, 101000, 103000, 143000, 1, 0, 0.04, 0, 'take_innsta_0.005', 9, 20, 61, 3.790859114398806, 3.1737493887497443, 0]
2018-01-05 11:35:09.381 INFO in 'ProfileAnalyzerTest' at line 2225: [3.205334789160912, 3.205334789160912, 4, 100000, 101000, 103000, 144000, 1, 0, 0.04, 0, 'take_innsta_0.005', 9, 20, 59, 3.8671523290620113, 3.205334789160912, 0]
2018-01-05 11:35:09.381 INFO in 'ProfileAnalyzerTest' at line 2225: [3.326967600073887, 3.326967600073887, 4, 100000, 101000, 103000, 173000, 1, 0, 0.04, 0, 'take_innsta_0.005', 9, 20, 79, 4.817734721050598, 3.326967600073887, 0]
2018-01-05 11:35:09.381 INFO in 'ProfileAnalyzerTest' at line 2225: [3.8718778744452034, 3.8718778744452034, 4, 100000, 101000, 103000, 150000, 1, 0, 0.04, 0, 'take_innsta_0.005', 9, 20, 63, 4.054111448347975, 3.8718778744452034, 0]
2018-01-05 11:35:09.381 INFO in 'ProfileAnalyzerTest' at line 2225: [3.9512266596638614, 3.9512266596638614, 4, 100000, 101000, 103000, 142000, 1, 0, 0.04, 0, 'take_innsta_0.005', 9, 20, 60, 3.937227532608965, 3.9512266596638614, 1]
2018-01-05 11:35:09.381 INFO in 'ProfileAnalyzerTest' at line 2225: [4.445132903282427, 4.445132903282427, 4, 100000, 101000, 103000, 145000, 1, 0, 0.04, 0, 'take_innsta_0.005', 9, 20, 64, 4.127785220315356, 4.445132903282427, 1]
2018-01-05 11:35:09.381 INFO in 'ProfileAnalyzerTest' at line 2225: [1.9216497796950092, 1.9216497796950092, 4, 100000, 101000, 103000, 135000, 1, 0, 0.04, 0, 'take_innsta_0.005', 9, 20, 57, 3.3352585572441598, 1.9216497796950092, 0]
2018-01-05 11:35:09.381 INFO in 'ProfileAnalyzerTest' at line 2225: [2.305113212135722, 2.305113212135722, 4, 100000, 101000, 103000, 161000, 1, 0, 0.04, 0, 'take_innsta_0.005', 9, 20, 68, 4.079254939500897, 2.305113212135722, 1]
2018-01-05 11:35:09.381 INFO in 'ProfileAnalyzerTest' at line 2225: [2.3167424286937135, 2.3167424286937135, 4, 100000, 101000, 103000, 151000, 1, 0, 0.04, 0, 'take_innsta_0.005', 9, 20, 61, 3.705929279579088, 2.3167424286937135, 0]
2018-01-05 11:35:09.381 INFO in 'ProfileAnalyzerTest' at line 2225: [2.3198629185519097, 2.3198629185519097, 4, 100000, 101000, 103000, 141000, 1, 0, 0.04, 0, 'take_innsta_0.005', 9, 20, 55, 3.4960115912293537, 2.3198629185519097, 0]
2018-01-05 11:35:09.381 INFO in 'ProfileAnalyzerTest' at line 2225: [2.370789593484247, 2.370789593484247, 4, 100000, 101000, 103000, 165000, 1, 0, 0.04, 0, 'take_innsta_0.005', 9, 20, 76, 4.417855088592631, 2.370789593484247, 1]
2018-01-05 11:35:09.381 INFO in 'ProfileAnalyzerTest' at line 2225: [2.445076703770818, 2.445076703770818, 4, 100000, 101000, 103000, 170000, 1, 0, 0.04, 0, 'take_innsta_0.005', 9, 20, 77, 4.516437187866257, 2.445076703770818, 0]
2018-01-05 11:35:09.381 INFO in 'ProfileAnalyzerTest' at line 2225: [2.530463929537942, 2.530463929537942, 4, 100000, 101000, 103000, 140000, 1, 0, 0.04, 0, 'take_innsta_0.005', 9, 20, 58, 3.5698670228587805, 2.530463929537942, 1]
2018-01-05 11:35:09.381 INFO in 'ProfileAnalyzerTest' at line 2225: [2.6398842224217476, 2.6398842224217476, 4, 100000, 101000, 103000, 171000, 1, 0, 0.04, 0, 'take_innsta_0.005', 9, 20, 77, 4.6387388153326565, 2.6398842224217476, 0]
2018-01-05 11:35:09.382 INFO in 'ProfileAnalyzerTest' at line 2225: [2.685670768057008, 2.685670768057008, 4, 100000, 101000, 103000, 174000, 1, 0, 0.04, 0, 'take_innsta_0.005', 9, 20, 79, 4.7222526614407, 2.685670768057008, 0]
2018-01-05 11:35:09.382 INFO in 'ProfileAnalyzerTest' at line 2225: [3.1292435769810054, 3.1292435769810054, 4, 100000, 101000, 103000, 172000, 1, 0, 0.04, 0, 'take_innsta_0.005', 9, 20, 77, 4.720082185004379, 3.1292435769810054, 0]
2018-01-05 11:35:09.382 INFO in 'ProfileAnalyzerTest' at line 2225: [3.1737493887497443, 3.1737493887497443, 4, 100000, 101000, 103000, 143000, 1, 0, 0.04, 0, 'take_innsta_0.005', 9, 20, 61, 3.790859114398806, 3.1737493887497443, 0]
2018-01-05 11:35:09.382 INFO in 'ProfileAnalyzerTest' at line 2225: [3.205334789160912, 3.205334789160912, 4, 100000, 101000, 103000, 144000, 1, 0, 0.04, 0, 'take_innsta_0.005', 9, 20, 59, 3.8671523290620113, 3.205334789160912, 0]
2018-01-05 11:35:09.382 INFO in 'ProfileAnalyzerTest' at line 2225: [3.326967600073887, 3.326967600073887, 4, 100000, 101000, 103000, 173000, 1, 0, 0.04, 0, 'take_innsta_0.005', 9, 20, 79, 4.817734721050598, 3.326967600073887, 0]
2018-01-05 11:35:09.382 INFO in 'ProfileAnalyzerTest' at line 2225: [3.8718778744452034, 3.8718778744452034, 4, 100000, 101000, 103000, 150000, 1, 0, 0.04, 0, 'take_innsta_0.005', 9, 20, 63, 4.054111448347975, 3.8718778744452034, 0]
2018-01-05 11:35:09.384 INFO in 'ProfileAnalyzerTest' at line 2225: [3.9512266596638614, 3.9512266596638614, 4, 100000, 101000, 103000, 142000, 1, 0, 0.04, 0, 'take_innsta_0.005', 9, 20, 60, 3.937227532608965, 3.9512266596638614, 1]
2018-01-05 11:35:09.384 INFO in 'ProfileAnalyzerTest' at line 2225: [4.445132903282427, 4.445132903282427, 4, 100000, 101000, 103000, 145000, 1, 0, 0.04, 0, 'take_innsta_0.005', 9, 20, 64, 4.127785220315356, 4.445132903282427, 1]
2018-01-05 11:35:09.384 INFO in 'ProfileAnalyzerTest' at line 2225: [1.842493778744068, 1.842493778744068, 4, 100000, 101000, 103000, 141000, 1, 0, 0.03, 0, 'take_innsta_0.0075', 9, 20, 45, 4.11822935785513, 1.842493778744068, 0]
2018-01-05 11:35:09.384 INFO in 'ProfileAnalyzerTest' at line 2225: [2.0339438997132095, 2.0339438997132095, 4, 100000, 101000, 103000, 143000, 1, 0, 0.03, 0, 'take_innsta_0.0075', 9, 20, 49, 4.212904348868772, 2.0339438997132095, 0]
2018-01-05 11:35:09.384 INFO in 'ProfileAnalyzerTest' at line 2225: [2.060018043315178, 2.060018043315178, 4, 100000, 101000, 103000, 144000, 1, 0, 0.03, 0, 'take_innsta_0.0075', 9, 20, 47, 4.341249920069521, 2.060018043315178, 0]
2018-01-05 11:35:09.384 INFO in 'ProfileAnalyzerTest' at line 2225: [2.563855306500955, 2.563855306500955, 4, 100000, 101000, 103000, 150000, 1, 0, 0.03, 0, 'take_innsta_0.0075', 9, 20, 51, 4.551373860486054, 2.563855306500955, 0]
2018-01-05 11:35:09.384 INFO in 'ProfileAnalyzerTest' at line 2225: [3.135367059802897, 3.135367059802897, 4, 100000, 101000, 103000, 145000, 1, 0, 0.03, 0, 'take_innsta_0.0075', 9, 20, 54, 4.686168730517337, 3.135367059802897, 1]
2018-01-05 11:35:09.385 INFO in 'ProfileAnalyzerTest' at line 2225: [3.2289695697499528, 3.2289695697499528, 4, 100000, 101000, 103000, 142000, 1, 0, 0.03, 0, 'take_innsta_0.0075', 9, 20, 49, 4.5819637097947075, 3.2289695697499528, 2]
2018-01-05 11:35:09.385 INFO in 'ProfileAnalyzerTest' at line 2225: [1.9216497796950092, 1.9216497796950092, 4, 100000, 101000, 103000, 135000, 1, 0, 0.04, 0, 'take_innsta_0.005', 9, 20, 57, 3.3352585572441598, 1.9216497796950092, 0]
2018-01-05 11:35:09.385 INFO in 'ProfileAnalyzerTest' at line 2225: [2.305113212135722, 2.305113212135722, 4, 100000, 101000, 103000, 161000, 1, 0, 0.04, 0, 'take_innsta_0.005', 9, 20, 68, 4.079254939500897, 2.305113212135722, 1]
2018-01-05 11:35:09.385 INFO in 'ProfileAnalyzerTest' at line 2225: [2.3167424286937135, 2.3167424286937135, 4, 100000, 101000, 103000, 151000, 1, 0, 0.04, 0, 'take_innsta_0.005', 9, 20, 61, 3.705929279579088, 2.3167424286937135, 0]
2018-01-05 11:35:09.385 INFO in 'ProfileAnalyzerTest' at line 2225: [2.3198629185519097, 2.3198629185519097, 4, 100000, 101000, 103000, 141000, 1, 0, 0.04, 0, 'take_innsta_0.005', 9, 20, 55, 3.4960115912293537, 2.3198629185519097, 0]
2018-01-05 11:35:09.385 INFO in 'ProfileAnalyzerTest' at line 2225: [2.370789593484247, 2.370789593484247, 4, 100000, 101000, 103000, 165000, 1, 0, 0.04, 0, 'take_innsta_0.005', 9, 20, 76, 4.417855088592631, 2.370789593484247, 1]
2018-01-05 11:35:09.387 INFO in 'ProfileAnalyzerTest' at line 2225: [2.445076703770818, 2.445076703770818, 4, 100000, 101000, 103000, 170000, 1, 0, 0.04, 0, 'take_innsta_0.005', 9, 20, 77, 4.516437187866257, 2.445076703770818, 0]
2018-01-05 11:35:09.387 INFO in 'ProfileAnalyzerTest' at line 2225: [2.530463929537942, 2.530463929537942, 4, 100000, 101000, 103000, 140000, 1, 0, 0.04, 0, 'take_innsta_0.005', 9, 20, 58, 3.5698670228587805, 2.530463929537942, 1]
2018-01-05 11:35:09.387 INFO in 'ProfileAnalyzerTest' at line 2225: [2.6398842224217476, 2.6398842224217476, 4, 100000, 101000, 103000, 171000, 1, 0, 0.04, 0, 'take_innsta_0.005', 9, 20, 77, 4.6387388153326565, 2.6398842224217476, 0]
2018-01-05 11:35:09.387 INFO in 'ProfileAnalyzerTest' at line 2225: [2.685670768057008, 2.685670768057008, 4, 100000, 101000, 103000, 174000, 1, 0, 0.04, 0, 'take_innsta_0.005', 9, 20, 79, 4.7222526614407, 2.685670768057008, 0]
2018-01-05 11:35:09.387 INFO in 'ProfileAnalyzerTest' at line 2225: [3.1292435769810054, 3.1292435769810054, 4, 100000, 101000, 103000, 172000, 1, 0, 0.04, 0, 'take_innsta_0.005', 9, 20, 77, 4.720082185004379, 3.1292435769810054, 0]
2018-01-05 11:35:09.387 INFO in 'ProfileAnalyzerTest' at line 2225: [3.1737493887497443, 3.1737493887497443, 4, 100000, 101000, 103000, 143000, 1, 0, 0.04, 0, 'take_innsta_0.005', 9, 20, 61, 3.790859114398806, 3.1737493887497443, 0]
2018-01-05 11:35:09.388 INFO in 'ProfileAnalyzerTest' at line 2225: [3.205334789160912, 3.205334789160912, 4, 100000, 101000, 103000, 144000, 1, 0, 0.04, 0, 'take_innsta_0.005', 9, 20, 59, 3.8671523290620113, 3.205334789160912, 0]
2018-01-05 11:35:09.388 INFO in 'ProfileAnalyzerTest' at line 2225: [3.326967600073887, 3.326967600073887, 4, 100000, 101000, 103000, 173000, 1, 0, 0.04, 0, 'take_innsta_0.005', 9, 20, 79, 4.817734721050598, 3.326967600073887, 0]
2018-01-05 11:35:09.388 INFO in 'ProfileAnalyzerTest' at line 2225: [3.8718778744452034, 3.8718778744452034, 4, 100000, 101000, 103000, 150000, 1, 0, 0.04, 0, 'take_innsta_0.005', 9, 20, 63, 4.054111448347975, 3.8718778744452034, 0]
2018-01-05 11:35:09.388 INFO in 'ProfileAnalyzerTest' at line 2225: [3.9512266596638614, 3.9512266596638614, 4, 100000, 101000, 103000, 142000, 1, 0, 0.04, 0, 'take_innsta_0.005', 9, 20, 60, 3.937227532608965, 3.9512266596638614, 1]
2018-01-05 11:35:09.388 INFO in 'ProfileAnalyzerTest' at line 2225: [4.445132903282427, 4.445132903282427, 4, 100000, 101000, 103000, 145000, 1, 0, 0.04, 0, 'take_innsta_0.005', 9, 20, 64, 4.127785220315356, 4.445132903282427, 1]
2018-01-05 11:35:09.388 INFO in 'ProfileAnalyzerTest' at line 2225: [1.8079440139312077, 1.8079440139312077, 4, 100000, 101000, 103000, 151000, 1, 0, 0.03, 0, 'take_innsta_0.005', 9, 20, 59, 3.4434021586838135, 1.8079440139312077, 0]
2018-01-05 11:35:09.388 INFO in 'ProfileAnalyzerTest' at line 2225: [2.099894152271891, 2.099894152271891, 4, 100000, 101000, 103000, 135000, 1, 0, 0.03, 0, 'take_innsta_0.005', 9, 20, 55, 3.374693114726611, 2.099894152271891, 0]
2018-01-05 11:35:09.388 INFO in 'ProfileAnalyzerTest' at line 2225: [2.373634314105804, 2.373634314105804, 4, 100000, 101000, 103000, 141000, 1, 0, 0.03, 0, 'take_innsta_0.005', 9, 20, 55, 3.4789472400947496, 2.373634314105804, 0]
2018-01-05 11:35:09.388 INFO in 'ProfileAnalyzerTest' at line 2225: [2.447654630841492, 2.447654630841492, 4, 100000, 101000, 103000, 144000, 1, 0, 0.03, 0, 'take_innsta_0.005', 9, 20, 55, 3.587630861872882, 2.447654630841492, 0]
2018-01-05 11:35:09.388 INFO in 'ProfileAnalyzerTest' at line 2225: [2.6626520016430884, 2.6626520016430884, 4, 100000, 101000, 103000, 143000, 1, 0, 0.03, 0, 'take_innsta_0.005', 9, 20, 57, 3.582847217685242, 2.6626520016430884, 0]
2018-01-05 11:35:09.388 INFO in 'ProfileAnalyzerTest' at line 2225: [2.7510777131656927, 2.7510777131656927, 4, 100000, 101000, 103000, 150000, 1, 0, 0.03, 0, 'take_innsta_0.005', 9, 20, 59, 3.7062234039391755, 2.7510777131656927, 0]
2018-01-05 11:35:09.388 INFO in 'ProfileAnalyzerTest' at line 2225: [2.8778658859893373, 2.8778658859893373, 4, 100000, 101000, 103000, 140000, 1, 0, 0.03, 0, 'take_innsta_0.005', 9, 20, 58, 3.6520135239811164, 2.8778658859893373, 1]
2018-01-05 11:35:09.388 INFO in 'ProfileAnalyzerTest' at line 2225: [3.0605962997236125, 3.0605962997236125, 4, 100000, 101000, 103000, 145000, 1, 0, 0.03, 0, 'take_innsta_0.005', 9, 20, 59, 3.7489235400161145, 3.0605962997236125, 0]
2018-01-05 11:35:09.388 INFO in 'ProfileAnalyzerTest' at line 2225: [3.5154012183706502, 3.5154012183706502, 4, 100000, 101000, 103000, 142000, 1, 0, 0.03, 0, 'take_innsta_0.005', 9, 20, 57, 3.772588023460661, 3.5154012183706502, 0]
2018-01-05 11:35:09.391 INFO in 'ProfileAnalyzerTest' at line 2225: [1.9216497796950092, 1.9216497796950092, 4, 100000, 101000, 103000, 135000, 1, 0, 0.04, 0, 'take_innsta_0.005', 9, 20, 57, 3.3352585572441598, 1.9216497796950092, 0]
2018-01-05 11:35:09.391 INFO in 'ProfileAnalyzerTest' at line 2225: [2.305113212135722, 2.305113212135722, 4, 100000, 101000, 103000, 161000, 1, 0, 0.04, 0, 'take_innsta_0.005', 9, 20, 68, 4.079254939500897, 2.305113212135722, 1]
2018-01-05 11:35:09.391 INFO in 'ProfileAnalyzerTest' at line 2225: [2.3167424286937135, 2.3167424286937135, 4, 100000, 101000, 103000, 151000, 1, 0, 0.04, 0, 'take_innsta_0.005', 9, 20, 61, 3.705929279579088, 2.3167424286937135, 0]
2018-01-05 11:35:09.391 INFO in 'ProfileAnalyzerTest' at line 2225: [2.3198629185519097, 2.3198629185519097, 4, 100000, 101000, 103000, 141000, 1, 0, 0.04, 0, 'take_innsta_0.005', 9, 20, 55, 3.4960115912293537, 2.3198629185519097, 0]
2018-01-05 11:35:09.391 INFO in 'ProfileAnalyzerTest' at line 2225: [2.370789593484247, 2.370789593484247, 4, 100000, 101000, 103000, 165000, 1, 0, 0.04, 0, 'take_innsta_0.005', 9, 20, 76, 4.417855088592631, 2.370789593484247, 1]
2018-01-05 11:35:09.391 INFO in 'ProfileAnalyzerTest' at line 2225: [2.445076703770818, 2.445076703770818, 4, 100000, 101000, 103000, 170000, 1, 0, 0.04, 0, 'take_innsta_0.005', 9, 20, 77, 4.516437187866257, 2.445076703770818, 0]
2018-01-05 11:35:09.391 INFO in 'ProfileAnalyzerTest' at line 2225: [2.530463929537942, 2.530463929537942, 4, 100000, 101000, 103000, 140000, 1, 0, 0.04, 0, 'take_innsta_0.005', 9, 20, 58, 3.5698670228587805, 2.530463929537942, 1]
2018-01-05 11:35:09.391 INFO in 'ProfileAnalyzerTest' at line 2225: [2.6398842224217476, 2.6398842224217476, 4, 100000, 101000, 103000, 171000, 1, 0, 0.04, 0, 'take_innsta_0.005', 9, 20, 77, 4.6387388153326565, 2.6398842224217476, 0]
2018-01-05 11:35:09.391 INFO in 'ProfileAnalyzerTest' at line 2225: [2.685670768057008, 2.685670768057008, 4, 100000, 101000, 103000, 174000, 1, 0, 0.04, 0, 'take_innsta_0.005', 9, 20, 79, 4.7222526614407, 2.685670768057008, 0]
2018-01-05 11:35:09.391 INFO in 'ProfileAnalyzerTest' at line 2225: [3.1292435769810054, 3.1292435769810054, 4, 100000, 101000, 103000, 172000, 1, 0, 0.04, 0, 'take_innsta_0.005', 9, 20, 77, 4.720082185004379, 3.1292435769810054, 0]
2018-01-05 11:35:09.391 INFO in 'ProfileAnalyzerTest' at line 2225: [3.1737493887497443, 3.1737493887497443, 4, 100000, 101000, 103000, 143000, 1, 0, 0.04, 0, 'take_innsta_0.005', 9, 20, 61, 3.790859114398806, 3.1737493887497443, 0]
2018-01-05 11:35:09.391 INFO in 'ProfileAnalyzerTest' at line 2225: [3.205334789160912, 3.205334789160912, 4, 100000, 101000, 103000, 144000, 1, 0, 0.04, 0, 'take_innsta_0.005', 9, 20, 59, 3.8671523290620113, 3.205334789160912, 0]
2018-01-05 11:35:09.391 INFO in 'ProfileAnalyzerTest' at line 2225: [3.326967600073887, 3.326967600073887, 4, 100000, 101000, 103000, 173000, 1, 0, 0.04, 0, 'take_innsta_0.005', 9, 20, 79, 4.817734721050598, 3.326967600073887, 0]
2018-01-05 11:35:09.392 INFO in 'ProfileAnalyzerTest' at line 2225: [3.8718778744452034, 3.8718778744452034, 4, 100000, 101000, 103000, 150000, 1, 0, 0.04, 0, 'take_innsta_0.005', 9, 20, 63, 4.054111448347975, 3.8718778744452034, 0]
2018-01-05 11:35:09.392 INFO in 'ProfileAnalyzerTest' at line 2225: [3.9512266596638614, 3.9512266596638614, 4, 100000, 101000, 103000, 142000, 1, 0, 0.04, 0, 'take_innsta_0.005', 9, 20, 60, 3.937227532608965, 3.9512266596638614, 1]
2018-01-05 11:35:09.392 INFO in 'ProfileAnalyzerTest' at line 2225: [4.445132903282427, 4.445132903282427, 4, 100000, 101000, 103000, 145000, 1, 0, 0.04, 0, 'take_innsta_0.005', 9, 20, 64, 4.127785220315356, 4.445132903282427, 1]
2018-01-05 11:35:09.392 INFO in 'ProfileAnalyzerTest' at line 2225: [1.9216497796950092, 1.9216497796950092, 4, 100000, 101000, 103000, 135000, 1, 0, 0.04, 0, 'take_innsta_0.005', 9, 20, 57, 3.3352585572441598, 1.9216497796950092, 0]
2018-01-05 11:35:09.392 INFO in 'ProfileAnalyzerTest' at line 2225: [2.305113212135722, 2.305113212135722, 4, 100000, 101000, 103000, 161000, 1, 0, 0.04, 0, 'take_innsta_0.005', 9, 20, 68, 4.079254939500897, 2.305113212135722, 1]
2018-01-05 11:35:09.392 INFO in 'ProfileAnalyzerTest' at line 2225: [2.3167424286937135, 2.3167424286937135, 4, 100000, 101000, 103000, 151000, 1, 0, 0.04, 0, 'take_innsta_0.005', 9, 20, 61, 3.705929279579088, 2.3167424286937135, 0]
2018-01-05 11:35:09.394 INFO in 'ProfileAnalyzerTest' at line 2225: [2.3198629185519097, 2.3198629185519097, 4, 100000, 101000, 103000, 141000, 1, 0, 0.04, 0, 'take_innsta_0.005', 9, 20, 55, 3.4960115912293537, 2.3198629185519097, 0]
2018-01-05 11:35:09.394 INFO in 'ProfileAnalyzerTest' at line 2225: [2.370789593484247, 2.370789593484247, 4, 100000, 101000, 103000, 165000, 1, 0, 0.04, 0, 'take_innsta_0.005', 9, 20, 76, 4.417855088592631, 2.370789593484247, 1]
2018-01-05 11:35:09.394 INFO in 'ProfileAnalyzerTest' at line 2225: [2.445076703770818, 2.445076703770818, 4, 100000, 101000, 103000, 170000, 1, 0, 0.04, 0, 'take_innsta_0.005', 9, 20, 77, 4.516437187866257, 2.445076703770818, 0]
2018-01-05 11:35:09.394 INFO in 'ProfileAnalyzerTest' at line 2225: [2.530463929537942, 2.530463929537942, 4, 100000, 101000, 103000, 140000, 1, 0, 0.04, 0, 'take_innsta_0.005', 9, 20, 58, 3.5698670228587805, 2.530463929537942, 1]
2018-01-05 11:35:09.394 INFO in 'ProfileAnalyzerTest' at line 2225: [2.6398842224217476, 2.6398842224217476, 4, 100000, 101000, 103000, 171000, 1, 0, 0.04, 0, 'take_innsta_0.005', 9, 20, 77, 4.6387388153326565, 2.6398842224217476, 0]
2018-01-05 11:35:09.394 INFO in 'ProfileAnalyzerTest' at line 2225: [2.685670768057008, 2.685670768057008, 4, 100000, 101000, 103000, 174000, 1, 0, 0.04, 0, 'take_innsta_0.005', 9, 20, 79, 4.7222526614407, 2.685670768057008, 0]
2018-01-05 11:35:09.394 INFO in 'ProfileAnalyzerTest' at line 2225: [3.1292435769810054, 3.1292435769810054, 4, 100000, 101000, 103000, 172000, 1, 0, 0.04, 0, 'take_innsta_0.005', 9, 20, 77, 4.720082185004379, 3.1292435769810054, 0]
2018-01-05 11:35:09.395 INFO in 'ProfileAnalyzerTest' at line 2225: [3.1737493887497443, 3.1737493887497443, 4, 100000, 101000, 103000, 143000, 1, 0, 0.04, 0, 'take_innsta_0.005', 9, 20, 61, 3.790859114398806, 3.1737493887497443, 0]
2018-01-05 11:35:09.395 INFO in 'ProfileAnalyzerTest' at line 2225: [3.205334789160912, 3.205334789160912, 4, 100000, 101000, 103000, 144000, 1, 0, 0.04, 0, 'take_innsta_0.005', 9, 20, 59, 3.8671523290620113, 3.205334789160912, 0]
2018-01-05 11:35:09.395 INFO in 'ProfileAnalyzerTest' at line 2225: [3.326967600073887, 3.326967600073887, 4, 100000, 101000, 103000, 173000, 1, 0, 0.04, 0, 'take_innsta_0.005', 9, 20, 79, 4.817734721050598, 3.326967600073887, 0]
2018-01-05 11:35:09.395 INFO in 'ProfileAnalyzerTest' at line 2225: [3.8718778744452034, 3.8718778744452034, 4, 100000, 101000, 103000, 150000, 1, 0, 0.04, 0, 'take_innsta_0.005', 9, 20, 63, 4.054111448347975, 3.8718778744452034, 0]
2018-01-05 11:35:09.395 INFO in 'ProfileAnalyzerTest' at line 2225: [3.9512266596638614, 3.9512266596638614, 4, 100000, 101000, 103000, 142000, 1, 0, 0.04, 0, 'take_innsta_0.005', 9, 20, 60, 3.937227532608965, 3.9512266596638614, 1]
2018-01-05 11:35:09.395 INFO in 'ProfileAnalyzerTest' at line 2225: [4.445132903282427, 4.445132903282427, 4, 100000, 101000, 103000, 145000, 1, 0, 0.04, 0, 'take_innsta_0.005', 9, 20, 64, 4.127785220315356, 4.445132903282427, 1]
2018-01-05 11:35:09.395 INFO in 'ProfileAnalyzerTest' at line 2225: [1.9216497796950092, 1.9216497796950092, 4, 100000, 101000, 103000, 135000, 1, 0, 0.04, 0, 'take_innsta_0.005', 9, 20, 57, 3.3352585572441598, 1.9216497796950092, 0]
2018-01-05 11:35:09.397 INFO in 'ProfileAnalyzerTest' at line 2225: [2.305113212135722, 2.305113212135722, 4, 100000, 101000, 103000, 161000, 1, 0, 0.04, 0, 'take_innsta_0.005', 9, 20, 68, 4.079254939500897, 2.305113212135722, 1]
2018-01-05 11:35:09.397 INFO in 'ProfileAnalyzerTest' at line 2225: [2.3167424286937135, 2.3167424286937135, 4, 100000, 101000, 103000, 151000, 1, 0, 0.04, 0, 'take_innsta_0.005', 9, 20, 61, 3.705929279579088, 2.3167424286937135, 0]
2018-01-05 11:35:09.397 INFO in 'ProfileAnalyzerTest' at line 2225: [2.3198629185519097, 2.3198629185519097, 4, 100000, 101000, 103000, 141000, 1, 0, 0.04, 0, 'take_innsta_0.005', 9, 20, 55, 3.4960115912293537, 2.3198629185519097, 0]
2018-01-05 11:35:09.397 INFO in 'ProfileAnalyzerTest' at line 2225: [2.370789593484247, 2.370789593484247, 4, 100000, 101000, 103000, 165000, 1, 0, 0.04, 0, 'take_innsta_0.005', 9, 20, 76, 4.417855088592631, 2.370789593484247, 1]
2018-01-05 11:35:09.397 INFO in 'ProfileAnalyzerTest' at line 2225: [2.445076703770818, 2.445076703770818, 4, 100000, 101000, 103000, 170000, 1, 0, 0.04, 0, 'take_innsta_0.005', 9, 20, 77, 4.516437187866257, 2.445076703770818, 0]
2018-01-05 11:35:09.397 INFO in 'ProfileAnalyzerTest' at line 2225: [2.530463929537942, 2.530463929537942, 4, 100000, 101000, 103000, 140000, 1, 0, 0.04, 0, 'take_innsta_0.005', 9, 20, 58, 3.5698670228587805, 2.530463929537942, 1]
2018-01-05 11:35:09.398 INFO in 'ProfileAnalyzerTest' at line 2225: [2.6398842224217476, 2.6398842224217476, 4, 100000, 101000, 103000, 171000, 1, 0, 0.04, 0, 'take_innsta_0.005', 9, 20, 77, 4.6387388153326565, 2.6398842224217476, 0]
2018-01-05 11:35:09.398 INFO in 'ProfileAnalyzerTest' at line 2225: [2.685670768057008, 2.685670768057008, 4, 100000, 101000, 103000, 174000, 1, 0, 0.04, 0, 'take_innsta_0.005', 9, 20, 79, 4.7222526614407, 2.685670768057008, 0]
2018-01-05 11:35:09.398 INFO in 'ProfileAnalyzerTest' at line 2225: [3.1292435769810054, 3.1292435769810054, 4, 100000, 101000, 103000, 172000, 1, 0, 0.04, 0, 'take_innsta_0.005', 9, 20, 77, 4.720082185004379, 3.1292435769810054, 0]
2018-01-05 11:35:09.398 INFO in 'ProfileAnalyzerTest' at line 2225: [3.1737493887497443, 3.1737493887497443, 4, 100000, 101000, 103000, 143000, 1, 0, 0.04, 0, 'take_innsta_0.005', 9, 20, 61, 3.790859114398806, 3.1737493887497443, 0]
2018-01-05 11:35:09.398 INFO in 'ProfileAnalyzerTest' at line 2225: [3.205334789160912, 3.205334789160912, 4, 100000, 101000, 103000, 144000, 1, 0, 0.04, 0, 'take_innsta_0.005', 9, 20, 59, 3.8671523290620113, 3.205334789160912, 0]
2018-01-05 11:35:09.398 INFO in 'ProfileAnalyzerTest' at line 2225: [3.326967600073887, 3.326967600073887, 4, 100000, 101000, 103000, 173000, 1, 0, 0.04, 0, 'take_innsta_0.005', 9, 20, 79, 4.817734721050598, 3.326967600073887, 0]
2018-01-05 11:35:09.398 INFO in 'ProfileAnalyzerTest' at line 2225: [3.8718778744452034, 3.8718778744452034, 4, 100000, 101000, 103000, 150000, 1, 0, 0.04, 0, 'take_innsta_0.005', 9, 20, 63, 4.054111448347975, 3.8718778744452034, 0]
2018-01-05 11:35:09.398 INFO in 'ProfileAnalyzerTest' at line 2225: [3.9512266596638614, 3.9512266596638614, 4, 100000, 101000, 103000, 142000, 1, 0, 0.04, 0, 'take_innsta_0.005', 9, 20, 60, 3.937227532608965, 3.9512266596638614, 1]
2018-01-05 11:35:09.398 INFO in 'ProfileAnalyzerTest' at line 2225: [4.445132903282427, 4.445132903282427, 4, 100000, 101000, 103000, 145000, 1, 0, 0.04, 0, 'take_innsta_0.005', 9, 20, 64, 4.127785220315356, 4.445132903282427, 1]
