2017-11-26 20:17:17.954 INFO in 'ProfileAnalyzerTest' at line 2014: daily_FEES.txt
2017-11-26 20:17:18.928 INFO in 'ProfileAnalyzerTest' at line 2025: AVG PVV 0.00067540257649
2017-11-26 20:17:18.930 INFO in 'ProfileAnalyzerTest' at line 2026: AVG Volume 0.00379889932355
2017-11-26 20:19:05.838 INFO in 'ProfileAnalyzerTest' at line 2014: daily_FEES.txt
2017-11-26 20:19:06.805 INFO in 'ProfileAnalyzerTest' at line 2025: AVG PVV 0.00067540257649
2017-11-26 20:19:06.806 INFO in 'ProfileAnalyzerTest' at line 2026: AVG Volume 0.00379889932355
2017-11-26 20:20:20.549 INFO in 'ProfileAnalyzerTest' at line 2071: [4.020338671857609, 4.020338671857609, 0, 100000, 120000, 124000, 172000, -1, 0, 0.03, 1, 'take_innsta_0.04', 9, 20, 8, 2.7067958639869705, 4.020338671857609, 15]
2017-11-26 20:20:20.549 INFO in 'ProfileAnalyzerTest' at line 2071: [4.039850443858134, 4.039850443858134, 0, 100000, 120000, 123000, 170000, -1, 0, 0.03, 1, 'take_innsta_0.04', 9, 20, 8, 2.6822111822444032, 4.039850443858134, 15]
2017-11-26 20:20:20.549 INFO in 'ProfileAnalyzerTest' at line 2071: [4.101477290705554, 4.101477290705554, 0, 100000, 120000, 122000, 175000, -1, 0, 0.03, 1, 'take_innsta_0.04', 9, 20, 8, 2.7504219626761683, 4.101477290705554, 15]
2017-11-26 20:20:20.549 INFO in 'ProfileAnalyzerTest' at line 2071: [4.113251954770378, 4.113251954770378, 0, 100000, 120000, 122000, 174000, -1, 0, 0.03, 1, 'take_innsta_0.04', 9, 20, 8, 2.7172636050659995, 4.113251954770378, 15]
2017-11-26 20:20:20.549 INFO in 'ProfileAnalyzerTest' at line 2071: [4.136747733351967, 4.136747733351967, 0, 100000, 120000, 122000, 180000, -1, 0, 0.03, 1, 'take_innsta_0.04', 9, 20, 6, 2.792944045380013, 4.136747733351967, 15]
2017-11-26 20:20:20.549 INFO in 'ProfileAnalyzerTest' at line 2071: [4.1851528155969095, 4.1851528155969095, 0, 100000, 120000, 123000, 164000, -1, 0, 0.03, 1, 'take_innsta_0.04', 9, 20, 6, 2.77883050137376, 4.1851528155969095, 15]
2017-11-26 20:20:20.549 INFO in 'ProfileAnalyzerTest' at line 2071: [4.196116871643501, 4.196116871643501, 0, 100000, 120000, 122000, 173000, -1, 0, 0.03, 1, 'take_innsta_0.04', 9, 20, 8, 2.7314533414610422, 4.196116871643501, 15]
2017-11-26 20:20:20.549 INFO in 'ProfileAnalyzerTest' at line 2071: [4.244959628075426, 4.244959628075426, 0, 100000, 120000, 122000, 171000, -1, 0, 0.03, 1, 'take_innsta_0.04', 9, 20, 8, 2.7436623314879607, 4.244959628075426, 15]
2017-11-26 20:20:20.549 INFO in 'ProfileAnalyzerTest' at line 2071: [4.320448245919833, 4.320448245919833, 0, 100000, 120000, 123000, 175000, -1, 0, 0.03, 1, 'take_innsta_0.04', 9, 20, 8, 2.815647394475673, 4.320448245919833, 15]
2017-11-26 20:20:20.551 INFO in 'ProfileAnalyzerTest' at line 2071: [4.331411493403501, 4.331411493403501, 0, 100000, 120000, 123000, 174000, -1, 0, 0.03, 1, 'take_innsta_0.04', 9, 20, 8, 2.782517812762119, 4.331411493403501, 15]
2017-11-26 20:20:20.551 INFO in 'ProfileAnalyzerTest' at line 2071: [4.358432514110129, 4.358432514110129, 0, 100000, 120000, 123000, 180000, -1, 0, 0.03, 1, 'take_innsta_0.04', 9, 20, 6, 2.8581164703857347, 4.358432514110129, 15]
2017-11-26 20:20:20.551 INFO in 'ProfileAnalyzerTest' at line 2071: [4.45160197942056, 4.45160197942056, 0, 100000, 120000, 123000, 173000, -1, 0, 0.03, 1, 'take_innsta_0.04', 9, 20, 8, 2.7962279607776246, 4.45160197942056, 15]
2017-11-26 20:20:20.551 INFO in 'ProfileAnalyzerTest' at line 2071: [4.4694987422503045, 4.4694987422503045, 0, 100000, 120000, 122000, 172000, -1, 0, 0.03, 1, 'take_innsta_0.04', 9, 20, 8, 2.825019186388366, 4.4694987422503045, 15]
2017-11-26 20:20:20.551 INFO in 'ProfileAnalyzerTest' at line 2071: [4.505660925691498, 4.505660925691498, 0, 100000, 120000, 123000, 171000, -1, 0, 0.03, 1, 'take_innsta_0.04', 9, 20, 8, 2.8083919713939967, 4.505660925691498, 15]
2017-11-26 20:20:20.552 INFO in 'ProfileAnalyzerTest' at line 2071: [4.745625009660175, 4.745625009660175, 0, 100000, 120000, 123000, 172000, -1, 0, 0.03, 1, 'take_innsta_0.04', 9, 20, 8, 2.8897054578198853, 4.745625009660175, 15]
2017-11-26 20:20:20.552 INFO in 'ProfileAnalyzerTest' at line 2071: [4.039850443858134, 4.039850443858134, 0, 100000, 120000, 123000, 170000, -1, 0, 0.04, 1, 'take_innsta_0.04', 9, 20, 8, 2.6822111822444032, 4.039850443858134, 15]
2017-11-26 20:20:20.552 INFO in 'ProfileAnalyzerTest' at line 2071: [4.101477290705554, 4.101477290705554, 0, 100000, 120000, 122000, 175000, -1, 0, 0.04, 1, 'take_innsta_0.04', 9, 20, 8, 2.7504219626761683, 4.101477290705554, 15]
2017-11-26 20:20:20.552 INFO in 'ProfileAnalyzerTest' at line 2071: [4.113251954770378, 4.113251954770378, 0, 100000, 120000, 122000, 174000, -1, 0, 0.04, 1, 'take_innsta_0.04', 9, 20, 8, 2.7172636050659995, 4.113251954770378, 15]
2017-11-26 20:20:20.552 INFO in 'ProfileAnalyzerTest' at line 2071: [4.136747733351967, 4.136747733351967, 0, 100000, 120000, 122000, 180000, -1, 0, 0.04, 1, 'take_innsta_0.04', 9, 20, 6, 2.792944045380013, 4.136747733351967, 15]
2017-11-26 20:20:20.552 INFO in 'ProfileAnalyzerTest' at line 2071: [4.1851528155969095, 4.1851528155969095, 0, 100000, 120000, 123000, 164000, -1, 0, 0.04, 1, 'take_innsta_0.04', 9, 20, 6, 2.77883050137376, 4.1851528155969095, 15]
2017-11-26 20:20:20.552 INFO in 'ProfileAnalyzerTest' at line 2071: [4.196116871643501, 4.196116871643501, 0, 100000, 120000, 122000, 173000, -1, 0, 0.04, 1, 'take_innsta_0.04', 9, 20, 8, 2.7314533414610422, 4.196116871643501, 15]
2017-11-26 20:20:20.552 INFO in 'ProfileAnalyzerTest' at line 2071: [4.244959628075426, 4.244959628075426, 0, 100000, 120000, 122000, 171000, -1, 0, 0.04, 1, 'take_innsta_0.04', 9, 20, 8, 2.7436623314879607, 4.244959628075426, 15]
2017-11-26 20:20:20.552 INFO in 'ProfileAnalyzerTest' at line 2071: [4.320448245919833, 4.320448245919833, 0, 100000, 120000, 123000, 175000, -1, 0, 0.04, 1, 'take_innsta_0.04', 9, 20, 8, 2.815647394475673, 4.320448245919833, 15]
2017-11-26 20:20:20.552 INFO in 'ProfileAnalyzerTest' at line 2071: [4.331411493403501, 4.331411493403501, 0, 100000, 120000, 123000, 174000, -1, 0, 0.04, 1, 'take_innsta_0.04', 9, 20, 8, 2.782517812762119, 4.331411493403501, 15]
2017-11-26 20:20:20.553 INFO in 'ProfileAnalyzerTest' at line 2071: [4.358432514110129, 4.358432514110129, 0, 100000, 120000, 123000, 180000, -1, 0, 0.04, 1, 'take_innsta_0.04', 9, 20, 6, 2.8581164703857347, 4.358432514110129, 15]
2017-11-26 20:20:20.553 INFO in 'ProfileAnalyzerTest' at line 2071: [4.45160197942056, 4.45160197942056, 0, 100000, 120000, 123000, 173000, -1, 0, 0.04, 1, 'take_innsta_0.04', 9, 20, 8, 2.7962279607776246, 4.45160197942056, 15]
2017-11-26 20:20:20.553 INFO in 'ProfileAnalyzerTest' at line 2071: [4.4694987422503045, 4.4694987422503045, 0, 100000, 120000, 122000, 172000, -1, 0, 0.04, 1, 'take_innsta_0.04', 9, 20, 8, 2.825019186388366, 4.4694987422503045, 15]
2017-11-26 20:20:20.553 INFO in 'ProfileAnalyzerTest' at line 2071: [4.505660925691498, 4.505660925691498, 0, 100000, 120000, 123000, 171000, -1, 0, 0.04, 1, 'take_innsta_0.04', 9, 20, 8, 2.8083919713939967, 4.505660925691498, 15]
2017-11-26 20:20:20.555 INFO in 'ProfileAnalyzerTest' at line 2071: [4.745625009660175, 4.745625009660175, 0, 100000, 120000, 123000, 172000, -1, 0, 0.04, 1, 'take_innsta_0.04', 9, 20, 8, 2.8897054578198853, 4.745625009660175, 15]
2017-11-26 20:20:20.555 INFO in 'ProfileAnalyzerTest' at line 2071: [4.020338671857609, 4.020338671857609, 0, 100000, 120000, 124000, 172000, -1, 0, 0.01, 1, 'take_innsta_0.04', 9, 20, 8, 2.7067958639869705, 4.020338671857609, 15]
2017-11-26 20:20:20.555 INFO in 'ProfileAnalyzerTest' at line 2071: [4.039850443858134, 4.039850443858134, 0, 100000, 120000, 123000, 170000, -1, 0, 0.01, 1, 'take_innsta_0.04', 9, 20, 8, 2.6822111822444032, 4.039850443858134, 15]
2017-11-26 20:20:20.555 INFO in 'ProfileAnalyzerTest' at line 2071: [4.135552419566067, 4.135552419566067, 0, 100000, 120000, 122000, 173000, -1, 0, 0.01, 1, 'take_innsta_0.04', 9, 20, 8, 2.705937989771178, 4.135552419566067, 15]
2017-11-26 20:20:20.555 INFO in 'ProfileAnalyzerTest' at line 2071: [4.183690206410219, 4.183690206410219, 0, 100000, 120000, 122000, 171000, -1, 0, 0.01, 1, 'take_innsta_0.04', 9, 20, 8, 2.7181469797980964, 4.183690206410219, 15]
2017-11-26 20:20:20.555 INFO in 'ProfileAnalyzerTest' at line 2071: [4.1851528155969095, 4.1851528155969095, 0, 100000, 120000, 123000, 164000, -1, 0, 0.01, 1, 'take_innsta_0.04', 9, 20, 6, 2.77883050137376, 4.1851528155969095, 15]
2017-11-26 20:20:20.555 INFO in 'ProfileAnalyzerTest' at line 2071: [4.257724751517855, 4.257724751517855, 0, 100000, 120000, 122000, 172000, -1, 0, 0.01, 1, 'take_innsta_0.04', 9, 20, 8, 2.738360453469517, 4.257724751517855, 15]
2017-11-26 20:20:20.555 INFO in 'ProfileAnalyzerTest' at line 2071: [4.320448245919833, 4.320448245919833, 0, 100000, 120000, 123000, 175000, -1, 0, 0.01, 1, 'take_innsta_0.04', 9, 20, 8, 2.815647394475673, 4.320448245919833, 15]
2017-11-26 20:20:20.555 INFO in 'ProfileAnalyzerTest' at line 2071: [4.331411493403501, 4.331411493403501, 0, 100000, 120000, 123000, 174000, -1, 0, 0.01, 1, 'take_innsta_0.04', 9, 20, 8, 2.782517812762119, 4.331411493403501, 15]
2017-11-26 20:20:20.555 INFO in 'ProfileAnalyzerTest' at line 2071: [4.358432514110129, 4.358432514110129, 0, 100000, 120000, 123000, 180000, -1, 0, 0.01, 1, 'take_innsta_0.04', 9, 20, 6, 2.8581164703857347, 4.358432514110129, 15]
2017-11-26 20:20:20.555 INFO in 'ProfileAnalyzerTest' at line 2071: [4.45160197942056, 4.45160197942056, 0, 100000, 120000, 123000, 173000, -1, 0, 0.01, 1, 'take_innsta_0.04', 9, 20, 8, 2.7962279607776246, 4.45160197942056, 15]
2017-11-26 20:20:20.556 INFO in 'ProfileAnalyzerTest' at line 2071: [4.505660925691498, 4.505660925691498, 0, 100000, 120000, 123000, 171000, -1, 0, 0.01, 1, 'take_innsta_0.04', 9, 20, 8, 2.8083919713939967, 4.505660925691498, 15]
2017-11-26 20:20:20.556 INFO in 'ProfileAnalyzerTest' at line 2071: [4.745625009660175, 4.745625009660175, 0, 100000, 120000, 123000, 172000, -1, 0, 0.01, 1, 'take_innsta_0.04', 9, 20, 8, 2.8897054578198853, 4.745625009660175, 15]
2017-11-26 20:20:20.556 INFO in 'ProfileAnalyzerTest' at line 2071: [4.020338671857609, 4.020338671857609, 0, 100000, 120000, 124000, 172000, -1, 0, 0.02, 1, 'take_innsta_0.04', 9, 20, 8, 2.7067958639869705, 4.020338671857609, 15]
2017-11-26 20:20:20.556 INFO in 'ProfileAnalyzerTest' at line 2071: [4.039850443858134, 4.039850443858134, 0, 100000, 120000, 123000, 170000, -1, 0, 0.02, 1, 'take_innsta_0.04', 9, 20, 8, 2.6822111822444032, 4.039850443858134, 15]
2017-11-26 20:20:20.556 INFO in 'ProfileAnalyzerTest' at line 2071: [4.079899677997759, 4.079899677997759, 0, 100000, 120000, 122000, 173000, -1, 0, 0.02, 1, 'take_innsta_0.04', 9, 20, 8, 2.6824919050645093, 4.079899677997759, 15]
2017-11-26 20:20:20.558 INFO in 'ProfileAnalyzerTest' at line 2071: [4.127389667513015, 4.127389667513015, 0, 100000, 120000, 122000, 171000, -1, 0, 0.02, 1, 'take_innsta_0.04', 9, 20, 8, 2.6947008950914277, 4.127389667513015, 15]
2017-11-26 20:20:20.558 INFO in 'ProfileAnalyzerTest' at line 2071: [4.1851528155969095, 4.1851528155969095, 0, 100000, 120000, 123000, 164000, -1, 0, 0.02, 1, 'take_innsta_0.04', 9, 20, 6, 2.77883050137376, 4.1851528155969095, 15]
2017-11-26 20:20:20.558 INFO in 'ProfileAnalyzerTest' at line 2071: [4.200427918779346, 4.200427918779346, 0, 100000, 120000, 122000, 172000, -1, 0, 0.02, 1, 'take_innsta_0.04', 9, 20, 8, 2.714914368762849, 4.200427918779346, 15]
2017-11-26 20:20:20.558 INFO in 'ProfileAnalyzerTest' at line 2071: [4.320448245919833, 4.320448245919833, 0, 100000, 120000, 123000, 175000, -1, 0, 0.02, 1, 'take_innsta_0.04', 9, 20, 8, 2.815647394475673, 4.320448245919833, 15]
2017-11-26 20:20:20.558 INFO in 'ProfileAnalyzerTest' at line 2071: [4.331411493403501, 4.331411493403501, 0, 100000, 120000, 123000, 174000, -1, 0, 0.02, 1, 'take_innsta_0.04', 9, 20, 8, 2.782517812762119, 4.331411493403501, 15]
2017-11-26 20:20:20.559 INFO in 'ProfileAnalyzerTest' at line 2071: [4.358432514110129, 4.358432514110129, 0, 100000, 120000, 123000, 180000, -1, 0, 0.02, 1, 'take_innsta_0.04', 9, 20, 6, 2.8581164703857347, 4.358432514110129, 15]
2017-11-26 20:20:20.559 INFO in 'ProfileAnalyzerTest' at line 2071: [4.45160197942056, 4.45160197942056, 0, 100000, 120000, 123000, 173000, -1, 0, 0.02, 1, 'take_innsta_0.04', 9, 20, 8, 2.7962279607776246, 4.45160197942056, 15]
2017-11-26 20:20:20.559 INFO in 'ProfileAnalyzerTest' at line 2071: [4.505660925691498, 4.505660925691498, 0, 100000, 120000, 123000, 171000, -1, 0, 0.02, 1, 'take_innsta_0.04', 9, 20, 8, 2.8083919713939967, 4.505660925691498, 15]
2017-11-26 20:20:20.559 INFO in 'ProfileAnalyzerTest' at line 2071: [4.745625009660175, 4.745625009660175, 0, 100000, 120000, 123000, 172000, -1, 0, 0.02, 1, 'take_innsta_0.04', 9, 20, 8, 2.8897054578198853, 4.745625009660175, 15]
2017-11-26 20:20:20.559 INFO in 'ProfileAnalyzerTest' at line 2071: [4.020338671857609, 4.020338671857609, 0, 100000, 120000, 124000, 172000, -1, 0, 0.03, 1, 'take_innsta_0.04', 9, 20, 8, 2.7067958639869705, 4.020338671857609, 15]
2017-11-26 20:20:20.559 INFO in 'ProfileAnalyzerTest' at line 2071: [4.039850443858134, 4.039850443858134, 0, 100000, 120000, 123000, 170000, -1, 0, 0.03, 1, 'take_innsta_0.04', 9, 20, 8, 2.6822111822444032, 4.039850443858134, 15]
2017-11-26 20:20:20.559 INFO in 'ProfileAnalyzerTest' at line 2071: [4.101477290705554, 4.101477290705554, 0, 100000, 120000, 122000, 175000, -1, 0, 0.03, 1, 'take_innsta_0.04', 9, 20, 8, 2.7504219626761683, 4.101477290705554, 15]
2017-11-26 20:20:20.559 INFO in 'ProfileAnalyzerTest' at line 2071: [4.113251954770378, 4.113251954770378, 0, 100000, 120000, 122000, 174000, -1, 0, 0.03, 1, 'take_innsta_0.04', 9, 20, 8, 2.7172636050659995, 4.113251954770378, 15]
2017-11-26 20:20:20.559 INFO in 'ProfileAnalyzerTest' at line 2071: [4.136747733351967, 4.136747733351967, 0, 100000, 120000, 122000, 180000, -1, 0, 0.03, 1, 'take_innsta_0.04', 9, 20, 6, 2.792944045380013, 4.136747733351967, 15]
2017-11-26 20:20:20.559 INFO in 'ProfileAnalyzerTest' at line 2071: [4.1851528155969095, 4.1851528155969095, 0, 100000, 120000, 123000, 164000, -1, 0, 0.03, 1, 'take_innsta_0.04', 9, 20, 6, 2.77883050137376, 4.1851528155969095, 15]
2017-11-26 20:20:20.559 INFO in 'ProfileAnalyzerTest' at line 2071: [4.196116871643501, 4.196116871643501, 0, 100000, 120000, 122000, 173000, -1, 0, 0.03, 1, 'take_innsta_0.04', 9, 20, 8, 2.7314533414610422, 4.196116871643501, 15]
2017-11-26 20:20:20.561 INFO in 'ProfileAnalyzerTest' at line 2071: [4.244959628075426, 4.244959628075426, 0, 100000, 120000, 122000, 171000, -1, 0, 0.03, 1, 'take_innsta_0.04', 9, 20, 8, 2.7436623314879607, 4.244959628075426, 15]
2017-11-26 20:20:20.561 INFO in 'ProfileAnalyzerTest' at line 2071: [4.320448245919833, 4.320448245919833, 0, 100000, 120000, 123000, 175000, -1, 0, 0.03, 1, 'take_innsta_0.04', 9, 20, 8, 2.815647394475673, 4.320448245919833, 15]
2017-11-26 20:20:20.561 INFO in 'ProfileAnalyzerTest' at line 2071: [4.331411493403501, 4.331411493403501, 0, 100000, 120000, 123000, 174000, -1, 0, 0.03, 1, 'take_innsta_0.04', 9, 20, 8, 2.782517812762119, 4.331411493403501, 15]
2017-11-26 20:20:20.562 INFO in 'ProfileAnalyzerTest' at line 2071: [4.358432514110129, 4.358432514110129, 0, 100000, 120000, 123000, 180000, -1, 0, 0.03, 1, 'take_innsta_0.04', 9, 20, 6, 2.8581164703857347, 4.358432514110129, 15]
2017-11-26 20:20:20.562 INFO in 'ProfileAnalyzerTest' at line 2071: [4.45160197942056, 4.45160197942056, 0, 100000, 120000, 123000, 173000, -1, 0, 0.03, 1, 'take_innsta_0.04', 9, 20, 8, 2.7962279607776246, 4.45160197942056, 15]
2017-11-26 20:20:20.562 INFO in 'ProfileAnalyzerTest' at line 2071: [4.4694987422503045, 4.4694987422503045, 0, 100000, 120000, 122000, 172000, -1, 0, 0.03, 1, 'take_innsta_0.04', 9, 20, 8, 2.825019186388366, 4.4694987422503045, 15]
2017-11-26 20:20:20.562 INFO in 'ProfileAnalyzerTest' at line 2071: [4.505660925691498, 4.505660925691498, 0, 100000, 120000, 123000, 171000, -1, 0, 0.03, 1, 'take_innsta_0.04', 9, 20, 8, 2.8083919713939967, 4.505660925691498, 15]
2017-11-26 20:20:20.562 INFO in 'ProfileAnalyzerTest' at line 2071: [4.745625009660175, 4.745625009660175, 0, 100000, 120000, 123000, 172000, -1, 0, 0.03, 1, 'take_innsta_0.04', 9, 20, 8, 2.8897054578198853, 4.745625009660175, 15]
2017-11-26 20:20:20.562 INFO in 'ProfileAnalyzerTest' at line 2071: [4.039850443858134, 4.039850443858134, 0, 100000, 120000, 123000, 170000, -1, 0, 0.04, 1, 'take_innsta_0.04', 9, 20, 8, 2.6822111822444032, 4.039850443858134, 15]
2017-11-26 20:20:20.562 INFO in 'ProfileAnalyzerTest' at line 2071: [4.101477290705554, 4.101477290705554, 0, 100000, 120000, 122000, 175000, -1, 0, 0.04, 1, 'take_innsta_0.04', 9, 20, 8, 2.7504219626761683, 4.101477290705554, 15]
2017-11-26 20:20:20.562 INFO in 'ProfileAnalyzerTest' at line 2071: [4.113251954770378, 4.113251954770378, 0, 100000, 120000, 122000, 174000, -1, 0, 0.04, 1, 'take_innsta_0.04', 9, 20, 8, 2.7172636050659995, 4.113251954770378, 15]
2017-11-26 20:20:20.563 INFO in 'ProfileAnalyzerTest' at line 2071: [4.136747733351967, 4.136747733351967, 0, 100000, 120000, 122000, 180000, -1, 0, 0.04, 1, 'take_innsta_0.04', 9, 20, 6, 2.792944045380013, 4.136747733351967, 15]
2017-11-26 20:20:20.563 INFO in 'ProfileAnalyzerTest' at line 2071: [4.1851528155969095, 4.1851528155969095, 0, 100000, 120000, 123000, 164000, -1, 0, 0.04, 1, 'take_innsta_0.04', 9, 20, 6, 2.77883050137376, 4.1851528155969095, 15]
2017-11-26 20:20:20.563 INFO in 'ProfileAnalyzerTest' at line 2071: [4.196116871643501, 4.196116871643501, 0, 100000, 120000, 122000, 173000, -1, 0, 0.04, 1, 'take_innsta_0.04', 9, 20, 8, 2.7314533414610422, 4.196116871643501, 15]
2017-11-26 20:20:20.563 INFO in 'ProfileAnalyzerTest' at line 2071: [4.244959628075426, 4.244959628075426, 0, 100000, 120000, 122000, 171000, -1, 0, 0.04, 1, 'take_innsta_0.04', 9, 20, 8, 2.7436623314879607, 4.244959628075426, 15]
2017-11-26 20:20:20.563 INFO in 'ProfileAnalyzerTest' at line 2071: [4.320448245919833, 4.320448245919833, 0, 100000, 120000, 123000, 175000, -1, 0, 0.04, 1, 'take_innsta_0.04', 9, 20, 8, 2.815647394475673, 4.320448245919833, 15]
2017-11-26 20:20:20.563 INFO in 'ProfileAnalyzerTest' at line 2071: [4.331411493403501, 4.331411493403501, 0, 100000, 120000, 123000, 174000, -1, 0, 0.04, 1, 'take_innsta_0.04', 9, 20, 8, 2.782517812762119, 4.331411493403501, 15]
2017-11-26 20:20:20.565 INFO in 'ProfileAnalyzerTest' at line 2071: [4.358432514110129, 4.358432514110129, 0, 100000, 120000, 123000, 180000, -1, 0, 0.04, 1, 'take_innsta_0.04', 9, 20, 6, 2.8581164703857347, 4.358432514110129, 15]
2017-11-26 20:20:20.565 INFO in 'ProfileAnalyzerTest' at line 2071: [4.45160197942056, 4.45160197942056, 0, 100000, 120000, 123000, 173000, -1, 0, 0.04, 1, 'take_innsta_0.04', 9, 20, 8, 2.7962279607776246, 4.45160197942056, 15]
2017-11-26 20:20:20.565 INFO in 'ProfileAnalyzerTest' at line 2071: [4.4694987422503045, 4.4694987422503045, 0, 100000, 120000, 122000, 172000, -1, 0, 0.04, 1, 'take_innsta_0.04', 9, 20, 8, 2.825019186388366, 4.4694987422503045, 15]
2017-11-26 20:20:20.565 INFO in 'ProfileAnalyzerTest' at line 2071: [4.505660925691498, 4.505660925691498, 0, 100000, 120000, 123000, 171000, -1, 0, 0.04, 1, 'take_innsta_0.04', 9, 20, 8, 2.8083919713939967, 4.505660925691498, 15]
2017-11-26 20:20:20.565 INFO in 'ProfileAnalyzerTest' at line 2071: [4.745625009660175, 4.745625009660175, 0, 100000, 120000, 123000, 172000, -1, 0, 0.04, 1, 'take_innsta_0.04', 9, 20, 8, 2.8897054578198853, 4.745625009660175, 15]
2017-11-26 20:20:20.565 INFO in 'ProfileAnalyzerTest' at line 2071: [4.020338671857609, 4.020338671857609, 0, 100000, 120000, 124000, 172000, -1, 0, 0.01, 1, 'take_innsta_0.04', 9, 20, 8, 2.7067958639869705, 4.020338671857609, 15]
2017-11-26 20:20:20.565 INFO in 'ProfileAnalyzerTest' at line 2071: [4.039850443858134, 4.039850443858134, 0, 100000, 120000, 123000, 170000, -1, 0, 0.01, 1, 'take_innsta_0.04', 9, 20, 8, 2.6822111822444032, 4.039850443858134, 15]
2017-11-26 20:20:20.565 INFO in 'ProfileAnalyzerTest' at line 2071: [4.135552419566067, 4.135552419566067, 0, 100000, 120000, 122000, 173000, -1, 0, 0.01, 1, 'take_innsta_0.04', 9, 20, 8, 2.705937989771178, 4.135552419566067, 15]
2017-11-26 20:20:20.565 INFO in 'ProfileAnalyzerTest' at line 2071: [4.183690206410219, 4.183690206410219, 0, 100000, 120000, 122000, 171000, -1, 0, 0.01, 1, 'take_innsta_0.04', 9, 20, 8, 2.7181469797980964, 4.183690206410219, 15]
2017-11-26 20:20:20.565 INFO in 'ProfileAnalyzerTest' at line 2071: [4.1851528155969095, 4.1851528155969095, 0, 100000, 120000, 123000, 164000, -1, 0, 0.01, 1, 'take_innsta_0.04', 9, 20, 6, 2.77883050137376, 4.1851528155969095, 15]
2017-11-26 20:20:20.566 INFO in 'ProfileAnalyzerTest' at line 2071: [4.257724751517855, 4.257724751517855, 0, 100000, 120000, 122000, 172000, -1, 0, 0.01, 1, 'take_innsta_0.04', 9, 20, 8, 2.738360453469517, 4.257724751517855, 15]
2017-11-26 20:20:20.566 INFO in 'ProfileAnalyzerTest' at line 2071: [4.320448245919833, 4.320448245919833, 0, 100000, 120000, 123000, 175000, -1, 0, 0.01, 1, 'take_innsta_0.04', 9, 20, 8, 2.815647394475673, 4.320448245919833, 15]
2017-11-26 20:20:20.566 INFO in 'ProfileAnalyzerTest' at line 2071: [4.331411493403501, 4.331411493403501, 0, 100000, 120000, 123000, 174000, -1, 0, 0.01, 1, 'take_innsta_0.04', 9, 20, 8, 2.782517812762119, 4.331411493403501, 15]
2017-11-26 20:20:20.566 INFO in 'ProfileAnalyzerTest' at line 2071: [4.358432514110129, 4.358432514110129, 0, 100000, 120000, 123000, 180000, -1, 0, 0.01, 1, 'take_innsta_0.04', 9, 20, 6, 2.8581164703857347, 4.358432514110129, 15]
2017-11-26 20:20:20.566 INFO in 'ProfileAnalyzerTest' at line 2071: [4.45160197942056, 4.45160197942056, 0, 100000, 120000, 123000, 173000, -1, 0, 0.01, 1, 'take_innsta_0.04', 9, 20, 8, 2.7962279607776246, 4.45160197942056, 15]
2017-11-26 20:20:20.566 INFO in 'ProfileAnalyzerTest' at line 2071: [4.505660925691498, 4.505660925691498, 0, 100000, 120000, 123000, 171000, -1, 0, 0.01, 1, 'take_innsta_0.04', 9, 20, 8, 2.8083919713939967, 4.505660925691498, 15]
2017-11-26 20:20:20.568 INFO in 'ProfileAnalyzerTest' at line 2071: [4.745625009660175, 4.745625009660175, 0, 100000, 120000, 123000, 172000, -1, 0, 0.01, 1, 'take_innsta_0.04', 9, 20, 8, 2.8897054578198853, 4.745625009660175, 15]
2017-11-26 20:20:20.568 INFO in 'ProfileAnalyzerTest' at line 2071: [4.020338671857609, 4.020338671857609, 0, 100000, 120000, 124000, 172000, -1, 0, 0.02, 1, 'take_innsta_0.04', 9, 20, 8, 2.7067958639869705, 4.020338671857609, 15]
2017-11-26 20:20:20.568 INFO in 'ProfileAnalyzerTest' at line 2071: [4.039850443858134, 4.039850443858134, 0, 100000, 120000, 123000, 170000, -1, 0, 0.02, 1, 'take_innsta_0.04', 9, 20, 8, 2.6822111822444032, 4.039850443858134, 15]
2017-11-26 20:20:20.568 INFO in 'ProfileAnalyzerTest' at line 2071: [4.079899677997759, 4.079899677997759, 0, 100000, 120000, 122000, 173000, -1, 0, 0.02, 1, 'take_innsta_0.04', 9, 20, 8, 2.6824919050645093, 4.079899677997759, 15]
2017-11-26 20:20:20.568 INFO in 'ProfileAnalyzerTest' at line 2071: [4.127389667513015, 4.127389667513015, 0, 100000, 120000, 122000, 171000, -1, 0, 0.02, 1, 'take_innsta_0.04', 9, 20, 8, 2.6947008950914277, 4.127389667513015, 15]
2017-11-26 20:20:20.569 INFO in 'ProfileAnalyzerTest' at line 2071: [4.1851528155969095, 4.1851528155969095, 0, 100000, 120000, 123000, 164000, -1, 0, 0.02, 1, 'take_innsta_0.04', 9, 20, 6, 2.77883050137376, 4.1851528155969095, 15]
2017-11-26 20:20:20.569 INFO in 'ProfileAnalyzerTest' at line 2071: [4.200427918779346, 4.200427918779346, 0, 100000, 120000, 122000, 172000, -1, 0, 0.02, 1, 'take_innsta_0.04', 9, 20, 8, 2.714914368762849, 4.200427918779346, 15]
2017-11-26 20:20:20.569 INFO in 'ProfileAnalyzerTest' at line 2071: [4.320448245919833, 4.320448245919833, 0, 100000, 120000, 123000, 175000, -1, 0, 0.02, 1, 'take_innsta_0.04', 9, 20, 8, 2.815647394475673, 4.320448245919833, 15]
2017-11-26 20:20:20.569 INFO in 'ProfileAnalyzerTest' at line 2071: [4.331411493403501, 4.331411493403501, 0, 100000, 120000, 123000, 174000, -1, 0, 0.02, 1, 'take_innsta_0.04', 9, 20, 8, 2.782517812762119, 4.331411493403501, 15]
2017-11-26 20:20:20.569 INFO in 'ProfileAnalyzerTest' at line 2071: [4.358432514110129, 4.358432514110129, 0, 100000, 120000, 123000, 180000, -1, 0, 0.02, 1, 'take_innsta_0.04', 9, 20, 6, 2.8581164703857347, 4.358432514110129, 15]
2017-11-26 20:20:20.569 INFO in 'ProfileAnalyzerTest' at line 2071: [4.45160197942056, 4.45160197942056, 0, 100000, 120000, 123000, 173000, -1, 0, 0.02, 1, 'take_innsta_0.04', 9, 20, 8, 2.7962279607776246, 4.45160197942056, 15]
2017-11-26 20:20:20.569 INFO in 'ProfileAnalyzerTest' at line 2071: [4.505660925691498, 4.505660925691498, 0, 100000, 120000, 123000, 171000, -1, 0, 0.02, 1, 'take_innsta_0.04', 9, 20, 8, 2.8083919713939967, 4.505660925691498, 15]
2017-11-26 20:20:20.569 INFO in 'ProfileAnalyzerTest' at line 2071: [4.745625009660175, 4.745625009660175, 0, 100000, 120000, 123000, 172000, -1, 0, 0.02, 1, 'take_innsta_0.04', 9, 20, 8, 2.8897054578198853, 4.745625009660175, 15]
2017-11-26 20:20:20.569 INFO in 'ProfileAnalyzerTest' at line 2071: [4.020338671857609, 4.020338671857609, 0, 100000, 120000, 124000, 172000, -1, 0, 0.03, 1, 'take_innsta_0.04', 9, 20, 8, 2.7067958639869705, 4.020338671857609, 15]
2017-11-26 20:20:20.569 INFO in 'ProfileAnalyzerTest' at line 2071: [4.039850443858134, 4.039850443858134, 0, 100000, 120000, 123000, 170000, -1, 0, 0.03, 1, 'take_innsta_0.04', 9, 20, 8, 2.6822111822444032, 4.039850443858134, 15]
2017-11-26 20:20:20.569 INFO in 'ProfileAnalyzerTest' at line 2071: [4.101477290705554, 4.101477290705554, 0, 100000, 120000, 122000, 175000, -1, 0, 0.03, 1, 'take_innsta_0.04', 9, 20, 8, 2.7504219626761683, 4.101477290705554, 15]
2017-11-26 20:20:20.571 INFO in 'ProfileAnalyzerTest' at line 2071: [4.113251954770378, 4.113251954770378, 0, 100000, 120000, 122000, 174000, -1, 0, 0.03, 1, 'take_innsta_0.04', 9, 20, 8, 2.7172636050659995, 4.113251954770378, 15]
2017-11-26 20:20:20.571 INFO in 'ProfileAnalyzerTest' at line 2071: [4.136747733351967, 4.136747733351967, 0, 100000, 120000, 122000, 180000, -1, 0, 0.03, 1, 'take_innsta_0.04', 9, 20, 6, 2.792944045380013, 4.136747733351967, 15]
2017-11-26 20:20:20.571 INFO in 'ProfileAnalyzerTest' at line 2071: [4.1851528155969095, 4.1851528155969095, 0, 100000, 120000, 123000, 164000, -1, 0, 0.03, 1, 'take_innsta_0.04', 9, 20, 6, 2.77883050137376, 4.1851528155969095, 15]
2017-11-26 20:20:20.571 INFO in 'ProfileAnalyzerTest' at line 2071: [4.196116871643501, 4.196116871643501, 0, 100000, 120000, 122000, 173000, -1, 0, 0.03, 1, 'take_innsta_0.04', 9, 20, 8, 2.7314533414610422, 4.196116871643501, 15]
2017-11-26 20:20:20.571 INFO in 'ProfileAnalyzerTest' at line 2071: [4.244959628075426, 4.244959628075426, 0, 100000, 120000, 122000, 171000, -1, 0, 0.03, 1, 'take_innsta_0.04', 9, 20, 8, 2.7436623314879607, 4.244959628075426, 15]
2017-11-26 20:20:20.572 INFO in 'ProfileAnalyzerTest' at line 2071: [4.320448245919833, 4.320448245919833, 0, 100000, 120000, 123000, 175000, -1, 0, 0.03, 1, 'take_innsta_0.04', 9, 20, 8, 2.815647394475673, 4.320448245919833, 15]
2017-11-26 20:20:20.572 INFO in 'ProfileAnalyzerTest' at line 2071: [4.331411493403501, 4.331411493403501, 0, 100000, 120000, 123000, 174000, -1, 0, 0.03, 1, 'take_innsta_0.04', 9, 20, 8, 2.782517812762119, 4.331411493403501, 15]
2017-11-26 20:20:20.572 INFO in 'ProfileAnalyzerTest' at line 2071: [4.358432514110129, 4.358432514110129, 0, 100000, 120000, 123000, 180000, -1, 0, 0.03, 1, 'take_innsta_0.04', 9, 20, 6, 2.8581164703857347, 4.358432514110129, 15]
2017-11-26 20:20:20.572 INFO in 'ProfileAnalyzerTest' at line 2071: [4.45160197942056, 4.45160197942056, 0, 100000, 120000, 123000, 173000, -1, 0, 0.03, 1, 'take_innsta_0.04', 9, 20, 8, 2.7962279607776246, 4.45160197942056, 15]
2017-11-26 20:20:20.572 INFO in 'ProfileAnalyzerTest' at line 2071: [4.4694987422503045, 4.4694987422503045, 0, 100000, 120000, 122000, 172000, -1, 0, 0.03, 1, 'take_innsta_0.04', 9, 20, 8, 2.825019186388366, 4.4694987422503045, 15]
2017-11-26 20:20:20.572 INFO in 'ProfileAnalyzerTest' at line 2071: [4.505660925691498, 4.505660925691498, 0, 100000, 120000, 123000, 171000, -1, 0, 0.03, 1, 'take_innsta_0.04', 9, 20, 8, 2.8083919713939967, 4.505660925691498, 15]
2017-11-26 20:20:20.572 INFO in 'ProfileAnalyzerTest' at line 2071: [4.745625009660175, 4.745625009660175, 0, 100000, 120000, 123000, 172000, -1, 0, 0.03, 1, 'take_innsta_0.04', 9, 20, 8, 2.8897054578198853, 4.745625009660175, 15]
2017-11-26 20:20:20.572 INFO in 'ProfileAnalyzerTest' at line 2071: [4.039850443858134, 4.039850443858134, 0, 100000, 120000, 123000, 170000, -1, 0, 0.04, 1, 'take_innsta_0.04', 9, 20, 8, 2.6822111822444032, 4.039850443858134, 15]
2017-11-26 20:20:20.572 INFO in 'ProfileAnalyzerTest' at line 2071: [4.101477290705554, 4.101477290705554, 0, 100000, 120000, 122000, 175000, -1, 0, 0.04, 1, 'take_innsta_0.04', 9, 20, 8, 2.7504219626761683, 4.101477290705554, 15]
2017-11-26 20:20:20.572 INFO in 'ProfileAnalyzerTest' at line 2071: [4.113251954770378, 4.113251954770378, 0, 100000, 120000, 122000, 174000, -1, 0, 0.04, 1, 'take_innsta_0.04', 9, 20, 8, 2.7172636050659995, 4.113251954770378, 15]
2017-11-26 20:20:20.573 INFO in 'ProfileAnalyzerTest' at line 2071: [4.136747733351967, 4.136747733351967, 0, 100000, 120000, 122000, 180000, -1, 0, 0.04, 1, 'take_innsta_0.04', 9, 20, 6, 2.792944045380013, 4.136747733351967, 15]
2017-11-26 20:20:20.573 INFO in 'ProfileAnalyzerTest' at line 2071: [4.1851528155969095, 4.1851528155969095, 0, 100000, 120000, 123000, 164000, -1, 0, 0.04, 1, 'take_innsta_0.04', 9, 20, 6, 2.77883050137376, 4.1851528155969095, 15]
2017-11-26 20:20:20.573 INFO in 'ProfileAnalyzerTest' at line 2071: [4.196116871643501, 4.196116871643501, 0, 100000, 120000, 122000, 173000, -1, 0, 0.04, 1, 'take_innsta_0.04', 9, 20, 8, 2.7314533414610422, 4.196116871643501, 15]
2017-11-26 20:20:20.573 INFO in 'ProfileAnalyzerTest' at line 2071: [4.244959628075426, 4.244959628075426, 0, 100000, 120000, 122000, 171000, -1, 0, 0.04, 1, 'take_innsta_0.04', 9, 20, 8, 2.7436623314879607, 4.244959628075426, 15]
2017-11-26 20:20:20.573 INFO in 'ProfileAnalyzerTest' at line 2071: [4.320448245919833, 4.320448245919833, 0, 100000, 120000, 123000, 175000, -1, 0, 0.04, 1, 'take_innsta_0.04', 9, 20, 8, 2.815647394475673, 4.320448245919833, 15]
2017-11-26 20:20:20.575 INFO in 'ProfileAnalyzerTest' at line 2071: [4.331411493403501, 4.331411493403501, 0, 100000, 120000, 123000, 174000, -1, 0, 0.04, 1, 'take_innsta_0.04', 9, 20, 8, 2.782517812762119, 4.331411493403501, 15]
2017-11-26 20:20:20.575 INFO in 'ProfileAnalyzerTest' at line 2071: [4.358432514110129, 4.358432514110129, 0, 100000, 120000, 123000, 180000, -1, 0, 0.04, 1, 'take_innsta_0.04', 9, 20, 6, 2.8581164703857347, 4.358432514110129, 15]
2017-11-26 20:20:20.575 INFO in 'ProfileAnalyzerTest' at line 2071: [4.45160197942056, 4.45160197942056, 0, 100000, 120000, 123000, 173000, -1, 0, 0.04, 1, 'take_innsta_0.04', 9, 20, 8, 2.7962279607776246, 4.45160197942056, 15]
2017-11-26 20:20:20.575 INFO in 'ProfileAnalyzerTest' at line 2071: [4.4694987422503045, 4.4694987422503045, 0, 100000, 120000, 122000, 172000, -1, 0, 0.04, 1, 'take_innsta_0.04', 9, 20, 8, 2.825019186388366, 4.4694987422503045, 15]
2017-11-26 20:20:20.575 INFO in 'ProfileAnalyzerTest' at line 2071: [4.505660925691498, 4.505660925691498, 0, 100000, 120000, 123000, 171000, -1, 0, 0.04, 1, 'take_innsta_0.04', 9, 20, 8, 2.8083919713939967, 4.505660925691498, 15]
2017-11-26 20:20:20.575 INFO in 'ProfileAnalyzerTest' at line 2071: [4.745625009660175, 4.745625009660175, 0, 100000, 120000, 123000, 172000, -1, 0, 0.04, 1, 'take_innsta_0.04', 9, 20, 8, 2.8897054578198853, 4.745625009660175, 15]
2017-11-26 20:20:21.552 INFO in 'ProfileAnalyzerTest' at line 2025: AVG PVV 0.000669018518519
2017-11-26 20:20:21.552 INFO in 'ProfileAnalyzerTest' at line 2026: AVG Volume 0.00388710808924
2017-11-26 20:21:33.783 INFO in 'ProfileAnalyzerTest' at line 2071: [5.605746861377129, 5.605746861377129, 1, 100000, 105000, 112000, 175000, -1, 0, 0.03, 0, 'take_innsta_0.03', 9, 0, 8, 3.3369754567577568, 5.605746861377129, 9]
2017-11-26 20:21:33.783 INFO in 'ProfileAnalyzerTest' at line 2071: [5.615122063998513, 5.615122063998513, 1, 100000, 105000, 125000, 180000, -1, 0, 0.03, 0, 'take_innsta_0.03', 9, 0, 11, 3.184974379078389, 5.615122063998513, 10]
2017-11-26 20:21:33.785 INFO in 'ProfileAnalyzerTest' at line 2071: [5.672259713242357, 5.672259713242357, 1, 100000, 105000, 112000, 174000, -1, 0, 0.03, 0, 'take_innsta_0.03', 9, 0, 8, 3.3214916192970345, 5.672259713242357, 9]
2017-11-26 20:21:33.785 INFO in 'ProfileAnalyzerTest' at line 2071: [5.706858723179982, 5.706858723179982, 1, 100000, 105000, 111000, 180000, -1, 0, 0.03, 0, 'take_innsta_0.03', 9, 0, 8, 3.264820593307258, 5.706858723179982, 9]
2017-11-26 20:21:33.785 INFO in 'ProfileAnalyzerTest' at line 2071: [5.8975183704005465, 5.8975183704005465, 1, 100000, 105000, 115000, 180000, -1, 0, 0.03, 0, 'take_innsta_0.03', 9, 0, 10, 3.246802612119015, 5.8975183704005465, 9]
2017-11-26 20:21:33.785 INFO in 'ProfileAnalyzerTest' at line 2071: [6.121284038907069, 6.121284038907069, 1, 100000, 105000, 114000, 180000, -1, 0, 0.03, 0, 'take_innsta_0.03', 9, 0, 8, 3.329102838416692, 6.121284038907069, 9]
2017-11-26 20:21:33.785 INFO in 'ProfileAnalyzerTest' at line 2071: [6.3393119211753115, 6.3393119211753115, 1, 100000, 105000, 113000, 180000, -1, 0, 0.03, 0, 'take_innsta_0.03', 9, 0, 8, 3.3959759607548734, 6.3393119211753115, 9]
2017-11-26 20:21:33.786 INFO in 'ProfileAnalyzerTest' at line 2071: [6.762140159863092, 6.762140159863092, 1, 100000, 105000, 112000, 180000, -1, 0, 0.03, 0, 'take_innsta_0.03', 9, 0, 8, 3.5071736515542296, 6.762140159863092, 9]
2017-11-26 20:21:33.786 INFO in 'ProfileAnalyzerTest' at line 2071: [5.605746861377129, 5.605746861377129, 1, 100000, 105000, 112000, 175000, -1, 0, 0.03, 0, 'take_innsta_0.04', 9, 0, 8, 3.3369754567577568, 5.605746861377129, 9]
2017-11-26 20:21:33.786 INFO in 'ProfileAnalyzerTest' at line 2071: [5.672259713242357, 5.672259713242357, 1, 100000, 105000, 112000, 174000, -1, 0, 0.03, 0, 'take_innsta_0.04', 9, 0, 8, 3.3214916192970345, 5.672259713242357, 9]
2017-11-26 20:21:33.786 INFO in 'ProfileAnalyzerTest' at line 2071: [5.720717590124895, 5.720717590124895, 1, 100000, 105000, 115000, 180000, -1, 0, 0.03, 0, 'take_innsta_0.04', 9, 0, 10, 3.1916149741499202, 5.720717590124895, 9]
2017-11-26 20:21:33.786 INFO in 'ProfileAnalyzerTest' at line 2071: [6.121284038907069, 6.121284038907069, 1, 100000, 105000, 114000, 180000, -1, 0, 0.03, 0, 'take_innsta_0.04', 9, 0, 8, 3.329102838416692, 6.121284038907069, 9]
2017-11-26 20:21:33.786 INFO in 'ProfileAnalyzerTest' at line 2071: [6.3393119211753115, 6.3393119211753115, 1, 100000, 105000, 113000, 180000, -1, 0, 0.03, 0, 'take_innsta_0.04', 9, 0, 8, 3.3959759607548734, 6.3393119211753115, 9]
2017-11-26 20:21:33.786 INFO in 'ProfileAnalyzerTest' at line 2071: [6.762140159863092, 6.762140159863092, 1, 100000, 105000, 112000, 180000, -1, 0, 0.03, 0, 'take_innsta_0.04', 9, 0, 8, 3.5071736515542296, 6.762140159863092, 9]
2017-11-26 20:21:33.786 INFO in 'ProfileAnalyzerTest' at line 2071: [5.605746861377129, 5.605746861377129, 1, 100000, 105000, 112000, 175000, -1, 0, 0.04, 0, 'take_innsta_0.03', 9, 0, 8, 3.3369754567577568, 5.605746861377129, 9]
2017-11-26 20:21:33.786 INFO in 'ProfileAnalyzerTest' at line 2071: [5.615122063998513, 5.615122063998513, 1, 100000, 105000, 125000, 180000, -1, 0, 0.04, 0, 'take_innsta_0.03', 9, 0, 11, 3.184974379078389, 5.615122063998513, 10]
2017-11-26 20:21:33.786 INFO in 'ProfileAnalyzerTest' at line 2071: [5.672259713242357, 5.672259713242357, 1, 100000, 105000, 112000, 174000, -1, 0, 0.04, 0, 'take_innsta_0.03', 9, 0, 8, 3.3214916192970345, 5.672259713242357, 9]
2017-11-26 20:21:33.788 INFO in 'ProfileAnalyzerTest' at line 2071: [5.706858723179982, 5.706858723179982, 1, 100000, 105000, 111000, 180000, -1, 0, 0.04, 0, 'take_innsta_0.03', 9, 0, 8, 3.264820593307258, 5.706858723179982, 9]
2017-11-26 20:21:33.788 INFO in 'ProfileAnalyzerTest' at line 2071: [5.8975183704005465, 5.8975183704005465, 1, 100000, 105000, 115000, 180000, -1, 0, 0.04, 0, 'take_innsta_0.03', 9, 0, 10, 3.246802612119015, 5.8975183704005465, 9]
2017-11-26 20:21:33.788 INFO in 'ProfileAnalyzerTest' at line 2071: [6.121284038907069, 6.121284038907069, 1, 100000, 105000, 114000, 180000, -1, 0, 0.04, 0, 'take_innsta_0.03', 9, 0, 8, 3.329102838416692, 6.121284038907069, 9]
2017-11-26 20:21:33.788 INFO in 'ProfileAnalyzerTest' at line 2071: [6.3393119211753115, 6.3393119211753115, 1, 100000, 105000, 113000, 180000, -1, 0, 0.04, 0, 'take_innsta_0.03', 9, 0, 8, 3.3959759607548734, 6.3393119211753115, 9]
2017-11-26 20:21:33.788 INFO in 'ProfileAnalyzerTest' at line 2071: [6.762140159863092, 6.762140159863092, 1, 100000, 105000, 112000, 180000, -1, 0, 0.04, 0, 'take_innsta_0.03', 9, 0, 8, 3.5071736515542296, 6.762140159863092, 9]
2017-11-26 20:21:33.789 INFO in 'ProfileAnalyzerTest' at line 2071: [5.605746861377129, 5.605746861377129, 1, 100000, 105000, 112000, 175000, -1, 0, 0.04, 0, 'take_innsta_0.04', 9, 0, 8, 3.3369754567577568, 5.605746861377129, 9]
2017-11-26 20:21:33.789 INFO in 'ProfileAnalyzerTest' at line 2071: [5.672259713242357, 5.672259713242357, 1, 100000, 105000, 112000, 174000, -1, 0, 0.04, 0, 'take_innsta_0.04', 9, 0, 8, 3.3214916192970345, 5.672259713242357, 9]
2017-11-26 20:21:33.789 INFO in 'ProfileAnalyzerTest' at line 2071: [5.720717590124895, 5.720717590124895, 1, 100000, 105000, 115000, 180000, -1, 0, 0.04, 0, 'take_innsta_0.04', 9, 0, 10, 3.1916149741499202, 5.720717590124895, 9]
2017-11-26 20:21:33.789 INFO in 'ProfileAnalyzerTest' at line 2071: [6.121284038907069, 6.121284038907069, 1, 100000, 105000, 114000, 180000, -1, 0, 0.04, 0, 'take_innsta_0.04', 9, 0, 8, 3.329102838416692, 6.121284038907069, 9]
2017-11-26 20:21:33.789 INFO in 'ProfileAnalyzerTest' at line 2071: [6.3393119211753115, 6.3393119211753115, 1, 100000, 105000, 113000, 180000, -1, 0, 0.04, 0, 'take_innsta_0.04', 9, 0, 8, 3.3959759607548734, 6.3393119211753115, 9]
2017-11-26 20:21:33.789 INFO in 'ProfileAnalyzerTest' at line 2071: [6.762140159863092, 6.762140159863092, 1, 100000, 105000, 112000, 180000, -1, 0, 0.04, 0, 'take_innsta_0.04', 9, 0, 8, 3.5071736515542296, 6.762140159863092, 9]
2017-11-26 20:21:33.789 INFO in 'ProfileAnalyzerTest' at line 2071: [5.560401500924978, 5.560401500924978, 1, 100000, 105000, 114000, 174000, -1, 0, 0.02, 1, 'take_innsta_0.03', 9, 0, 10, 3.243070607441925, 5.560401500924978, 9]
2017-11-26 20:21:33.789 INFO in 'ProfileAnalyzerTest' at line 2071: [5.576747912147893, 5.576747912147893, 1, 100000, 105000, 120000, 180000, -1, 0, 0.02, 1, 'take_innsta_0.03', 9, 0, 6, 3.2036576193001376, 5.576747912147893, 9]
2017-11-26 20:21:33.789 INFO in 'ProfileAnalyzerTest' at line 2071: [5.659299982920677, 5.659299982920677, 1, 100000, 105000, 121000, 180000, -1, 0, 0.02, 1, 'take_innsta_0.03', 9, 0, 7, 3.1631529849536766, 5.659299982920677, 10]
2017-11-26 20:21:33.789 INFO in 'ProfileAnalyzerTest' at line 2071: [5.706858723179982, 5.706858723179982, 1, 100000, 105000, 111000, 180000, -1, 0, 0.02, 1, 'take_innsta_0.03', 9, 0, 8, 3.264820593307258, 5.706858723179982, 9]
2017-11-26 20:21:33.789 INFO in 'ProfileAnalyzerTest' at line 2071: [5.76061135895305, 5.76061135895305, 1, 100000, 105000, 112000, 175000, -1, 0, 0.02, 1, 'take_innsta_0.03', 9, 0, 8, 3.374112449593286, 5.76061135895305, 9]
2017-11-26 20:21:33.790 INFO in 'ProfileAnalyzerTest' at line 2071: [5.8383918606574605, 5.8383918606574605, 1, 100000, 105000, 112000, 174000, -1, 0, 0.02, 1, 'take_innsta_0.03', 9, 0, 8, 3.3585111575836324, 5.8383918606574605, 9]
2017-11-26 20:21:33.790 INFO in 'ProfileAnalyzerTest' at line 2071: [5.945289762390503, 5.945289762390503, 1, 100000, 105000, 113000, 180000, -1, 0, 0.02, 1, 'take_innsta_0.03', 9, 0, 8, 3.3271436124286486, 5.945289762390503, 9]
2017-11-26 20:21:33.790 INFO in 'ProfileAnalyzerTest' at line 2071: [6.439536110634131, 6.439536110634131, 1, 100000, 105000, 115000, 180000, -1, 0, 0.02, 1, 'take_innsta_0.03', 9, 0, 10, 3.3473306793595343, 6.439536110634131, 9]
2017-11-26 20:21:33.790 INFO in 'ProfileAnalyzerTest' at line 2071: [6.6405086078583935, 6.6405086078583935, 1, 100000, 105000, 114000, 180000, -1, 0, 0.02, 1, 'take_innsta_0.03', 9, 0, 8, 3.428587659461285, 6.6405086078583935, 9]
2017-11-26 20:21:33.790 INFO in 'ProfileAnalyzerTest' at line 2071: [6.950894208454045, 6.950894208454045, 1, 100000, 105000, 112000, 180000, -1, 0, 0.02, 1, 'take_innsta_0.03', 9, 0, 8, 3.5442892890172275, 6.950894208454045, 9]
2017-11-26 20:21:33.792 INFO in 'ProfileAnalyzerTest' at line 2071: [5.560401500924978, 5.560401500924978, 1, 100000, 105000, 114000, 174000, -1, 0, 0.02, 1, 'take_innsta_0.04', 9, 0, 10, 3.243070607441925, 5.560401500924978, 9]
2017-11-26 20:21:33.792 INFO in 'ProfileAnalyzerTest' at line 2071: [5.76061135895305, 5.76061135895305, 1, 100000, 105000, 112000, 175000, -1, 0, 0.02, 1, 'take_innsta_0.04', 9, 0, 8, 3.374112449593286, 5.76061135895305, 9]
2017-11-26 20:21:33.792 INFO in 'ProfileAnalyzerTest' at line 2071: [5.8383918606574605, 5.8383918606574605, 1, 100000, 105000, 112000, 174000, -1, 0, 0.02, 1, 'take_innsta_0.04', 9, 0, 8, 3.3585111575836324, 5.8383918606574605, 9]
2017-11-26 20:21:33.792 INFO in 'ProfileAnalyzerTest' at line 2071: [5.945289762390503, 5.945289762390503, 1, 100000, 105000, 113000, 180000, -1, 0, 0.02, 1, 'take_innsta_0.04', 9, 0, 8, 3.3271436124286486, 5.945289762390503, 9]
2017-11-26 20:21:33.792 INFO in 'ProfileAnalyzerTest' at line 2071: [6.246486265348779, 6.246486265348779, 1, 100000, 105000, 115000, 180000, -1, 0, 0.02, 1, 'take_innsta_0.04', 9, 0, 10, 3.292143041390439, 6.246486265348779, 9]
2017-11-26 20:21:33.792 INFO in 'ProfileAnalyzerTest' at line 2071: [6.6405086078583935, 6.6405086078583935, 1, 100000, 105000, 114000, 180000, -1, 0, 0.02, 1, 'take_innsta_0.04', 9, 0, 8, 3.428587659461285, 6.6405086078583935, 9]
2017-11-26 20:21:33.792 INFO in 'ProfileAnalyzerTest' at line 2071: [6.950894208454045, 6.950894208454045, 1, 100000, 105000, 112000, 180000, -1, 0, 0.02, 1, 'take_innsta_0.04', 9, 0, 8, 3.5442892890172275, 6.950894208454045, 9]
2017-11-26 20:21:33.792 INFO in 'ProfileAnalyzerTest' at line 2071: [5.560401500924978, 5.560401500924978, 1, 100000, 105000, 114000, 174000, -1, 0, 0.03, 1, 'take_innsta_0.03', 9, 0, 10, 3.243070607441925, 5.560401500924978, 9]
2017-11-26 20:21:33.792 INFO in 'ProfileAnalyzerTest' at line 2071: [5.576747912147893, 5.576747912147893, 1, 100000, 105000, 120000, 180000, -1, 0, 0.03, 1, 'take_innsta_0.03', 9, 0, 6, 3.2036576193001376, 5.576747912147893, 9]
2017-11-26 20:21:33.792 INFO in 'ProfileAnalyzerTest' at line 2071: [5.659299982920677, 5.659299982920677, 1, 100000, 105000, 121000, 180000, -1, 0, 0.03, 1, 'take_innsta_0.03', 9, 0, 7, 3.1631529849536766, 5.659299982920677, 10]
2017-11-26 20:21:33.793 INFO in 'ProfileAnalyzerTest' at line 2071: [5.706858723179982, 5.706858723179982, 1, 100000, 105000, 111000, 180000, -1, 0, 0.03, 1, 'take_innsta_0.03', 9, 0, 8, 3.264820593307258, 5.706858723179982, 9]
2017-11-26 20:21:33.793 INFO in 'ProfileAnalyzerTest' at line 2071: [5.76061135895305, 5.76061135895305, 1, 100000, 105000, 112000, 175000, -1, 0, 0.03, 1, 'take_innsta_0.03', 9, 0, 8, 3.374112449593286, 5.76061135895305, 9]
2017-11-26 20:21:33.793 INFO in 'ProfileAnalyzerTest' at line 2071: [5.8383918606574605, 5.8383918606574605, 1, 100000, 105000, 112000, 174000, -1, 0, 0.03, 1, 'take_innsta_0.03', 9, 0, 8, 3.3585111575836324, 5.8383918606574605, 9]
2017-11-26 20:21:33.793 INFO in 'ProfileAnalyzerTest' at line 2071: [5.945289762390503, 5.945289762390503, 1, 100000, 105000, 113000, 180000, -1, 0, 0.03, 1, 'take_innsta_0.03', 9, 0, 8, 3.3271436124286486, 5.945289762390503, 9]
2017-11-26 20:21:33.793 INFO in 'ProfileAnalyzerTest' at line 2071: [6.439536110634131, 6.439536110634131, 1, 100000, 105000, 115000, 180000, -1, 0, 0.03, 1, 'take_innsta_0.03', 9, 0, 10, 3.3473306793595343, 6.439536110634131, 9]
2017-11-26 20:21:33.793 INFO in 'ProfileAnalyzerTest' at line 2071: [6.6405086078583935, 6.6405086078583935, 1, 100000, 105000, 114000, 180000, -1, 0, 0.03, 1, 'take_innsta_0.03', 9, 0, 8, 3.428587659461285, 6.6405086078583935, 9]
2017-11-26 20:21:33.795 INFO in 'ProfileAnalyzerTest' at line 2071: [6.950894208454045, 6.950894208454045, 1, 100000, 105000, 112000, 180000, -1, 0, 0.03, 1, 'take_innsta_0.03', 9, 0, 8, 3.5442892890172275, 6.950894208454045, 9]
2017-11-26 20:21:33.795 INFO in 'ProfileAnalyzerTest' at line 2071: [5.560401500924978, 5.560401500924978, 1, 100000, 105000, 114000, 174000, -1, 0, 0.03, 1, 'take_innsta_0.04', 9, 0, 10, 3.243070607441925, 5.560401500924978, 9]
2017-11-26 20:21:33.795 INFO in 'ProfileAnalyzerTest' at line 2071: [5.76061135895305, 5.76061135895305, 1, 100000, 105000, 112000, 175000, -1, 0, 0.03, 1, 'take_innsta_0.04', 9, 0, 8, 3.374112449593286, 5.76061135895305, 9]
2017-11-26 20:21:33.795 INFO in 'ProfileAnalyzerTest' at line 2071: [5.8383918606574605, 5.8383918606574605, 1, 100000, 105000, 112000, 174000, -1, 0, 0.03, 1, 'take_innsta_0.04', 9, 0, 8, 3.3585111575836324, 5.8383918606574605, 9]
2017-11-26 20:21:33.795 INFO in 'ProfileAnalyzerTest' at line 2071: [5.945289762390503, 5.945289762390503, 1, 100000, 105000, 113000, 180000, -1, 0, 0.03, 1, 'take_innsta_0.04', 9, 0, 8, 3.3271436124286486, 5.945289762390503, 9]
2017-11-26 20:21:33.796 INFO in 'ProfileAnalyzerTest' at line 2071: [6.246486265348779, 6.246486265348779, 1, 100000, 105000, 115000, 180000, -1, 0, 0.03, 1, 'take_innsta_0.04', 9, 0, 10, 3.292143041390439, 6.246486265348779, 9]
2017-11-26 20:21:33.796 INFO in 'ProfileAnalyzerTest' at line 2071: [6.6405086078583935, 6.6405086078583935, 1, 100000, 105000, 114000, 180000, -1, 0, 0.03, 1, 'take_innsta_0.04', 9, 0, 8, 3.428587659461285, 6.6405086078583935, 9]
2017-11-26 20:21:33.796 INFO in 'ProfileAnalyzerTest' at line 2071: [6.950894208454045, 6.950894208454045, 1, 100000, 105000, 112000, 180000, -1, 0, 0.03, 1, 'take_innsta_0.04', 9, 0, 8, 3.5442892890172275, 6.950894208454045, 9]
2017-11-26 20:21:33.796 INFO in 'ProfileAnalyzerTest' at line 2071: [5.560401500924978, 5.560401500924978, 1, 100000, 105000, 114000, 174000, -1, 0, 0.04, 1, 'take_innsta_0.03', 9, 0, 10, 3.243070607441925, 5.560401500924978, 9]
2017-11-26 20:21:33.796 INFO in 'ProfileAnalyzerTest' at line 2071: [5.576747912147893, 5.576747912147893, 1, 100000, 105000, 120000, 180000, -1, 0, 0.04, 1, 'take_innsta_0.03', 9, 0, 6, 3.2036576193001376, 5.576747912147893, 9]
2017-11-26 20:21:33.796 INFO in 'ProfileAnalyzerTest' at line 2071: [5.659299982920677, 5.659299982920677, 1, 100000, 105000, 121000, 180000, -1, 0, 0.04, 1, 'take_innsta_0.03', 9, 0, 7, 3.1631529849536766, 5.659299982920677, 10]
2017-11-26 20:21:33.796 INFO in 'ProfileAnalyzerTest' at line 2071: [5.706858723179982, 5.706858723179982, 1, 100000, 105000, 111000, 180000, -1, 0, 0.04, 1, 'take_innsta_0.03', 9, 0, 8, 3.264820593307258, 5.706858723179982, 9]
2017-11-26 20:21:33.796 INFO in 'ProfileAnalyzerTest' at line 2071: [5.76061135895305, 5.76061135895305, 1, 100000, 105000, 112000, 175000, -1, 0, 0.04, 1, 'take_innsta_0.03', 9, 0, 8, 3.374112449593286, 5.76061135895305, 9]
2017-11-26 20:21:33.796 INFO in 'ProfileAnalyzerTest' at line 2071: [5.8383918606574605, 5.8383918606574605, 1, 100000, 105000, 112000, 174000, -1, 0, 0.04, 1, 'take_innsta_0.03', 9, 0, 8, 3.3585111575836324, 5.8383918606574605, 9]
2017-11-26 20:21:33.796 INFO in 'ProfileAnalyzerTest' at line 2071: [5.945289762390503, 5.945289762390503, 1, 100000, 105000, 113000, 180000, -1, 0, 0.04, 1, 'take_innsta_0.03', 9, 0, 8, 3.3271436124286486, 5.945289762390503, 9]
2017-11-26 20:21:33.798 INFO in 'ProfileAnalyzerTest' at line 2071: [6.439536110634131, 6.439536110634131, 1, 100000, 105000, 115000, 180000, -1, 0, 0.04, 1, 'take_innsta_0.03', 9, 0, 10, 3.3473306793595343, 6.439536110634131, 9]
2017-11-26 20:21:33.798 INFO in 'ProfileAnalyzerTest' at line 2071: [6.6405086078583935, 6.6405086078583935, 1, 100000, 105000, 114000, 180000, -1, 0, 0.04, 1, 'take_innsta_0.03', 9, 0, 8, 3.428587659461285, 6.6405086078583935, 9]
2017-11-26 20:21:33.798 INFO in 'ProfileAnalyzerTest' at line 2071: [6.950894208454045, 6.950894208454045, 1, 100000, 105000, 112000, 180000, -1, 0, 0.04, 1, 'take_innsta_0.03', 9, 0, 8, 3.5442892890172275, 6.950894208454045, 9]
2017-11-26 20:21:33.798 INFO in 'ProfileAnalyzerTest' at line 2071: [5.560401500924978, 5.560401500924978, 1, 100000, 105000, 114000, 174000, -1, 0, 0.04, 1, 'take_innsta_0.04', 9, 0, 10, 3.243070607441925, 5.560401500924978, 9]
2017-11-26 20:21:33.798 INFO in 'ProfileAnalyzerTest' at line 2071: [5.76061135895305, 5.76061135895305, 1, 100000, 105000, 112000, 175000, -1, 0, 0.04, 1, 'take_innsta_0.04', 9, 0, 8, 3.374112449593286, 5.76061135895305, 9]
2017-11-26 20:21:33.799 INFO in 'ProfileAnalyzerTest' at line 2071: [5.8383918606574605, 5.8383918606574605, 1, 100000, 105000, 112000, 174000, -1, 0, 0.04, 1, 'take_innsta_0.04', 9, 0, 8, 3.3585111575836324, 5.8383918606574605, 9]
2017-11-26 20:21:33.799 INFO in 'ProfileAnalyzerTest' at line 2071: [5.945289762390503, 5.945289762390503, 1, 100000, 105000, 113000, 180000, -1, 0, 0.04, 1, 'take_innsta_0.04', 9, 0, 8, 3.3271436124286486, 5.945289762390503, 9]
2017-11-26 20:21:33.799 INFO in 'ProfileAnalyzerTest' at line 2071: [6.246486265348779, 6.246486265348779, 1, 100000, 105000, 115000, 180000, -1, 0, 0.04, 1, 'take_innsta_0.04', 9, 0, 10, 3.292143041390439, 6.246486265348779, 9]
2017-11-26 20:21:33.799 INFO in 'ProfileAnalyzerTest' at line 2071: [6.6405086078583935, 6.6405086078583935, 1, 100000, 105000, 114000, 180000, -1, 0, 0.04, 1, 'take_innsta_0.04', 9, 0, 8, 3.428587659461285, 6.6405086078583935, 9]
2017-11-26 20:21:33.799 INFO in 'ProfileAnalyzerTest' at line 2071: [6.950894208454045, 6.950894208454045, 1, 100000, 105000, 112000, 180000, -1, 0, 0.04, 1, 'take_innsta_0.04', 9, 0, 8, 3.5442892890172275, 6.950894208454045, 9]
2017-11-26 20:21:34.788 INFO in 'ProfileAnalyzerTest' at line 2025: AVG PVV 0.000667601851852
2017-11-26 20:21:34.789 INFO in 'ProfileAnalyzerTest' at line 2026: AVG Volume 0.0038406809456
2017-11-26 20:22:50.680 INFO in 'ProfileAnalyzerTest' at line 2071: [9.651190565915195, 9.651190565915195, 2, 100000, 101000, 102000, 161000, -1, 0, 0.03, 1, 'take_innsta_0.04', 9, 27, 12, 3.6042690514499447, 9.651190565915195, 9]
2017-11-26 20:22:50.680 INFO in 'ProfileAnalyzerTest' at line 2071: [9.834930795342007, 9.834930795342007, 2, 100000, 101000, 102000, 174000, -1, 0, 0.03, 1, 'take_innsta_0.04', 9, 27, 14, 3.709750507737001, 9.834930795342007, 9]
2017-11-26 20:22:50.680 INFO in 'ProfileAnalyzerTest' at line 2071: [9.859937880250294, 9.859937880250294, 2, 100000, 101000, 102000, 160000, -1, 0, 0.03, 1, 'take_innsta_0.04', 9, 27, 16, 3.607106653952719, 9.859937880250294, 9]
2017-11-26 20:22:50.680 INFO in 'ProfileAnalyzerTest' at line 2071: [9.86785983084872, 9.86785983084872, 2, 100000, 101000, 102000, 173000, -1, 0, 0.03, 1, 'take_innsta_0.04', 9, 27, 10, 3.7116833269891494, 9.86785983084872, 9]
2017-11-26 20:22:50.680 INFO in 'ProfileAnalyzerTest' at line 2071: [9.96441191483574, 9.96441191483574, 2, 100000, 101000, 103000, 175000, -1, 0, 0.03, 1, 'take_innsta_0.04', 9, 27, 13, 3.6710844848353936, 9.96441191483574, 10]
2017-11-26 20:22:50.680 INFO in 'ProfileAnalyzerTest' at line 2071: [10.142704369835055, 10.142704369835055, 2, 100000, 101000, 103000, 180000, -1, 0, 0.03, 1, 'take_innsta_0.04', 9, 27, 12, 3.739458625930037, 10.142704369835055, 9]
2017-11-26 20:22:50.680 INFO in 'ProfileAnalyzerTest' at line 2071: [10.258361810843551, 10.258361810843551, 2, 100000, 101000, 102000, 175000, -1, 0, 0.03, 1, 'take_innsta_0.04', 9, 27, 12, 3.7528485900089956, 10.258361810843551, 9]
2017-11-26 20:22:50.680 INFO in 'ProfileAnalyzerTest' at line 2071: [10.626435436436356, 10.626435436436356, 2, 100000, 101000, 102000, 180000, -1, 0, 0.03, 1, 'take_innsta_0.04', 9, 27, 12, 3.8732184137459744, 10.626435436436356, 9]
2017-11-26 20:22:50.681 INFO in 'ProfileAnalyzerTest' at line 2071: [9.651190565915195, 9.651190565915195, 2, 100000, 101000, 102000, 161000, -1, 0, 0.04, 0, 'take_innsta_0.04', 9, 27, 12, 3.6042690514499447, 9.651190565915195, 9]
2017-11-26 20:22:50.681 INFO in 'ProfileAnalyzerTest' at line 2071: [9.834930795342007, 9.834930795342007, 2, 100000, 101000, 102000, 174000, -1, 0, 0.04, 0, 'take_innsta_0.04', 9, 27, 14, 3.709750507737001, 9.834930795342007, 9]
2017-11-26 20:22:50.681 INFO in 'ProfileAnalyzerTest' at line 2071: [9.859937880250294, 9.859937880250294, 2, 100000, 101000, 102000, 160000, -1, 0, 0.04, 0, 'take_innsta_0.04', 9, 27, 16, 3.607106653952719, 9.859937880250294, 9]
2017-11-26 20:22:50.681 INFO in 'ProfileAnalyzerTest' at line 2071: [9.86785983084872, 9.86785983084872, 2, 100000, 101000, 102000, 173000, -1, 0, 0.04, 0, 'take_innsta_0.04', 9, 27, 10, 3.7116833269891494, 9.86785983084872, 9]
2017-11-26 20:22:50.681 INFO in 'ProfileAnalyzerTest' at line 2071: [10.258361810843551, 10.258361810843551, 2, 100000, 101000, 102000, 175000, -1, 0, 0.04, 0, 'take_innsta_0.04', 9, 27, 12, 3.7528485900089956, 10.258361810843551, 9]
2017-11-26 20:22:50.683 INFO in 'ProfileAnalyzerTest' at line 2071: [10.626435436436356, 10.626435436436356, 2, 100000, 101000, 102000, 180000, -1, 0, 0.04, 0, 'take_innsta_0.04', 9, 27, 12, 3.8732184137459744, 10.626435436436356, 9]
2017-11-26 20:22:50.683 INFO in 'ProfileAnalyzerTest' at line 2071: [9.651190565915195, 9.651190565915195, 2, 100000, 101000, 102000, 161000, -1, 0, 0.04, 1, 'take_innsta_0.04', 9, 27, 12, 3.6042690514499447, 9.651190565915195, 9]
2017-11-26 20:22:50.683 INFO in 'ProfileAnalyzerTest' at line 2071: [9.834930795342007, 9.834930795342007, 2, 100000, 101000, 102000, 174000, -1, 0, 0.04, 1, 'take_innsta_0.04', 9, 27, 14, 3.709750507737001, 9.834930795342007, 9]
2017-11-26 20:22:50.683 INFO in 'ProfileAnalyzerTest' at line 2071: [9.859937880250294, 9.859937880250294, 2, 100000, 101000, 102000, 160000, -1, 0, 0.04, 1, 'take_innsta_0.04', 9, 27, 16, 3.607106653952719, 9.859937880250294, 9]
2017-11-26 20:22:50.683 INFO in 'ProfileAnalyzerTest' at line 2071: [9.86785983084872, 9.86785983084872, 2, 100000, 101000, 102000, 173000, -1, 0, 0.04, 1, 'take_innsta_0.04', 9, 27, 10, 3.7116833269891494, 9.86785983084872, 9]
2017-11-26 20:22:50.683 INFO in 'ProfileAnalyzerTest' at line 2071: [9.96441191483574, 9.96441191483574, 2, 100000, 101000, 103000, 175000, -1, 0, 0.04, 1, 'take_innsta_0.04', 9, 27, 13, 3.6710844848353936, 9.96441191483574, 10]
2017-11-26 20:22:50.684 INFO in 'ProfileAnalyzerTest' at line 2071: [10.142704369835055, 10.142704369835055, 2, 100000, 101000, 103000, 180000, -1, 0, 0.04, 1, 'take_innsta_0.04', 9, 27, 12, 3.739458625930037, 10.142704369835055, 9]
2017-11-26 20:22:50.684 INFO in 'ProfileAnalyzerTest' at line 2071: [10.258361810843551, 10.258361810843551, 2, 100000, 101000, 102000, 175000, -1, 0, 0.04, 1, 'take_innsta_0.04', 9, 27, 12, 3.7528485900089956, 10.258361810843551, 9]
2017-11-26 20:22:50.684 INFO in 'ProfileAnalyzerTest' at line 2071: [10.626435436436356, 10.626435436436356, 2, 100000, 101000, 102000, 180000, -1, 0, 0.04, 1, 'take_innsta_0.04', 9, 27, 12, 3.8732184137459744, 10.626435436436356, 9]
2017-11-26 20:22:50.684 INFO in 'ProfileAnalyzerTest' at line 2071: [10.690943249349292, 10.690943249349292, 2, 100000, 101000, 110000, 180000, -1, 0, 0.02, 1, 'take_innsta_0.015', 9, 27, 12, 3.7016488683581983, 10.690943249349292, 9]
2017-11-26 20:22:50.684 INFO in 'ProfileAnalyzerTest' at line 2071: [9.642125845860713, 9.642125845860713, 2, 100000, 101000, 105000, 172000, -1, 0, 0.04, 1, 'take_innsta_0.015', 9, 27, 12, 3.589650422846364, 9.642125845860713, 9]
2017-11-26 20:22:50.684 INFO in 'ProfileAnalyzerTest' at line 2071: [9.794920031768816, 9.794920031768816, 2, 100000, 101000, 110000, 174000, -1, 0, 0.04, 1, 'take_innsta_0.015', 9, 27, 13, 3.537638232157209, 9.794920031768816, 10]
2017-11-26 20:22:50.684 INFO in 'ProfileAnalyzerTest' at line 2071: [9.887572606782076, 9.887572606782076, 2, 100000, 101000, 105000, 175000, -1, 0, 0.04, 1, 'take_innsta_0.015', 9, 27, 13, 3.581124172708844, 9.887572606782076, 10]
2017-11-26 20:22:50.684 INFO in 'ProfileAnalyzerTest' at line 2071: [10.437241473314023, 10.437241473314023, 2, 100000, 101000, 110000, 180000, -1, 0, 0.04, 1, 'take_innsta_0.015', 9, 27, 14, 3.6460602096580725, 10.437241473314023, 9]
2017-11-26 20:22:50.684 INFO in 'ProfileAnalyzerTest' at line 2071: [10.92645920046887, 10.92645920046887, 2, 100000, 101000, 105000, 174000, -1, 0, 0.04, 1, 'take_innsta_0.015', 9, 27, 13, 3.6875367660668346, 10.92645920046887, 10]
2017-11-26 20:22:50.684 INFO in 'ProfileAnalyzerTest' at line 2071: [11.563774409871115, 11.563774409871115, 2, 100000, 101000, 105000, 180000, -1, 0, 0.04, 1, 'take_innsta_0.015', 9, 27, 14, 3.7886943457901032, 11.563774409871115, 9]
2017-11-26 20:22:50.686 INFO in 'ProfileAnalyzerTest' at line 2071: [9.842104269084931, 9.842104269084931, 2, 100000, 101000, 110000, 174000, -1, 0, 0.03, 0, 'take_innsta_0.015', 9, 27, 13, 3.5429868701317426, 9.842104269084931, 10]
2017-11-26 20:22:50.686 INFO in 'ProfileAnalyzerTest' at line 2071: [11.048577484669316, 11.048577484669316, 2, 100000, 101000, 110000, 180000, -1, 0, 0.03, 0, 'take_innsta_0.015', 9, 27, 13, 3.7014087721553155, 11.048577484669316, 10]
2017-11-26 20:22:50.686 INFO in 'ProfileAnalyzerTest' at line 2071: [9.777018977640536, 9.777018977640536, 2, 100000, 101000, 110000, 175000, -1, 0, 0.03, 1, 'take_innsta_0.015', 9, 27, 13, 3.5380939195049033, 9.777018977640536, 10]
2017-11-26 20:22:50.686 INFO in 'ProfileAnalyzerTest' at line 2071: [9.796137224423527, 9.796137224423527, 2, 100000, 101000, 105000, 173000, -1, 0, 0.03, 1, 'take_innsta_0.015', 9, 27, 12, 3.5959974537480535, 9.796137224423527, 9]
2017-11-26 20:22:50.687 INFO in 'ProfileAnalyzerTest' at line 2071: [10.04895076442138, 10.04895076442138, 2, 100000, 101000, 105000, 172000, -1, 0, 0.03, 1, 'take_innsta_0.015', 9, 27, 12, 3.6382576489378375, 10.04895076442138, 9]
2017-11-26 20:22:50.687 INFO in 'ProfileAnalyzerTest' at line 2071: [10.304753525681155, 10.304753525681155, 2, 100000, 101000, 105000, 175000, -1, 0, 0.03, 1, 'take_innsta_0.015', 9, 27, 13, 3.6297313988003177, 10.304753525681155, 10]
2017-11-26 20:22:50.687 INFO in 'ProfileAnalyzerTest' at line 2071: [10.571936486880972, 10.571936486880972, 2, 100000, 101000, 110000, 174000, -1, 0, 0.03, 1, 'take_innsta_0.015', 9, 27, 13, 3.6227450524536633, 10.571936486880972, 10]
2017-11-26 20:22:50.687 INFO in 'ProfileAnalyzerTest' at line 2071: [11.265212334172556, 11.265212334172556, 2, 100000, 101000, 110000, 180000, -1, 0, 0.03, 1, 'take_innsta_0.015', 9, 27, 14, 3.731167029954527, 11.265212334172556, 9]
2017-11-26 20:22:50.687 INFO in 'ProfileAnalyzerTest' at line 2071: [11.387473290665111, 11.387473290665111, 2, 100000, 101000, 105000, 174000, -1, 0, 0.03, 1, 'take_innsta_0.015', 9, 27, 13, 3.736143992158308, 11.387473290665111, 10]
2017-11-26 20:22:50.687 INFO in 'ProfileAnalyzerTest' at line 2071: [12.051678390565291, 12.051678390565291, 2, 100000, 101000, 105000, 180000, -1, 0, 0.03, 1, 'take_innsta_0.015', 9, 27, 14, 3.8373015718815773, 12.051678390565291, 9]
2017-11-26 20:22:50.687 INFO in 'ProfileAnalyzerTest' at line 2071: [9.777018977640536, 9.777018977640536, 2, 100000, 101000, 110000, 175000, -1, 0, 0.03, 1, 'take_innsta_0.015', 9, 27, 13, 3.5380939195049033, 9.777018977640536, 10]
2017-11-26 20:22:50.687 INFO in 'ProfileAnalyzerTest' at line 2071: [9.796137224423527, 9.796137224423527, 2, 100000, 101000, 105000, 173000, -1, 0, 0.03, 1, 'take_innsta_0.015', 9, 27, 12, 3.5959974537480535, 9.796137224423527, 9]
2017-11-26 20:22:50.687 INFO in 'ProfileAnalyzerTest' at line 2071: [10.04895076442138, 10.04895076442138, 2, 100000, 101000, 105000, 172000, -1, 0, 0.03, 1, 'take_innsta_0.015', 9, 27, 12, 3.6382576489378375, 10.04895076442138, 9]
2017-11-26 20:22:50.688 INFO in 'ProfileAnalyzerTest' at line 2071: [10.304753525681155, 10.304753525681155, 2, 100000, 101000, 105000, 175000, -1, 0, 0.03, 1, 'take_innsta_0.015', 9, 27, 13, 3.6297313988003177, 10.304753525681155, 10]
2017-11-26 20:22:50.688 INFO in 'ProfileAnalyzerTest' at line 2071: [10.571936486880972, 10.571936486880972, 2, 100000, 101000, 110000, 174000, -1, 0, 0.03, 1, 'take_innsta_0.015', 9, 27, 13, 3.6227450524536633, 10.571936486880972, 10]
2017-11-26 20:22:50.688 INFO in 'ProfileAnalyzerTest' at line 2071: [11.265212334172556, 11.265212334172556, 2, 100000, 101000, 110000, 180000, -1, 0, 0.03, 1, 'take_innsta_0.015', 9, 27, 14, 3.731167029954527, 11.265212334172556, 9]
2017-11-26 20:22:50.688 INFO in 'ProfileAnalyzerTest' at line 2071: [11.387473290665111, 11.387473290665111, 2, 100000, 101000, 105000, 174000, -1, 0, 0.03, 1, 'take_innsta_0.015', 9, 27, 13, 3.736143992158308, 11.387473290665111, 10]
2017-11-26 20:22:50.688 INFO in 'ProfileAnalyzerTest' at line 2071: [12.051678390565291, 12.051678390565291, 2, 100000, 101000, 105000, 180000, -1, 0, 0.03, 1, 'take_innsta_0.015', 9, 27, 14, 3.8373015718815773, 12.051678390565291, 9]
2017-11-26 20:22:50.688 INFO in 'ProfileAnalyzerTest' at line 2071: [9.642125845860713, 9.642125845860713, 2, 100000, 101000, 105000, 172000, -1, 0, 0.04, 1, 'take_innsta_0.015', 9, 27, 12, 3.589650422846364, 9.642125845860713, 9]
2017-11-26 20:22:50.690 INFO in 'ProfileAnalyzerTest' at line 2071: [9.794920031768816, 9.794920031768816, 2, 100000, 101000, 110000, 174000, -1, 0, 0.04, 1, 'take_innsta_0.015', 9, 27, 13, 3.537638232157209, 9.794920031768816, 10]
2017-11-26 20:22:50.690 INFO in 'ProfileAnalyzerTest' at line 2071: [9.887572606782076, 9.887572606782076, 2, 100000, 101000, 105000, 175000, -1, 0, 0.04, 1, 'take_innsta_0.015', 9, 27, 13, 3.581124172708844, 9.887572606782076, 10]
2017-11-26 20:22:50.690 INFO in 'ProfileAnalyzerTest' at line 2071: [10.437241473314023, 10.437241473314023, 2, 100000, 101000, 110000, 180000, -1, 0, 0.04, 1, 'take_innsta_0.015', 9, 27, 14, 3.6460602096580725, 10.437241473314023, 9]
2017-11-26 20:22:50.690 INFO in 'ProfileAnalyzerTest' at line 2071: [10.92645920046887, 10.92645920046887, 2, 100000, 101000, 105000, 174000, -1, 0, 0.04, 1, 'take_innsta_0.015', 9, 27, 13, 3.6875367660668346, 10.92645920046887, 10]
2017-11-26 20:22:50.690 INFO in 'ProfileAnalyzerTest' at line 2071: [11.563774409871115, 11.563774409871115, 2, 100000, 101000, 105000, 180000, -1, 0, 0.04, 1, 'take_innsta_0.015', 9, 27, 14, 3.7886943457901032, 11.563774409871115, 9]
2017-11-26 20:22:50.690 INFO in 'ProfileAnalyzerTest' at line 2071: [9.777018977640536, 9.777018977640536, 2, 100000, 101000, 110000, 175000, -1, 0, 0.03, 1, 'take_innsta_0.015', 9, 27, 13, 3.5380939195049033, 9.777018977640536, 10]
2017-11-26 20:22:50.690 INFO in 'ProfileAnalyzerTest' at line 2071: [9.796137224423527, 9.796137224423527, 2, 100000, 101000, 105000, 173000, -1, 0, 0.03, 1, 'take_innsta_0.015', 9, 27, 12, 3.5959974537480535, 9.796137224423527, 9]
2017-11-26 20:22:50.690 INFO in 'ProfileAnalyzerTest' at line 2071: [10.04895076442138, 10.04895076442138, 2, 100000, 101000, 105000, 172000, -1, 0, 0.03, 1, 'take_innsta_0.015', 9, 27, 12, 3.6382576489378375, 10.04895076442138, 9]
2017-11-26 20:22:50.690 INFO in 'ProfileAnalyzerTest' at line 2071: [10.304753525681155, 10.304753525681155, 2, 100000, 101000, 105000, 175000, -1, 0, 0.03, 1, 'take_innsta_0.015', 9, 27, 13, 3.6297313988003177, 10.304753525681155, 10]
2017-11-26 20:22:50.690 INFO in 'ProfileAnalyzerTest' at line 2071: [10.571936486880972, 10.571936486880972, 2, 100000, 101000, 110000, 174000, -1, 0, 0.03, 1, 'take_innsta_0.015', 9, 27, 13, 3.6227450524536633, 10.571936486880972, 10]
2017-11-26 20:22:50.691 INFO in 'ProfileAnalyzerTest' at line 2071: [11.265212334172556, 11.265212334172556, 2, 100000, 101000, 110000, 180000, -1, 0, 0.03, 1, 'take_innsta_0.015', 9, 27, 14, 3.731167029954527, 11.265212334172556, 9]
2017-11-26 20:22:50.691 INFO in 'ProfileAnalyzerTest' at line 2071: [11.387473290665111, 11.387473290665111, 2, 100000, 101000, 105000, 174000, -1, 0, 0.03, 1, 'take_innsta_0.015', 9, 27, 13, 3.736143992158308, 11.387473290665111, 10]
2017-11-26 20:22:50.691 INFO in 'ProfileAnalyzerTest' at line 2071: [12.051678390565291, 12.051678390565291, 2, 100000, 101000, 105000, 180000, -1, 0, 0.03, 1, 'take_innsta_0.015', 9, 27, 14, 3.8373015718815773, 12.051678390565291, 9]
2017-11-26 20:22:51.671 INFO in 'ProfileAnalyzerTest' at line 2025: AVG PVV 0.000727381588319
2017-11-26 20:22:51.673 INFO in 'ProfileAnalyzerTest' at line 2026: AVG Volume 0.00370907731505
2017-11-26 20:24:05.279 INFO in 'ProfileAnalyzerTest' at line 2071: [7.748501505227065, 7.748501505227065, 3, 100000, 101000, 122000, 174000, -1, 0, 0.02, 1, 'take_innsta_0.015', 9, 14, 12, 3.4762063988798753, 7.748501505227065, 8]
2017-11-26 20:24:05.279 INFO in 'ProfileAnalyzerTest' at line 2071: [8.200469783047925, 8.200469783047925, 3, 100000, 101000, 122000, 175000, -1, 0, 0.02, 1, 'take_innsta_0.015', 9, 14, 10, 3.5790257645038905, 8.200469783047925, 8]
2017-11-26 20:24:05.279 INFO in 'ProfileAnalyzerTest' at line 2071: [8.814481106301503, 8.814481106301503, 3, 100000, 101000, 122000, 180000, -1, 0, 0.02, 1, 'take_innsta_0.015', 9, 14, 10, 3.6447510080344885, 8.814481106301503, 8]
2017-11-26 20:24:05.279 INFO in 'ProfileAnalyzerTest' at line 2071: [7.950482572120718, 7.950482572120718, 3, 100000, 113000, 114000, 173000, 1, 0, 0.03, 0, 'take_innsta_0.03', 9, 0, 8, 3.6957694029297117, 7.950482572120718, 8]
2017-11-26 20:24:05.279 INFO in 'ProfileAnalyzerTest' at line 2071: [7.9776672182894925, 7.9776672182894925, 3, 100000, 113000, 114000, 175000, 1, 0, 0.03, 0, 'take_innsta_0.03', 9, 0, 6, 3.6657029088976816, 7.9776672182894925, 10]
2017-11-26 20:24:05.279 INFO in 'ProfileAnalyzerTest' at line 2071: [8.846631693794764, 8.846631693794764, 3, 100000, 113000, 114000, 180000, 1, 0, 0.03, 0, 'take_innsta_0.03', 9, 0, 7, 3.7697401885784494, 8.846631693794764, 9]
2017-11-26 20:24:05.279 INFO in 'ProfileAnalyzerTest' at line 2071: [7.145429088037862, 7.145429088037862, 3, 100000, 101000, 121000, 180000, -1, 0, 0.03, 0, 'take_innsta_0.015', 9, 14, 9, 3.3714267054368614, 7.145429088037862, 9]
2017-11-26 20:24:05.279 INFO in 'ProfileAnalyzerTest' at line 2071: [7.726746989701435, 7.726746989701435, 3, 100000, 101000, 122000, 173000, -1, 0, 0.03, 0, 'take_innsta_0.015', 9, 14, 13, 3.458484982701599, 7.726746989701435, 9]
2017-11-26 20:24:05.280 INFO in 'ProfileAnalyzerTest' at line 2071: [9.049927499470645, 9.049927499470645, 3, 100000, 101000, 122000, 174000, -1, 0, 0.03, 0, 'take_innsta_0.015', 9, 14, 12, 3.627226145675594, 9.049927499470645, 8]
2017-11-26 20:24:05.280 INFO in 'ProfileAnalyzerTest' at line 2071: [9.587145650924878, 9.587145650924878, 3, 100000, 101000, 122000, 175000, -1, 0, 0.03, 0, 'take_innsta_0.015', 9, 14, 10, 3.7300181358258646, 9.587145650924878, 8]
2017-11-26 20:24:05.280 INFO in 'ProfileAnalyzerTest' at line 2071: [10.281174170173735, 10.281174170173735, 3, 100000, 101000, 122000, 180000, -1, 0, 0.03, 0, 'take_innsta_0.015', 9, 14, 10, 3.795808686589272, 10.281174170173735, 8]
2017-11-26 20:24:05.280 INFO in 'ProfileAnalyzerTest' at line 2071: [7.728582107805438, 7.728582107805438, 3, 100000, 101000, 122000, 173000, -1, 0, 0.04, 0, 'take_innsta_0.015', 9, 14, 13, 3.4619273450852086, 7.728582107805438, 9]
2017-11-26 20:24:05.280 INFO in 'ProfileAnalyzerTest' at line 2071: [9.05207687563326, 9.05207687563326, 3, 100000, 101000, 122000, 174000, -1, 0, 0.04, 0, 'take_innsta_0.015', 9, 14, 12, 3.6306685080592036, 9.05207687563326, 8]
2017-11-26 20:24:05.280 INFO in 'ProfileAnalyzerTest' at line 2071: [9.589422617489618, 9.589422617489618, 3, 100000, 101000, 122000, 175000, -1, 0, 0.04, 0, 'take_innsta_0.015', 9, 14, 10, 3.7334604982094732, 9.589422617489618, 8]
2017-11-26 20:24:05.282 INFO in 'ProfileAnalyzerTest' at line 2071: [10.283615969921449, 10.283615969921449, 3, 100000, 101000, 122000, 180000, -1, 0, 0.04, 0, 'take_innsta_0.015', 9, 14, 10, 3.7992510489728817, 10.283615969921449, 8]
2017-11-26 20:24:05.282 INFO in 'ProfileAnalyzerTest' at line 2071: [8.042313440265815, 8.042313440265815, 3, 100000, 101000, 122000, 174000, -1, 0, 0.04, 1, 'take_innsta_0.015', 9, 14, 12, 3.5331217790516543, 8.042313440265815, 8]
2017-11-26 20:24:05.282 INFO in 'ProfileAnalyzerTest' at line 2071: [8.511419699436114, 8.511419699436114, 3, 100000, 101000, 122000, 175000, -1, 0, 0.04, 1, 'take_innsta_0.015', 9, 14, 10, 3.6359411446756695, 8.511419699436114, 8]
2017-11-26 20:24:05.282 INFO in 'ProfileAnalyzerTest' at line 2071: [9.14871344121915, 9.14871344121915, 3, 100000, 101000, 122000, 180000, -1, 0, 0.04, 1, 'take_innsta_0.015', 9, 14, 10, 3.7016663882062675, 9.14871344121915, 8]
2017-11-26 20:24:05.282 INFO in 'ProfileAnalyzerTest' at line 2071: [7.053353020484333, 7.053353020484333, 3, 100000, 101000, 122000, 173000, -1, 0, 0.03, 1, 'take_innsta_0.015', 9, 14, 13, 3.3924593971814327, 7.053353020484333, 9]
2017-11-26 20:24:05.282 INFO in 'ProfileAnalyzerTest' at line 2071: [8.287957038353836, 8.287957038353836, 3, 100000, 101000, 122000, 174000, -1, 0, 0.03, 1, 'take_innsta_0.015', 9, 14, 12, 3.5611292759079287, 8.287957038353836, 8]
2017-11-26 20:24:05.282 INFO in 'ProfileAnalyzerTest' at line 2071: [8.771391631062006, 8.771391631062006, 3, 100000, 101000, 122000, 175000, -1, 0, 0.03, 1, 'take_innsta_0.015', 9, 14, 10, 3.663948641531945, 8.771391631062006, 8]
2017-11-26 20:24:05.282 INFO in 'ProfileAnalyzerTest' at line 2071: [9.428150807627372, 9.428150807627372, 3, 100000, 101000, 122000, 180000, -1, 0, 0.03, 1, 'take_innsta_0.015', 9, 14, 10, 3.729673885062543, 9.428150807627372, 8]
2017-11-26 20:24:05.282 INFO in 'ProfileAnalyzerTest' at line 2071: [7.145429088037862, 7.145429088037862, 3, 100000, 101000, 121000, 180000, -1, 0, 0.03, 0, 'take_innsta_0.015', 9, 14, 9, 3.3714267054368614, 7.145429088037862, 9]
2017-11-26 20:24:05.283 INFO in 'ProfileAnalyzerTest' at line 2071: [7.726746989701435, 7.726746989701435, 3, 100000, 101000, 122000, 173000, -1, 0, 0.03, 0, 'take_innsta_0.015', 9, 14, 13, 3.458484982701599, 7.726746989701435, 9]
2017-11-26 20:24:05.283 INFO in 'ProfileAnalyzerTest' at line 2071: [9.049927499470645, 9.049927499470645, 3, 100000, 101000, 122000, 174000, -1, 0, 0.03, 0, 'take_innsta_0.015', 9, 14, 12, 3.627226145675594, 9.049927499470645, 8]
2017-11-26 20:24:05.283 INFO in 'ProfileAnalyzerTest' at line 2071: [9.587145650924878, 9.587145650924878, 3, 100000, 101000, 122000, 175000, -1, 0, 0.03, 0, 'take_innsta_0.015', 9, 14, 10, 3.7300181358258646, 9.587145650924878, 8]
2017-11-26 20:24:05.283 INFO in 'ProfileAnalyzerTest' at line 2071: [10.281174170173735, 10.281174170173735, 3, 100000, 101000, 122000, 180000, -1, 0, 0.03, 0, 'take_innsta_0.015', 9, 14, 10, 3.795808686589272, 10.281174170173735, 8]
2017-11-26 20:24:05.283 INFO in 'ProfileAnalyzerTest' at line 2071: [7.728582107805438, 7.728582107805438, 3, 100000, 101000, 122000, 173000, -1, 0, 0.04, 0, 'take_innsta_0.015', 9, 14, 13, 3.4619273450852086, 7.728582107805438, 9]
2017-11-26 20:24:05.285 INFO in 'ProfileAnalyzerTest' at line 2071: [9.05207687563326, 9.05207687563326, 3, 100000, 101000, 122000, 174000, -1, 0, 0.04, 0, 'take_innsta_0.015', 9, 14, 12, 3.6306685080592036, 9.05207687563326, 8]
2017-11-26 20:24:05.285 INFO in 'ProfileAnalyzerTest' at line 2071: [9.589422617489618, 9.589422617489618, 3, 100000, 101000, 122000, 175000, -1, 0, 0.04, 0, 'take_innsta_0.015', 9, 14, 10, 3.7334604982094732, 9.589422617489618, 8]
2017-11-26 20:24:05.285 INFO in 'ProfileAnalyzerTest' at line 2071: [10.283615969921449, 10.283615969921449, 3, 100000, 101000, 122000, 180000, -1, 0, 0.04, 0, 'take_innsta_0.015', 9, 14, 10, 3.7992510489728817, 10.283615969921449, 8]
2017-11-26 20:24:05.285 INFO in 'ProfileAnalyzerTest' at line 2071: [7.145429088037862, 7.145429088037862, 3, 100000, 101000, 121000, 180000, -1, 0, 0.03, 0, 'take_innsta_0.015', 9, 14, 9, 3.3714267054368614, 7.145429088037862, 9]
2017-11-26 20:24:05.285 INFO in 'ProfileAnalyzerTest' at line 2071: [7.726746989701435, 7.726746989701435, 3, 100000, 101000, 122000, 173000, -1, 0, 0.03, 0, 'take_innsta_0.015', 9, 14, 13, 3.458484982701599, 7.726746989701435, 9]
2017-11-26 20:24:05.286 INFO in 'ProfileAnalyzerTest' at line 2071: [9.049927499470645, 9.049927499470645, 3, 100000, 101000, 122000, 174000, -1, 0, 0.03, 0, 'take_innsta_0.015', 9, 14, 12, 3.627226145675594, 9.049927499470645, 8]
2017-11-26 20:24:05.286 INFO in 'ProfileAnalyzerTest' at line 2071: [9.587145650924878, 9.587145650924878, 3, 100000, 101000, 122000, 175000, -1, 0, 0.03, 0, 'take_innsta_0.015', 9, 14, 10, 3.7300181358258646, 9.587145650924878, 8]
2017-11-26 20:24:05.286 INFO in 'ProfileAnalyzerTest' at line 2071: [10.281174170173735, 10.281174170173735, 3, 100000, 101000, 122000, 180000, -1, 0, 0.03, 0, 'take_innsta_0.015', 9, 14, 10, 3.795808686589272, 10.281174170173735, 8]
2017-11-26 20:24:05.286 INFO in 'ProfileAnalyzerTest' at line 2071: [7.728582107805438, 7.728582107805438, 3, 100000, 101000, 122000, 173000, -1, 0, 0.04, 0, 'take_innsta_0.015', 9, 14, 13, 3.4619273450852086, 7.728582107805438, 9]
2017-11-26 20:24:05.286 INFO in 'ProfileAnalyzerTest' at line 2071: [9.05207687563326, 9.05207687563326, 3, 100000, 101000, 122000, 174000, -1, 0, 0.04, 0, 'take_innsta_0.015', 9, 14, 12, 3.6306685080592036, 9.05207687563326, 8]
2017-11-26 20:24:05.286 INFO in 'ProfileAnalyzerTest' at line 2071: [9.589422617489618, 9.589422617489618, 3, 100000, 101000, 122000, 175000, -1, 0, 0.04, 0, 'take_innsta_0.015', 9, 14, 10, 3.7334604982094732, 9.589422617489618, 8]
2017-11-26 20:24:05.286 INFO in 'ProfileAnalyzerTest' at line 2071: [10.283615969921449, 10.283615969921449, 3, 100000, 101000, 122000, 180000, -1, 0, 0.04, 0, 'take_innsta_0.015', 9, 14, 10, 3.7992510489728817, 10.283615969921449, 8]
2017-11-26 20:24:06.266 INFO in 'ProfileAnalyzerTest' at line 2025: AVG PVV 0.000719711538462
2017-11-26 20:24:06.267 INFO in 'ProfileAnalyzerTest' at line 2026: AVG Volume 0.00375507612253
2017-11-26 20:25:19.608 INFO in 'ProfileAnalyzerTest' at line 2071: [3.914583035378216, 3.914583035378216, 4, 100000, 114000, 115000, 162000, -1, 0, 0.01, 1, 'take_innsta_0.015', 9, 20, 6, 2.5622894492563217, 3.914583035378216, 16]
2017-11-26 20:25:19.608 INFO in 'ProfileAnalyzerTest' at line 2071: [3.9464786814868846, 3.9464786814868846, 4, 100000, 114000, 115000, 172000, -1, 0, 0.01, 1, 'take_innsta_0.015', 9, 20, 7, 2.564555689973399, 3.9464786814868846, 15]
2017-11-26 20:25:19.608 INFO in 'ProfileAnalyzerTest' at line 2071: [4.134274205147011, 4.134274205147011, 4, 100000, 114000, 115000, 180000, -1, 0, 0.01, 1, 'take_innsta_0.015', 9, 20, 7, 2.634315862227107, 4.134274205147011, 15]
2017-11-26 20:25:19.608 INFO in 'ProfileAnalyzerTest' at line 2071: [4.161773638247507, 4.161773638247507, 4, 100000, 114000, 115000, 175000, -1, 0, 0.01, 1, 'take_innsta_0.015', 9, 20, 7, 2.641481714830862, 4.161773638247507, 15]
2017-11-26 20:25:19.608 INFO in 'ProfileAnalyzerTest' at line 2071: [4.165015409022361, 4.165015409022361, 4, 100000, 114000, 115000, 174000, -1, 0, 0.01, 1, 'take_innsta_0.015', 9, 20, 7, 2.641595989690873, 4.165015409022361, 15]
2017-11-26 20:25:19.609 INFO in 'ProfileAnalyzerTest' at line 2071: [4.311722865449636, 4.311722865449636, 4, 100000, 114000, 115000, 173000, -1, 0, 0.01, 1, 'take_innsta_0.015', 9, 20, 7, 2.679820055959345, 4.311722865449636, 15]
2017-11-26 20:25:19.609 INFO in 'ProfileAnalyzerTest' at line 2071: [3.914583035378216, 3.914583035378216, 4, 100000, 114000, 115000, 162000, -1, 0, 0.01, 1, 'take_innsta_0.015', 9, 20, 6, 2.5622894492563217, 3.914583035378216, 16]
2017-11-26 20:25:19.609 INFO in 'ProfileAnalyzerTest' at line 2071: [3.9464786814868846, 3.9464786814868846, 4, 100000, 114000, 115000, 172000, -1, 0, 0.01, 1, 'take_innsta_0.015', 9, 20, 7, 2.564555689973399, 3.9464786814868846, 15]
2017-11-26 20:25:19.609 INFO in 'ProfileAnalyzerTest' at line 2071: [4.134274205147011, 4.134274205147011, 4, 100000, 114000, 115000, 180000, -1, 0, 0.01, 1, 'take_innsta_0.015', 9, 20, 7, 2.634315862227107, 4.134274205147011, 15]
2017-11-26 20:25:19.609 INFO in 'ProfileAnalyzerTest' at line 2071: [4.161773638247507, 4.161773638247507, 4, 100000, 114000, 115000, 175000, -1, 0, 0.01, 1, 'take_innsta_0.015', 9, 20, 7, 2.641481714830862, 4.161773638247507, 15]
2017-11-26 20:25:19.611 INFO in 'ProfileAnalyzerTest' at line 2071: [4.165015409022361, 4.165015409022361, 4, 100000, 114000, 115000, 174000, -1, 0, 0.01, 1, 'take_innsta_0.015', 9, 20, 7, 2.641595989690873, 4.165015409022361, 15]
2017-11-26 20:25:19.611 INFO in 'ProfileAnalyzerTest' at line 2071: [4.311722865449636, 4.311722865449636, 4, 100000, 114000, 115000, 173000, -1, 0, 0.01, 1, 'take_innsta_0.015', 9, 20, 7, 2.679820055959345, 4.311722865449636, 15]
2017-11-26 20:25:19.611 INFO in 'ProfileAnalyzerTest' at line 2071: [3.863205238453679, 3.863205238453679, 4, 100000, 113000, 115000, 173000, -1, 0, 0.01, 0, 'take_innsta_0.0075', 20, 0, 12, 2.4751634946534518, 3.863205238453679, 10]
2017-11-26 20:25:19.611 INFO in 'ProfileAnalyzerTest' at line 2071: [3.863205238453679, 3.863205238453679, 4, 100000, 113000, 115000, 174000, -1, 0, 0.01, 0, 'take_innsta_0.0075', 20, 0, 12, 2.4751634946534518, 3.863205238453679, 10]
2017-11-26 20:25:19.611 INFO in 'ProfileAnalyzerTest' at line 2071: [3.917071162866375, 3.917071162866375, 4, 100000, 113000, 115000, 172000, -1, 0, 0.01, 0, 'take_innsta_0.0075', 20, 0, 12, 2.489723535391284, 3.917071162866375, 10]
2017-11-26 20:25:19.611 INFO in 'ProfileAnalyzerTest' at line 2071: [4.07904463566446, 4.07904463566446, 4, 100000, 113000, 115000, 175000, -1, 0, 0.01, 0, 'take_innsta_0.0075', 20, 0, 12, 2.5335052097633737, 4.07904463566446, 10]
2017-11-26 20:25:19.611 INFO in 'ProfileAnalyzerTest' at line 2071: [4.21445464748415, 4.21445464748415, 4, 100000, 113000, 115000, 180000, -1, 0, 0.01, 0, 'take_innsta_0.0075', 20, 0, 12, 2.570106740506626, 4.21445464748415, 10]
2017-11-26 20:25:19.611 INFO in 'ProfileAnalyzerTest' at line 2071: [4.265841795352718, 4.265841795352718, 4, 100000, 103000, 104000, 132000, -1, 0, 0.04, 0, 'take_innsta_0.015', 27, 0, 10, 2.769138490884887, 4.265841795352718, 12]
2017-11-26 20:25:19.611 INFO in 'ProfileAnalyzerTest' at line 2071: [3.8564501216348948, 3.8564501216348948, 4, 100000, 104000, 115000, 162000, -1, 0, 0.04, 1, 'take_innsta_0.015', 27, 0, 9, 2.60349421358195, 3.8564501216348948, 9]
2017-11-26 20:25:19.611 INFO in 'ProfileAnalyzerTest' at line 2071: [4.265841795352718, 4.265841795352718, 4, 100000, 103000, 104000, 132000, -1, 0, 0.04, 1, 'take_innsta_0.015', 27, 0, 10, 2.769138490884887, 4.265841795352718, 12]
2017-11-26 20:25:19.612 INFO in 'ProfileAnalyzerTest' at line 2071: [3.914583035378216, 3.914583035378216, 4, 100000, 114000, 115000, 162000, -1, 0, 0.01, 1, 'take_innsta_0.015', 9, 20, 6, 2.5622894492563217, 3.914583035378216, 16]
2017-11-26 20:25:19.612 INFO in 'ProfileAnalyzerTest' at line 2071: [3.9464786814868846, 3.9464786814868846, 4, 100000, 114000, 115000, 172000, -1, 0, 0.01, 1, 'take_innsta_0.015', 9, 20, 7, 2.564555689973399, 3.9464786814868846, 15]
2017-11-26 20:25:19.612 INFO in 'ProfileAnalyzerTest' at line 2071: [4.134274205147011, 4.134274205147011, 4, 100000, 114000, 115000, 180000, -1, 0, 0.01, 1, 'take_innsta_0.015', 9, 20, 7, 2.634315862227107, 4.134274205147011, 15]
2017-11-26 20:25:19.612 INFO in 'ProfileAnalyzerTest' at line 2071: [4.161773638247507, 4.161773638247507, 4, 100000, 114000, 115000, 175000, -1, 0, 0.01, 1, 'take_innsta_0.015', 9, 20, 7, 2.641481714830862, 4.161773638247507, 15]
2017-11-26 20:25:19.612 INFO in 'ProfileAnalyzerTest' at line 2071: [4.165015409022361, 4.165015409022361, 4, 100000, 114000, 115000, 174000, -1, 0, 0.01, 1, 'take_innsta_0.015', 9, 20, 7, 2.641595989690873, 4.165015409022361, 15]
2017-11-26 20:25:19.614 INFO in 'ProfileAnalyzerTest' at line 2071: [4.311722865449636, 4.311722865449636, 4, 100000, 114000, 115000, 173000, -1, 0, 0.01, 1, 'take_innsta_0.015', 9, 20, 7, 2.679820055959345, 4.311722865449636, 15]
2017-11-26 20:25:19.614 INFO in 'ProfileAnalyzerTest' at line 2071: [4.377749531373409, 4.377749531373409, 4, 100000, 103000, 104000, 132000, -1, 0, 0.03, 0, 'take_innsta_0.015', 27, 0, 10, 2.798517879489076, 4.377749531373409, 12]
2017-11-26 20:25:19.614 INFO in 'ProfileAnalyzerTest' at line 2071: [4.377749531373409, 4.377749531373409, 4, 100000, 103000, 104000, 132000, -1, 0, 0.03, 1, 'take_innsta_0.015', 27, 0, 10, 2.798517879489076, 4.377749531373409, 12]
2017-11-26 20:25:19.614 INFO in 'ProfileAnalyzerTest' at line 2071: [4.414672828924292, 4.414672828924292, 4, 100000, 103000, 104000, 132000, -1, 0, 0.02, 0, 'take_innsta_0.015', 27, 0, 10, 2.8082114355011014, 4.414672828924292, 12]
2017-11-26 20:25:19.615 INFO in 'ProfileAnalyzerTest' at line 2071: [4.414672828924292, 4.414672828924292, 4, 100000, 103000, 104000, 132000, -1, 0, 0.02, 1, 'take_innsta_0.015', 27, 0, 10, 2.8082114355011014, 4.414672828924292, 12]
2017-11-26 20:25:19.615 INFO in 'ProfileAnalyzerTest' at line 2162: 373.776000023
