2018-01-01 17:06:36.773 INFO in 'ProfileAnalyzerTest' at line 2108: TATN_150105_170801.txt
2018-01-01 17:06:43.499 INFO in 'ProfileAnalyzerTest' at line 2119: AVG PVV 0.000288366819563
2018-01-01 17:06:43.502 INFO in 'ProfileAnalyzerTest' at line 2120: AVG Volume -4.1621201961e-05
2018-01-01 17:10:50.82 INFO in 'ProfileAnalyzerTest' at line 2165: [1.7503323764530418, 1.7503323764530418, 0, 100000, 115000, 160000, 165000, 1, 0, 0.04, 4, 'take_innsta_0.02', 9, 27, 29, 2.1253103086975735, 1.7503323764530418, 49]
2018-01-01 17:10:50.82 INFO in 'ProfileAnalyzerTest' at line 2165: [1.8601828060566736, 1.8601828060566736, 0, 100000, 113000, 160000, 165000, 1, 0, 0.04, 4, 'take_innsta_0.02', 9, 27, 33, 2.202566392012189, 1.8601828060566736, 45]
2018-01-01 17:10:50.82 INFO in 'ProfileAnalyzerTest' at line 2165: [1.939042800602948, 1.939042800602948, 0, 100000, 114000, 160000, 165000, 1, 0, 0.04, 4, 'take_innsta_0.02', 9, 27, 34, 2.2236262445157933, 1.939042800602948, 48]
2018-01-01 17:10:50.82 INFO in 'ProfileAnalyzerTest' at line 2165: [1.7503323764530418, 1.7503323764530418, 0, 100000, 115000, 160000, 165000, 1, 0, 0.04, 5, 'take_innsta_0.02', 9, 27, 29, 2.1253103086975735, 1.7503323764530418, 49]
2018-01-01 17:10:50.82 INFO in 'ProfileAnalyzerTest' at line 2165: [1.8601828060566736, 1.8601828060566736, 0, 100000, 113000, 160000, 165000, 1, 0, 0.04, 5, 'take_innsta_0.02', 9, 27, 33, 2.202566392012189, 1.8601828060566736, 45]
2018-01-01 17:10:50.82 INFO in 'ProfileAnalyzerTest' at line 2165: [1.939042800602948, 1.939042800602948, 0, 100000, 114000, 160000, 165000, 1, 0, 0.04, 5, 'take_innsta_0.02', 9, 27, 34, 2.2236262445157933, 1.939042800602948, 48]
2018-01-01 17:10:50.84 INFO in 'ProfileAnalyzerTest' at line 2165: [1.9606056977024016, 1.9606056977024016, 0, 100000, 115000, 150000, 165000, 1, 0, 0.01, 1, 'take_innsta_0.02', 9, 20, 35, 2.758229003884512, 1.9606056977024016, 25]
2018-01-01 17:10:50.84 INFO in 'ProfileAnalyzerTest' at line 2165: [1.9606056977024016, 1.9606056977024016, 0, 100000, 115000, 150000, 165000, 1, 0, 0.01, 2, 'take_innsta_0.02', 9, 20, 35, 2.758229003884512, 1.9606056977024016, 25]
2018-01-01 17:10:50.84 INFO in 'ProfileAnalyzerTest' at line 2165: [1.9606056977024016, 1.9606056977024016, 0, 100000, 115000, 150000, 165000, 1, 0, 0.01, 3, 'take_innsta_0.02', 9, 20, 35, 2.758229003884512, 1.9606056977024016, 25]
2018-01-01 17:10:50.85 INFO in 'ProfileAnalyzerTest' at line 2165: [1.8850953290077286, 1.8850953290077286, 0, 100000, 104000, 145000, 180000, 1, 0, 0.01, 0, 'take_innsta_0.0075', 20, 0, 56, 2.8306096842478157, 1.8850953290077286, 0]
2018-01-01 17:10:50.85 INFO in 'ProfileAnalyzerTest' at line 2165: [2.0426140768839103, 2.0426140768839103, 0, 100000, 104000, 145000, 175000, 1, 0, 0.01, 0, 'take_innsta_0.0075', 20, 0, 57, 2.8878401711211024, 2.0426140768839103, 1]
2018-01-01 17:10:50.85 INFO in 'ProfileAnalyzerTest' at line 2165: [1.900503921068815, 1.900503921068815, 0, 100000, 104000, 145000, 180000, 1, 0, 0.02, 0, 'take_innsta_0.0075', 20, 0, 58, 3.313330762853573, 1.900503921068815, 0]
2018-01-01 17:10:50.85 INFO in 'ProfileAnalyzerTest' at line 2165: [2.4595866503217025, 2.4595866503217025, 0, 100000, 104000, 145000, 175000, 1, 0, 0.02, 0, 'take_innsta_0.0075', 20, 0, 62, 3.5212608902953484, 2.4595866503217025, 2]
2018-01-01 17:10:50.85 INFO in 'ProfileAnalyzerTest' at line 2165: [2.473937102296125, 2.473937102296125, 0, 100000, 104000, 145000, 174000, 1, 0, 0.03, 0, 'take_innsta_0.0075', 20, 0, 55, 3.4808557883149094, 2.473937102296125, 1]
2018-01-01 17:10:50.85 INFO in 'ProfileAnalyzerTest' at line 2165: [2.4894680253953236, 2.4894680253953236, 0, 100000, 104000, 145000, 180000, 1, 0, 0.03, 0, 'take_innsta_0.0075', 20, 0, 54, 3.658791568631042, 2.4894680253953236, 0]
2018-01-01 17:10:50.85 INFO in 'ProfileAnalyzerTest' at line 2165: [3.8314185524998154, 3.8314185524998154, 0, 100000, 104000, 145000, 175000, 1, 0, 0.03, 0, 'take_innsta_0.0075', 20, 0, 59, 3.9970819358492475, 3.8314185524998154, 3]
2018-01-01 17:10:50.85 INFO in 'ProfileAnalyzerTest' at line 2165: [2.473937102296125, 2.473937102296125, 0, 100000, 104000, 145000, 174000, 1, 0, 0.03, 0, 'take_innsta_0.0075', 20, 0, 55, 3.4808557883149094, 2.473937102296125, 1]
2018-01-01 17:10:50.85 INFO in 'ProfileAnalyzerTest' at line 2165: [2.4894680253953236, 2.4894680253953236, 0, 100000, 104000, 145000, 180000, 1, 0, 0.03, 0, 'take_innsta_0.0075', 20, 0, 54, 3.658791568631042, 2.4894680253953236, 0]
2018-01-01 17:10:50.85 INFO in 'ProfileAnalyzerTest' at line 2165: [3.8314185524998154, 3.8314185524998154, 0, 100000, 104000, 145000, 175000, 1, 0, 0.03, 0, 'take_innsta_0.0075', 20, 0, 59, 3.9970819358492475, 3.8314185524998154, 3]
2018-01-01 17:10:50.86 INFO in 'ProfileAnalyzerTest' at line 2165: [2.473937102296125, 2.473937102296125, 0, 100000, 104000, 145000, 174000, 1, 0, 0.03, 0, 'take_innsta_0.0075', 20, 0, 55, 3.4808557883149094, 2.473937102296125, 1]
2018-01-01 17:10:50.86 INFO in 'ProfileAnalyzerTest' at line 2165: [2.4894680253953236, 2.4894680253953236, 0, 100000, 104000, 145000, 180000, 1, 0, 0.03, 0, 'take_innsta_0.0075', 20, 0, 54, 3.658791568631042, 2.4894680253953236, 0]
2018-01-01 17:10:50.86 INFO in 'ProfileAnalyzerTest' at line 2165: [3.8314185524998154, 3.8314185524998154, 0, 100000, 104000, 145000, 175000, 1, 0, 0.03, 0, 'take_innsta_0.0075', 20, 0, 59, 3.9970819358492475, 3.8314185524998154, 3]
2018-01-01 17:10:56.755 INFO in 'ProfileAnalyzerTest' at line 2119: AVG PVV 1.70175260719e-05
2018-01-01 17:10:56.757 INFO in 'ProfileAnalyzerTest' at line 2120: AVG Volume 1.21410554083e-05
2018-01-01 17:14:57.944 INFO in 'ProfileAnalyzerTest' at line 2160: No ranges found
2018-01-01 17:15:04.584 INFO in 'ProfileAnalyzerTest' at line 2119: AVG PVV 0.000117533241059
2018-01-01 17:15:04.586 INFO in 'ProfileAnalyzerTest' at line 2120: AVG Volume -3.59153621665e-05
2018-01-01 17:19:16.556 INFO in 'ProfileAnalyzerTest' at line 2165: [1.324965438649795, 1.324965438649795, 2, 100000, 114000, 155000, 175000, 1, 0, 0.02, 3, 'take_innsta_0.015', 20, 0, 23, 3.0246179988890343, 1.324965438649795, 14]
2018-01-01 17:19:16.556 INFO in 'ProfileAnalyzerTest' at line 2165: [1.7681010584731884, 1.7681010584731884, 2, 100000, 114000, 160000, 175000, 1, 0, 0.02, 3, 'take_innsta_0.015', 20, 0, 25, 3.3303973635821458, 1.7681010584731884, 16]
2018-01-01 17:19:16.556 INFO in 'ProfileAnalyzerTest' at line 2165: [1.324965438649795, 1.324965438649795, 2, 100000, 114000, 155000, 175000, 1, 0, 0.02, 4, 'take_innsta_0.015', 20, 0, 23, 3.0246179988890343, 1.324965438649795, 14]
2018-01-01 17:19:16.556 INFO in 'ProfileAnalyzerTest' at line 2165: [1.7681010584731884, 1.7681010584731884, 2, 100000, 114000, 160000, 175000, 1, 0, 0.02, 4, 'take_innsta_0.015', 20, 0, 25, 3.3303973635821458, 1.7681010584731884, 16]
2018-01-01 17:19:16.558 INFO in 'ProfileAnalyzerTest' at line 2165: [1.3185263595460728, 1.3185263595460728, 2, 100000, 110000, 133000, 175000, -1, 0, 0.03, 0, 'take_innsta_0.005', 14, 27, 67, 2.4887836814877438, 1.3185263595460728, 0]
2018-01-01 17:19:16.558 INFO in 'ProfileAnalyzerTest' at line 2165: [1.4495524482252369, 1.4495524482252369, 2, 100000, 111000, 133000, 180000, -1, 0, 0.03, 0, 'take_innsta_0.005', 14, 27, 74, 2.710393445810205, 1.4495524482252369, 1]
2018-01-01 17:19:16.558 INFO in 'ProfileAnalyzerTest' at line 2165: [1.5908036196310706, 1.5908036196310706, 2, 100000, 110000, 133000, 174000, -1, 0, 0.03, 0, 'take_innsta_0.005', 14, 27, 66, 2.613233576513391, 1.5908036196310706, 1]
2018-01-01 17:19:16.558 INFO in 'ProfileAnalyzerTest' at line 2165: [1.8255824750982197, 1.8255824750982197, 2, 100000, 111000, 133000, 175000, -1, 0, 0.03, 0, 'take_innsta_0.005', 14, 27, 71, 2.7874551395526246, 1.8255824750982197, 0]
2018-01-01 17:19:16.558 INFO in 'ProfileAnalyzerTest' at line 2165: [2.042755700261843, 2.042755700261843, 2, 100000, 111000, 133000, 174000, -1, 0, 0.03, 0, 'take_innsta_0.005', 14, 27, 70, 2.8469237605408844, 2.042755700261843, 1]
2018-01-01 17:19:16.559 INFO in 'ProfileAnalyzerTest' at line 2165: [1.8611041835428588, 1.8611041835428588, 2, 100000, 103000, 142000, 175000, 1, 0, 0.04, 0, 'take_innsta_0.01', 9, 0, 37, 3.8861958089514252, 1.8611041835428588, 2]
2018-01-01 17:19:16.559 INFO in 'ProfileAnalyzerTest' at line 2165: [1.9255113052785744, 1.9255113052785744, 2, 100000, 103000, 142000, 180000, 1, 0, 0.04, 0, 'take_innsta_0.01', 9, 0, 49, 3.955464276039192, 1.9255113052785744, 0]
2018-01-01 17:19:16.559 INFO in 'ProfileAnalyzerTest' at line 2165: [1.8611041835428588, 1.8611041835428588, 2, 100000, 103000, 142000, 175000, 1, 0, 0.04, 0, 'take_innsta_0.01', 9, 0, 37, 3.8861958089514252, 1.8611041835428588, 2]
2018-01-01 17:19:16.559 INFO in 'ProfileAnalyzerTest' at line 2165: [1.9255113052785744, 1.9255113052785744, 2, 100000, 103000, 142000, 180000, 1, 0, 0.04, 0, 'take_innsta_0.01', 9, 0, 49, 3.955464276039192, 1.9255113052785744, 0]
2018-01-01 17:19:16.559 INFO in 'ProfileAnalyzerTest' at line 2165: [1.182494254850996, 1.182494254850996, 2, 100000, 114000, 161000, 175000, 1, 0, 0.04, 0, 'take_innsta_0.01', 20, 0, 38, 3.2785863807091116, 1.182494254850996, 1]
2018-01-01 17:19:16.559 INFO in 'ProfileAnalyzerTest' at line 2165: [1.6835272411436903, 1.6835272411436903, 2, 100000, 114000, 142000, 175000, 1, 0, 0.04, 0, 'take_innsta_0.01', 20, 0, 41, 3.5422068113071545, 1.6835272411436903, 2]
2018-01-01 17:19:16.559 INFO in 'ProfileAnalyzerTest' at line 2165: [1.6845028370166788, 1.6845028370166788, 2, 100000, 114000, 142000, 180000, 1, 0, 0.04, 0, 'take_innsta_0.01', 20, 0, 47, 3.682846855104454, 1.6845028370166788, 0]
2018-01-01 17:19:16.559 INFO in 'ProfileAnalyzerTest' at line 2165: [1.943672131232853, 1.943672131232853, 2, 100000, 103000, 142000, 180000, 1, 0, 0.04, 0, 'take_innsta_0.01', 20, 0, 49, 3.973382616000723, 1.943672131232853, 0]
2018-01-01 17:19:16.559 INFO in 'ProfileAnalyzerTest' at line 2165: [1.3185263595460728, 1.3185263595460728, 2, 100000, 110000, 133000, 175000, -1, 0, 0.03, 0, 'take_innsta_0.005', 14, 27, 67, 2.4887836814877438, 1.3185263595460728, 0]
2018-01-01 17:19:16.561 INFO in 'ProfileAnalyzerTest' at line 2165: [1.4495524482252369, 1.4495524482252369, 2, 100000, 111000, 133000, 180000, -1, 0, 0.03, 0, 'take_innsta_0.005', 14, 27, 74, 2.710393445810205, 1.4495524482252369, 1]
2018-01-01 17:19:16.561 INFO in 'ProfileAnalyzerTest' at line 2165: [1.5908036196310706, 1.5908036196310706, 2, 100000, 110000, 133000, 174000, -1, 0, 0.03, 0, 'take_innsta_0.005', 14, 27, 66, 2.613233576513391, 1.5908036196310706, 1]
2018-01-01 17:19:16.561 INFO in 'ProfileAnalyzerTest' at line 2165: [1.8255824750982197, 1.8255824750982197, 2, 100000, 111000, 133000, 175000, -1, 0, 0.03, 0, 'take_innsta_0.005', 14, 27, 71, 2.7874551395526246, 1.8255824750982197, 0]
2018-01-01 17:19:16.561 INFO in 'ProfileAnalyzerTest' at line 2165: [2.042755700261843, 2.042755700261843, 2, 100000, 111000, 133000, 174000, -1, 0, 0.03, 0, 'take_innsta_0.005', 14, 27, 70, 2.8469237605408844, 2.042755700261843, 1]
2018-01-01 17:19:16.561 INFO in 'ProfileAnalyzerTest' at line 2165: [2.107894570226377, 2.107894570226377, 2, 100000, 103000, 143000, 180000, 1, 0, 0.04, 0, 'take_innsta_0.0075', 20, 0, 52, 3.58502568606016, 2.107894570226377, 1]
2018-01-01 17:19:16.562 INFO in 'ProfileAnalyzerTest' at line 2165: [2.1093848150859786, 2.1093848150859786, 2, 100000, 103000, 143000, 175000, 1, 0, 0.04, 0, 'take_innsta_0.0075', 9, 0, 45, 3.5229645721678344, 2.1093848150859786, 0]
2018-01-01 17:19:16.562 INFO in 'ProfileAnalyzerTest' at line 2165: [2.804562950066593, 2.804562950066593, 2, 100000, 103000, 143000, 180000, 1, 0, 0.04, 0, 'take_innsta_0.0075', 9, 0, 51, 3.835857595551228, 2.804562950066593, 0]
2018-01-01 17:19:16.562 INFO in 'ProfileAnalyzerTest' at line 2165: [2.1093848150859786, 2.1093848150859786, 2, 100000, 103000, 143000, 175000, 1, 0, 0.04, 0, 'take_innsta_0.0075', 9, 0, 45, 3.5229645721678344, 2.1093848150859786, 0]
2018-01-01 17:19:16.562 INFO in 'ProfileAnalyzerTest' at line 2165: [2.804562950066593, 2.804562950066593, 2, 100000, 103000, 143000, 180000, 1, 0, 0.04, 0, 'take_innsta_0.0075', 9, 0, 51, 3.835857595551228, 2.804562950066593, 0]
2018-01-01 17:19:23.177 INFO in 'ProfileAnalyzerTest' at line 2119: AVG PVV -0.000314562872463
2018-01-01 17:19:23.180 INFO in 'ProfileAnalyzerTest' at line 2120: AVG Volume -0.000212653845679
2018-01-01 17:23:36.470 INFO in 'ProfileAnalyzerTest' at line 2165: [6.258203178621904, 6.258203178621904, 3, 100000, 101000, 115000, 151000, 1, 0, 0.01, 0, 'take_innsta_0.04', 9, 0, 30, 7.071361854785055, 6.258203178621904, 3]
2018-01-01 17:23:36.470 INFO in 'ProfileAnalyzerTest' at line 2165: [7.703933061709494, 7.703933061709494, 3, 100000, 101000, 120000, 141000, 1, 0, 0.01, 0, 'take_innsta_0.04', 9, 0, 47, 6.516601884991519, 7.703933061709494, 0]
2018-01-01 17:23:36.470 INFO in 'ProfileAnalyzerTest' at line 2165: [8.399956979111618, 8.399956979111618, 3, 100000, 101000, 115000, 143000, 1, 0, 0.01, 0, 'take_innsta_0.04', 9, 0, 36, 7.027320632567547, 8.399956979111618, 1]
2018-01-01 17:23:36.470 INFO in 'ProfileAnalyzerTest' at line 2165: [10.2518236769186, 10.2518236769186, 3, 100000, 101000, 115000, 141000, 1, 0, 0.01, 0, 'take_innsta_0.04', 9, 0, 40, 7.046241841223681, 10.2518236769186, 1]
2018-01-01 17:23:36.471 INFO in 'ProfileAnalyzerTest' at line 2165: [10.922124948294256, 10.922124948294256, 3, 100000, 101000, 120000, 142000, 1, 0, 0.01, 0, 'take_innsta_0.04', 9, 0, 44, 6.993541300542303, 10.922124948294256, 3]
2018-01-01 17:23:36.471 INFO in 'ProfileAnalyzerTest' at line 2165: [13.670691915543575, 13.670691915543575, 3, 100000, 101000, 115000, 142000, 1, 0, 0.01, 0, 'take_innsta_0.04', 9, 0, 34, 7.468824075315954, 13.670691915543575, 1]
2018-01-01 17:23:36.471 INFO in 'ProfileAnalyzerTest' at line 2165: [6.181858618985159, 6.181858618985159, 3, 100000, 101000, 104000, 140000, 1, 0, 0.03, 0, 'take_innsta_0.04', 9, 0, 31, 9.128360157605297, 6.181858618985159, 4]
2018-01-01 17:23:36.471 INFO in 'ProfileAnalyzerTest' at line 2165: [6.212041294305587, 6.212041294305587, 3, 100000, 101000, 104000, 143000, 1, 0, 0.03, 0, 'take_innsta_0.04', 9, 0, 27, 9.705174931233474, 6.212041294305587, 0]
2018-01-01 17:23:36.471 INFO in 'ProfileAnalyzerTest' at line 2165: [6.410063886042913, 6.410063886042913, 3, 100000, 101000, 120000, 141000, 1, 0, 0.03, 0, 'take_innsta_0.04', 9, 0, 51, 6.8989292842394265, 6.410063886042913, 0]
2018-01-01 17:23:36.473 INFO in 'ProfileAnalyzerTest' at line 2165: [6.557979203522413, 6.557979203522413, 3, 100000, 101000, 104000, 141000, 1, 0, 0.03, 0, 'take_innsta_0.04', 9, 0, 27, 9.498235367596225, 6.557979203522413, 0]
2018-01-01 17:23:36.473 INFO in 'ProfileAnalyzerTest' at line 2165: [6.644757954906897, 6.644757954906897, 3, 100000, 101000, 115000, 151000, 1, 0, 0.03, 0, 'take_innsta_0.04', 9, 0, 34, 8.32305807510283, 6.644757954906897, 3]
2018-01-01 17:23:36.473 INFO in 'ProfileAnalyzerTest' at line 2165: [7.1151613120286425, 7.1151613120286425, 3, 100000, 101000, 120000, 142000, 1, 0, 0.03, 0, 'take_innsta_0.04', 9, 0, 46, 7.341953367844345, 7.1151613120286425, 3]
2018-01-01 17:23:36.473 INFO in 'ProfileAnalyzerTest' at line 2165: [7.708392963831231, 7.708392963831231, 3, 100000, 101000, 115000, 133000, 1, 0, 0.03, 0, 'take_innsta_0.04', 9, 0, 25, 6.089299259384995, 7.708392963831231, 2]
2018-01-01 17:23:36.473 INFO in 'ProfileAnalyzerTest' at line 2165: [9.5359718270244, 9.5359718270244, 3, 100000, 101000, 104000, 142000, 1, 0, 0.03, 0, 'take_innsta_0.04', 9, 0, 28, 10.086077548274679, 9.5359718270244, 3]
2018-01-01 17:23:36.473 INFO in 'ProfileAnalyzerTest' at line 2165: [10.331022392436825, 10.331022392436825, 3, 100000, 101000, 115000, 134000, 1, 0, 0.03, 0, 'take_innsta_0.04', 9, 0, 29, 6.4730545243452475, 10.331022392436825, 0]
2018-01-01 17:23:36.473 INFO in 'ProfileAnalyzerTest' at line 2165: [10.899489358095352, 10.899489358095352, 3, 100000, 101000, 115000, 143000, 1, 0, 0.03, 0, 'take_innsta_0.04', 9, 0, 40, 7.967697575044971, 10.899489358095352, 1]
2018-01-01 17:23:36.473 INFO in 'ProfileAnalyzerTest' at line 2165: [12.88518422887193, 12.88518422887193, 3, 100000, 101000, 115000, 140000, 1, 0, 0.03, 0, 'take_innsta_0.04', 9, 0, 38, 7.51844459921589, 12.88518422887193, 1]
2018-01-01 17:23:36.473 INFO in 'ProfileAnalyzerTest' at line 2165: [13.804035277615275, 13.804035277615275, 3, 100000, 101000, 115000, 135000, 1, 0, 0.03, 0, 'take_innsta_0.04', 9, 0, 41, 7.075950690863546, 13.804035277615275, 2]
2018-01-01 17:23:36.473 INFO in 'ProfileAnalyzerTest' at line 2165: [14.9606637613532, 14.9606637613532, 3, 100000, 101000, 115000, 142000, 1, 0, 0.03, 0, 'take_innsta_0.04', 9, 0, 38, 8.269674006882523, 14.9606637613532, 1]
2018-01-01 17:23:36.474 INFO in 'ProfileAnalyzerTest' at line 2165: [15.363295576442441, 15.363295576442441, 3, 100000, 101000, 115000, 141000, 1, 0, 0.03, 0, 'take_innsta_0.04', 9, 0, 44, 7.975620707062601, 15.363295576442441, 1]
2018-01-01 17:23:36.474 INFO in 'ProfileAnalyzerTest' at line 2165: [7.708392963831231, 7.708392963831231, 3, 100000, 101000, 115000, 133000, 1, 0, 0.04, 0, 'take_innsta_0.04', 9, 0, 25, 6.089299259384995, 7.708392963831231, 2]
2018-01-01 17:23:36.474 INFO in 'ProfileAnalyzerTest' at line 2165: [10.331022392436825, 10.331022392436825, 3, 100000, 101000, 115000, 134000, 1, 0, 0.04, 0, 'take_innsta_0.04', 9, 0, 29, 6.4730545243452475, 10.331022392436825, 0]
2018-01-01 17:23:36.474 INFO in 'ProfileAnalyzerTest' at line 2165: [13.804035277615275, 13.804035277615275, 3, 100000, 101000, 115000, 135000, 1, 0, 0.04, 0, 'take_innsta_0.04', 9, 0, 41, 7.075950690863546, 13.804035277615275, 2]
2018-01-01 17:23:36.474 INFO in 'ProfileAnalyzerTest' at line 2165: [6.181858618985159, 6.181858618985159, 3, 100000, 101000, 104000, 140000, 1, 0, 0.03, 0, 'take_innsta_0.04', 9, 0, 31, 9.128360157605297, 6.181858618985159, 4]
2018-01-01 17:23:36.476 INFO in 'ProfileAnalyzerTest' at line 2165: [6.212041294305587, 6.212041294305587, 3, 100000, 101000, 104000, 143000, 1, 0, 0.03, 0, 'take_innsta_0.04', 9, 0, 27, 9.705174931233474, 6.212041294305587, 0]
2018-01-01 17:23:36.476 INFO in 'ProfileAnalyzerTest' at line 2165: [6.410063886042913, 6.410063886042913, 3, 100000, 101000, 120000, 141000, 1, 0, 0.03, 0, 'take_innsta_0.04', 9, 0, 51, 6.8989292842394265, 6.410063886042913, 0]
2018-01-01 17:23:36.476 INFO in 'ProfileAnalyzerTest' at line 2165: [6.557979203522413, 6.557979203522413, 3, 100000, 101000, 104000, 141000, 1, 0, 0.03, 0, 'take_innsta_0.04', 9, 0, 27, 9.498235367596225, 6.557979203522413, 0]
2018-01-01 17:23:36.476 INFO in 'ProfileAnalyzerTest' at line 2165: [6.644757954906897, 6.644757954906897, 3, 100000, 101000, 115000, 151000, 1, 0, 0.03, 0, 'take_innsta_0.04', 9, 0, 34, 8.32305807510283, 6.644757954906897, 3]
2018-01-01 17:23:36.476 INFO in 'ProfileAnalyzerTest' at line 2165: [7.1151613120286425, 7.1151613120286425, 3, 100000, 101000, 120000, 142000, 1, 0, 0.03, 0, 'take_innsta_0.04', 9, 0, 46, 7.341953367844345, 7.1151613120286425, 3]
2018-01-01 17:23:36.476 INFO in 'ProfileAnalyzerTest' at line 2165: [7.708392963831231, 7.708392963831231, 3, 100000, 101000, 115000, 133000, 1, 0, 0.03, 0, 'take_innsta_0.04', 9, 0, 25, 6.089299259384995, 7.708392963831231, 2]
2018-01-01 17:23:36.476 INFO in 'ProfileAnalyzerTest' at line 2165: [9.5359718270244, 9.5359718270244, 3, 100000, 101000, 104000, 142000, 1, 0, 0.03, 0, 'take_innsta_0.04', 9, 0, 28, 10.086077548274679, 9.5359718270244, 3]
2018-01-01 17:23:36.476 INFO in 'ProfileAnalyzerTest' at line 2165: [10.331022392436825, 10.331022392436825, 3, 100000, 101000, 115000, 134000, 1, 0, 0.03, 0, 'take_innsta_0.04', 9, 0, 29, 6.4730545243452475, 10.331022392436825, 0]
2018-01-01 17:23:36.476 INFO in 'ProfileAnalyzerTest' at line 2165: [10.899489358095352, 10.899489358095352, 3, 100000, 101000, 115000, 143000, 1, 0, 0.03, 0, 'take_innsta_0.04', 9, 0, 40, 7.967697575044971, 10.899489358095352, 1]
2018-01-01 17:23:36.477 INFO in 'ProfileAnalyzerTest' at line 2165: [12.88518422887193, 12.88518422887193, 3, 100000, 101000, 115000, 140000, 1, 0, 0.03, 0, 'take_innsta_0.04', 9, 0, 38, 7.51844459921589, 12.88518422887193, 1]
2018-01-01 17:23:36.477 INFO in 'ProfileAnalyzerTest' at line 2165: [13.804035277615275, 13.804035277615275, 3, 100000, 101000, 115000, 135000, 1, 0, 0.03, 0, 'take_innsta_0.04', 9, 0, 41, 7.075950690863546, 13.804035277615275, 2]
2018-01-01 17:23:36.477 INFO in 'ProfileAnalyzerTest' at line 2165: [14.9606637613532, 14.9606637613532, 3, 100000, 101000, 115000, 142000, 1, 0, 0.03, 0, 'take_innsta_0.04', 9, 0, 38, 8.269674006882523, 14.9606637613532, 1]
2018-01-01 17:23:36.477 INFO in 'ProfileAnalyzerTest' at line 2165: [15.363295576442441, 15.363295576442441, 3, 100000, 101000, 115000, 141000, 1, 0, 0.03, 0, 'take_innsta_0.04', 9, 0, 44, 7.975620707062601, 15.363295576442441, 1]
2018-01-01 17:23:36.477 INFO in 'ProfileAnalyzerTest' at line 2165: [6.181858618985159, 6.181858618985159, 3, 100000, 101000, 104000, 140000, 1, 0, 0.03, 0, 'take_innsta_0.04', 9, 0, 31, 9.128360157605297, 6.181858618985159, 4]
2018-01-01 17:23:36.479 INFO in 'ProfileAnalyzerTest' at line 2165: [6.212041294305587, 6.212041294305587, 3, 100000, 101000, 104000, 143000, 1, 0, 0.03, 0, 'take_innsta_0.04', 9, 0, 27, 9.705174931233474, 6.212041294305587, 0]
2018-01-01 17:23:36.479 INFO in 'ProfileAnalyzerTest' at line 2165: [6.410063886042913, 6.410063886042913, 3, 100000, 101000, 120000, 141000, 1, 0, 0.03, 0, 'take_innsta_0.04', 9, 0, 51, 6.8989292842394265, 6.410063886042913, 0]
2018-01-01 17:23:36.479 INFO in 'ProfileAnalyzerTest' at line 2165: [6.557979203522413, 6.557979203522413, 3, 100000, 101000, 104000, 141000, 1, 0, 0.03, 0, 'take_innsta_0.04', 9, 0, 27, 9.498235367596225, 6.557979203522413, 0]
2018-01-01 17:23:36.479 INFO in 'ProfileAnalyzerTest' at line 2165: [6.644757954906897, 6.644757954906897, 3, 100000, 101000, 115000, 151000, 1, 0, 0.03, 0, 'take_innsta_0.04', 9, 0, 34, 8.32305807510283, 6.644757954906897, 3]
2018-01-01 17:23:36.479 INFO in 'ProfileAnalyzerTest' at line 2165: [7.1151613120286425, 7.1151613120286425, 3, 100000, 101000, 120000, 142000, 1, 0, 0.03, 0, 'take_innsta_0.04', 9, 0, 46, 7.341953367844345, 7.1151613120286425, 3]
2018-01-01 17:23:36.480 INFO in 'ProfileAnalyzerTest' at line 2165: [7.708392963831231, 7.708392963831231, 3, 100000, 101000, 115000, 133000, 1, 0, 0.03, 0, 'take_innsta_0.04', 9, 0, 25, 6.089299259384995, 7.708392963831231, 2]
2018-01-01 17:23:36.480 INFO in 'ProfileAnalyzerTest' at line 2165: [9.5359718270244, 9.5359718270244, 3, 100000, 101000, 104000, 142000, 1, 0, 0.03, 0, 'take_innsta_0.04', 9, 0, 28, 10.086077548274679, 9.5359718270244, 3]
2018-01-01 17:23:36.480 INFO in 'ProfileAnalyzerTest' at line 2165: [10.331022392436825, 10.331022392436825, 3, 100000, 101000, 115000, 134000, 1, 0, 0.03, 0, 'take_innsta_0.04', 9, 0, 29, 6.4730545243452475, 10.331022392436825, 0]
2018-01-01 17:23:36.480 INFO in 'ProfileAnalyzerTest' at line 2165: [10.899489358095352, 10.899489358095352, 3, 100000, 101000, 115000, 143000, 1, 0, 0.03, 0, 'take_innsta_0.04', 9, 0, 40, 7.967697575044971, 10.899489358095352, 1]
2018-01-01 17:23:36.480 INFO in 'ProfileAnalyzerTest' at line 2165: [12.88518422887193, 12.88518422887193, 3, 100000, 101000, 115000, 140000, 1, 0, 0.03, 0, 'take_innsta_0.04', 9, 0, 38, 7.51844459921589, 12.88518422887193, 1]
2018-01-01 17:23:36.480 INFO in 'ProfileAnalyzerTest' at line 2165: [13.804035277615275, 13.804035277615275, 3, 100000, 101000, 115000, 135000, 1, 0, 0.03, 0, 'take_innsta_0.04', 9, 0, 41, 7.075950690863546, 13.804035277615275, 2]
2018-01-01 17:23:36.480 INFO in 'ProfileAnalyzerTest' at line 2165: [14.9606637613532, 14.9606637613532, 3, 100000, 101000, 115000, 142000, 1, 0, 0.03, 0, 'take_innsta_0.04', 9, 0, 38, 8.269674006882523, 14.9606637613532, 1]
2018-01-01 17:23:36.480 INFO in 'ProfileAnalyzerTest' at line 2165: [15.363295576442441, 15.363295576442441, 3, 100000, 101000, 115000, 141000, 1, 0, 0.03, 0, 'take_innsta_0.04', 9, 0, 44, 7.975620707062601, 15.363295576442441, 1]
2018-01-01 17:23:36.480 INFO in 'ProfileAnalyzerTest' at line 2165: [6.137511861340531, 6.137511861340531, 3, 100000, 101000, 120000, 140000, 1, 0, 0.02, 0, 'take_innsta_0.04', 9, 0, 37, 6.279092005865884, 6.137511861340531, 0]
2018-01-01 17:23:36.480 INFO in 'ProfileAnalyzerTest' at line 2165: [6.706759830471628, 6.706759830471628, 3, 100000, 101000, 120000, 141000, 1, 0, 0.02, 0, 'take_innsta_0.04', 9, 0, 51, 6.69546149556063, 6.706759830471628, 0]
2018-01-01 17:23:36.482 INFO in 'ProfileAnalyzerTest' at line 2165: [7.578531314967927, 7.578531314967927, 3, 100000, 101000, 115000, 151000, 1, 0, 0.02, 0, 'take_innsta_0.04', 9, 0, 34, 8.204331666568061, 7.578531314967927, 3]
2018-01-01 17:23:36.482 INFO in 'ProfileAnalyzerTest' at line 2165: [7.708392963831231, 7.708392963831231, 3, 100000, 101000, 115000, 133000, 1, 0, 0.02, 0, 'take_innsta_0.04', 9, 0, 25, 6.089299259384995, 7.708392963831231, 2]
2018-01-01 17:23:36.482 INFO in 'ProfileAnalyzerTest' at line 2165: [8.180742404908452, 8.180742404908452, 3, 100000, 101000, 120000, 142000, 1, 0, 0.02, 0, 'take_innsta_0.04', 9, 0, 44, 7.111320877230678, 8.180742404908452, 3]
2018-01-01 17:23:36.482 INFO in 'ProfileAnalyzerTest' at line 2165: [10.331022392436825, 10.331022392436825, 3, 100000, 101000, 115000, 134000, 1, 0, 0.02, 0, 'take_innsta_0.04', 9, 0, 29, 6.4730545243452475, 10.331022392436825, 0]
2018-01-01 17:23:36.483 INFO in 'ProfileAnalyzerTest' at line 2165: [16.502567486123727, 16.502567486123727, 3, 100000, 101000, 115000, 143000, 1, 0, 0.02, 0, 'take_innsta_0.04', 9, 0, 40, 8.036025601357633, 16.502567486123727, 1]
2018-01-01 17:23:36.483 INFO in 'ProfileAnalyzerTest' at line 2165: [17.633029659038673, 17.633029659038673, 3, 100000, 101000, 115000, 135000, 1, 0, 0.02, 0, 'take_innsta_0.04', 9, 0, 41, 7.175796642823381, 17.633029659038673, 2]
2018-01-01 17:23:36.483 INFO in 'ProfileAnalyzerTest' at line 2165: [26.706336917840723, 26.706336917840723, 3, 100000, 101000, 115000, 140000, 1, 0, 0.02, 0, 'take_innsta_0.04', 9, 0, 38, 7.756403860590342, 26.706336917840723, 1]
2018-01-01 17:23:36.483 INFO in 'ProfileAnalyzerTest' at line 2165: [31.374614984945293, 31.374614984945293, 3, 100000, 101000, 115000, 142000, 1, 0, 0.02, 0, 'take_innsta_0.04', 9, 0, 38, 8.513005280075399, 31.374614984945293, 1]
2018-01-01 17:23:36.483 INFO in 'ProfileAnalyzerTest' at line 2165: [31.842567443738034, 31.842567443738034, 3, 100000, 101000, 115000, 141000, 1, 0, 0.02, 0, 'take_innsta_0.04', 9, 0, 44, 8.213579968437053, 31.842567443738034, 1]
2018-01-01 17:23:36.483 INFO in 'ProfileAnalyzerTest' at line 2165: [6.137511861340531, 6.137511861340531, 3, 100000, 101000, 120000, 140000, 1, 0, 0.02, 0, 'take_innsta_0.04', 9, 0, 37, 6.279092005865884, 6.137511861340531, 0]
2018-01-01 17:23:36.483 INFO in 'ProfileAnalyzerTest' at line 2165: [6.706759830471628, 6.706759830471628, 3, 100000, 101000, 120000, 141000, 1, 0, 0.02, 0, 'take_innsta_0.04', 9, 0, 51, 6.69546149556063, 6.706759830471628, 0]
2018-01-01 17:23:36.483 INFO in 'ProfileAnalyzerTest' at line 2165: [7.578531314967927, 7.578531314967927, 3, 100000, 101000, 115000, 151000, 1, 0, 0.02, 0, 'take_innsta_0.04', 9, 0, 34, 8.204331666568061, 7.578531314967927, 3]
2018-01-01 17:23:36.483 INFO in 'ProfileAnalyzerTest' at line 2165: [7.708392963831231, 7.708392963831231, 3, 100000, 101000, 115000, 133000, 1, 0, 0.02, 0, 'take_innsta_0.04', 9, 0, 25, 6.089299259384995, 7.708392963831231, 2]
2018-01-01 17:23:36.483 INFO in 'ProfileAnalyzerTest' at line 2165: [8.180742404908452, 8.180742404908452, 3, 100000, 101000, 120000, 142000, 1, 0, 0.02, 0, 'take_innsta_0.04', 9, 0, 44, 7.111320877230678, 8.180742404908452, 3]
2018-01-01 17:23:36.483 INFO in 'ProfileAnalyzerTest' at line 2165: [10.331022392436825, 10.331022392436825, 3, 100000, 101000, 115000, 134000, 1, 0, 0.02, 0, 'take_innsta_0.04', 9, 0, 29, 6.4730545243452475, 10.331022392436825, 0]
2018-01-01 17:23:36.484 INFO in 'ProfileAnalyzerTest' at line 2165: [16.502567486123727, 16.502567486123727, 3, 100000, 101000, 115000, 143000, 1, 0, 0.02, 0, 'take_innsta_0.04', 9, 0, 40, 8.036025601357633, 16.502567486123727, 1]
2018-01-01 17:23:36.484 INFO in 'ProfileAnalyzerTest' at line 2165: [17.633029659038673, 17.633029659038673, 3, 100000, 101000, 115000, 135000, 1, 0, 0.02, 0, 'take_innsta_0.04', 9, 0, 41, 7.175796642823381, 17.633029659038673, 2]
2018-01-01 17:23:36.484 INFO in 'ProfileAnalyzerTest' at line 2165: [26.706336917840723, 26.706336917840723, 3, 100000, 101000, 115000, 140000, 1, 0, 0.02, 0, 'take_innsta_0.04', 9, 0, 38, 7.756403860590342, 26.706336917840723, 1]
2018-01-01 17:23:36.484 INFO in 'ProfileAnalyzerTest' at line 2165: [31.374614984945293, 31.374614984945293, 3, 100000, 101000, 115000, 142000, 1, 0, 0.02, 0, 'take_innsta_0.04', 9, 0, 38, 8.513005280075399, 31.374614984945293, 1]
2018-01-01 17:23:36.484 INFO in 'ProfileAnalyzerTest' at line 2165: [31.842567443738034, 31.842567443738034, 3, 100000, 101000, 115000, 141000, 1, 0, 0.02, 0, 'take_innsta_0.04', 9, 0, 44, 8.213579968437053, 31.842567443738034, 1]
2018-01-01 17:23:36.486 INFO in 'ProfileAnalyzerTest' at line 2165: [6.137511861340531, 6.137511861340531, 3, 100000, 101000, 120000, 140000, 1, 0, 0.02, 0, 'take_innsta_0.04', 9, 0, 37, 6.279092005865884, 6.137511861340531, 0]
2018-01-01 17:23:36.486 INFO in 'ProfileAnalyzerTest' at line 2165: [6.706759830471628, 6.706759830471628, 3, 100000, 101000, 120000, 141000, 1, 0, 0.02, 0, 'take_innsta_0.04', 9, 0, 51, 6.69546149556063, 6.706759830471628, 0]
2018-01-01 17:23:36.486 INFO in 'ProfileAnalyzerTest' at line 2165: [7.578531314967927, 7.578531314967927, 3, 100000, 101000, 115000, 151000, 1, 0, 0.02, 0, 'take_innsta_0.04', 9, 0, 34, 8.204331666568061, 7.578531314967927, 3]
2018-01-01 17:23:36.486 INFO in 'ProfileAnalyzerTest' at line 2165: [7.708392963831231, 7.708392963831231, 3, 100000, 101000, 115000, 133000, 1, 0, 0.02, 0, 'take_innsta_0.04', 9, 0, 25, 6.089299259384995, 7.708392963831231, 2]
2018-01-01 17:23:36.486 INFO in 'ProfileAnalyzerTest' at line 2165: [8.180742404908452, 8.180742404908452, 3, 100000, 101000, 120000, 142000, 1, 0, 0.02, 0, 'take_innsta_0.04', 9, 0, 44, 7.111320877230678, 8.180742404908452, 3]
2018-01-01 17:23:36.486 INFO in 'ProfileAnalyzerTest' at line 2165: [10.331022392436825, 10.331022392436825, 3, 100000, 101000, 115000, 134000, 1, 0, 0.02, 0, 'take_innsta_0.04', 9, 0, 29, 6.4730545243452475, 10.331022392436825, 0]
2018-01-01 17:23:36.486 INFO in 'ProfileAnalyzerTest' at line 2165: [16.502567486123727, 16.502567486123727, 3, 100000, 101000, 115000, 143000, 1, 0, 0.02, 0, 'take_innsta_0.04', 9, 0, 40, 8.036025601357633, 16.502567486123727, 1]
2018-01-01 17:23:36.486 INFO in 'ProfileAnalyzerTest' at line 2165: [17.633029659038673, 17.633029659038673, 3, 100000, 101000, 115000, 135000, 1, 0, 0.02, 0, 'take_innsta_0.04', 9, 0, 41, 7.175796642823381, 17.633029659038673, 2]
2018-01-01 17:23:36.486 INFO in 'ProfileAnalyzerTest' at line 2165: [26.706336917840723, 26.706336917840723, 3, 100000, 101000, 115000, 140000, 1, 0, 0.02, 0, 'take_innsta_0.04', 9, 0, 38, 7.756403860590342, 26.706336917840723, 1]
2018-01-01 17:23:36.486 INFO in 'ProfileAnalyzerTest' at line 2165: [31.374614984945293, 31.374614984945293, 3, 100000, 101000, 115000, 142000, 1, 0, 0.02, 0, 'take_innsta_0.04', 9, 0, 38, 8.513005280075399, 31.374614984945293, 1]
2018-01-01 17:23:36.487 INFO in 'ProfileAnalyzerTest' at line 2165: [31.842567443738034, 31.842567443738034, 3, 100000, 101000, 115000, 141000, 1, 0, 0.02, 0, 'take_innsta_0.04', 9, 0, 44, 8.213579968437053, 31.842567443738034, 1]
2018-01-01 17:23:36.487 INFO in 'ProfileAnalyzerTest' at line 2165: [6.137511861340531, 6.137511861340531, 3, 100000, 101000, 120000, 140000, 1, 0, 0.02, 0, 'take_innsta_0.04', 9, 0, 37, 6.279092005865884, 6.137511861340531, 0]
2018-01-01 17:23:36.487 INFO in 'ProfileAnalyzerTest' at line 2165: [6.706759830471628, 6.706759830471628, 3, 100000, 101000, 120000, 141000, 1, 0, 0.02, 0, 'take_innsta_0.04', 9, 0, 51, 6.69546149556063, 6.706759830471628, 0]
2018-01-01 17:23:36.487 INFO in 'ProfileAnalyzerTest' at line 2165: [7.578531314967927, 7.578531314967927, 3, 100000, 101000, 115000, 151000, 1, 0, 0.02, 0, 'take_innsta_0.04', 9, 0, 34, 8.204331666568061, 7.578531314967927, 3]
2018-01-01 17:23:36.487 INFO in 'ProfileAnalyzerTest' at line 2165: [7.708392963831231, 7.708392963831231, 3, 100000, 101000, 115000, 133000, 1, 0, 0.02, 0, 'take_innsta_0.04', 9, 0, 25, 6.089299259384995, 7.708392963831231, 2]
2018-01-01 17:23:36.489 INFO in 'ProfileAnalyzerTest' at line 2165: [8.180742404908452, 8.180742404908452, 3, 100000, 101000, 120000, 142000, 1, 0, 0.02, 0, 'take_innsta_0.04', 9, 0, 44, 7.111320877230678, 8.180742404908452, 3]
2018-01-01 17:23:36.489 INFO in 'ProfileAnalyzerTest' at line 2165: [10.331022392436825, 10.331022392436825, 3, 100000, 101000, 115000, 134000, 1, 0, 0.02, 0, 'take_innsta_0.04', 9, 0, 29, 6.4730545243452475, 10.331022392436825, 0]
2018-01-01 17:23:36.489 INFO in 'ProfileAnalyzerTest' at line 2165: [16.502567486123727, 16.502567486123727, 3, 100000, 101000, 115000, 143000, 1, 0, 0.02, 0, 'take_innsta_0.04', 9, 0, 40, 8.036025601357633, 16.502567486123727, 1]
2018-01-01 17:23:36.489 INFO in 'ProfileAnalyzerTest' at line 2165: [17.633029659038673, 17.633029659038673, 3, 100000, 101000, 115000, 135000, 1, 0, 0.02, 0, 'take_innsta_0.04', 9, 0, 41, 7.175796642823381, 17.633029659038673, 2]
2018-01-01 17:23:36.489 INFO in 'ProfileAnalyzerTest' at line 2165: [26.706336917840723, 26.706336917840723, 3, 100000, 101000, 115000, 140000, 1, 0, 0.02, 0, 'take_innsta_0.04', 9, 0, 38, 7.756403860590342, 26.706336917840723, 1]
2018-01-01 17:23:36.490 INFO in 'ProfileAnalyzerTest' at line 2165: [31.374614984945293, 31.374614984945293, 3, 100000, 101000, 115000, 142000, 1, 0, 0.02, 0, 'take_innsta_0.04', 9, 0, 38, 8.513005280075399, 31.374614984945293, 1]
2018-01-01 17:23:36.490 INFO in 'ProfileAnalyzerTest' at line 2165: [31.842567443738034, 31.842567443738034, 3, 100000, 101000, 115000, 141000, 1, 0, 0.02, 0, 'take_innsta_0.04', 9, 0, 44, 8.213579968437053, 31.842567443738034, 1]
2018-01-01 17:23:36.490 INFO in 'ProfileAnalyzerTest' at line 2165: [6.137511861340531, 6.137511861340531, 3, 100000, 101000, 120000, 140000, 1, 0, 0.02, 0, 'take_innsta_0.04', 9, 0, 37, 6.279092005865884, 6.137511861340531, 0]
2018-01-01 17:23:36.490 INFO in 'ProfileAnalyzerTest' at line 2165: [6.706759830471628, 6.706759830471628, 3, 100000, 101000, 120000, 141000, 1, 0, 0.02, 0, 'take_innsta_0.04', 9, 0, 51, 6.69546149556063, 6.706759830471628, 0]
2018-01-01 17:23:36.490 INFO in 'ProfileAnalyzerTest' at line 2165: [7.578531314967927, 7.578531314967927, 3, 100000, 101000, 115000, 151000, 1, 0, 0.02, 0, 'take_innsta_0.04', 9, 0, 34, 8.204331666568061, 7.578531314967927, 3]
2018-01-01 17:23:36.490 INFO in 'ProfileAnalyzerTest' at line 2165: [7.708392963831231, 7.708392963831231, 3, 100000, 101000, 115000, 133000, 1, 0, 0.02, 0, 'take_innsta_0.04', 9, 0, 25, 6.089299259384995, 7.708392963831231, 2]
2018-01-01 17:23:36.490 INFO in 'ProfileAnalyzerTest' at line 2165: [8.180742404908452, 8.180742404908452, 3, 100000, 101000, 120000, 142000, 1, 0, 0.02, 0, 'take_innsta_0.04', 9, 0, 44, 7.111320877230678, 8.180742404908452, 3]
2018-01-01 17:23:36.490 INFO in 'ProfileAnalyzerTest' at line 2165: [10.331022392436825, 10.331022392436825, 3, 100000, 101000, 115000, 134000, 1, 0, 0.02, 0, 'take_innsta_0.04', 9, 0, 29, 6.4730545243452475, 10.331022392436825, 0]
2018-01-01 17:23:36.490 INFO in 'ProfileAnalyzerTest' at line 2165: [16.502567486123727, 16.502567486123727, 3, 100000, 101000, 115000, 143000, 1, 0, 0.02, 0, 'take_innsta_0.04', 9, 0, 40, 8.036025601357633, 16.502567486123727, 1]
2018-01-01 17:23:36.490 INFO in 'ProfileAnalyzerTest' at line 2165: [17.633029659038673, 17.633029659038673, 3, 100000, 101000, 115000, 135000, 1, 0, 0.02, 0, 'take_innsta_0.04', 9, 0, 41, 7.175796642823381, 17.633029659038673, 2]
2018-01-01 17:23:36.490 INFO in 'ProfileAnalyzerTest' at line 2165: [26.706336917840723, 26.706336917840723, 3, 100000, 101000, 115000, 140000, 1, 0, 0.02, 0, 'take_innsta_0.04', 9, 0, 38, 7.756403860590342, 26.706336917840723, 1]
2018-01-01 17:23:36.492 INFO in 'ProfileAnalyzerTest' at line 2165: [31.374614984945293, 31.374614984945293, 3, 100000, 101000, 115000, 142000, 1, 0, 0.02, 0, 'take_innsta_0.04', 9, 0, 38, 8.513005280075399, 31.374614984945293, 1]
2018-01-01 17:23:36.492 INFO in 'ProfileAnalyzerTest' at line 2165: [31.842567443738034, 31.842567443738034, 3, 100000, 101000, 115000, 141000, 1, 0, 0.02, 0, 'take_innsta_0.04', 9, 0, 44, 8.213579968437053, 31.842567443738034, 1]
2018-01-01 17:23:43.181 INFO in 'ProfileAnalyzerTest' at line 2119: AVG PVV 0.000308643698105
2018-01-01 17:23:43.184 INFO in 'ProfileAnalyzerTest' at line 2120: AVG Volume 0.000158418961613
2018-01-01 17:27:47.82 INFO in 'ProfileAnalyzerTest' at line 2165: [1.2339384597063736, 1.2339384597063736, 4, 100000, 104000, 164000, 165000, -1, 0, 0.04, 5, 'take_innsta_0.005', 9, 0, 14, 1.311739012452084, 1.2339384597063736, 103]
2018-01-01 17:27:47.82 INFO in 'ProfileAnalyzerTest' at line 2165: [1.2339384597063736, 1.2339384597063736, 4, 100000, 104000, 164000, 165000, -1, 0, 0.04, 5, 'take_innsta_0.0075', 9, 0, 14, 1.311739012452084, 1.2339384597063736, 103]
2018-01-01 17:27:47.82 INFO in 'ProfileAnalyzerTest' at line 2165: [1.2339384597063736, 1.2339384597063736, 4, 100000, 104000, 164000, 165000, -1, 0, 0.04, 5, 'take_innsta_0.01', 9, 0, 14, 1.311739012452084, 1.2339384597063736, 103]
2018-01-01 17:27:47.82 INFO in 'ProfileAnalyzerTest' at line 2165: [1.2339384597063736, 1.2339384597063736, 4, 100000, 104000, 164000, 165000, -1, 0, 0.04, 5, 'take_innsta_0.015', 9, 0, 14, 1.311739012452084, 1.2339384597063736, 103]
2018-01-01 17:27:47.84 INFO in 'ProfileAnalyzerTest' at line 2165: [1.2339384597063736, 1.2339384597063736, 4, 100000, 104000, 164000, 165000, -1, 0, 0.04, 5, 'take_innsta_0.02', 9, 0, 14, 1.311739012452084, 1.2339384597063736, 103]
2018-01-01 17:27:47.84 INFO in 'ProfileAnalyzerTest' at line 2165: [1.2339384597063736, 1.2339384597063736, 4, 100000, 104000, 164000, 165000, -1, 0, 0.04, 5, 'take_innsta_0.03', 9, 0, 14, 1.311739012452084, 1.2339384597063736, 103]
2018-01-01 17:27:47.84 INFO in 'ProfileAnalyzerTest' at line 2165: [1.2339384597063736, 1.2339384597063736, 4, 100000, 104000, 164000, 165000, -1, 0, 0.04, 5, 'take_innsta_0.04', 9, 0, 14, 1.311739012452084, 1.2339384597063736, 103]
2018-01-01 17:27:47.84 INFO in 'ProfileAnalyzerTest' at line 2165: [1.2755906809156525, 1.2755906809156525, 4, 100000, 114000, 115000, 180000, 1, 0, 0.02, 3, 'take_innsta_0.04', 20, 0, 34, 7.5261265874256145, 1.2755906809156525, 3]
2018-01-01 17:27:47.85 INFO in 'ProfileAnalyzerTest' at line 2165: [1.2755906809156525, 1.2755906809156525, 4, 100000, 114000, 115000, 180000, 1, 0, 0.02, 4, 'take_innsta_0.04', 20, 0, 34, 7.5261265874256145, 1.2755906809156525, 3]
2018-01-01 17:27:47.85 INFO in 'ProfileAnalyzerTest' at line 2165: [1.2755906809156525, 1.2755906809156525, 4, 100000, 114000, 115000, 180000, 1, 0, 0.02, 5, 'take_innsta_0.04', 20, 0, 34, 7.5261265874256145, 1.2755906809156525, 3]
