2018-01-05 08:57:00.726 INFO in 'ProfileAnalyzerTest' at line 2165: RSTI_150105_170801.txt
2018-01-05 08:57:08.177 INFO in 'ProfileAnalyzerTest' at line 2176: AVG PVV 2.03160797093
2018-01-05 08:57:08.180 INFO in 'ProfileAnalyzerTest' at line 2177: AVG Volume 419.145535809
2018-01-05 09:01:21.822 INFO in 'ProfileAnalyzerTest' at line 2222: [6.769780330081771, 6.769780330081771, 0, 100000, 104000, 125000, 154000, -1, 0, 0.03, 1, 'take_innsta_0.04', 9, 0, 41, 6.195597475085289, 6.769780330081771, 7]
2018-01-05 09:01:21.822 INFO in 'ProfileAnalyzerTest' at line 2222: [6.769780330081771, 6.769780330081771, 0, 100000, 104000, 125000, 154000, -1, 0, 0.03, 2, 'take_innsta_0.04', 9, 0, 41, 6.195597475085289, 6.769780330081771, 7]
2018-01-05 09:01:21.825 INFO in 'ProfileAnalyzerTest' at line 2222: [6.769780330081771, 6.769780330081771, 0, 100000, 104000, 125000, 154000, -1, 0, 0.03, 3, 'take_innsta_0.04', 9, 0, 41, 6.195597475085289, 6.769780330081771, 7]
2018-01-05 09:01:21.825 INFO in 'ProfileAnalyzerTest' at line 2222: [6.769780330081771, 6.769780330081771, 0, 100000, 104000, 125000, 154000, -1, 0, 0.03, 4, 'take_innsta_0.04', 9, 0, 41, 6.195597475085289, 6.769780330081771, 7]
2018-01-05 09:01:21.825 INFO in 'ProfileAnalyzerTest' at line 2222: [6.769780330081771, 6.769780330081771, 0, 100000, 104000, 125000, 154000, -1, 0, 0.03, 5, 'take_innsta_0.04', 9, 0, 41, 6.195597475085289, 6.769780330081771, 7]
2018-01-05 09:01:21.825 INFO in 'ProfileAnalyzerTest' at line 2222: [7.845650799139976, 7.845650799139976, 0, 100000, 104000, 125000, 154000, -1, 0, 0.02, 1, 'take_innsta_0.04', 9, 0, 41, 6.247618069185011, 7.845650799139976, 7]
2018-01-05 09:01:21.825 INFO in 'ProfileAnalyzerTest' at line 2222: [7.845650799139976, 7.845650799139976, 0, 100000, 104000, 125000, 154000, -1, 0, 0.02, 2, 'take_innsta_0.04', 9, 0, 41, 6.247618069185011, 7.845650799139976, 7]
2018-01-05 09:01:21.825 INFO in 'ProfileAnalyzerTest' at line 2222: [7.845650799139976, 7.845650799139976, 0, 100000, 104000, 125000, 154000, -1, 0, 0.02, 3, 'take_innsta_0.04', 9, 0, 41, 6.247618069185011, 7.845650799139976, 7]
2018-01-05 09:01:21.825 INFO in 'ProfileAnalyzerTest' at line 2222: [7.845650799139976, 7.845650799139976, 0, 100000, 104000, 125000, 154000, -1, 0, 0.02, 4, 'take_innsta_0.04', 9, 0, 41, 6.247618069185011, 7.845650799139976, 7]
2018-01-05 09:01:21.825 INFO in 'ProfileAnalyzerTest' at line 2222: [7.845650799139976, 7.845650799139976, 0, 100000, 104000, 125000, 154000, -1, 0, 0.02, 5, 'take_innsta_0.04', 9, 0, 41, 6.247618069185011, 7.845650799139976, 7]
2018-01-05 09:01:29.267 INFO in 'ProfileAnalyzerTest' at line 2176: AVG PVV 14.3501190078
2018-01-05 09:01:29.272 INFO in 'ProfileAnalyzerTest' at line 2177: AVG Volume -3.73576710144
2018-01-05 09:05:48.543 INFO in 'ProfileAnalyzerTest' at line 2222: [1.2068723067006581, 1.2068723067006581, 1, 100000, 103000, 134000, 163000, 1, 0, 0.04, 0, 'take_innsta_0.0075', 9, 0, 48, 3.768671602360451, 1.2068723067006581, 1]
2018-01-05 09:05:48.543 INFO in 'ProfileAnalyzerTest' at line 2222: [1.320865587633923, 1.320865587633923, 1, 100000, 103000, 134000, 170000, 1, 0, 0.04, 0, 'take_innsta_0.0075', 9, 0, 56, 3.782703209369875, 1.320865587633923, 1]
2018-01-05 09:05:48.543 INFO in 'ProfileAnalyzerTest' at line 2222: [1.546985803522374, 1.546985803522374, 1, 100000, 103000, 134000, 173000, 1, 0, 0.04, 0, 'take_innsta_0.0075', 9, 0, 51, 3.93390396830029, 1.546985803522374, 2]
2018-01-05 09:05:48.543 INFO in 'ProfileAnalyzerTest' at line 2222: [1.567433061234312, 1.567433061234312, 1, 100000, 103000, 134000, 164000, 1, 0, 0.04, 0, 'take_innsta_0.0075', 9, 0, 51, 3.8333468250817773, 1.567433061234312, 0]
2018-01-05 09:05:48.546 INFO in 'ProfileAnalyzerTest' at line 2222: [1.6158123361376173, 1.6158123361376173, 1, 100000, 103000, 134000, 162000, 1, 0, 0.04, 0, 'take_innsta_0.0075', 9, 0, 46, 3.691351384484366, 1.6158123361376173, 1]
2018-01-05 09:05:48.546 INFO in 'ProfileAnalyzerTest' at line 2222: [1.7526128014322977, 1.7526128014322977, 1, 100000, 103000, 134000, 171000, 1, 0, 0.04, 0, 'take_innsta_0.0075', 9, 0, 57, 4.017175805296772, 1.7526128014322977, 2]
2018-01-05 09:05:48.546 INFO in 'ProfileAnalyzerTest' at line 2222: [1.7578992475776656, 1.7578992475776656, 1, 100000, 103000, 134000, 165000, 1, 0, 0.04, 0, 'take_innsta_0.0075', 9, 0, 54, 4.040510962138127, 1.7578992475776656, 3]
2018-01-05 09:05:48.546 INFO in 'ProfileAnalyzerTest' at line 2222: [1.8092297396750807, 1.8092297396750807, 1, 100000, 103000, 134000, 172000, 1, 0, 0.04, 0, 'take_innsta_0.0075', 9, 0, 54, 4.040293083903574, 1.8092297396750807, 3]
2018-01-05 09:05:48.546 INFO in 'ProfileAnalyzerTest' at line 2222: [2.397375709762519, 2.397375709762519, 1, 100000, 103000, 134000, 174000, 1, 0, 0.04, 0, 'take_innsta_0.0075', 9, 0, 58, 4.401527244570615, 2.397375709762519, 1]
2018-01-05 09:05:48.546 INFO in 'ProfileAnalyzerTest' at line 2222: [3.766150249834112, 3.766150249834112, 1, 100000, 103000, 134000, 180000, 1, 0, 0.04, 0, 'take_innsta_0.0075', 9, 0, 61, 5.008838504353217, 3.766150249834112, 0]
2018-01-05 09:05:48.546 INFO in 'ProfileAnalyzerTest' at line 2222: [3.979859472506778, 3.979859472506778, 1, 100000, 103000, 134000, 175000, 1, 0, 0.04, 0, 'take_innsta_0.0075', 9, 0, 61, 4.799830302046181, 3.979859472506778, 0]
2018-01-05 09:05:48.546 INFO in 'ProfileAnalyzerTest' at line 2222: [1.0008822870946217, 1.0008822870946217, 1, 100000, 110000, 112000, 151000, -1, 0, 0.04, 0, 'take_innsta_0.005', 27, 0, 59, 3.8945154899578447, 1.0008822870946217, 0]
2018-01-05 09:05:48.546 INFO in 'ProfileAnalyzerTest' at line 2222: [1.0708477520932207, 1.0708477520932207, 1, 100000, 110000, 112000, 161000, -1, 0, 0.04, 0, 'take_innsta_0.005', 27, 0, 70, 4.218809316783707, 1.0708477520932207, 1]
2018-01-05 09:05:48.546 INFO in 'ProfileAnalyzerTest' at line 2222: [1.485585889761762, 1.485585889761762, 1, 100000, 110000, 112000, 140000, -1, 0, 0.04, 0, 'take_innsta_0.005', 27, 0, 60, 3.8489177987144627, 1.485585889761762, 1]
2018-01-05 09:05:48.546 INFO in 'ProfileAnalyzerTest' at line 2222: [1.4908119434884155, 1.4908119434884155, 1, 100000, 110000, 112000, 141000, -1, 0, 0.04, 0, 'take_innsta_0.005', 27, 0, 55, 3.928758194193373, 1.4908119434884155, 0]
2018-01-05 09:05:48.546 INFO in 'ProfileAnalyzerTest' at line 2222: [1.587836574865658, 1.587836574865658, 1, 100000, 110000, 112000, 142000, -1, 0, 0.04, 0, 'take_innsta_0.005', 27, 0, 58, 4.185402623055047, 1.587836574865658, 1]
2018-01-05 09:05:48.548 INFO in 'ProfileAnalyzerTest' at line 2222: [1.6906493098778663, 1.6906493098778663, 1, 100000, 110000, 112000, 134000, -1, 0, 0.04, 0, 'take_innsta_0.005', 27, 0, 52, 3.8357501110198613, 1.6906493098778663, 1]
2018-01-05 09:05:48.548 INFO in 'ProfileAnalyzerTest' at line 2222: [1.9197352494215953, 1.9197352494215953, 1, 100000, 110000, 112000, 150000, -1, 0, 0.04, 0, 'take_innsta_0.005', 27, 0, 59, 4.321388801867798, 1.9197352494215953, 0]
2018-01-05 09:05:48.548 INFO in 'ProfileAnalyzerTest' at line 2222: [2.2271501927474486, 2.2271501927474486, 1, 100000, 110000, 112000, 135000, -1, 0, 0.04, 0, 'take_innsta_0.005', 27, 0, 54, 4.098085938639895, 2.2271501927474486, 1]
2018-01-05 09:05:48.548 INFO in 'ProfileAnalyzerTest' at line 2222: [2.738805486600259, 2.738805486600259, 1, 100000, 110000, 112000, 143000, -1, 0, 0.04, 0, 'take_innsta_0.005', 27, 0, 59, 4.534464986519946, 2.738805486600259, 0]
2018-01-05 09:05:48.548 INFO in 'ProfileAnalyzerTest' at line 2222: [2.879994051296923, 2.879994051296923, 1, 100000, 110000, 112000, 144000, -1, 0, 0.04, 0, 'take_innsta_0.005', 27, 0, 62, 4.644453741066383, 2.879994051296923, 1]
2018-01-05 09:05:48.548 INFO in 'ProfileAnalyzerTest' at line 2222: [3.7512703955167224, 3.7512703955167224, 1, 100000, 110000, 112000, 145000, -1, 0, 0.04, 0, 'take_innsta_0.005', 27, 0, 63, 4.842245087023528, 3.7512703955167224, 0]
2018-01-05 09:05:48.549 INFO in 'ProfileAnalyzerTest' at line 2222: [1.0096719271395236, 1.0096719271395236, 1, 100000, 110000, 112000, 131000, -1, 0, 0.02, 0, 'take_innsta_0.01', 27, 0, 36, 3.9547206089725324, 1.0096719271395236, 3]
2018-01-05 09:05:48.549 INFO in 'ProfileAnalyzerTest' at line 2222: [1.0730214085995897, 1.0730214085995897, 1, 100000, 110000, 112000, 152000, -1, 0, 0.02, 0, 'take_innsta_0.01', 27, 0, 51, 5.070501391623007, 1.0730214085995897, 0]
2018-01-05 09:05:48.549 INFO in 'ProfileAnalyzerTest' at line 2222: [1.1875685575006436, 1.1875685575006436, 1, 100000, 110000, 112000, 161000, -1, 0, 0.02, 0, 'take_innsta_0.01', 27, 0, 50, 5.232575427113425, 1.1875685575006436, 1]
2018-01-05 09:05:48.549 INFO in 'ProfileAnalyzerTest' at line 2222: [1.2332937262939914, 1.2332937262939914, 1, 100000, 110000, 112000, 123000, -1, 0, 0.02, 0, 'take_innsta_0.01', 27, 0, 42, 3.789862968368506, 1.2332937262939914, 5]
2018-01-05 09:05:48.549 INFO in 'ProfileAnalyzerTest' at line 2222: [1.2977193719425069, 1.2977193719425069, 1, 100000, 110000, 112000, 142000, -1, 0, 0.02, 0, 'take_innsta_0.01', 27, 0, 46, 4.732418405369994, 1.2977193719425069, 1]
2018-01-05 09:05:48.549 INFO in 'ProfileAnalyzerTest' at line 2222: [1.390849868168647, 1.390849868168647, 1, 100000, 110000, 112000, 132000, -1, 0, 0.02, 0, 'take_innsta_0.01', 27, 0, 36, 4.2592985200603435, 1.390849868168647, 1]
2018-01-05 09:05:48.549 INFO in 'ProfileAnalyzerTest' at line 2222: [1.4676717693474743, 1.4676717693474743, 1, 100000, 110000, 112000, 125000, -1, 0, 0.02, 0, 'take_innsta_0.01', 27, 0, 41, 4.159799207603053, 1.4676717693474743, 4]
2018-01-05 09:05:48.551 INFO in 'ProfileAnalyzerTest' at line 2222: [1.6088002484191557, 1.6088002484191557, 1, 100000, 110000, 112000, 141000, -1, 0, 0.02, 0, 'take_innsta_0.01', 27, 0, 41, 4.748416588148579, 1.6088002484191557, 0]
2018-01-05 09:05:48.551 INFO in 'ProfileAnalyzerTest' at line 2222: [1.683912186063302, 1.683912186063302, 1, 100000, 110000, 112000, 133000, -1, 0, 0.02, 0, 'take_innsta_0.01', 27, 0, 42, 4.440127276972128, 1.683912186063302, 3]
2018-01-05 09:05:48.551 INFO in 'ProfileAnalyzerTest' at line 2222: [1.7221335048793234, 1.7221335048793234, 1, 100000, 110000, 112000, 140000, -1, 0, 0.02, 0, 'take_innsta_0.01', 27, 0, 52, 4.7705193508603845, 1.7221335048793234, 1]
2018-01-05 09:05:48.551 INFO in 'ProfileAnalyzerTest' at line 2222: [1.8425710553004084, 1.8425710553004084, 1, 100000, 110000, 112000, 143000, -1, 0, 0.02, 0, 'take_innsta_0.01', 27, 0, 49, 5.104498558023406, 1.8425710553004084, 0]
2018-01-05 09:05:48.551 INFO in 'ProfileAnalyzerTest' at line 2222: [2.0533679108037983, 2.0533679108037983, 1, 100000, 110000, 112000, 135000, -1, 0, 0.02, 0, 'take_innsta_0.01', 27, 0, 42, 4.733332379048472, 2.0533679108037983, 3]
2018-01-05 09:05:48.551 INFO in 'ProfileAnalyzerTest' at line 2222: [2.377038853442917, 2.377038853442917, 1, 100000, 110000, 112000, 124000, -1, 0, 0.02, 0, 'take_innsta_0.01', 27, 0, 39, 4.440334825553554, 2.377038853442917, 2]
2018-01-05 09:05:48.552 INFO in 'ProfileAnalyzerTest' at line 2222: [2.7909659922569, 2.7909659922569, 1, 100000, 110000, 112000, 150000, -1, 0, 0.02, 0, 'take_innsta_0.01', 27, 0, 47, 5.675823961596886, 2.7909659922569, 2]
2018-01-05 09:05:48.552 INFO in 'ProfileAnalyzerTest' at line 2222: [2.970470574379265, 2.970470574379265, 1, 100000, 110000, 112000, 134000, -1, 0, 0.02, 0, 'take_innsta_0.01', 27, 0, 41, 4.906876767942931, 2.970470574379265, 2]
2018-01-05 09:05:48.552 INFO in 'ProfileAnalyzerTest' at line 2222: [3.9582515312135693, 3.9582515312135693, 1, 100000, 110000, 112000, 144000, -1, 0, 0.02, 0, 'take_innsta_0.01', 27, 0, 51, 5.917620867486906, 3.9582515312135693, 2]
2018-01-05 09:05:48.552 INFO in 'ProfileAnalyzerTest' at line 2222: [4.009478228936233, 4.009478228936233, 1, 100000, 110000, 112000, 145000, -1, 0, 0.02, 0, 'take_innsta_0.01', 27, 0, 51, 5.954547888247441, 4.009478228936233, 0]
2018-01-05 09:05:48.552 INFO in 'ProfileAnalyzerTest' at line 2222: [1.0008822870946217, 1.0008822870946217, 1, 100000, 110000, 112000, 151000, -1, 0, 0.04, 0, 'take_innsta_0.005', 27, 0, 59, 3.8945154899578447, 1.0008822870946217, 0]
2018-01-05 09:05:48.552 INFO in 'ProfileAnalyzerTest' at line 2222: [1.0708477520932207, 1.0708477520932207, 1, 100000, 110000, 112000, 161000, -1, 0, 0.04, 0, 'take_innsta_0.005', 27, 0, 70, 4.218809316783707, 1.0708477520932207, 1]
2018-01-05 09:05:48.552 INFO in 'ProfileAnalyzerTest' at line 2222: [1.485585889761762, 1.485585889761762, 1, 100000, 110000, 112000, 140000, -1, 0, 0.04, 0, 'take_innsta_0.005', 27, 0, 60, 3.8489177987144627, 1.485585889761762, 1]
2018-01-05 09:05:48.552 INFO in 'ProfileAnalyzerTest' at line 2222: [1.4908119434884155, 1.4908119434884155, 1, 100000, 110000, 112000, 141000, -1, 0, 0.04, 0, 'take_innsta_0.005', 27, 0, 55, 3.928758194193373, 1.4908119434884155, 0]
2018-01-05 09:05:48.552 INFO in 'ProfileAnalyzerTest' at line 2222: [1.587836574865658, 1.587836574865658, 1, 100000, 110000, 112000, 142000, -1, 0, 0.04, 0, 'take_innsta_0.005', 27, 0, 58, 4.185402623055047, 1.587836574865658, 1]
2018-01-05 09:05:48.552 INFO in 'ProfileAnalyzerTest' at line 2222: [1.6906493098778663, 1.6906493098778663, 1, 100000, 110000, 112000, 134000, -1, 0, 0.04, 0, 'take_innsta_0.005', 27, 0, 52, 3.8357501110198613, 1.6906493098778663, 1]
2018-01-05 09:05:48.552 INFO in 'ProfileAnalyzerTest' at line 2222: [1.9197352494215953, 1.9197352494215953, 1, 100000, 110000, 112000, 150000, -1, 0, 0.04, 0, 'take_innsta_0.005', 27, 0, 59, 4.321388801867798, 1.9197352494215953, 0]
2018-01-05 09:05:48.552 INFO in 'ProfileAnalyzerTest' at line 2222: [2.2271501927474486, 2.2271501927474486, 1, 100000, 110000, 112000, 135000, -1, 0, 0.04, 0, 'take_innsta_0.005', 27, 0, 54, 4.098085938639895, 2.2271501927474486, 1]
2018-01-05 09:05:48.552 INFO in 'ProfileAnalyzerTest' at line 2222: [2.738805486600259, 2.738805486600259, 1, 100000, 110000, 112000, 143000, -1, 0, 0.04, 0, 'take_innsta_0.005', 27, 0, 59, 4.534464986519946, 2.738805486600259, 0]
2018-01-05 09:05:48.552 INFO in 'ProfileAnalyzerTest' at line 2222: [2.879994051296923, 2.879994051296923, 1, 100000, 110000, 112000, 144000, -1, 0, 0.04, 0, 'take_innsta_0.005', 27, 0, 62, 4.644453741066383, 2.879994051296923, 1]
2018-01-05 09:05:48.553 INFO in 'ProfileAnalyzerTest' at line 2222: [3.7512703955167224, 3.7512703955167224, 1, 100000, 110000, 112000, 145000, -1, 0, 0.04, 0, 'take_innsta_0.005', 27, 0, 63, 4.842245087023528, 3.7512703955167224, 0]
2018-01-05 09:05:48.553 INFO in 'ProfileAnalyzerTest' at line 2222: [1.0096719271395236, 1.0096719271395236, 1, 100000, 110000, 112000, 131000, -1, 0, 0.02, 0, 'take_innsta_0.01', 27, 0, 36, 3.9547206089725324, 1.0096719271395236, 3]
2018-01-05 09:05:48.553 INFO in 'ProfileAnalyzerTest' at line 2222: [1.0730214085995897, 1.0730214085995897, 1, 100000, 110000, 112000, 152000, -1, 0, 0.02, 0, 'take_innsta_0.01', 27, 0, 51, 5.070501391623007, 1.0730214085995897, 0]
2018-01-05 09:05:48.553 INFO in 'ProfileAnalyzerTest' at line 2222: [1.1875685575006436, 1.1875685575006436, 1, 100000, 110000, 112000, 161000, -1, 0, 0.02, 0, 'take_innsta_0.01', 27, 0, 50, 5.232575427113425, 1.1875685575006436, 1]
2018-01-05 09:05:48.553 INFO in 'ProfileAnalyzerTest' at line 2222: [1.2332937262939914, 1.2332937262939914, 1, 100000, 110000, 112000, 123000, -1, 0, 0.02, 0, 'take_innsta_0.01', 27, 0, 42, 3.789862968368506, 1.2332937262939914, 5]
2018-01-05 09:05:48.553 INFO in 'ProfileAnalyzerTest' at line 2222: [1.2977193719425069, 1.2977193719425069, 1, 100000, 110000, 112000, 142000, -1, 0, 0.02, 0, 'take_innsta_0.01', 27, 0, 46, 4.732418405369994, 1.2977193719425069, 1]
2018-01-05 09:05:48.555 INFO in 'ProfileAnalyzerTest' at line 2222: [1.390849868168647, 1.390849868168647, 1, 100000, 110000, 112000, 132000, -1, 0, 0.02, 0, 'take_innsta_0.01', 27, 0, 36, 4.2592985200603435, 1.390849868168647, 1]
2018-01-05 09:05:48.555 INFO in 'ProfileAnalyzerTest' at line 2222: [1.4676717693474743, 1.4676717693474743, 1, 100000, 110000, 112000, 125000, -1, 0, 0.02, 0, 'take_innsta_0.01', 27, 0, 41, 4.159799207603053, 1.4676717693474743, 4]
2018-01-05 09:05:48.555 INFO in 'ProfileAnalyzerTest' at line 2222: [1.6088002484191557, 1.6088002484191557, 1, 100000, 110000, 112000, 141000, -1, 0, 0.02, 0, 'take_innsta_0.01', 27, 0, 41, 4.748416588148579, 1.6088002484191557, 0]
2018-01-05 09:05:48.555 INFO in 'ProfileAnalyzerTest' at line 2222: [1.683912186063302, 1.683912186063302, 1, 100000, 110000, 112000, 133000, -1, 0, 0.02, 0, 'take_innsta_0.01', 27, 0, 42, 4.440127276972128, 1.683912186063302, 3]
2018-01-05 09:05:48.555 INFO in 'ProfileAnalyzerTest' at line 2222: [1.7221335048793234, 1.7221335048793234, 1, 100000, 110000, 112000, 140000, -1, 0, 0.02, 0, 'take_innsta_0.01', 27, 0, 52, 4.7705193508603845, 1.7221335048793234, 1]
2018-01-05 09:05:48.555 INFO in 'ProfileAnalyzerTest' at line 2222: [1.8425710553004084, 1.8425710553004084, 1, 100000, 110000, 112000, 143000, -1, 0, 0.02, 0, 'take_innsta_0.01', 27, 0, 49, 5.104498558023406, 1.8425710553004084, 0]
2018-01-05 09:05:48.555 INFO in 'ProfileAnalyzerTest' at line 2222: [2.0533679108037983, 2.0533679108037983, 1, 100000, 110000, 112000, 135000, -1, 0, 0.02, 0, 'take_innsta_0.01', 27, 0, 42, 4.733332379048472, 2.0533679108037983, 3]
2018-01-05 09:05:48.556 INFO in 'ProfileAnalyzerTest' at line 2222: [2.377038853442917, 2.377038853442917, 1, 100000, 110000, 112000, 124000, -1, 0, 0.02, 0, 'take_innsta_0.01', 27, 0, 39, 4.440334825553554, 2.377038853442917, 2]
2018-01-05 09:05:48.556 INFO in 'ProfileAnalyzerTest' at line 2222: [2.7909659922569, 2.7909659922569, 1, 100000, 110000, 112000, 150000, -1, 0, 0.02, 0, 'take_innsta_0.01', 27, 0, 47, 5.675823961596886, 2.7909659922569, 2]
2018-01-05 09:05:48.556 INFO in 'ProfileAnalyzerTest' at line 2222: [2.970470574379265, 2.970470574379265, 1, 100000, 110000, 112000, 134000, -1, 0, 0.02, 0, 'take_innsta_0.01', 27, 0, 41, 4.906876767942931, 2.970470574379265, 2]
2018-01-05 09:05:48.556 INFO in 'ProfileAnalyzerTest' at line 2222: [3.9582515312135693, 3.9582515312135693, 1, 100000, 110000, 112000, 144000, -1, 0, 0.02, 0, 'take_innsta_0.01', 27, 0, 51, 5.917620867486906, 3.9582515312135693, 2]
2018-01-05 09:05:48.556 INFO in 'ProfileAnalyzerTest' at line 2222: [4.009478228936233, 4.009478228936233, 1, 100000, 110000, 112000, 145000, -1, 0, 0.02, 0, 'take_innsta_0.01', 27, 0, 51, 5.954547888247441, 4.009478228936233, 0]
2018-01-05 09:05:48.556 INFO in 'ProfileAnalyzerTest' at line 2222: [1.0008822870946217, 1.0008822870946217, 1, 100000, 110000, 112000, 151000, -1, 0, 0.04, 0, 'take_innsta_0.005', 27, 0, 59, 3.8945154899578447, 1.0008822870946217, 0]
2018-01-05 09:05:48.558 INFO in 'ProfileAnalyzerTest' at line 2222: [1.0708477520932207, 1.0708477520932207, 1, 100000, 110000, 112000, 161000, -1, 0, 0.04, 0, 'take_innsta_0.005', 27, 0, 70, 4.218809316783707, 1.0708477520932207, 1]
2018-01-05 09:05:48.558 INFO in 'ProfileAnalyzerTest' at line 2222: [1.485585889761762, 1.485585889761762, 1, 100000, 110000, 112000, 140000, -1, 0, 0.04, 0, 'take_innsta_0.005', 27, 0, 60, 3.8489177987144627, 1.485585889761762, 1]
2018-01-05 09:05:48.558 INFO in 'ProfileAnalyzerTest' at line 2222: [1.4908119434884155, 1.4908119434884155, 1, 100000, 110000, 112000, 141000, -1, 0, 0.04, 0, 'take_innsta_0.005', 27, 0, 55, 3.928758194193373, 1.4908119434884155, 0]
2018-01-05 09:05:48.558 INFO in 'ProfileAnalyzerTest' at line 2222: [1.587836574865658, 1.587836574865658, 1, 100000, 110000, 112000, 142000, -1, 0, 0.04, 0, 'take_innsta_0.005', 27, 0, 58, 4.185402623055047, 1.587836574865658, 1]
2018-01-05 09:05:48.558 INFO in 'ProfileAnalyzerTest' at line 2222: [1.6906493098778663, 1.6906493098778663, 1, 100000, 110000, 112000, 134000, -1, 0, 0.04, 0, 'take_innsta_0.005', 27, 0, 52, 3.8357501110198613, 1.6906493098778663, 1]
2018-01-05 09:05:48.558 INFO in 'ProfileAnalyzerTest' at line 2222: [1.9197352494215953, 1.9197352494215953, 1, 100000, 110000, 112000, 150000, -1, 0, 0.04, 0, 'take_innsta_0.005', 27, 0, 59, 4.321388801867798, 1.9197352494215953, 0]
2018-01-05 09:05:48.558 INFO in 'ProfileAnalyzerTest' at line 2222: [2.2271501927474486, 2.2271501927474486, 1, 100000, 110000, 112000, 135000, -1, 0, 0.04, 0, 'take_innsta_0.005', 27, 0, 54, 4.098085938639895, 2.2271501927474486, 1]
2018-01-05 09:05:48.559 INFO in 'ProfileAnalyzerTest' at line 2222: [2.738805486600259, 2.738805486600259, 1, 100000, 110000, 112000, 143000, -1, 0, 0.04, 0, 'take_innsta_0.005', 27, 0, 59, 4.534464986519946, 2.738805486600259, 0]
2018-01-05 09:05:48.559 INFO in 'ProfileAnalyzerTest' at line 2222: [2.879994051296923, 2.879994051296923, 1, 100000, 110000, 112000, 144000, -1, 0, 0.04, 0, 'take_innsta_0.005', 27, 0, 62, 4.644453741066383, 2.879994051296923, 1]
2018-01-05 09:05:48.559 INFO in 'ProfileAnalyzerTest' at line 2222: [3.7512703955167224, 3.7512703955167224, 1, 100000, 110000, 112000, 145000, -1, 0, 0.04, 0, 'take_innsta_0.005', 27, 0, 63, 4.842245087023528, 3.7512703955167224, 0]
2018-01-05 09:05:48.559 INFO in 'ProfileAnalyzerTest' at line 2222: [1.2068723067006581, 1.2068723067006581, 1, 100000, 103000, 134000, 163000, 1, 0, 0.04, 0, 'take_innsta_0.0075', 9, 0, 48, 3.768671602360451, 1.2068723067006581, 1]
2018-01-05 09:05:48.559 INFO in 'ProfileAnalyzerTest' at line 2222: [1.320865587633923, 1.320865587633923, 1, 100000, 103000, 134000, 170000, 1, 0, 0.04, 0, 'take_innsta_0.0075', 9, 0, 56, 3.782703209369875, 1.320865587633923, 1]
2018-01-05 09:05:48.559 INFO in 'ProfileAnalyzerTest' at line 2222: [1.546985803522374, 1.546985803522374, 1, 100000, 103000, 134000, 173000, 1, 0, 0.04, 0, 'take_innsta_0.0075', 9, 0, 51, 3.93390396830029, 1.546985803522374, 2]
2018-01-05 09:05:48.561 INFO in 'ProfileAnalyzerTest' at line 2222: [1.567433061234312, 1.567433061234312, 1, 100000, 103000, 134000, 164000, 1, 0, 0.04, 0, 'take_innsta_0.0075', 9, 0, 51, 3.8333468250817773, 1.567433061234312, 0]
2018-01-05 09:05:48.561 INFO in 'ProfileAnalyzerTest' at line 2222: [1.6158123361376173, 1.6158123361376173, 1, 100000, 103000, 134000, 162000, 1, 0, 0.04, 0, 'take_innsta_0.0075', 9, 0, 46, 3.691351384484366, 1.6158123361376173, 1]
2018-01-05 09:05:48.561 INFO in 'ProfileAnalyzerTest' at line 2222: [1.7526128014322977, 1.7526128014322977, 1, 100000, 103000, 134000, 171000, 1, 0, 0.04, 0, 'take_innsta_0.0075', 9, 0, 57, 4.017175805296772, 1.7526128014322977, 2]
2018-01-05 09:05:48.561 INFO in 'ProfileAnalyzerTest' at line 2222: [1.7578992475776656, 1.7578992475776656, 1, 100000, 103000, 134000, 165000, 1, 0, 0.04, 0, 'take_innsta_0.0075', 9, 0, 54, 4.040510962138127, 1.7578992475776656, 3]
2018-01-05 09:05:48.561 INFO in 'ProfileAnalyzerTest' at line 2222: [1.8092297396750807, 1.8092297396750807, 1, 100000, 103000, 134000, 172000, 1, 0, 0.04, 0, 'take_innsta_0.0075', 9, 0, 54, 4.040293083903574, 1.8092297396750807, 3]
2018-01-05 09:05:48.561 INFO in 'ProfileAnalyzerTest' at line 2222: [2.397375709762519, 2.397375709762519, 1, 100000, 103000, 134000, 174000, 1, 0, 0.04, 0, 'take_innsta_0.0075', 9, 0, 58, 4.401527244570615, 2.397375709762519, 1]
2018-01-05 09:05:48.562 INFO in 'ProfileAnalyzerTest' at line 2222: [3.766150249834112, 3.766150249834112, 1, 100000, 103000, 134000, 180000, 1, 0, 0.04, 0, 'take_innsta_0.0075', 9, 0, 61, 5.008838504353217, 3.766150249834112, 0]
2018-01-05 09:05:48.562 INFO in 'ProfileAnalyzerTest' at line 2222: [3.979859472506778, 3.979859472506778, 1, 100000, 103000, 134000, 175000, 1, 0, 0.04, 0, 'take_innsta_0.0075', 9, 0, 61, 4.799830302046181, 3.979859472506778, 0]
2018-01-05 09:05:48.562 INFO in 'ProfileAnalyzerTest' at line 2222: [1.0096719271395236, 1.0096719271395236, 1, 100000, 110000, 112000, 131000, -1, 0, 0.02, 0, 'take_innsta_0.01', 27, 0, 36, 3.9547206089725324, 1.0096719271395236, 3]
2018-01-05 09:05:48.562 INFO in 'ProfileAnalyzerTest' at line 2222: [1.0730214085995897, 1.0730214085995897, 1, 100000, 110000, 112000, 152000, -1, 0, 0.02, 0, 'take_innsta_0.01', 27, 0, 51, 5.070501391623007, 1.0730214085995897, 0]
2018-01-05 09:05:48.562 INFO in 'ProfileAnalyzerTest' at line 2222: [1.1875685575006436, 1.1875685575006436, 1, 100000, 110000, 112000, 161000, -1, 0, 0.02, 0, 'take_innsta_0.01', 27, 0, 50, 5.232575427113425, 1.1875685575006436, 1]
2018-01-05 09:05:48.562 INFO in 'ProfileAnalyzerTest' at line 2222: [1.2332937262939914, 1.2332937262939914, 1, 100000, 110000, 112000, 123000, -1, 0, 0.02, 0, 'take_innsta_0.01', 27, 0, 42, 3.789862968368506, 1.2332937262939914, 5]
2018-01-05 09:05:48.562 INFO in 'ProfileAnalyzerTest' at line 2222: [1.2977193719425069, 1.2977193719425069, 1, 100000, 110000, 112000, 142000, -1, 0, 0.02, 0, 'take_innsta_0.01', 27, 0, 46, 4.732418405369994, 1.2977193719425069, 1]
2018-01-05 09:05:48.562 INFO in 'ProfileAnalyzerTest' at line 2222: [1.390849868168647, 1.390849868168647, 1, 100000, 110000, 112000, 132000, -1, 0, 0.02, 0, 'take_innsta_0.01', 27, 0, 36, 4.2592985200603435, 1.390849868168647, 1]
2018-01-05 09:05:48.562 INFO in 'ProfileAnalyzerTest' at line 2222: [1.4676717693474743, 1.4676717693474743, 1, 100000, 110000, 112000, 125000, -1, 0, 0.02, 0, 'take_innsta_0.01', 27, 0, 41, 4.159799207603053, 1.4676717693474743, 4]
2018-01-05 09:05:48.562 INFO in 'ProfileAnalyzerTest' at line 2222: [1.6088002484191557, 1.6088002484191557, 1, 100000, 110000, 112000, 141000, -1, 0, 0.02, 0, 'take_innsta_0.01', 27, 0, 41, 4.748416588148579, 1.6088002484191557, 0]
2018-01-05 09:05:48.562 INFO in 'ProfileAnalyzerTest' at line 2222: [1.683912186063302, 1.683912186063302, 1, 100000, 110000, 112000, 133000, -1, 0, 0.02, 0, 'take_innsta_0.01', 27, 0, 42, 4.440127276972128, 1.683912186063302, 3]
2018-01-05 09:05:48.562 INFO in 'ProfileAnalyzerTest' at line 2222: [1.7221335048793234, 1.7221335048793234, 1, 100000, 110000, 112000, 140000, -1, 0, 0.02, 0, 'take_innsta_0.01', 27, 0, 52, 4.7705193508603845, 1.7221335048793234, 1]
2018-01-05 09:05:48.562 INFO in 'ProfileAnalyzerTest' at line 2222: [1.8425710553004084, 1.8425710553004084, 1, 100000, 110000, 112000, 143000, -1, 0, 0.02, 0, 'take_innsta_0.01', 27, 0, 49, 5.104498558023406, 1.8425710553004084, 0]
2018-01-05 09:05:48.562 INFO in 'ProfileAnalyzerTest' at line 2222: [2.0533679108037983, 2.0533679108037983, 1, 100000, 110000, 112000, 135000, -1, 0, 0.02, 0, 'take_innsta_0.01', 27, 0, 42, 4.733332379048472, 2.0533679108037983, 3]
2018-01-05 09:05:48.563 INFO in 'ProfileAnalyzerTest' at line 2222: [2.377038853442917, 2.377038853442917, 1, 100000, 110000, 112000, 124000, -1, 0, 0.02, 0, 'take_innsta_0.01', 27, 0, 39, 4.440334825553554, 2.377038853442917, 2]
2018-01-05 09:05:48.563 INFO in 'ProfileAnalyzerTest' at line 2222: [2.7909659922569, 2.7909659922569, 1, 100000, 110000, 112000, 150000, -1, 0, 0.02, 0, 'take_innsta_0.01', 27, 0, 47, 5.675823961596886, 2.7909659922569, 2]
2018-01-05 09:05:48.563 INFO in 'ProfileAnalyzerTest' at line 2222: [2.970470574379265, 2.970470574379265, 1, 100000, 110000, 112000, 134000, -1, 0, 0.02, 0, 'take_innsta_0.01', 27, 0, 41, 4.906876767942931, 2.970470574379265, 2]
2018-01-05 09:05:48.563 INFO in 'ProfileAnalyzerTest' at line 2222: [3.9582515312135693, 3.9582515312135693, 1, 100000, 110000, 112000, 144000, -1, 0, 0.02, 0, 'take_innsta_0.01', 27, 0, 51, 5.917620867486906, 3.9582515312135693, 2]
2018-01-05 09:05:48.563 INFO in 'ProfileAnalyzerTest' at line 2222: [4.009478228936233, 4.009478228936233, 1, 100000, 110000, 112000, 145000, -1, 0, 0.02, 0, 'take_innsta_0.01', 27, 0, 51, 5.954547888247441, 4.009478228936233, 0]
2018-01-05 09:05:48.563 INFO in 'ProfileAnalyzerTest' at line 2222: [1.2068723067006581, 1.2068723067006581, 1, 100000, 103000, 134000, 163000, 1, 0, 0.04, 0, 'take_innsta_0.0075', 9, 0, 48, 3.768671602360451, 1.2068723067006581, 1]
2018-01-05 09:05:48.565 INFO in 'ProfileAnalyzerTest' at line 2222: [1.320865587633923, 1.320865587633923, 1, 100000, 103000, 134000, 170000, 1, 0, 0.04, 0, 'take_innsta_0.0075', 9, 0, 56, 3.782703209369875, 1.320865587633923, 1]
2018-01-05 09:05:48.565 INFO in 'ProfileAnalyzerTest' at line 2222: [1.546985803522374, 1.546985803522374, 1, 100000, 103000, 134000, 173000, 1, 0, 0.04, 0, 'take_innsta_0.0075', 9, 0, 51, 3.93390396830029, 1.546985803522374, 2]
2018-01-05 09:05:48.565 INFO in 'ProfileAnalyzerTest' at line 2222: [1.567433061234312, 1.567433061234312, 1, 100000, 103000, 134000, 164000, 1, 0, 0.04, 0, 'take_innsta_0.0075', 9, 0, 51, 3.8333468250817773, 1.567433061234312, 0]
2018-01-05 09:05:48.565 INFO in 'ProfileAnalyzerTest' at line 2222: [1.6158123361376173, 1.6158123361376173, 1, 100000, 103000, 134000, 162000, 1, 0, 0.04, 0, 'take_innsta_0.0075', 9, 0, 46, 3.691351384484366, 1.6158123361376173, 1]
2018-01-05 09:05:48.565 INFO in 'ProfileAnalyzerTest' at line 2222: [1.7526128014322977, 1.7526128014322977, 1, 100000, 103000, 134000, 171000, 1, 0, 0.04, 0, 'take_innsta_0.0075', 9, 0, 57, 4.017175805296772, 1.7526128014322977, 2]
2018-01-05 09:05:48.565 INFO in 'ProfileAnalyzerTest' at line 2222: [1.7578992475776656, 1.7578992475776656, 1, 100000, 103000, 134000, 165000, 1, 0, 0.04, 0, 'take_innsta_0.0075', 9, 0, 54, 4.040510962138127, 1.7578992475776656, 3]
2018-01-05 09:05:48.565 INFO in 'ProfileAnalyzerTest' at line 2222: [1.8092297396750807, 1.8092297396750807, 1, 100000, 103000, 134000, 172000, 1, 0, 0.04, 0, 'take_innsta_0.0075', 9, 0, 54, 4.040293083903574, 1.8092297396750807, 3]
2018-01-05 09:05:48.566 INFO in 'ProfileAnalyzerTest' at line 2222: [2.397375709762519, 2.397375709762519, 1, 100000, 103000, 134000, 174000, 1, 0, 0.04, 0, 'take_innsta_0.0075', 9, 0, 58, 4.401527244570615, 2.397375709762519, 1]
2018-01-05 09:05:48.566 INFO in 'ProfileAnalyzerTest' at line 2222: [3.766150249834112, 3.766150249834112, 1, 100000, 103000, 134000, 180000, 1, 0, 0.04, 0, 'take_innsta_0.0075', 9, 0, 61, 5.008838504353217, 3.766150249834112, 0]
2018-01-05 09:05:48.566 INFO in 'ProfileAnalyzerTest' at line 2222: [3.979859472506778, 3.979859472506778, 1, 100000, 103000, 134000, 175000, 1, 0, 0.04, 0, 'take_innsta_0.0075', 9, 0, 61, 4.799830302046181, 3.979859472506778, 0]
2018-01-05 09:05:48.566 INFO in 'ProfileAnalyzerTest' at line 2222: [1.0096719271395236, 1.0096719271395236, 1, 100000, 110000, 112000, 131000, -1, 0, 0.02, 0, 'take_innsta_0.01', 27, 0, 36, 3.9547206089725324, 1.0096719271395236, 3]
2018-01-05 09:05:48.566 INFO in 'ProfileAnalyzerTest' at line 2222: [1.0730214085995897, 1.0730214085995897, 1, 100000, 110000, 112000, 152000, -1, 0, 0.02, 0, 'take_innsta_0.01', 27, 0, 51, 5.070501391623007, 1.0730214085995897, 0]
2018-01-05 09:05:48.566 INFO in 'ProfileAnalyzerTest' at line 2222: [1.1875685575006436, 1.1875685575006436, 1, 100000, 110000, 112000, 161000, -1, 0, 0.02, 0, 'take_innsta_0.01', 27, 0, 50, 5.232575427113425, 1.1875685575006436, 1]
2018-01-05 09:05:48.568 INFO in 'ProfileAnalyzerTest' at line 2222: [1.2332937262939914, 1.2332937262939914, 1, 100000, 110000, 112000, 123000, -1, 0, 0.02, 0, 'take_innsta_0.01', 27, 0, 42, 3.789862968368506, 1.2332937262939914, 5]
2018-01-05 09:05:48.568 INFO in 'ProfileAnalyzerTest' at line 2222: [1.2977193719425069, 1.2977193719425069, 1, 100000, 110000, 112000, 142000, -1, 0, 0.02, 0, 'take_innsta_0.01', 27, 0, 46, 4.732418405369994, 1.2977193719425069, 1]
2018-01-05 09:05:48.568 INFO in 'ProfileAnalyzerTest' at line 2222: [1.390849868168647, 1.390849868168647, 1, 100000, 110000, 112000, 132000, -1, 0, 0.02, 0, 'take_innsta_0.01', 27, 0, 36, 4.2592985200603435, 1.390849868168647, 1]
2018-01-05 09:05:48.568 INFO in 'ProfileAnalyzerTest' at line 2222: [1.4676717693474743, 1.4676717693474743, 1, 100000, 110000, 112000, 125000, -1, 0, 0.02, 0, 'take_innsta_0.01', 27, 0, 41, 4.159799207603053, 1.4676717693474743, 4]
2018-01-05 09:05:48.568 INFO in 'ProfileAnalyzerTest' at line 2222: [1.6088002484191557, 1.6088002484191557, 1, 100000, 110000, 112000, 141000, -1, 0, 0.02, 0, 'take_innsta_0.01', 27, 0, 41, 4.748416588148579, 1.6088002484191557, 0]
2018-01-05 09:05:48.568 INFO in 'ProfileAnalyzerTest' at line 2222: [1.683912186063302, 1.683912186063302, 1, 100000, 110000, 112000, 133000, -1, 0, 0.02, 0, 'take_innsta_0.01', 27, 0, 42, 4.440127276972128, 1.683912186063302, 3]
2018-01-05 09:05:48.568 INFO in 'ProfileAnalyzerTest' at line 2222: [1.7221335048793234, 1.7221335048793234, 1, 100000, 110000, 112000, 140000, -1, 0, 0.02, 0, 'take_innsta_0.01', 27, 0, 52, 4.7705193508603845, 1.7221335048793234, 1]
2018-01-05 09:05:48.569 INFO in 'ProfileAnalyzerTest' at line 2222: [1.8425710553004084, 1.8425710553004084, 1, 100000, 110000, 112000, 143000, -1, 0, 0.02, 0, 'take_innsta_0.01', 27, 0, 49, 5.104498558023406, 1.8425710553004084, 0]
2018-01-05 09:05:48.569 INFO in 'ProfileAnalyzerTest' at line 2222: [2.0533679108037983, 2.0533679108037983, 1, 100000, 110000, 112000, 135000, -1, 0, 0.02, 0, 'take_innsta_0.01', 27, 0, 42, 4.733332379048472, 2.0533679108037983, 3]
2018-01-05 09:05:48.569 INFO in 'ProfileAnalyzerTest' at line 2222: [2.377038853442917, 2.377038853442917, 1, 100000, 110000, 112000, 124000, -1, 0, 0.02, 0, 'take_innsta_0.01', 27, 0, 39, 4.440334825553554, 2.377038853442917, 2]
2018-01-05 09:05:48.569 INFO in 'ProfileAnalyzerTest' at line 2222: [2.7909659922569, 2.7909659922569, 1, 100000, 110000, 112000, 150000, -1, 0, 0.02, 0, 'take_innsta_0.01', 27, 0, 47, 5.675823961596886, 2.7909659922569, 2]
2018-01-05 09:05:48.569 INFO in 'ProfileAnalyzerTest' at line 2222: [2.970470574379265, 2.970470574379265, 1, 100000, 110000, 112000, 134000, -1, 0, 0.02, 0, 'take_innsta_0.01', 27, 0, 41, 4.906876767942931, 2.970470574379265, 2]
2018-01-05 09:05:48.569 INFO in 'ProfileAnalyzerTest' at line 2222: [3.9582515312135693, 3.9582515312135693, 1, 100000, 110000, 112000, 144000, -1, 0, 0.02, 0, 'take_innsta_0.01', 27, 0, 51, 5.917620867486906, 3.9582515312135693, 2]
2018-01-05 09:05:48.571 INFO in 'ProfileAnalyzerTest' at line 2222: [4.009478228936233, 4.009478228936233, 1, 100000, 110000, 112000, 145000, -1, 0, 0.02, 0, 'take_innsta_0.01', 27, 0, 51, 5.954547888247441, 4.009478228936233, 0]
2018-01-05 09:05:56.53 INFO in 'ProfileAnalyzerTest' at line 2176: AVG PVV -0.682698332938
2018-01-05 09:05:56.58 INFO in 'ProfileAnalyzerTest' at line 2177: AVG Volume nan
2018-01-05 09:10:17.392 INFO in 'ProfileAnalyzerTest' at line 2222: [11.876129489851909, 11.876129489851909, 2, 100000, 110000, 141000, 171000, -1, 0, 0.04, 0, 'take_innsta_0.0075', 9, 0, 68, 5.396222455290689, 11.876129489851909, 1]
2018-01-05 09:10:17.392 INFO in 'ProfileAnalyzerTest' at line 2222: [13.404748488624628, 13.404748488624628, 2, 100000, 110000, 141000, 180000, -1, 0, 0.04, 0, 'take_innsta_0.0075', 9, 0, 69, 5.730381258508149, 13.404748488624628, 2]
2018-01-05 09:10:17.392 INFO in 'ProfileAnalyzerTest' at line 2222: [14.104668373674546, 14.104668373674546, 2, 100000, 110000, 141000, 165000, -1, 0, 0.04, 0, 'take_innsta_0.0075', 9, 0, 64, 5.214931515576805, 14.104668373674546, 5]
2018-01-05 09:10:17.392 INFO in 'ProfileAnalyzerTest' at line 2222: [15.491296423851878, 15.491296423851878, 2, 100000, 110000, 141000, 175000, -1, 0, 0.04, 0, 'take_innsta_0.0075', 9, 0, 72, 5.834901163539003, 15.491296423851878, 3]
2018-01-05 09:10:17.392 INFO in 'ProfileAnalyzerTest' at line 2222: [16.005356742748766, 16.005356742748766, 2, 100000, 110000, 141000, 164000, -1, 0, 0.04, 0, 'take_innsta_0.0075', 9, 0, 65, 5.329812026328086, 16.005356742748766, 2]
2018-01-05 09:10:17.394 INFO in 'ProfileAnalyzerTest' at line 2222: [17.48859313990453, 17.48859313990453, 2, 100000, 110000, 141000, 163000, -1, 0, 0.04, 0, 'take_innsta_0.0075', 9, 0, 64, 5.2906281077669455, 17.48859313990453, 1]
2018-01-05 09:10:17.394 INFO in 'ProfileAnalyzerTest' at line 2222: [21.620868716615806, 21.620868716615806, 2, 100000, 110000, 141000, 173000, -1, 0, 0.04, 0, 'take_innsta_0.0075', 9, 0, 74, 5.974645837789285, 21.620868716615806, 1]
2018-01-05 09:10:17.394 INFO in 'ProfileAnalyzerTest' at line 2222: [22.594936354349496, 22.594936354349496, 2, 100000, 110000, 141000, 162000, -1, 0, 0.04, 0, 'take_innsta_0.0075', 9, 0, 71, 5.66132901361665, 22.594936354349496, 4]
2018-01-05 09:10:17.394 INFO in 'ProfileAnalyzerTest' at line 2222: [23.59962339683273, 23.59962339683273, 2, 100000, 110000, 141000, 174000, -1, 0, 0.04, 0, 'take_innsta_0.0075', 9, 0, 71, 6.099856993439871, 23.59962339683273, 2]
2018-01-05 09:10:17.394 INFO in 'ProfileAnalyzerTest' at line 2222: [11.876129489851909, 11.876129489851909, 2, 100000, 110000, 141000, 171000, -1, 0, 0.04, 0, 'take_innsta_0.0075', 9, 0, 68, 5.396222455290689, 11.876129489851909, 1]
2018-01-05 09:10:17.394 INFO in 'ProfileAnalyzerTest' at line 2222: [13.404748488624628, 13.404748488624628, 2, 100000, 110000, 141000, 180000, -1, 0, 0.04, 0, 'take_innsta_0.0075', 9, 0, 69, 5.730381258508149, 13.404748488624628, 2]
2018-01-05 09:10:17.394 INFO in 'ProfileAnalyzerTest' at line 2222: [14.104668373674546, 14.104668373674546, 2, 100000, 110000, 141000, 165000, -1, 0, 0.04, 0, 'take_innsta_0.0075', 9, 0, 64, 5.214931515576805, 14.104668373674546, 5]
2018-01-05 09:10:17.394 INFO in 'ProfileAnalyzerTest' at line 2222: [15.491296423851878, 15.491296423851878, 2, 100000, 110000, 141000, 175000, -1, 0, 0.04, 0, 'take_innsta_0.0075', 9, 0, 72, 5.834901163539003, 15.491296423851878, 3]
2018-01-05 09:10:17.394 INFO in 'ProfileAnalyzerTest' at line 2222: [16.005356742748766, 16.005356742748766, 2, 100000, 110000, 141000, 164000, -1, 0, 0.04, 0, 'take_innsta_0.0075', 9, 0, 65, 5.329812026328086, 16.005356742748766, 2]
2018-01-05 09:10:17.394 INFO in 'ProfileAnalyzerTest' at line 2222: [17.48859313990453, 17.48859313990453, 2, 100000, 110000, 141000, 163000, -1, 0, 0.04, 0, 'take_innsta_0.0075', 9, 0, 64, 5.2906281077669455, 17.48859313990453, 1]
2018-01-05 09:10:17.394 INFO in 'ProfileAnalyzerTest' at line 2222: [21.620868716615806, 21.620868716615806, 2, 100000, 110000, 141000, 173000, -1, 0, 0.04, 0, 'take_innsta_0.0075', 9, 0, 74, 5.974645837789285, 21.620868716615806, 1]
2018-01-05 09:10:17.394 INFO in 'ProfileAnalyzerTest' at line 2222: [22.594936354349496, 22.594936354349496, 2, 100000, 110000, 141000, 162000, -1, 0, 0.04, 0, 'take_innsta_0.0075', 9, 0, 71, 5.66132901361665, 22.594936354349496, 4]
2018-01-05 09:10:17.394 INFO in 'ProfileAnalyzerTest' at line 2222: [23.59962339683273, 23.59962339683273, 2, 100000, 110000, 141000, 174000, -1, 0, 0.04, 0, 'take_innsta_0.0075', 9, 0, 71, 6.099856993439871, 23.59962339683273, 2]
2018-01-05 09:10:17.395 INFO in 'ProfileAnalyzerTest' at line 2222: [8.712667212725034, 8.712667212725034, 2, 100000, 104000, 140000, 174000, -1, 0, 0.03, 1, 'take_innsta_0.015', 27, 0, 47, 5.9395187394723905, 8.712667212725034, 6]
2018-01-05 09:10:17.395 INFO in 'ProfileAnalyzerTest' at line 2222: [10.749532317627152, 10.749532317627152, 2, 100000, 110000, 140000, 170000, -1, 0, 0.03, 1, 'take_innsta_0.015', 27, 0, 40, 5.439882143082325, 10.749532317627152, 11]
2018-01-05 09:10:17.395 INFO in 'ProfileAnalyzerTest' at line 2222: [12.141865086503646, 12.141865086503646, 2, 100000, 110000, 140000, 173000, -1, 0, 0.03, 1, 'take_innsta_0.015', 27, 0, 54, 6.317938219252174, 12.141865086503646, 7]
2018-01-05 09:10:17.395 INFO in 'ProfileAnalyzerTest' at line 2222: [17.562198666107463, 17.562198666107463, 2, 100000, 110000, 140000, 172000, -1, 0, 0.03, 1, 'take_innsta_0.015', 27, 0, 48, 6.3910557284205245, 17.562198666107463, 7]
2018-01-05 09:10:17.395 INFO in 'ProfileAnalyzerTest' at line 2222: [8.712667212725034, 8.712667212725034, 2, 100000, 104000, 140000, 174000, -1, 0, 0.03, 2, 'take_innsta_0.015', 27, 0, 47, 5.9395187394723905, 8.712667212725034, 6]
2018-01-05 09:10:17.395 INFO in 'ProfileAnalyzerTest' at line 2222: [10.749532317627152, 10.749532317627152, 2, 100000, 110000, 140000, 170000, -1, 0, 0.03, 2, 'take_innsta_0.015', 27, 0, 40, 5.439882143082325, 10.749532317627152, 11]
2018-01-05 09:10:17.398 INFO in 'ProfileAnalyzerTest' at line 2222: [12.141865086503646, 12.141865086503646, 2, 100000, 110000, 140000, 173000, -1, 0, 0.03, 2, 'take_innsta_0.015', 27, 0, 54, 6.317938219252174, 12.141865086503646, 7]
2018-01-05 09:10:17.398 INFO in 'ProfileAnalyzerTest' at line 2222: [17.562198666107463, 17.562198666107463, 2, 100000, 110000, 140000, 172000, -1, 0, 0.03, 2, 'take_innsta_0.015', 27, 0, 48, 6.3910557284205245, 17.562198666107463, 7]
2018-01-05 09:10:17.398 INFO in 'ProfileAnalyzerTest' at line 2222: [10.749532317627152, 10.749532317627152, 2, 100000, 110000, 140000, 170000, -1, 0, 0.03, 3, 'take_innsta_0.015', 27, 0, 40, 5.439882143082325, 10.749532317627152, 11]
2018-01-05 09:10:17.398 INFO in 'ProfileAnalyzerTest' at line 2222: [12.141865086503646, 12.141865086503646, 2, 100000, 110000, 140000, 173000, -1, 0, 0.03, 3, 'take_innsta_0.015', 27, 0, 54, 6.317938219252174, 12.141865086503646, 7]
2018-01-05 09:10:17.398 INFO in 'ProfileAnalyzerTest' at line 2222: [17.562198666107463, 17.562198666107463, 2, 100000, 110000, 140000, 172000, -1, 0, 0.03, 3, 'take_innsta_0.015', 27, 0, 48, 6.3910557284205245, 17.562198666107463, 7]
2018-01-05 09:10:17.398 INFO in 'ProfileAnalyzerTest' at line 2222: [10.749532317627152, 10.749532317627152, 2, 100000, 110000, 140000, 170000, -1, 0, 0.03, 4, 'take_innsta_0.015', 27, 0, 40, 5.439882143082325, 10.749532317627152, 11]
2018-01-05 09:10:17.398 INFO in 'ProfileAnalyzerTest' at line 2222: [12.141865086503646, 12.141865086503646, 2, 100000, 110000, 140000, 173000, -1, 0, 0.03, 4, 'take_innsta_0.015', 27, 0, 54, 6.317938219252174, 12.141865086503646, 7]
2018-01-05 09:10:17.398 INFO in 'ProfileAnalyzerTest' at line 2222: [17.562198666107463, 17.562198666107463, 2, 100000, 110000, 140000, 172000, -1, 0, 0.03, 4, 'take_innsta_0.015', 27, 0, 48, 6.3910557284205245, 17.562198666107463, 7]
2018-01-05 09:10:17.398 INFO in 'ProfileAnalyzerTest' at line 2222: [10.749532317627152, 10.749532317627152, 2, 100000, 110000, 140000, 170000, -1, 0, 0.03, 5, 'take_innsta_0.015', 27, 0, 40, 5.439882143082325, 10.749532317627152, 11]
2018-01-05 09:10:17.398 INFO in 'ProfileAnalyzerTest' at line 2222: [12.141865086503646, 12.141865086503646, 2, 100000, 110000, 140000, 173000, -1, 0, 0.03, 5, 'take_innsta_0.015', 27, 0, 54, 6.317938219252174, 12.141865086503646, 7]
2018-01-05 09:10:17.398 INFO in 'ProfileAnalyzerTest' at line 2222: [17.562198666107463, 17.562198666107463, 2, 100000, 110000, 140000, 172000, -1, 0, 0.03, 5, 'take_innsta_0.015', 27, 0, 48, 6.3910557284205245, 17.562198666107463, 7]
2018-01-05 09:10:17.398 INFO in 'ProfileAnalyzerTest' at line 2222: [11.876129489851909, 11.876129489851909, 2, 100000, 110000, 141000, 171000, -1, 0, 0.04, 0, 'take_innsta_0.0075', 9, 0, 68, 5.396222455290689, 11.876129489851909, 1]
2018-01-05 09:10:17.400 INFO in 'ProfileAnalyzerTest' at line 2222: [13.404748488624628, 13.404748488624628, 2, 100000, 110000, 141000, 180000, -1, 0, 0.04, 0, 'take_innsta_0.0075', 9, 0, 69, 5.730381258508149, 13.404748488624628, 2]
2018-01-05 09:10:17.400 INFO in 'ProfileAnalyzerTest' at line 2222: [14.104668373674546, 14.104668373674546, 2, 100000, 110000, 141000, 165000, -1, 0, 0.04, 0, 'take_innsta_0.0075', 9, 0, 64, 5.214931515576805, 14.104668373674546, 5]
2018-01-05 09:10:17.400 INFO in 'ProfileAnalyzerTest' at line 2222: [15.491296423851878, 15.491296423851878, 2, 100000, 110000, 141000, 175000, -1, 0, 0.04, 0, 'take_innsta_0.0075', 9, 0, 72, 5.834901163539003, 15.491296423851878, 3]
2018-01-05 09:10:17.400 INFO in 'ProfileAnalyzerTest' at line 2222: [16.005356742748766, 16.005356742748766, 2, 100000, 110000, 141000, 164000, -1, 0, 0.04, 0, 'take_innsta_0.0075', 9, 0, 65, 5.329812026328086, 16.005356742748766, 2]
2018-01-05 09:10:17.400 INFO in 'ProfileAnalyzerTest' at line 2222: [17.48859313990453, 17.48859313990453, 2, 100000, 110000, 141000, 163000, -1, 0, 0.04, 0, 'take_innsta_0.0075', 9, 0, 64, 5.2906281077669455, 17.48859313990453, 1]
2018-01-05 09:10:17.400 INFO in 'ProfileAnalyzerTest' at line 2222: [21.620868716615806, 21.620868716615806, 2, 100000, 110000, 141000, 173000, -1, 0, 0.04, 0, 'take_innsta_0.0075', 9, 0, 74, 5.974645837789285, 21.620868716615806, 1]
2018-01-05 09:10:17.400 INFO in 'ProfileAnalyzerTest' at line 2222: [22.594936354349496, 22.594936354349496, 2, 100000, 110000, 141000, 162000, -1, 0, 0.04, 0, 'take_innsta_0.0075', 9, 0, 71, 5.66132901361665, 22.594936354349496, 4]
2018-01-05 09:10:17.401 INFO in 'ProfileAnalyzerTest' at line 2222: [23.59962339683273, 23.59962339683273, 2, 100000, 110000, 141000, 174000, -1, 0, 0.04, 0, 'take_innsta_0.0075', 9, 0, 71, 6.099856993439871, 23.59962339683273, 2]
2018-01-05 09:10:17.401 INFO in 'ProfileAnalyzerTest' at line 2222: [11.876129489851909, 11.876129489851909, 2, 100000, 110000, 141000, 171000, -1, 0, 0.04, 0, 'take_innsta_0.0075', 9, 0, 68, 5.396222455290689, 11.876129489851909, 1]
2018-01-05 09:10:17.401 INFO in 'ProfileAnalyzerTest' at line 2222: [13.404748488624628, 13.404748488624628, 2, 100000, 110000, 141000, 180000, -1, 0, 0.04, 0, 'take_innsta_0.0075', 9, 0, 69, 5.730381258508149, 13.404748488624628, 2]
2018-01-05 09:10:17.401 INFO in 'ProfileAnalyzerTest' at line 2222: [14.104668373674546, 14.104668373674546, 2, 100000, 110000, 141000, 165000, -1, 0, 0.04, 0, 'take_innsta_0.0075', 9, 0, 64, 5.214931515576805, 14.104668373674546, 5]
2018-01-05 09:10:17.401 INFO in 'ProfileAnalyzerTest' at line 2222: [15.491296423851878, 15.491296423851878, 2, 100000, 110000, 141000, 175000, -1, 0, 0.04, 0, 'take_innsta_0.0075', 9, 0, 72, 5.834901163539003, 15.491296423851878, 3]
2018-01-05 09:10:17.401 INFO in 'ProfileAnalyzerTest' at line 2222: [16.005356742748766, 16.005356742748766, 2, 100000, 110000, 141000, 164000, -1, 0, 0.04, 0, 'take_innsta_0.0075', 9, 0, 65, 5.329812026328086, 16.005356742748766, 2]
2018-01-05 09:10:17.403 INFO in 'ProfileAnalyzerTest' at line 2222: [17.48859313990453, 17.48859313990453, 2, 100000, 110000, 141000, 163000, -1, 0, 0.04, 0, 'take_innsta_0.0075', 9, 0, 64, 5.2906281077669455, 17.48859313990453, 1]
2018-01-05 09:10:17.403 INFO in 'ProfileAnalyzerTest' at line 2222: [21.620868716615806, 21.620868716615806, 2, 100000, 110000, 141000, 173000, -1, 0, 0.04, 0, 'take_innsta_0.0075', 9, 0, 74, 5.974645837789285, 21.620868716615806, 1]
2018-01-05 09:10:17.403 INFO in 'ProfileAnalyzerTest' at line 2222: [22.594936354349496, 22.594936354349496, 2, 100000, 110000, 141000, 162000, -1, 0, 0.04, 0, 'take_innsta_0.0075', 9, 0, 71, 5.66132901361665, 22.594936354349496, 4]
2018-01-05 09:10:17.403 INFO in 'ProfileAnalyzerTest' at line 2222: [23.59962339683273, 23.59962339683273, 2, 100000, 110000, 141000, 174000, -1, 0, 0.04, 0, 'take_innsta_0.0075', 9, 0, 71, 6.099856993439871, 23.59962339683273, 2]
2018-01-05 09:10:17.403 INFO in 'ProfileAnalyzerTest' at line 2222: [11.876129489851909, 11.876129489851909, 2, 100000, 110000, 141000, 171000, -1, 0, 0.04, 0, 'take_innsta_0.0075', 9, 0, 68, 5.396222455290689, 11.876129489851909, 1]
2018-01-05 09:10:17.403 INFO in 'ProfileAnalyzerTest' at line 2222: [13.404748488624628, 13.404748488624628, 2, 100000, 110000, 141000, 180000, -1, 0, 0.04, 0, 'take_innsta_0.0075', 9, 0, 69, 5.730381258508149, 13.404748488624628, 2]
2018-01-05 09:10:17.403 INFO in 'ProfileAnalyzerTest' at line 2222: [14.104668373674546, 14.104668373674546, 2, 100000, 110000, 141000, 165000, -1, 0, 0.04, 0, 'take_innsta_0.0075', 9, 0, 64, 5.214931515576805, 14.104668373674546, 5]
2018-01-05 09:10:17.404 INFO in 'ProfileAnalyzerTest' at line 2222: [15.491296423851878, 15.491296423851878, 2, 100000, 110000, 141000, 175000, -1, 0, 0.04, 0, 'take_innsta_0.0075', 9, 0, 72, 5.834901163539003, 15.491296423851878, 3]
2018-01-05 09:10:17.404 INFO in 'ProfileAnalyzerTest' at line 2222: [16.005356742748766, 16.005356742748766, 2, 100000, 110000, 141000, 164000, -1, 0, 0.04, 0, 'take_innsta_0.0075', 9, 0, 65, 5.329812026328086, 16.005356742748766, 2]
2018-01-05 09:10:17.404 INFO in 'ProfileAnalyzerTest' at line 2222: [17.48859313990453, 17.48859313990453, 2, 100000, 110000, 141000, 163000, -1, 0, 0.04, 0, 'take_innsta_0.0075', 9, 0, 64, 5.2906281077669455, 17.48859313990453, 1]
2018-01-05 09:10:17.404 INFO in 'ProfileAnalyzerTest' at line 2222: [21.620868716615806, 21.620868716615806, 2, 100000, 110000, 141000, 173000, -1, 0, 0.04, 0, 'take_innsta_0.0075', 9, 0, 74, 5.974645837789285, 21.620868716615806, 1]
2018-01-05 09:10:17.404 INFO in 'ProfileAnalyzerTest' at line 2222: [22.594936354349496, 22.594936354349496, 2, 100000, 110000, 141000, 162000, -1, 0, 0.04, 0, 'take_innsta_0.0075', 9, 0, 71, 5.66132901361665, 22.594936354349496, 4]
2018-01-05 09:10:17.404 INFO in 'ProfileAnalyzerTest' at line 2222: [23.59962339683273, 23.59962339683273, 2, 100000, 110000, 141000, 174000, -1, 0, 0.04, 0, 'take_innsta_0.0075', 9, 0, 71, 6.099856993439871, 23.59962339683273, 2]
2018-01-05 09:10:24.914 INFO in 'ProfileAnalyzerTest' at line 2176: AVG PVV -310.071128653
2018-01-05 09:10:24.918 INFO in 'ProfileAnalyzerTest' at line 2177: AVG Volume -5.3605475804
2018-01-05 09:14:42.10 INFO in 'ProfileAnalyzerTest' at line 2222: [3.1294244636587947, 3.1294244636587947, 3, 100000, 105000, 144000, 175000, -1, 0, 0.03, 0, 'take_innsta_0.03', 9, 14, 19, 7.902498674987899, 3.1294244636587947, 8]
2018-01-05 09:14:42.10 INFO in 'ProfileAnalyzerTest' at line 2222: [3.289942847441792, 3.289942847441792, 3, 100000, 110000, 152000, 173000, -1, 0, 0.03, 0, 'take_innsta_0.03', 9, 14, 23, 5.574126053772381, 3.289942847441792, 2]
2018-01-05 09:14:42.10 INFO in 'ProfileAnalyzerTest' at line 2222: [3.295054335433147, 3.295054335433147, 3, 100000, 105000, 142000, 172000, -1, 0, 0.03, 0, 'take_innsta_0.03', 9, 14, 25, 6.97055544348737, 3.295054335433147, 2]
2018-01-05 09:14:42.10 INFO in 'ProfileAnalyzerTest' at line 2222: [3.342096012075016, 3.342096012075016, 3, 100000, 110000, 144000, 172000, -1, 0, 0.03, 0, 'take_innsta_0.03', 9, 14, 17, 6.474183476780324, 3.342096012075016, 6]
2018-01-05 09:14:42.12 INFO in 'ProfileAnalyzerTest' at line 2222: [3.577089764526536, 3.577089764526536, 3, 100000, 105000, 150000, 173000, -1, 0, 0.03, 0, 'take_innsta_0.03', 9, 14, 33, 6.12279395748331, 3.577089764526536, 2]
2018-01-05 09:14:42.12 INFO in 'ProfileAnalyzerTest' at line 2222: [3.591248923647945, 3.591248923647945, 3, 100000, 105000, 152000, 173000, -1, 0, 0.03, 0, 'take_innsta_0.03', 9, 14, 25, 5.658461518779371, 3.591248923647945, 2]
2018-01-05 09:14:42.12 INFO in 'ProfileAnalyzerTest' at line 2222: [3.903301707901916, 3.903301707901916, 3, 100000, 110000, 152000, 172000, -1, 0, 0.03, 0, 'take_innsta_0.03', 9, 14, 23, 5.432900745796053, 3.903301707901916, 4]
2018-01-05 09:14:42.12 INFO in 'ProfileAnalyzerTest' at line 2222: [4.037992606535934, 4.037992606535934, 3, 100000, 110000, 150000, 172000, -1, 0, 0.03, 0, 'take_innsta_0.03', 9, 14, 27, 5.888224301072127, 4.037992606535934, 4]
2018-01-05 09:14:42.12 INFO in 'ProfileAnalyzerTest' at line 2222: [4.4895699566817555, 4.4895699566817555, 3, 100000, 105000, 144000, 173000, -1, 0, 0.03, 0, 'take_innsta_0.03', 9, 14, 25, 7.241685941270912, 4.4895699566817555, 6]
2018-01-05 09:14:42.12 INFO in 'ProfileAnalyzerTest' at line 2222: [5.168124253685175, 5.168124253685175, 3, 100000, 105000, 152000, 172000, -1, 0, 0.03, 0, 'take_innsta_0.03', 9, 14, 25, 5.69831688032176, 5.168124253685175, 4]
2018-01-05 09:14:42.12 INFO in 'ProfileAnalyzerTest' at line 2222: [6.479588220147013, 6.479588220147013, 3, 100000, 105000, 150000, 172000, -1, 0, 0.03, 0, 'take_innsta_0.03', 9, 14, 29, 6.331664893167466, 6.479588220147013, 4]
2018-01-05 09:14:42.13 INFO in 'ProfileAnalyzerTest' at line 2222: [8.132054226847858, 8.132054226847858, 3, 100000, 105000, 144000, 172000, -1, 0, 0.03, 0, 'take_innsta_0.03', 9, 14, 23, 7.301665474970923, 8.132054226847858, 6]
2018-01-05 09:14:42.13 INFO in 'ProfileAnalyzerTest' at line 2222: [3.3169558175593337, 3.3169558175593337, 3, 100000, 105000, 150000, 172000, -1, 0, 0.03, 0, 'take_innsta_0.04', 9, 14, 27, 5.453568741001364, 3.3169558175593337, 4]
2018-01-05 09:14:42.13 INFO in 'ProfileAnalyzerTest' at line 2222: [3.523766250212261, 3.523766250212261, 3, 100000, 105000, 144000, 173000, -1, 0, 0.03, 0, 'take_innsta_0.04', 9, 14, 25, 6.909503585383546, 3.523766250212261, 6]
2018-01-05 09:14:42.13 INFO in 'ProfileAnalyzerTest' at line 2222: [5.1854385891652885, 5.1854385891652885, 3, 100000, 105000, 142000, 172000, -1, 0, 0.03, 0, 'take_innsta_0.04', 9, 14, 25, 7.638643585961203, 5.1854385891652885, 2]
2018-01-05 09:14:42.13 INFO in 'ProfileAnalyzerTest' at line 2222: [6.731391117222214, 6.731391117222214, 3, 100000, 105000, 144000, 172000, -1, 0, 0.03, 0, 'take_innsta_0.04', 9, 14, 23, 7.036663100661932, 6.731391117222214, 6]
2018-01-05 09:14:42.13 INFO in 'ProfileAnalyzerTest' at line 2222: [3.1443192735319956, 3.1443192735319956, 3, 100000, 105000, 143000, 173000, -1, 0, 0.04, 0, 'take_innsta_0.03', 9, 14, 29, 6.953731611387248, 3.1443192735319956, 6]
2018-01-05 09:14:42.15 INFO in 'ProfileAnalyzerTest' at line 2222: [3.173648364524762, 3.173648364524762, 3, 100000, 110000, 152000, 172000, -1, 0, 0.04, 0, 'take_innsta_0.03', 9, 14, 23, 5.211483668192338, 3.173648364524762, 4]
2018-01-05 09:14:42.15 INFO in 'ProfileAnalyzerTest' at line 2222: [3.2039907083469803, 3.2039907083469803, 3, 100000, 110000, 144000, 172000, -1, 0, 0.04, 0, 'take_innsta_0.03', 9, 14, 17, 6.414858365834489, 3.2039907083469803, 6]
2018-01-05 09:14:42.15 INFO in 'ProfileAnalyzerTest' at line 2222: [3.4106325553858987, 3.4106325553858987, 3, 100000, 110000, 140000, 173000, -1, 0, 0.04, 0, 'take_innsta_0.03', 9, 14, 26, 7.457698891136059, 3.4106325553858987, 1]
2018-01-05 09:14:42.15 INFO in 'ProfileAnalyzerTest' at line 2222: [3.5305057338789037, 3.5305057338789037, 3, 100000, 105000, 150000, 175000, -1, 0, 0.04, 0, 'take_innsta_0.03', 9, 14, 27, 7.311520758842412, 3.5305057338789037, 6]
2018-01-05 09:14:42.15 INFO in 'ProfileAnalyzerTest' at line 2222: [4.202034665207803, 4.202034665207803, 3, 100000, 105000, 152000, 172000, -1, 0, 0.04, 0, 'take_innsta_0.03', 9, 14, 25, 5.476899802718045, 4.202034665207803, 4]
2018-01-05 09:14:42.15 INFO in 'ProfileAnalyzerTest' at line 2222: [4.241986425137428, 4.241986425137428, 3, 100000, 105000, 144000, 173000, -1, 0, 0.04, 0, 'take_innsta_0.03', 9, 14, 25, 7.160641550291865, 4.241986425137428, 6]
2018-01-05 09:14:42.15 INFO in 'ProfileAnalyzerTest' at line 2222: [4.2587840937841195, 4.2587840937841195, 3, 100000, 105000, 141000, 172000, -1, 0, 0.04, 0, 'take_innsta_0.03', 9, 14, 23, 7.002726264253286, 4.2587840937841195, 6]
2018-01-05 09:14:42.16 INFO in 'ProfileAnalyzerTest' at line 2222: [4.354281996888627, 4.354281996888627, 3, 100000, 105000, 143000, 172000, -1, 0, 0.04, 0, 'take_innsta_0.03', 9, 14, 22, 6.813657991837699, 4.354281996888627, 1]
2018-01-05 09:14:42.16 INFO in 'ProfileAnalyzerTest' at line 2222: [4.379117020416837, 4.379117020416837, 3, 100000, 110000, 150000, 173000, -1, 0, 0.04, 0, 'take_innsta_0.03', 9, 14, 33, 6.302441897231146, 4.379117020416837, 2]
2018-01-05 09:14:42.16 INFO in 'ProfileAnalyzerTest' at line 2222: [4.426316215310044, 4.426316215310044, 3, 100000, 110000, 140000, 172000, -1, 0, 0.04, 0, 'take_innsta_0.03', 9, 14, 28, 7.232196908338449, 4.426316215310044, 3]
2018-01-05 09:14:42.16 INFO in 'ProfileAnalyzerTest' at line 2222: [4.47133466628627, 4.47133466628627, 3, 100000, 105000, 142000, 172000, -1, 0, 0.04, 0, 'take_innsta_0.03', 9, 14, 25, 7.330195155048745, 4.47133466628627, 2]
2018-01-05 09:14:42.16 INFO in 'ProfileAnalyzerTest' at line 2222: [4.979999355894715, 4.979999355894715, 3, 100000, 110000, 150000, 172000, -1, 0, 0.04, 0, 'take_innsta_0.03', 9, 14, 27, 6.0585184878053076, 4.979999355894715, 4]
2018-01-05 09:14:42.16 INFO in 'ProfileAnalyzerTest' at line 2222: [5.788952713893159, 5.788952713893159, 3, 100000, 105000, 150000, 173000, -1, 0, 0.04, 0, 'take_innsta_0.03', 9, 14, 35, 6.564801290183929, 5.788952713893159, 2]
2018-01-05 09:14:42.16 INFO in 'ProfileAnalyzerTest' at line 2222: [6.180459765437418, 6.180459765437418, 3, 100000, 105000, 140000, 174000, -1, 0, 0.04, 0, 'take_innsta_0.03', 9, 14, 35, 8.491033762063063, 6.180459765437418, 2]
2018-01-05 09:14:42.16 INFO in 'ProfileAnalyzerTest' at line 2222: [6.735184837018982, 6.735184837018982, 3, 100000, 105000, 140000, 173000, -1, 0, 0.04, 0, 'take_innsta_0.03', 9, 14, 32, 8.095673917264879, 6.735184837018982, 1]
2018-01-05 09:14:42.16 INFO in 'ProfileAnalyzerTest' at line 2222: [7.152121645044585, 7.152121645044585, 3, 100000, 105000, 140000, 175000, -1, 0, 0.04, 0, 'take_innsta_0.03', 9, 14, 26, 8.684621445543696, 7.152121645044585, 3]
2018-01-05 09:14:42.16 INFO in 'ProfileAnalyzerTest' at line 2222: [7.79601366581251, 7.79601366581251, 3, 100000, 105000, 144000, 172000, -1, 0, 0.04, 0, 'take_innsta_0.03', 9, 14, 23, 7.242340364025088, 7.79601366581251, 6]
2018-01-05 09:14:42.16 INFO in 'ProfileAnalyzerTest' at line 2222: [7.991184805679235, 7.991184805679235, 3, 100000, 105000, 150000, 172000, -1, 0, 0.04, 0, 'take_innsta_0.03', 9, 14, 29, 6.501959079900646, 7.991184805679235, 4]
2018-01-05 09:14:42.16 INFO in 'ProfileAnalyzerTest' at line 2222: [10.593749717991047, 10.593749717991047, 3, 100000, 105000, 140000, 172000, -1, 0, 0.04, 0, 'take_innsta_0.03', 9, 14, 30, 8.051252028794051, 10.593749717991047, 3]
2018-01-05 09:14:42.16 INFO in 'ProfileAnalyzerTest' at line 2222: [3.1443192735319956, 3.1443192735319956, 3, 100000, 105000, 143000, 173000, -1, 0, 0.04, 0, 'take_innsta_0.03', 9, 14, 29, 6.953731611387248, 3.1443192735319956, 6]
2018-01-05 09:14:42.19 INFO in 'ProfileAnalyzerTest' at line 2222: [3.173648364524762, 3.173648364524762, 3, 100000, 110000, 152000, 172000, -1, 0, 0.04, 0, 'take_innsta_0.03', 9, 14, 23, 5.211483668192338, 3.173648364524762, 4]
2018-01-05 09:14:42.19 INFO in 'ProfileAnalyzerTest' at line 2222: [3.2039907083469803, 3.2039907083469803, 3, 100000, 110000, 144000, 172000, -1, 0, 0.04, 0, 'take_innsta_0.03', 9, 14, 17, 6.414858365834489, 3.2039907083469803, 6]
2018-01-05 09:14:42.19 INFO in 'ProfileAnalyzerTest' at line 2222: [3.4106325553858987, 3.4106325553858987, 3, 100000, 110000, 140000, 173000, -1, 0, 0.04, 0, 'take_innsta_0.03', 9, 14, 26, 7.457698891136059, 3.4106325553858987, 1]
2018-01-05 09:14:42.19 INFO in 'ProfileAnalyzerTest' at line 2222: [3.5305057338789037, 3.5305057338789037, 3, 100000, 105000, 150000, 175000, -1, 0, 0.04, 0, 'take_innsta_0.03', 9, 14, 27, 7.311520758842412, 3.5305057338789037, 6]
2018-01-05 09:14:42.19 INFO in 'ProfileAnalyzerTest' at line 2222: [4.202034665207803, 4.202034665207803, 3, 100000, 105000, 152000, 172000, -1, 0, 0.04, 0, 'take_innsta_0.03', 9, 14, 25, 5.476899802718045, 4.202034665207803, 4]
2018-01-05 09:14:42.19 INFO in 'ProfileAnalyzerTest' at line 2222: [4.241986425137428, 4.241986425137428, 3, 100000, 105000, 144000, 173000, -1, 0, 0.04, 0, 'take_innsta_0.03', 9, 14, 25, 7.160641550291865, 4.241986425137428, 6]
2018-01-05 09:14:42.19 INFO in 'ProfileAnalyzerTest' at line 2222: [4.2587840937841195, 4.2587840937841195, 3, 100000, 105000, 141000, 172000, -1, 0, 0.04, 0, 'take_innsta_0.03', 9, 14, 23, 7.002726264253286, 4.2587840937841195, 6]
2018-01-05 09:14:42.19 INFO in 'ProfileAnalyzerTest' at line 2222: [4.354281996888627, 4.354281996888627, 3, 100000, 105000, 143000, 172000, -1, 0, 0.04, 0, 'take_innsta_0.03', 9, 14, 22, 6.813657991837699, 4.354281996888627, 1]
2018-01-05 09:14:42.19 INFO in 'ProfileAnalyzerTest' at line 2222: [4.379117020416837, 4.379117020416837, 3, 100000, 110000, 150000, 173000, -1, 0, 0.04, 0, 'take_innsta_0.03', 9, 14, 33, 6.302441897231146, 4.379117020416837, 2]
2018-01-05 09:14:42.19 INFO in 'ProfileAnalyzerTest' at line 2222: [4.426316215310044, 4.426316215310044, 3, 100000, 110000, 140000, 172000, -1, 0, 0.04, 0, 'take_innsta_0.03', 9, 14, 28, 7.232196908338449, 4.426316215310044, 3]
2018-01-05 09:14:42.19 INFO in 'ProfileAnalyzerTest' at line 2222: [4.47133466628627, 4.47133466628627, 3, 100000, 105000, 142000, 172000, -1, 0, 0.04, 0, 'take_innsta_0.03', 9, 14, 25, 7.330195155048745, 4.47133466628627, 2]
2018-01-05 09:14:42.19 INFO in 'ProfileAnalyzerTest' at line 2222: [4.979999355894715, 4.979999355894715, 3, 100000, 110000, 150000, 172000, -1, 0, 0.04, 0, 'take_innsta_0.03', 9, 14, 27, 6.0585184878053076, 4.979999355894715, 4]
2018-01-05 09:14:42.19 INFO in 'ProfileAnalyzerTest' at line 2222: [5.788952713893159, 5.788952713893159, 3, 100000, 105000, 150000, 173000, -1, 0, 0.04, 0, 'take_innsta_0.03', 9, 14, 35, 6.564801290183929, 5.788952713893159, 2]
2018-01-05 09:14:42.20 INFO in 'ProfileAnalyzerTest' at line 2222: [6.180459765437418, 6.180459765437418, 3, 100000, 105000, 140000, 174000, -1, 0, 0.04, 0, 'take_innsta_0.03', 9, 14, 35, 8.491033762063063, 6.180459765437418, 2]
2018-01-05 09:14:42.20 INFO in 'ProfileAnalyzerTest' at line 2222: [6.735184837018982, 6.735184837018982, 3, 100000, 105000, 140000, 173000, -1, 0, 0.04, 0, 'take_innsta_0.03', 9, 14, 32, 8.095673917264879, 6.735184837018982, 1]
2018-01-05 09:14:42.20 INFO in 'ProfileAnalyzerTest' at line 2222: [7.152121645044585, 7.152121645044585, 3, 100000, 105000, 140000, 175000, -1, 0, 0.04, 0, 'take_innsta_0.03', 9, 14, 26, 8.684621445543696, 7.152121645044585, 3]
2018-01-05 09:14:42.20 INFO in 'ProfileAnalyzerTest' at line 2222: [7.79601366581251, 7.79601366581251, 3, 100000, 105000, 144000, 172000, -1, 0, 0.04, 0, 'take_innsta_0.03', 9, 14, 23, 7.242340364025088, 7.79601366581251, 6]
2018-01-05 09:14:42.20 INFO in 'ProfileAnalyzerTest' at line 2222: [7.991184805679235, 7.991184805679235, 3, 100000, 105000, 150000, 172000, -1, 0, 0.04, 0, 'take_innsta_0.03', 9, 14, 29, 6.501959079900646, 7.991184805679235, 4]
2018-01-05 09:14:42.20 INFO in 'ProfileAnalyzerTest' at line 2222: [10.593749717991047, 10.593749717991047, 3, 100000, 105000, 140000, 172000, -1, 0, 0.04, 0, 'take_innsta_0.03', 9, 14, 30, 8.051252028794051, 10.593749717991047, 3]
2018-01-05 09:14:42.20 INFO in 'ProfileAnalyzerTest' at line 2222: [3.12303943757969, 3.12303943757969, 3, 100000, 105000, 140000, 172000, -1, 0, 0.04, 0, 'take_innsta_0.04', 9, 14, 28, 6.631601149564644, 3.12303943757969, 3]
2018-01-05 09:14:42.22 INFO in 'ProfileAnalyzerTest' at line 2222: [3.3849594873031377, 3.3849594873031377, 3, 100000, 105000, 143000, 172000, -1, 0, 0.04, 0, 'take_innsta_0.04', 9, 14, 22, 6.402245931107263, 3.3849594873031377, 1]
2018-01-05 09:14:42.22 INFO in 'ProfileAnalyzerTest' at line 2222: [3.5253979360919563, 3.5253979360919563, 3, 100000, 110000, 141000, 172000, -1, 0, 0.04, 0, 'take_innsta_0.04', 9, 14, 19, 7.054563696245425, 3.5253979360919563, 6]
2018-01-05 09:14:42.22 INFO in 'ProfileAnalyzerTest' at line 2222: [3.741326700300739, 3.741326700300739, 3, 100000, 105000, 141000, 173000, -1, 0, 0.04, 0, 'take_innsta_0.04', 9, 14, 39, 7.607668733902618, 3.741326700300739, 2]
2018-01-05 09:14:42.22 INFO in 'ProfileAnalyzerTest' at line 2222: [4.429231350460333, 4.429231350460333, 3, 100000, 105000, 142000, 173000, -1, 0, 0.04, 0, 'take_innsta_0.04', 9, 14, 30, 8.416087998496783, 4.429231350460333, 3]
2018-01-05 09:14:42.22 INFO in 'ProfileAnalyzerTest' at line 2222: [4.477776670606, 4.477776670606, 3, 100000, 110000, 142000, 172000, -1, 0, 0.04, 0, 'take_innsta_0.04', 9, 14, 23, 7.877698722208011, 4.477776670606, 2]
2018-01-05 09:14:42.22 INFO in 'ProfileAnalyzerTest' at line 2222: [5.840224541956625, 5.840224541956625, 3, 100000, 105000, 144000, 172000, -1, 0, 0.04, 0, 'take_innsta_0.04', 9, 14, 23, 6.840732024344784, 5.840224541956625, 6]
2018-01-05 09:14:42.22 INFO in 'ProfileAnalyzerTest' at line 2222: [7.466255600240268, 7.466255600240268, 3, 100000, 105000, 141000, 172000, -1, 0, 0.04, 0, 'take_innsta_0.04', 9, 14, 25, 7.7579237662627945, 7.466255600240268, 6]
2018-01-05 09:14:42.23 INFO in 'ProfileAnalyzerTest' at line 2222: [8.666086091851396, 8.666086091851396, 3, 100000, 105000, 142000, 172000, -1, 0, 0.04, 0, 'take_innsta_0.04', 9, 14, 25, 8.49228255862838, 8.666086091851396, 2]
2018-01-05 09:14:42.23 INFO in 'ProfileAnalyzerTest' at line 2222: [3.1443192735319956, 3.1443192735319956, 3, 100000, 105000, 143000, 173000, -1, 0, 0.04, 0, 'take_innsta_0.03', 9, 14, 29, 6.953731611387248, 3.1443192735319956, 6]
2018-01-05 09:14:42.23 INFO in 'ProfileAnalyzerTest' at line 2222: [3.173648364524762, 3.173648364524762, 3, 100000, 110000, 152000, 172000, -1, 0, 0.04, 0, 'take_innsta_0.03', 9, 14, 23, 5.211483668192338, 3.173648364524762, 4]
2018-01-05 09:14:42.23 INFO in 'ProfileAnalyzerTest' at line 2222: [3.2039907083469803, 3.2039907083469803, 3, 100000, 110000, 144000, 172000, -1, 0, 0.04, 0, 'take_innsta_0.03', 9, 14, 17, 6.414858365834489, 3.2039907083469803, 6]
2018-01-05 09:14:42.23 INFO in 'ProfileAnalyzerTest' at line 2222: [3.4106325553858987, 3.4106325553858987, 3, 100000, 110000, 140000, 173000, -1, 0, 0.04, 0, 'take_innsta_0.03', 9, 14, 26, 7.457698891136059, 3.4106325553858987, 1]
2018-01-05 09:14:42.23 INFO in 'ProfileAnalyzerTest' at line 2222: [3.5305057338789037, 3.5305057338789037, 3, 100000, 105000, 150000, 175000, -1, 0, 0.04, 0, 'take_innsta_0.03', 9, 14, 27, 7.311520758842412, 3.5305057338789037, 6]
2018-01-05 09:14:42.25 INFO in 'ProfileAnalyzerTest' at line 2222: [4.202034665207803, 4.202034665207803, 3, 100000, 105000, 152000, 172000, -1, 0, 0.04, 0, 'take_innsta_0.03', 9, 14, 25, 5.476899802718045, 4.202034665207803, 4]
2018-01-05 09:14:42.25 INFO in 'ProfileAnalyzerTest' at line 2222: [4.241986425137428, 4.241986425137428, 3, 100000, 105000, 144000, 173000, -1, 0, 0.04, 0, 'take_innsta_0.03', 9, 14, 25, 7.160641550291865, 4.241986425137428, 6]
2018-01-05 09:14:42.25 INFO in 'ProfileAnalyzerTest' at line 2222: [4.2587840937841195, 4.2587840937841195, 3, 100000, 105000, 141000, 172000, -1, 0, 0.04, 0, 'take_innsta_0.03', 9, 14, 23, 7.002726264253286, 4.2587840937841195, 6]
2018-01-05 09:14:42.25 INFO in 'ProfileAnalyzerTest' at line 2222: [4.354281996888627, 4.354281996888627, 3, 100000, 105000, 143000, 172000, -1, 0, 0.04, 0, 'take_innsta_0.03', 9, 14, 22, 6.813657991837699, 4.354281996888627, 1]
2018-01-05 09:14:42.25 INFO in 'ProfileAnalyzerTest' at line 2222: [4.379117020416837, 4.379117020416837, 3, 100000, 110000, 150000, 173000, -1, 0, 0.04, 0, 'take_innsta_0.03', 9, 14, 33, 6.302441897231146, 4.379117020416837, 2]
2018-01-05 09:14:42.25 INFO in 'ProfileAnalyzerTest' at line 2222: [4.426316215310044, 4.426316215310044, 3, 100000, 110000, 140000, 172000, -1, 0, 0.04, 0, 'take_innsta_0.03', 9, 14, 28, 7.232196908338449, 4.426316215310044, 3]
2018-01-05 09:14:42.26 INFO in 'ProfileAnalyzerTest' at line 2222: [4.47133466628627, 4.47133466628627, 3, 100000, 105000, 142000, 172000, -1, 0, 0.04, 0, 'take_innsta_0.03', 9, 14, 25, 7.330195155048745, 4.47133466628627, 2]
2018-01-05 09:14:42.26 INFO in 'ProfileAnalyzerTest' at line 2222: [4.979999355894715, 4.979999355894715, 3, 100000, 110000, 150000, 172000, -1, 0, 0.04, 0, 'take_innsta_0.03', 9, 14, 27, 6.0585184878053076, 4.979999355894715, 4]
2018-01-05 09:14:42.26 INFO in 'ProfileAnalyzerTest' at line 2222: [5.788952713893159, 5.788952713893159, 3, 100000, 105000, 150000, 173000, -1, 0, 0.04, 0, 'take_innsta_0.03', 9, 14, 35, 6.564801290183929, 5.788952713893159, 2]
2018-01-05 09:14:42.26 INFO in 'ProfileAnalyzerTest' at line 2222: [6.180459765437418, 6.180459765437418, 3, 100000, 105000, 140000, 174000, -1, 0, 0.04, 0, 'take_innsta_0.03', 9, 14, 35, 8.491033762063063, 6.180459765437418, 2]
2018-01-05 09:14:42.26 INFO in 'ProfileAnalyzerTest' at line 2222: [6.735184837018982, 6.735184837018982, 3, 100000, 105000, 140000, 173000, -1, 0, 0.04, 0, 'take_innsta_0.03', 9, 14, 32, 8.095673917264879, 6.735184837018982, 1]
2018-01-05 09:14:42.26 INFO in 'ProfileAnalyzerTest' at line 2222: [7.152121645044585, 7.152121645044585, 3, 100000, 105000, 140000, 175000, -1, 0, 0.04, 0, 'take_innsta_0.03', 9, 14, 26, 8.684621445543696, 7.152121645044585, 3]
2018-01-05 09:14:42.26 INFO in 'ProfileAnalyzerTest' at line 2222: [7.79601366581251, 7.79601366581251, 3, 100000, 105000, 144000, 172000, -1, 0, 0.04, 0, 'take_innsta_0.03', 9, 14, 23, 7.242340364025088, 7.79601366581251, 6]
2018-01-05 09:14:42.26 INFO in 'ProfileAnalyzerTest' at line 2222: [7.991184805679235, 7.991184805679235, 3, 100000, 105000, 150000, 172000, -1, 0, 0.04, 0, 'take_innsta_0.03', 9, 14, 29, 6.501959079900646, 7.991184805679235, 4]
2018-01-05 09:14:42.26 INFO in 'ProfileAnalyzerTest' at line 2222: [10.593749717991047, 10.593749717991047, 3, 100000, 105000, 140000, 172000, -1, 0, 0.04, 0, 'take_innsta_0.03', 9, 14, 30, 8.051252028794051, 10.593749717991047, 3]
2018-01-05 09:14:42.26 INFO in 'ProfileAnalyzerTest' at line 2222: [3.1443192735319956, 3.1443192735319956, 3, 100000, 105000, 143000, 173000, -1, 0, 0.04, 0, 'take_innsta_0.03', 9, 14, 29, 6.953731611387248, 3.1443192735319956, 6]
2018-01-05 09:14:42.26 INFO in 'ProfileAnalyzerTest' at line 2222: [3.173648364524762, 3.173648364524762, 3, 100000, 110000, 152000, 172000, -1, 0, 0.04, 0, 'take_innsta_0.03', 9, 14, 23, 5.211483668192338, 3.173648364524762, 4]
2018-01-05 09:14:42.26 INFO in 'ProfileAnalyzerTest' at line 2222: [3.2039907083469803, 3.2039907083469803, 3, 100000, 110000, 144000, 172000, -1, 0, 0.04, 0, 'take_innsta_0.03', 9, 14, 17, 6.414858365834489, 3.2039907083469803, 6]
2018-01-05 09:14:42.26 INFO in 'ProfileAnalyzerTest' at line 2222: [3.4106325553858987, 3.4106325553858987, 3, 100000, 110000, 140000, 173000, -1, 0, 0.04, 0, 'take_innsta_0.03', 9, 14, 26, 7.457698891136059, 3.4106325553858987, 1]
2018-01-05 09:14:42.29 INFO in 'ProfileAnalyzerTest' at line 2222: [3.5305057338789037, 3.5305057338789037, 3, 100000, 105000, 150000, 175000, -1, 0, 0.04, 0, 'take_innsta_0.03', 9, 14, 27, 7.311520758842412, 3.5305057338789037, 6]
2018-01-05 09:14:42.29 INFO in 'ProfileAnalyzerTest' at line 2222: [4.202034665207803, 4.202034665207803, 3, 100000, 105000, 152000, 172000, -1, 0, 0.04, 0, 'take_innsta_0.03', 9, 14, 25, 5.476899802718045, 4.202034665207803, 4]
2018-01-05 09:14:42.29 INFO in 'ProfileAnalyzerTest' at line 2222: [4.241986425137428, 4.241986425137428, 3, 100000, 105000, 144000, 173000, -1, 0, 0.04, 0, 'take_innsta_0.03', 9, 14, 25, 7.160641550291865, 4.241986425137428, 6]
2018-01-05 09:14:42.29 INFO in 'ProfileAnalyzerTest' at line 2222: [4.2587840937841195, 4.2587840937841195, 3, 100000, 105000, 141000, 172000, -1, 0, 0.04, 0, 'take_innsta_0.03', 9, 14, 23, 7.002726264253286, 4.2587840937841195, 6]
2018-01-05 09:14:42.29 INFO in 'ProfileAnalyzerTest' at line 2222: [4.354281996888627, 4.354281996888627, 3, 100000, 105000, 143000, 172000, -1, 0, 0.04, 0, 'take_innsta_0.03', 9, 14, 22, 6.813657991837699, 4.354281996888627, 1]
2018-01-05 09:14:42.29 INFO in 'ProfileAnalyzerTest' at line 2222: [4.379117020416837, 4.379117020416837, 3, 100000, 110000, 150000, 173000, -1, 0, 0.04, 0, 'take_innsta_0.03', 9, 14, 33, 6.302441897231146, 4.379117020416837, 2]
2018-01-05 09:14:42.29 INFO in 'ProfileAnalyzerTest' at line 2222: [4.426316215310044, 4.426316215310044, 3, 100000, 110000, 140000, 172000, -1, 0, 0.04, 0, 'take_innsta_0.03', 9, 14, 28, 7.232196908338449, 4.426316215310044, 3]
2018-01-05 09:14:42.29 INFO in 'ProfileAnalyzerTest' at line 2222: [4.47133466628627, 4.47133466628627, 3, 100000, 105000, 142000, 172000, -1, 0, 0.04, 0, 'take_innsta_0.03', 9, 14, 25, 7.330195155048745, 4.47133466628627, 2]
2018-01-05 09:14:42.29 INFO in 'ProfileAnalyzerTest' at line 2222: [4.979999355894715, 4.979999355894715, 3, 100000, 110000, 150000, 172000, -1, 0, 0.04, 0, 'take_innsta_0.03', 9, 14, 27, 6.0585184878053076, 4.979999355894715, 4]
2018-01-05 09:14:42.29 INFO in 'ProfileAnalyzerTest' at line 2222: [5.788952713893159, 5.788952713893159, 3, 100000, 105000, 150000, 173000, -1, 0, 0.04, 0, 'take_innsta_0.03', 9, 14, 35, 6.564801290183929, 5.788952713893159, 2]
2018-01-05 09:14:42.29 INFO in 'ProfileAnalyzerTest' at line 2222: [6.180459765437418, 6.180459765437418, 3, 100000, 105000, 140000, 174000, -1, 0, 0.04, 0, 'take_innsta_0.03', 9, 14, 35, 8.491033762063063, 6.180459765437418, 2]
2018-01-05 09:14:42.29 INFO in 'ProfileAnalyzerTest' at line 2222: [6.735184837018982, 6.735184837018982, 3, 100000, 105000, 140000, 173000, -1, 0, 0.04, 0, 'take_innsta_0.03', 9, 14, 32, 8.095673917264879, 6.735184837018982, 1]
2018-01-05 09:14:42.29 INFO in 'ProfileAnalyzerTest' at line 2222: [7.152121645044585, 7.152121645044585, 3, 100000, 105000, 140000, 175000, -1, 0, 0.04, 0, 'take_innsta_0.03', 9, 14, 26, 8.684621445543696, 7.152121645044585, 3]
2018-01-05 09:14:42.30 INFO in 'ProfileAnalyzerTest' at line 2222: [7.79601366581251, 7.79601366581251, 3, 100000, 105000, 144000, 172000, -1, 0, 0.04, 0, 'take_innsta_0.03', 9, 14, 23, 7.242340364025088, 7.79601366581251, 6]
2018-01-05 09:14:42.30 INFO in 'ProfileAnalyzerTest' at line 2222: [7.991184805679235, 7.991184805679235, 3, 100000, 105000, 150000, 172000, -1, 0, 0.04, 0, 'take_innsta_0.03', 9, 14, 29, 6.501959079900646, 7.991184805679235, 4]
2018-01-05 09:14:42.30 INFO in 'ProfileAnalyzerTest' at line 2222: [10.593749717991047, 10.593749717991047, 3, 100000, 105000, 140000, 172000, -1, 0, 0.04, 0, 'take_innsta_0.03', 9, 14, 30, 8.051252028794051, 10.593749717991047, 3]
2018-01-05 09:14:42.30 INFO in 'ProfileAnalyzerTest' at line 2222: [3.1294244636587947, 3.1294244636587947, 3, 100000, 105000, 144000, 175000, -1, 0, 0.03, 0, 'take_innsta_0.03', 9, 14, 19, 7.902498674987899, 3.1294244636587947, 8]
2018-01-05 09:14:42.30 INFO in 'ProfileAnalyzerTest' at line 2222: [3.289942847441792, 3.289942847441792, 3, 100000, 110000, 152000, 173000, -1, 0, 0.03, 0, 'take_innsta_0.03', 9, 14, 23, 5.574126053772381, 3.289942847441792, 2]
2018-01-05 09:14:42.30 INFO in 'ProfileAnalyzerTest' at line 2222: [3.295054335433147, 3.295054335433147, 3, 100000, 105000, 142000, 172000, -1, 0, 0.03, 0, 'take_innsta_0.03', 9, 14, 25, 6.97055544348737, 3.295054335433147, 2]
2018-01-05 09:14:42.30 INFO in 'ProfileAnalyzerTest' at line 2222: [3.342096012075016, 3.342096012075016, 3, 100000, 110000, 144000, 172000, -1, 0, 0.03, 0, 'take_innsta_0.03', 9, 14, 17, 6.474183476780324, 3.342096012075016, 6]
2018-01-05 09:14:42.32 INFO in 'ProfileAnalyzerTest' at line 2222: [3.577089764526536, 3.577089764526536, 3, 100000, 105000, 150000, 173000, -1, 0, 0.03, 0, 'take_innsta_0.03', 9, 14, 33, 6.12279395748331, 3.577089764526536, 2]
2018-01-05 09:14:42.32 INFO in 'ProfileAnalyzerTest' at line 2222: [3.591248923647945, 3.591248923647945, 3, 100000, 105000, 152000, 173000, -1, 0, 0.03, 0, 'take_innsta_0.03', 9, 14, 25, 5.658461518779371, 3.591248923647945, 2]
2018-01-05 09:14:42.32 INFO in 'ProfileAnalyzerTest' at line 2222: [3.903301707901916, 3.903301707901916, 3, 100000, 110000, 152000, 172000, -1, 0, 0.03, 0, 'take_innsta_0.03', 9, 14, 23, 5.432900745796053, 3.903301707901916, 4]
2018-01-05 09:14:42.32 INFO in 'ProfileAnalyzerTest' at line 2222: [4.037992606535934, 4.037992606535934, 3, 100000, 110000, 150000, 172000, -1, 0, 0.03, 0, 'take_innsta_0.03', 9, 14, 27, 5.888224301072127, 4.037992606535934, 4]
2018-01-05 09:14:42.32 INFO in 'ProfileAnalyzerTest' at line 2222: [4.4895699566817555, 4.4895699566817555, 3, 100000, 105000, 144000, 173000, -1, 0, 0.03, 0, 'take_innsta_0.03', 9, 14, 25, 7.241685941270912, 4.4895699566817555, 6]
2018-01-05 09:14:42.32 INFO in 'ProfileAnalyzerTest' at line 2222: [5.168124253685175, 5.168124253685175, 3, 100000, 105000, 152000, 172000, -1, 0, 0.03, 0, 'take_innsta_0.03', 9, 14, 25, 5.69831688032176, 5.168124253685175, 4]
2018-01-05 09:14:42.33 INFO in 'ProfileAnalyzerTest' at line 2222: [6.479588220147013, 6.479588220147013, 3, 100000, 105000, 150000, 172000, -1, 0, 0.03, 0, 'take_innsta_0.03', 9, 14, 29, 6.331664893167466, 6.479588220147013, 4]
2018-01-05 09:14:42.33 INFO in 'ProfileAnalyzerTest' at line 2222: [8.132054226847858, 8.132054226847858, 3, 100000, 105000, 144000, 172000, -1, 0, 0.03, 0, 'take_innsta_0.03', 9, 14, 23, 7.301665474970923, 8.132054226847858, 6]
2018-01-05 09:14:42.33 INFO in 'ProfileAnalyzerTest' at line 2222: [3.12303943757969, 3.12303943757969, 3, 100000, 105000, 140000, 172000, -1, 0, 0.04, 0, 'take_innsta_0.04', 9, 14, 28, 6.631601149564644, 3.12303943757969, 3]
2018-01-05 09:14:42.33 INFO in 'ProfileAnalyzerTest' at line 2222: [3.3849594873031377, 3.3849594873031377, 3, 100000, 105000, 143000, 172000, -1, 0, 0.04, 0, 'take_innsta_0.04', 9, 14, 22, 6.402245931107263, 3.3849594873031377, 1]
2018-01-05 09:14:42.33 INFO in 'ProfileAnalyzerTest' at line 2222: [3.5253979360919563, 3.5253979360919563, 3, 100000, 110000, 141000, 172000, -1, 0, 0.04, 0, 'take_innsta_0.04', 9, 14, 19, 7.054563696245425, 3.5253979360919563, 6]
2018-01-05 09:14:42.33 INFO in 'ProfileAnalyzerTest' at line 2222: [3.741326700300739, 3.741326700300739, 3, 100000, 105000, 141000, 173000, -1, 0, 0.04, 0, 'take_innsta_0.04', 9, 14, 39, 7.607668733902618, 3.741326700300739, 2]
2018-01-05 09:14:42.33 INFO in 'ProfileAnalyzerTest' at line 2222: [4.429231350460333, 4.429231350460333, 3, 100000, 105000, 142000, 173000, -1, 0, 0.04, 0, 'take_innsta_0.04', 9, 14, 30, 8.416087998496783, 4.429231350460333, 3]
2018-01-05 09:14:42.35 INFO in 'ProfileAnalyzerTest' at line 2222: [4.477776670606, 4.477776670606, 3, 100000, 110000, 142000, 172000, -1, 0, 0.04, 0, 'take_innsta_0.04', 9, 14, 23, 7.877698722208011, 4.477776670606, 2]
2018-01-05 09:14:42.35 INFO in 'ProfileAnalyzerTest' at line 2222: [5.840224541956625, 5.840224541956625, 3, 100000, 105000, 144000, 172000, -1, 0, 0.04, 0, 'take_innsta_0.04', 9, 14, 23, 6.840732024344784, 5.840224541956625, 6]
2018-01-05 09:14:42.35 INFO in 'ProfileAnalyzerTest' at line 2222: [7.466255600240268, 7.466255600240268, 3, 100000, 105000, 141000, 172000, -1, 0, 0.04, 0, 'take_innsta_0.04', 9, 14, 25, 7.7579237662627945, 7.466255600240268, 6]
2018-01-05 09:14:42.35 INFO in 'ProfileAnalyzerTest' at line 2222: [8.666086091851396, 8.666086091851396, 3, 100000, 105000, 142000, 172000, -1, 0, 0.04, 0, 'take_innsta_0.04', 9, 14, 25, 8.49228255862838, 8.666086091851396, 2]
2018-01-05 09:14:42.35 INFO in 'ProfileAnalyzerTest' at line 2222: [3.1443192735319956, 3.1443192735319956, 3, 100000, 105000, 143000, 173000, -1, 0, 0.04, 0, 'take_innsta_0.03', 9, 14, 29, 6.953731611387248, 3.1443192735319956, 6]
2018-01-05 09:14:42.35 INFO in 'ProfileAnalyzerTest' at line 2222: [3.173648364524762, 3.173648364524762, 3, 100000, 110000, 152000, 172000, -1, 0, 0.04, 0, 'take_innsta_0.03', 9, 14, 23, 5.211483668192338, 3.173648364524762, 4]
2018-01-05 09:14:42.36 INFO in 'ProfileAnalyzerTest' at line 2222: [3.2039907083469803, 3.2039907083469803, 3, 100000, 110000, 144000, 172000, -1, 0, 0.04, 0, 'take_innsta_0.03', 9, 14, 17, 6.414858365834489, 3.2039907083469803, 6]
2018-01-05 09:14:42.36 INFO in 'ProfileAnalyzerTest' at line 2222: [3.4106325553858987, 3.4106325553858987, 3, 100000, 110000, 140000, 173000, -1, 0, 0.04, 0, 'take_innsta_0.03', 9, 14, 26, 7.457698891136059, 3.4106325553858987, 1]
2018-01-05 09:14:42.36 INFO in 'ProfileAnalyzerTest' at line 2222: [3.5305057338789037, 3.5305057338789037, 3, 100000, 105000, 150000, 175000, -1, 0, 0.04, 0, 'take_innsta_0.03', 9, 14, 27, 7.311520758842412, 3.5305057338789037, 6]
2018-01-05 09:14:42.36 INFO in 'ProfileAnalyzerTest' at line 2222: [4.202034665207803, 4.202034665207803, 3, 100000, 105000, 152000, 172000, -1, 0, 0.04, 0, 'take_innsta_0.03', 9, 14, 25, 5.476899802718045, 4.202034665207803, 4]
2018-01-05 09:14:42.36 INFO in 'ProfileAnalyzerTest' at line 2222: [4.241986425137428, 4.241986425137428, 3, 100000, 105000, 144000, 173000, -1, 0, 0.04, 0, 'take_innsta_0.03', 9, 14, 25, 7.160641550291865, 4.241986425137428, 6]
2018-01-05 09:14:42.36 INFO in 'ProfileAnalyzerTest' at line 2222: [4.2587840937841195, 4.2587840937841195, 3, 100000, 105000, 141000, 172000, -1, 0, 0.04, 0, 'take_innsta_0.03', 9, 14, 23, 7.002726264253286, 4.2587840937841195, 6]
2018-01-05 09:14:42.36 INFO in 'ProfileAnalyzerTest' at line 2222: [4.354281996888627, 4.354281996888627, 3, 100000, 105000, 143000, 172000, -1, 0, 0.04, 0, 'take_innsta_0.03', 9, 14, 22, 6.813657991837699, 4.354281996888627, 1]
2018-01-05 09:14:42.36 INFO in 'ProfileAnalyzerTest' at line 2222: [4.379117020416837, 4.379117020416837, 3, 100000, 110000, 150000, 173000, -1, 0, 0.04, 0, 'take_innsta_0.03', 9, 14, 33, 6.302441897231146, 4.379117020416837, 2]
2018-01-05 09:14:42.36 INFO in 'ProfileAnalyzerTest' at line 2222: [4.426316215310044, 4.426316215310044, 3, 100000, 110000, 140000, 172000, -1, 0, 0.04, 0, 'take_innsta_0.03', 9, 14, 28, 7.232196908338449, 4.426316215310044, 3]
2018-01-05 09:14:42.36 INFO in 'ProfileAnalyzerTest' at line 2222: [4.47133466628627, 4.47133466628627, 3, 100000, 105000, 142000, 172000, -1, 0, 0.04, 0, 'take_innsta_0.03', 9, 14, 25, 7.330195155048745, 4.47133466628627, 2]
2018-01-05 09:14:42.36 INFO in 'ProfileAnalyzerTest' at line 2222: [4.979999355894715, 4.979999355894715, 3, 100000, 110000, 150000, 172000, -1, 0, 0.04, 0, 'take_innsta_0.03', 9, 14, 27, 6.0585184878053076, 4.979999355894715, 4]
2018-01-05 09:14:42.36 INFO in 'ProfileAnalyzerTest' at line 2222: [5.788952713893159, 5.788952713893159, 3, 100000, 105000, 150000, 173000, -1, 0, 0.04, 0, 'take_innsta_0.03', 9, 14, 35, 6.564801290183929, 5.788952713893159, 2]
2018-01-05 09:14:42.36 INFO in 'ProfileAnalyzerTest' at line 2222: [6.180459765437418, 6.180459765437418, 3, 100000, 105000, 140000, 174000, -1, 0, 0.04, 0, 'take_innsta_0.03', 9, 14, 35, 8.491033762063063, 6.180459765437418, 2]
2018-01-05 09:14:42.36 INFO in 'ProfileAnalyzerTest' at line 2222: [6.735184837018982, 6.735184837018982, 3, 100000, 105000, 140000, 173000, -1, 0, 0.04, 0, 'take_innsta_0.03', 9, 14, 32, 8.095673917264879, 6.735184837018982, 1]
2018-01-05 09:14:42.39 INFO in 'ProfileAnalyzerTest' at line 2222: [7.152121645044585, 7.152121645044585, 3, 100000, 105000, 140000, 175000, -1, 0, 0.04, 0, 'take_innsta_0.03', 9, 14, 26, 8.684621445543696, 7.152121645044585, 3]
2018-01-05 09:14:42.39 INFO in 'ProfileAnalyzerTest' at line 2222: [7.79601366581251, 7.79601366581251, 3, 100000, 105000, 144000, 172000, -1, 0, 0.04, 0, 'take_innsta_0.03', 9, 14, 23, 7.242340364025088, 7.79601366581251, 6]
2018-01-05 09:14:42.39 INFO in 'ProfileAnalyzerTest' at line 2222: [7.991184805679235, 7.991184805679235, 3, 100000, 105000, 150000, 172000, -1, 0, 0.04, 0, 'take_innsta_0.03', 9, 14, 29, 6.501959079900646, 7.991184805679235, 4]
2018-01-05 09:14:42.39 INFO in 'ProfileAnalyzerTest' at line 2222: [10.593749717991047, 10.593749717991047, 3, 100000, 105000, 140000, 172000, -1, 0, 0.04, 0, 'take_innsta_0.03', 9, 14, 30, 8.051252028794051, 10.593749717991047, 3]
2018-01-05 09:14:49.513 INFO in 'ProfileAnalyzerTest' at line 2176: AVG PVV -5.02238223587
2018-01-05 09:14:49.516 INFO in 'ProfileAnalyzerTest' at line 2177: AVG Volume 835.810740288
2018-01-05 09:19:05.81 INFO in 'ProfileAnalyzerTest' at line 2222: [1.3153606533649214, 1.3153606533649214, 4, 100000, 125000, 134000, 165000, 1, 0, 0.04, 1, 'take_innsta_0.01', 27, 0, 45, 4.029641399070533, 1.3153606533649214, 4]
2018-01-05 09:19:05.81 INFO in 'ProfileAnalyzerTest' at line 2222: [1.372159128925536, 1.372159128925536, 4, 100000, 125000, 134000, 172000, 1, 0, 0.04, 1, 'take_innsta_0.01', 27, 0, 44, 4.577760896806912, 1.372159128925536, 3]
2018-01-05 09:19:05.81 INFO in 'ProfileAnalyzerTest' at line 2222: [1.5086328579995565, 1.5086328579995565, 4, 100000, 125000, 134000, 170000, 1, 0, 0.04, 1, 'take_innsta_0.01', 27, 0, 44, 4.2970453242192805, 1.5086328579995565, 5]
2018-01-05 09:19:05.81 INFO in 'ProfileAnalyzerTest' at line 2222: [1.8704050654592947, 1.8704050654592947, 4, 100000, 125000, 134000, 171000, 1, 0, 0.04, 1, 'take_innsta_0.01', 27, 0, 41, 4.426144510211452, 1.8704050654592947, 4]
2018-01-05 09:19:05.81 INFO in 'ProfileAnalyzerTest' at line 2222: [1.3153606533649214, 1.3153606533649214, 4, 100000, 125000, 134000, 165000, 1, 0, 0.04, 2, 'take_innsta_0.01', 27, 0, 45, 4.029641399070533, 1.3153606533649214, 4]
2018-01-05 09:19:05.82 INFO in 'ProfileAnalyzerTest' at line 2222: [1.372159128925536, 1.372159128925536, 4, 100000, 125000, 134000, 172000, 1, 0, 0.04, 2, 'take_innsta_0.01', 27, 0, 44, 4.577760896806912, 1.372159128925536, 3]
2018-01-05 09:19:05.82 INFO in 'ProfileAnalyzerTest' at line 2222: [1.5086328579995565, 1.5086328579995565, 4, 100000, 125000, 134000, 170000, 1, 0, 0.04, 2, 'take_innsta_0.01', 27, 0, 44, 4.2970453242192805, 1.5086328579995565, 5]
2018-01-05 09:19:05.82 INFO in 'ProfileAnalyzerTest' at line 2222: [1.8704050654592947, 1.8704050654592947, 4, 100000, 125000, 134000, 171000, 1, 0, 0.04, 2, 'take_innsta_0.01', 27, 0, 41, 4.426144510211452, 1.8704050654592947, 4]
2018-01-05 09:19:05.82 INFO in 'ProfileAnalyzerTest' at line 2222: [1.3153606533649214, 1.3153606533649214, 4, 100000, 125000, 134000, 165000, 1, 0, 0.04, 3, 'take_innsta_0.01', 27, 0, 45, 4.029641399070533, 1.3153606533649214, 4]
2018-01-05 09:19:05.82 INFO in 'ProfileAnalyzerTest' at line 2222: [1.372159128925536, 1.372159128925536, 4, 100000, 125000, 134000, 172000, 1, 0, 0.04, 3, 'take_innsta_0.01', 27, 0, 44, 4.577760896806912, 1.372159128925536, 3]
2018-01-05 09:19:05.82 INFO in 'ProfileAnalyzerTest' at line 2222: [1.5086328579995565, 1.5086328579995565, 4, 100000, 125000, 134000, 170000, 1, 0, 0.04, 3, 'take_innsta_0.01', 27, 0, 44, 4.2970453242192805, 1.5086328579995565, 5]
2018-01-05 09:19:05.82 INFO in 'ProfileAnalyzerTest' at line 2222: [1.8704050654592947, 1.8704050654592947, 4, 100000, 125000, 134000, 171000, 1, 0, 0.04, 3, 'take_innsta_0.01', 27, 0, 41, 4.426144510211452, 1.8704050654592947, 4]
2018-01-05 09:19:05.82 INFO in 'ProfileAnalyzerTest' at line 2222: [1.3153606533649214, 1.3153606533649214, 4, 100000, 125000, 134000, 165000, 1, 0, 0.04, 4, 'take_innsta_0.01', 27, 0, 45, 4.029641399070533, 1.3153606533649214, 4]
2018-01-05 09:19:05.82 INFO in 'ProfileAnalyzerTest' at line 2222: [1.372159128925536, 1.372159128925536, 4, 100000, 125000, 134000, 172000, 1, 0, 0.04, 4, 'take_innsta_0.01', 27, 0, 44, 4.577760896806912, 1.372159128925536, 3]
2018-01-05 09:19:05.82 INFO in 'ProfileAnalyzerTest' at line 2222: [1.5086328579995565, 1.5086328579995565, 4, 100000, 125000, 134000, 170000, 1, 0, 0.04, 4, 'take_innsta_0.01', 27, 0, 44, 4.2970453242192805, 1.5086328579995565, 5]
2018-01-05 09:19:05.82 INFO in 'ProfileAnalyzerTest' at line 2222: [1.8704050654592947, 1.8704050654592947, 4, 100000, 125000, 134000, 171000, 1, 0, 0.04, 4, 'take_innsta_0.01', 27, 0, 41, 4.426144510211452, 1.8704050654592947, 4]
2018-01-05 09:19:05.85 INFO in 'ProfileAnalyzerTest' at line 2222: [1.3153606533649214, 1.3153606533649214, 4, 100000, 125000, 134000, 165000, 1, 0, 0.04, 5, 'take_innsta_0.01', 27, 0, 45, 4.029641399070533, 1.3153606533649214, 4]
2018-01-05 09:19:05.85 INFO in 'ProfileAnalyzerTest' at line 2222: [1.372159128925536, 1.372159128925536, 4, 100000, 125000, 134000, 172000, 1, 0, 0.04, 5, 'take_innsta_0.01', 27, 0, 44, 4.577760896806912, 1.372159128925536, 3]
2018-01-05 09:19:05.85 INFO in 'ProfileAnalyzerTest' at line 2222: [1.5086328579995565, 1.5086328579995565, 4, 100000, 125000, 134000, 170000, 1, 0, 0.04, 5, 'take_innsta_0.01', 27, 0, 44, 4.2970453242192805, 1.5086328579995565, 5]
2018-01-05 09:19:05.85 INFO in 'ProfileAnalyzerTest' at line 2222: [1.8704050654592947, 1.8704050654592947, 4, 100000, 125000, 134000, 171000, 1, 0, 0.04, 5, 'take_innsta_0.01', 27, 0, 41, 4.426144510211452, 1.8704050654592947, 4]
2018-01-05 09:19:05.85 INFO in 'ProfileAnalyzerTest' at line 2222: [1.2232497425133249, 1.2232497425133249, 4, 100000, 130000, 134000, 171000, 1, 0, 0.04, 1, 'take_innsta_0.01', 9, 14, 47, 4.0046112896579205, 1.2232497425133249, 4]
2018-01-05 09:19:05.85 INFO in 'ProfileAnalyzerTest' at line 2222: [1.3598678646420217, 1.3598678646420217, 4, 100000, 131000, 134000, 165000, 1, 0, 0.04, 1, 'take_innsta_0.01', 9, 14, 46, 3.9619670799122377, 1.3598678646420217, 5]
2018-01-05 09:19:05.85 INFO in 'ProfileAnalyzerTest' at line 2222: [2.12367785051098, 2.12367785051098, 4, 100000, 130000, 134000, 165000, 1, 0, 0.04, 1, 'take_innsta_0.01', 9, 14, 50, 4.285602434687483, 2.12367785051098, 5]
2018-01-05 09:19:05.85 INFO in 'ProfileAnalyzerTest' at line 2222: [1.2232497425133249, 1.2232497425133249, 4, 100000, 130000, 134000, 171000, 1, 0, 0.04, 2, 'take_innsta_0.01', 9, 14, 47, 4.0046112896579205, 1.2232497425133249, 4]
2018-01-05 09:19:05.85 INFO in 'ProfileAnalyzerTest' at line 2222: [1.3598678646420217, 1.3598678646420217, 4, 100000, 131000, 134000, 165000, 1, 0, 0.04, 2, 'take_innsta_0.01', 9, 14, 46, 3.9619670799122377, 1.3598678646420217, 5]
2018-01-05 09:19:05.85 INFO in 'ProfileAnalyzerTest' at line 2222: [2.12367785051098, 2.12367785051098, 4, 100000, 130000, 134000, 165000, 1, 0, 0.04, 2, 'take_innsta_0.01', 9, 14, 50, 4.285602434687483, 2.12367785051098, 5]
2018-01-05 09:19:05.85 INFO in 'ProfileAnalyzerTest' at line 2222: [1.2232497425133249, 1.2232497425133249, 4, 100000, 130000, 134000, 171000, 1, 0, 0.04, 3, 'take_innsta_0.01', 9, 14, 47, 4.0046112896579205, 1.2232497425133249, 4]
2018-01-05 09:19:05.85 INFO in 'ProfileAnalyzerTest' at line 2222: [1.3598678646420217, 1.3598678646420217, 4, 100000, 131000, 134000, 165000, 1, 0, 0.04, 3, 'take_innsta_0.01', 9, 14, 46, 3.9619670799122377, 1.3598678646420217, 5]
2018-01-05 09:19:05.86 INFO in 'ProfileAnalyzerTest' at line 2222: [2.12367785051098, 2.12367785051098, 4, 100000, 130000, 134000, 165000, 1, 0, 0.04, 3, 'take_innsta_0.01', 9, 14, 50, 4.285602434687483, 2.12367785051098, 5]
2018-01-05 09:19:05.86 INFO in 'ProfileAnalyzerTest' at line 2222: [1.2232497425133249, 1.2232497425133249, 4, 100000, 130000, 134000, 171000, 1, 0, 0.04, 4, 'take_innsta_0.01', 9, 14, 47, 4.0046112896579205, 1.2232497425133249, 4]
2018-01-05 09:19:05.86 INFO in 'ProfileAnalyzerTest' at line 2222: [1.3598678646420217, 1.3598678646420217, 4, 100000, 131000, 134000, 165000, 1, 0, 0.04, 4, 'take_innsta_0.01', 9, 14, 46, 3.9619670799122377, 1.3598678646420217, 5]
2018-01-05 09:19:05.86 INFO in 'ProfileAnalyzerTest' at line 2222: [2.12367785051098, 2.12367785051098, 4, 100000, 130000, 134000, 165000, 1, 0, 0.04, 4, 'take_innsta_0.01', 9, 14, 50, 4.285602434687483, 2.12367785051098, 5]
2018-01-05 09:19:05.86 INFO in 'ProfileAnalyzerTest' at line 2222: [1.2232497425133249, 1.2232497425133249, 4, 100000, 130000, 134000, 171000, 1, 0, 0.04, 5, 'take_innsta_0.01', 9, 14, 47, 4.0046112896579205, 1.2232497425133249, 4]
2018-01-05 09:19:05.86 INFO in 'ProfileAnalyzerTest' at line 2222: [1.3598678646420217, 1.3598678646420217, 4, 100000, 131000, 134000, 165000, 1, 0, 0.04, 5, 'take_innsta_0.01', 9, 14, 46, 3.9619670799122377, 1.3598678646420217, 5]
2018-01-05 09:19:05.88 INFO in 'ProfileAnalyzerTest' at line 2222: [2.12367785051098, 2.12367785051098, 4, 100000, 130000, 134000, 165000, 1, 0, 0.04, 5, 'take_innsta_0.01', 9, 14, 50, 4.285602434687483, 2.12367785051098, 5]
