2017-10-28 22:49:52.450 INFO in 'ProfileAnalyzerTest' at line 1936: (16, 4.703257981545145, 1.9111233531765193, [0.0, 0.0, 0.0018887808671983492, 0.003701926858041606, -0.008265157639450347, 0.0, 0.0, 0.0, -0.0026784260515605434, 0.013163481282577607, 0.0029520766773161195, -0.0008768777200618399, 0.006691742844297856, 0.0, -0.002909642207398531, -0.0051152647975077885, 0.009309523809523991, 0.006140070649669928, 0.0, 0.015560217560217417, 0.0, 0.0, -0.0034269858886951648, 0.0, -0.004221516978736959, 0.0, -0.00436546422235373, 0.0, -0.005060443764345888, 0.0, 1.7067494181512502e-05, 0.0, -0.009823285780027556, 0.0, -0.013305070656691618, -0.012064345817521803, -0.00976447751536724, -0.009493755203996644, 0.01100813008130075, 0.00022045995241870738, 0.005789678675754752, 0.004617038875103454, 0.003881417898585317, 0.0050770243581304015, 0.0, -0.0016579442449118336, 0.01705243635137421, 0.0, 0.008159160176091975, 0.0, 0.0, 0.0, 0.0, -0.004311375268284621, -0.002161264312207754, 0.004039415130324022, 0.0, 0.0, 0.0, 0.004565126050420256, 0.009572417084228181, 0.0, 0.0, 0.0, -0.005873203547039128, 0.0, 0.01032583065380477, 0.0, 0.03958987098325206, 0.0, 0.020122108660570293, 0.0, 0.030336134453781582, -0.006683046016017323, 0.0, 0.0, 0.0, 0.00019794427564812263, 0.0, 0.0, 0.0, 0.0, 0.007131057531630571, -0.011274444381609293, -0.009514193476566788, 0.0, 0.0, 0.0, -0.018699410609037348, 0.0, 0.015151335311572646, 0.0, 0.00784118719083571, -0.023417947446703002, 0.0016274509803921883, 0.0, 0.0, -0.0031155842266090677, -0.0009802855200544674, 0.0, -0.0009421571531333921, 0.0, 0.0, 0.0, 0.03453295128939815, -0.02273625349487418, -0.008741573033707704, 0.0065625324338349795, -0.01931720725673458, 0.0, 0.00805169442848941, -0.0008925802879291549, 0.034164844407064576, -0.0009520565889442594, 0.0, 0.021941605839415956, 0.0, 0.0, 0.0, 0.0, 0.00978781925343797, 0.0, 0.0, 0.0], 58)
2017-10-28 22:49:52.451 INFO in 'ProfileAnalyzerTest' at line 1964: FEES_150105_170801.txt
2017-10-28 22:53:19.289 INFO in 'ProfileAnalyzerTest' at line 2020: [22.362465701042456, 22.362465701042456, 0, 100000, 101000, 105000, 131000, 1, 0, 0.03, 3, 'take_innsta_0.02', 14, 27, 36, 6.853402093044612, 22.362465701042456, 38]
2017-10-28 22:53:19.289 INFO in 'ProfileAnalyzerTest' at line 2020: [22.614817956052505, 22.614817956052505, 0, 100000, 101000, 105000, 131000, 1, 0, 0.04, 3, 'take_innsta_0.04', 14, 27, 34, 7.269562443698015, 22.614817956052505, 38]
2017-10-28 22:56:50.427 INFO in 'ProfileAnalyzerTest' at line 2020: [25.93447325723884, 25.93447325723884, 1, 100000, 110000, 145000, 180000, -1, 0, 0.03, 3, 'take_innsta_0.04', 9, 0, 19, 6.657975147619305, 25.93447325723884, 62]
2017-10-28 22:56:50.428 INFO in 'ProfileAnalyzerTest' at line 2020: [27.373312590466092, 27.373312590466092, 1, 100000, 110000, 143000, 180000, -1, 0, 0.03, 3, 'take_innsta_0.04', 9, 0, 19, 6.603764495559614, 27.373312590466092, 62]
2017-10-28 22:56:50.428 INFO in 'ProfileAnalyzerTest' at line 2020: [28.512421140661324, 28.512421140661324, 1, 100000, 110000, 144000, 180000, -1, 0, 0.03, 3, 'take_innsta_0.04', 9, 0, 18, 6.556310855518284, 28.512421140661324, 61]
2017-10-28 22:56:50.428 INFO in 'ProfileAnalyzerTest' at line 2020: [20.749840242744803, 20.749840242744803, 1, 100000, 111000, 144000, 175000, -1, 0, 0.04, 3, 'take_innsta_0.015', 27, 0, 32, 5.4919702206946255, 20.749840242744803, 59]
2017-10-28 22:56:50.428 INFO in 'ProfileAnalyzerTest' at line 2020: [25.423917100947133, 25.423917100947133, 1, 100000, 104000, 143000, 174000, -1, 0, 0.04, 3, 'take_innsta_0.015', 27, 0, 33, 5.518885949105814, 25.423917100947133, 64]
2017-10-28 22:56:50.430 INFO in 'ProfileAnalyzerTest' at line 2020: [25.47391368234711, 25.47391368234711, 1, 100000, 104000, 143000, 175000, -1, 0, 0.04, 3, 'take_innsta_0.015', 27, 0, 31, 5.595574879169655, 25.47391368234711, 62]
2017-10-28 22:56:50.430 INFO in 'ProfileAnalyzerTest' at line 2020: [27.399119068988604, 27.399119068988604, 1, 100000, 104000, 144000, 175000, -1, 0, 0.04, 3, 'take_innsta_0.015', 27, 0, 34, 5.6549237568987465, 27.399119068988604, 61]
2017-10-28 22:56:50.430 INFO in 'ProfileAnalyzerTest' at line 2020: [23.012611173320966, 23.012611173320966, 1, 100000, 112000, 142000, 180000, -1, 0, 0.04, 3, 'take_innsta_0.04', 27, 0, 9, 6.941810296474658, 23.012611173320966, 58]
2017-10-28 22:56:50.430 INFO in 'ProfileAnalyzerTest' at line 2020: [23.272441390331917, 23.272441390331917, 1, 100000, 112000, 145000, 180000, -1, 0, 0.04, 3, 'take_innsta_0.04', 27, 0, 12, 6.81158705632024, 23.272441390331917, 61]
2017-10-28 22:56:50.430 INFO in 'ProfileAnalyzerTest' at line 2020: [23.52499951717613, 23.52499951717613, 1, 100000, 112000, 144000, 180000, -1, 0, 0.04, 3, 'take_innsta_0.04', 27, 0, 11, 6.663139418647806, 23.52499951717613, 60]
2017-10-28 22:56:50.430 INFO in 'ProfileAnalyzerTest' at line 2020: [27.585527842540213, 27.585527842540213, 1, 100000, 112000, 143000, 180000, -1, 0, 0.04, 3, 'take_innsta_0.04', 27, 0, 15, 6.713255381639333, 27.585527842540213, 60]
2017-10-28 22:56:50.430 INFO in 'ProfileAnalyzerTest' at line 2020: [20.11321438312641, 20.11321438312641, 1, 100000, 104000, 144000, 174000, -1, 0, 0.03, 3, 'take_innsta_0.015', 20, 0, 31, 5.286689663049464, 20.11321438312641, 60]
2017-10-28 22:56:50.430 INFO in 'ProfileAnalyzerTest' at line 2020: [20.679706394529838, 20.679706394529838, 1, 100000, 105000, 144000, 175000, -1, 0, 0.03, 3, 'take_innsta_0.015', 20, 0, 35, 5.513509035152695, 20.679706394529838, 56]
2017-10-28 22:56:50.430 INFO in 'ProfileAnalyzerTest' at line 2020: [21.51347168948529, 21.51347168948529, 1, 100000, 104000, 143000, 175000, -1, 0, 0.03, 3, 'take_innsta_0.015', 20, 0, 31, 5.493982725601061, 21.51347168948529, 58]
2017-10-28 22:56:50.430 INFO in 'ProfileAnalyzerTest' at line 2020: [24.676526443820304, 24.676526443820304, 1, 100000, 104000, 143000, 174000, -1, 0, 0.03, 3, 'take_innsta_0.015', 20, 0, 33, 5.501929947460374, 24.676526443820304, 60]
2017-10-28 22:56:50.431 INFO in 'ProfileAnalyzerTest' at line 2020: [25.270386216112158, 25.270386216112158, 1, 100000, 105000, 143000, 173000, -1, 0, 0.03, 3, 'take_innsta_0.015', 20, 0, 27, 5.5293125310414535, 25.270386216112158, 60]
2017-10-28 22:56:50.431 INFO in 'ProfileAnalyzerTest' at line 2020: [27.872253206546972, 27.872253206546972, 1, 100000, 105000, 143000, 174000, -1, 0, 0.03, 3, 'take_innsta_0.015', 20, 0, 30, 5.720603548414306, 27.872253206546972, 59]
2017-10-28 22:56:50.431 INFO in 'ProfileAnalyzerTest' at line 2020: [32.09003524989541, 32.09003524989541, 1, 100000, 105000, 143000, 175000, -1, 0, 0.03, 3, 'take_innsta_0.015', 20, 0, 36, 5.961059986985424, 32.09003524989541, 57]
2017-10-28 22:56:50.431 INFO in 'ProfileAnalyzerTest' at line 2020: [23.012611173320966, 23.012611173320966, 1, 100000, 112000, 142000, 180000, -1, 0, 0.03, 3, 'take_innsta_0.04', 27, 0, 9, 6.941810296474658, 23.012611173320966, 58]
2017-10-28 22:56:50.433 INFO in 'ProfileAnalyzerTest' at line 2020: [23.272441390331917, 23.272441390331917, 1, 100000, 112000, 145000, 180000, -1, 0, 0.03, 3, 'take_innsta_0.04', 27, 0, 12, 6.81158705632024, 23.272441390331917, 61]
2017-10-28 22:56:50.433 INFO in 'ProfileAnalyzerTest' at line 2020: [28.07934793112392, 28.07934793112392, 1, 100000, 112000, 143000, 180000, -1, 0, 0.03, 3, 'take_innsta_0.04', 27, 0, 15, 6.742933351211417, 28.07934793112392, 60]
2017-10-28 22:56:50.433 INFO in 'ProfileAnalyzerTest' at line 2020: [25.93447325723884, 25.93447325723884, 1, 100000, 110000, 145000, 180000, -1, 0, 0.04, 3, 'take_innsta_0.04', 9, 0, 19, 6.657975147619305, 25.93447325723884, 62]
2017-10-28 22:56:50.433 INFO in 'ProfileAnalyzerTest' at line 2020: [27.32425580685231, 27.32425580685231, 1, 100000, 110000, 143000, 180000, -1, 0, 0.04, 3, 'take_innsta_0.04', 9, 0, 19, 6.600416121396022, 27.32425580685231, 62]
2017-10-28 22:56:50.433 INFO in 'ProfileAnalyzerTest' at line 2020: [28.350948610665117, 28.350948610665117, 1, 100000, 110000, 144000, 180000, -1, 0, 0.04, 3, 'take_innsta_0.04', 9, 0, 18, 6.54590695060965, 28.350948610665117, 61]
2017-10-28 22:56:50.434 INFO in 'ProfileAnalyzerTest' at line 2020: [25.93447325723884, 25.93447325723884, 1, 100000, 110000, 145000, 180000, -1, 0, 0.03, 3, 'take_innsta_0.04', 9, 0, 19, 6.657975147619305, 25.93447325723884, 62]
2017-10-28 22:56:50.434 INFO in 'ProfileAnalyzerTest' at line 2020: [27.373312590466092, 27.373312590466092, 1, 100000, 110000, 143000, 180000, -1, 0, 0.03, 3, 'take_innsta_0.04', 9, 0, 19, 6.603764495559614, 27.373312590466092, 62]
2017-10-28 22:56:50.434 INFO in 'ProfileAnalyzerTest' at line 2020: [28.512421140661324, 28.512421140661324, 1, 100000, 110000, 144000, 180000, -1, 0, 0.03, 3, 'take_innsta_0.04', 9, 0, 18, 6.556310855518284, 28.512421140661324, 61]
2017-10-28 22:56:50.434 INFO in 'ProfileAnalyzerTest' at line 2020: [23.272441390331917, 23.272441390331917, 1, 100000, 112000, 145000, 180000, -1, 0, 0.02, 3, 'take_innsta_0.04', 27, 0, 12, 6.81158705632024, 23.272441390331917, 61]
2017-10-28 22:56:50.434 INFO in 'ProfileAnalyzerTest' at line 2020: [28.52364215961433, 28.52364215961433, 1, 100000, 112000, 143000, 180000, -1, 0, 0.02, 3, 'take_innsta_0.04', 27, 0, 15, 6.769262946619908, 28.52364215961433, 60]
2017-10-28 22:56:50.434 INFO in 'ProfileAnalyzerTest' at line 2020: [20.70212946062652, 20.70212946062652, 1, 100000, 105000, 143000, 174000, -1, 0, 0.03, 3, 'take_innsta_0.015', 27, 0, 31, 5.388268721642593, 20.70212946062652, 60]
2017-10-28 22:56:50.434 INFO in 'ProfileAnalyzerTest' at line 2020: [20.76696168627417, 20.76696168627417, 1, 100000, 104000, 143000, 173000, -1, 0, 0.03, 3, 'take_innsta_0.015', 27, 0, 28, 5.229811709083437, 20.76696168627417, 63]
2017-10-28 22:56:50.434 INFO in 'ProfileAnalyzerTest' at line 2020: [22.070067176485953, 22.070067176485953, 1, 100000, 105000, 143000, 175000, -1, 0, 0.03, 3, 'take_innsta_0.015', 27, 0, 33, 5.5665218856645, 22.070067176485953, 58]
2017-10-28 22:56:50.434 INFO in 'ProfileAnalyzerTest' at line 2020: [27.110920706126567, 27.110920706126567, 1, 100000, 104000, 143000, 174000, -1, 0, 0.03, 3, 'take_innsta_0.015', 27, 0, 35, 5.582284181938593, 27.110920706126567, 64]
2017-10-28 22:56:50.434 INFO in 'ProfileAnalyzerTest' at line 2020: [29.63948058580226, 29.63948058580226, 1, 100000, 104000, 143000, 175000, -1, 0, 0.03, 3, 'take_innsta_0.015', 27, 0, 33, 5.752534486326237, 29.63948058580226, 62]
2017-10-28 22:56:50.436 INFO in 'ProfileAnalyzerTest' at line 2020: [20.11321438312641, 20.11321438312641, 1, 100000, 104000, 144000, 174000, -1, 0, 0.03, 3, 'take_innsta_0.015', 20, 0, 31, 5.286689663049464, 20.11321438312641, 60]
2017-10-28 22:56:50.436 INFO in 'ProfileAnalyzerTest' at line 2020: [20.679706394529838, 20.679706394529838, 1, 100000, 105000, 144000, 175000, -1, 0, 0.03, 3, 'take_innsta_0.015', 20, 0, 35, 5.513509035152695, 20.679706394529838, 56]
2017-10-28 22:56:50.436 INFO in 'ProfileAnalyzerTest' at line 2020: [21.51347168948529, 21.51347168948529, 1, 100000, 104000, 143000, 175000, -1, 0, 0.03, 3, 'take_innsta_0.015', 20, 0, 31, 5.493982725601061, 21.51347168948529, 58]
2017-10-28 22:56:50.436 INFO in 'ProfileAnalyzerTest' at line 2020: [24.676526443820304, 24.676526443820304, 1, 100000, 104000, 143000, 174000, -1, 0, 0.03, 3, 'take_innsta_0.015', 20, 0, 33, 5.501929947460374, 24.676526443820304, 60]
2017-10-28 22:56:50.436 INFO in 'ProfileAnalyzerTest' at line 2020: [25.270386216112158, 25.270386216112158, 1, 100000, 105000, 143000, 173000, -1, 0, 0.03, 3, 'take_innsta_0.015', 20, 0, 27, 5.5293125310414535, 25.270386216112158, 60]
2017-10-28 22:56:50.437 INFO in 'ProfileAnalyzerTest' at line 2020: [27.872253206546972, 27.872253206546972, 1, 100000, 105000, 143000, 174000, -1, 0, 0.03, 3, 'take_innsta_0.015', 20, 0, 30, 5.720603548414306, 27.872253206546972, 59]
2017-10-28 22:56:50.437 INFO in 'ProfileAnalyzerTest' at line 2020: [32.09003524989541, 32.09003524989541, 1, 100000, 105000, 143000, 175000, -1, 0, 0.03, 3, 'take_innsta_0.015', 20, 0, 36, 5.961059986985424, 32.09003524989541, 57]
2017-10-28 23:00:18.562 INFO in 'ProfileAnalyzerTest' at line 2020: [20.133965847104417, 20.133965847104417, 2, 100000, 103000, 104000, 174000, -1, 0, 0.04, 2, 'take_innsta_0.04', 14, 20, 30, 9.517499020445358, 20.133965847104417, 13]
2017-10-28 23:03:47.211 INFO in 'ProfileAnalyzerTest' at line 2020: [20.939038590132185, 20.939038590132185, 3, 100000, 115000, 131000, 175000, -1, 0, 0.04, 3, 'take_innsta_0.01', 14, 20, 29, 5.895536504125712, 20.939038590132185, 44]
2017-10-28 23:03:47.211 INFO in 'ProfileAnalyzerTest' at line 2020: [21.643964856103025, 21.643964856103025, 3, 100000, 102000, 131000, 173000, -1, 0, 0.04, 3, 'take_innsta_0.01', 9, 0, 29, 6.021406763678891, 21.643964856103025, 50]
2017-10-28 23:03:47.213 INFO in 'ProfileAnalyzerTest' at line 2020: [22.749763791616957, 22.749763791616957, 3, 100000, 102000, 131000, 175000, -1, 0, 0.04, 3, 'take_innsta_0.01', 9, 0, 31, 6.031773475163323, 22.749763791616957, 44]
2017-10-28 23:03:47.213 INFO in 'ProfileAnalyzerTest' at line 2020: [33.03197985684131, 33.03197985684131, 3, 100000, 102000, 131000, 174000, -1, 0, 0.04, 3, 'take_innsta_0.01', 9, 0, 37, 6.3564008394627205, 33.03197985684131, 46]
2017-10-28 23:03:47.213 INFO in 'ProfileAnalyzerTest' at line 2020: [21.916144467042706, 21.916144467042706, 3, 100000, 103000, 150000, 180000, -1, 0, 0.04, 3, 'take_innsta_0.02', 14, 0, 39, 6.09613272576437, 21.916144467042706, 46]
2017-10-28 23:03:47.213 INFO in 'ProfileAnalyzerTest' at line 2020: [22.285872184147546, 22.285872184147546, 3, 100000, 112000, 123000, 175000, 1, 0, 0.04, 2, 'take_innsta_0.015', 9, 0, 31, 7.864334980069361, 22.285872184147546, 6]
2017-10-28 23:03:47.213 INFO in 'ProfileAnalyzerTest' at line 2020: [21.643964856103025, 21.643964856103025, 3, 100000, 102000, 131000, 173000, -1, 0, 0.04, 3, 'take_innsta_0.01', 9, 0, 29, 6.021406763678891, 21.643964856103025, 50]
2017-10-28 23:03:47.213 INFO in 'ProfileAnalyzerTest' at line 2020: [22.749763791616957, 22.749763791616957, 3, 100000, 102000, 131000, 175000, -1, 0, 0.04, 3, 'take_innsta_0.01', 9, 0, 31, 6.031773475163323, 22.749763791616957, 44]
2017-10-28 23:03:47.213 INFO in 'ProfileAnalyzerTest' at line 2020: [33.03197985684131, 33.03197985684131, 3, 100000, 102000, 131000, 174000, -1, 0, 0.04, 3, 'take_innsta_0.01', 9, 0, 37, 6.3564008394627205, 33.03197985684131, 46]
2017-10-28 23:03:47.213 INFO in 'ProfileAnalyzerTest' at line 2020: [21.643964856103025, 21.643964856103025, 3, 100000, 102000, 131000, 173000, -1, 0, 0.04, 3, 'take_innsta_0.01', 9, 0, 29, 6.021406763678891, 21.643964856103025, 50]
2017-10-28 23:03:47.213 INFO in 'ProfileAnalyzerTest' at line 2020: [22.749763791616957, 22.749763791616957, 3, 100000, 102000, 131000, 175000, -1, 0, 0.04, 3, 'take_innsta_0.01', 9, 0, 31, 6.031773475163323, 22.749763791616957, 44]
2017-10-28 23:03:47.213 INFO in 'ProfileAnalyzerTest' at line 2020: [33.03197985684131, 33.03197985684131, 3, 100000, 102000, 131000, 174000, -1, 0, 0.04, 3, 'take_innsta_0.01', 9, 0, 37, 6.3564008394627205, 33.03197985684131, 46]
2017-10-28 23:07:23.621 INFO in 'ProfileAnalyzerTest' at line 2020: [23.952574671284104, 23.952574671284104, 4, 100000, 103000, 110000, 165000, -1, 0, 0.04, 4, 'take_innsta_0.04', 27, 0, 16, 6.675132689084413, 23.952574671284104, 69]
2017-10-28 23:07:23.622 INFO in 'ProfileAnalyzerTest' at line 2020: [24.674230193032006, 24.674230193032006, 4, 100000, 103000, 110000, 155000, -1, 0, 0.04, 4, 'take_innsta_0.04', 27, 0, 18, 5.9728109720630425, 24.674230193032006, 75]
2017-10-28 23:07:23.622 INFO in 'ProfileAnalyzerTest' at line 2020: [25.923663866490973, 25.923663866490973, 4, 100000, 103000, 110000, 143000, -1, 0, 0.04, 4, 'take_innsta_0.04', 27, 0, 18, 6.094887017627007, 25.923663866490973, 81]
2017-10-28 23:07:23.622 INFO in 'ProfileAnalyzerTest' at line 2020: [29.653419297770192, 29.653419297770192, 4, 100000, 104000, 105000, 173000, -1, 0, 0.04, 4, 'take_innsta_0.04', 27, 0, 29, 6.872505152894664, 29.653419297770192, 62]
2017-10-28 23:07:23.622 INFO in 'ProfileAnalyzerTest' at line 2020: [30.52806346273895, 30.52806346273895, 4, 100000, 104000, 105000, 175000, -1, 0, 0.04, 4, 'take_innsta_0.04', 27, 0, 29, 7.248380643174942, 30.52806346273895, 60]
2017-10-28 23:07:23.624 INFO in 'ProfileAnalyzerTest' at line 2020: [30.901690094908844, 30.901690094908844, 4, 100000, 103000, 110000, 153000, -1, 0, 0.04, 4, 'take_innsta_0.04', 27, 0, 18, 6.1207606605910465, 30.901690094908844, 77]
2017-10-28 23:07:23.624 INFO in 'ProfileAnalyzerTest' at line 2020: [31.29324779584848, 31.29324779584848, 4, 100000, 103000, 110000, 173000, -1, 0, 0.04, 4, 'take_innsta_0.04', 27, 0, 28, 7.281827295481852, 31.29324779584848, 63]
2017-10-28 23:07:23.624 INFO in 'ProfileAnalyzerTest' at line 2020: [38.29244991770803, 38.29244991770803, 4, 100000, 103000, 110000, 154000, -1, 0, 0.04, 4, 'take_innsta_0.04', 27, 0, 18, 6.398841347772374, 38.29244991770803, 77]
2017-10-28 23:07:23.624 INFO in 'ProfileAnalyzerTest' at line 2020: [48.07961132345741, 48.07961132345741, 4, 100000, 104000, 110000, 174000, -1, 0, 0.04, 4, 'take_innsta_0.04', 27, 0, 28, 7.548894616666722, 48.07961132345741, 61]
2017-10-28 23:07:23.625 INFO in 'ProfileAnalyzerTest' at line 2020: [49.33918325845416, 49.33918325845416, 4, 100000, 104000, 111000, 174000, -1, 0, 0.04, 4, 'take_innsta_0.04', 27, 0, 27, 7.547832794290116, 49.33918325845416, 62]
2017-10-28 23:07:23.625 INFO in 'ProfileAnalyzerTest' at line 2020: [65.96779391007566, 65.96779391007566, 4, 100000, 104000, 105000, 174000, -1, 0, 0.04, 4, 'take_innsta_0.04', 27, 0, 28, 7.883091837098895, 65.96779391007566, 61]
2017-10-28 23:07:23.625 INFO in 'ProfileAnalyzerTest' at line 2020: [23.613819994141704, 23.613819994141704, 4, 100000, 104000, 110000, 173000, -1, 0, 0.03, 4, 'take_innsta_0.04', 27, 0, 27, 6.711811356397472, 23.613819994141704, 62]
2017-10-28 23:07:23.625 INFO in 'ProfileAnalyzerTest' at line 2020: [23.729058229959843, 23.729058229959843, 4, 100000, 104000, 105000, 173000, -1, 0, 0.03, 4, 'take_innsta_0.04', 27, 0, 27, 6.6658826062778, 23.729058229959843, 62]
2017-10-28 23:07:23.625 INFO in 'ProfileAnalyzerTest' at line 2020: [23.753281334201645, 23.753281334201645, 4, 100000, 104000, 110000, 175000, -1, 0, 0.03, 4, 'take_innsta_0.04', 27, 0, 29, 7.088830437723503, 23.753281334201645, 60]
2017-10-28 23:07:23.625 INFO in 'ProfileAnalyzerTest' at line 2020: [24.800929421797942, 24.800929421797942, 4, 100000, 103000, 110000, 172000, -1, 0, 0.03, 4, 'take_innsta_0.04', 27, 0, 20, 7.165303938078009, 24.800929421797942, 63]
2017-10-28 23:07:23.625 INFO in 'ProfileAnalyzerTest' at line 2020: [25.190839763121815, 25.190839763121815, 4, 100000, 103000, 110000, 164000, -1, 0, 0.03, 4, 'take_innsta_0.04', 27, 0, 17, 6.497334413019499, 25.190839763121815, 72]
2017-10-28 23:07:23.625 INFO in 'ProfileAnalyzerTest' at line 2020: [25.34971038564335, 25.34971038564335, 4, 100000, 104000, 105000, 175000, -1, 0, 0.03, 4, 'take_innsta_0.04', 27, 0, 27, 7.089496790025411, 25.34971038564335, 60]
2017-10-28 23:07:23.625 INFO in 'ProfileAnalyzerTest' at line 2020: [28.437674802026105, 28.437674802026105, 4, 100000, 103000, 110000, 165000, -1, 0, 0.03, 4, 'take_innsta_0.04', 27, 0, 16, 6.906166517343979, 28.437674802026105, 69]
2017-10-28 23:07:23.625 INFO in 'ProfileAnalyzerTest' at line 2020: [28.543753165993806, 28.543753165993806, 4, 100000, 103000, 110000, 143000, -1, 0, 0.03, 4, 'take_innsta_0.04', 27, 0, 18, 6.213165125069822, 28.543753165993806, 81]
2017-10-28 23:07:23.625 INFO in 'ProfileAnalyzerTest' at line 2020: [28.90750842600019, 28.90750842600019, 4, 100000, 103000, 110000, 174000, -1, 0, 0.03, 4, 'take_innsta_0.04', 27, 0, 22, 7.61820545610386, 28.90750842600019, 61]
2017-10-28 23:07:23.627 INFO in 'ProfileAnalyzerTest' at line 2020: [29.259541435688817, 29.259541435688817, 4, 100000, 103000, 110000, 155000, -1, 0, 0.03, 4, 'take_innsta_0.04', 27, 0, 18, 6.202310051722703, 29.259541435688817, 75]
2017-10-28 23:07:23.627 INFO in 'ProfileAnalyzerTest' at line 2020: [35.5682589642027, 35.5682589642027, 4, 100000, 103000, 110000, 153000, -1, 0, 0.03, 4, 'take_innsta_0.04', 27, 0, 18, 6.308178677524302, 35.5682589642027, 77]
2017-10-28 23:07:23.627 INFO in 'ProfileAnalyzerTest' at line 2020: [38.95020225678143, 38.95020225678143, 4, 100000, 103000, 110000, 173000, -1, 0, 0.03, 4, 'take_innsta_0.04', 27, 0, 28, 7.572203810846336, 38.95020225678143, 63]
2017-10-28 23:07:23.627 INFO in 'ProfileAnalyzerTest' at line 2020: [39.04555253143137, 39.04555253143137, 4, 100000, 104000, 111000, 174000, -1, 0, 0.03, 4, 'take_innsta_0.04', 27, 0, 27, 7.212687327676848, 39.04555253143137, 62]
2017-10-28 23:07:23.627 INFO in 'ProfileAnalyzerTest' at line 2020: [45.40848959728124, 45.40848959728124, 4, 100000, 103000, 110000, 154000, -1, 0, 0.03, 4, 'take_innsta_0.04', 27, 0, 18, 6.628340427432036, 45.40848959728124, 77]
2017-10-28 23:07:23.628 INFO in 'ProfileAnalyzerTest' at line 2020: [50.750891826766896, 50.750891826766896, 4, 100000, 104000, 105000, 174000, -1, 0, 0.03, 4, 'take_innsta_0.04', 27, 0, 26, 7.623705471386554, 50.750891826766896, 61]
2017-10-28 23:07:23.628 INFO in 'ProfileAnalyzerTest' at line 2020: [54.350723637167604, 54.350723637167604, 4, 100000, 104000, 110000, 174000, -1, 0, 0.03, 4, 'take_innsta_0.04', 27, 0, 28, 7.72099302458839, 54.350723637167604, 61]
2017-10-28 23:07:23.628 INFO in 'ProfileAnalyzerTest' at line 2020: [23.613819994141704, 23.613819994141704, 4, 100000, 104000, 110000, 173000, -1, 0, 0.03, 4, 'take_innsta_0.04', 27, 0, 27, 6.711811356397472, 23.613819994141704, 62]
2017-10-28 23:07:23.628 INFO in 'ProfileAnalyzerTest' at line 2020: [23.729058229959843, 23.729058229959843, 4, 100000, 104000, 105000, 173000, -1, 0, 0.03, 4, 'take_innsta_0.04', 27, 0, 27, 6.6658826062778, 23.729058229959843, 62]
2017-10-28 23:07:23.628 INFO in 'ProfileAnalyzerTest' at line 2020: [23.753281334201645, 23.753281334201645, 4, 100000, 104000, 110000, 175000, -1, 0, 0.03, 4, 'take_innsta_0.04', 27, 0, 29, 7.088830437723503, 23.753281334201645, 60]
2017-10-28 23:07:23.628 INFO in 'ProfileAnalyzerTest' at line 2020: [24.800929421797942, 24.800929421797942, 4, 100000, 103000, 110000, 172000, -1, 0, 0.03, 4, 'take_innsta_0.04', 27, 0, 20, 7.165303938078009, 24.800929421797942, 63]
2017-10-28 23:07:23.628 INFO in 'ProfileAnalyzerTest' at line 2020: [25.190839763121815, 25.190839763121815, 4, 100000, 103000, 110000, 164000, -1, 0, 0.03, 4, 'take_innsta_0.04', 27, 0, 17, 6.497334413019499, 25.190839763121815, 72]
2017-10-28 23:07:23.628 INFO in 'ProfileAnalyzerTest' at line 2020: [25.34971038564335, 25.34971038564335, 4, 100000, 104000, 105000, 175000, -1, 0, 0.03, 4, 'take_innsta_0.04', 27, 0, 27, 7.089496790025411, 25.34971038564335, 60]
2017-10-28 23:07:23.628 INFO in 'ProfileAnalyzerTest' at line 2020: [28.437674802026105, 28.437674802026105, 4, 100000, 103000, 110000, 165000, -1, 0, 0.03, 4, 'take_innsta_0.04', 27, 0, 16, 6.906166517343979, 28.437674802026105, 69]
2017-10-28 23:07:23.628 INFO in 'ProfileAnalyzerTest' at line 2020: [28.543753165993806, 28.543753165993806, 4, 100000, 103000, 110000, 143000, -1, 0, 0.03, 4, 'take_innsta_0.04', 27, 0, 18, 6.213165125069822, 28.543753165993806, 81]
2017-10-28 23:07:23.630 INFO in 'ProfileAnalyzerTest' at line 2020: [28.90750842600019, 28.90750842600019, 4, 100000, 103000, 110000, 174000, -1, 0, 0.03, 4, 'take_innsta_0.04', 27, 0, 22, 7.61820545610386, 28.90750842600019, 61]
2017-10-28 23:07:23.630 INFO in 'ProfileAnalyzerTest' at line 2020: [29.259541435688817, 29.259541435688817, 4, 100000, 103000, 110000, 155000, -1, 0, 0.03, 4, 'take_innsta_0.04', 27, 0, 18, 6.202310051722703, 29.259541435688817, 75]
2017-10-28 23:07:23.630 INFO in 'ProfileAnalyzerTest' at line 2020: [35.5682589642027, 35.5682589642027, 4, 100000, 103000, 110000, 153000, -1, 0, 0.03, 4, 'take_innsta_0.04', 27, 0, 18, 6.308178677524302, 35.5682589642027, 77]
2017-10-28 23:07:23.630 INFO in 'ProfileAnalyzerTest' at line 2020: [38.95020225678143, 38.95020225678143, 4, 100000, 103000, 110000, 173000, -1, 0, 0.03, 4, 'take_innsta_0.04', 27, 0, 28, 7.572203810846336, 38.95020225678143, 63]
2017-10-28 23:07:23.630 INFO in 'ProfileAnalyzerTest' at line 2020: [39.04555253143137, 39.04555253143137, 4, 100000, 104000, 111000, 174000, -1, 0, 0.03, 4, 'take_innsta_0.04', 27, 0, 27, 7.212687327676848, 39.04555253143137, 62]
2017-10-28 23:07:23.631 INFO in 'ProfileAnalyzerTest' at line 2020: [45.40848959728124, 45.40848959728124, 4, 100000, 103000, 110000, 154000, -1, 0, 0.03, 4, 'take_innsta_0.04', 27, 0, 18, 6.628340427432036, 45.40848959728124, 77]
2017-10-28 23:07:23.631 INFO in 'ProfileAnalyzerTest' at line 2020: [50.750891826766896, 50.750891826766896, 4, 100000, 104000, 105000, 174000, -1, 0, 0.03, 4, 'take_innsta_0.04', 27, 0, 26, 7.623705471386554, 50.750891826766896, 61]
2017-10-28 23:07:23.631 INFO in 'ProfileAnalyzerTest' at line 2020: [54.350723637167604, 54.350723637167604, 4, 100000, 104000, 110000, 174000, -1, 0, 0.03, 4, 'take_innsta_0.04', 27, 0, 28, 7.72099302458839, 54.350723637167604, 61]
2017-10-28 23:07:23.631 INFO in 'ProfileAnalyzerTest' at line 2020: [24.767608069263456, 24.767608069263456, 4, 100000, 101000, 103000, 171000, -1, 0, 0.04, 4, 'take_innsta_0.02', 14, 0, 27, 7.378788928936372, 24.767608069263456, 56]
2017-10-28 23:07:23.631 INFO in 'ProfileAnalyzerTest' at line 2020: [35.25644923324744, 35.25644923324744, 4, 100000, 101000, 103000, 172000, -1, 0, 0.04, 4, 'take_innsta_0.02', 14, 0, 24, 7.685808064899719, 35.25644923324744, 55]
2017-10-28 23:07:23.631 INFO in 'ProfileAnalyzerTest' at line 2020: [44.2351523209705, 44.2351523209705, 4, 100000, 101000, 103000, 180000, -1, 0, 0.04, 4, 'take_innsta_0.02', 14, 0, 29, 8.036594615378961, 44.2351523209705, 52]
2017-10-28 23:07:23.631 INFO in 'ProfileAnalyzerTest' at line 2020: [55.92225863037398, 55.92225863037398, 4, 100000, 101000, 103000, 173000, -1, 0, 0.04, 4, 'take_innsta_0.02', 14, 0, 31, 7.906369434640104, 55.92225863037398, 56]
2017-10-28 23:07:23.631 INFO in 'ProfileAnalyzerTest' at line 2020: [59.383027053114425, 59.383027053114425, 4, 100000, 101000, 103000, 175000, -1, 0, 0.04, 4, 'take_innsta_0.02', 14, 0, 34, 8.140675678930453, 59.383027053114425, 55]
2017-10-28 23:07:23.631 INFO in 'ProfileAnalyzerTest' at line 2020: [79.528888776272, 79.528888776272, 4, 100000, 101000, 103000, 174000, -1, 0, 0.04, 4, 'take_innsta_0.02', 14, 0, 33, 8.34155446467353, 79.528888776272, 54]
2017-10-28 23:07:23.631 INFO in 'ProfileAnalyzerTest' at line 2020: [24.767608069263456, 24.767608069263456, 4, 100000, 101000, 103000, 171000, -1, 0, 0.04, 4, 'take_innsta_0.02', 14, 0, 27, 7.378788928936372, 24.767608069263456, 56]
2017-10-28 23:07:23.632 INFO in 'ProfileAnalyzerTest' at line 2020: [35.25644923324744, 35.25644923324744, 4, 100000, 101000, 103000, 172000, -1, 0, 0.04, 4, 'take_innsta_0.02', 14, 0, 24, 7.685808064899719, 35.25644923324744, 55]
2017-10-28 23:07:23.632 INFO in 'ProfileAnalyzerTest' at line 2020: [44.2351523209705, 44.2351523209705, 4, 100000, 101000, 103000, 180000, -1, 0, 0.04, 4, 'take_innsta_0.02', 14, 0, 29, 8.036594615378961, 44.2351523209705, 52]
2017-10-28 23:07:23.632 INFO in 'ProfileAnalyzerTest' at line 2020: [55.92225863037398, 55.92225863037398, 4, 100000, 101000, 103000, 173000, -1, 0, 0.04, 4, 'take_innsta_0.02', 14, 0, 31, 7.906369434640104, 55.92225863037398, 56]
2017-10-28 23:07:23.632 INFO in 'ProfileAnalyzerTest' at line 2020: [59.383027053114425, 59.383027053114425, 4, 100000, 101000, 103000, 175000, -1, 0, 0.04, 4, 'take_innsta_0.02', 14, 0, 34, 8.140675678930453, 59.383027053114425, 55]
2017-10-28 23:07:23.632 INFO in 'ProfileAnalyzerTest' at line 2020: [79.528888776272, 79.528888776272, 4, 100000, 101000, 103000, 174000, -1, 0, 0.04, 4, 'take_innsta_0.02', 14, 0, 33, 8.34155446467353, 79.528888776272, 54]
2017-10-28 23:07:23.634 INFO in 'ProfileAnalyzerTest' at line 2020: [23.618386427389186, 23.618386427389186, 4, 100000, 103000, 110000, 160000, -1, 0, 0.04, 4, 'take_innsta_0.03', 27, 0, 19, 6.135148275199566, 23.618386427389186, 76]
2017-10-28 23:07:23.634 INFO in 'ProfileAnalyzerTest' at line 2020: [24.37420694495891, 24.37420694495891, 4, 100000, 103000, 110000, 164000, -1, 0, 0.04, 4, 'take_innsta_0.03', 27, 0, 17, 6.49214096568394, 24.37420694495891, 72]
2017-10-28 23:07:23.634 INFO in 'ProfileAnalyzerTest' at line 2020: [25.621729061360355, 25.621729061360355, 4, 100000, 103000, 110000, 143000, -1, 0, 0.04, 4, 'take_innsta_0.03', 27, 0, 18, 6.055725937691644, 25.621729061360355, 81]
2017-10-28 23:07:23.634 INFO in 'ProfileAnalyzerTest' at line 2020: [26.59124602314027, 26.59124602314027, 4, 100000, 103000, 110000, 165000, -1, 0, 0.04, 4, 'take_innsta_0.03', 27, 0, 16, 6.784947018341783, 26.59124602314027, 69]
2017-10-28 23:07:23.634 INFO in 'ProfileAnalyzerTest' at line 2020: [28.259540859502774, 28.259540859502774, 4, 100000, 103000, 110000, 155000, -1, 0, 0.04, 4, 'take_innsta_0.03', 27, 0, 18, 6.198190732973096, 28.259540859502774, 75]
2017-10-28 23:07:23.634 INFO in 'ProfileAnalyzerTest' at line 2020: [28.568254528692975, 28.568254528692975, 4, 100000, 104000, 105000, 175000, -1, 0, 0.04, 4, 'take_innsta_0.03', 27, 0, 29, 7.05416248200139, 28.568254528692975, 60]
2017-10-28 23:07:23.634 INFO in 'ProfileAnalyzerTest' at line 2020: [31.78179168942694, 31.78179168942694, 4, 100000, 104000, 105000, 173000, -1, 0, 0.04, 4, 'take_innsta_0.03', 27, 0, 29, 6.9233139834249044, 31.78179168942694, 62]
2017-10-28 23:07:23.634 INFO in 'ProfileAnalyzerTest' at line 2020: [32.935055255394104, 32.935055255394104, 4, 100000, 103000, 110000, 173000, -1, 0, 0.04, 4, 'take_innsta_0.03', 27, 0, 28, 7.298827423276633, 32.935055255394104, 63]
2017-10-28 23:07:23.634 INFO in 'ProfileAnalyzerTest' at line 2020: [34.257065592713204, 34.257065592713204, 4, 100000, 104000, 110000, 174000, -1, 0, 0.04, 4, 'take_innsta_0.03', 27, 0, 28, 6.985985225889042, 34.257065592713204, 61]
2017-10-28 23:07:23.635 INFO in 'ProfileAnalyzerTest' at line 2020: [35.37616200484541, 35.37616200484541, 4, 100000, 103000, 110000, 153000, -1, 0, 0.04, 4, 'take_innsta_0.03', 27, 0, 18, 6.3256608900245155, 35.37616200484541, 77]
2017-10-28 23:07:23.635 INFO in 'ProfileAnalyzerTest' at line 2020: [41.36864053592197, 41.36864053592197, 4, 100000, 104000, 111000, 174000, -1, 0, 0.04, 4, 'take_innsta_0.03', 27, 0, 27, 7.076578743834959, 41.36864053592197, 62]
2017-10-28 23:07:23.635 INFO in 'ProfileAnalyzerTest' at line 2020: [42.233541238120985, 42.233541238120985, 4, 100000, 103000, 110000, 154000, -1, 0, 0.04, 4, 'take_innsta_0.03', 27, 0, 18, 6.5657961023553835, 42.233541238120985, 77]
2017-10-28 23:07:23.635 INFO in 'ProfileAnalyzerTest' at line 2020: [60.97748628341007, 60.97748628341007, 4, 100000, 104000, 105000, 174000, -1, 0, 0.04, 4, 'take_innsta_0.03', 27, 0, 28, 7.680132611663236, 60.97748628341007, 61]
2017-10-28 23:07:23.635 INFO in 'ProfileAnalyzerTest' at line 2020: [28.689749823017106, 28.689749823017106, 4, 100000, 101000, 103000, 172000, -1, 0, 0.04, 4, 'take_innsta_0.02', 9, 0, 23, 7.460992579777343, 28.689749823017106, 56]
2017-10-28 23:07:23.637 INFO in 'ProfileAnalyzerTest' at line 2020: [35.99612215840836, 35.99612215840836, 4, 100000, 101000, 103000, 180000, -1, 0, 0.04, 4, 'take_innsta_0.02', 9, 0, 28, 7.811779130256584, 35.99612215840836, 53]
2017-10-28 23:07:23.637 INFO in 'ProfileAnalyzerTest' at line 2020: [45.506443346839276, 45.506443346839276, 4, 100000, 101000, 103000, 173000, -1, 0, 0.04, 4, 'take_innsta_0.02', 9, 0, 30, 7.681553949517732, 45.506443346839276, 57]
2017-10-28 23:07:23.637 INFO in 'ProfileAnalyzerTest' at line 2020: [48.32262541857751, 48.32262541857751, 4, 100000, 101000, 103000, 175000, -1, 0, 0.04, 4, 'take_innsta_0.02', 9, 0, 33, 7.915860193808079, 48.32262541857751, 56]
2017-10-28 23:07:23.637 INFO in 'ProfileAnalyzerTest' at line 2020: [64.71621426193276, 64.71621426193276, 4, 100000, 101000, 103000, 174000, -1, 0, 0.04, 4, 'take_innsta_0.02', 9, 0, 32, 8.116738979551153, 64.71621426193276, 55]
2017-10-28 23:07:23.637 INFO in 'ProfileAnalyzerTest' at line 2020: [23.952574671284104, 23.952574671284104, 4, 100000, 103000, 110000, 165000, -1, 0, 0.04, 4, 'take_innsta_0.04', 27, 0, 16, 6.675132689084413, 23.952574671284104, 69]
2017-10-28 23:07:23.638 INFO in 'ProfileAnalyzerTest' at line 2020: [24.674230193032006, 24.674230193032006, 4, 100000, 103000, 110000, 155000, -1, 0, 0.04, 4, 'take_innsta_0.04', 27, 0, 18, 5.9728109720630425, 24.674230193032006, 75]
2017-10-28 23:07:23.638 INFO in 'ProfileAnalyzerTest' at line 2020: [25.923663866490973, 25.923663866490973, 4, 100000, 103000, 110000, 143000, -1, 0, 0.04, 4, 'take_innsta_0.04', 27, 0, 18, 6.094887017627007, 25.923663866490973, 81]
2017-10-28 23:07:23.638 INFO in 'ProfileAnalyzerTest' at line 2020: [29.653419297770192, 29.653419297770192, 4, 100000, 104000, 105000, 173000, -1, 0, 0.04, 4, 'take_innsta_0.04', 27, 0, 29, 6.872505152894664, 29.653419297770192, 62]
2017-10-28 23:07:23.638 INFO in 'ProfileAnalyzerTest' at line 2020: [30.52806346273895, 30.52806346273895, 4, 100000, 104000, 105000, 175000, -1, 0, 0.04, 4, 'take_innsta_0.04', 27, 0, 29, 7.248380643174942, 30.52806346273895, 60]
2017-10-28 23:07:23.638 INFO in 'ProfileAnalyzerTest' at line 2020: [30.901690094908844, 30.901690094908844, 4, 100000, 103000, 110000, 153000, -1, 0, 0.04, 4, 'take_innsta_0.04', 27, 0, 18, 6.1207606605910465, 30.901690094908844, 77]
2017-10-28 23:07:23.638 INFO in 'ProfileAnalyzerTest' at line 2020: [31.29324779584848, 31.29324779584848, 4, 100000, 103000, 110000, 173000, -1, 0, 0.04, 4, 'take_innsta_0.04', 27, 0, 28, 7.281827295481852, 31.29324779584848, 63]
2017-10-28 23:07:23.638 INFO in 'ProfileAnalyzerTest' at line 2020: [38.29244991770803, 38.29244991770803, 4, 100000, 103000, 110000, 154000, -1, 0, 0.04, 4, 'take_innsta_0.04', 27, 0, 18, 6.398841347772374, 38.29244991770803, 77]
2017-10-28 23:07:23.638 INFO in 'ProfileAnalyzerTest' at line 2020: [48.07961132345741, 48.07961132345741, 4, 100000, 104000, 110000, 174000, -1, 0, 0.04, 4, 'take_innsta_0.04', 27, 0, 28, 7.548894616666722, 48.07961132345741, 61]
2017-10-28 23:07:23.638 INFO in 'ProfileAnalyzerTest' at line 2020: [49.33918325845416, 49.33918325845416, 4, 100000, 104000, 111000, 174000, -1, 0, 0.04, 4, 'take_innsta_0.04', 27, 0, 27, 7.547832794290116, 49.33918325845416, 62]
2017-10-28 23:07:23.638 INFO in 'ProfileAnalyzerTest' at line 2020: [65.96779391007566, 65.96779391007566, 4, 100000, 104000, 105000, 174000, -1, 0, 0.04, 4, 'take_innsta_0.04', 27, 0, 28, 7.883091837098895, 65.96779391007566, 61]
2017-10-28 23:07:23.640 INFO in 'ProfileAnalyzerTest' at line 2020: [27.187767627101024, 27.187767627101024, 4, 100000, 103000, 110000, 153000, -1, 0, 0.03, 4, 'take_innsta_0.03', 27, 0, 18, 5.935362327465299, 27.187767627101024, 77]
2017-10-28 23:07:23.640 INFO in 'ProfileAnalyzerTest' at line 2020: [30.78101413934991, 30.78101413934991, 4, 100000, 104000, 111000, 174000, -1, 0, 0.03, 4, 'take_innsta_0.03', 27, 0, 27, 6.723942052978787, 30.78101413934991, 62]
2017-10-28 23:07:23.640 INFO in 'ProfileAnalyzerTest' at line 2020: [30.85715530552617, 30.85715530552617, 4, 100000, 103000, 110000, 154000, -1, 0, 0.03, 4, 'take_innsta_0.03', 27, 0, 18, 6.105770989138318, 30.85715530552617, 77]
2017-10-28 23:07:23.640 INFO in 'ProfileAnalyzerTest' at line 2020: [32.214686593865935, 32.214686593865935, 4, 100000, 104000, 110000, 174000, -1, 0, 0.03, 4, 'take_innsta_0.03', 27, 0, 28, 6.840112445720525, 32.214686593865935, 61]
2017-10-28 23:07:23.640 INFO in 'ProfileAnalyzerTest' at line 2020: [34.05385574081184, 34.05385574081184, 4, 100000, 104000, 105000, 175000, -1, 0, 0.03, 4, 'take_innsta_0.03', 27, 0, 29, 7.263004605627886, 34.05385574081184, 60]
2017-10-28 23:07:23.641 INFO in 'ProfileAnalyzerTest' at line 2020: [35.03863938276666, 35.03863938276666, 4, 100000, 104000, 105000, 173000, -1, 0, 0.03, 4, 'take_innsta_0.03', 27, 0, 29, 7.051094558306048, 35.03863938276666, 62]
2017-10-28 23:07:23.641 INFO in 'ProfileAnalyzerTest' at line 2020: [70.45958084673944, 70.45958084673944, 4, 100000, 104000, 105000, 174000, -1, 0, 0.03, 4, 'take_innsta_0.03', 27, 0, 28, 7.858528357615112, 70.45958084673944, 61]
2017-10-28 23:07:23.641 INFO in 'ProfileAnalyzerTest' at line 2020: [24.767608069263456, 24.767608069263456, 4, 100000, 101000, 103000, 171000, -1, 0, 0.04, 4, 'take_innsta_0.02', 14, 0, 27, 7.378788928936372, 24.767608069263456, 56]
2017-10-28 23:07:23.641 INFO in 'ProfileAnalyzerTest' at line 2020: [35.25644923324744, 35.25644923324744, 4, 100000, 101000, 103000, 172000, -1, 0, 0.04, 4, 'take_innsta_0.02', 14, 0, 24, 7.685808064899719, 35.25644923324744, 55]
2017-10-28 23:07:23.641 INFO in 'ProfileAnalyzerTest' at line 2020: [44.2351523209705, 44.2351523209705, 4, 100000, 101000, 103000, 180000, -1, 0, 0.04, 4, 'take_innsta_0.02', 14, 0, 29, 8.036594615378961, 44.2351523209705, 52]
2017-10-28 23:07:23.641 INFO in 'ProfileAnalyzerTest' at line 2020: [55.92225863037398, 55.92225863037398, 4, 100000, 101000, 103000, 173000, -1, 0, 0.04, 4, 'take_innsta_0.02', 14, 0, 31, 7.906369434640104, 55.92225863037398, 56]
2017-10-28 23:07:23.641 INFO in 'ProfileAnalyzerTest' at line 2020: [59.383027053114425, 59.383027053114425, 4, 100000, 101000, 103000, 175000, -1, 0, 0.04, 4, 'take_innsta_0.02', 14, 0, 34, 8.140675678930453, 59.383027053114425, 55]
2017-10-28 23:07:23.641 INFO in 'ProfileAnalyzerTest' at line 2020: [79.528888776272, 79.528888776272, 4, 100000, 101000, 103000, 174000, -1, 0, 0.04, 4, 'take_innsta_0.02', 14, 0, 33, 8.34155446467353, 79.528888776272, 54]
2017-10-28 23:07:23.641 INFO in 'ProfileAnalyzerTest' at line 1964: TATN_150105_170801.txt
2017-10-28 23:10:51.516 INFO in 'ProfileAnalyzerTest' at line 2020: [21.033005971188498, 21.033005971188498, 0, 100000, 102000, 103000, 172000, -1, 0, 0.02, 4, 'take_innsta_0.04', 9, 20, 26, 6.868128467176742, 21.033005971188498, 62]
2017-10-28 23:10:51.516 INFO in 'ProfileAnalyzerTest' at line 2020: [21.96129414357196, 21.96129414357196, 0, 100000, 102000, 104000, 172000, -1, 0, 0.02, 4, 'take_innsta_0.04', 9, 20, 22, 6.84744717423618, 21.96129414357196, 62]
2017-10-28 23:10:51.516 INFO in 'ProfileAnalyzerTest' at line 2020: [21.274810736712745, 21.274810736712745, 0, 100000, 101000, 105000, 175000, -1, 0, 0.04, 4, 'take_innsta_0.04', 9, 14, 27, 7.889147825704287, 21.274810736712745, 53]
2017-10-28 23:10:51.516 INFO in 'ProfileAnalyzerTest' at line 2020: [22.290575813103477, 22.290575813103477, 0, 100000, 101000, 105000, 174000, -1, 0, 0.04, 4, 'take_innsta_0.04', 9, 14, 24, 7.895715553095002, 22.290575813103477, 52]
2017-10-28 23:10:51.516 INFO in 'ProfileAnalyzerTest' at line 2020: [23.71945770951596, 23.71945770951596, 0, 100000, 101000, 111000, 174000, -1, 0, 0.04, 4, 'take_innsta_0.04', 9, 14, 24, 7.5054745988634135, 23.71945770951596, 54]
2017-10-28 23:10:51.516 INFO in 'ProfileAnalyzerTest' at line 2020: [27.174255726284542, 27.174255726284542, 0, 100000, 101000, 111000, 175000, -1, 0, 0.04, 4, 'take_innsta_0.04', 9, 14, 28, 7.701512695810501, 27.174255726284542, 54]
2017-10-28 23:10:51.516 INFO in 'ProfileAnalyzerTest' at line 2020: [21.033005971188498, 21.033005971188498, 0, 100000, 102000, 103000, 172000, -1, 0, 0.02, 4, 'take_innsta_0.04', 9, 20, 26, 6.868128467176742, 21.033005971188498, 62]
2017-10-28 23:10:51.516 INFO in 'ProfileAnalyzerTest' at line 2020: [21.96129414357196, 21.96129414357196, 0, 100000, 102000, 104000, 172000, -1, 0, 0.02, 4, 'take_innsta_0.04', 9, 20, 22, 6.84744717423618, 21.96129414357196, 62]
2017-10-28 23:10:51.517 INFO in 'ProfileAnalyzerTest' at line 2020: [21.274810736712745, 21.274810736712745, 0, 100000, 101000, 105000, 175000, -1, 0, 0.04, 4, 'take_innsta_0.04', 9, 14, 27, 7.889147825704287, 21.274810736712745, 53]
2017-10-28 23:10:51.517 INFO in 'ProfileAnalyzerTest' at line 2020: [22.290575813103477, 22.290575813103477, 0, 100000, 101000, 105000, 174000, -1, 0, 0.04, 4, 'take_innsta_0.04', 9, 14, 24, 7.895715553095002, 22.290575813103477, 52]
2017-10-28 23:10:51.517 INFO in 'ProfileAnalyzerTest' at line 2020: [23.71945770951596, 23.71945770951596, 0, 100000, 101000, 111000, 174000, -1, 0, 0.04, 4, 'take_innsta_0.04', 9, 14, 24, 7.5054745988634135, 23.71945770951596, 54]
2017-10-28 23:10:51.517 INFO in 'ProfileAnalyzerTest' at line 2020: [27.174255726284542, 27.174255726284542, 0, 100000, 101000, 111000, 175000, -1, 0, 0.04, 4, 'take_innsta_0.04', 9, 14, 28, 7.701512695810501, 27.174255726284542, 54]
2017-10-28 23:10:51.517 INFO in 'ProfileAnalyzerTest' at line 2020: [22.76652455486661, 22.76652455486661, 0, 100000, 101000, 104000, 174000, -1, 0, 0.02, 4, 'take_innsta_0.04', 9, 14, 22, 7.689791441346261, 22.76652455486661, 52]
2017-10-28 23:10:51.519 INFO in 'ProfileAnalyzerTest' at line 2020: [21.274810736712745, 21.274810736712745, 0, 100000, 101000, 105000, 175000, -1, 0, 0.04, 4, 'take_innsta_0.04', 9, 14, 27, 7.889147825704287, 21.274810736712745, 53]
2017-10-28 23:10:51.519 INFO in 'ProfileAnalyzerTest' at line 2020: [22.290575813103477, 22.290575813103477, 0, 100000, 101000, 105000, 174000, -1, 0, 0.04, 4, 'take_innsta_0.04', 9, 14, 24, 7.895715553095002, 22.290575813103477, 52]
2017-10-28 23:10:51.519 INFO in 'ProfileAnalyzerTest' at line 2020: [23.71945770951596, 23.71945770951596, 0, 100000, 101000, 111000, 174000, -1, 0, 0.04, 4, 'take_innsta_0.04', 9, 14, 24, 7.5054745988634135, 23.71945770951596, 54]
2017-10-28 23:10:51.519 INFO in 'ProfileAnalyzerTest' at line 2020: [27.174255726284542, 27.174255726284542, 0, 100000, 101000, 111000, 175000, -1, 0, 0.04, 4, 'take_innsta_0.04', 9, 14, 28, 7.701512695810501, 27.174255726284542, 54]
2017-10-28 23:10:51.519 INFO in 'ProfileAnalyzerTest' at line 2020: [21.274810736712745, 21.274810736712745, 0, 100000, 101000, 105000, 175000, -1, 0, 0.04, 4, 'take_innsta_0.04', 9, 14, 27, 7.889147825704287, 21.274810736712745, 53]
2017-10-28 23:10:51.519 INFO in 'ProfileAnalyzerTest' at line 2020: [22.290575813103477, 22.290575813103477, 0, 100000, 101000, 105000, 174000, -1, 0, 0.04, 4, 'take_innsta_0.04', 9, 14, 24, 7.895715553095002, 22.290575813103477, 52]
2017-10-28 23:10:51.519 INFO in 'ProfileAnalyzerTest' at line 2020: [23.71945770951596, 23.71945770951596, 0, 100000, 101000, 111000, 174000, -1, 0, 0.04, 4, 'take_innsta_0.04', 9, 14, 24, 7.5054745988634135, 23.71945770951596, 54]
2017-10-28 23:10:51.519 INFO in 'ProfileAnalyzerTest' at line 2020: [27.174255726284542, 27.174255726284542, 0, 100000, 101000, 111000, 175000, -1, 0, 0.04, 4, 'take_innsta_0.04', 9, 14, 28, 7.701512695810501, 27.174255726284542, 54]
2017-10-28 23:14:20.717 INFO in 'ProfileAnalyzerTest' at line 2015: No ranges found
2017-10-28 23:17:49.871 INFO in 'ProfileAnalyzerTest' at line 2020: [20.238783378184028, 20.238783378184028, 2, 100000, 105000, 110000, 172000, -1, 0, 0.04, 5, 'take_innsta_0.02', 9, 14, 31, 6.03250894434559, 20.238783378184028, 64]
2017-10-28 23:21:18.596 INFO in 'ProfileAnalyzerTest' at line 2020: [21.154919198304462, 21.154919198304462, 3, 100000, 101000, 121000, 172000, 1, 0, 0.03, 2, 'take_innsta_0.02', 27, 0, 27, 7.356240907777763, 21.154919198304462, 16]
2017-10-28 23:21:18.598 INFO in 'ProfileAnalyzerTest' at line 2020: [33.1706526248821, 33.1706526248821, 3, 100000, 101000, 121000, 174000, 1, 0, 0.03, 2, 'take_innsta_0.02', 27, 0, 25, 8.004461757168265, 33.1706526248821, 14]
2017-10-28 23:21:18.598 INFO in 'ProfileAnalyzerTest' at line 2020: [21.699117252753286, 21.699117252753286, 3, 100000, 124000, 125000, 155000, 1, 0, 0.04, 2, 'take_innsta_0.015', 9, 0, 52, 6.507732935048515, 21.699117252753286, 19]
2017-10-28 23:21:18.598 INFO in 'ProfileAnalyzerTest' at line 2020: [23.56981736976168, 23.56981736976168, 3, 100000, 101000, 105000, 152000, -1, 0, 0.04, 4, 'take_innsta_0.02', 9, 14, 28, 5.8136300388760676, 23.56981736976168, 81]
2017-10-28 23:21:18.598 INFO in 'ProfileAnalyzerTest' at line 2020: [27.083780260187282, 27.083780260187282, 3, 100000, 101000, 120000, 174000, 1, 0, 0.04, 2, 'take_innsta_0.02', 27, 0, 27, 7.605951561475888, 27.083780260187282, 14]
2017-10-28 23:21:18.598 INFO in 'ProfileAnalyzerTest' at line 2020: [53.77364177462647, 53.77364177462647, 3, 100000, 101000, 121000, 174000, 1, 0, 0.04, 2, 'take_innsta_0.02', 27, 0, 23, 8.26423185667669, 53.77364177462647, 14]
2017-10-28 23:21:18.598 INFO in 'ProfileAnalyzerTest' at line 2020: [21.154919198304462, 21.154919198304462, 3, 100000, 101000, 121000, 172000, 1, 0, 0.03, 2, 'take_innsta_0.02', 27, 0, 27, 7.356240907777763, 21.154919198304462, 16]
2017-10-28 23:21:18.598 INFO in 'ProfileAnalyzerTest' at line 2020: [33.1706526248821, 33.1706526248821, 3, 100000, 101000, 121000, 174000, 1, 0, 0.03, 2, 'take_innsta_0.02', 27, 0, 25, 8.004461757168265, 33.1706526248821, 14]
2017-10-28 23:21:18.598 INFO in 'ProfileAnalyzerTest' at line 2020: [27.083780260187282, 27.083780260187282, 3, 100000, 101000, 120000, 174000, 1, 0, 0.04, 2, 'take_innsta_0.02', 27, 0, 27, 7.605951561475888, 27.083780260187282, 14]
2017-10-28 23:21:18.598 INFO in 'ProfileAnalyzerTest' at line 2020: [53.77364177462647, 53.77364177462647, 3, 100000, 101000, 121000, 174000, 1, 0, 0.04, 2, 'take_innsta_0.02', 27, 0, 23, 8.26423185667669, 53.77364177462647, 14]
2017-10-28 23:24:47.740 INFO in 'ProfileAnalyzerTest' at line 2015: No ranges found
2017-10-28 23:24:47.740 INFO in 'ProfileAnalyzerTest' at line 1964: ALRS_150105_170801.txt
2017-10-28 23:28:14.174 INFO in 'ProfileAnalyzerTest' at line 2015: No ranges found
2017-10-28 23:31:49.210 INFO in 'ProfileAnalyzerTest' at line 2020: [51.95450305362686, 51.95450305362686, 1, 100000, 112000, 121000, 172000, 1, 0, 0.04, 10, 'take_innsta_0.01', 9, 0, 48, 6.241675672214824, 51.95450305362686, 49]
2017-10-28 23:31:49.210 INFO in 'ProfileAnalyzerTest' at line 2020: [53.050820768246936, 53.050820768246936, 1, 100000, 114000, 115000, 164000, 1, 0, 0.04, 10, 'take_innsta_0.01', 9, 0, 42, 6.074913987070373, 53.050820768246936, 61]
2017-10-28 23:31:49.210 INFO in 'ProfileAnalyzerTest' at line 2020: [56.892714116200096, 56.892714116200096, 1, 100000, 114000, 115000, 165000, 1, 0, 0.04, 10, 'take_innsta_0.01', 9, 0, 40, 6.2018749697904365, 56.892714116200096, 61]
2017-10-28 23:31:49.210 INFO in 'ProfileAnalyzerTest' at line 2020: [62.450159215823334, 62.450159215823334, 1, 100000, 114000, 115000, 180000, 1, 0, 0.04, 10, 'take_innsta_0.01', 9, 0, 41, 6.522993267414641, 62.450159215823334, 58]
2017-10-28 23:31:49.211 INFO in 'ProfileAnalyzerTest' at line 2020: [64.37406558042059, 64.37406558042059, 1, 100000, 112000, 121000, 175000, 1, 0, 0.04, 10, 'take_innsta_0.01', 9, 0, 48, 6.628807490363919, 64.37406558042059, 49]
2017-10-28 23:31:49.211 INFO in 'ProfileAnalyzerTest' at line 2020: [68.41821827807017, 68.41821827807017, 1, 100000, 114000, 115000, 171000, 1, 0, 0.04, 10, 'take_innsta_0.01', 9, 0, 39, 6.427797937040204, 68.41821827807017, 62]
2017-10-28 23:31:49.211 INFO in 'ProfileAnalyzerTest' at line 2020: [71.23182755903294, 71.23182755903294, 1, 100000, 112000, 121000, 173000, 1, 0, 0.04, 10, 'take_innsta_0.01', 9, 0, 49, 6.538107883560043, 71.23182755903294, 48]
2017-10-28 23:31:49.211 INFO in 'ProfileAnalyzerTest' at line 2020: [77.49100164782811, 77.49100164782811, 1, 100000, 114000, 115000, 172000, 1, 0, 0.04, 10, 'take_innsta_0.01', 9, 0, 45, 6.579930183796941, 77.49100164782811, 60]
2017-10-28 23:31:49.213 INFO in 'ProfileAnalyzerTest' at line 2020: [79.0591815148447, 79.0591815148447, 1, 100000, 112000, 121000, 174000, 1, 0, 0.04, 10, 'take_innsta_0.01', 9, 0, 47, 6.765341083575997, 79.0591815148447, 48]
2017-10-28 23:31:49.213 INFO in 'ProfileAnalyzerTest' at line 2020: [88.13295708634497, 88.13295708634497, 1, 100000, 114000, 115000, 170000, 1, 0, 0.04, 10, 'take_innsta_0.01', 9, 0, 42, 6.581574625566326, 88.13295708634497, 61]
2017-10-28 23:31:49.213 INFO in 'ProfileAnalyzerTest' at line 2020: [107.0039748571561, 107.0039748571561, 1, 100000, 114000, 115000, 175000, 1, 0, 0.04, 10, 'take_innsta_0.01', 9, 0, 44, 6.955065984269958, 107.0039748571561, 59]
2017-10-28 23:31:49.213 INFO in 'ProfileAnalyzerTest' at line 2020: [107.70434799877243, 107.70434799877243, 1, 100000, 114000, 115000, 173000, 1, 0, 0.04, 10, 'take_innsta_0.01', 9, 0, 43, 6.8878835139401176, 107.70434799877243, 60]
2017-10-28 23:31:49.213 INFO in 'ProfileAnalyzerTest' at line 2020: [126.75013324378833, 126.75013324378833, 1, 100000, 114000, 115000, 174000, 1, 0, 0.04, 10, 'take_innsta_0.01', 9, 0, 46, 7.1209515654401905, 126.75013324378833, 61]
2017-10-28 23:31:49.213 INFO in 'ProfileAnalyzerTest' at line 2020: [51.95450305362686, 51.95450305362686, 1, 100000, 112000, 121000, 172000, 1, 0, 0.04, 10, 'take_innsta_0.01', 9, 0, 48, 6.241675672214824, 51.95450305362686, 49]
2017-10-28 23:31:49.213 INFO in 'ProfileAnalyzerTest' at line 2020: [53.050820768246936, 53.050820768246936, 1, 100000, 114000, 115000, 164000, 1, 0, 0.04, 10, 'take_innsta_0.01', 9, 0, 42, 6.074913987070373, 53.050820768246936, 61]
2017-10-28 23:31:49.213 INFO in 'ProfileAnalyzerTest' at line 2020: [56.892714116200096, 56.892714116200096, 1, 100000, 114000, 115000, 165000, 1, 0, 0.04, 10, 'take_innsta_0.01', 9, 0, 40, 6.2018749697904365, 56.892714116200096, 61]
2017-10-28 23:31:49.213 INFO in 'ProfileAnalyzerTest' at line 2020: [62.450159215823334, 62.450159215823334, 1, 100000, 114000, 115000, 180000, 1, 0, 0.04, 10, 'take_innsta_0.01', 9, 0, 41, 6.522993267414641, 62.450159215823334, 58]
2017-10-28 23:31:49.213 INFO in 'ProfileAnalyzerTest' at line 2020: [64.37406558042059, 64.37406558042059, 1, 100000, 112000, 121000, 175000, 1, 0, 0.04, 10, 'take_innsta_0.01', 9, 0, 48, 6.628807490363919, 64.37406558042059, 49]
2017-10-28 23:31:49.214 INFO in 'ProfileAnalyzerTest' at line 2020: [68.41821827807017, 68.41821827807017, 1, 100000, 114000, 115000, 171000, 1, 0, 0.04, 10, 'take_innsta_0.01', 9, 0, 39, 6.427797937040204, 68.41821827807017, 62]
2017-10-28 23:31:49.214 INFO in 'ProfileAnalyzerTest' at line 2020: [71.23182755903294, 71.23182755903294, 1, 100000, 112000, 121000, 173000, 1, 0, 0.04, 10, 'take_innsta_0.01', 9, 0, 49, 6.538107883560043, 71.23182755903294, 48]
2017-10-28 23:31:49.214 INFO in 'ProfileAnalyzerTest' at line 2020: [77.49100164782811, 77.49100164782811, 1, 100000, 114000, 115000, 172000, 1, 0, 0.04, 10, 'take_innsta_0.01', 9, 0, 45, 6.579930183796941, 77.49100164782811, 60]
2017-10-28 23:31:49.214 INFO in 'ProfileAnalyzerTest' at line 2020: [79.0591815148447, 79.0591815148447, 1, 100000, 112000, 121000, 174000, 1, 0, 0.04, 10, 'take_innsta_0.01', 9, 0, 47, 6.765341083575997, 79.0591815148447, 48]
2017-10-28 23:31:49.214 INFO in 'ProfileAnalyzerTest' at line 2020: [88.13295708634497, 88.13295708634497, 1, 100000, 114000, 115000, 170000, 1, 0, 0.04, 10, 'take_innsta_0.01', 9, 0, 42, 6.581574625566326, 88.13295708634497, 61]
2017-10-28 23:31:49.214 INFO in 'ProfileAnalyzerTest' at line 2020: [107.0039748571561, 107.0039748571561, 1, 100000, 114000, 115000, 175000, 1, 0, 0.04, 10, 'take_innsta_0.01', 9, 0, 44, 6.955065984269958, 107.0039748571561, 59]
2017-10-28 23:31:49.216 INFO in 'ProfileAnalyzerTest' at line 2020: [107.70434799877243, 107.70434799877243, 1, 100000, 114000, 115000, 173000, 1, 0, 0.04, 10, 'take_innsta_0.01', 9, 0, 43, 6.8878835139401176, 107.70434799877243, 60]
2017-10-28 23:31:49.216 INFO in 'ProfileAnalyzerTest' at line 2020: [126.75013324378833, 126.75013324378833, 1, 100000, 114000, 115000, 174000, 1, 0, 0.04, 10, 'take_innsta_0.01', 9, 0, 46, 7.1209515654401905, 126.75013324378833, 61]
2017-10-28 23:31:49.216 INFO in 'ProfileAnalyzerTest' at line 2020: [42.30292302233048, 42.30292302233048, 1, 100000, 112000, 115000, 175000, 1, 0, 0.03, 10, 'take_innsta_0.01', 9, 0, 49, 6.709373702967012, 42.30292302233048, 48]
2017-10-28 23:31:49.216 INFO in 'ProfileAnalyzerTest' at line 2020: [42.31530253760602, 42.31530253760602, 1, 100000, 112000, 121000, 173000, 1, 0, 0.03, 10, 'take_innsta_0.01', 9, 0, 45, 5.986412214724064, 42.31530253760602, 48]
2017-10-28 23:31:49.216 INFO in 'ProfileAnalyzerTest' at line 2020: [43.43279732636303, 43.43279732636303, 1, 100000, 112000, 121000, 175000, 1, 0, 0.03, 10, 'take_innsta_0.01', 9, 0, 46, 6.1934531378936315, 43.43279732636303, 49]
2017-10-28 23:31:49.217 INFO in 'ProfileAnalyzerTest' at line 2020: [45.303844146997605, 45.303844146997605, 1, 100000, 114000, 115000, 162000, 1, 0, 0.03, 10, 'take_innsta_0.01', 9, 0, 37, 5.878219115094492, 45.303844146997605, 62]
2017-10-28 23:31:49.217 INFO in 'ProfileAnalyzerTest' at line 2020: [49.33024381143878, 49.33024381143878, 1, 100000, 112000, 121000, 174000, 1, 0, 0.03, 10, 'take_innsta_0.01', 9, 0, 45, 6.260312122058564, 49.33024381143878, 48]
2017-10-28 23:31:49.217 INFO in 'ProfileAnalyzerTest' at line 2020: [49.455673788434126, 49.455673788434126, 1, 100000, 112000, 115000, 174000, 1, 0, 0.03, 10, 'take_innsta_0.01', 9, 0, 52, 6.848755588382957, 49.455673788434126, 49]
2017-10-28 23:31:49.217 INFO in 'ProfileAnalyzerTest' at line 2020: [53.477993049751355, 53.477993049751355, 1, 100000, 114000, 115000, 163000, 1, 0, 0.03, 10, 'take_innsta_0.01', 9, 0, 38, 6.083890334912913, 53.477993049751355, 61]
2017-10-28 23:31:49.217 INFO in 'ProfileAnalyzerTest' at line 2020: [71.61280978784498, 71.61280978784498, 1, 100000, 114000, 115000, 164000, 1, 0, 0.03, 10, 'take_innsta_0.01', 9, 0, 44, 6.333996411803015, 71.61280978784498, 61]
2017-10-28 23:31:49.217 INFO in 'ProfileAnalyzerTest' at line 2020: [93.17504506397594, 93.17504506397594, 1, 100000, 114000, 115000, 165000, 1, 0, 0.03, 10, 'take_innsta_0.01', 9, 0, 42, 6.617530709104921, 93.17504506397594, 61]
2017-10-28 23:31:49.217 INFO in 'ProfileAnalyzerTest' at line 2020: [117.40799185514594, 117.40799185514594, 1, 100000, 114000, 115000, 180000, 1, 0, 0.03, 10, 'take_innsta_0.01', 9, 0, 43, 7.055341856680706, 117.40799185514594, 58]
2017-10-28 23:31:49.217 INFO in 'ProfileAnalyzerTest' at line 2020: [117.46426714978766, 117.46426714978766, 1, 100000, 114000, 115000, 171000, 1, 0, 0.03, 10, 'take_innsta_0.01', 9, 0, 41, 6.880911694450237, 117.46426714978766, 62]
2017-10-28 23:31:49.217 INFO in 'ProfileAnalyzerTest' at line 2020: [133.04093483215823, 133.04093483215823, 1, 100000, 114000, 115000, 172000, 1, 0, 0.03, 10, 'take_innsta_0.01', 9, 0, 47, 7.033043941206974, 133.04093483215823, 60]
2017-10-28 23:31:49.219 INFO in 'ProfileAnalyzerTest' at line 2020: [148.43924026665783, 148.43924026665783, 1, 100000, 114000, 115000, 170000, 1, 0, 0.03, 10, 'take_innsta_0.01', 9, 0, 44, 7.019685454701172, 148.43924026665783, 61]
2017-10-28 23:31:49.219 INFO in 'ProfileAnalyzerTest' at line 2020: [184.92821738133117, 184.92821738133117, 1, 100000, 114000, 115000, 173000, 1, 0, 0.03, 10, 'take_innsta_0.01', 9, 0, 45, 7.341095290425579, 184.92821738133117, 60]
2017-10-28 23:31:49.219 INFO in 'ProfileAnalyzerTest' at line 2020: [185.83012999446808, 185.83012999446808, 1, 100000, 114000, 115000, 175000, 1, 0, 0.03, 10, 'take_innsta_0.01', 9, 0, 46, 7.421140335308878, 185.83012999446808, 59]
2017-10-28 23:31:49.219 INFO in 'ProfileAnalyzerTest' at line 2020: [220.12260543547583, 220.12260543547583, 1, 100000, 114000, 115000, 174000, 1, 0, 0.03, 10, 'take_innsta_0.01', 9, 0, 48, 7.587025916479108, 220.12260543547583, 61]
2017-10-28 23:31:49.219 INFO in 'ProfileAnalyzerTest' at line 2020: [42.30292302233048, 42.30292302233048, 1, 100000, 112000, 115000, 175000, 1, 0, 0.03, 10, 'take_innsta_0.01', 9, 0, 49, 6.709373702967012, 42.30292302233048, 48]
2017-10-28 23:31:49.220 INFO in 'ProfileAnalyzerTest' at line 2020: [42.31530253760602, 42.31530253760602, 1, 100000, 112000, 121000, 173000, 1, 0, 0.03, 10, 'take_innsta_0.01', 9, 0, 45, 5.986412214724064, 42.31530253760602, 48]
2017-10-28 23:31:49.220 INFO in 'ProfileAnalyzerTest' at line 2020: [43.43279732636303, 43.43279732636303, 1, 100000, 112000, 121000, 175000, 1, 0, 0.03, 10, 'take_innsta_0.01', 9, 0, 46, 6.1934531378936315, 43.43279732636303, 49]
2017-10-28 23:31:49.220 INFO in 'ProfileAnalyzerTest' at line 2020: [45.303844146997605, 45.303844146997605, 1, 100000, 114000, 115000, 162000, 1, 0, 0.03, 10, 'take_innsta_0.01', 9, 0, 37, 5.878219115094492, 45.303844146997605, 62]
2017-10-28 23:31:49.220 INFO in 'ProfileAnalyzerTest' at line 2020: [49.33024381143878, 49.33024381143878, 1, 100000, 112000, 121000, 174000, 1, 0, 0.03, 10, 'take_innsta_0.01', 9, 0, 45, 6.260312122058564, 49.33024381143878, 48]
2017-10-28 23:31:49.220 INFO in 'ProfileAnalyzerTest' at line 2020: [49.455673788434126, 49.455673788434126, 1, 100000, 112000, 115000, 174000, 1, 0, 0.03, 10, 'take_innsta_0.01', 9, 0, 52, 6.848755588382957, 49.455673788434126, 49]
2017-10-28 23:31:49.220 INFO in 'ProfileAnalyzerTest' at line 2020: [53.477993049751355, 53.477993049751355, 1, 100000, 114000, 115000, 163000, 1, 0, 0.03, 10, 'take_innsta_0.01', 9, 0, 38, 6.083890334912913, 53.477993049751355, 61]
2017-10-28 23:31:49.220 INFO in 'ProfileAnalyzerTest' at line 2020: [71.61280978784498, 71.61280978784498, 1, 100000, 114000, 115000, 164000, 1, 0, 0.03, 10, 'take_innsta_0.01', 9, 0, 44, 6.333996411803015, 71.61280978784498, 61]
2017-10-28 23:31:49.220 INFO in 'ProfileAnalyzerTest' at line 2020: [93.17504506397594, 93.17504506397594, 1, 100000, 114000, 115000, 165000, 1, 0, 0.03, 10, 'take_innsta_0.01', 9, 0, 42, 6.617530709104921, 93.17504506397594, 61]
2017-10-28 23:31:49.220 INFO in 'ProfileAnalyzerTest' at line 2020: [117.40799185514594, 117.40799185514594, 1, 100000, 114000, 115000, 180000, 1, 0, 0.03, 10, 'take_innsta_0.01', 9, 0, 43, 7.055341856680706, 117.40799185514594, 58]
2017-10-28 23:31:49.220 INFO in 'ProfileAnalyzerTest' at line 2020: [117.46426714978766, 117.46426714978766, 1, 100000, 114000, 115000, 171000, 1, 0, 0.03, 10, 'take_innsta_0.01', 9, 0, 41, 6.880911694450237, 117.46426714978766, 62]
2017-10-28 23:31:49.221 INFO in 'ProfileAnalyzerTest' at line 2020: [133.04093483215823, 133.04093483215823, 1, 100000, 114000, 115000, 172000, 1, 0, 0.03, 10, 'take_innsta_0.01', 9, 0, 47, 7.033043941206974, 133.04093483215823, 60]
2017-10-28 23:31:49.221 INFO in 'ProfileAnalyzerTest' at line 2020: [148.43924026665783, 148.43924026665783, 1, 100000, 114000, 115000, 170000, 1, 0, 0.03, 10, 'take_innsta_0.01', 9, 0, 44, 7.019685454701172, 148.43924026665783, 61]
2017-10-28 23:31:49.221 INFO in 'ProfileAnalyzerTest' at line 2020: [184.92821738133117, 184.92821738133117, 1, 100000, 114000, 115000, 173000, 1, 0, 0.03, 10, 'take_innsta_0.01', 9, 0, 45, 7.341095290425579, 184.92821738133117, 60]
2017-10-28 23:31:49.221 INFO in 'ProfileAnalyzerTest' at line 2020: [185.83012999446808, 185.83012999446808, 1, 100000, 114000, 115000, 175000, 1, 0, 0.03, 10, 'take_innsta_0.01', 9, 0, 46, 7.421140335308878, 185.83012999446808, 59]
2017-10-28 23:31:49.221 INFO in 'ProfileAnalyzerTest' at line 2020: [220.12260543547583, 220.12260543547583, 1, 100000, 114000, 115000, 174000, 1, 0, 0.03, 10, 'take_innsta_0.01', 9, 0, 48, 7.587025916479108, 220.12260543547583, 61]
2017-10-28 23:31:49.223 INFO in 'ProfileAnalyzerTest' at line 2020: [51.95450305362686, 51.95450305362686, 1, 100000, 112000, 121000, 172000, 1, 0, 0.04, 10, 'take_innsta_0.01', 9, 0, 48, 6.241675672214824, 51.95450305362686, 49]
2017-10-28 23:31:49.223 INFO in 'ProfileAnalyzerTest' at line 2020: [53.050820768246936, 53.050820768246936, 1, 100000, 114000, 115000, 164000, 1, 0, 0.04, 10, 'take_innsta_0.01', 9, 0, 42, 6.074913987070373, 53.050820768246936, 61]
2017-10-28 23:31:49.223 INFO in 'ProfileAnalyzerTest' at line 2020: [56.892714116200096, 56.892714116200096, 1, 100000, 114000, 115000, 165000, 1, 0, 0.04, 10, 'take_innsta_0.01', 9, 0, 40, 6.2018749697904365, 56.892714116200096, 61]
2017-10-28 23:31:49.223 INFO in 'ProfileAnalyzerTest' at line 2020: [62.450159215823334, 62.450159215823334, 1, 100000, 114000, 115000, 180000, 1, 0, 0.04, 10, 'take_innsta_0.01', 9, 0, 41, 6.522993267414641, 62.450159215823334, 58]
2017-10-28 23:31:49.223 INFO in 'ProfileAnalyzerTest' at line 2020: [64.37406558042059, 64.37406558042059, 1, 100000, 112000, 121000, 175000, 1, 0, 0.04, 10, 'take_innsta_0.01', 9, 0, 48, 6.628807490363919, 64.37406558042059, 49]
2017-10-28 23:31:49.223 INFO in 'ProfileAnalyzerTest' at line 2020: [68.41821827807017, 68.41821827807017, 1, 100000, 114000, 115000, 171000, 1, 0, 0.04, 10, 'take_innsta_0.01', 9, 0, 39, 6.427797937040204, 68.41821827807017, 62]
2017-10-28 23:31:49.223 INFO in 'ProfileAnalyzerTest' at line 2020: [71.23182755903294, 71.23182755903294, 1, 100000, 112000, 121000, 173000, 1, 0, 0.04, 10, 'take_innsta_0.01', 9, 0, 49, 6.538107883560043, 71.23182755903294, 48]
2017-10-28 23:31:49.223 INFO in 'ProfileAnalyzerTest' at line 2020: [77.49100164782811, 77.49100164782811, 1, 100000, 114000, 115000, 172000, 1, 0, 0.04, 10, 'take_innsta_0.01', 9, 0, 45, 6.579930183796941, 77.49100164782811, 60]
2017-10-28 23:31:49.223 INFO in 'ProfileAnalyzerTest' at line 2020: [79.0591815148447, 79.0591815148447, 1, 100000, 112000, 121000, 174000, 1, 0, 0.04, 10, 'take_innsta_0.01', 9, 0, 47, 6.765341083575997, 79.0591815148447, 48]
2017-10-28 23:31:49.223 INFO in 'ProfileAnalyzerTest' at line 2020: [88.13295708634497, 88.13295708634497, 1, 100000, 114000, 115000, 170000, 1, 0, 0.04, 10, 'take_innsta_0.01', 9, 0, 42, 6.581574625566326, 88.13295708634497, 61]
2017-10-28 23:31:49.224 INFO in 'ProfileAnalyzerTest' at line 2020: [107.0039748571561, 107.0039748571561, 1, 100000, 114000, 115000, 175000, 1, 0, 0.04, 10, 'take_innsta_0.01', 9, 0, 44, 6.955065984269958, 107.0039748571561, 59]
2017-10-28 23:31:49.224 INFO in 'ProfileAnalyzerTest' at line 2020: [107.70434799877243, 107.70434799877243, 1, 100000, 114000, 115000, 173000, 1, 0, 0.04, 10, 'take_innsta_0.01', 9, 0, 43, 6.8878835139401176, 107.70434799877243, 60]
2017-10-28 23:31:49.224 INFO in 'ProfileAnalyzerTest' at line 2020: [126.75013324378833, 126.75013324378833, 1, 100000, 114000, 115000, 174000, 1, 0, 0.04, 10, 'take_innsta_0.01', 9, 0, 46, 7.1209515654401905, 126.75013324378833, 61]
2017-10-28 23:31:49.224 INFO in 'ProfileAnalyzerTest' at line 2020: [42.30292302233048, 42.30292302233048, 1, 100000, 112000, 115000, 175000, 1, 0, 0.03, 10, 'take_innsta_0.01', 9, 0, 49, 6.709373702967012, 42.30292302233048, 48]
2017-10-28 23:31:49.224 INFO in 'ProfileAnalyzerTest' at line 2020: [42.31530253760602, 42.31530253760602, 1, 100000, 112000, 121000, 173000, 1, 0, 0.03, 10, 'take_innsta_0.01', 9, 0, 45, 5.986412214724064, 42.31530253760602, 48]
2017-10-28 23:31:49.226 INFO in 'ProfileAnalyzerTest' at line 2020: [43.43279732636303, 43.43279732636303, 1, 100000, 112000, 121000, 175000, 1, 0, 0.03, 10, 'take_innsta_0.01', 9, 0, 46, 6.1934531378936315, 43.43279732636303, 49]
2017-10-28 23:31:49.226 INFO in 'ProfileAnalyzerTest' at line 2020: [45.303844146997605, 45.303844146997605, 1, 100000, 114000, 115000, 162000, 1, 0, 0.03, 10, 'take_innsta_0.01', 9, 0, 37, 5.878219115094492, 45.303844146997605, 62]
2017-10-28 23:31:49.226 INFO in 'ProfileAnalyzerTest' at line 2020: [49.33024381143878, 49.33024381143878, 1, 100000, 112000, 121000, 174000, 1, 0, 0.03, 10, 'take_innsta_0.01', 9, 0, 45, 6.260312122058564, 49.33024381143878, 48]
2017-10-28 23:31:49.226 INFO in 'ProfileAnalyzerTest' at line 2020: [49.455673788434126, 49.455673788434126, 1, 100000, 112000, 115000, 174000, 1, 0, 0.03, 10, 'take_innsta_0.01', 9, 0, 52, 6.848755588382957, 49.455673788434126, 49]
2017-10-28 23:31:49.226 INFO in 'ProfileAnalyzerTest' at line 2020: [53.477993049751355, 53.477993049751355, 1, 100000, 114000, 115000, 163000, 1, 0, 0.03, 10, 'take_innsta_0.01', 9, 0, 38, 6.083890334912913, 53.477993049751355, 61]
2017-10-28 23:31:49.226 INFO in 'ProfileAnalyzerTest' at line 2020: [71.61280978784498, 71.61280978784498, 1, 100000, 114000, 115000, 164000, 1, 0, 0.03, 10, 'take_innsta_0.01', 9, 0, 44, 6.333996411803015, 71.61280978784498, 61]
2017-10-28 23:31:49.226 INFO in 'ProfileAnalyzerTest' at line 2020: [93.17504506397594, 93.17504506397594, 1, 100000, 114000, 115000, 165000, 1, 0, 0.03, 10, 'take_innsta_0.01', 9, 0, 42, 6.617530709104921, 93.17504506397594, 61]
2017-10-28 23:31:49.226 INFO in 'ProfileAnalyzerTest' at line 2020: [117.40799185514594, 117.40799185514594, 1, 100000, 114000, 115000, 180000, 1, 0, 0.03, 10, 'take_innsta_0.01', 9, 0, 43, 7.055341856680706, 117.40799185514594, 58]
2017-10-28 23:31:49.226 INFO in 'ProfileAnalyzerTest' at line 2020: [117.46426714978766, 117.46426714978766, 1, 100000, 114000, 115000, 171000, 1, 0, 0.03, 10, 'take_innsta_0.01', 9, 0, 41, 6.880911694450237, 117.46426714978766, 62]
2017-10-28 23:31:49.227 INFO in 'ProfileAnalyzerTest' at line 2020: [133.04093483215823, 133.04093483215823, 1, 100000, 114000, 115000, 172000, 1, 0, 0.03, 10, 'take_innsta_0.01', 9, 0, 47, 7.033043941206974, 133.04093483215823, 60]
2017-10-28 23:31:49.227 INFO in 'ProfileAnalyzerTest' at line 2020: [148.43924026665783, 148.43924026665783, 1, 100000, 114000, 115000, 170000, 1, 0, 0.03, 10, 'take_innsta_0.01', 9, 0, 44, 7.019685454701172, 148.43924026665783, 61]
2017-10-28 23:31:49.227 INFO in 'ProfileAnalyzerTest' at line 2020: [184.92821738133117, 184.92821738133117, 1, 100000, 114000, 115000, 173000, 1, 0, 0.03, 10, 'take_innsta_0.01', 9, 0, 45, 7.341095290425579, 184.92821738133117, 60]
2017-10-28 23:31:49.227 INFO in 'ProfileAnalyzerTest' at line 2020: [185.83012999446808, 185.83012999446808, 1, 100000, 114000, 115000, 175000, 1, 0, 0.03, 10, 'take_innsta_0.01', 9, 0, 46, 7.421140335308878, 185.83012999446808, 59]
2017-10-28 23:31:49.229 INFO in 'ProfileAnalyzerTest' at line 2020: [220.12260543547583, 220.12260543547583, 1, 100000, 114000, 115000, 174000, 1, 0, 0.03, 10, 'take_innsta_0.01', 9, 0, 48, 7.587025916479108, 220.12260543547583, 61]
2017-10-28 23:31:49.229 INFO in 'ProfileAnalyzerTest' at line 2020: [42.30292302233048, 42.30292302233048, 1, 100000, 112000, 115000, 175000, 1, 0, 0.03, 10, 'take_innsta_0.01', 9, 0, 49, 6.709373702967012, 42.30292302233048, 48]
2017-10-28 23:31:49.229 INFO in 'ProfileAnalyzerTest' at line 2020: [42.31530253760602, 42.31530253760602, 1, 100000, 112000, 121000, 173000, 1, 0, 0.03, 10, 'take_innsta_0.01', 9, 0, 45, 5.986412214724064, 42.31530253760602, 48]
2017-10-28 23:31:49.229 INFO in 'ProfileAnalyzerTest' at line 2020: [43.43279732636303, 43.43279732636303, 1, 100000, 112000, 121000, 175000, 1, 0, 0.03, 10, 'take_innsta_0.01', 9, 0, 46, 6.1934531378936315, 43.43279732636303, 49]
2017-10-28 23:31:49.229 INFO in 'ProfileAnalyzerTest' at line 2020: [45.303844146997605, 45.303844146997605, 1, 100000, 114000, 115000, 162000, 1, 0, 0.03, 10, 'take_innsta_0.01', 9, 0, 37, 5.878219115094492, 45.303844146997605, 62]
2017-10-28 23:31:49.230 INFO in 'ProfileAnalyzerTest' at line 2020: [49.33024381143878, 49.33024381143878, 1, 100000, 112000, 121000, 174000, 1, 0, 0.03, 10, 'take_innsta_0.01', 9, 0, 45, 6.260312122058564, 49.33024381143878, 48]
2017-10-28 23:31:49.230 INFO in 'ProfileAnalyzerTest' at line 2020: [49.455673788434126, 49.455673788434126, 1, 100000, 112000, 115000, 174000, 1, 0, 0.03, 10, 'take_innsta_0.01', 9, 0, 52, 6.848755588382957, 49.455673788434126, 49]
2017-10-28 23:31:49.230 INFO in 'ProfileAnalyzerTest' at line 2020: [53.477993049751355, 53.477993049751355, 1, 100000, 114000, 115000, 163000, 1, 0, 0.03, 10, 'take_innsta_0.01', 9, 0, 38, 6.083890334912913, 53.477993049751355, 61]
2017-10-28 23:31:49.230 INFO in 'ProfileAnalyzerTest' at line 2020: [71.61280978784498, 71.61280978784498, 1, 100000, 114000, 115000, 164000, 1, 0, 0.03, 10, 'take_innsta_0.01', 9, 0, 44, 6.333996411803015, 71.61280978784498, 61]
2017-10-28 23:31:49.230 INFO in 'ProfileAnalyzerTest' at line 2020: [93.17504506397594, 93.17504506397594, 1, 100000, 114000, 115000, 165000, 1, 0, 0.03, 10, 'take_innsta_0.01', 9, 0, 42, 6.617530709104921, 93.17504506397594, 61]
2017-10-28 23:31:49.230 INFO in 'ProfileAnalyzerTest' at line 2020: [117.40799185514594, 117.40799185514594, 1, 100000, 114000, 115000, 180000, 1, 0, 0.03, 10, 'take_innsta_0.01', 9, 0, 43, 7.055341856680706, 117.40799185514594, 58]
2017-10-28 23:31:49.230 INFO in 'ProfileAnalyzerTest' at line 2020: [117.46426714978766, 117.46426714978766, 1, 100000, 114000, 115000, 171000, 1, 0, 0.03, 10, 'take_innsta_0.01', 9, 0, 41, 6.880911694450237, 117.46426714978766, 62]
2017-10-28 23:31:49.230 INFO in 'ProfileAnalyzerTest' at line 2020: [133.04093483215823, 133.04093483215823, 1, 100000, 114000, 115000, 172000, 1, 0, 0.03, 10, 'take_innsta_0.01', 9, 0, 47, 7.033043941206974, 133.04093483215823, 60]
2017-10-28 23:31:49.230 INFO in 'ProfileAnalyzerTest' at line 2020: [148.43924026665783, 148.43924026665783, 1, 100000, 114000, 115000, 170000, 1, 0, 0.03, 10, 'take_innsta_0.01', 9, 0, 44, 7.019685454701172, 148.43924026665783, 61]
2017-10-28 23:31:49.230 INFO in 'ProfileAnalyzerTest' at line 2020: [184.92821738133117, 184.92821738133117, 1, 100000, 114000, 115000, 173000, 1, 0, 0.03, 10, 'take_innsta_0.01', 9, 0, 45, 7.341095290425579, 184.92821738133117, 60]
2017-10-28 23:31:49.232 INFO in 'ProfileAnalyzerTest' at line 2020: [185.83012999446808, 185.83012999446808, 1, 100000, 114000, 115000, 175000, 1, 0, 0.03, 10, 'take_innsta_0.01', 9, 0, 46, 7.421140335308878, 185.83012999446808, 59]
2017-10-28 23:31:49.232 INFO in 'ProfileAnalyzerTest' at line 2020: [220.12260543547583, 220.12260543547583, 1, 100000, 114000, 115000, 174000, 1, 0, 0.03, 10, 'take_innsta_0.01', 9, 0, 48, 7.587025916479108, 220.12260543547583, 61]
2017-10-28 23:31:49.232 INFO in 'ProfileAnalyzerTest' at line 2020: [42.30292302233048, 42.30292302233048, 1, 100000, 112000, 115000, 175000, 1, 0, 0.03, 10, 'take_innsta_0.01', 9, 0, 49, 6.709373702967012, 42.30292302233048, 48]
2017-10-28 23:31:49.232 INFO in 'ProfileAnalyzerTest' at line 2020: [42.31530253760602, 42.31530253760602, 1, 100000, 112000, 121000, 173000, 1, 0, 0.03, 10, 'take_innsta_0.01', 9, 0, 45, 5.986412214724064, 42.31530253760602, 48]
2017-10-28 23:31:49.232 INFO in 'ProfileAnalyzerTest' at line 2020: [43.43279732636303, 43.43279732636303, 1, 100000, 112000, 121000, 175000, 1, 0, 0.03, 10, 'take_innsta_0.01', 9, 0, 46, 6.1934531378936315, 43.43279732636303, 49]
2017-10-28 23:31:49.233 INFO in 'ProfileAnalyzerTest' at line 2020: [45.303844146997605, 45.303844146997605, 1, 100000, 114000, 115000, 162000, 1, 0, 0.03, 10, 'take_innsta_0.01', 9, 0, 37, 5.878219115094492, 45.303844146997605, 62]
2017-10-28 23:31:49.233 INFO in 'ProfileAnalyzerTest' at line 2020: [49.33024381143878, 49.33024381143878, 1, 100000, 112000, 121000, 174000, 1, 0, 0.03, 10, 'take_innsta_0.01', 9, 0, 45, 6.260312122058564, 49.33024381143878, 48]
2017-10-28 23:31:49.233 INFO in 'ProfileAnalyzerTest' at line 2020: [49.455673788434126, 49.455673788434126, 1, 100000, 112000, 115000, 174000, 1, 0, 0.03, 10, 'take_innsta_0.01', 9, 0, 52, 6.848755588382957, 49.455673788434126, 49]
2017-10-28 23:31:49.233 INFO in 'ProfileAnalyzerTest' at line 2020: [53.477993049751355, 53.477993049751355, 1, 100000, 114000, 115000, 163000, 1, 0, 0.03, 10, 'take_innsta_0.01', 9, 0, 38, 6.083890334912913, 53.477993049751355, 61]
2017-10-28 23:31:49.233 INFO in 'ProfileAnalyzerTest' at line 2020: [71.61280978784498, 71.61280978784498, 1, 100000, 114000, 115000, 164000, 1, 0, 0.03, 10, 'take_innsta_0.01', 9, 0, 44, 6.333996411803015, 71.61280978784498, 61]
2017-10-28 23:31:49.233 INFO in 'ProfileAnalyzerTest' at line 2020: [93.17504506397594, 93.17504506397594, 1, 100000, 114000, 115000, 165000, 1, 0, 0.03, 10, 'take_innsta_0.01', 9, 0, 42, 6.617530709104921, 93.17504506397594, 61]
2017-10-28 23:31:49.233 INFO in 'ProfileAnalyzerTest' at line 2020: [117.40799185514594, 117.40799185514594, 1, 100000, 114000, 115000, 180000, 1, 0, 0.03, 10, 'take_innsta_0.01', 9, 0, 43, 7.055341856680706, 117.40799185514594, 58]
2017-10-28 23:31:49.233 INFO in 'ProfileAnalyzerTest' at line 2020: [117.46426714978766, 117.46426714978766, 1, 100000, 114000, 115000, 171000, 1, 0, 0.03, 10, 'take_innsta_0.01', 9, 0, 41, 6.880911694450237, 117.46426714978766, 62]
2017-10-28 23:31:49.233 INFO in 'ProfileAnalyzerTest' at line 2020: [133.04093483215823, 133.04093483215823, 1, 100000, 114000, 115000, 172000, 1, 0, 0.03, 10, 'take_innsta_0.01', 9, 0, 47, 7.033043941206974, 133.04093483215823, 60]
2017-10-28 23:31:49.233 INFO in 'ProfileAnalyzerTest' at line 2020: [148.43924026665783, 148.43924026665783, 1, 100000, 114000, 115000, 170000, 1, 0, 0.03, 10, 'take_innsta_0.01', 9, 0, 44, 7.019685454701172, 148.43924026665783, 61]
2017-10-28 23:31:49.234 INFO in 'ProfileAnalyzerTest' at line 2020: [184.92821738133117, 184.92821738133117, 1, 100000, 114000, 115000, 173000, 1, 0, 0.03, 10, 'take_innsta_0.01', 9, 0, 45, 7.341095290425579, 184.92821738133117, 60]
2017-10-28 23:31:49.234 INFO in 'ProfileAnalyzerTest' at line 2020: [185.83012999446808, 185.83012999446808, 1, 100000, 114000, 115000, 175000, 1, 0, 0.03, 10, 'take_innsta_0.01', 9, 0, 46, 7.421140335308878, 185.83012999446808, 59]
2017-10-28 23:31:49.234 INFO in 'ProfileAnalyzerTest' at line 2020: [220.12260543547583, 220.12260543547583, 1, 100000, 114000, 115000, 174000, 1, 0, 0.03, 10, 'take_innsta_0.01', 9, 0, 48, 7.587025916479108, 220.12260543547583, 61]
2017-10-28 23:31:49.234 INFO in 'ProfileAnalyzerTest' at line 2020: [42.30292302233048, 42.30292302233048, 1, 100000, 112000, 115000, 175000, 1, 0, 0.03, 10, 'take_innsta_0.01', 9, 0, 49, 6.709373702967012, 42.30292302233048, 48]
2017-10-28 23:31:49.234 INFO in 'ProfileAnalyzerTest' at line 2020: [42.31530253760602, 42.31530253760602, 1, 100000, 112000, 121000, 173000, 1, 0, 0.03, 10, 'take_innsta_0.01', 9, 0, 45, 5.986412214724064, 42.31530253760602, 48]
2017-10-28 23:31:49.236 INFO in 'ProfileAnalyzerTest' at line 2020: [43.43279732636303, 43.43279732636303, 1, 100000, 112000, 121000, 175000, 1, 0, 0.03, 10, 'take_innsta_0.01', 9, 0, 46, 6.1934531378936315, 43.43279732636303, 49]
2017-10-28 23:31:49.236 INFO in 'ProfileAnalyzerTest' at line 2020: [45.303844146997605, 45.303844146997605, 1, 100000, 114000, 115000, 162000, 1, 0, 0.03, 10, 'take_innsta_0.01', 9, 0, 37, 5.878219115094492, 45.303844146997605, 62]
2017-10-28 23:31:49.236 INFO in 'ProfileAnalyzerTest' at line 2020: [49.33024381143878, 49.33024381143878, 1, 100000, 112000, 121000, 174000, 1, 0, 0.03, 10, 'take_innsta_0.01', 9, 0, 45, 6.260312122058564, 49.33024381143878, 48]
2017-10-28 23:31:49.236 INFO in 'ProfileAnalyzerTest' at line 2020: [49.455673788434126, 49.455673788434126, 1, 100000, 112000, 115000, 174000, 1, 0, 0.03, 10, 'take_innsta_0.01', 9, 0, 52, 6.848755588382957, 49.455673788434126, 49]
2017-10-28 23:31:49.236 INFO in 'ProfileAnalyzerTest' at line 2020: [53.477993049751355, 53.477993049751355, 1, 100000, 114000, 115000, 163000, 1, 0, 0.03, 10, 'take_innsta_0.01', 9, 0, 38, 6.083890334912913, 53.477993049751355, 61]
2017-10-28 23:31:49.236 INFO in 'ProfileAnalyzerTest' at line 2020: [71.61280978784498, 71.61280978784498, 1, 100000, 114000, 115000, 164000, 1, 0, 0.03, 10, 'take_innsta_0.01', 9, 0, 44, 6.333996411803015, 71.61280978784498, 61]
2017-10-28 23:31:49.236 INFO in 'ProfileAnalyzerTest' at line 2020: [93.17504506397594, 93.17504506397594, 1, 100000, 114000, 115000, 165000, 1, 0, 0.03, 10, 'take_innsta_0.01', 9, 0, 42, 6.617530709104921, 93.17504506397594, 61]
2017-10-28 23:31:49.236 INFO in 'ProfileAnalyzerTest' at line 2020: [117.40799185514594, 117.40799185514594, 1, 100000, 114000, 115000, 180000, 1, 0, 0.03, 10, 'take_innsta_0.01', 9, 0, 43, 7.055341856680706, 117.40799185514594, 58]
2017-10-28 23:31:49.236 INFO in 'ProfileAnalyzerTest' at line 2020: [117.46426714978766, 117.46426714978766, 1, 100000, 114000, 115000, 171000, 1, 0, 0.03, 10, 'take_innsta_0.01', 9, 0, 41, 6.880911694450237, 117.46426714978766, 62]
2017-10-28 23:31:49.236 INFO in 'ProfileAnalyzerTest' at line 2020: [133.04093483215823, 133.04093483215823, 1, 100000, 114000, 115000, 172000, 1, 0, 0.03, 10, 'take_innsta_0.01', 9, 0, 47, 7.033043941206974, 133.04093483215823, 60]
2017-10-28 23:31:49.237 INFO in 'ProfileAnalyzerTest' at line 2020: [148.43924026665783, 148.43924026665783, 1, 100000, 114000, 115000, 170000, 1, 0, 0.03, 10, 'take_innsta_0.01', 9, 0, 44, 7.019685454701172, 148.43924026665783, 61]
2017-10-28 23:31:49.237 INFO in 'ProfileAnalyzerTest' at line 2020: [184.92821738133117, 184.92821738133117, 1, 100000, 114000, 115000, 173000, 1, 0, 0.03, 10, 'take_innsta_0.01', 9, 0, 45, 7.341095290425579, 184.92821738133117, 60]
2017-10-28 23:31:49.237 INFO in 'ProfileAnalyzerTest' at line 2020: [185.83012999446808, 185.83012999446808, 1, 100000, 114000, 115000, 175000, 1, 0, 0.03, 10, 'take_innsta_0.01', 9, 0, 46, 7.421140335308878, 185.83012999446808, 59]
2017-10-28 23:31:49.237 INFO in 'ProfileAnalyzerTest' at line 2020: [220.12260543547583, 220.12260543547583, 1, 100000, 114000, 115000, 174000, 1, 0, 0.03, 10, 'take_innsta_0.01', 9, 0, 48, 7.587025916479108, 220.12260543547583, 61]
2017-10-28 23:31:49.239 INFO in 'ProfileAnalyzerTest' at line 2020: [42.30292302233048, 42.30292302233048, 1, 100000, 112000, 115000, 175000, 1, 0, 0.03, 10, 'take_innsta_0.01', 9, 0, 49, 6.709373702967012, 42.30292302233048, 48]
2017-10-28 23:31:49.239 INFO in 'ProfileAnalyzerTest' at line 2020: [42.31530253760602, 42.31530253760602, 1, 100000, 112000, 121000, 173000, 1, 0, 0.03, 10, 'take_innsta_0.01', 9, 0, 45, 5.986412214724064, 42.31530253760602, 48]
2017-10-28 23:31:49.239 INFO in 'ProfileAnalyzerTest' at line 2020: [43.43279732636303, 43.43279732636303, 1, 100000, 112000, 121000, 175000, 1, 0, 0.03, 10, 'take_innsta_0.01', 9, 0, 46, 6.1934531378936315, 43.43279732636303, 49]
2017-10-28 23:31:49.239 INFO in 'ProfileAnalyzerTest' at line 2020: [45.303844146997605, 45.303844146997605, 1, 100000, 114000, 115000, 162000, 1, 0, 0.03, 10, 'take_innsta_0.01', 9, 0, 37, 5.878219115094492, 45.303844146997605, 62]
2017-10-28 23:31:49.239 INFO in 'ProfileAnalyzerTest' at line 2020: [49.33024381143878, 49.33024381143878, 1, 100000, 112000, 121000, 174000, 1, 0, 0.03, 10, 'take_innsta_0.01', 9, 0, 45, 6.260312122058564, 49.33024381143878, 48]
2017-10-28 23:31:49.240 INFO in 'ProfileAnalyzerTest' at line 2020: [49.455673788434126, 49.455673788434126, 1, 100000, 112000, 115000, 174000, 1, 0, 0.03, 10, 'take_innsta_0.01', 9, 0, 52, 6.848755588382957, 49.455673788434126, 49]
2017-10-28 23:31:49.240 INFO in 'ProfileAnalyzerTest' at line 2020: [53.477993049751355, 53.477993049751355, 1, 100000, 114000, 115000, 163000, 1, 0, 0.03, 10, 'take_innsta_0.01', 9, 0, 38, 6.083890334912913, 53.477993049751355, 61]
2017-10-28 23:31:49.240 INFO in 'ProfileAnalyzerTest' at line 2020: [71.61280978784498, 71.61280978784498, 1, 100000, 114000, 115000, 164000, 1, 0, 0.03, 10, 'take_innsta_0.01', 9, 0, 44, 6.333996411803015, 71.61280978784498, 61]
2017-10-28 23:31:49.240 INFO in 'ProfileAnalyzerTest' at line 2020: [93.17504506397594, 93.17504506397594, 1, 100000, 114000, 115000, 165000, 1, 0, 0.03, 10, 'take_innsta_0.01', 9, 0, 42, 6.617530709104921, 93.17504506397594, 61]
2017-10-28 23:31:49.240 INFO in 'ProfileAnalyzerTest' at line 2020: [117.40799185514594, 117.40799185514594, 1, 100000, 114000, 115000, 180000, 1, 0, 0.03, 10, 'take_innsta_0.01', 9, 0, 43, 7.055341856680706, 117.40799185514594, 58]
2017-10-28 23:31:49.240 INFO in 'ProfileAnalyzerTest' at line 2020: [117.46426714978766, 117.46426714978766, 1, 100000, 114000, 115000, 171000, 1, 0, 0.03, 10, 'take_innsta_0.01', 9, 0, 41, 6.880911694450237, 117.46426714978766, 62]
2017-10-28 23:31:49.240 INFO in 'ProfileAnalyzerTest' at line 2020: [133.04093483215823, 133.04093483215823, 1, 100000, 114000, 115000, 172000, 1, 0, 0.03, 10, 'take_innsta_0.01', 9, 0, 47, 7.033043941206974, 133.04093483215823, 60]
2017-10-28 23:31:49.240 INFO in 'ProfileAnalyzerTest' at line 2020: [148.43924026665783, 148.43924026665783, 1, 100000, 114000, 115000, 170000, 1, 0, 0.03, 10, 'take_innsta_0.01', 9, 0, 44, 7.019685454701172, 148.43924026665783, 61]
2017-10-28 23:31:49.240 INFO in 'ProfileAnalyzerTest' at line 2020: [184.92821738133117, 184.92821738133117, 1, 100000, 114000, 115000, 173000, 1, 0, 0.03, 10, 'take_innsta_0.01', 9, 0, 45, 7.341095290425579, 184.92821738133117, 60]
2017-10-28 23:31:49.240 INFO in 'ProfileAnalyzerTest' at line 2020: [185.83012999446808, 185.83012999446808, 1, 100000, 114000, 115000, 175000, 1, 0, 0.03, 10, 'take_innsta_0.01', 9, 0, 46, 7.421140335308878, 185.83012999446808, 59]
2017-10-28 23:31:49.242 INFO in 'ProfileAnalyzerTest' at line 2020: [220.12260543547583, 220.12260543547583, 1, 100000, 114000, 115000, 174000, 1, 0, 0.03, 10, 'take_innsta_0.01', 9, 0, 48, 7.587025916479108, 220.12260543547583, 61]
2017-10-28 23:35:18.546 INFO in 'ProfileAnalyzerTest' at line 2015: No ranges found
