2018-01-01 17:28:30.825 INFO in 'ProfileAnalyzerTest' at line 2108: TATN_150105_170801.txt
2018-01-01 17:28:37.551 INFO in 'ProfileAnalyzerTest' at line 2119: AVG PVV 0.000288366819563
2018-01-01 17:28:37.553 INFO in 'ProfileAnalyzerTest' at line 2120: AVG Volume -4.1621201961e-05
2018-01-01 17:32:46.168 INFO in 'ProfileAnalyzerTest' at line 2165: [1.3555989179696744, 1.3555989179696744, 0, 100000, 112000, 150000, 170000, 1, 0, 0.01, 5, 'take_innsta_0.015', 9, 20, 33, 2.483606366137166, 1.3555989179696744, 21]
2018-01-01 17:32:46.168 INFO in 'ProfileAnalyzerTest' at line 2165: [1.4937001821216929, 1.4937001821216929, 0, 100000, 112000, 150000, 175000, 1, 0, 0.01, 5, 'take_innsta_0.015', 9, 20, 35, 3.2634636742648673, 1.4937001821216929, 15]
2018-01-01 17:32:46.168 INFO in 'ProfileAnalyzerTest' at line 2165: [1.502424237201685, 1.502424237201685, 0, 100000, 112000, 150000, 174000, 1, 0, 0.01, 5, 'take_innsta_0.015', 9, 20, 46, 3.1545217072788425, 1.502424237201685, 16]
2018-01-01 17:32:46.170 INFO in 'ProfileAnalyzerTest' at line 2165: [1.6657505987140366, 1.6657505987140366, 0, 100000, 112000, 150000, 180000, 1, 0, 0.01, 5, 'take_innsta_0.015', 9, 20, 38, 3.5638751125356234, 1.6657505987140366, 14]
2018-01-01 17:32:46.170 INFO in 'ProfileAnalyzerTest' at line 2165: [1.3199799229002154, 1.3199799229002154, 0, 100000, 125000, 150000, 165000, 1, 0, 0.01, 1, 'take_innsta_0.015', 20, 27, 36, 2.298630963372964, 1.3199799229002154, 26]
2018-01-01 17:32:46.170 INFO in 'ProfileAnalyzerTest' at line 2165: [1.4403570511154409, 1.4403570511154409, 0, 100000, 123000, 150000, 165000, 1, 0, 0.01, 1, 'take_innsta_0.015', 20, 27, 37, 2.390996463578224, 1.4403570511154409, 27]
2018-01-01 17:32:46.170 INFO in 'ProfileAnalyzerTest' at line 2165: [1.4405557043913542, 1.4405557043913542, 0, 100000, 122000, 150000, 164000, 1, 0, 0.01, 1, 'take_innsta_0.015', 20, 27, 30, 2.275752541357978, 1.4405557043913542, 30]
2018-01-01 17:32:46.170 INFO in 'ProfileAnalyzerTest' at line 2165: [1.6189636522863078, 1.6189636522863078, 0, 100000, 124000, 150000, 165000, 1, 0, 0.01, 1, 'take_innsta_0.015', 20, 27, 36, 2.49560242609506, 1.6189636522863078, 28]
2018-01-01 17:32:46.171 INFO in 'ProfileAnalyzerTest' at line 2165: [1.702132323958043, 1.702132323958043, 0, 100000, 122000, 150000, 165000, 1, 0, 0.01, 1, 'take_innsta_0.015', 20, 27, 39, 2.5482409669315755, 1.702132323958043, 27]
2018-01-01 17:32:46.171 INFO in 'ProfileAnalyzerTest' at line 2165: [1.3199799229002154, 1.3199799229002154, 0, 100000, 125000, 150000, 165000, 1, 0, 0.01, 2, 'take_innsta_0.015', 20, 27, 36, 2.298630963372964, 1.3199799229002154, 26]
2018-01-01 17:32:46.171 INFO in 'ProfileAnalyzerTest' at line 2165: [1.4403570511154409, 1.4403570511154409, 0, 100000, 123000, 150000, 165000, 1, 0, 0.01, 2, 'take_innsta_0.015', 20, 27, 37, 2.390996463578224, 1.4403570511154409, 27]
2018-01-01 17:32:46.171 INFO in 'ProfileAnalyzerTest' at line 2165: [1.4405557043913542, 1.4405557043913542, 0, 100000, 122000, 150000, 164000, 1, 0, 0.01, 2, 'take_innsta_0.015', 20, 27, 30, 2.275752541357978, 1.4405557043913542, 30]
2018-01-01 17:32:46.171 INFO in 'ProfileAnalyzerTest' at line 2165: [1.6189636522863078, 1.6189636522863078, 0, 100000, 124000, 150000, 165000, 1, 0, 0.01, 2, 'take_innsta_0.015', 20, 27, 36, 2.49560242609506, 1.6189636522863078, 28]
2018-01-01 17:32:46.171 INFO in 'ProfileAnalyzerTest' at line 2165: [1.702132323958043, 1.702132323958043, 0, 100000, 122000, 150000, 165000, 1, 0, 0.01, 2, 'take_innsta_0.015', 20, 27, 39, 2.5482409669315755, 1.702132323958043, 27]
2018-01-01 17:32:46.171 INFO in 'ProfileAnalyzerTest' at line 2165: [1.3199799229002154, 1.3199799229002154, 0, 100000, 125000, 150000, 165000, 1, 0, 0.01, 3, 'take_innsta_0.015', 20, 27, 36, 2.298630963372964, 1.3199799229002154, 26]
2018-01-01 17:32:46.171 INFO in 'ProfileAnalyzerTest' at line 2165: [1.4403570511154409, 1.4403570511154409, 0, 100000, 123000, 150000, 165000, 1, 0, 0.01, 3, 'take_innsta_0.015', 20, 27, 37, 2.390996463578224, 1.4403570511154409, 27]
2018-01-01 17:32:46.171 INFO in 'ProfileAnalyzerTest' at line 2165: [1.4405557043913542, 1.4405557043913542, 0, 100000, 122000, 150000, 164000, 1, 0, 0.01, 3, 'take_innsta_0.015', 20, 27, 30, 2.275752541357978, 1.4405557043913542, 30]
2018-01-01 17:32:46.173 INFO in 'ProfileAnalyzerTest' at line 2165: [1.6189636522863078, 1.6189636522863078, 0, 100000, 124000, 150000, 165000, 1, 0, 0.01, 3, 'take_innsta_0.015', 20, 27, 36, 2.49560242609506, 1.6189636522863078, 28]
2018-01-01 17:32:46.173 INFO in 'ProfileAnalyzerTest' at line 2165: [1.702132323958043, 1.702132323958043, 0, 100000, 122000, 150000, 165000, 1, 0, 0.01, 3, 'take_innsta_0.015', 20, 27, 39, 2.5482409669315755, 1.702132323958043, 27]
2018-01-01 17:32:46.173 INFO in 'ProfileAnalyzerTest' at line 2165: [1.440864137811684, 1.440864137811684, 0, 100000, 123000, 150000, 165000, 1, 0, 0.01, 4, 'take_innsta_0.02', 20, 27, 37, 2.4859242938665327, 1.440864137811684, 27]
2018-01-01 17:32:46.173 INFO in 'ProfileAnalyzerTest' at line 2165: [1.4828088227859628, 1.4828088227859628, 0, 100000, 125000, 150000, 165000, 1, 0, 0.01, 4, 'take_innsta_0.02', 20, 27, 38, 2.505431556940331, 1.4828088227859628, 26]
2018-01-01 17:32:46.173 INFO in 'ProfileAnalyzerTest' at line 2165: [1.6195336185520615, 1.6195336185520615, 0, 100000, 124000, 150000, 165000, 1, 0, 0.01, 4, 'take_innsta_0.02', 20, 27, 36, 2.590530256383368, 1.6195336185520615, 28]
2018-01-01 17:32:46.174 INFO in 'ProfileAnalyzerTest' at line 2165: [1.7027315702741253, 1.7027315702741253, 0, 100000, 122000, 150000, 165000, 1, 0, 0.01, 4, 'take_innsta_0.02', 20, 27, 39, 2.643168797219884, 1.7027315702741253, 27]
2018-01-01 17:32:46.174 INFO in 'ProfileAnalyzerTest' at line 2165: [1.440864137811684, 1.440864137811684, 0, 100000, 123000, 150000, 165000, 1, 0, 0.01, 5, 'take_innsta_0.02', 20, 27, 37, 2.4859242938665327, 1.440864137811684, 27]
2018-01-01 17:32:46.174 INFO in 'ProfileAnalyzerTest' at line 2165: [1.4828088227859628, 1.4828088227859628, 0, 100000, 125000, 150000, 165000, 1, 0, 0.01, 5, 'take_innsta_0.02', 20, 27, 38, 2.505431556940331, 1.4828088227859628, 26]
2018-01-01 17:32:46.174 INFO in 'ProfileAnalyzerTest' at line 2165: [1.6195336185520615, 1.6195336185520615, 0, 100000, 124000, 150000, 165000, 1, 0, 0.01, 5, 'take_innsta_0.02', 20, 27, 36, 2.590530256383368, 1.6195336185520615, 28]
2018-01-01 17:32:46.174 INFO in 'ProfileAnalyzerTest' at line 2165: [1.7027315702741253, 1.7027315702741253, 0, 100000, 122000, 150000, 165000, 1, 0, 0.01, 5, 'take_innsta_0.02', 20, 27, 39, 2.643168797219884, 1.7027315702741253, 27]
2018-01-01 17:32:46.174 INFO in 'ProfileAnalyzerTest' at line 2165: [1.4729326551274602, 1.4729326551274602, 0, 100000, 123000, 150000, 165000, 1, 0, 0.01, 1, 'take_innsta_0.02', 20, 27, 37, 2.502970523240595, 1.4729326551274602, 27]
2018-01-01 17:32:46.174 INFO in 'ProfileAnalyzerTest' at line 2165: [1.5158108797888645, 1.5158108797888645, 0, 100000, 125000, 150000, 165000, 1, 0, 0.01, 1, 'take_innsta_0.02', 20, 27, 38, 2.5224777863143935, 1.5158108797888645, 26]
2018-01-01 17:32:46.174 INFO in 'ProfileAnalyzerTest' at line 2165: [1.6555786838202533, 1.6555786838202533, 0, 100000, 124000, 150000, 165000, 1, 0, 0.01, 1, 'take_innsta_0.02', 20, 27, 36, 2.6075764857574306, 1.6555786838202533, 28]
2018-01-01 17:32:46.174 INFO in 'ProfileAnalyzerTest' at line 2165: [1.740628326402975, 1.740628326402975, 0, 100000, 122000, 150000, 165000, 1, 0, 0.01, 1, 'take_innsta_0.02', 20, 27, 39, 2.6602150265939466, 1.740628326402975, 27]
2018-01-01 17:32:46.176 INFO in 'ProfileAnalyzerTest' at line 2165: [1.4729326551274602, 1.4729326551274602, 0, 100000, 123000, 150000, 165000, 1, 0, 0.01, 2, 'take_innsta_0.02', 20, 27, 37, 2.502970523240595, 1.4729326551274602, 27]
2018-01-01 17:32:46.176 INFO in 'ProfileAnalyzerTest' at line 2165: [1.5158108797888645, 1.5158108797888645, 0, 100000, 125000, 150000, 165000, 1, 0, 0.01, 2, 'take_innsta_0.02', 20, 27, 38, 2.5224777863143935, 1.5158108797888645, 26]
2018-01-01 17:32:46.176 INFO in 'ProfileAnalyzerTest' at line 2165: [1.6555786838202533, 1.6555786838202533, 0, 100000, 124000, 150000, 165000, 1, 0, 0.01, 2, 'take_innsta_0.02', 20, 27, 36, 2.6075764857574306, 1.6555786838202533, 28]
2018-01-01 17:32:46.176 INFO in 'ProfileAnalyzerTest' at line 2165: [1.740628326402975, 1.740628326402975, 0, 100000, 122000, 150000, 165000, 1, 0, 0.01, 2, 'take_innsta_0.02', 20, 27, 39, 2.6602150265939466, 1.740628326402975, 27]
2018-01-01 17:32:46.177 INFO in 'ProfileAnalyzerTest' at line 2165: [1.4729326551274602, 1.4729326551274602, 0, 100000, 123000, 150000, 165000, 1, 0, 0.01, 3, 'take_innsta_0.02', 20, 27, 37, 2.502970523240595, 1.4729326551274602, 27]
2018-01-01 17:32:46.177 INFO in 'ProfileAnalyzerTest' at line 2165: [1.5158108797888645, 1.5158108797888645, 0, 100000, 125000, 150000, 165000, 1, 0, 0.01, 3, 'take_innsta_0.02', 20, 27, 38, 2.5224777863143935, 1.5158108797888645, 26]
2018-01-01 17:32:46.177 INFO in 'ProfileAnalyzerTest' at line 2165: [1.6555786838202533, 1.6555786838202533, 0, 100000, 124000, 150000, 165000, 1, 0, 0.01, 3, 'take_innsta_0.02', 20, 27, 36, 2.6075764857574306, 1.6555786838202533, 28]
2018-01-01 17:32:46.177 INFO in 'ProfileAnalyzerTest' at line 2165: [1.740628326402975, 1.740628326402975, 0, 100000, 122000, 150000, 165000, 1, 0, 0.01, 3, 'take_innsta_0.02', 20, 27, 39, 2.6602150265939466, 1.740628326402975, 27]
2018-01-01 17:32:46.177 INFO in 'ProfileAnalyzerTest' at line 2165: [1.2740228857424145, 1.2740228857424145, 0, 100000, 104000, 145000, 174000, 1, 0, 0.03, 0, 'take_innsta_0.0075', 9, 0, 51, 2.834903047390913, 1.2740228857424145, 1]
2018-01-01 17:32:46.177 INFO in 'ProfileAnalyzerTest' at line 2165: [1.833174471105636, 1.833174471105636, 0, 100000, 104000, 145000, 175000, 1, 0, 0.03, 0, 'take_innsta_0.0075', 9, 0, 55, 3.307744774534467, 1.833174471105636, 3]
2018-01-01 17:32:52.844 INFO in 'ProfileAnalyzerTest' at line 2119: AVG PVV 1.70175260719e-05
2018-01-01 17:32:52.846 INFO in 'ProfileAnalyzerTest' at line 2120: AVG Volume 1.21410554083e-05
2018-01-01 17:37:01.275 INFO in 'ProfileAnalyzerTest' at line 2165: [1.2975890140938013, 1.2975890140938013, 1, 100000, 142000, 155000, 175000, -1, 0, 0.02, 1, 'take_innsta_0.0075', 14, 27, 46, 2.037571360431684, 1.2975890140938013, 17]
2018-01-01 17:37:01.275 INFO in 'ProfileAnalyzerTest' at line 2165: [1.3393069627022491, 1.3393069627022491, 1, 100000, 151000, 155000, 175000, -1, 0, 0.04, 1, 'take_innsta_0.005', 20, 27, 49, 1.9798458867294944, 1.3393069627022491, 18]
2018-01-01 17:37:01.276 INFO in 'ProfileAnalyzerTest' at line 2165: [1.3761781062208962, 1.3761781062208962, 1, 100000, 145000, 155000, 175000, -1, 0, 0.04, 1, 'take_innsta_0.005', 20, 27, 48, 1.9899595907143028, 1.3761781062208962, 19]
2018-01-01 17:37:01.276 INFO in 'ProfileAnalyzerTest' at line 2165: [1.5361600811701352, 1.5361600811701352, 1, 100000, 150000, 155000, 175000, -1, 0, 0.04, 1, 'take_innsta_0.005', 20, 27, 50, 2.1014069594306903, 1.5361600811701352, 17]
2018-01-01 17:37:01.276 INFO in 'ProfileAnalyzerTest' at line 2165: [1.3393069627022491, 1.3393069627022491, 1, 100000, 151000, 155000, 175000, -1, 0, 0.04, 1, 'take_innsta_0.005', 20, 27, 49, 1.9798458867294944, 1.3393069627022491, 18]
2018-01-01 17:37:01.276 INFO in 'ProfileAnalyzerTest' at line 2165: [1.3761781062208962, 1.3761781062208962, 1, 100000, 145000, 155000, 175000, -1, 0, 0.04, 1, 'take_innsta_0.005', 20, 27, 48, 1.9899595907143028, 1.3761781062208962, 19]
2018-01-01 17:37:01.276 INFO in 'ProfileAnalyzerTest' at line 2165: [1.5361600811701352, 1.5361600811701352, 1, 100000, 150000, 155000, 175000, -1, 0, 0.04, 1, 'take_innsta_0.005', 20, 27, 50, 2.1014069594306903, 1.5361600811701352, 17]
2018-01-01 17:37:01.276 INFO in 'ProfileAnalyzerTest' at line 2165: [1.0414354742645007, 1.0414354742645007, 1, 100000, 150000, 155000, 180000, -1, 0, 0.03, 1, 'take_innsta_0.005', 20, 27, 45, 1.8164591777398293, 1.0414354742645007, 14]
2018-01-01 17:37:01.276 INFO in 'ProfileAnalyzerTest' at line 2165: [1.3875298541044174, 1.3875298541044174, 1, 100000, 151000, 155000, 175000, -1, 0, 0.03, 1, 'take_innsta_0.005', 20, 27, 51, 1.9835715770449203, 1.3875298541044174, 18]
2018-01-01 17:37:01.276 INFO in 'ProfileAnalyzerTest' at line 2165: [1.4119041855480945, 1.4119041855480945, 1, 100000, 145000, 155000, 175000, -1, 0, 0.03, 1, 'take_innsta_0.005', 20, 27, 50, 1.9867041244400674, 1.4119041855480945, 19]
2018-01-01 17:37:01.276 INFO in 'ProfileAnalyzerTest' at line 2165: [1.5760393501914007, 1.5760393501914007, 1, 100000, 150000, 155000, 175000, -1, 0, 0.03, 1, 'take_innsta_0.005', 20, 27, 52, 2.098151493156455, 1.5760393501914007, 17]
2018-01-01 17:37:01.276 INFO in 'ProfileAnalyzerTest' at line 2165: [1.0414354742645007, 1.0414354742645007, 1, 100000, 150000, 155000, 180000, -1, 0, 0.03, 1, 'take_innsta_0.005', 20, 27, 45, 1.8164591777398293, 1.0414354742645007, 14]
2018-01-01 17:37:01.278 INFO in 'ProfileAnalyzerTest' at line 2165: [1.3875298541044174, 1.3875298541044174, 1, 100000, 151000, 155000, 175000, -1, 0, 0.03, 1, 'take_innsta_0.005', 20, 27, 51, 1.9835715770449203, 1.3875298541044174, 18]
2018-01-01 17:37:01.278 INFO in 'ProfileAnalyzerTest' at line 2165: [1.4119041855480945, 1.4119041855480945, 1, 100000, 145000, 155000, 175000, -1, 0, 0.03, 1, 'take_innsta_0.005', 20, 27, 50, 1.9867041244400674, 1.4119041855480945, 19]
2018-01-01 17:37:01.278 INFO in 'ProfileAnalyzerTest' at line 2165: [1.5760393501914007, 1.5760393501914007, 1, 100000, 150000, 155000, 175000, -1, 0, 0.03, 1, 'take_innsta_0.005', 20, 27, 52, 2.098151493156455, 1.5760393501914007, 17]
2018-01-01 17:37:01.278 INFO in 'ProfileAnalyzerTest' at line 2165: [1.3393069627022491, 1.3393069627022491, 1, 100000, 151000, 155000, 175000, -1, 0, 0.04, 1, 'take_innsta_0.005', 20, 27, 49, 1.9798458867294944, 1.3393069627022491, 18]
2018-01-01 17:37:01.278 INFO in 'ProfileAnalyzerTest' at line 2165: [1.3761781062208962, 1.3761781062208962, 1, 100000, 145000, 155000, 175000, -1, 0, 0.04, 1, 'take_innsta_0.005', 20, 27, 48, 1.9899595907143028, 1.3761781062208962, 19]
2018-01-01 17:37:01.279 INFO in 'ProfileAnalyzerTest' at line 2165: [1.5361600811701352, 1.5361600811701352, 1, 100000, 150000, 155000, 175000, -1, 0, 0.04, 1, 'take_innsta_0.005', 20, 27, 50, 2.1014069594306903, 1.5361600811701352, 17]
2018-01-01 17:37:01.279 INFO in 'ProfileAnalyzerTest' at line 2165: [1.0414354742645007, 1.0414354742645007, 1, 100000, 150000, 155000, 180000, -1, 0, 0.03, 1, 'take_innsta_0.005', 20, 27, 45, 1.8164591777398293, 1.0414354742645007, 14]
2018-01-01 17:37:01.279 INFO in 'ProfileAnalyzerTest' at line 2165: [1.3875298541044174, 1.3875298541044174, 1, 100000, 151000, 155000, 175000, -1, 0, 0.03, 1, 'take_innsta_0.005', 20, 27, 51, 1.9835715770449203, 1.3875298541044174, 18]
2018-01-01 17:37:01.279 INFO in 'ProfileAnalyzerTest' at line 2165: [1.4119041855480945, 1.4119041855480945, 1, 100000, 145000, 155000, 175000, -1, 0, 0.03, 1, 'take_innsta_0.005', 20, 27, 50, 1.9867041244400674, 1.4119041855480945, 19]
2018-01-01 17:37:01.279 INFO in 'ProfileAnalyzerTest' at line 2165: [1.5760393501914007, 1.5760393501914007, 1, 100000, 150000, 155000, 175000, -1, 0, 0.03, 1, 'take_innsta_0.005', 20, 27, 52, 2.098151493156455, 1.5760393501914007, 17]
2018-01-01 17:37:01.279 INFO in 'ProfileAnalyzerTest' at line 2165: [1.1501707753504926, 1.1501707753504926, 1, 100000, 144000, 155000, 175000, -1, 0, 0.04, 1, 'take_innsta_0.005', 14, 27, 46, 1.8170352625198303, 1.1501707753504926, 19]
2018-01-01 17:37:01.279 INFO in 'ProfileAnalyzerTest' at line 2165: [1.6651154039388578, 1.6651154039388578, 1, 100000, 142000, 155000, 175000, -1, 0, 0.04, 1, 'take_innsta_0.005', 14, 27, 50, 2.200099461901115, 1.6651154039388578, 17]
2018-01-01 17:37:01.279 INFO in 'ProfileAnalyzerTest' at line 2165: [1.0025461574908212, 1.0025461574908212, 1, 100000, 141000, 155000, 175000, -1, 0, 0.03, 1, 'take_innsta_0.005', 14, 27, 48, 1.7116484850718916, 1.0025461574908212, 17]
2018-01-01 17:37:01.279 INFO in 'ProfileAnalyzerTest' at line 2165: [1.031328662892846, 1.031328662892846, 1, 100000, 142000, 155000, 180000, -1, 0, 0.03, 1, 'take_innsta_0.005', 14, 27, 43, 1.835142446465826, 1.031328662892846, 16]
2018-01-01 17:37:01.279 INFO in 'ProfileAnalyzerTest' at line 2165: [1.1286070024799115, 1.1286070024799115, 1, 100000, 144000, 155000, 175000, -1, 0, 0.03, 1, 'take_innsta_0.005', 14, 27, 48, 1.7739151507003434, 1.1286070024799115, 19]
2018-01-01 17:37:01.280 INFO in 'ProfileAnalyzerTest' at line 2165: [1.6747814505894911, 1.6747814505894911, 1, 100000, 142000, 155000, 175000, -1, 0, 0.03, 1, 'take_innsta_0.005', 14, 27, 50, 2.178024620495553, 1.6747814505894911, 17]
2018-01-01 17:37:01.280 INFO in 'ProfileAnalyzerTest' at line 2165: [1.6983722642531909, 1.6983722642531909, 1, 100000, 142000, 155000, 175000, -1, 0, 0.03, 1, 'take_innsta_0.0075', 14, 27, 48, 2.4635271568941683, 1.6983722642531909, 17]
2018-01-01 17:37:07.927 INFO in 'ProfileAnalyzerTest' at line 2119: AVG PVV 0.000117533241059
2018-01-01 17:37:07.930 INFO in 'ProfileAnalyzerTest' at line 2120: AVG Volume -3.59153621665e-05
2018-01-01 17:41:24.65 INFO in 'ProfileAnalyzerTest' at line 2165: [1.880740661619422, 1.880740661619422, 2, 100000, 125000, 132000, 172000, 1, 0, 0.04, 0, 'take_innsta_0.0075', 9, 0, 57, 3.564868087290496, 1.880740661619422, 0]
2018-01-01 17:41:24.65 INFO in 'ProfileAnalyzerTest' at line 2165: [2.019694201697116, 2.019694201697116, 2, 100000, 130000, 132000, 165000, 1, 0, 0.04, 0, 'take_innsta_0.0075', 9, 0, 51, 3.340454584498909, 2.019694201697116, 0]
2018-01-01 17:41:24.65 INFO in 'ProfileAnalyzerTest' at line 2165: [2.2268229890061773, 2.2268229890061773, 2, 100000, 131000, 132000, 170000, 1, 0, 0.04, 0, 'take_innsta_0.0075', 9, 0, 54, 3.3467355407578934, 2.2268229890061773, 1]
2018-01-01 17:41:24.65 INFO in 'ProfileAnalyzerTest' at line 2165: [2.391440324548297, 2.391440324548297, 2, 100000, 130000, 132000, 171000, 1, 0, 0.04, 0, 'take_innsta_0.0075', 9, 0, 55, 3.786167659897359, 2.391440324548297, 2]
2018-01-01 17:41:24.65 INFO in 'ProfileAnalyzerTest' at line 2165: [2.405663273499673, 2.405663273499673, 2, 100000, 125000, 131000, 180000, 1, 0, 0.04, 0, 'take_innsta_0.0075', 9, 0, 55, 4.154957657321685, 2.405663273499673, 0]
2018-01-01 17:41:24.65 INFO in 'ProfileAnalyzerTest' at line 2165: [2.6424036255472707, 2.6424036255472707, 2, 100000, 131000, 132000, 165000, 1, 0, 0.04, 0, 'take_innsta_0.0075', 9, 0, 56, 3.468686357737441, 2.6424036255472707, 1]
2018-01-01 17:41:24.65 INFO in 'ProfileAnalyzerTest' at line 2165: [2.6689823733215747, 2.6689823733215747, 2, 100000, 130000, 132000, 172000, 1, 0, 0.04, 0, 'take_innsta_0.0075', 9, 0, 57, 3.88064481800324, 2.6689823733215747, 0]
2018-01-01 17:41:24.66 INFO in 'ProfileAnalyzerTest' at line 2165: [2.9514762148178235, 2.9514762148178235, 2, 100000, 130000, 132000, 174000, 1, 0, 0.04, 0, 'take_innsta_0.0075', 9, 0, 62, 4.214249482694267, 2.9514762148178235, 1]
2018-01-01 17:41:24.66 INFO in 'ProfileAnalyzerTest' at line 2165: [3.103349736791376, 3.103349736791376, 2, 100000, 125000, 132000, 174000, 1, 0, 0.04, 0, 'take_innsta_0.0075', 9, 0, 62, 4.172604981699794, 3.103349736791376, 1]
2018-01-01 17:41:24.66 INFO in 'ProfileAnalyzerTest' at line 2165: [3.2800866158373347, 3.2800866158373347, 2, 100000, 125000, 132000, 175000, 1, 0, 0.04, 0, 'take_innsta_0.0075', 9, 0, 58, 4.283764096876265, 3.2800866158373347, 1]
2018-01-01 17:41:24.66 INFO in 'ProfileAnalyzerTest' at line 2165: [3.953665804335714, 3.953665804335714, 2, 100000, 131000, 132000, 171000, 1, 0, 0.04, 0, 'take_innsta_0.0075', 9, 0, 61, 4.02045092846362, 3.953665804335714, 2]
2018-01-01 17:41:24.66 INFO in 'ProfileAnalyzerTest' at line 2165: [4.130017745975195, 4.130017745975195, 2, 100000, 131000, 132000, 172000, 1, 0, 0.04, 0, 'take_innsta_0.0075', 9, 0, 63, 4.196126557470762, 4.130017745975195, 0]
2018-01-01 17:41:24.68 INFO in 'ProfileAnalyzerTest' at line 2165: [4.299630075341587, 4.299630075341587, 2, 100000, 125000, 132000, 173000, 1, 0, 0.04, 0, 'take_innsta_0.0075', 9, 0, 62, 4.264797948353104, 4.299630075341587, 1]
2018-01-01 17:41:24.68 INFO in 'ProfileAnalyzerTest' at line 2165: [4.408678258489382, 4.408678258489382, 2, 100000, 125000, 132000, 180000, 1, 0, 0.04, 0, 'take_innsta_0.0075', 9, 0, 55, 4.5275502625045, 4.408678258489382, 0]
2018-01-01 17:41:24.68 INFO in 'ProfileAnalyzerTest' at line 2165: [6.004825182578215, 6.004825182578215, 2, 100000, 130000, 132000, 173000, 1, 0, 0.04, 0, 'take_innsta_0.0075', 9, 0, 64, 4.642704258096574, 6.004825182578215, 1]
2018-01-01 17:41:24.68 INFO in 'ProfileAnalyzerTest' at line 2165: [10.73938407608093, 10.73938407608093, 2, 100000, 131000, 132000, 173000, 1, 0, 0.04, 0, 'take_innsta_0.0075', 9, 0, 64, 4.93588512661095, 10.73938407608093, 1]
2018-01-01 17:41:24.68 INFO in 'ProfileAnalyzerTest' at line 2165: [12.585951547867124, 12.585951547867124, 2, 100000, 131000, 132000, 175000, 1, 0, 0.04, 0, 'take_innsta_0.0075', 9, 0, 64, 5.247495349408428, 12.585951547867124, 1]
2018-01-01 17:41:24.69 INFO in 'ProfileAnalyzerTest' at line 2165: [15.082877357634885, 15.082877357634885, 2, 100000, 131000, 132000, 174000, 1, 0, 0.04, 0, 'take_innsta_0.0075', 9, 0, 71, 5.2952612408841055, 15.082877357634885, 0]
2018-01-01 17:41:24.69 INFO in 'ProfileAnalyzerTest' at line 2165: [17.151772014853442, 17.151772014853442, 2, 100000, 131000, 132000, 180000, 1, 0, 0.04, 0, 'take_innsta_0.0075', 9, 0, 67, 5.560709967320334, 17.151772014853442, 0]
2018-01-01 17:41:24.69 INFO in 'ProfileAnalyzerTest' at line 2165: [1.9384118889483513, 1.9384118889483513, 2, 100000, 130000, 134000, 173000, 1, 0, 0.02, 0, 'take_innsta_0.01', 9, 0, 60, 4.068365429716825, 1.9384118889483513, 1]
2018-01-01 17:41:24.69 INFO in 'ProfileAnalyzerTest' at line 2165: [2.340438567223302, 2.340438567223302, 2, 100000, 125000, 132000, 172000, 1, 0, 0.02, 0, 'take_innsta_0.01', 9, 0, 53, 4.207466840161334, 2.340438567223302, 0]
2018-01-01 17:41:24.69 INFO in 'ProfileAnalyzerTest' at line 2165: [2.4487758763439573, 2.4487758763439573, 2, 100000, 130000, 132000, 173000, 1, 0, 0.02, 0, 'take_innsta_0.01', 9, 0, 54, 4.236810699642675, 2.4487758763439573, 1]
2018-01-01 17:41:24.69 INFO in 'ProfileAnalyzerTest' at line 2165: [2.853489386805135, 2.853489386805135, 2, 100000, 131000, 132000, 171000, 1, 0, 0.02, 0, 'take_innsta_0.01', 9, 0, 45, 4.153641104264252, 2.853489386805135, 2]
2018-01-01 17:41:24.69 INFO in 'ProfileAnalyzerTest' at line 2165: [3.682771050974077, 3.682771050974077, 2, 100000, 131000, 132000, 172000, 1, 0, 0.02, 0, 'take_innsta_0.01', 9, 0, 47, 4.4815957616694755, 3.682771050974077, 0]
2018-01-01 17:41:24.69 INFO in 'ProfileAnalyzerTest' at line 2165: [3.880851735364814, 3.880851735364814, 2, 100000, 125000, 132000, 175000, 1, 0, 0.02, 0, 'take_innsta_0.01', 9, 0, 52, 4.773377218849341, 3.880851735364814, 1]
2018-01-01 17:41:24.69 INFO in 'ProfileAnalyzerTest' at line 2165: [4.016510084420222, 4.016510084420222, 2, 100000, 125000, 132000, 174000, 1, 0, 0.02, 0, 'take_innsta_0.01', 9, 0, 54, 4.720032458630681, 4.016510084420222, 1]
2018-01-01 17:41:24.69 INFO in 'ProfileAnalyzerTest' at line 2165: [4.656039739257422, 4.656039739257422, 2, 100000, 125000, 132000, 173000, 1, 0, 0.02, 0, 'take_innsta_0.01', 9, 0, 58, 4.819164426682082, 4.656039739257422, 1]
2018-01-01 17:41:24.71 INFO in 'ProfileAnalyzerTest' at line 2165: [4.954104264830551, 4.954104264830551, 2, 100000, 125000, 132000, 180000, 1, 0, 0.02, 0, 'take_innsta_0.01', 9, 0, 47, 5.217559981612978, 4.954104264830551, 0]
2018-01-01 17:41:24.71 INFO in 'ProfileAnalyzerTest' at line 2165: [8.027108634236587, 8.027108634236587, 2, 100000, 131000, 132000, 173000, 1, 0, 0.02, 0, 'take_innsta_0.01', 9, 0, 48, 5.181015185862069, 8.027108634236587, 1]
2018-01-01 17:41:24.71 INFO in 'ProfileAnalyzerTest' at line 2165: [11.253439537963663, 11.253439537963663, 2, 100000, 131000, 132000, 175000, 1, 0, 0.02, 0, 'take_innsta_0.01', 9, 0, 48, 5.616807083564911, 11.253439537963663, 1]
2018-01-01 17:41:24.71 INFO in 'ProfileAnalyzerTest' at line 2165: [13.262451473532472, 13.262451473532472, 2, 100000, 131000, 132000, 174000, 1, 0, 0.02, 0, 'take_innsta_0.01', 9, 0, 55, 5.6486013527679, 13.262451473532472, 0]
2018-01-01 17:41:24.71 INFO in 'ProfileAnalyzerTest' at line 2165: [18.970697809267037, 18.970697809267037, 2, 100000, 131000, 132000, 180000, 1, 0, 0.02, 0, 'take_innsta_0.01', 9, 0, 51, 6.335685451807658, 18.970697809267037, 0]
2018-01-01 17:41:24.71 INFO in 'ProfileAnalyzerTest' at line 2165: [1.9062543624272368, 1.9062543624272368, 2, 100000, 125000, 132000, 171000, 1, 0, 0.03, 0, 'take_innsta_0.01', 9, 0, 49, 4.048610839191883, 1.9062543624272368, 2]
2018-01-01 17:41:24.72 INFO in 'ProfileAnalyzerTest' at line 2165: [2.030057579406168, 2.030057579406168, 2, 100000, 125000, 131000, 173000, 1, 0, 0.03, 0, 'take_innsta_0.01', 9, 0, 50, 4.2095906315615785, 2.030057579406168, 1]
2018-01-01 17:41:24.72 INFO in 'ProfileAnalyzerTest' at line 2165: [2.148373716543204, 2.148373716543204, 2, 100000, 130000, 132000, 173000, 1, 0, 0.03, 0, 'take_innsta_0.01', 9, 0, 48, 4.1152204806287465, 2.148373716543204, 1]
2018-01-01 17:41:24.72 INFO in 'ProfileAnalyzerTest' at line 2165: [2.1972619620171465, 2.1972619620171465, 2, 100000, 125000, 132000, 172000, 1, 0, 0.03, 0, 'take_innsta_0.01', 9, 0, 49, 4.100020829415083, 2.1972619620171465, 0]
2018-01-01 17:41:24.72 INFO in 'ProfileAnalyzerTest' at line 2165: [2.485164611703717, 2.485164611703717, 2, 100000, 131000, 132000, 172000, 1, 0, 0.03, 0, 'take_innsta_0.01', 9, 0, 43, 4.199434673026012, 2.485164611703717, 0]
2018-01-01 17:41:24.72 INFO in 'ProfileAnalyzerTest' at line 2165: [2.644943920623873, 2.644943920623873, 2, 100000, 131000, 132000, 171000, 1, 0, 0.03, 0, 'take_innsta_0.01', 9, 0, 43, 4.129676970101714, 2.644943920623873, 2]
2018-01-01 17:41:24.72 INFO in 'ProfileAnalyzerTest' at line 2165: [3.238057197029306, 3.238057197029306, 2, 100000, 125000, 132000, 174000, 1, 0, 0.03, 0, 'take_innsta_0.01', 9, 0, 52, 4.591386373043084, 3.238057197029306, 1]
2018-01-01 17:41:24.72 INFO in 'ProfileAnalyzerTest' at line 2165: [4.307650775263168, 4.307650775263168, 2, 100000, 125000, 132000, 173000, 1, 0, 0.03, 0, 'take_innsta_0.01', 9, 0, 54, 4.6561658546003315, 4.307650775263168, 1]
2018-01-01 17:41:24.72 INFO in 'ProfileAnalyzerTest' at line 2165: [4.40858929463675, 4.40858929463675, 2, 100000, 125000, 132000, 175000, 1, 0, 0.03, 0, 'take_innsta_0.01', 9, 0, 54, 4.918815239588817, 4.40858929463675, 1]
2018-01-01 17:41:24.72 INFO in 'ProfileAnalyzerTest' at line 2165: [7.302633913696137, 7.302633913696137, 2, 100000, 131000, 132000, 173000, 1, 0, 0.03, 0, 'take_innsta_0.01', 9, 0, 44, 5.067676537080152, 7.302633913696137, 1]
2018-01-01 17:41:24.72 INFO in 'ProfileAnalyzerTest' at line 2165: [7.736807532049017, 7.736807532049017, 2, 100000, 125000, 132000, 180000, 1, 0, 0.03, 0, 'take_innsta_0.01', 9, 0, 47, 5.527153507267067, 7.736807532049017, 0]
2018-01-01 17:41:24.73 INFO in 'ProfileAnalyzerTest' at line 2165: [9.791299571436433, 9.791299571436433, 2, 100000, 131000, 132000, 175000, 1, 0, 0.03, 0, 'take_innsta_0.01', 9, 0, 46, 5.5912068400730925, 9.791299571436433, 1]
2018-01-01 17:41:24.73 INFO in 'ProfileAnalyzerTest' at line 2165: [12.007959813558111, 12.007959813558111, 2, 100000, 131000, 132000, 174000, 1, 0, 0.03, 0, 'take_innsta_0.01', 9, 0, 53, 5.633561803520868, 12.007959813558111, 0]
2018-01-01 17:41:24.73 INFO in 'ProfileAnalyzerTest' at line 2165: [19.918558227587067, 19.918558227587067, 2, 100000, 131000, 132000, 180000, 1, 0, 0.03, 0, 'take_innsta_0.01', 9, 0, 49, 6.410999710712091, 19.918558227587067, 0]
2018-01-01 17:41:24.73 INFO in 'ProfileAnalyzerTest' at line 2165: [1.880740661619422, 1.880740661619422, 2, 100000, 125000, 132000, 172000, 1, 0, 0.04, 0, 'take_innsta_0.0075', 9, 0, 57, 3.564868087290496, 1.880740661619422, 0]
2018-01-01 17:41:24.73 INFO in 'ProfileAnalyzerTest' at line 2165: [2.019694201697116, 2.019694201697116, 2, 100000, 130000, 132000, 165000, 1, 0, 0.04, 0, 'take_innsta_0.0075', 9, 0, 51, 3.340454584498909, 2.019694201697116, 0]
2018-01-01 17:41:24.75 INFO in 'ProfileAnalyzerTest' at line 2165: [2.2268229890061773, 2.2268229890061773, 2, 100000, 131000, 132000, 170000, 1, 0, 0.04, 0, 'take_innsta_0.0075', 9, 0, 54, 3.3467355407578934, 2.2268229890061773, 1]
2018-01-01 17:41:24.75 INFO in 'ProfileAnalyzerTest' at line 2165: [2.391440324548297, 2.391440324548297, 2, 100000, 130000, 132000, 171000, 1, 0, 0.04, 0, 'take_innsta_0.0075', 9, 0, 55, 3.786167659897359, 2.391440324548297, 2]
2018-01-01 17:41:24.75 INFO in 'ProfileAnalyzerTest' at line 2165: [2.405663273499673, 2.405663273499673, 2, 100000, 125000, 131000, 180000, 1, 0, 0.04, 0, 'take_innsta_0.0075', 9, 0, 55, 4.154957657321685, 2.405663273499673, 0]
2018-01-01 17:41:24.75 INFO in 'ProfileAnalyzerTest' at line 2165: [2.6424036255472707, 2.6424036255472707, 2, 100000, 131000, 132000, 165000, 1, 0, 0.04, 0, 'take_innsta_0.0075', 9, 0, 56, 3.468686357737441, 2.6424036255472707, 1]
2018-01-01 17:41:24.75 INFO in 'ProfileAnalyzerTest' at line 2165: [2.6689823733215747, 2.6689823733215747, 2, 100000, 130000, 132000, 172000, 1, 0, 0.04, 0, 'take_innsta_0.0075', 9, 0, 57, 3.88064481800324, 2.6689823733215747, 0]
2018-01-01 17:41:24.75 INFO in 'ProfileAnalyzerTest' at line 2165: [2.9514762148178235, 2.9514762148178235, 2, 100000, 130000, 132000, 174000, 1, 0, 0.04, 0, 'take_innsta_0.0075', 9, 0, 62, 4.214249482694267, 2.9514762148178235, 1]
2018-01-01 17:41:24.75 INFO in 'ProfileAnalyzerTest' at line 2165: [3.103349736791376, 3.103349736791376, 2, 100000, 125000, 132000, 174000, 1, 0, 0.04, 0, 'take_innsta_0.0075', 9, 0, 62, 4.172604981699794, 3.103349736791376, 1]
2018-01-01 17:41:24.75 INFO in 'ProfileAnalyzerTest' at line 2165: [3.2800866158373347, 3.2800866158373347, 2, 100000, 125000, 132000, 175000, 1, 0, 0.04, 0, 'take_innsta_0.0075', 9, 0, 58, 4.283764096876265, 3.2800866158373347, 1]
2018-01-01 17:41:24.75 INFO in 'ProfileAnalyzerTest' at line 2165: [3.953665804335714, 3.953665804335714, 2, 100000, 131000, 132000, 171000, 1, 0, 0.04, 0, 'take_innsta_0.0075', 9, 0, 61, 4.02045092846362, 3.953665804335714, 2]
2018-01-01 17:41:24.75 INFO in 'ProfileAnalyzerTest' at line 2165: [4.130017745975195, 4.130017745975195, 2, 100000, 131000, 132000, 172000, 1, 0, 0.04, 0, 'take_innsta_0.0075', 9, 0, 63, 4.196126557470762, 4.130017745975195, 0]
2018-01-01 17:41:24.76 INFO in 'ProfileAnalyzerTest' at line 2165: [4.299630075341587, 4.299630075341587, 2, 100000, 125000, 132000, 173000, 1, 0, 0.04, 0, 'take_innsta_0.0075', 9, 0, 62, 4.264797948353104, 4.299630075341587, 1]
2018-01-01 17:41:24.76 INFO in 'ProfileAnalyzerTest' at line 2165: [4.408678258489382, 4.408678258489382, 2, 100000, 125000, 132000, 180000, 1, 0, 0.04, 0, 'take_innsta_0.0075', 9, 0, 55, 4.5275502625045, 4.408678258489382, 0]
2018-01-01 17:41:24.76 INFO in 'ProfileAnalyzerTest' at line 2165: [6.004825182578215, 6.004825182578215, 2, 100000, 130000, 132000, 173000, 1, 0, 0.04, 0, 'take_innsta_0.0075', 9, 0, 64, 4.642704258096574, 6.004825182578215, 1]
2018-01-01 17:41:24.76 INFO in 'ProfileAnalyzerTest' at line 2165: [10.73938407608093, 10.73938407608093, 2, 100000, 131000, 132000, 173000, 1, 0, 0.04, 0, 'take_innsta_0.0075', 9, 0, 64, 4.93588512661095, 10.73938407608093, 1]
2018-01-01 17:41:24.76 INFO in 'ProfileAnalyzerTest' at line 2165: [12.585951547867124, 12.585951547867124, 2, 100000, 131000, 132000, 175000, 1, 0, 0.04, 0, 'take_innsta_0.0075', 9, 0, 64, 5.247495349408428, 12.585951547867124, 1]
2018-01-01 17:41:24.78 INFO in 'ProfileAnalyzerTest' at line 2165: [15.082877357634885, 15.082877357634885, 2, 100000, 131000, 132000, 174000, 1, 0, 0.04, 0, 'take_innsta_0.0075', 9, 0, 71, 5.2952612408841055, 15.082877357634885, 0]
2018-01-01 17:41:24.78 INFO in 'ProfileAnalyzerTest' at line 2165: [17.151772014853442, 17.151772014853442, 2, 100000, 131000, 132000, 180000, 1, 0, 0.04, 0, 'take_innsta_0.0075', 9, 0, 67, 5.560709967320334, 17.151772014853442, 0]
2018-01-01 17:41:24.78 INFO in 'ProfileAnalyzerTest' at line 2165: [1.9384118889483513, 1.9384118889483513, 2, 100000, 130000, 134000, 173000, 1, 0, 0.02, 0, 'take_innsta_0.01', 9, 0, 60, 4.068365429716825, 1.9384118889483513, 1]
2018-01-01 17:41:24.78 INFO in 'ProfileAnalyzerTest' at line 2165: [2.340438567223302, 2.340438567223302, 2, 100000, 125000, 132000, 172000, 1, 0, 0.02, 0, 'take_innsta_0.01', 9, 0, 53, 4.207466840161334, 2.340438567223302, 0]
2018-01-01 17:41:24.78 INFO in 'ProfileAnalyzerTest' at line 2165: [2.4487758763439573, 2.4487758763439573, 2, 100000, 130000, 132000, 173000, 1, 0, 0.02, 0, 'take_innsta_0.01', 9, 0, 54, 4.236810699642675, 2.4487758763439573, 1]
2018-01-01 17:41:24.78 INFO in 'ProfileAnalyzerTest' at line 2165: [2.853489386805135, 2.853489386805135, 2, 100000, 131000, 132000, 171000, 1, 0, 0.02, 0, 'take_innsta_0.01', 9, 0, 45, 4.153641104264252, 2.853489386805135, 2]
2018-01-01 17:41:24.78 INFO in 'ProfileAnalyzerTest' at line 2165: [3.682771050974077, 3.682771050974077, 2, 100000, 131000, 132000, 172000, 1, 0, 0.02, 0, 'take_innsta_0.01', 9, 0, 47, 4.4815957616694755, 3.682771050974077, 0]
2018-01-01 17:41:24.78 INFO in 'ProfileAnalyzerTest' at line 2165: [3.880851735364814, 3.880851735364814, 2, 100000, 125000, 132000, 175000, 1, 0, 0.02, 0, 'take_innsta_0.01', 9, 0, 52, 4.773377218849341, 3.880851735364814, 1]
2018-01-01 17:41:24.78 INFO in 'ProfileAnalyzerTest' at line 2165: [4.016510084420222, 4.016510084420222, 2, 100000, 125000, 132000, 174000, 1, 0, 0.02, 0, 'take_innsta_0.01', 9, 0, 54, 4.720032458630681, 4.016510084420222, 1]
2018-01-01 17:41:24.78 INFO in 'ProfileAnalyzerTest' at line 2165: [4.656039739257422, 4.656039739257422, 2, 100000, 125000, 132000, 173000, 1, 0, 0.02, 0, 'take_innsta_0.01', 9, 0, 58, 4.819164426682082, 4.656039739257422, 1]
2018-01-01 17:41:24.79 INFO in 'ProfileAnalyzerTest' at line 2165: [4.954104264830551, 4.954104264830551, 2, 100000, 125000, 132000, 180000, 1, 0, 0.02, 0, 'take_innsta_0.01', 9, 0, 47, 5.217559981612978, 4.954104264830551, 0]
2018-01-01 17:41:24.79 INFO in 'ProfileAnalyzerTest' at line 2165: [8.027108634236587, 8.027108634236587, 2, 100000, 131000, 132000, 173000, 1, 0, 0.02, 0, 'take_innsta_0.01', 9, 0, 48, 5.181015185862069, 8.027108634236587, 1]
2018-01-01 17:41:24.79 INFO in 'ProfileAnalyzerTest' at line 2165: [11.253439537963663, 11.253439537963663, 2, 100000, 131000, 132000, 175000, 1, 0, 0.02, 0, 'take_innsta_0.01', 9, 0, 48, 5.616807083564911, 11.253439537963663, 1]
2018-01-01 17:41:24.79 INFO in 'ProfileAnalyzerTest' at line 2165: [13.262451473532472, 13.262451473532472, 2, 100000, 131000, 132000, 174000, 1, 0, 0.02, 0, 'take_innsta_0.01', 9, 0, 55, 5.6486013527679, 13.262451473532472, 0]
2018-01-01 17:41:24.79 INFO in 'ProfileAnalyzerTest' at line 2165: [18.970697809267037, 18.970697809267037, 2, 100000, 131000, 132000, 180000, 1, 0, 0.02, 0, 'take_innsta_0.01', 9, 0, 51, 6.335685451807658, 18.970697809267037, 0]
2018-01-01 17:41:24.81 INFO in 'ProfileAnalyzerTest' at line 2165: [1.880740661619422, 1.880740661619422, 2, 100000, 125000, 132000, 172000, 1, 0, 0.04, 0, 'take_innsta_0.0075', 9, 0, 57, 3.564868087290496, 1.880740661619422, 0]
2018-01-01 17:41:24.81 INFO in 'ProfileAnalyzerTest' at line 2165: [2.019694201697116, 2.019694201697116, 2, 100000, 130000, 132000, 165000, 1, 0, 0.04, 0, 'take_innsta_0.0075', 9, 0, 51, 3.340454584498909, 2.019694201697116, 0]
2018-01-01 17:41:24.81 INFO in 'ProfileAnalyzerTest' at line 2165: [2.2268229890061773, 2.2268229890061773, 2, 100000, 131000, 132000, 170000, 1, 0, 0.04, 0, 'take_innsta_0.0075', 9, 0, 54, 3.3467355407578934, 2.2268229890061773, 1]
2018-01-01 17:41:24.81 INFO in 'ProfileAnalyzerTest' at line 2165: [2.391440324548297, 2.391440324548297, 2, 100000, 130000, 132000, 171000, 1, 0, 0.04, 0, 'take_innsta_0.0075', 9, 0, 55, 3.786167659897359, 2.391440324548297, 2]
2018-01-01 17:41:24.81 INFO in 'ProfileAnalyzerTest' at line 2165: [2.405663273499673, 2.405663273499673, 2, 100000, 125000, 131000, 180000, 1, 0, 0.04, 0, 'take_innsta_0.0075', 9, 0, 55, 4.154957657321685, 2.405663273499673, 0]
2018-01-01 17:41:24.81 INFO in 'ProfileAnalyzerTest' at line 2165: [2.6424036255472707, 2.6424036255472707, 2, 100000, 131000, 132000, 165000, 1, 0, 0.04, 0, 'take_innsta_0.0075', 9, 0, 56, 3.468686357737441, 2.6424036255472707, 1]
2018-01-01 17:41:24.82 INFO in 'ProfileAnalyzerTest' at line 2165: [2.6689823733215747, 2.6689823733215747, 2, 100000, 130000, 132000, 172000, 1, 0, 0.04, 0, 'take_innsta_0.0075', 9, 0, 57, 3.88064481800324, 2.6689823733215747, 0]
2018-01-01 17:41:24.82 INFO in 'ProfileAnalyzerTest' at line 2165: [2.9514762148178235, 2.9514762148178235, 2, 100000, 130000, 132000, 174000, 1, 0, 0.04, 0, 'take_innsta_0.0075', 9, 0, 62, 4.214249482694267, 2.9514762148178235, 1]
2018-01-01 17:41:24.82 INFO in 'ProfileAnalyzerTest' at line 2165: [3.103349736791376, 3.103349736791376, 2, 100000, 125000, 132000, 174000, 1, 0, 0.04, 0, 'take_innsta_0.0075', 9, 0, 62, 4.172604981699794, 3.103349736791376, 1]
2018-01-01 17:41:24.82 INFO in 'ProfileAnalyzerTest' at line 2165: [3.2800866158373347, 3.2800866158373347, 2, 100000, 125000, 132000, 175000, 1, 0, 0.04, 0, 'take_innsta_0.0075', 9, 0, 58, 4.283764096876265, 3.2800866158373347, 1]
2018-01-01 17:41:24.82 INFO in 'ProfileAnalyzerTest' at line 2165: [3.953665804335714, 3.953665804335714, 2, 100000, 131000, 132000, 171000, 1, 0, 0.04, 0, 'take_innsta_0.0075', 9, 0, 61, 4.02045092846362, 3.953665804335714, 2]
2018-01-01 17:41:24.82 INFO in 'ProfileAnalyzerTest' at line 2165: [4.130017745975195, 4.130017745975195, 2, 100000, 131000, 132000, 172000, 1, 0, 0.04, 0, 'take_innsta_0.0075', 9, 0, 63, 4.196126557470762, 4.130017745975195, 0]
2018-01-01 17:41:24.82 INFO in 'ProfileAnalyzerTest' at line 2165: [4.299630075341587, 4.299630075341587, 2, 100000, 125000, 132000, 173000, 1, 0, 0.04, 0, 'take_innsta_0.0075', 9, 0, 62, 4.264797948353104, 4.299630075341587, 1]
2018-01-01 17:41:24.82 INFO in 'ProfileAnalyzerTest' at line 2165: [4.408678258489382, 4.408678258489382, 2, 100000, 125000, 132000, 180000, 1, 0, 0.04, 0, 'take_innsta_0.0075', 9, 0, 55, 4.5275502625045, 4.408678258489382, 0]
2018-01-01 17:41:24.82 INFO in 'ProfileAnalyzerTest' at line 2165: [6.004825182578215, 6.004825182578215, 2, 100000, 130000, 132000, 173000, 1, 0, 0.04, 0, 'take_innsta_0.0075', 9, 0, 64, 4.642704258096574, 6.004825182578215, 1]
2018-01-01 17:41:24.82 INFO in 'ProfileAnalyzerTest' at line 2165: [10.73938407608093, 10.73938407608093, 2, 100000, 131000, 132000, 173000, 1, 0, 0.04, 0, 'take_innsta_0.0075', 9, 0, 64, 4.93588512661095, 10.73938407608093, 1]
2018-01-01 17:41:24.84 INFO in 'ProfileAnalyzerTest' at line 2165: [12.585951547867124, 12.585951547867124, 2, 100000, 131000, 132000, 175000, 1, 0, 0.04, 0, 'take_innsta_0.0075', 9, 0, 64, 5.247495349408428, 12.585951547867124, 1]
2018-01-01 17:41:24.84 INFO in 'ProfileAnalyzerTest' at line 2165: [15.082877357634885, 15.082877357634885, 2, 100000, 131000, 132000, 174000, 1, 0, 0.04, 0, 'take_innsta_0.0075', 9, 0, 71, 5.2952612408841055, 15.082877357634885, 0]
2018-01-01 17:41:24.84 INFO in 'ProfileAnalyzerTest' at line 2165: [17.151772014853442, 17.151772014853442, 2, 100000, 131000, 132000, 180000, 1, 0, 0.04, 0, 'take_innsta_0.0075', 9, 0, 67, 5.560709967320334, 17.151772014853442, 0]
2018-01-01 17:41:24.84 INFO in 'ProfileAnalyzerTest' at line 2165: [1.905652832389936, 1.905652832389936, 2, 100000, 125000, 132000, 171000, 1, 0, 0.04, 0, 'take_innsta_0.01', 9, 0, 51, 4.15788757087225, 1.905652832389936, 2]
2018-01-01 17:41:24.84 INFO in 'ProfileAnalyzerTest' at line 2165: [2.489262287844418, 2.489262287844418, 2, 100000, 131000, 132000, 172000, 1, 0, 0.04, 0, 'take_innsta_0.01', 9, 0, 47, 4.354200046415793, 2.489262287844418, 0]
2018-01-01 17:41:24.85 INFO in 'ProfileAnalyzerTest' at line 2165: [2.5618189276455623, 2.5618189276455623, 2, 100000, 125000, 132000, 174000, 1, 0, 0.04, 0, 'take_innsta_0.01', 9, 0, 50, 4.50068881205957, 2.5618189276455623, 1]
2018-01-01 17:41:24.85 INFO in 'ProfileAnalyzerTest' at line 2165: [2.603836489048212, 2.603836489048212, 2, 100000, 131000, 132000, 171000, 1, 0, 0.04, 0, 'take_innsta_0.01', 9, 0, 45, 4.290608533785227, 2.603836489048212, 2]
2018-01-01 17:41:24.85 INFO in 'ProfileAnalyzerTest' at line 2165: [2.7513367931939476, 2.7513367931939476, 2, 100000, 125000, 131000, 173000, 1, 0, 0.04, 0, 'take_innsta_0.01', 9, 0, 54, 4.851460795385692, 2.7513367931939476, 1]
2018-01-01 17:41:24.85 INFO in 'ProfileAnalyzerTest' at line 2165: [3.48508655262142, 3.48508655262142, 2, 100000, 125000, 132000, 175000, 1, 0, 0.04, 0, 'take_innsta_0.01', 9, 0, 54, 4.822602069383595, 3.48508655262142, 1]
2018-01-01 17:41:24.85 INFO in 'ProfileAnalyzerTest' at line 2165: [3.599881485182954, 3.599881485182954, 2, 100000, 125000, 132000, 173000, 1, 0, 0.04, 0, 'take_innsta_0.01', 9, 0, 52, 4.58248053320087, 3.599881485182954, 1]
2018-01-01 17:41:24.85 INFO in 'ProfileAnalyzerTest' at line 2165: [5.72443832011612, 5.72443832011612, 2, 100000, 125000, 132000, 180000, 1, 0, 0.04, 0, 'take_innsta_0.01', 9, 0, 45, 5.371985259925036, 5.72443832011612, 0]
2018-01-01 17:41:24.85 INFO in 'ProfileAnalyzerTest' at line 2165: [6.769413382921668, 6.769413382921668, 2, 100000, 131000, 132000, 173000, 1, 0, 0.04, 0, 'take_innsta_0.01', 9, 0, 44, 5.158751634786593, 6.769413382921668, 1]
2018-01-01 17:41:24.85 INFO in 'ProfileAnalyzerTest' at line 2165: [9.299718050057171, 9.299718050057171, 2, 100000, 131000, 132000, 175000, 1, 0, 0.04, 0, 'take_innsta_0.01', 9, 0, 48, 5.69502297789618, 9.299718050057171, 1]
2018-01-01 17:41:24.85 INFO in 'ProfileAnalyzerTest' at line 2165: [10.21126243917753, 10.21126243917753, 2, 100000, 131000, 132000, 174000, 1, 0, 0.04, 0, 'take_innsta_0.01', 9, 0, 53, 5.675943976676295, 10.21126243917753, 0]
2018-01-01 17:41:24.85 INFO in 'ProfileAnalyzerTest' at line 2165: [17.110858505031715, 17.110858505031715, 2, 100000, 131000, 132000, 180000, 1, 0, 0.04, 0, 'take_innsta_0.01', 9, 0, 49, 6.465468840988214, 17.110858505031715, 0]
2018-01-01 17:41:24.86 INFO in 'ProfileAnalyzerTest' at line 2165: [1.880740661619422, 1.880740661619422, 2, 100000, 125000, 132000, 172000, 1, 0, 0.04, 0, 'take_innsta_0.0075', 9, 0, 57, 3.564868087290496, 1.880740661619422, 0]
2018-01-01 17:41:24.86 INFO in 'ProfileAnalyzerTest' at line 2165: [2.019694201697116, 2.019694201697116, 2, 100000, 130000, 132000, 165000, 1, 0, 0.04, 0, 'take_innsta_0.0075', 9, 0, 51, 3.340454584498909, 2.019694201697116, 0]
2018-01-01 17:41:24.86 INFO in 'ProfileAnalyzerTest' at line 2165: [2.2268229890061773, 2.2268229890061773, 2, 100000, 131000, 132000, 170000, 1, 0, 0.04, 0, 'take_innsta_0.0075', 9, 0, 54, 3.3467355407578934, 2.2268229890061773, 1]
2018-01-01 17:41:24.86 INFO in 'ProfileAnalyzerTest' at line 2165: [2.391440324548297, 2.391440324548297, 2, 100000, 130000, 132000, 171000, 1, 0, 0.04, 0, 'take_innsta_0.0075', 9, 0, 55, 3.786167659897359, 2.391440324548297, 2]
2018-01-01 17:41:24.88 INFO in 'ProfileAnalyzerTest' at line 2165: [2.405663273499673, 2.405663273499673, 2, 100000, 125000, 131000, 180000, 1, 0, 0.04, 0, 'take_innsta_0.0075', 9, 0, 55, 4.154957657321685, 2.405663273499673, 0]
2018-01-01 17:41:24.88 INFO in 'ProfileAnalyzerTest' at line 2165: [2.6424036255472707, 2.6424036255472707, 2, 100000, 131000, 132000, 165000, 1, 0, 0.04, 0, 'take_innsta_0.0075', 9, 0, 56, 3.468686357737441, 2.6424036255472707, 1]
2018-01-01 17:41:24.88 INFO in 'ProfileAnalyzerTest' at line 2165: [2.6689823733215747, 2.6689823733215747, 2, 100000, 130000, 132000, 172000, 1, 0, 0.04, 0, 'take_innsta_0.0075', 9, 0, 57, 3.88064481800324, 2.6689823733215747, 0]
2018-01-01 17:41:24.88 INFO in 'ProfileAnalyzerTest' at line 2165: [2.9514762148178235, 2.9514762148178235, 2, 100000, 130000, 132000, 174000, 1, 0, 0.04, 0, 'take_innsta_0.0075', 9, 0, 62, 4.214249482694267, 2.9514762148178235, 1]
2018-01-01 17:41:24.88 INFO in 'ProfileAnalyzerTest' at line 2165: [3.103349736791376, 3.103349736791376, 2, 100000, 125000, 132000, 174000, 1, 0, 0.04, 0, 'take_innsta_0.0075', 9, 0, 62, 4.172604981699794, 3.103349736791376, 1]
2018-01-01 17:41:24.88 INFO in 'ProfileAnalyzerTest' at line 2165: [3.2800866158373347, 3.2800866158373347, 2, 100000, 125000, 132000, 175000, 1, 0, 0.04, 0, 'take_innsta_0.0075', 9, 0, 58, 4.283764096876265, 3.2800866158373347, 1]
2018-01-01 17:41:24.88 INFO in 'ProfileAnalyzerTest' at line 2165: [3.953665804335714, 3.953665804335714, 2, 100000, 131000, 132000, 171000, 1, 0, 0.04, 0, 'take_innsta_0.0075', 9, 0, 61, 4.02045092846362, 3.953665804335714, 2]
2018-01-01 17:41:24.88 INFO in 'ProfileAnalyzerTest' at line 2165: [4.130017745975195, 4.130017745975195, 2, 100000, 131000, 132000, 172000, 1, 0, 0.04, 0, 'take_innsta_0.0075', 9, 0, 63, 4.196126557470762, 4.130017745975195, 0]
2018-01-01 17:41:24.88 INFO in 'ProfileAnalyzerTest' at line 2165: [4.299630075341587, 4.299630075341587, 2, 100000, 125000, 132000, 173000, 1, 0, 0.04, 0, 'take_innsta_0.0075', 9, 0, 62, 4.264797948353104, 4.299630075341587, 1]
2018-01-01 17:41:24.88 INFO in 'ProfileAnalyzerTest' at line 2165: [4.408678258489382, 4.408678258489382, 2, 100000, 125000, 132000, 180000, 1, 0, 0.04, 0, 'take_innsta_0.0075', 9, 0, 55, 4.5275502625045, 4.408678258489382, 0]
2018-01-01 17:41:24.89 INFO in 'ProfileAnalyzerTest' at line 2165: [6.004825182578215, 6.004825182578215, 2, 100000, 130000, 132000, 173000, 1, 0, 0.04, 0, 'take_innsta_0.0075', 9, 0, 64, 4.642704258096574, 6.004825182578215, 1]
2018-01-01 17:41:24.89 INFO in 'ProfileAnalyzerTest' at line 2165: [10.73938407608093, 10.73938407608093, 2, 100000, 131000, 132000, 173000, 1, 0, 0.04, 0, 'take_innsta_0.0075', 9, 0, 64, 4.93588512661095, 10.73938407608093, 1]
2018-01-01 17:41:24.89 INFO in 'ProfileAnalyzerTest' at line 2165: [12.585951547867124, 12.585951547867124, 2, 100000, 131000, 132000, 175000, 1, 0, 0.04, 0, 'take_innsta_0.0075', 9, 0, 64, 5.247495349408428, 12.585951547867124, 1]
2018-01-01 17:41:24.89 INFO in 'ProfileAnalyzerTest' at line 2165: [15.082877357634885, 15.082877357634885, 2, 100000, 131000, 132000, 174000, 1, 0, 0.04, 0, 'take_innsta_0.0075', 9, 0, 71, 5.2952612408841055, 15.082877357634885, 0]
2018-01-01 17:41:24.89 INFO in 'ProfileAnalyzerTest' at line 2165: [17.151772014853442, 17.151772014853442, 2, 100000, 131000, 132000, 180000, 1, 0, 0.04, 0, 'take_innsta_0.0075', 9, 0, 67, 5.560709967320334, 17.151772014853442, 0]
2018-01-01 17:41:24.91 INFO in 'ProfileAnalyzerTest' at line 2165: [1.9384118889483513, 1.9384118889483513, 2, 100000, 130000, 134000, 173000, 1, 0, 0.02, 0, 'take_innsta_0.01', 9, 0, 60, 4.068365429716825, 1.9384118889483513, 1]
2018-01-01 17:41:24.91 INFO in 'ProfileAnalyzerTest' at line 2165: [2.340438567223302, 2.340438567223302, 2, 100000, 125000, 132000, 172000, 1, 0, 0.02, 0, 'take_innsta_0.01', 9, 0, 53, 4.207466840161334, 2.340438567223302, 0]
2018-01-01 17:41:24.91 INFO in 'ProfileAnalyzerTest' at line 2165: [2.4487758763439573, 2.4487758763439573, 2, 100000, 130000, 132000, 173000, 1, 0, 0.02, 0, 'take_innsta_0.01', 9, 0, 54, 4.236810699642675, 2.4487758763439573, 1]
2018-01-01 17:41:24.91 INFO in 'ProfileAnalyzerTest' at line 2165: [2.853489386805135, 2.853489386805135, 2, 100000, 131000, 132000, 171000, 1, 0, 0.02, 0, 'take_innsta_0.01', 9, 0, 45, 4.153641104264252, 2.853489386805135, 2]
2018-01-01 17:41:24.91 INFO in 'ProfileAnalyzerTest' at line 2165: [3.682771050974077, 3.682771050974077, 2, 100000, 131000, 132000, 172000, 1, 0, 0.02, 0, 'take_innsta_0.01', 9, 0, 47, 4.4815957616694755, 3.682771050974077, 0]
2018-01-01 17:41:24.91 INFO in 'ProfileAnalyzerTest' at line 2165: [3.880851735364814, 3.880851735364814, 2, 100000, 125000, 132000, 175000, 1, 0, 0.02, 0, 'take_innsta_0.01', 9, 0, 52, 4.773377218849341, 3.880851735364814, 1]
2018-01-01 17:41:24.92 INFO in 'ProfileAnalyzerTest' at line 2165: [4.016510084420222, 4.016510084420222, 2, 100000, 125000, 132000, 174000, 1, 0, 0.02, 0, 'take_innsta_0.01', 9, 0, 54, 4.720032458630681, 4.016510084420222, 1]
2018-01-01 17:41:24.92 INFO in 'ProfileAnalyzerTest' at line 2165: [4.656039739257422, 4.656039739257422, 2, 100000, 125000, 132000, 173000, 1, 0, 0.02, 0, 'take_innsta_0.01', 9, 0, 58, 4.819164426682082, 4.656039739257422, 1]
2018-01-01 17:41:24.92 INFO in 'ProfileAnalyzerTest' at line 2165: [4.954104264830551, 4.954104264830551, 2, 100000, 125000, 132000, 180000, 1, 0, 0.02, 0, 'take_innsta_0.01', 9, 0, 47, 5.217559981612978, 4.954104264830551, 0]
2018-01-01 17:41:24.92 INFO in 'ProfileAnalyzerTest' at line 2165: [8.027108634236587, 8.027108634236587, 2, 100000, 131000, 132000, 173000, 1, 0, 0.02, 0, 'take_innsta_0.01', 9, 0, 48, 5.181015185862069, 8.027108634236587, 1]
2018-01-01 17:41:24.92 INFO in 'ProfileAnalyzerTest' at line 2165: [11.253439537963663, 11.253439537963663, 2, 100000, 131000, 132000, 175000, 1, 0, 0.02, 0, 'take_innsta_0.01', 9, 0, 48, 5.616807083564911, 11.253439537963663, 1]
2018-01-01 17:41:24.92 INFO in 'ProfileAnalyzerTest' at line 2165: [13.262451473532472, 13.262451473532472, 2, 100000, 131000, 132000, 174000, 1, 0, 0.02, 0, 'take_innsta_0.01', 9, 0, 55, 5.6486013527679, 13.262451473532472, 0]
2018-01-01 17:41:24.92 INFO in 'ProfileAnalyzerTest' at line 2165: [18.970697809267037, 18.970697809267037, 2, 100000, 131000, 132000, 180000, 1, 0, 0.02, 0, 'take_innsta_0.01', 9, 0, 51, 6.335685451807658, 18.970697809267037, 0]
2018-01-01 17:41:24.92 INFO in 'ProfileAnalyzerTest' at line 2165: [1.9062543624272368, 1.9062543624272368, 2, 100000, 125000, 132000, 171000, 1, 0, 0.03, 0, 'take_innsta_0.01', 9, 0, 49, 4.048610839191883, 1.9062543624272368, 2]
2018-01-01 17:41:24.92 INFO in 'ProfileAnalyzerTest' at line 2165: [2.030057579406168, 2.030057579406168, 2, 100000, 125000, 131000, 173000, 1, 0, 0.03, 0, 'take_innsta_0.01', 9, 0, 50, 4.2095906315615785, 2.030057579406168, 1]
2018-01-01 17:41:24.92 INFO in 'ProfileAnalyzerTest' at line 2165: [2.148373716543204, 2.148373716543204, 2, 100000, 130000, 132000, 173000, 1, 0, 0.03, 0, 'take_innsta_0.01', 9, 0, 48, 4.1152204806287465, 2.148373716543204, 1]
2018-01-01 17:41:24.94 INFO in 'ProfileAnalyzerTest' at line 2165: [2.1972619620171465, 2.1972619620171465, 2, 100000, 125000, 132000, 172000, 1, 0, 0.03, 0, 'take_innsta_0.01', 9, 0, 49, 4.100020829415083, 2.1972619620171465, 0]
2018-01-01 17:41:24.94 INFO in 'ProfileAnalyzerTest' at line 2165: [2.485164611703717, 2.485164611703717, 2, 100000, 131000, 132000, 172000, 1, 0, 0.03, 0, 'take_innsta_0.01', 9, 0, 43, 4.199434673026012, 2.485164611703717, 0]
2018-01-01 17:41:24.94 INFO in 'ProfileAnalyzerTest' at line 2165: [2.644943920623873, 2.644943920623873, 2, 100000, 131000, 132000, 171000, 1, 0, 0.03, 0, 'take_innsta_0.01', 9, 0, 43, 4.129676970101714, 2.644943920623873, 2]
2018-01-01 17:41:24.94 INFO in 'ProfileAnalyzerTest' at line 2165: [3.238057197029306, 3.238057197029306, 2, 100000, 125000, 132000, 174000, 1, 0, 0.03, 0, 'take_innsta_0.01', 9, 0, 52, 4.591386373043084, 3.238057197029306, 1]
2018-01-01 17:41:24.94 INFO in 'ProfileAnalyzerTest' at line 2165: [4.307650775263168, 4.307650775263168, 2, 100000, 125000, 132000, 173000, 1, 0, 0.03, 0, 'take_innsta_0.01', 9, 0, 54, 4.6561658546003315, 4.307650775263168, 1]
2018-01-01 17:41:24.95 INFO in 'ProfileAnalyzerTest' at line 2165: [4.40858929463675, 4.40858929463675, 2, 100000, 125000, 132000, 175000, 1, 0, 0.03, 0, 'take_innsta_0.01', 9, 0, 54, 4.918815239588817, 4.40858929463675, 1]
2018-01-01 17:41:24.95 INFO in 'ProfileAnalyzerTest' at line 2165: [7.302633913696137, 7.302633913696137, 2, 100000, 131000, 132000, 173000, 1, 0, 0.03, 0, 'take_innsta_0.01', 9, 0, 44, 5.067676537080152, 7.302633913696137, 1]
2018-01-01 17:41:24.95 INFO in 'ProfileAnalyzerTest' at line 2165: [7.736807532049017, 7.736807532049017, 2, 100000, 125000, 132000, 180000, 1, 0, 0.03, 0, 'take_innsta_0.01', 9, 0, 47, 5.527153507267067, 7.736807532049017, 0]
2018-01-01 17:41:24.95 INFO in 'ProfileAnalyzerTest' at line 2165: [9.791299571436433, 9.791299571436433, 2, 100000, 131000, 132000, 175000, 1, 0, 0.03, 0, 'take_innsta_0.01', 9, 0, 46, 5.5912068400730925, 9.791299571436433, 1]
2018-01-01 17:41:24.95 INFO in 'ProfileAnalyzerTest' at line 2165: [12.007959813558111, 12.007959813558111, 2, 100000, 131000, 132000, 174000, 1, 0, 0.03, 0, 'take_innsta_0.01', 9, 0, 53, 5.633561803520868, 12.007959813558111, 0]
2018-01-01 17:41:24.95 INFO in 'ProfileAnalyzerTest' at line 2165: [19.918558227587067, 19.918558227587067, 2, 100000, 131000, 132000, 180000, 1, 0, 0.03, 0, 'take_innsta_0.01', 9, 0, 49, 6.410999710712091, 19.918558227587067, 0]
2018-01-01 17:41:30.709 INFO in 'ProfileAnalyzerTest' at line 2119: AVG PVV -0.000314562872463
2018-01-01 17:41:30.711 INFO in 'ProfileAnalyzerTest' at line 2120: AVG Volume -0.000212653845679
