2017-10-29 23:24:49.500 INFO in 'ProfileAnalyzerTest' at line 1936: (6, 0.024722316715148893, -0.0002405413494103721, [-0.011615384615384581, 0.008935601458080146, 0.0018887808671983492, 0.003701926858041606, 0.0, -0.0033081666978135287, -0.04046153846153855, 0.001214142225793637, 0.0, 0.013163481282577607, 0.0029520766773161195, 0.0, 0.006691742844297856, 0.0, 0.0, 0.0, 0.009309523809523991, 0.006140070649669928, 0.0096261512909559, 0.0, -0.0009377845220031027, 0.0, -0.0034269858886951648, 0.010613195342820127, -0.004221516978736959, 0.006438818565400741, -0.00436546422235373, 0.006567563505185616, 0.0, 0.0, 0.0, 0.005776049766718529, -0.009823285780027556, 0.0, -0.013305070656691618, -0.012064345817521803, -0.00976447751536724, -0.009493755203996644, 0.0, 0.0, 0.0, 0.0, 0.0, 0.0050770243581304015, -0.01591216895742542, 0.0, 0.0, 0.0005839793281654532, 0.008159160176091975, 0.0, 0.0, -0.0021731601731602695, -0.00268271036012979, -0.004311375268284621, -0.002161264312207754, 0.004039415130324022, 0.0, 0.0, -0.0033323464100665206, 0.004565126050420256, 0.0, -0.005692927484333031, -0.0003443708609271994, 0.0003656640757012681, -0.005873203547039128, 0.0, 0.01032583065380477, 0.0, 0.0, 0.0, 0.020122108660570293, 0.0, 0.030336134453781582, 0.0, -0.008086578473386672, 0.006349705304518729, 0.0, 0.0, -0.009649781434816094, 0.0, 0.0, 0.020555958340525926, 0.0, 0.0, 0.0, 0.0, -0.011828750602990821, 0.0, 0.0, -0.008559185925335553, 0.0, 0.007121245828698665, 0.0, -0.023417947446703002, 0.0, 0.0, 0.0, -0.0031155842266090677, 0.0, 0.0, -0.0009421571531333921, 0.0, 0.0, -0.03646901773261613, 0.0, -0.02273625349487418, 0.0, 0.0065625324338349795, -0.01931720725673458, 0.0, 0.0, 0.01860400790290706, 0.034164844407064576, 0.0, -0.006213483146067398, -0.001486357864022068, 0.0, 0.0, 0.00654961832061063, 0.0, 0.0, 0.0, 0.0, 0.0015810205908684], 60)
2017-10-29 23:24:49.500 INFO in 'ProfileAnalyzerTest' at line 1964: FEES_150105_170801.txt
2017-10-29 23:28:52.683 INFO in 'ProfileAnalyzerTest' at line 2020: [20.243037832921875, 20.243037832921875, 0, 100000, 110000, 124000, 171000, 1, 0, 0.01, 1, 'take_innsta_0.02', 9, 0, 35, 7.8577957526744395, 20.243037832921875, 1]
2017-10-29 23:28:52.684 INFO in 'ProfileAnalyzerTest' at line 2020: [20.255577595406198, 20.255577595406198, 0, 100000, 110000, 124000, 170000, 1, 0, 0.02, 1, 'take_innsta_0.015', 9, 0, 40, 7.504442480932186, 20.255577595406198, 2]
2017-10-29 23:28:52.684 INFO in 'ProfileAnalyzerTest' at line 2020: [24.010148087861335, 24.010148087861335, 0, 100000, 110000, 125000, 170000, 1, 0, 0.02, 1, 'take_innsta_0.015', 9, 0, 42, 7.688849058956479, 24.010148087861335, 2]
2017-10-29 23:28:52.684 INFO in 'ProfileAnalyzerTest' at line 2020: [20.864240950866236, 20.864240950866236, 0, 100000, 110000, 125000, 170000, 1, 0, 0.02, 1, 'take_innsta_0.02', 9, 0, 46, 7.7856536840531465, 20.864240950866236, 2]
2017-10-29 23:28:52.684 INFO in 'ProfileAnalyzerTest' at line 2020: [27.904466910546013, 27.904466910546013, 0, 100000, 110000, 124000, 171000, 1, 0, 0.02, 1, 'take_innsta_0.02', 9, 0, 43, 8.647006653828504, 27.904466910546013, 1]
2017-10-29 23:28:52.684 INFO in 'ProfileAnalyzerTest' at line 2020: [33.75732817016489, 33.75732817016489, 0, 100000, 110000, 124000, 170000, 1, 0, 0.02, 1, 'take_innsta_0.02', 9, 0, 46, 8.408529193778127, 33.75732817016489, 2]
2017-10-29 23:28:52.684 INFO in 'ProfileAnalyzerTest' at line 2020: [21.18621874941249, 21.18621874941249, 0, 100000, 111000, 112000, 180000, 1, 0, 0.03, 1, 'take_innsta_0.04', 9, 0, 39, 12.335583227590238, 21.18621874941249, 3]
2017-10-29 23:28:52.684 INFO in 'ProfileAnalyzerTest' at line 2020: [24.237718507439514, 24.237718507439514, 0, 100000, 111000, 112000, 175000, 1, 0, 0.03, 1, 'take_innsta_0.04', 9, 0, 44, 12.223547079315917, 24.237718507439514, 0]
2017-10-29 23:28:52.684 INFO in 'ProfileAnalyzerTest' at line 2020: [23.023360858183317, 23.023360858183317, 0, 100000, 110000, 124000, 170000, 1, 0, 0.02, 1, 'take_innsta_0.04', 9, 0, 40, 8.020322387946607, 23.023360858183317, 2]
2017-10-29 23:28:52.684 INFO in 'ProfileAnalyzerTest' at line 2020: [20.255577595406198, 20.255577595406198, 0, 100000, 110000, 124000, 170000, 1, 0, 0.02, 1, 'take_innsta_0.015', 9, 0, 40, 7.504442480932186, 20.255577595406198, 2]
2017-10-29 23:28:52.684 INFO in 'ProfileAnalyzerTest' at line 2020: [24.010148087861335, 24.010148087861335, 0, 100000, 110000, 125000, 170000, 1, 0, 0.02, 1, 'take_innsta_0.015', 9, 0, 42, 7.688849058956479, 24.010148087861335, 2]
2017-10-29 23:28:52.684 INFO in 'ProfileAnalyzerTest' at line 2020: [21.18621874941249, 21.18621874941249, 0, 100000, 111000, 112000, 180000, 1, 0, 0.03, 1, 'take_innsta_0.04', 9, 0, 39, 12.335583227590238, 21.18621874941249, 3]
2017-10-29 23:28:52.684 INFO in 'ProfileAnalyzerTest' at line 2020: [24.237718507439514, 24.237718507439514, 0, 100000, 111000, 112000, 175000, 1, 0, 0.03, 1, 'take_innsta_0.04', 9, 0, 44, 12.223547079315917, 24.237718507439514, 0]
2017-10-29 23:28:52.684 INFO in 'ProfileAnalyzerTest' at line 2020: [20.864240950866236, 20.864240950866236, 0, 100000, 110000, 125000, 170000, 1, 0, 0.02, 1, 'take_innsta_0.02', 9, 0, 46, 7.7856536840531465, 20.864240950866236, 2]
2017-10-29 23:28:52.687 INFO in 'ProfileAnalyzerTest' at line 2020: [27.904466910546013, 27.904466910546013, 0, 100000, 110000, 124000, 171000, 1, 0, 0.02, 1, 'take_innsta_0.02', 9, 0, 43, 8.647006653828504, 27.904466910546013, 1]
2017-10-29 23:28:52.687 INFO in 'ProfileAnalyzerTest' at line 2020: [33.75732817016489, 33.75732817016489, 0, 100000, 110000, 124000, 170000, 1, 0, 0.02, 1, 'take_innsta_0.02', 9, 0, 46, 8.408529193778127, 33.75732817016489, 2]
2017-10-29 23:28:52.687 INFO in 'ProfileAnalyzerTest' at line 2020: [20.864240950866236, 20.864240950866236, 0, 100000, 110000, 125000, 170000, 1, 0, 0.02, 1, 'take_innsta_0.02', 9, 0, 46, 7.7856536840531465, 20.864240950866236, 2]
2017-10-29 23:28:52.687 INFO in 'ProfileAnalyzerTest' at line 2020: [27.904466910546013, 27.904466910546013, 0, 100000, 110000, 124000, 171000, 1, 0, 0.02, 1, 'take_innsta_0.02', 9, 0, 43, 8.647006653828504, 27.904466910546013, 1]
2017-10-29 23:28:52.687 INFO in 'ProfileAnalyzerTest' at line 2020: [33.75732817016489, 33.75732817016489, 0, 100000, 110000, 124000, 170000, 1, 0, 0.02, 1, 'take_innsta_0.02', 9, 0, 46, 8.408529193778127, 33.75732817016489, 2]
2017-10-29 23:32:58.153 INFO in 'ProfileAnalyzerTest' at line 2020: [24.862821695616784, 24.862821695616784, 1, 100000, 111000, 120000, 154000, 1, 0, 0.04, 5, 'take_innsta_0.01', 9, 0, 22, 5.57053407365737, 24.862821695616784, 63]
2017-10-29 23:37:03.779 INFO in 'ProfileAnalyzerTest' at line 2020: [20.64417897662108, 20.64417897662108, 2, 100000, 114000, 141000, 175000, -1, 0, 0.03, 1, 'take_innsta_0.02', 20, 27, 33, 7.083981658615753, 20.64417897662108, 12]
2017-10-29 23:37:03.779 INFO in 'ProfileAnalyzerTest' at line 2020: [20.810499830702636, 20.810499830702636, 2, 100000, 115000, 141000, 174000, -1, 0, 0.03, 1, 'take_innsta_0.02', 20, 27, 40, 6.829831454965584, 20.810499830702636, 13]
2017-10-29 23:37:03.779 INFO in 'ProfileAnalyzerTest' at line 2020: [21.78826913795356, 21.78826913795356, 2, 100000, 111000, 142000, 174000, -1, 0, 0.03, 1, 'take_innsta_0.02', 20, 27, 37, 6.930179552841313, 21.78826913795356, 12]
2017-10-29 23:37:03.779 INFO in 'ProfileAnalyzerTest' at line 2020: [22.479532122305635, 22.479532122305635, 2, 100000, 114000, 142000, 174000, -1, 0, 0.03, 1, 'take_innsta_0.02', 20, 27, 41, 6.804422182577438, 22.479532122305635, 14]
2017-10-29 23:37:03.779 INFO in 'ProfileAnalyzerTest' at line 2020: [26.27619300744988, 26.27619300744988, 2, 100000, 114000, 141000, 174000, -1, 0, 0.03, 1, 'take_innsta_0.02', 20, 27, 44, 7.097085319277863, 26.27619300744988, 13]
2017-10-29 23:37:03.779 INFO in 'ProfileAnalyzerTest' at line 2020: [20.881148968982743, 20.881148968982743, 2, 100000, 104000, 142000, 174000, -1, 0, 0.04, 1, 'take_innsta_0.02', 14, 20, 40, 6.958382197349264, 20.881148968982743, 13]
2017-10-29 23:37:03.779 INFO in 'ProfileAnalyzerTest' at line 2020: [31.100458000393154, 31.100458000393154, 2, 100000, 104000, 141000, 174000, -1, 0, 0.04, 1, 'take_innsta_0.02', 14, 20, 41, 7.526532964502342, 31.100458000393154, 12]
2017-10-29 23:37:03.780 INFO in 'ProfileAnalyzerTest' at line 2020: [20.64417897662108, 20.64417897662108, 2, 100000, 114000, 141000, 175000, -1, 0, 0.03, 1, 'take_innsta_0.02', 20, 27, 33, 7.083981658615753, 20.64417897662108, 12]
2017-10-29 23:37:03.780 INFO in 'ProfileAnalyzerTest' at line 2020: [20.810499830702636, 20.810499830702636, 2, 100000, 115000, 141000, 174000, -1, 0, 0.03, 1, 'take_innsta_0.02', 20, 27, 40, 6.829831454965584, 20.810499830702636, 13]
2017-10-29 23:37:03.780 INFO in 'ProfileAnalyzerTest' at line 2020: [21.78826913795356, 21.78826913795356, 2, 100000, 111000, 142000, 174000, -1, 0, 0.03, 1, 'take_innsta_0.02', 20, 27, 37, 6.930179552841313, 21.78826913795356, 12]
2017-10-29 23:37:03.780 INFO in 'ProfileAnalyzerTest' at line 2020: [22.479532122305635, 22.479532122305635, 2, 100000, 114000, 142000, 174000, -1, 0, 0.03, 1, 'take_innsta_0.02', 20, 27, 41, 6.804422182577438, 22.479532122305635, 14]
2017-10-29 23:37:03.780 INFO in 'ProfileAnalyzerTest' at line 2020: [26.27619300744988, 26.27619300744988, 2, 100000, 114000, 141000, 174000, -1, 0, 0.03, 1, 'take_innsta_0.02', 20, 27, 44, 7.097085319277863, 26.27619300744988, 13]
2017-10-29 23:37:03.782 INFO in 'ProfileAnalyzerTest' at line 2020: [20.56471063219172, 20.56471063219172, 2, 100000, 114000, 141000, 175000, -1, 0, 0.04, 1, 'take_innsta_0.02', 20, 27, 31, 7.105676814416774, 20.56471063219172, 12]
2017-10-29 23:37:03.782 INFO in 'ProfileAnalyzerTest' at line 2020: [22.266803719957377, 22.266803719957377, 2, 100000, 115000, 141000, 174000, -1, 0, 0.04, 1, 'take_innsta_0.02', 20, 27, 40, 6.920123873987286, 22.266803719957377, 13]
2017-10-29 23:37:03.782 INFO in 'ProfileAnalyzerTest' at line 2020: [26.41405929937114, 26.41405929937114, 2, 100000, 114000, 141000, 174000, -1, 0, 0.04, 1, 'take_innsta_0.02', 20, 27, 42, 7.129964727651268, 26.41405929937114, 13]
2017-10-29 23:37:03.782 INFO in 'ProfileAnalyzerTest' at line 2020: [20.64417897662108, 20.64417897662108, 2, 100000, 114000, 141000, 175000, -1, 0, 0.03, 1, 'take_innsta_0.02', 20, 27, 33, 7.083981658615753, 20.64417897662108, 12]
2017-10-29 23:37:03.782 INFO in 'ProfileAnalyzerTest' at line 2020: [20.810499830702636, 20.810499830702636, 2, 100000, 115000, 141000, 174000, -1, 0, 0.03, 1, 'take_innsta_0.02', 20, 27, 40, 6.829831454965584, 20.810499830702636, 13]
2017-10-29 23:37:03.783 INFO in 'ProfileAnalyzerTest' at line 2020: [21.78826913795356, 21.78826913795356, 2, 100000, 111000, 142000, 174000, -1, 0, 0.03, 1, 'take_innsta_0.02', 20, 27, 37, 6.930179552841313, 21.78826913795356, 12]
2017-10-29 23:37:03.783 INFO in 'ProfileAnalyzerTest' at line 2020: [22.479532122305635, 22.479532122305635, 2, 100000, 114000, 142000, 174000, -1, 0, 0.03, 1, 'take_innsta_0.02', 20, 27, 41, 6.804422182577438, 22.479532122305635, 14]
2017-10-29 23:37:03.783 INFO in 'ProfileAnalyzerTest' at line 2020: [26.27619300744988, 26.27619300744988, 2, 100000, 114000, 141000, 174000, -1, 0, 0.03, 1, 'take_innsta_0.02', 20, 27, 44, 7.097085319277863, 26.27619300744988, 13]
2017-10-29 23:37:03.783 INFO in 'ProfileAnalyzerTest' at line 2020: [24.23884488332333, 24.23884488332333, 2, 100000, 104000, 142000, 174000, -1, 0, 0.03, 1, 'take_innsta_0.02', 14, 20, 40, 7.1344718851150315, 24.23884488332333, 13]
2017-10-29 23:37:03.783 INFO in 'ProfileAnalyzerTest' at line 2020: [26.72681294379191, 26.72681294379191, 2, 100000, 104000, 141000, 174000, -1, 0, 0.03, 1, 'take_innsta_0.02', 14, 20, 41, 7.343634282114598, 26.72681294379191, 12]
2017-10-29 23:37:03.783 INFO in 'ProfileAnalyzerTest' at line 2020: [20.64417897662108, 20.64417897662108, 2, 100000, 114000, 141000, 175000, -1, 0, 0.03, 1, 'take_innsta_0.02', 20, 27, 33, 7.083981658615753, 20.64417897662108, 12]
2017-10-29 23:37:03.783 INFO in 'ProfileAnalyzerTest' at line 2020: [20.810499830702636, 20.810499830702636, 2, 100000, 115000, 141000, 174000, -1, 0, 0.03, 1, 'take_innsta_0.02', 20, 27, 40, 6.829831454965584, 20.810499830702636, 13]
2017-10-29 23:37:03.785 INFO in 'ProfileAnalyzerTest' at line 2020: [21.78826913795356, 21.78826913795356, 2, 100000, 111000, 142000, 174000, -1, 0, 0.03, 1, 'take_innsta_0.02', 20, 27, 37, 6.930179552841313, 21.78826913795356, 12]
2017-10-29 23:37:03.785 INFO in 'ProfileAnalyzerTest' at line 2020: [22.479532122305635, 22.479532122305635, 2, 100000, 114000, 142000, 174000, -1, 0, 0.03, 1, 'take_innsta_0.02', 20, 27, 41, 6.804422182577438, 22.479532122305635, 14]
2017-10-29 23:37:03.785 INFO in 'ProfileAnalyzerTest' at line 2020: [26.27619300744988, 26.27619300744988, 2, 100000, 114000, 141000, 174000, -1, 0, 0.03, 1, 'take_innsta_0.02', 20, 27, 44, 7.097085319277863, 26.27619300744988, 13]
2017-10-29 23:37:03.785 INFO in 'ProfileAnalyzerTest' at line 2020: [20.56471063219172, 20.56471063219172, 2, 100000, 114000, 141000, 175000, -1, 0, 0.04, 1, 'take_innsta_0.02', 20, 27, 31, 7.105676814416774, 20.56471063219172, 12]
2017-10-29 23:37:03.785 INFO in 'ProfileAnalyzerTest' at line 2020: [22.266803719957377, 22.266803719957377, 2, 100000, 115000, 141000, 174000, -1, 0, 0.04, 1, 'take_innsta_0.02', 20, 27, 40, 6.920123873987286, 22.266803719957377, 13]
2017-10-29 23:37:03.785 INFO in 'ProfileAnalyzerTest' at line 2020: [26.41405929937114, 26.41405929937114, 2, 100000, 114000, 141000, 174000, -1, 0, 0.04, 1, 'take_innsta_0.02', 20, 27, 42, 7.129964727651268, 26.41405929937114, 13]
2017-10-29 23:37:03.785 INFO in 'ProfileAnalyzerTest' at line 2020: [24.23884488332333, 24.23884488332333, 2, 100000, 104000, 142000, 174000, -1, 0, 0.03, 1, 'take_innsta_0.02', 14, 20, 40, 7.1344718851150315, 24.23884488332333, 13]
2017-10-29 23:37:03.786 INFO in 'ProfileAnalyzerTest' at line 2020: [26.72681294379191, 26.72681294379191, 2, 100000, 104000, 141000, 174000, -1, 0, 0.03, 1, 'take_innsta_0.02', 14, 20, 41, 7.343634282114598, 26.72681294379191, 12]
2017-10-29 23:37:03.786 INFO in 'ProfileAnalyzerTest' at line 2020: [20.881148968982743, 20.881148968982743, 2, 100000, 104000, 142000, 174000, -1, 0, 0.04, 1, 'take_innsta_0.02', 14, 20, 40, 6.958382197349264, 20.881148968982743, 13]
2017-10-29 23:37:03.786 INFO in 'ProfileAnalyzerTest' at line 2020: [31.100458000393154, 31.100458000393154, 2, 100000, 104000, 141000, 174000, -1, 0, 0.04, 1, 'take_innsta_0.02', 14, 20, 41, 7.526532964502342, 31.100458000393154, 12]
2017-10-29 23:41:09.569 INFO in 'ProfileAnalyzerTest' at line 2020: [20.175929369309472, 20.175929369309472, 3, 100000, 112000, 123000, 175000, 1, 0, 0.04, 2, 'take_innsta_0.015', 9, 0, 33, 7.746029844852527, 20.175929369309472, 10]
2017-10-29 23:41:09.569 INFO in 'ProfileAnalyzerTest' at line 2020: [20.929059320293824, 20.929059320293824, 3, 100000, 113000, 123000, 170000, 1, 0, 0.04, 2, 'take_innsta_0.015', 9, 0, 42, 6.536107216446258, 20.929059320293824, 19]
2017-10-29 23:41:09.571 INFO in 'ProfileAnalyzerTest' at line 2020: [21.623965461309822, 21.623965461309822, 3, 100000, 113000, 123000, 174000, 1, 0, 0.04, 2, 'take_innsta_0.015', 9, 0, 35, 7.1629564549592715, 21.623965461309822, 12]
2017-10-29 23:41:09.571 INFO in 'ProfileAnalyzerTest' at line 2020: [22.387809284391064, 22.387809284391064, 3, 100000, 112000, 123000, 170000, 1, 0, 0.04, 2, 'take_innsta_0.015', 9, 0, 42, 7.2407985954430965, 22.387809284391064, 21]
2017-10-29 23:41:09.571 INFO in 'ProfileAnalyzerTest' at line 2020: [23.535112225536484, 23.535112225536484, 3, 100000, 104000, 122000, 152000, 1, 0, 0.04, 2, 'take_innsta_0.015', 9, 0, 31, 6.428115197999807, 23.535112225536484, 34]
2017-10-29 23:41:09.571 INFO in 'ProfileAnalyzerTest' at line 2020: [39.1464968666196, 39.1464968666196, 3, 100000, 112000, 123000, 174000, 1, 0, 0.04, 2, 'take_innsta_0.015', 9, 0, 38, 8.078852987772793, 39.1464968666196, 13]
2017-10-29 23:41:09.571 INFO in 'ProfileAnalyzerTest' at line 2020: [21.701768591662578, 21.701768591662578, 3, 100000, 113000, 131000, 175000, 1, 0, 0.04, 1, 'take_innsta_0.02', 9, 0, 51, 9.402768739305163, 21.701768591662578, 2]
2017-10-29 23:41:09.571 INFO in 'ProfileAnalyzerTest' at line 2020: [21.986846259823647, 21.986846259823647, 3, 100000, 113000, 132000, 172000, 1, 0, 0.04, 1, 'take_innsta_0.02', 9, 0, 46, 8.731438700242146, 21.986846259823647, 3]
2017-10-29 23:41:09.572 INFO in 'ProfileAnalyzerTest' at line 2020: [24.259889131969253, 24.259889131969253, 3, 100000, 113000, 132000, 170000, 1, 0, 0.04, 1, 'take_innsta_0.02', 9, 0, 44, 8.606288746424323, 24.259889131969253, 3]
2017-10-29 23:41:09.572 INFO in 'ProfileAnalyzerTest' at line 2020: [29.71787966749932, 29.71787966749932, 3, 100000, 112000, 132000, 175000, 1, 0, 0.04, 1, 'take_innsta_0.02', 9, 0, 41, 9.49704234821745, 29.71787966749932, 2]
2017-10-29 23:41:09.572 INFO in 'ProfileAnalyzerTest' at line 2020: [46.31314611741845, 46.31314611741845, 3, 100000, 113000, 132000, 174000, 1, 0, 0.04, 1, 'take_innsta_0.02', 9, 0, 46, 10.189750697593688, 46.31314611741845, 3]
2017-10-29 23:41:09.572 INFO in 'ProfileAnalyzerTest' at line 2020: [52.457024041560814, 52.457024041560814, 3, 100000, 113000, 132000, 175000, 1, 0, 0.04, 1, 'take_innsta_0.02', 9, 0, 47, 10.451082915771359, 52.457024041560814, 2]
2017-10-29 23:41:09.572 INFO in 'ProfileAnalyzerTest' at line 2020: [21.701768591662578, 21.701768591662578, 3, 100000, 113000, 131000, 175000, 1, 0, 0.04, 1, 'take_innsta_0.02', 9, 0, 51, 9.402768739305163, 21.701768591662578, 2]
2017-10-29 23:41:09.572 INFO in 'ProfileAnalyzerTest' at line 2020: [21.986846259823647, 21.986846259823647, 3, 100000, 113000, 132000, 172000, 1, 0, 0.04, 1, 'take_innsta_0.02', 9, 0, 46, 8.731438700242146, 21.986846259823647, 3]
2017-10-29 23:41:09.572 INFO in 'ProfileAnalyzerTest' at line 2020: [24.259889131969253, 24.259889131969253, 3, 100000, 113000, 132000, 170000, 1, 0, 0.04, 1, 'take_innsta_0.02', 9, 0, 44, 8.606288746424323, 24.259889131969253, 3]
2017-10-29 23:41:09.572 INFO in 'ProfileAnalyzerTest' at line 2020: [29.71787966749932, 29.71787966749932, 3, 100000, 112000, 132000, 175000, 1, 0, 0.04, 1, 'take_innsta_0.02', 9, 0, 41, 9.49704234821745, 29.71787966749932, 2]
2017-10-29 23:41:09.572 INFO in 'ProfileAnalyzerTest' at line 2020: [46.31314611741845, 46.31314611741845, 3, 100000, 113000, 132000, 174000, 1, 0, 0.04, 1, 'take_innsta_0.02', 9, 0, 46, 10.189750697593688, 46.31314611741845, 3]
2017-10-29 23:41:09.572 INFO in 'ProfileAnalyzerTest' at line 2020: [52.457024041560814, 52.457024041560814, 3, 100000, 113000, 132000, 175000, 1, 0, 0.04, 1, 'take_innsta_0.02', 9, 0, 47, 10.451082915771359, 52.457024041560814, 2]
2017-10-29 23:41:09.572 INFO in 'ProfileAnalyzerTest' at line 2020: [20.175929369309472, 20.175929369309472, 3, 100000, 112000, 123000, 175000, 1, 0, 0.04, 2, 'take_innsta_0.015', 9, 0, 33, 7.746029844852527, 20.175929369309472, 10]
2017-10-29 23:41:09.572 INFO in 'ProfileAnalyzerTest' at line 2020: [20.929059320293824, 20.929059320293824, 3, 100000, 113000, 123000, 170000, 1, 0, 0.04, 2, 'take_innsta_0.015', 9, 0, 42, 6.536107216446258, 20.929059320293824, 19]
2017-10-29 23:41:09.575 INFO in 'ProfileAnalyzerTest' at line 2020: [21.623965461309822, 21.623965461309822, 3, 100000, 113000, 123000, 174000, 1, 0, 0.04, 2, 'take_innsta_0.015', 9, 0, 35, 7.1629564549592715, 21.623965461309822, 12]
2017-10-29 23:41:09.575 INFO in 'ProfileAnalyzerTest' at line 2020: [22.387809284391064, 22.387809284391064, 3, 100000, 112000, 123000, 170000, 1, 0, 0.04, 2, 'take_innsta_0.015', 9, 0, 42, 7.2407985954430965, 22.387809284391064, 21]
2017-10-29 23:41:09.575 INFO in 'ProfileAnalyzerTest' at line 2020: [23.535112225536484, 23.535112225536484, 3, 100000, 104000, 122000, 152000, 1, 0, 0.04, 2, 'take_innsta_0.015', 9, 0, 31, 6.428115197999807, 23.535112225536484, 34]
2017-10-29 23:41:09.575 INFO in 'ProfileAnalyzerTest' at line 2020: [39.1464968666196, 39.1464968666196, 3, 100000, 112000, 123000, 174000, 1, 0, 0.04, 2, 'take_innsta_0.015', 9, 0, 38, 8.078852987772793, 39.1464968666196, 13]
2017-10-29 23:41:09.575 INFO in 'ProfileAnalyzerTest' at line 2020: [20.175929369309472, 20.175929369309472, 3, 100000, 112000, 123000, 175000, 1, 0, 0.04, 2, 'take_innsta_0.015', 9, 0, 33, 7.746029844852527, 20.175929369309472, 10]
2017-10-29 23:41:09.575 INFO in 'ProfileAnalyzerTest' at line 2020: [20.929059320293824, 20.929059320293824, 3, 100000, 113000, 123000, 170000, 1, 0, 0.04, 2, 'take_innsta_0.015', 9, 0, 42, 6.536107216446258, 20.929059320293824, 19]
2017-10-29 23:41:09.575 INFO in 'ProfileAnalyzerTest' at line 2020: [21.623965461309822, 21.623965461309822, 3, 100000, 113000, 123000, 174000, 1, 0, 0.04, 2, 'take_innsta_0.015', 9, 0, 35, 7.1629564549592715, 21.623965461309822, 12]
2017-10-29 23:41:09.575 INFO in 'ProfileAnalyzerTest' at line 2020: [22.387809284391064, 22.387809284391064, 3, 100000, 112000, 123000, 170000, 1, 0, 0.04, 2, 'take_innsta_0.015', 9, 0, 42, 7.2407985954430965, 22.387809284391064, 21]
2017-10-29 23:41:09.575 INFO in 'ProfileAnalyzerTest' at line 2020: [23.535112225536484, 23.535112225536484, 3, 100000, 104000, 122000, 152000, 1, 0, 0.04, 2, 'take_innsta_0.015', 9, 0, 31, 6.428115197999807, 23.535112225536484, 34]
2017-10-29 23:41:09.575 INFO in 'ProfileAnalyzerTest' at line 2020: [39.1464968666196, 39.1464968666196, 3, 100000, 112000, 123000, 174000, 1, 0, 0.04, 2, 'take_innsta_0.015', 9, 0, 38, 8.078852987772793, 39.1464968666196, 13]
2017-10-29 23:41:09.575 INFO in 'ProfileAnalyzerTest' at line 2020: [21.701768591662578, 21.701768591662578, 3, 100000, 113000, 131000, 175000, 1, 0, 0.04, 1, 'take_innsta_0.02', 9, 0, 51, 9.402768739305163, 21.701768591662578, 2]
2017-10-29 23:41:09.575 INFO in 'ProfileAnalyzerTest' at line 2020: [21.986846259823647, 21.986846259823647, 3, 100000, 113000, 132000, 172000, 1, 0, 0.04, 1, 'take_innsta_0.02', 9, 0, 46, 8.731438700242146, 21.986846259823647, 3]
2017-10-29 23:41:09.575 INFO in 'ProfileAnalyzerTest' at line 2020: [24.259889131969253, 24.259889131969253, 3, 100000, 113000, 132000, 170000, 1, 0, 0.04, 1, 'take_innsta_0.02', 9, 0, 44, 8.606288746424323, 24.259889131969253, 3]
2017-10-29 23:41:09.576 INFO in 'ProfileAnalyzerTest' at line 2020: [29.71787966749932, 29.71787966749932, 3, 100000, 112000, 132000, 175000, 1, 0, 0.04, 1, 'take_innsta_0.02', 9, 0, 41, 9.49704234821745, 29.71787966749932, 2]
2017-10-29 23:41:09.576 INFO in 'ProfileAnalyzerTest' at line 2020: [46.31314611741845, 46.31314611741845, 3, 100000, 113000, 132000, 174000, 1, 0, 0.04, 1, 'take_innsta_0.02', 9, 0, 46, 10.189750697593688, 46.31314611741845, 3]
2017-10-29 23:41:09.576 INFO in 'ProfileAnalyzerTest' at line 2020: [52.457024041560814, 52.457024041560814, 3, 100000, 113000, 132000, 175000, 1, 0, 0.04, 1, 'take_innsta_0.02', 9, 0, 47, 10.451082915771359, 52.457024041560814, 2]
2017-10-29 23:41:09.576 INFO in 'ProfileAnalyzerTest' at line 2020: [21.701768591662578, 21.701768591662578, 3, 100000, 113000, 131000, 175000, 1, 0, 0.04, 1, 'take_innsta_0.02', 9, 0, 51, 9.402768739305163, 21.701768591662578, 2]
2017-10-29 23:41:09.576 INFO in 'ProfileAnalyzerTest' at line 2020: [21.986846259823647, 21.986846259823647, 3, 100000, 113000, 132000, 172000, 1, 0, 0.04, 1, 'take_innsta_0.02', 9, 0, 46, 8.731438700242146, 21.986846259823647, 3]
2017-10-29 23:41:09.576 INFO in 'ProfileAnalyzerTest' at line 2020: [24.259889131969253, 24.259889131969253, 3, 100000, 113000, 132000, 170000, 1, 0, 0.04, 1, 'take_innsta_0.02', 9, 0, 44, 8.606288746424323, 24.259889131969253, 3]
2017-10-29 23:41:09.578 INFO in 'ProfileAnalyzerTest' at line 2020: [29.71787966749932, 29.71787966749932, 3, 100000, 112000, 132000, 175000, 1, 0, 0.04, 1, 'take_innsta_0.02', 9, 0, 41, 9.49704234821745, 29.71787966749932, 2]
2017-10-29 23:41:09.578 INFO in 'ProfileAnalyzerTest' at line 2020: [46.31314611741845, 46.31314611741845, 3, 100000, 113000, 132000, 174000, 1, 0, 0.04, 1, 'take_innsta_0.02', 9, 0, 46, 10.189750697593688, 46.31314611741845, 3]
2017-10-29 23:41:09.578 INFO in 'ProfileAnalyzerTest' at line 2020: [52.457024041560814, 52.457024041560814, 3, 100000, 113000, 132000, 175000, 1, 0, 0.04, 1, 'take_innsta_0.02', 9, 0, 47, 10.451082915771359, 52.457024041560814, 2]
2017-10-29 23:41:09.578 INFO in 'ProfileAnalyzerTest' at line 2020: [20.175929369309472, 20.175929369309472, 3, 100000, 112000, 123000, 175000, 1, 0, 0.04, 2, 'take_innsta_0.015', 9, 0, 33, 7.746029844852527, 20.175929369309472, 10]
2017-10-29 23:41:09.578 INFO in 'ProfileAnalyzerTest' at line 2020: [20.929059320293824, 20.929059320293824, 3, 100000, 113000, 123000, 170000, 1, 0, 0.04, 2, 'take_innsta_0.015', 9, 0, 42, 6.536107216446258, 20.929059320293824, 19]
2017-10-29 23:41:09.578 INFO in 'ProfileAnalyzerTest' at line 2020: [21.623965461309822, 21.623965461309822, 3, 100000, 113000, 123000, 174000, 1, 0, 0.04, 2, 'take_innsta_0.015', 9, 0, 35, 7.1629564549592715, 21.623965461309822, 12]
2017-10-29 23:41:09.578 INFO in 'ProfileAnalyzerTest' at line 2020: [22.387809284391064, 22.387809284391064, 3, 100000, 112000, 123000, 170000, 1, 0, 0.04, 2, 'take_innsta_0.015', 9, 0, 42, 7.2407985954430965, 22.387809284391064, 21]
2017-10-29 23:41:09.579 INFO in 'ProfileAnalyzerTest' at line 2020: [23.535112225536484, 23.535112225536484, 3, 100000, 104000, 122000, 152000, 1, 0, 0.04, 2, 'take_innsta_0.015', 9, 0, 31, 6.428115197999807, 23.535112225536484, 34]
2017-10-29 23:41:09.579 INFO in 'ProfileAnalyzerTest' at line 2020: [39.1464968666196, 39.1464968666196, 3, 100000, 112000, 123000, 174000, 1, 0, 0.04, 2, 'take_innsta_0.015', 9, 0, 38, 8.078852987772793, 39.1464968666196, 13]
2017-10-29 23:41:09.579 INFO in 'ProfileAnalyzerTest' at line 2020: [21.701768591662578, 21.701768591662578, 3, 100000, 113000, 131000, 175000, 1, 0, 0.04, 1, 'take_innsta_0.02', 9, 0, 51, 9.402768739305163, 21.701768591662578, 2]
2017-10-29 23:41:09.579 INFO in 'ProfileAnalyzerTest' at line 2020: [21.986846259823647, 21.986846259823647, 3, 100000, 113000, 132000, 172000, 1, 0, 0.04, 1, 'take_innsta_0.02', 9, 0, 46, 8.731438700242146, 21.986846259823647, 3]
2017-10-29 23:41:09.579 INFO in 'ProfileAnalyzerTest' at line 2020: [24.259889131969253, 24.259889131969253, 3, 100000, 113000, 132000, 170000, 1, 0, 0.04, 1, 'take_innsta_0.02', 9, 0, 44, 8.606288746424323, 24.259889131969253, 3]
2017-10-29 23:41:09.579 INFO in 'ProfileAnalyzerTest' at line 2020: [29.71787966749932, 29.71787966749932, 3, 100000, 112000, 132000, 175000, 1, 0, 0.04, 1, 'take_innsta_0.02', 9, 0, 41, 9.49704234821745, 29.71787966749932, 2]
2017-10-29 23:41:09.579 INFO in 'ProfileAnalyzerTest' at line 2020: [46.31314611741845, 46.31314611741845, 3, 100000, 113000, 132000, 174000, 1, 0, 0.04, 1, 'take_innsta_0.02', 9, 0, 46, 10.189750697593688, 46.31314611741845, 3]
2017-10-29 23:41:09.581 INFO in 'ProfileAnalyzerTest' at line 2020: [52.457024041560814, 52.457024041560814, 3, 100000, 113000, 132000, 175000, 1, 0, 0.04, 1, 'take_innsta_0.02', 9, 0, 47, 10.451082915771359, 52.457024041560814, 2]
2017-10-29 23:41:09.581 INFO in 'ProfileAnalyzerTest' at line 2020: [21.701768591662578, 21.701768591662578, 3, 100000, 113000, 131000, 175000, 1, 0, 0.04, 1, 'take_innsta_0.02', 9, 0, 51, 9.402768739305163, 21.701768591662578, 2]
2017-10-29 23:41:09.581 INFO in 'ProfileAnalyzerTest' at line 2020: [21.986846259823647, 21.986846259823647, 3, 100000, 113000, 132000, 172000, 1, 0, 0.04, 1, 'take_innsta_0.02', 9, 0, 46, 8.731438700242146, 21.986846259823647, 3]
2017-10-29 23:41:09.581 INFO in 'ProfileAnalyzerTest' at line 2020: [24.259889131969253, 24.259889131969253, 3, 100000, 113000, 132000, 170000, 1, 0, 0.04, 1, 'take_innsta_0.02', 9, 0, 44, 8.606288746424323, 24.259889131969253, 3]
2017-10-29 23:41:09.581 INFO in 'ProfileAnalyzerTest' at line 2020: [29.71787966749932, 29.71787966749932, 3, 100000, 112000, 132000, 175000, 1, 0, 0.04, 1, 'take_innsta_0.02', 9, 0, 41, 9.49704234821745, 29.71787966749932, 2]
2017-10-29 23:41:09.581 INFO in 'ProfileAnalyzerTest' at line 2020: [46.31314611741845, 46.31314611741845, 3, 100000, 113000, 132000, 174000, 1, 0, 0.04, 1, 'take_innsta_0.02', 9, 0, 46, 10.189750697593688, 46.31314611741845, 3]
2017-10-29 23:41:09.582 INFO in 'ProfileAnalyzerTest' at line 2020: [52.457024041560814, 52.457024041560814, 3, 100000, 113000, 132000, 175000, 1, 0, 0.04, 1, 'take_innsta_0.02', 9, 0, 47, 10.451082915771359, 52.457024041560814, 2]
2017-10-29 23:45:17.927 INFO in 'ProfileAnalyzerTest' at line 2020: [28.742835823262897, 28.742835823262897, 4, 100000, 102000, 104000, 172000, 1, 0, 0.02, 10, 'take_innsta_0.02', 14, 27, 16, 7.658581299633372, 28.742835823262897, 75]
2017-10-29 23:45:17.927 INFO in 'ProfileAnalyzerTest' at line 2020: [28.864129594239188, 28.864129594239188, 4, 100000, 102000, 104000, 173000, 1, 0, 0.02, 10, 'take_innsta_0.02', 14, 27, 18, 7.725416063583987, 28.864129594239188, 75]
2017-10-29 23:45:17.928 INFO in 'ProfileAnalyzerTest' at line 2020: [30.024701885453233, 30.024701885453233, 4, 100000, 103000, 104000, 134000, 1, 0, 0.02, 10, 'take_innsta_0.02', 14, 27, 19, 6.733773810649882, 30.024701885453233, 74]
2017-10-29 23:45:17.928 INFO in 'ProfileAnalyzerTest' at line 2020: [30.741113646071376, 30.741113646071376, 4, 100000, 103000, 104000, 175000, 1, 0, 0.02, 10, 'take_innsta_0.02', 14, 27, 19, 8.078994631237371, 30.741113646071376, 74]
2017-10-29 23:45:17.928 INFO in 'ProfileAnalyzerTest' at line 2020: [35.361511672246884, 35.361511672246884, 4, 100000, 103000, 104000, 135000, 1, 0, 0.02, 10, 'take_innsta_0.02', 14, 27, 23, 7.047817220178726, 35.361511672246884, 74]
2017-10-29 23:45:17.928 INFO in 'ProfileAnalyzerTest' at line 2020: [35.816509842047736, 35.816509842047736, 4, 100000, 102000, 104000, 134000, 1, 0, 0.02, 10, 'take_innsta_0.02', 14, 27, 20, 6.890188625981538, 35.816509842047736, 75]
2017-10-29 23:45:17.928 INFO in 'ProfileAnalyzerTest' at line 2020: [36.776874198257275, 36.776874198257275, 4, 100000, 103000, 104000, 141000, 1, 0, 0.02, 10, 'take_innsta_0.02', 14, 27, 19, 7.129113841989828, 36.776874198257275, 74]
2017-10-29 23:45:17.930 INFO in 'ProfileAnalyzerTest' at line 2020: [38.950027530526626, 38.950027530526626, 4, 100000, 103000, 104000, 140000, 1, 0, 0.02, 10, 'take_innsta_0.02', 14, 27, 23, 7.157061163382632, 38.950027530526626, 74]
2017-10-29 23:45:17.930 INFO in 'ProfileAnalyzerTest' at line 2020: [38.98169747856012, 38.98169747856012, 4, 100000, 102000, 104000, 180000, 1, 0, 0.02, 10, 'take_innsta_0.02', 14, 27, 20, 8.23545900893392, 38.98169747856012, 75]
2017-10-29 23:45:17.930 INFO in 'ProfileAnalyzerTest' at line 2020: [39.54117567693612, 39.54117567693612, 4, 100000, 103000, 104000, 142000, 1, 0, 0.02, 10, 'take_innsta_0.02', 14, 27, 20, 7.2322228668589466, 39.54117567693612, 75]
2017-10-29 23:45:17.930 INFO in 'ProfileAnalyzerTest' at line 2020: [40.70860443387732, 40.70860443387732, 4, 100000, 102000, 104000, 135000, 1, 0, 0.02, 10, 'take_innsta_0.02', 14, 27, 24, 7.174327729290285, 40.70860443387732, 75]
2017-10-29 23:45:17.930 INFO in 'ProfileAnalyzerTest' at line 2020: [43.38773550144799, 43.38773550144799, 4, 100000, 102000, 104000, 141000, 1, 0, 0.02, 10, 'take_innsta_0.02', 14, 27, 20, 7.276327332330686, 43.38773550144799, 75]
2017-10-29 23:45:17.931 INFO in 'ProfileAnalyzerTest' at line 2020: [44.960614815989764, 44.960614815989764, 4, 100000, 102000, 104000, 140000, 1, 0, 0.02, 10, 'take_innsta_0.02', 14, 27, 24, 7.285872003741893, 44.960614815989764, 75]
2017-10-29 23:45:17.931 INFO in 'ProfileAnalyzerTest' at line 2020: [45.29277709463517, 45.29277709463517, 4, 100000, 102000, 104000, 174000, 1, 0, 0.02, 10, 'take_innsta_0.02', 14, 27, 18, 8.275616129191668, 45.29277709463517, 75]
2017-10-29 23:45:17.931 INFO in 'ProfileAnalyzerTest' at line 2020: [50.248135198190425, 50.248135198190425, 4, 100000, 102000, 104000, 142000, 1, 0, 0.02, 10, 'take_innsta_0.02', 14, 27, 21, 7.439244969639995, 50.248135198190425, 76]
2017-10-29 23:45:17.931 INFO in 'ProfileAnalyzerTest' at line 2020: [53.73552880170927, 53.73552880170927, 4, 100000, 102000, 104000, 175000, 1, 0, 0.02, 10, 'take_innsta_0.02', 14, 27, 20, 8.497647208806793, 53.73552880170927, 75]
2017-10-29 23:45:17.931 INFO in 'ProfileAnalyzerTest' at line 2020: [29.43762711368448, 29.43762711368448, 4, 100000, 102000, 104000, 150000, 1, 0, 0.03, 10, 'take_innsta_0.03', 14, 27, 22, 7.686519454502385, 29.43762711368448, 75]
2017-10-29 23:45:17.931 INFO in 'ProfileAnalyzerTest' at line 2020: [33.45220789539479, 33.45220789539479, 4, 100000, 102000, 104000, 144000, 1, 0, 0.03, 10, 'take_innsta_0.03', 14, 27, 20, 7.881178824327364, 33.45220789539479, 75]
2017-10-29 23:45:17.931 INFO in 'ProfileAnalyzerTest' at line 2020: [34.47185728838709, 34.47185728838709, 4, 100000, 102000, 104000, 145000, 1, 0, 0.03, 10, 'take_innsta_0.03', 14, 27, 22, 7.893430688791551, 34.47185728838709, 75]
2017-10-29 23:45:17.933 INFO in 'ProfileAnalyzerTest' at line 2020: [42.87426887735597, 42.87426887735597, 4, 100000, 102000, 104000, 135000, 1, 0, 0.03, 10, 'take_innsta_0.03', 14, 27, 22, 7.476892577198189, 42.87426887735597, 75]
2017-10-29 23:45:17.933 INFO in 'ProfileAnalyzerTest' at line 2020: [47.37917414708936, 47.37917414708936, 4, 100000, 103000, 104000, 135000, 1, 0, 0.03, 10, 'take_innsta_0.03', 14, 27, 23, 7.594261195774166, 47.37917414708936, 74]
2017-10-29 23:45:17.933 INFO in 'ProfileAnalyzerTest' at line 2020: [48.73771809459289, 48.73771809459289, 4, 100000, 102000, 104000, 134000, 1, 0, 0.03, 10, 'take_innsta_0.03', 14, 27, 20, 7.199545061454085, 48.73771809459289, 75]
2017-10-29 23:45:17.933 INFO in 'ProfileAnalyzerTest' at line 2020: [53.14090637654992, 53.14090637654992, 4, 100000, 103000, 104000, 134000, 1, 0, 0.03, 10, 'take_innsta_0.03', 14, 27, 21, 7.3129871320559126, 53.14090637654992, 74]
2017-10-29 23:45:17.933 INFO in 'ProfileAnalyzerTest' at line 2020: [54.94963873922746, 54.94963873922746, 4, 100000, 102000, 104000, 140000, 1, 0, 0.03, 10, 'take_innsta_0.03', 14, 27, 24, 7.611170280802964, 54.94963873922746, 75]
2017-10-29 23:45:17.933 INFO in 'ProfileAnalyzerTest' at line 2020: [58.819815042459055, 58.819815042459055, 4, 100000, 103000, 104000, 140000, 1, 0, 0.03, 10, 'take_innsta_0.03', 14, 27, 25, 7.692917077543527, 58.819815042459055, 74]
2017-10-29 23:45:17.934 INFO in 'ProfileAnalyzerTest' at line 2020: [61.407397193029816, 61.407397193029816, 4, 100000, 102000, 104000, 141000, 1, 0, 0.03, 10, 'take_innsta_0.03', 14, 27, 18, 7.965293742809125, 61.407397193029816, 75]
2017-10-29 23:45:17.934 INFO in 'ProfileAnalyzerTest' at line 2020: [64.31493061498027, 64.31493061498027, 4, 100000, 103000, 104000, 141000, 1, 0, 0.03, 10, 'take_innsta_0.03', 14, 27, 19, 8.02863788956809, 64.31493061498027, 74]
2017-10-29 23:45:17.934 INFO in 'ProfileAnalyzerTest' at line 2020: [29.6675332181954, 29.6675332181954, 4, 100000, 103000, 104000, 135000, 1, 0, 0.04, 10, 'take_innsta_0.04', 14, 27, 21, 7.013431813022239, 29.6675332181954, 74]
2017-10-29 23:45:17.934 INFO in 'ProfileAnalyzerTest' at line 2020: [30.569732614396692, 30.569732614396692, 4, 100000, 101000, 104000, 140000, 1, 0, 0.04, 10, 'take_innsta_0.04', 14, 27, 20, 7.233067676995566, 30.569732614396692, 71]
2017-10-29 23:45:17.934 INFO in 'ProfileAnalyzerTest' at line 2020: [31.965869662667227, 31.965869662667227, 4, 100000, 102000, 104000, 153000, 1, 0, 0.04, 10, 'take_innsta_0.04', 14, 27, 20, 7.324660070427375, 31.965869662667227, 75]
2017-10-29 23:45:17.934 INFO in 'ProfileAnalyzerTest' at line 2020: [32.53437874423505, 32.53437874423505, 4, 100000, 102000, 104000, 145000, 1, 0, 0.04, 10, 'take_innsta_0.04', 14, 27, 20, 7.370915232159089, 32.53437874423505, 75]
2017-10-29 23:45:17.934 INFO in 'ProfileAnalyzerTest' at line 2020: [34.89203384644477, 34.89203384644477, 4, 100000, 103000, 104000, 134000, 1, 0, 0.04, 10, 'take_innsta_0.04', 14, 27, 19, 6.817081335319622, 34.89203384644477, 74]
2017-10-29 23:45:17.934 INFO in 'ProfileAnalyzerTest' at line 2020: [36.45635595946128, 36.45635595946128, 4, 100000, 103000, 104000, 141000, 1, 0, 0.04, 10, 'take_innsta_0.04', 14, 27, 15, 7.372961270234045, 36.45635595946128, 74]
2017-10-29 23:45:17.934 INFO in 'ProfileAnalyzerTest' at line 2020: [38.992999917881384, 38.992999917881384, 4, 100000, 103000, 104000, 140000, 1, 0, 0.04, 10, 'take_innsta_0.04', 14, 27, 21, 7.237019158520456, 38.992999917881384, 74]
2017-10-29 23:45:17.934 INFO in 'ProfileAnalyzerTest' at line 2020: [43.078997365873974, 43.078997365873974, 4, 100000, 102000, 104000, 144000, 1, 0, 0.04, 10, 'take_innsta_0.04', 14, 27, 18, 7.696509958392516, 43.078997365873974, 75]
2017-10-29 23:45:17.934 INFO in 'ProfileAnalyzerTest' at line 2020: [45.775008966970766, 45.775008966970766, 4, 100000, 102000, 104000, 135000, 1, 0, 0.04, 10, 'take_innsta_0.04', 14, 27, 22, 7.5291133671562305, 45.775008966970766, 75]
2017-10-29 23:45:17.934 INFO in 'ProfileAnalyzerTest' at line 2020: [51.39035348016867, 51.39035348016867, 4, 100000, 102000, 104000, 134000, 1, 0, 0.04, 10, 'take_innsta_0.04', 14, 27, 20, 7.247664662068483, 51.39035348016867, 75]
2017-10-29 23:45:17.934 INFO in 'ProfileAnalyzerTest' at line 2020: [57.62125483700177, 57.62125483700177, 4, 100000, 102000, 104000, 141000, 1, 0, 0.04, 10, 'take_innsta_0.04', 14, 27, 16, 7.898077319199992, 57.62125483700177, 75]
2017-10-29 23:45:17.937 INFO in 'ProfileAnalyzerTest' at line 2020: [62.66848127247877, 62.66848127247877, 4, 100000, 102000, 104000, 140000, 1, 0, 0.04, 10, 'take_innsta_0.04', 14, 27, 22, 7.80207387264146, 62.66848127247877, 75]
2017-10-29 23:45:17.937 INFO in 'ProfileAnalyzerTest' at line 2020: [29.43762711368448, 29.43762711368448, 4, 100000, 102000, 104000, 150000, 1, 0, 0.03, 10, 'take_innsta_0.03', 14, 27, 22, 7.686519454502385, 29.43762711368448, 75]
2017-10-29 23:45:17.937 INFO in 'ProfileAnalyzerTest' at line 2020: [33.45220789539479, 33.45220789539479, 4, 100000, 102000, 104000, 144000, 1, 0, 0.03, 10, 'take_innsta_0.03', 14, 27, 20, 7.881178824327364, 33.45220789539479, 75]
2017-10-29 23:45:17.937 INFO in 'ProfileAnalyzerTest' at line 2020: [34.47185728838709, 34.47185728838709, 4, 100000, 102000, 104000, 145000, 1, 0, 0.03, 10, 'take_innsta_0.03', 14, 27, 22, 7.893430688791551, 34.47185728838709, 75]
2017-10-29 23:45:17.937 INFO in 'ProfileAnalyzerTest' at line 2020: [42.87426887735597, 42.87426887735597, 4, 100000, 102000, 104000, 135000, 1, 0, 0.03, 10, 'take_innsta_0.03', 14, 27, 22, 7.476892577198189, 42.87426887735597, 75]
2017-10-29 23:45:17.937 INFO in 'ProfileAnalyzerTest' at line 2020: [47.37917414708936, 47.37917414708936, 4, 100000, 103000, 104000, 135000, 1, 0, 0.03, 10, 'take_innsta_0.03', 14, 27, 23, 7.594261195774166, 47.37917414708936, 74]
2017-10-29 23:45:17.937 INFO in 'ProfileAnalyzerTest' at line 2020: [48.73771809459289, 48.73771809459289, 4, 100000, 102000, 104000, 134000, 1, 0, 0.03, 10, 'take_innsta_0.03', 14, 27, 20, 7.199545061454085, 48.73771809459289, 75]
2017-10-29 23:45:17.937 INFO in 'ProfileAnalyzerTest' at line 2020: [53.14090637654992, 53.14090637654992, 4, 100000, 103000, 104000, 134000, 1, 0, 0.03, 10, 'take_innsta_0.03', 14, 27, 21, 7.3129871320559126, 53.14090637654992, 74]
2017-10-29 23:45:17.937 INFO in 'ProfileAnalyzerTest' at line 2020: [54.94963873922746, 54.94963873922746, 4, 100000, 102000, 104000, 140000, 1, 0, 0.03, 10, 'take_innsta_0.03', 14, 27, 24, 7.611170280802964, 54.94963873922746, 75]
2017-10-29 23:45:17.937 INFO in 'ProfileAnalyzerTest' at line 2020: [58.819815042459055, 58.819815042459055, 4, 100000, 103000, 104000, 140000, 1, 0, 0.03, 10, 'take_innsta_0.03', 14, 27, 25, 7.692917077543527, 58.819815042459055, 74]
2017-10-29 23:45:17.937 INFO in 'ProfileAnalyzerTest' at line 2020: [61.407397193029816, 61.407397193029816, 4, 100000, 102000, 104000, 141000, 1, 0, 0.03, 10, 'take_innsta_0.03', 14, 27, 18, 7.965293742809125, 61.407397193029816, 75]
2017-10-29 23:45:17.937 INFO in 'ProfileAnalyzerTest' at line 2020: [64.31493061498027, 64.31493061498027, 4, 100000, 103000, 104000, 141000, 1, 0, 0.03, 10, 'take_innsta_0.03', 14, 27, 19, 8.02863788956809, 64.31493061498027, 74]
2017-10-29 23:45:17.938 INFO in 'ProfileAnalyzerTest' at line 2020: [29.028572737852897, 29.028572737852897, 4, 100000, 102000, 104000, 153000, 1, 0, 0.04, 10, 'take_innsta_0.015', 14, 27, 22, 7.166991552715833, 29.028572737852897, 75]
2017-10-29 23:45:17.938 INFO in 'ProfileAnalyzerTest' at line 2020: [29.200692980919406, 29.200692980919406, 4, 100000, 102000, 105000, 141000, 1, 0, 0.04, 10, 'take_innsta_0.015', 14, 27, 20, 6.360149967141694, 29.200692980919406, 75]
2017-10-29 23:45:17.938 INFO in 'ProfileAnalyzerTest' at line 2020: [30.096874518431118, 30.096874518431118, 4, 100000, 101000, 104000, 135000, 1, 0, 0.04, 10, 'take_innsta_0.015', 14, 27, 24, 6.970147989664124, 30.096874518431118, 71]
2017-10-29 23:45:17.938 INFO in 'ProfileAnalyzerTest' at line 2020: [30.88728994359373, 30.88728994359373, 4, 100000, 101000, 104000, 141000, 1, 0, 0.04, 10, 'take_innsta_0.015', 14, 27, 20, 7.018757134586285, 30.88728994359373, 71]
2017-10-29 23:45:17.938 INFO in 'ProfileAnalyzerTest' at line 2020: [31.28234884652123, 31.28234884652123, 4, 100000, 102000, 104000, 132000, 1, 0, 0.04, 10, 'take_innsta_0.015', 14, 27, 25, 6.680434038899537, 31.28234884652123, 76]
2017-10-29 23:45:17.938 INFO in 'ProfileAnalyzerTest' at line 2020: [32.07264241759884, 32.07264241759884, 4, 100000, 101000, 104000, 140000, 1, 0, 0.04, 10, 'take_innsta_0.015', 14, 27, 24, 6.952382212187723, 32.07264241759884, 71]
2017-10-29 23:45:17.938 INFO in 'ProfileAnalyzerTest' at line 2020: [33.00867660839796, 33.00867660839796, 4, 100000, 102000, 104000, 180000, 1, 0, 0.04, 10, 'take_innsta_0.015', 14, 27, 26, 8.213788412138701, 33.00867660839796, 75]
2017-10-29 23:45:17.940 INFO in 'ProfileAnalyzerTest' at line 2020: [35.53674306464047, 35.53674306464047, 4, 100000, 101000, 104000, 134000, 1, 0, 0.04, 10, 'take_innsta_0.015', 14, 27, 20, 6.853804016954266, 35.53674306464047, 71]
2017-10-29 23:45:17.940 INFO in 'ProfileAnalyzerTest' at line 2020: [37.84411347139841, 37.84411347139841, 4, 100000, 102000, 104000, 173000, 1, 0, 0.04, 10, 'take_innsta_0.015', 14, 27, 24, 7.9139584706356985, 37.84411347139841, 75]
2017-10-29 23:45:17.940 INFO in 'ProfileAnalyzerTest' at line 2020: [38.55179319163267, 38.55179319163267, 4, 100000, 102000, 104000, 133000, 1, 0, 0.04, 10, 'take_innsta_0.015', 14, 27, 23, 6.736372604828759, 38.55179319163267, 76]
2017-10-29 23:45:17.940 INFO in 'ProfileAnalyzerTest' at line 2020: [38.97493808327502, 38.97493808327502, 4, 100000, 102000, 104000, 174000, 1, 0, 0.04, 10, 'take_innsta_0.015', 14, 27, 24, 8.215782454195404, 38.97493808327502, 75]
2017-10-29 23:45:17.940 INFO in 'ProfileAnalyzerTest' at line 2020: [40.27406451269365, 40.27406451269365, 4, 100000, 103000, 104000, 135000, 1, 0, 0.04, 10, 'take_innsta_0.015', 14, 27, 25, 7.122339303197006, 40.27406451269365, 74]
2017-10-29 23:45:17.940 INFO in 'ProfileAnalyzerTest' at line 2020: [45.555194624073515, 45.555194624073515, 4, 100000, 102000, 104000, 175000, 1, 0, 0.04, 10, 'take_innsta_0.015', 14, 27, 26, 8.369323958641406, 45.555194624073515, 75]
2017-10-29 23:45:17.941 INFO in 'ProfileAnalyzerTest' at line 2020: [46.184684789314424, 46.184684789314424, 4, 100000, 103000, 104000, 141000, 1, 0, 0.04, 10, 'take_innsta_0.015', 14, 27, 21, 7.275023929647322, 46.184684789314424, 74]
2017-10-29 23:45:17.941 INFO in 'ProfileAnalyzerTest' at line 2020: [48.16903130435115, 48.16903130435115, 4, 100000, 103000, 104000, 134000, 1, 0, 0.04, 10, 'take_innsta_0.015', 14, 27, 21, 7.022782665341563, 48.16903130435115, 74]
2017-10-29 23:45:17.941 INFO in 'ProfileAnalyzerTest' at line 2020: [50.04821618813339, 50.04821618813339, 4, 100000, 103000, 104000, 140000, 1, 0, 0.04, 10, 'take_innsta_0.015', 14, 27, 25, 7.233574430784623, 50.04821618813339, 74]
2017-10-29 23:45:17.941 INFO in 'ProfileAnalyzerTest' at line 2020: [50.2014055574012, 50.2014055574012, 4, 100000, 102000, 104000, 135000, 1, 0, 0.04, 10, 'take_innsta_0.015', 14, 27, 26, 7.346114777249996, 50.2014055574012, 75]
2017-10-29 23:45:17.941 INFO in 'ProfileAnalyzerTest' at line 2020: [58.99635460599542, 58.99635460599542, 4, 100000, 102000, 104000, 141000, 1, 0, 0.04, 10, 'take_innsta_0.015', 14, 27, 22, 7.519502384929612, 58.99635460599542, 75]
2017-10-29 23:45:17.941 INFO in 'ProfileAnalyzerTest' at line 2020: [62.21677500550057, 62.21677500550057, 4, 100000, 102000, 104000, 134000, 1, 0, 0.04, 10, 'take_innsta_0.015', 14, 27, 22, 7.276462445614648, 62.21677500550057, 75]
2017-10-29 23:45:17.941 INFO in 'ProfileAnalyzerTest' at line 2020: [62.55299367564248, 62.55299367564248, 4, 100000, 102000, 104000, 140000, 1, 0, 0.04, 10, 'take_innsta_0.015', 14, 27, 26, 7.459650236085313, 62.55299367564248, 75]
2017-10-29 23:45:17.943 INFO in 'ProfileAnalyzerTest' at line 2020: [29.43762711368448, 29.43762711368448, 4, 100000, 102000, 104000, 150000, 1, 0, 0.03, 10, 'take_innsta_0.03', 14, 27, 22, 7.686519454502385, 29.43762711368448, 75]
2017-10-29 23:45:17.943 INFO in 'ProfileAnalyzerTest' at line 2020: [33.45220789539479, 33.45220789539479, 4, 100000, 102000, 104000, 144000, 1, 0, 0.03, 10, 'take_innsta_0.03', 14, 27, 20, 7.881178824327364, 33.45220789539479, 75]
2017-10-29 23:45:17.943 INFO in 'ProfileAnalyzerTest' at line 2020: [34.47185728838709, 34.47185728838709, 4, 100000, 102000, 104000, 145000, 1, 0, 0.03, 10, 'take_innsta_0.03', 14, 27, 22, 7.893430688791551, 34.47185728838709, 75]
2017-10-29 23:45:17.943 INFO in 'ProfileAnalyzerTest' at line 2020: [42.87426887735597, 42.87426887735597, 4, 100000, 102000, 104000, 135000, 1, 0, 0.03, 10, 'take_innsta_0.03', 14, 27, 22, 7.476892577198189, 42.87426887735597, 75]
2017-10-29 23:45:17.943 INFO in 'ProfileAnalyzerTest' at line 2020: [47.37917414708936, 47.37917414708936, 4, 100000, 103000, 104000, 135000, 1, 0, 0.03, 10, 'take_innsta_0.03', 14, 27, 23, 7.594261195774166, 47.37917414708936, 74]
2017-10-29 23:45:17.943 INFO in 'ProfileAnalyzerTest' at line 2020: [48.73771809459289, 48.73771809459289, 4, 100000, 102000, 104000, 134000, 1, 0, 0.03, 10, 'take_innsta_0.03', 14, 27, 20, 7.199545061454085, 48.73771809459289, 75]
2017-10-29 23:45:17.944 INFO in 'ProfileAnalyzerTest' at line 2020: [53.14090637654992, 53.14090637654992, 4, 100000, 103000, 104000, 134000, 1, 0, 0.03, 10, 'take_innsta_0.03', 14, 27, 21, 7.3129871320559126, 53.14090637654992, 74]
2017-10-29 23:45:17.944 INFO in 'ProfileAnalyzerTest' at line 2020: [54.94963873922746, 54.94963873922746, 4, 100000, 102000, 104000, 140000, 1, 0, 0.03, 10, 'take_innsta_0.03', 14, 27, 24, 7.611170280802964, 54.94963873922746, 75]
2017-10-29 23:45:17.944 INFO in 'ProfileAnalyzerTest' at line 2020: [58.819815042459055, 58.819815042459055, 4, 100000, 103000, 104000, 140000, 1, 0, 0.03, 10, 'take_innsta_0.03', 14, 27, 25, 7.692917077543527, 58.819815042459055, 74]
2017-10-29 23:45:17.944 INFO in 'ProfileAnalyzerTest' at line 2020: [61.407397193029816, 61.407397193029816, 4, 100000, 102000, 104000, 141000, 1, 0, 0.03, 10, 'take_innsta_0.03', 14, 27, 18, 7.965293742809125, 61.407397193029816, 75]
2017-10-29 23:45:17.944 INFO in 'ProfileAnalyzerTest' at line 2020: [64.31493061498027, 64.31493061498027, 4, 100000, 103000, 104000, 141000, 1, 0, 0.03, 10, 'take_innsta_0.03', 14, 27, 19, 8.02863788956809, 64.31493061498027, 74]
2017-10-29 23:45:17.944 INFO in 'ProfileAnalyzerTest' at line 2020: [29.028572737852897, 29.028572737852897, 4, 100000, 102000, 104000, 153000, 1, 0, 0.04, 10, 'take_innsta_0.015', 14, 27, 22, 7.166991552715833, 29.028572737852897, 75]
2017-10-29 23:45:17.944 INFO in 'ProfileAnalyzerTest' at line 2020: [29.200692980919406, 29.200692980919406, 4, 100000, 102000, 105000, 141000, 1, 0, 0.04, 10, 'take_innsta_0.015', 14, 27, 20, 6.360149967141694, 29.200692980919406, 75]
2017-10-29 23:45:17.944 INFO in 'ProfileAnalyzerTest' at line 2020: [30.096874518431118, 30.096874518431118, 4, 100000, 101000, 104000, 135000, 1, 0, 0.04, 10, 'take_innsta_0.015', 14, 27, 24, 6.970147989664124, 30.096874518431118, 71]
2017-10-29 23:45:17.944 INFO in 'ProfileAnalyzerTest' at line 2020: [30.88728994359373, 30.88728994359373, 4, 100000, 101000, 104000, 141000, 1, 0, 0.04, 10, 'take_innsta_0.015', 14, 27, 20, 7.018757134586285, 30.88728994359373, 71]
2017-10-29 23:45:17.944 INFO in 'ProfileAnalyzerTest' at line 2020: [31.28234884652123, 31.28234884652123, 4, 100000, 102000, 104000, 132000, 1, 0, 0.04, 10, 'take_innsta_0.015', 14, 27, 25, 6.680434038899537, 31.28234884652123, 76]
2017-10-29 23:45:17.944 INFO in 'ProfileAnalyzerTest' at line 2020: [32.07264241759884, 32.07264241759884, 4, 100000, 101000, 104000, 140000, 1, 0, 0.04, 10, 'take_innsta_0.015', 14, 27, 24, 6.952382212187723, 32.07264241759884, 71]
2017-10-29 23:45:17.944 INFO in 'ProfileAnalyzerTest' at line 2020: [33.00867660839796, 33.00867660839796, 4, 100000, 102000, 104000, 180000, 1, 0, 0.04, 10, 'take_innsta_0.015', 14, 27, 26, 8.213788412138701, 33.00867660839796, 75]
2017-10-29 23:45:17.944 INFO in 'ProfileAnalyzerTest' at line 2020: [35.53674306464047, 35.53674306464047, 4, 100000, 101000, 104000, 134000, 1, 0, 0.04, 10, 'take_innsta_0.015', 14, 27, 20, 6.853804016954266, 35.53674306464047, 71]
2017-10-29 23:45:17.947 INFO in 'ProfileAnalyzerTest' at line 2020: [37.84411347139841, 37.84411347139841, 4, 100000, 102000, 104000, 173000, 1, 0, 0.04, 10, 'take_innsta_0.015', 14, 27, 24, 7.9139584706356985, 37.84411347139841, 75]
2017-10-29 23:45:17.947 INFO in 'ProfileAnalyzerTest' at line 2020: [38.55179319163267, 38.55179319163267, 4, 100000, 102000, 104000, 133000, 1, 0, 0.04, 10, 'take_innsta_0.015', 14, 27, 23, 6.736372604828759, 38.55179319163267, 76]
2017-10-29 23:45:17.947 INFO in 'ProfileAnalyzerTest' at line 2020: [38.97493808327502, 38.97493808327502, 4, 100000, 102000, 104000, 174000, 1, 0, 0.04, 10, 'take_innsta_0.015', 14, 27, 24, 8.215782454195404, 38.97493808327502, 75]
2017-10-29 23:45:17.947 INFO in 'ProfileAnalyzerTest' at line 2020: [40.27406451269365, 40.27406451269365, 4, 100000, 103000, 104000, 135000, 1, 0, 0.04, 10, 'take_innsta_0.015', 14, 27, 25, 7.122339303197006, 40.27406451269365, 74]
2017-10-29 23:45:17.947 INFO in 'ProfileAnalyzerTest' at line 2020: [45.555194624073515, 45.555194624073515, 4, 100000, 102000, 104000, 175000, 1, 0, 0.04, 10, 'take_innsta_0.015', 14, 27, 26, 8.369323958641406, 45.555194624073515, 75]
2017-10-29 23:45:17.947 INFO in 'ProfileAnalyzerTest' at line 2020: [46.184684789314424, 46.184684789314424, 4, 100000, 103000, 104000, 141000, 1, 0, 0.04, 10, 'take_innsta_0.015', 14, 27, 21, 7.275023929647322, 46.184684789314424, 74]
2017-10-29 23:45:17.947 INFO in 'ProfileAnalyzerTest' at line 2020: [48.16903130435115, 48.16903130435115, 4, 100000, 103000, 104000, 134000, 1, 0, 0.04, 10, 'take_innsta_0.015', 14, 27, 21, 7.022782665341563, 48.16903130435115, 74]
2017-10-29 23:45:17.947 INFO in 'ProfileAnalyzerTest' at line 2020: [50.04821618813339, 50.04821618813339, 4, 100000, 103000, 104000, 140000, 1, 0, 0.04, 10, 'take_innsta_0.015', 14, 27, 25, 7.233574430784623, 50.04821618813339, 74]
2017-10-29 23:45:17.947 INFO in 'ProfileAnalyzerTest' at line 2020: [50.2014055574012, 50.2014055574012, 4, 100000, 102000, 104000, 135000, 1, 0, 0.04, 10, 'take_innsta_0.015', 14, 27, 26, 7.346114777249996, 50.2014055574012, 75]
2017-10-29 23:45:17.947 INFO in 'ProfileAnalyzerTest' at line 2020: [58.99635460599542, 58.99635460599542, 4, 100000, 102000, 104000, 141000, 1, 0, 0.04, 10, 'take_innsta_0.015', 14, 27, 22, 7.519502384929612, 58.99635460599542, 75]
2017-10-29 23:45:17.947 INFO in 'ProfileAnalyzerTest' at line 2020: [62.21677500550057, 62.21677500550057, 4, 100000, 102000, 104000, 134000, 1, 0, 0.04, 10, 'take_innsta_0.015', 14, 27, 22, 7.276462445614648, 62.21677500550057, 75]
2017-10-29 23:45:17.947 INFO in 'ProfileAnalyzerTest' at line 2020: [62.55299367564248, 62.55299367564248, 4, 100000, 102000, 104000, 140000, 1, 0, 0.04, 10, 'take_innsta_0.015', 14, 27, 26, 7.459650236085313, 62.55299367564248, 75]
2017-10-29 23:45:17.947 INFO in 'ProfileAnalyzerTest' at line 2020: [29.028572737852897, 29.028572737852897, 4, 100000, 102000, 104000, 153000, 1, 0, 0.04, 10, 'take_innsta_0.015', 14, 27, 22, 7.166991552715833, 29.028572737852897, 75]
2017-10-29 23:45:17.948 INFO in 'ProfileAnalyzerTest' at line 2020: [29.200692980919406, 29.200692980919406, 4, 100000, 102000, 105000, 141000, 1, 0, 0.04, 10, 'take_innsta_0.015', 14, 27, 20, 6.360149967141694, 29.200692980919406, 75]
2017-10-29 23:45:17.948 INFO in 'ProfileAnalyzerTest' at line 2020: [30.096874518431118, 30.096874518431118, 4, 100000, 101000, 104000, 135000, 1, 0, 0.04, 10, 'take_innsta_0.015', 14, 27, 24, 6.970147989664124, 30.096874518431118, 71]
2017-10-29 23:45:17.948 INFO in 'ProfileAnalyzerTest' at line 2020: [30.88728994359373, 30.88728994359373, 4, 100000, 101000, 104000, 141000, 1, 0, 0.04, 10, 'take_innsta_0.015', 14, 27, 20, 7.018757134586285, 30.88728994359373, 71]
2017-10-29 23:45:17.948 INFO in 'ProfileAnalyzerTest' at line 2020: [31.28234884652123, 31.28234884652123, 4, 100000, 102000, 104000, 132000, 1, 0, 0.04, 10, 'take_innsta_0.015', 14, 27, 25, 6.680434038899537, 31.28234884652123, 76]
2017-10-29 23:45:17.948 INFO in 'ProfileAnalyzerTest' at line 2020: [32.07264241759884, 32.07264241759884, 4, 100000, 101000, 104000, 140000, 1, 0, 0.04, 10, 'take_innsta_0.015', 14, 27, 24, 6.952382212187723, 32.07264241759884, 71]
2017-10-29 23:45:17.948 INFO in 'ProfileAnalyzerTest' at line 2020: [33.00867660839796, 33.00867660839796, 4, 100000, 102000, 104000, 180000, 1, 0, 0.04, 10, 'take_innsta_0.015', 14, 27, 26, 8.213788412138701, 33.00867660839796, 75]
2017-10-29 23:45:17.948 INFO in 'ProfileAnalyzerTest' at line 2020: [35.53674306464047, 35.53674306464047, 4, 100000, 101000, 104000, 134000, 1, 0, 0.04, 10, 'take_innsta_0.015', 14, 27, 20, 6.853804016954266, 35.53674306464047, 71]
2017-10-29 23:45:17.950 INFO in 'ProfileAnalyzerTest' at line 2020: [37.84411347139841, 37.84411347139841, 4, 100000, 102000, 104000, 173000, 1, 0, 0.04, 10, 'take_innsta_0.015', 14, 27, 24, 7.9139584706356985, 37.84411347139841, 75]
2017-10-29 23:45:17.950 INFO in 'ProfileAnalyzerTest' at line 2020: [38.55179319163267, 38.55179319163267, 4, 100000, 102000, 104000, 133000, 1, 0, 0.04, 10, 'take_innsta_0.015', 14, 27, 23, 6.736372604828759, 38.55179319163267, 76]
2017-10-29 23:45:17.950 INFO in 'ProfileAnalyzerTest' at line 2020: [38.97493808327502, 38.97493808327502, 4, 100000, 102000, 104000, 174000, 1, 0, 0.04, 10, 'take_innsta_0.015', 14, 27, 24, 8.215782454195404, 38.97493808327502, 75]
2017-10-29 23:45:17.950 INFO in 'ProfileAnalyzerTest' at line 2020: [40.27406451269365, 40.27406451269365, 4, 100000, 103000, 104000, 135000, 1, 0, 0.04, 10, 'take_innsta_0.015', 14, 27, 25, 7.122339303197006, 40.27406451269365, 74]
2017-10-29 23:45:17.950 INFO in 'ProfileAnalyzerTest' at line 2020: [45.555194624073515, 45.555194624073515, 4, 100000, 102000, 104000, 175000, 1, 0, 0.04, 10, 'take_innsta_0.015', 14, 27, 26, 8.369323958641406, 45.555194624073515, 75]
2017-10-29 23:45:17.950 INFO in 'ProfileAnalyzerTest' at line 2020: [46.184684789314424, 46.184684789314424, 4, 100000, 103000, 104000, 141000, 1, 0, 0.04, 10, 'take_innsta_0.015', 14, 27, 21, 7.275023929647322, 46.184684789314424, 74]
2017-10-29 23:45:17.951 INFO in 'ProfileAnalyzerTest' at line 2020: [48.16903130435115, 48.16903130435115, 4, 100000, 103000, 104000, 134000, 1, 0, 0.04, 10, 'take_innsta_0.015', 14, 27, 21, 7.022782665341563, 48.16903130435115, 74]
2017-10-29 23:45:17.951 INFO in 'ProfileAnalyzerTest' at line 2020: [50.04821618813339, 50.04821618813339, 4, 100000, 103000, 104000, 140000, 1, 0, 0.04, 10, 'take_innsta_0.015', 14, 27, 25, 7.233574430784623, 50.04821618813339, 74]
2017-10-29 23:45:17.951 INFO in 'ProfileAnalyzerTest' at line 2020: [50.2014055574012, 50.2014055574012, 4, 100000, 102000, 104000, 135000, 1, 0, 0.04, 10, 'take_innsta_0.015', 14, 27, 26, 7.346114777249996, 50.2014055574012, 75]
2017-10-29 23:45:17.951 INFO in 'ProfileAnalyzerTest' at line 2020: [58.99635460599542, 58.99635460599542, 4, 100000, 102000, 104000, 141000, 1, 0, 0.04, 10, 'take_innsta_0.015', 14, 27, 22, 7.519502384929612, 58.99635460599542, 75]
2017-10-29 23:45:17.951 INFO in 'ProfileAnalyzerTest' at line 2020: [62.21677500550057, 62.21677500550057, 4, 100000, 102000, 104000, 134000, 1, 0, 0.04, 10, 'take_innsta_0.015', 14, 27, 22, 7.276462445614648, 62.21677500550057, 75]
2017-10-29 23:45:17.951 INFO in 'ProfileAnalyzerTest' at line 2020: [62.55299367564248, 62.55299367564248, 4, 100000, 102000, 104000, 140000, 1, 0, 0.04, 10, 'take_innsta_0.015', 14, 27, 26, 7.459650236085313, 62.55299367564248, 75]
2017-10-29 23:45:17.951 INFO in 'ProfileAnalyzerTest' at line 2020: [29.6675332181954, 29.6675332181954, 4, 100000, 103000, 104000, 135000, 1, 0, 0.04, 10, 'take_innsta_0.04', 14, 27, 21, 7.013431813022239, 29.6675332181954, 74]
2017-10-29 23:45:17.953 INFO in 'ProfileAnalyzerTest' at line 2020: [30.569732614396692, 30.569732614396692, 4, 100000, 101000, 104000, 140000, 1, 0, 0.04, 10, 'take_innsta_0.04', 14, 27, 20, 7.233067676995566, 30.569732614396692, 71]
2017-10-29 23:45:17.953 INFO in 'ProfileAnalyzerTest' at line 2020: [31.965869662667227, 31.965869662667227, 4, 100000, 102000, 104000, 153000, 1, 0, 0.04, 10, 'take_innsta_0.04', 14, 27, 20, 7.324660070427375, 31.965869662667227, 75]
2017-10-29 23:45:17.953 INFO in 'ProfileAnalyzerTest' at line 2020: [32.53437874423505, 32.53437874423505, 4, 100000, 102000, 104000, 145000, 1, 0, 0.04, 10, 'take_innsta_0.04', 14, 27, 20, 7.370915232159089, 32.53437874423505, 75]
2017-10-29 23:45:17.953 INFO in 'ProfileAnalyzerTest' at line 2020: [34.89203384644477, 34.89203384644477, 4, 100000, 103000, 104000, 134000, 1, 0, 0.04, 10, 'take_innsta_0.04', 14, 27, 19, 6.817081335319622, 34.89203384644477, 74]
2017-10-29 23:45:17.953 INFO in 'ProfileAnalyzerTest' at line 2020: [36.45635595946128, 36.45635595946128, 4, 100000, 103000, 104000, 141000, 1, 0, 0.04, 10, 'take_innsta_0.04', 14, 27, 15, 7.372961270234045, 36.45635595946128, 74]
2017-10-29 23:45:17.953 INFO in 'ProfileAnalyzerTest' at line 2020: [38.992999917881384, 38.992999917881384, 4, 100000, 103000, 104000, 140000, 1, 0, 0.04, 10, 'take_innsta_0.04', 14, 27, 21, 7.237019158520456, 38.992999917881384, 74]
2017-10-29 23:45:17.953 INFO in 'ProfileAnalyzerTest' at line 2020: [43.078997365873974, 43.078997365873974, 4, 100000, 102000, 104000, 144000, 1, 0, 0.04, 10, 'take_innsta_0.04', 14, 27, 18, 7.696509958392516, 43.078997365873974, 75]
2017-10-29 23:45:17.953 INFO in 'ProfileAnalyzerTest' at line 2020: [45.775008966970766, 45.775008966970766, 4, 100000, 102000, 104000, 135000, 1, 0, 0.04, 10, 'take_innsta_0.04', 14, 27, 22, 7.5291133671562305, 45.775008966970766, 75]
2017-10-29 23:45:17.953 INFO in 'ProfileAnalyzerTest' at line 2020: [51.39035348016867, 51.39035348016867, 4, 100000, 102000, 104000, 134000, 1, 0, 0.04, 10, 'take_innsta_0.04', 14, 27, 20, 7.247664662068483, 51.39035348016867, 75]
2017-10-29 23:45:17.953 INFO in 'ProfileAnalyzerTest' at line 2020: [57.62125483700177, 57.62125483700177, 4, 100000, 102000, 104000, 141000, 1, 0, 0.04, 10, 'take_innsta_0.04', 14, 27, 16, 7.898077319199992, 57.62125483700177, 75]
2017-10-29 23:45:17.953 INFO in 'ProfileAnalyzerTest' at line 2020: [62.66848127247877, 62.66848127247877, 4, 100000, 102000, 104000, 140000, 1, 0, 0.04, 10, 'take_innsta_0.04', 14, 27, 22, 7.80207387264146, 62.66848127247877, 75]
2017-10-29 23:45:17.953 INFO in 'ProfileAnalyzerTest' at line 2020: [29.43762711368448, 29.43762711368448, 4, 100000, 102000, 104000, 150000, 1, 0, 0.03, 10, 'take_innsta_0.03', 14, 27, 22, 7.686519454502385, 29.43762711368448, 75]
2017-10-29 23:45:17.953 INFO in 'ProfileAnalyzerTest' at line 2020: [33.45220789539479, 33.45220789539479, 4, 100000, 102000, 104000, 144000, 1, 0, 0.03, 10, 'take_innsta_0.03', 14, 27, 20, 7.881178824327364, 33.45220789539479, 75]
2017-10-29 23:45:17.954 INFO in 'ProfileAnalyzerTest' at line 2020: [34.47185728838709, 34.47185728838709, 4, 100000, 102000, 104000, 145000, 1, 0, 0.03, 10, 'take_innsta_0.03', 14, 27, 22, 7.893430688791551, 34.47185728838709, 75]
2017-10-29 23:45:17.954 INFO in 'ProfileAnalyzerTest' at line 2020: [42.87426887735597, 42.87426887735597, 4, 100000, 102000, 104000, 135000, 1, 0, 0.03, 10, 'take_innsta_0.03', 14, 27, 22, 7.476892577198189, 42.87426887735597, 75]
2017-10-29 23:45:17.954 INFO in 'ProfileAnalyzerTest' at line 2020: [47.37917414708936, 47.37917414708936, 4, 100000, 103000, 104000, 135000, 1, 0, 0.03, 10, 'take_innsta_0.03', 14, 27, 23, 7.594261195774166, 47.37917414708936, 74]
2017-10-29 23:45:17.954 INFO in 'ProfileAnalyzerTest' at line 2020: [48.73771809459289, 48.73771809459289, 4, 100000, 102000, 104000, 134000, 1, 0, 0.03, 10, 'take_innsta_0.03', 14, 27, 20, 7.199545061454085, 48.73771809459289, 75]
2017-10-29 23:45:17.954 INFO in 'ProfileAnalyzerTest' at line 2020: [53.14090637654992, 53.14090637654992, 4, 100000, 103000, 104000, 134000, 1, 0, 0.03, 10, 'take_innsta_0.03', 14, 27, 21, 7.3129871320559126, 53.14090637654992, 74]
2017-10-29 23:45:17.954 INFO in 'ProfileAnalyzerTest' at line 2020: [54.94963873922746, 54.94963873922746, 4, 100000, 102000, 104000, 140000, 1, 0, 0.03, 10, 'take_innsta_0.03', 14, 27, 24, 7.611170280802964, 54.94963873922746, 75]
2017-10-29 23:45:17.957 INFO in 'ProfileAnalyzerTest' at line 2020: [58.819815042459055, 58.819815042459055, 4, 100000, 103000, 104000, 140000, 1, 0, 0.03, 10, 'take_innsta_0.03', 14, 27, 25, 7.692917077543527, 58.819815042459055, 74]
2017-10-29 23:45:17.957 INFO in 'ProfileAnalyzerTest' at line 2020: [61.407397193029816, 61.407397193029816, 4, 100000, 102000, 104000, 141000, 1, 0, 0.03, 10, 'take_innsta_0.03', 14, 27, 18, 7.965293742809125, 61.407397193029816, 75]
2017-10-29 23:45:17.957 INFO in 'ProfileAnalyzerTest' at line 2020: [64.31493061498027, 64.31493061498027, 4, 100000, 103000, 104000, 141000, 1, 0, 0.03, 10, 'take_innsta_0.03', 14, 27, 19, 8.02863788956809, 64.31493061498027, 74]
2017-10-29 23:45:17.957 INFO in 'ProfileAnalyzerTest' at line 1964: TATN_150105_170801.txt
2017-10-29 23:49:21.418 INFO in 'ProfileAnalyzerTest' at line 2015: No ranges found
2017-10-29 23:53:26.648 INFO in 'ProfileAnalyzerTest' at line 2015: No ranges found
2017-10-29 23:57:32.339 INFO in 'ProfileAnalyzerTest' at line 2015: No ranges found
2017-10-30 00:01:37.766 INFO in 'ProfileAnalyzerTest' at line 2015: No ranges found
2017-10-30 00:05:43.608 INFO in 'ProfileAnalyzerTest' at line 2020: [20.75328764809715, 20.75328764809715, 4, 100000, 112000, 123000, 155000, 1, 0, 0.03, 5, 'take_innsta_0.04', 9, 0, 36, 5.758192429921085, 20.75328764809715, 61]
2017-10-30 00:05:43.608 INFO in 'ProfileAnalyzerTest' at line 2020: [21.045534864120533, 21.045534864120533, 4, 100000, 114000, 122000, 162000, 1, 0, 0.03, 5, 'take_innsta_0.04', 9, 0, 19, 6.559615712384858, 21.045534864120533, 60]
2017-10-30 00:05:43.608 INFO in 'ProfileAnalyzerTest' at line 2020: [21.792890095030295, 21.792890095030295, 4, 100000, 112000, 122000, 160000, 1, 0, 0.03, 5, 'take_innsta_0.04', 9, 0, 28, 5.803233018988714, 21.792890095030295, 61]
2017-10-30 00:05:43.608 INFO in 'ProfileAnalyzerTest' at line 2020: [24.94249568915206, 24.94249568915206, 4, 100000, 114000, 122000, 164000, 1, 0, 0.03, 5, 'take_innsta_0.04', 9, 0, 28, 7.179445044607678, 24.94249568915206, 61]
2017-10-30 00:05:43.608 INFO in 'ProfileAnalyzerTest' at line 2020: [26.552679283627807, 26.552679283627807, 4, 100000, 112000, 123000, 160000, 1, 0, 0.03, 5, 'take_innsta_0.04', 9, 0, 29, 5.97257028680477, 26.552679283627807, 62]
2017-10-30 00:05:43.609 INFO in 'ProfileAnalyzerTest' at line 2020: [27.059954035284917, 27.059954035284917, 4, 100000, 114000, 123000, 160000, 1, 0, 0.03, 5, 'take_innsta_0.04', 9, 0, 23, 6.400852842513732, 27.059954035284917, 60]
2017-10-30 00:05:43.609 INFO in 'ProfileAnalyzerTest' at line 2020: [32.249318855919675, 32.249318855919675, 4, 100000, 114000, 122000, 160000, 1, 0, 0.03, 5, 'take_innsta_0.04', 9, 0, 23, 6.668926217829362, 32.249318855919675, 60]
2017-10-30 00:05:43.609 INFO in 'ProfileAnalyzerTest' at line 2020: [25.147839892890627, 25.147839892890627, 4, 100000, 112000, 123000, 160000, 1, 0, 0.03, 5, 'take_innsta_0.03', 9, 0, 29, 5.868124433245138, 25.147839892890627, 62]
2017-10-30 00:05:43.609 INFO in 'ProfileAnalyzerTest' at line 2020: [25.479225915248676, 25.479225915248676, 4, 100000, 112000, 123000, 160000, 1, 0, 0.02, 5, 'take_innsta_0.02', 9, 0, 29, 5.754980815983899, 25.479225915248676, 62]
2017-10-30 00:05:43.609 INFO in 'ProfileAnalyzerTest' at line 2020: [20.75328764809715, 20.75328764809715, 4, 100000, 112000, 123000, 155000, 1, 0, 0.03, 5, 'take_innsta_0.04', 9, 0, 36, 5.758192429921085, 20.75328764809715, 61]
2017-10-30 00:05:43.609 INFO in 'ProfileAnalyzerTest' at line 2020: [21.045534864120533, 21.045534864120533, 4, 100000, 114000, 122000, 162000, 1, 0, 0.03, 5, 'take_innsta_0.04', 9, 0, 19, 6.559615712384858, 21.045534864120533, 60]
2017-10-30 00:05:43.609 INFO in 'ProfileAnalyzerTest' at line 2020: [21.792890095030295, 21.792890095030295, 4, 100000, 112000, 122000, 160000, 1, 0, 0.03, 5, 'take_innsta_0.04', 9, 0, 28, 5.803233018988714, 21.792890095030295, 61]
2017-10-30 00:05:43.611 INFO in 'ProfileAnalyzerTest' at line 2020: [24.94249568915206, 24.94249568915206, 4, 100000, 114000, 122000, 164000, 1, 0, 0.03, 5, 'take_innsta_0.04', 9, 0, 28, 7.179445044607678, 24.94249568915206, 61]
2017-10-30 00:05:43.611 INFO in 'ProfileAnalyzerTest' at line 2020: [26.552679283627807, 26.552679283627807, 4, 100000, 112000, 123000, 160000, 1, 0, 0.03, 5, 'take_innsta_0.04', 9, 0, 29, 5.97257028680477, 26.552679283627807, 62]
2017-10-30 00:05:43.611 INFO in 'ProfileAnalyzerTest' at line 2020: [27.059954035284917, 27.059954035284917, 4, 100000, 114000, 123000, 160000, 1, 0, 0.03, 5, 'take_innsta_0.04', 9, 0, 23, 6.400852842513732, 27.059954035284917, 60]
2017-10-30 00:05:43.611 INFO in 'ProfileAnalyzerTest' at line 2020: [32.249318855919675, 32.249318855919675, 4, 100000, 114000, 122000, 160000, 1, 0, 0.03, 5, 'take_innsta_0.04', 9, 0, 23, 6.668926217829362, 32.249318855919675, 60]
2017-10-30 00:05:43.611 INFO in 'ProfileAnalyzerTest' at line 2020: [20.75328764809715, 20.75328764809715, 4, 100000, 112000, 123000, 155000, 1, 0, 0.04, 5, 'take_innsta_0.04', 9, 0, 36, 5.758192429921085, 20.75328764809715, 61]
2017-10-30 00:05:43.611 INFO in 'ProfileAnalyzerTest' at line 2020: [20.881353782353482, 20.881353782353482, 4, 100000, 114000, 122000, 162000, 1, 0, 0.04, 5, 'take_innsta_0.04', 9, 0, 19, 6.545590876738404, 20.881353782353482, 60]
2017-10-30 00:05:43.611 INFO in 'ProfileAnalyzerTest' at line 2020: [21.622878722369375, 21.622878722369375, 4, 100000, 112000, 122000, 160000, 1, 0, 0.04, 5, 'take_innsta_0.04', 9, 0, 28, 5.789208183342262, 21.622878722369375, 61]
2017-10-30 00:05:43.611 INFO in 'ProfileAnalyzerTest' at line 2020: [24.74791351527741, 24.74791351527741, 4, 100000, 114000, 122000, 164000, 1, 0, 0.04, 5, 'take_innsta_0.04', 9, 0, 28, 7.165420208961225, 24.74791351527741, 61]
2017-10-30 00:05:43.611 INFO in 'ProfileAnalyzerTest' at line 2020: [26.552679283627807, 26.552679283627807, 4, 100000, 112000, 123000, 160000, 1, 0, 0.04, 5, 'take_innsta_0.04', 9, 0, 29, 5.97257028680477, 26.552679283627807, 62]
2017-10-30 00:05:43.611 INFO in 'ProfileAnalyzerTest' at line 2020: [26.788328991501707, 26.788328991501707, 4, 100000, 114000, 123000, 160000, 1, 0, 0.04, 5, 'take_innsta_0.04', 9, 0, 23, 6.38320238221926, 26.788328991501707, 60]
2017-10-30 00:05:43.611 INFO in 'ProfileAnalyzerTest' at line 2020: [31.997734465682, 31.997734465682, 4, 100000, 114000, 122000, 160000, 1, 0, 0.04, 5, 'take_innsta_0.04', 9, 0, 23, 6.654901382182907, 31.997734465682, 60]
2017-10-30 00:05:43.614 INFO in 'ProfileAnalyzerTest' at line 2020: [26.73447838884428, 26.73447838884428, 4, 100000, 112000, 123000, 160000, 1, 0, 0.03, 5, 'take_innsta_0.02', 9, 0, 29, 5.826644541062572, 26.73447838884428, 62]
2017-10-30 00:05:43.614 INFO in 'ProfileAnalyzerTest' at line 2020: [20.75328764809715, 20.75328764809715, 4, 100000, 112000, 123000, 155000, 1, 0, 0.04, 5, 'take_innsta_0.04', 9, 0, 36, 5.758192429921085, 20.75328764809715, 61]
2017-10-30 00:05:43.614 INFO in 'ProfileAnalyzerTest' at line 2020: [20.881353782353482, 20.881353782353482, 4, 100000, 114000, 122000, 162000, 1, 0, 0.04, 5, 'take_innsta_0.04', 9, 0, 19, 6.545590876738404, 20.881353782353482, 60]
2017-10-30 00:05:43.614 INFO in 'ProfileAnalyzerTest' at line 2020: [21.622878722369375, 21.622878722369375, 4, 100000, 112000, 122000, 160000, 1, 0, 0.04, 5, 'take_innsta_0.04', 9, 0, 28, 5.789208183342262, 21.622878722369375, 61]
2017-10-30 00:05:43.614 INFO in 'ProfileAnalyzerTest' at line 2020: [24.74791351527741, 24.74791351527741, 4, 100000, 114000, 122000, 164000, 1, 0, 0.04, 5, 'take_innsta_0.04', 9, 0, 28, 7.165420208961225, 24.74791351527741, 61]
2017-10-30 00:05:43.614 INFO in 'ProfileAnalyzerTest' at line 2020: [26.552679283627807, 26.552679283627807, 4, 100000, 112000, 123000, 160000, 1, 0, 0.04, 5, 'take_innsta_0.04', 9, 0, 29, 5.97257028680477, 26.552679283627807, 62]
2017-10-30 00:05:43.615 INFO in 'ProfileAnalyzerTest' at line 2020: [26.788328991501707, 26.788328991501707, 4, 100000, 114000, 123000, 160000, 1, 0, 0.04, 5, 'take_innsta_0.04', 9, 0, 23, 6.38320238221926, 26.788328991501707, 60]
2017-10-30 00:05:43.615 INFO in 'ProfileAnalyzerTest' at line 2020: [31.997734465682, 31.997734465682, 4, 100000, 114000, 122000, 160000, 1, 0, 0.04, 5, 'take_innsta_0.04', 9, 0, 23, 6.654901382182907, 31.997734465682, 60]
2017-10-30 00:05:43.615 INFO in 'ProfileAnalyzerTest' at line 2020: [20.75328764809715, 20.75328764809715, 4, 100000, 112000, 123000, 155000, 1, 0, 0.03, 5, 'take_innsta_0.04', 9, 0, 36, 5.758192429921085, 20.75328764809715, 61]
2017-10-30 00:05:43.615 INFO in 'ProfileAnalyzerTest' at line 2020: [21.045534864120533, 21.045534864120533, 4, 100000, 114000, 122000, 162000, 1, 0, 0.03, 5, 'take_innsta_0.04', 9, 0, 19, 6.559615712384858, 21.045534864120533, 60]
2017-10-30 00:05:43.615 INFO in 'ProfileAnalyzerTest' at line 2020: [21.792890095030295, 21.792890095030295, 4, 100000, 112000, 122000, 160000, 1, 0, 0.03, 5, 'take_innsta_0.04', 9, 0, 28, 5.803233018988714, 21.792890095030295, 61]
2017-10-30 00:05:43.615 INFO in 'ProfileAnalyzerTest' at line 2020: [24.94249568915206, 24.94249568915206, 4, 100000, 114000, 122000, 164000, 1, 0, 0.03, 5, 'take_innsta_0.04', 9, 0, 28, 7.179445044607678, 24.94249568915206, 61]
2017-10-30 00:05:43.615 INFO in 'ProfileAnalyzerTest' at line 2020: [26.552679283627807, 26.552679283627807, 4, 100000, 112000, 123000, 160000, 1, 0, 0.03, 5, 'take_innsta_0.04', 9, 0, 29, 5.97257028680477, 26.552679283627807, 62]
2017-10-30 00:05:43.615 INFO in 'ProfileAnalyzerTest' at line 2020: [27.059954035284917, 27.059954035284917, 4, 100000, 114000, 123000, 160000, 1, 0, 0.03, 5, 'take_innsta_0.04', 9, 0, 23, 6.400852842513732, 27.059954035284917, 60]
2017-10-30 00:05:43.615 INFO in 'ProfileAnalyzerTest' at line 2020: [32.249318855919675, 32.249318855919675, 4, 100000, 114000, 122000, 160000, 1, 0, 0.03, 5, 'take_innsta_0.04', 9, 0, 23, 6.668926217829362, 32.249318855919675, 60]
2017-10-30 00:05:43.615 INFO in 'ProfileAnalyzerTest' at line 2020: [20.75328764809715, 20.75328764809715, 4, 100000, 112000, 123000, 155000, 1, 0, 0.04, 5, 'take_innsta_0.04', 9, 0, 36, 5.758192429921085, 20.75328764809715, 61]
2017-10-30 00:05:43.615 INFO in 'ProfileAnalyzerTest' at line 2020: [20.881353782353482, 20.881353782353482, 4, 100000, 114000, 122000, 162000, 1, 0, 0.04, 5, 'take_innsta_0.04', 9, 0, 19, 6.545590876738404, 20.881353782353482, 60]
2017-10-30 00:05:43.615 INFO in 'ProfileAnalyzerTest' at line 2020: [21.622878722369375, 21.622878722369375, 4, 100000, 112000, 122000, 160000, 1, 0, 0.04, 5, 'take_innsta_0.04', 9, 0, 28, 5.789208183342262, 21.622878722369375, 61]
2017-10-30 00:05:43.615 INFO in 'ProfileAnalyzerTest' at line 2020: [24.74791351527741, 24.74791351527741, 4, 100000, 114000, 122000, 164000, 1, 0, 0.04, 5, 'take_innsta_0.04', 9, 0, 28, 7.165420208961225, 24.74791351527741, 61]
2017-10-30 00:05:43.617 INFO in 'ProfileAnalyzerTest' at line 2020: [26.552679283627807, 26.552679283627807, 4, 100000, 112000, 123000, 160000, 1, 0, 0.04, 5, 'take_innsta_0.04', 9, 0, 29, 5.97257028680477, 26.552679283627807, 62]
2017-10-30 00:05:43.617 INFO in 'ProfileAnalyzerTest' at line 2020: [26.788328991501707, 26.788328991501707, 4, 100000, 114000, 123000, 160000, 1, 0, 0.04, 5, 'take_innsta_0.04', 9, 0, 23, 6.38320238221926, 26.788328991501707, 60]
2017-10-30 00:05:43.617 INFO in 'ProfileAnalyzerTest' at line 2020: [31.997734465682, 31.997734465682, 4, 100000, 114000, 122000, 160000, 1, 0, 0.04, 5, 'take_innsta_0.04', 9, 0, 23, 6.654901382182907, 31.997734465682, 60]
2017-10-30 00:05:43.617 INFO in 'ProfileAnalyzerTest' at line 2020: [20.75328764809715, 20.75328764809715, 4, 100000, 112000, 123000, 155000, 1, 0, 0.03, 5, 'take_innsta_0.04', 9, 0, 36, 5.758192429921085, 20.75328764809715, 61]
2017-10-30 00:05:43.617 INFO in 'ProfileAnalyzerTest' at line 2020: [21.045534864120533, 21.045534864120533, 4, 100000, 114000, 122000, 162000, 1, 0, 0.03, 5, 'take_innsta_0.04', 9, 0, 19, 6.559615712384858, 21.045534864120533, 60]
2017-10-30 00:05:43.617 INFO in 'ProfileAnalyzerTest' at line 2020: [21.792890095030295, 21.792890095030295, 4, 100000, 112000, 122000, 160000, 1, 0, 0.03, 5, 'take_innsta_0.04', 9, 0, 28, 5.803233018988714, 21.792890095030295, 61]
2017-10-30 00:05:43.617 INFO in 'ProfileAnalyzerTest' at line 2020: [24.94249568915206, 24.94249568915206, 4, 100000, 114000, 122000, 164000, 1, 0, 0.03, 5, 'take_innsta_0.04', 9, 0, 28, 7.179445044607678, 24.94249568915206, 61]
2017-10-30 00:05:43.618 INFO in 'ProfileAnalyzerTest' at line 2020: [26.552679283627807, 26.552679283627807, 4, 100000, 112000, 123000, 160000, 1, 0, 0.03, 5, 'take_innsta_0.04', 9, 0, 29, 5.97257028680477, 26.552679283627807, 62]
2017-10-30 00:05:43.618 INFO in 'ProfileAnalyzerTest' at line 2020: [27.059954035284917, 27.059954035284917, 4, 100000, 114000, 123000, 160000, 1, 0, 0.03, 5, 'take_innsta_0.04', 9, 0, 23, 6.400852842513732, 27.059954035284917, 60]
2017-10-30 00:05:43.618 INFO in 'ProfileAnalyzerTest' at line 2020: [32.249318855919675, 32.249318855919675, 4, 100000, 114000, 122000, 160000, 1, 0, 0.03, 5, 'take_innsta_0.04', 9, 0, 23, 6.668926217829362, 32.249318855919675, 60]
2017-10-30 00:05:43.618 INFO in 'ProfileAnalyzerTest' at line 1964: ALRS_150105_170801.txt
2017-10-30 00:09:45.759 INFO in 'ProfileAnalyzerTest' at line 2015: No ranges found
