2017-11-26 20:31:06.125 INFO in 'ProfileAnalyzerTest' at line 2014: daily_FEES.txt
2017-11-26 20:31:07.89 INFO in 'ProfileAnalyzerTest' at line 2025: AVG PVV 0.00067540257649
2017-11-26 20:31:07.91 INFO in 'ProfileAnalyzerTest' at line 2026: AVG Volume 0.00379889932355
2017-11-26 20:31:44.269 INFO in 'ProfileAnalyzerTest' at line 2071: [3.325819593205925, 3.325819593205925, 0, 100000, 130000, 140000, 180000, 1, 0, 0.04, 0, 'take_innsta_0.04', 20, 0, 8, 2.479410911222176, 3.325819593205925, 13]
2017-11-26 20:31:44.270 INFO in 'ProfileAnalyzerTest' at line 2071: [2.983157993582714, 2.983157993582714, 0, 100000, 102000, 103000, 135000, 1, 0, 0.04, 0, 'take_innsta_0.02', 9, 27, 10, 2.243396818210705, 2.983157993582714, 11]
2017-11-26 20:31:44.270 INFO in 'ProfileAnalyzerTest' at line 2071: [3.0394816377634286, 3.0394816377634286, 0, 100000, 102000, 103000, 140000, 1, 0, 0.04, 0, 'take_innsta_0.02', 9, 27, 12, 2.249829289990235, 3.0394816377634286, 11]
2017-11-26 20:31:44.270 INFO in 'ProfileAnalyzerTest' at line 2071: [3.089240093457291, 3.089240093457291, 0, 100000, 102000, 103000, 171000, 1, 0, 0.04, 0, 'take_innsta_0.02', 9, 27, 4, 2.40643934738011, 3.089240093457291, 11]
2017-11-26 20:31:44.270 INFO in 'ProfileAnalyzerTest' at line 2071: [3.0932510103504054, 3.0932510103504054, 0, 100000, 102000, 103000, 173000, 1, 0, 0.04, 0, 'take_innsta_0.02', 9, 27, 4, 2.407168542210256, 3.0932510103504054, 11]
2017-11-26 20:31:44.270 INFO in 'ProfileAnalyzerTest' at line 2071: [3.0947400785522072, 3.0947400785522072, 0, 100000, 102000, 103000, 172000, 1, 0, 0.04, 0, 'take_innsta_0.02', 9, 27, 6, 2.397480883123154, 3.0947400785522072, 11]
2017-11-26 20:31:44.272 INFO in 'ProfileAnalyzerTest' at line 2071: [3.1090665148282053, 3.1090665148282053, 0, 100000, 102000, 103000, 125000, 1, 0, 0.04, 0, 'take_innsta_0.02', 9, 27, 9, 2.304762314068625, 3.1090665148282053, 12]
2017-11-26 20:31:44.272 INFO in 'ProfileAnalyzerTest' at line 2071: [3.1839690232742384, 3.1839690232742384, 0, 100000, 102000, 103000, 174000, 1, 0, 0.04, 0, 'take_innsta_0.02', 9, 27, 6, 2.4596668323081468, 3.1839690232742384, 11]
2017-11-26 20:31:44.272 INFO in 'ProfileAnalyzerTest' at line 2071: [3.246126593732121, 3.246126593732121, 0, 100000, 102000, 103000, 175000, 1, 0, 0.04, 0, 'take_innsta_0.02', 9, 27, 6, 2.492413039887148, 3.246126593732121, 11]
2017-11-26 20:31:44.272 INFO in 'ProfileAnalyzerTest' at line 2071: [3.3126114522196275, 3.3126114522196275, 0, 100000, 102000, 103000, 141000, 1, 0, 0.04, 0, 'take_innsta_0.02', 9, 27, 12, 2.3376758310273247, 3.3126114522196275, 11]
2017-11-26 20:31:44.272 INFO in 'ProfileAnalyzerTest' at line 2071: [3.338532329959128, 3.338532329959128, 0, 100000, 102000, 103000, 134000, 1, 0, 0.04, 0, 'take_innsta_0.02', 9, 27, 12, 2.336863777226339, 3.338532329959128, 11]
2017-11-26 20:31:44.272 INFO in 'ProfileAnalyzerTest' at line 2071: [3.0080832578036487, 3.0080832578036487, 0, 100000, 102000, 103000, 135000, 1, 0, 0.03, 0, 'take_innsta_0.02', 9, 27, 10, 2.254756305410996, 3.0080832578036487, 11]
2017-11-26 20:31:44.273 INFO in 'ProfileAnalyzerTest' at line 2071: [3.06487750451903, 3.06487750451903, 0, 100000, 102000, 103000, 140000, 1, 0, 0.03, 0, 'take_innsta_0.02', 9, 27, 12, 2.261188777190526, 3.06487750451903, 11]
2017-11-26 20:31:44.273 INFO in 'ProfileAnalyzerTest' at line 2071: [3.1150517084428095, 3.1150517084428095, 0, 100000, 102000, 103000, 171000, 1, 0, 0.03, 0, 'take_innsta_0.02', 9, 27, 4, 2.4177988345804007, 3.1150517084428095, 11]
2017-11-26 20:31:44.273 INFO in 'ProfileAnalyzerTest' at line 2071: [3.119096137863099, 3.119096137863099, 0, 100000, 102000, 103000, 173000, 1, 0, 0.03, 0, 'take_innsta_0.02', 9, 27, 4, 2.4185280294105462, 3.119096137863099, 11]
2017-11-26 20:31:44.273 INFO in 'ProfileAnalyzerTest' at line 2071: [3.120597647718495, 3.120597647718495, 0, 100000, 102000, 103000, 172000, 1, 0, 0.03, 0, 'take_innsta_0.02', 9, 27, 6, 2.408840370323445, 3.120597647718495, 11]
2017-11-26 20:31:44.273 INFO in 'ProfileAnalyzerTest' at line 2071: [3.1350437860720546, 3.1350437860720546, 0, 100000, 102000, 103000, 125000, 1, 0, 0.03, 0, 'take_innsta_0.02', 9, 27, 9, 2.316121801268916, 3.1350437860720546, 12]
2017-11-26 20:31:44.273 INFO in 'ProfileAnalyzerTest' at line 2071: [3.2105721295619727, 3.2105721295619727, 0, 100000, 102000, 103000, 174000, 1, 0, 0.03, 0, 'take_innsta_0.02', 9, 27, 6, 2.4710263195084377, 3.2105721295619727, 11]
2017-11-26 20:31:44.273 INFO in 'ProfileAnalyzerTest' at line 2071: [3.27324904692348, 3.27324904692348, 0, 100000, 102000, 103000, 175000, 1, 0, 0.03, 0, 'take_innsta_0.02', 9, 27, 6, 2.503772527087439, 3.27324904692348, 11]
2017-11-26 20:31:44.273 INFO in 'ProfileAnalyzerTest' at line 2071: [3.340289408226478, 3.340289408226478, 0, 100000, 102000, 103000, 141000, 1, 0, 0.03, 0, 'take_innsta_0.02', 9, 27, 12, 2.349035318227616, 3.340289408226478, 11]
2017-11-26 20:31:44.273 INFO in 'ProfileAnalyzerTest' at line 2071: [3.366426863407698, 3.366426863407698, 0, 100000, 102000, 103000, 134000, 1, 0, 0.03, 0, 'take_innsta_0.02', 9, 27, 12, 2.34822326442663, 3.366426863407698, 11]
2017-11-26 20:31:44.273 INFO in 'ProfileAnalyzerTest' at line 2071: [2.9681274781331046, 2.9681274781331046, 0, 100000, 103000, 134000, 175000, 1, 0, 0.01, 1, 'take_innsta_0.04', 9, 0, 11, 2.343660738712119, 2.9681274781331046, 6]
2017-11-26 20:31:44.275 INFO in 'ProfileAnalyzerTest' at line 2071: [2.9811373926111275, 2.9811373926111275, 0, 100000, 103000, 140000, 175000, 1, 0, 0.01, 1, 'take_innsta_0.04', 9, 0, 9, 2.3949807559561407, 2.9811373926111275, 6]
2017-11-26 20:31:44.275 INFO in 'ProfileAnalyzerTest' at line 2071: [3.0105115174672874, 3.0105115174672874, 0, 100000, 103000, 123000, 175000, 1, 0, 0.01, 1, 'take_innsta_0.04', 9, 0, 6, 2.4969436746617495, 3.0105115174672874, 7]
2017-11-26 20:31:44.275 INFO in 'ProfileAnalyzerTest' at line 2071: [3.0401341030138718, 3.0401341030138718, 0, 100000, 103000, 134000, 180000, 1, 0, 0.01, 1, 'take_innsta_0.04', 9, 0, 7, 2.4168250960530235, 3.0401341030138718, 6]
2017-11-26 20:31:44.275 INFO in 'ProfileAnalyzerTest' at line 2071: [3.051210716404711, 3.051210716404711, 0, 100000, 103000, 124000, 180000, 1, 0, 0.01, 1, 'take_innsta_0.04', 9, 0, 6, 2.5398930361171406, 3.051210716404711, 7]
2017-11-26 20:31:44.275 INFO in 'ProfileAnalyzerTest' at line 2071: [3.0848926157907024, 3.0848926157907024, 0, 100000, 103000, 123000, 180000, 1, 0, 0.01, 1, 'take_innsta_0.04', 9, 0, 4, 2.5703178063671226, 3.0848926157907024, 7]
2017-11-26 20:31:44.275 INFO in 'ProfileAnalyzerTest' at line 2071: [3.361580634102077, 3.361580634102077, 0, 100000, 103000, 140000, 180000, 1, 0, 0.01, 1, 'take_innsta_0.04', 9, 0, 5, 2.5685624913285765, 3.361580634102077, 8]
2017-11-26 20:31:44.276 INFO in 'ProfileAnalyzerTest' at line 2071: [2.9681274781331046, 2.9681274781331046, 0, 100000, 103000, 134000, 175000, 1, 0, 0.02, 1, 'take_innsta_0.04', 9, 0, 11, 2.343660738712119, 2.9681274781331046, 6]
2017-11-26 20:31:44.276 INFO in 'ProfileAnalyzerTest' at line 2071: [2.9811373926111275, 2.9811373926111275, 0, 100000, 103000, 140000, 175000, 1, 0, 0.02, 1, 'take_innsta_0.04', 9, 0, 9, 2.3949807559561407, 2.9811373926111275, 6]
2017-11-26 20:31:44.276 INFO in 'ProfileAnalyzerTest' at line 2071: [2.9984227127968994, 2.9984227127968994, 0, 100000, 103000, 130000, 180000, 1, 0, 0.02, 1, 'take_innsta_0.04', 9, 0, 6, 2.4972232424017413, 2.9984227127968994, 7]
2017-11-26 20:31:44.276 INFO in 'ProfileAnalyzerTest' at line 2071: [3.0105115174672874, 3.0105115174672874, 0, 100000, 103000, 123000, 175000, 1, 0, 0.02, 1, 'take_innsta_0.04', 9, 0, 6, 2.4969436746617495, 3.0105115174672874, 7]
2017-11-26 20:31:44.276 INFO in 'ProfileAnalyzerTest' at line 2071: [3.0401341030138718, 3.0401341030138718, 0, 100000, 103000, 134000, 180000, 1, 0, 0.02, 1, 'take_innsta_0.04', 9, 0, 7, 2.4168250960530235, 3.0401341030138718, 6]
2017-11-26 20:31:44.276 INFO in 'ProfileAnalyzerTest' at line 2071: [3.051210716404711, 3.051210716404711, 0, 100000, 103000, 124000, 180000, 1, 0, 0.02, 1, 'take_innsta_0.04', 9, 0, 6, 2.5398930361171406, 3.051210716404711, 7]
2017-11-26 20:31:44.276 INFO in 'ProfileAnalyzerTest' at line 2071: [3.0848926157907024, 3.0848926157907024, 0, 100000, 103000, 123000, 180000, 1, 0, 0.02, 1, 'take_innsta_0.04', 9, 0, 4, 2.5703178063671226, 3.0848926157907024, 7]
2017-11-26 20:31:44.278 INFO in 'ProfileAnalyzerTest' at line 2071: [3.361580634102077, 3.361580634102077, 0, 100000, 103000, 140000, 180000, 1, 0, 0.02, 1, 'take_innsta_0.04', 9, 0, 5, 2.5685624913285765, 3.361580634102077, 8]
2017-11-26 20:31:44.278 INFO in 'ProfileAnalyzerTest' at line 2071: [2.9681274781331046, 2.9681274781331046, 0, 100000, 103000, 134000, 175000, 1, 0, 0.03, 1, 'take_innsta_0.04', 9, 0, 11, 2.343660738712119, 2.9681274781331046, 6]
2017-11-26 20:31:44.278 INFO in 'ProfileAnalyzerTest' at line 2071: [2.9811373926111275, 2.9811373926111275, 0, 100000, 103000, 140000, 175000, 1, 0, 0.03, 1, 'take_innsta_0.04', 9, 0, 9, 2.3949807559561407, 2.9811373926111275, 6]
2017-11-26 20:31:44.278 INFO in 'ProfileAnalyzerTest' at line 2071: [2.9984227127968994, 2.9984227127968994, 0, 100000, 103000, 130000, 180000, 1, 0, 0.03, 1, 'take_innsta_0.04', 9, 0, 6, 2.4972232424017413, 2.9984227127968994, 7]
2017-11-26 20:31:44.278 INFO in 'ProfileAnalyzerTest' at line 2071: [3.0105115174672874, 3.0105115174672874, 0, 100000, 103000, 123000, 175000, 1, 0, 0.03, 1, 'take_innsta_0.04', 9, 0, 6, 2.4969436746617495, 3.0105115174672874, 7]
2017-11-26 20:31:44.279 INFO in 'ProfileAnalyzerTest' at line 2071: [3.0401341030138718, 3.0401341030138718, 0, 100000, 103000, 134000, 180000, 1, 0, 0.03, 1, 'take_innsta_0.04', 9, 0, 7, 2.4168250960530235, 3.0401341030138718, 6]
2017-11-26 20:31:44.279 INFO in 'ProfileAnalyzerTest' at line 2071: [3.051210716404711, 3.051210716404711, 0, 100000, 103000, 124000, 180000, 1, 0, 0.03, 1, 'take_innsta_0.04', 9, 0, 6, 2.5398930361171406, 3.051210716404711, 7]
2017-11-26 20:31:44.279 INFO in 'ProfileAnalyzerTest' at line 2071: [3.0848926157907024, 3.0848926157907024, 0, 100000, 103000, 123000, 180000, 1, 0, 0.03, 1, 'take_innsta_0.04', 9, 0, 4, 2.5703178063671226, 3.0848926157907024, 7]
2017-11-26 20:31:44.279 INFO in 'ProfileAnalyzerTest' at line 2071: [3.361580634102077, 3.361580634102077, 0, 100000, 103000, 140000, 180000, 1, 0, 0.03, 1, 'take_innsta_0.04', 9, 0, 5, 2.5685624913285765, 3.361580634102077, 8]
2017-11-26 20:31:44.279 INFO in 'ProfileAnalyzerTest' at line 2071: [2.9642822103127386, 2.9642822103127386, 0, 100000, 103000, 124000, 175000, 1, 0, 0.04, 1, 'take_innsta_0.04', 9, 0, 6, 2.4667372943944494, 2.9642822103127386, 7]
2017-11-26 20:31:44.279 INFO in 'ProfileAnalyzerTest' at line 2071: [2.9681274781331046, 2.9681274781331046, 0, 100000, 103000, 134000, 175000, 1, 0, 0.04, 1, 'take_innsta_0.04', 9, 0, 11, 2.343660738712119, 2.9681274781331046, 6]
2017-11-26 20:31:44.279 INFO in 'ProfileAnalyzerTest' at line 2071: [2.9811373926111275, 2.9811373926111275, 0, 100000, 103000, 140000, 175000, 1, 0, 0.04, 1, 'take_innsta_0.04', 9, 0, 9, 2.3949807559561407, 2.9811373926111275, 6]
2017-11-26 20:31:44.279 INFO in 'ProfileAnalyzerTest' at line 2071: [2.9984227127968994, 2.9984227127968994, 0, 100000, 103000, 130000, 180000, 1, 0, 0.04, 1, 'take_innsta_0.04', 9, 0, 6, 2.4972232424017413, 2.9984227127968994, 7]
2017-11-26 20:31:44.279 INFO in 'ProfileAnalyzerTest' at line 2071: [3.0105115174672874, 3.0105115174672874, 0, 100000, 103000, 123000, 175000, 1, 0, 0.04, 1, 'take_innsta_0.04', 9, 0, 6, 2.4969436746617495, 3.0105115174672874, 7]
2017-11-26 20:31:44.279 INFO in 'ProfileAnalyzerTest' at line 2071: [3.0401341030138718, 3.0401341030138718, 0, 100000, 103000, 134000, 180000, 1, 0, 0.04, 1, 'take_innsta_0.04', 9, 0, 7, 2.4168250960530235, 3.0401341030138718, 6]
2017-11-26 20:31:44.279 INFO in 'ProfileAnalyzerTest' at line 2071: [3.051210716404711, 3.051210716404711, 0, 100000, 103000, 124000, 180000, 1, 0, 0.04, 1, 'take_innsta_0.04', 9, 0, 6, 2.5398930361171406, 3.051210716404711, 7]
2017-11-26 20:31:44.280 INFO in 'ProfileAnalyzerTest' at line 2071: [3.0848926157907024, 3.0848926157907024, 0, 100000, 103000, 123000, 180000, 1, 0, 0.04, 1, 'take_innsta_0.04', 9, 0, 4, 2.5703178063671226, 3.0848926157907024, 7]
2017-11-26 20:31:44.280 INFO in 'ProfileAnalyzerTest' at line 2071: [3.361580634102077, 3.361580634102077, 0, 100000, 103000, 140000, 180000, 1, 0, 0.04, 1, 'take_innsta_0.04', 9, 0, 5, 2.5685624913285765, 3.361580634102077, 8]
2017-11-26 20:31:44.280 INFO in 'ProfileAnalyzerTest' at line 2071: [3.0080832578036487, 3.0080832578036487, 0, 100000, 102000, 103000, 135000, 1, 0, 0.03, 0, 'take_innsta_0.02', 9, 27, 10, 2.254756305410996, 3.0080832578036487, 11]
2017-11-26 20:31:44.280 INFO in 'ProfileAnalyzerTest' at line 2071: [3.06487750451903, 3.06487750451903, 0, 100000, 102000, 103000, 140000, 1, 0, 0.03, 0, 'take_innsta_0.02', 9, 27, 12, 2.261188777190526, 3.06487750451903, 11]
2017-11-26 20:31:44.280 INFO in 'ProfileAnalyzerTest' at line 2071: [3.1150517084428095, 3.1150517084428095, 0, 100000, 102000, 103000, 171000, 1, 0, 0.03, 0, 'take_innsta_0.02', 9, 27, 4, 2.4177988345804007, 3.1150517084428095, 11]
2017-11-26 20:31:44.282 INFO in 'ProfileAnalyzerTest' at line 2071: [3.119096137863099, 3.119096137863099, 0, 100000, 102000, 103000, 173000, 1, 0, 0.03, 0, 'take_innsta_0.02', 9, 27, 4, 2.4185280294105462, 3.119096137863099, 11]
2017-11-26 20:31:44.282 INFO in 'ProfileAnalyzerTest' at line 2071: [3.120597647718495, 3.120597647718495, 0, 100000, 102000, 103000, 172000, 1, 0, 0.03, 0, 'take_innsta_0.02', 9, 27, 6, 2.408840370323445, 3.120597647718495, 11]
2017-11-26 20:31:44.282 INFO in 'ProfileAnalyzerTest' at line 2071: [3.1350437860720546, 3.1350437860720546, 0, 100000, 102000, 103000, 125000, 1, 0, 0.03, 0, 'take_innsta_0.02', 9, 27, 9, 2.316121801268916, 3.1350437860720546, 12]
2017-11-26 20:31:44.282 INFO in 'ProfileAnalyzerTest' at line 2071: [3.2105721295619727, 3.2105721295619727, 0, 100000, 102000, 103000, 174000, 1, 0, 0.03, 0, 'take_innsta_0.02', 9, 27, 6, 2.4710263195084377, 3.2105721295619727, 11]
2017-11-26 20:31:44.282 INFO in 'ProfileAnalyzerTest' at line 2071: [3.27324904692348, 3.27324904692348, 0, 100000, 102000, 103000, 175000, 1, 0, 0.03, 0, 'take_innsta_0.02', 9, 27, 6, 2.503772527087439, 3.27324904692348, 11]
2017-11-26 20:31:44.282 INFO in 'ProfileAnalyzerTest' at line 2071: [3.340289408226478, 3.340289408226478, 0, 100000, 102000, 103000, 141000, 1, 0, 0.03, 0, 'take_innsta_0.02', 9, 27, 12, 2.349035318227616, 3.340289408226478, 11]
2017-11-26 20:31:44.282 INFO in 'ProfileAnalyzerTest' at line 2071: [3.366426863407698, 3.366426863407698, 0, 100000, 102000, 103000, 134000, 1, 0, 0.03, 0, 'take_innsta_0.02', 9, 27, 12, 2.34822326442663, 3.366426863407698, 11]
2017-11-26 20:31:44.282 INFO in 'ProfileAnalyzerTest' at line 2071: [3.0924376921065053, 3.0924376921065053, 0, 100000, 102000, 103000, 140000, 1, 0, 0.02, 0, 'take_innsta_0.015', 9, 27, 12, 2.2536599036806435, 3.0924376921065053, 11]
2017-11-26 20:31:44.282 INFO in 'ProfileAnalyzerTest' at line 2071: [3.2284204109605885, 3.2284204109605885, 0, 100000, 102000, 103000, 141000, 1, 0, 0.02, 0, 'take_innsta_0.015', 9, 27, 12, 2.299685442039495, 3.2284204109605885, 11]
2017-11-26 20:31:44.282 INFO in 'ProfileAnalyzerTest' at line 2071: [3.424974060478816, 3.424974060478816, 0, 100000, 102000, 103000, 134000, 1, 0, 0.02, 0, 'take_innsta_0.015', 9, 27, 12, 2.3601025886790747, 3.424974060478816, 11]
2017-11-26 20:31:44.282 INFO in 'ProfileAnalyzerTest' at line 2071: [2.977015885280528, 2.977015885280528, 0, 100000, 102000, 103000, 132000, 1, 0, 0.03, 0, 'take_innsta_0.015', 9, 27, 10, 2.251255572385693, 2.977015885280528, 11]
2017-11-26 20:31:44.283 INFO in 'ProfileAnalyzerTest' at line 2071: [3.003670494195089, 3.003670494195089, 0, 100000, 102000, 103000, 124000, 1, 0, 0.03, 0, 'take_innsta_0.015', 9, 27, 9, 2.264623878504673, 3.003670494195089, 12]
2017-11-26 20:31:44.283 INFO in 'ProfileAnalyzerTest' at line 2071: [3.1741505230073312, 3.1741505230073312, 0, 100000, 102000, 103000, 140000, 1, 0, 0.03, 0, 'take_innsta_0.015', 9, 27, 12, 2.2979673577426976, 3.1741505230073312, 11]
2017-11-26 20:31:44.283 INFO in 'ProfileAnalyzerTest' at line 2071: [3.268505701096773, 3.268505701096773, 0, 100000, 102000, 103000, 125000, 1, 0, 0.03, 0, 'take_innsta_0.015', 9, 27, 9, 2.371661057761975, 3.268505701096773, 12]
2017-11-26 20:31:44.283 INFO in 'ProfileAnalyzerTest' at line 2071: [3.313726372594338, 3.313726372594338, 0, 100000, 102000, 103000, 141000, 1, 0, 0.03, 0, 'take_innsta_0.015', 9, 27, 12, 2.3439928961015486, 3.313726372594338, 11]
2017-11-26 20:31:44.283 INFO in 'ProfileAnalyzerTest' at line 2071: [3.5154736449839374, 3.5154736449839374, 0, 100000, 102000, 103000, 134000, 1, 0, 0.03, 0, 'take_innsta_0.015', 9, 27, 12, 2.404410042741129, 3.5154736449839374, 11]
2017-11-26 20:31:45.259 INFO in 'ProfileAnalyzerTest' at line 2025: AVG PVV 0.000669018518519
2017-11-26 20:31:45.259 INFO in 'ProfileAnalyzerTest' at line 2026: AVG Volume 0.00388710808924
2017-11-26 20:32:22.490 INFO in 'ProfileAnalyzerTest' at line 2071: [3.0829386290740803, 3.0829386290740803, 1, 100000, 115000, 130000, 171000, 1, 0, 0.02, 0, 'take_innsta_0.03', 9, 0, 9, 2.469493955640564, 3.0829386290740803, 8]
2017-11-26 20:32:22.490 INFO in 'ProfileAnalyzerTest' at line 2071: [3.0841801827539683, 3.0841801827539683, 1, 100000, 115000, 124000, 171000, 1, 0, 0.02, 0, 'take_innsta_0.03', 9, 0, 11, 2.506101112533514, 3.0841801827539683, 8]
2017-11-26 20:32:22.490 INFO in 'ProfileAnalyzerTest' at line 2071: [3.0953971270807217, 3.0953971270807217, 1, 100000, 115000, 122000, 164000, 1, 0, 0.02, 0, 'take_innsta_0.03', 9, 0, 8, 2.5742726645514686, 3.0953971270807217, 9]
2017-11-26 20:32:22.490 INFO in 'ProfileAnalyzerTest' at line 2071: [3.130935866050129, 3.130935866050129, 1, 100000, 115000, 120000, 171000, 1, 0, 0.02, 0, 'take_innsta_0.03', 9, 0, 6, 2.5769471387404397, 3.130935866050129, 9]
2017-11-26 20:32:22.490 INFO in 'ProfileAnalyzerTest' at line 2071: [3.2441280618182087, 3.2441280618182087, 1, 100000, 115000, 123000, 171000, 1, 0, 0.02, 0, 'take_innsta_0.03', 9, 0, 9, 2.6206333156873396, 3.2441280618182087, 8]
2017-11-26 20:32:22.490 INFO in 'ProfileAnalyzerTest' at line 2071: [3.4284580327006497, 3.4284580327006497, 1, 100000, 115000, 122000, 171000, 1, 0, 0.02, 0, 'take_innsta_0.03', 9, 0, 9, 2.6437652310767468, 3.4284580327006497, 8]
2017-11-26 20:32:22.490 INFO in 'ProfileAnalyzerTest' at line 2071: [3.1386541358234656, 3.1386541358234656, 1, 100000, 130000, 144000, 174000, 1, 0, 0.02, 1, 'take_innsta_0.0075', 9, 20, 14, 2.212863976043993, 3.1386541358234656, 11]
2017-11-26 20:32:22.490 INFO in 'ProfileAnalyzerTest' at line 2071: [3.26832671178613, 3.26832671178613, 1, 100000, 130000, 145000, 180000, 1, 0, 0.02, 1, 'take_innsta_0.0075', 9, 20, 14, 2.265740153020589, 3.26832671178613, 11]
2017-11-26 20:32:22.490 INFO in 'ProfileAnalyzerTest' at line 2071: [3.290299915475017, 3.290299915475017, 1, 100000, 130000, 145000, 175000, 1, 0, 0.02, 1, 'take_innsta_0.0075', 9, 20, 13, 2.27247073359848, 3.290299915475017, 12]
2017-11-26 20:32:22.492 INFO in 'ProfileAnalyzerTest' at line 2071: [3.439215395529544, 3.439215395529544, 1, 100000, 130000, 145000, 174000, 1, 0, 0.02, 1, 'take_innsta_0.0075', 9, 20, 14, 2.317241667803987, 3.439215395529544, 11]
2017-11-26 20:32:22.492 INFO in 'ProfileAnalyzerTest' at line 2071: [3.0816401819863133, 3.0816401819863133, 1, 100000, 130000, 150000, 174000, 1, 0, 0.03, 1, 'take_innsta_0.0075', 9, 20, 14, 2.199007045804873, 3.0816401819863133, 11]
2017-11-26 20:32:22.492 INFO in 'ProfileAnalyzerTest' at line 2071: [3.1166495344924185, 3.1166495344924185, 1, 100000, 130000, 144000, 174000, 1, 0, 0.03, 1, 'take_innsta_0.0075', 9, 20, 14, 2.2050710033730816, 3.1166495344924185, 11]
2017-11-26 20:32:22.492 INFO in 'ProfileAnalyzerTest' at line 2071: [3.26832671178613, 3.26832671178613, 1, 100000, 130000, 145000, 180000, 1, 0, 0.03, 1, 'take_innsta_0.0075', 9, 20, 14, 2.265740153020589, 3.26832671178613, 11]
2017-11-26 20:32:22.492 INFO in 'ProfileAnalyzerTest' at line 2071: [3.290299915475017, 3.290299915475017, 1, 100000, 130000, 145000, 175000, 1, 0, 0.03, 1, 'take_innsta_0.0075', 9, 20, 13, 2.27247073359848, 3.290299915475017, 12]
2017-11-26 20:32:22.493 INFO in 'ProfileAnalyzerTest' at line 2071: [3.439215395529544, 3.439215395529544, 1, 100000, 130000, 145000, 174000, 1, 0, 0.03, 1, 'take_innsta_0.0075', 9, 20, 14, 2.317241667803987, 3.439215395529544, 11]
2017-11-26 20:32:22.493 INFO in 'ProfileAnalyzerTest' at line 2071: [3.1239886760374245, 3.1239886760374245, 1, 100000, 124000, 130000, 175000, 1, 0, 0.03, 0, 'take_innsta_0.015', 14, 0, 12, 2.307453803642845, 3.1239886760374245, 11]
2017-11-26 20:32:22.493 INFO in 'ProfileAnalyzerTest' at line 2071: [3.1519665406474395, 3.1519665406474395, 1, 100000, 124000, 125000, 173000, 1, 0, 0.03, 0, 'take_innsta_0.015', 14, 0, 10, 2.406972873083377, 3.1519665406474395, 11]
2017-11-26 20:32:22.493 INFO in 'ProfileAnalyzerTest' at line 2071: [3.384235084421472, 3.384235084421472, 1, 100000, 124000, 125000, 174000, 1, 0, 0.03, 0, 'take_innsta_0.015', 14, 0, 11, 2.4553348444305763, 3.384235084421472, 10]
2017-11-26 20:32:22.493 INFO in 'ProfileAnalyzerTest' at line 2071: [3.4469458076281785, 3.4469458076281785, 1, 100000, 124000, 125000, 180000, 1, 0, 0.03, 0, 'take_innsta_0.015', 14, 0, 9, 2.4831363184909305, 3.4469458076281785, 10]
2017-11-26 20:32:22.493 INFO in 'ProfileAnalyzerTest' at line 2071: [3.701968759797748, 3.701968759797748, 1, 100000, 124000, 125000, 175000, 1, 0, 0.03, 0, 'take_innsta_0.015', 14, 0, 11, 2.5485031330434755, 3.701968759797748, 10]
2017-11-26 20:32:22.493 INFO in 'ProfileAnalyzerTest' at line 2071: [3.1556067914587964, 3.1556067914587964, 1, 100000, 124000, 125000, 180000, 1, 0, 0.02, 0, 'take_innsta_0.02', 14, 0, 9, 2.3780680388920064, 3.1556067914587964, 10]
2017-11-26 20:32:22.493 INFO in 'ProfileAnalyzerTest' at line 2071: [3.1862248134149365, 3.1862248134149365, 1, 100000, 124000, 130000, 175000, 1, 0, 0.02, 0, 'take_innsta_0.02', 14, 0, 12, 2.3338363955793806, 3.1862248134149365, 11]
2017-11-26 20:32:22.493 INFO in 'ProfileAnalyzerTest' at line 2071: [3.3861254328174715, 3.3861254328174715, 1, 100000, 124000, 125000, 174000, 1, 0, 0.02, 0, 'take_innsta_0.02', 14, 0, 11, 2.4611929820984844, 3.3861254328174715, 10]
2017-11-26 20:32:22.493 INFO in 'ProfileAnalyzerTest' at line 2071: [3.4503182362903644, 3.4503182362903644, 1, 100000, 124000, 125000, 175000, 1, 0, 0.02, 0, 'take_innsta_0.02', 14, 0, 11, 2.465792675467746, 3.4503182362903644, 10]
2017-11-26 20:32:22.493 INFO in 'ProfileAnalyzerTest' at line 2071: [3.1556067914587964, 3.1556067914587964, 1, 100000, 124000, 125000, 180000, 1, 0, 0.03, 0, 'take_innsta_0.02', 14, 0, 9, 2.3780680388920064, 3.1556067914587964, 10]
2017-11-26 20:32:22.494 INFO in 'ProfileAnalyzerTest' at line 2071: [3.1862248134149365, 3.1862248134149365, 1, 100000, 124000, 130000, 175000, 1, 0, 0.03, 0, 'take_innsta_0.02', 14, 0, 12, 2.3338363955793806, 3.1862248134149365, 11]
2017-11-26 20:32:22.494 INFO in 'ProfileAnalyzerTest' at line 2071: [3.3861254328174715, 3.3861254328174715, 1, 100000, 124000, 125000, 174000, 1, 0, 0.03, 0, 'take_innsta_0.02', 14, 0, 11, 2.4611929820984844, 3.3861254328174715, 10]
2017-11-26 20:32:22.494 INFO in 'ProfileAnalyzerTest' at line 2071: [3.4503182362903644, 3.4503182362903644, 1, 100000, 124000, 125000, 175000, 1, 0, 0.03, 0, 'take_innsta_0.02', 14, 0, 11, 2.465792675467746, 3.4503182362903644, 10]
2017-11-26 20:32:22.494 INFO in 'ProfileAnalyzerTest' at line 2071: [3.1556067914587964, 3.1556067914587964, 1, 100000, 124000, 125000, 180000, 1, 0, 0.04, 0, 'take_innsta_0.02', 14, 0, 9, 2.3780680388920064, 3.1556067914587964, 10]
2017-11-26 20:32:22.494 INFO in 'ProfileAnalyzerTest' at line 2071: [3.1862248134149365, 3.1862248134149365, 1, 100000, 124000, 130000, 175000, 1, 0, 0.04, 0, 'take_innsta_0.02', 14, 0, 12, 2.3338363955793806, 3.1862248134149365, 11]
2017-11-26 20:32:22.496 INFO in 'ProfileAnalyzerTest' at line 2071: [3.3861254328174715, 3.3861254328174715, 1, 100000, 124000, 125000, 174000, 1, 0, 0.04, 0, 'take_innsta_0.02', 14, 0, 11, 2.4611929820984844, 3.3861254328174715, 10]
2017-11-26 20:32:22.496 INFO in 'ProfileAnalyzerTest' at line 2071: [3.4503182362903644, 3.4503182362903644, 1, 100000, 124000, 125000, 175000, 1, 0, 0.04, 0, 'take_innsta_0.02', 14, 0, 11, 2.465792675467746, 3.4503182362903644, 10]
2017-11-26 20:32:22.496 INFO in 'ProfileAnalyzerTest' at line 2071: [3.090692166913586, 3.090692166913586, 1, 100000, 124000, 125000, 165000, 1, 0, 0.03, 0, 'take_innsta_0.015', 20, 0, 9, 2.3567251904749678, 3.090692166913586, 12]
2017-11-26 20:32:22.496 INFO in 'ProfileAnalyzerTest' at line 2071: [3.097349554265705, 3.097349554265705, 1, 100000, 124000, 125000, 173000, 1, 0, 0.03, 0, 'take_innsta_0.015', 20, 0, 8, 2.389347332963912, 3.097349554265705, 13]
2017-11-26 20:32:22.496 INFO in 'ProfileAnalyzerTest' at line 2071: [3.1242976865547067, 3.1242976865547067, 1, 100000, 124000, 125000, 170000, 1, 0, 0.03, 0, 'take_innsta_0.015', 20, 0, 9, 2.357118743549899, 3.1242976865547067, 12]
2017-11-26 20:32:22.496 INFO in 'ProfileAnalyzerTest' at line 2071: [3.1840522472919415, 3.1840522472919415, 1, 100000, 124000, 125000, 180000, 1, 0, 0.03, 0, 'take_innsta_0.015', 20, 0, 7, 2.3973309164354637, 3.1840522472919415, 12]
2017-11-26 20:32:22.496 INFO in 'ProfileAnalyzerTest' at line 2071: [3.283162084235435, 3.283162084235435, 1, 100000, 124000, 125000, 174000, 1, 0, 0.03, 0, 'take_innsta_0.015', 20, 0, 9, 2.4212604069295014, 3.283162084235435, 12]
2017-11-26 20:32:22.496 INFO in 'ProfileAnalyzerTest' at line 2071: [3.5089098552018685, 3.5089098552018685, 1, 100000, 124000, 125000, 175000, 1, 0, 0.03, 0, 'take_innsta_0.015', 20, 0, 9, 2.494072001503941, 3.5089098552018685, 12]
2017-11-26 20:32:22.496 INFO in 'ProfileAnalyzerTest' at line 2071: [3.2933576981456163, 3.2933576981456163, 1, 100000, 124000, 125000, 174000, 1, 0, 0.04, 0, 'take_innsta_0.015', 14, 0, 11, 2.4225270510482373, 3.2933576981456163, 10]
2017-11-26 20:32:22.496 INFO in 'ProfileAnalyzerTest' at line 2071: [3.3543844406375283, 3.3543844406375283, 1, 100000, 124000, 125000, 180000, 1, 0, 0.04, 0, 'take_innsta_0.015', 14, 0, 9, 2.4503285251085916, 3.3543844406375283, 10]
2017-11-26 20:32:22.497 INFO in 'ProfileAnalyzerTest' at line 2071: [3.602559222170192, 3.602559222170192, 1, 100000, 124000, 125000, 175000, 1, 0, 0.04, 0, 'take_innsta_0.015', 14, 0, 11, 2.5156953396611366, 3.602559222170192, 10]
2017-11-26 20:32:22.497 INFO in 'ProfileAnalyzerTest' at line 2071: [3.1239886760374245, 3.1239886760374245, 1, 100000, 124000, 130000, 175000, 1, 0, 0.03, 0, 'take_innsta_0.015', 14, 0, 12, 2.307453803642845, 3.1239886760374245, 11]
2017-11-26 20:32:22.497 INFO in 'ProfileAnalyzerTest' at line 2071: [3.1519665406474395, 3.1519665406474395, 1, 100000, 124000, 125000, 173000, 1, 0, 0.03, 0, 'take_innsta_0.015', 14, 0, 10, 2.406972873083377, 3.1519665406474395, 11]
2017-11-26 20:32:22.497 INFO in 'ProfileAnalyzerTest' at line 2071: [3.384235084421472, 3.384235084421472, 1, 100000, 124000, 125000, 174000, 1, 0, 0.03, 0, 'take_innsta_0.015', 14, 0, 11, 2.4553348444305763, 3.384235084421472, 10]
2017-11-26 20:32:22.497 INFO in 'ProfileAnalyzerTest' at line 2071: [3.4469458076281785, 3.4469458076281785, 1, 100000, 124000, 125000, 180000, 1, 0, 0.03, 0, 'take_innsta_0.015', 14, 0, 9, 2.4831363184909305, 3.4469458076281785, 10]
2017-11-26 20:32:22.499 INFO in 'ProfileAnalyzerTest' at line 2071: [3.701968759797748, 3.701968759797748, 1, 100000, 124000, 125000, 175000, 1, 0, 0.03, 0, 'take_innsta_0.015', 14, 0, 11, 2.5485031330434755, 3.701968759797748, 10]
2017-11-26 20:32:23.474 INFO in 'ProfileAnalyzerTest' at line 2025: AVG PVV 0.000667601851852
2017-11-26 20:32:23.474 INFO in 'ProfileAnalyzerTest' at line 2026: AVG Volume 0.0038406809456
2017-11-26 20:32:59.812 INFO in 'ProfileAnalyzerTest' at line 2071: [2.645634051339605, 2.645634051339605, 2, 100000, 113000, 134000, 180000, 1, 0, 0.03, 0, 'take_innsta_0.04', 9, 0, 6, 2.223765276495, 2.645634051339605, 5]
2017-11-26 20:32:59.812 INFO in 'ProfileAnalyzerTest' at line 2071: [2.6895316131420537, 2.6895316131420537, 2, 100000, 113000, 133000, 163000, 1, 0, 0.03, 0, 'take_innsta_0.04', 9, 0, 12, 2.2044917932635903, 2.6895316131420537, 5]
2017-11-26 20:32:59.813 INFO in 'ProfileAnalyzerTest' at line 2071: [2.80846699257345, 2.80846699257345, 2, 100000, 113000, 132000, 172000, 1, 0, 0.03, 0, 'take_innsta_0.04', 9, 0, 11, 2.3477192293626654, 2.80846699257345, 6]
2017-11-26 20:32:59.813 INFO in 'ProfileAnalyzerTest' at line 2071: [2.9704709883671425, 2.9704709883671425, 2, 100000, 113000, 133000, 172000, 1, 0, 0.03, 0, 'take_innsta_0.04', 9, 0, 11, 2.371688445458294, 2.9704709883671425, 6]
2017-11-26 20:32:59.813 INFO in 'ProfileAnalyzerTest' at line 2071: [3.0616469102243657, 3.0616469102243657, 2, 100000, 113000, 133000, 180000, 1, 0, 0.03, 0, 'take_innsta_0.04', 9, 0, 10, 2.3762967326799864, 3.0616469102243657, 5]
2017-11-26 20:32:59.813 INFO in 'ProfileAnalyzerTest' at line 2071: [3.0794854701496734, 3.0794854701496734, 2, 100000, 113000, 132000, 180000, 1, 0, 0.03, 0, 'take_innsta_0.04', 9, 0, 11, 2.4020996819276785, 3.0794854701496734, 6]
2017-11-26 20:32:59.813 INFO in 'ProfileAnalyzerTest' at line 2071: [2.645634051339605, 2.645634051339605, 2, 100000, 113000, 134000, 180000, 1, 0, 0.04, 0, 'take_innsta_0.02', 9, 0, 6, 2.223765276495, 2.645634051339605, 5]
2017-11-26 20:32:59.815 INFO in 'ProfileAnalyzerTest' at line 2071: [2.6895316131420537, 2.6895316131420537, 2, 100000, 113000, 133000, 163000, 1, 0, 0.04, 0, 'take_innsta_0.02', 9, 0, 12, 2.2044917932635903, 2.6895316131420537, 5]
2017-11-26 20:32:59.815 INFO in 'ProfileAnalyzerTest' at line 2071: [2.80846699257345, 2.80846699257345, 2, 100000, 113000, 132000, 172000, 1, 0, 0.04, 0, 'take_innsta_0.02', 9, 0, 11, 2.3477192293626654, 2.80846699257345, 6]
2017-11-26 20:32:59.815 INFO in 'ProfileAnalyzerTest' at line 2071: [2.9704709883671425, 2.9704709883671425, 2, 100000, 113000, 133000, 172000, 1, 0, 0.04, 0, 'take_innsta_0.02', 9, 0, 11, 2.371688445458294, 2.9704709883671425, 6]
2017-11-26 20:32:59.815 INFO in 'ProfileAnalyzerTest' at line 2071: [3.0616469102243657, 3.0616469102243657, 2, 100000, 113000, 133000, 180000, 1, 0, 0.04, 0, 'take_innsta_0.02', 9, 0, 10, 2.3762967326799864, 3.0616469102243657, 5]
2017-11-26 20:32:59.815 INFO in 'ProfileAnalyzerTest' at line 2071: [3.0794854701496734, 3.0794854701496734, 2, 100000, 113000, 132000, 180000, 1, 0, 0.04, 0, 'take_innsta_0.02', 9, 0, 11, 2.4020996819276785, 3.0794854701496734, 6]
2017-11-26 20:32:59.815 INFO in 'ProfileAnalyzerTest' at line 2071: [2.645634051339605, 2.645634051339605, 2, 100000, 113000, 134000, 180000, 1, 0, 0.04, 0, 'take_innsta_0.03', 9, 0, 6, 2.223765276495, 2.645634051339605, 5]
2017-11-26 20:32:59.815 INFO in 'ProfileAnalyzerTest' at line 2071: [2.6895316131420537, 2.6895316131420537, 2, 100000, 113000, 133000, 163000, 1, 0, 0.04, 0, 'take_innsta_0.03', 9, 0, 12, 2.2044917932635903, 2.6895316131420537, 5]
2017-11-26 20:32:59.815 INFO in 'ProfileAnalyzerTest' at line 2071: [2.80846699257345, 2.80846699257345, 2, 100000, 113000, 132000, 172000, 1, 0, 0.04, 0, 'take_innsta_0.03', 9, 0, 11, 2.3477192293626654, 2.80846699257345, 6]
2017-11-26 20:32:59.815 INFO in 'ProfileAnalyzerTest' at line 2071: [2.9704709883671425, 2.9704709883671425, 2, 100000, 113000, 133000, 172000, 1, 0, 0.04, 0, 'take_innsta_0.03', 9, 0, 11, 2.371688445458294, 2.9704709883671425, 6]
2017-11-26 20:32:59.815 INFO in 'ProfileAnalyzerTest' at line 2071: [3.0616469102243657, 3.0616469102243657, 2, 100000, 113000, 133000, 180000, 1, 0, 0.04, 0, 'take_innsta_0.03', 9, 0, 10, 2.3762967326799864, 3.0616469102243657, 5]
2017-11-26 20:32:59.815 INFO in 'ProfileAnalyzerTest' at line 2071: [3.0794854701496734, 3.0794854701496734, 2, 100000, 113000, 132000, 180000, 1, 0, 0.04, 0, 'take_innsta_0.03', 9, 0, 11, 2.4020996819276785, 3.0794854701496734, 6]
2017-11-26 20:32:59.816 INFO in 'ProfileAnalyzerTest' at line 2071: [2.645634051339605, 2.645634051339605, 2, 100000, 113000, 134000, 180000, 1, 0, 0.04, 0, 'take_innsta_0.04', 9, 0, 6, 2.223765276495, 2.645634051339605, 5]
2017-11-26 20:32:59.816 INFO in 'ProfileAnalyzerTest' at line 2071: [2.6895316131420537, 2.6895316131420537, 2, 100000, 113000, 133000, 163000, 1, 0, 0.04, 0, 'take_innsta_0.04', 9, 0, 12, 2.2044917932635903, 2.6895316131420537, 5]
2017-11-26 20:32:59.816 INFO in 'ProfileAnalyzerTest' at line 2071: [2.80846699257345, 2.80846699257345, 2, 100000, 113000, 132000, 172000, 1, 0, 0.04, 0, 'take_innsta_0.04', 9, 0, 11, 2.3477192293626654, 2.80846699257345, 6]
2017-11-26 20:32:59.816 INFO in 'ProfileAnalyzerTest' at line 2071: [2.9704709883671425, 2.9704709883671425, 2, 100000, 113000, 133000, 172000, 1, 0, 0.04, 0, 'take_innsta_0.04', 9, 0, 11, 2.371688445458294, 2.9704709883671425, 6]
2017-11-26 20:32:59.816 INFO in 'ProfileAnalyzerTest' at line 2071: [3.0616469102243657, 3.0616469102243657, 2, 100000, 113000, 133000, 180000, 1, 0, 0.04, 0, 'take_innsta_0.04', 9, 0, 10, 2.3762967326799864, 3.0616469102243657, 5]
2017-11-26 20:32:59.818 INFO in 'ProfileAnalyzerTest' at line 2071: [3.0794854701496734, 3.0794854701496734, 2, 100000, 113000, 132000, 180000, 1, 0, 0.04, 0, 'take_innsta_0.04', 9, 0, 11, 2.4020996819276785, 3.0794854701496734, 6]
2017-11-26 20:32:59.818 INFO in 'ProfileAnalyzerTest' at line 2071: [2.643121428796617, 2.643121428796617, 2, 100000, 113000, 133000, 173000, 1, 0, 0.04, 0, 'take_innsta_0.015', 9, 0, 10, 2.228585000514962, 2.643121428796617, 5]
2017-11-26 20:32:59.818 INFO in 'ProfileAnalyzerTest' at line 2071: [2.675883931804248, 2.675883931804248, 2, 100000, 113000, 133000, 163000, 1, 0, 0.04, 0, 'take_innsta_0.015', 9, 0, 12, 2.1979359323308683, 2.675883931804248, 5]
2017-11-26 20:32:59.818 INFO in 'ProfileAnalyzerTest' at line 2071: [2.6946986412680487, 2.6946986412680487, 2, 100000, 113000, 132000, 174000, 1, 0, 0.04, 0, 'take_innsta_0.015', 9, 0, 12, 2.2468795805534203, 2.6946986412680487, 5]
2017-11-26 20:32:59.818 INFO in 'ProfileAnalyzerTest' at line 2071: [2.7067375421445017, 2.7067375421445017, 2, 100000, 113000, 134000, 180000, 1, 0, 0.04, 0, 'take_innsta_0.015', 9, 0, 6, 2.248987664512814, 2.7067375421445017, 5]
2017-11-26 20:32:59.819 INFO in 'ProfileAnalyzerTest' at line 2071: [2.7681084154452065, 2.7681084154452065, 2, 100000, 113000, 132000, 172000, 1, 0, 0.04, 0, 'take_innsta_0.015', 9, 0, 11, 2.3308504468133036, 2.7681084154452065, 6]
2017-11-26 20:32:59.819 INFO in 'ProfileAnalyzerTest' at line 2071: [2.805107851859674, 2.805107851859674, 2, 100000, 113000, 133000, 175000, 1, 0, 0.04, 0, 'take_innsta_0.015', 9, 0, 10, 2.2649981020029464, 2.805107851859674, 5]
2017-11-26 20:32:59.819 INFO in 'ProfileAnalyzerTest' at line 2071: [2.8904411204028304, 2.8904411204028304, 2, 100000, 113000, 133000, 172000, 1, 0, 0.04, 0, 'take_innsta_0.015', 9, 0, 11, 2.336649384192332, 2.8904411204028304, 6]
2017-11-26 20:32:59.819 INFO in 'ProfileAnalyzerTest' at line 2071: [3.05673431449394, 3.05673431449394, 2, 100000, 113000, 133000, 174000, 1, 0, 0.04, 0, 'take_innsta_0.015', 9, 0, 12, 2.3658275961366684, 3.05673431449394, 5]
2017-11-26 20:32:59.819 INFO in 'ProfileAnalyzerTest' at line 2071: [3.083887079778161, 3.083887079778161, 2, 100000, 113000, 132000, 180000, 1, 0, 0.04, 0, 'take_innsta_0.015', 9, 0, 11, 2.400998483704115, 3.083887079778161, 6]
2017-11-26 20:32:59.819 INFO in 'ProfileAnalyzerTest' at line 2071: [3.330979987020596, 3.330979987020596, 2, 100000, 113000, 133000, 180000, 1, 0, 0.04, 0, 'take_innsta_0.015', 9, 0, 10, 2.4691587800839607, 3.330979987020596, 5]
2017-11-26 20:32:59.819 INFO in 'ProfileAnalyzerTest' at line 2071: [2.6938537830160905, 2.6938537830160905, 2, 100000, 113000, 132000, 174000, 1, 0, 0.02, 0, 'take_innsta_0.015', 9, 0, 12, 2.2464642577436487, 2.6938537830160905, 5]
2017-11-26 20:32:59.819 INFO in 'ProfileAnalyzerTest' at line 2071: [2.7026413164417487, 2.7026413164417487, 2, 100000, 113000, 133000, 175000, 1, 0, 0.02, 0, 'take_innsta_0.015', 9, 0, 10, 2.219887066246911, 2.7026413164417487, 5]
2017-11-26 20:32:59.819 INFO in 'ProfileAnalyzerTest' at line 2071: [2.7999408224551425, 2.7999408224551425, 2, 100000, 113000, 134000, 180000, 1, 0, 0.02, 0, 'take_innsta_0.015', 9, 0, 6, 2.2907501163572266, 2.7999408224551425, 5]
2017-11-26 20:32:59.819 INFO in 'ProfileAnalyzerTest' at line 2071: [2.8250114352786477, 2.8250114352786477, 2, 100000, 113000, 133000, 172000, 1, 0, 0.02, 0, 'take_innsta_0.015', 9, 0, 11, 2.3104696138263847, 2.8250114352786477, 6]
2017-11-26 20:32:59.819 INFO in 'ProfileAnalyzerTest' at line 2071: [2.8865782723043094, 2.8865782723043094, 2, 100000, 113000, 133000, 174000, 1, 0, 0.02, 0, 'take_innsta_0.015', 9, 0, 12, 2.2958416209259336, 2.8865782723043094, 5]
2017-11-26 20:32:59.821 INFO in 'ProfileAnalyzerTest' at line 2071: [3.1407444702639737, 3.1407444702639737, 2, 100000, 113000, 132000, 180000, 1, 0, 0.02, 0, 'take_innsta_0.015', 9, 0, 11, 2.422858183169363, 3.1407444702639737, 6]
2017-11-26 20:32:59.821 INFO in 'ProfileAnalyzerTest' at line 2071: [3.2292490655597703, 3.2292490655597703, 2, 100000, 113000, 133000, 180000, 1, 0, 0.02, 0, 'take_innsta_0.015', 9, 0, 10, 2.431474957637494, 3.2292490655597703, 5]
2017-11-26 20:32:59.821 INFO in 'ProfileAnalyzerTest' at line 2071: [2.704649087941034, 2.704649087941034, 2, 100000, 113000, 133000, 175000, 1, 0, 0.03, 0, 'take_innsta_0.015', 9, 0, 10, 2.2241484676776775, 2.704649087941034, 5]
2017-11-26 20:32:59.821 INFO in 'ProfileAnalyzerTest' at line 2071: [2.7231409179879775, 2.7231409179879775, 2, 100000, 113000, 133000, 172000, 1, 0, 0.03, 0, 'take_innsta_0.015', 9, 0, 11, 2.26735755274969, 2.7231409179879775, 6]
2017-11-26 20:32:59.821 INFO in 'ProfileAnalyzerTest' at line 2071: [2.756956338966384, 2.756956338966384, 2, 100000, 113000, 134000, 180000, 1, 0, 0.03, 0, 'take_innsta_0.015', 9, 0, 6, 2.271616507432106, 2.756956338966384, 5]
2017-11-26 20:32:59.822 INFO in 'ProfileAnalyzerTest' at line 2071: [2.8093901295119172, 2.8093901295119172, 2, 100000, 113000, 132000, 174000, 1, 0, 0.03, 0, 'take_innsta_0.015', 9, 0, 12, 2.295572482488264, 2.8093901295119172, 5]
2017-11-26 20:32:59.822 INFO in 'ProfileAnalyzerTest' at line 2071: [2.8219676025106417, 2.8219676025106417, 2, 100000, 113000, 132000, 172000, 1, 0, 0.03, 0, 'take_innsta_0.015', 9, 0, 11, 2.353615384435614, 2.8219676025106417, 6]
2017-11-26 20:32:59.822 INFO in 'ProfileAnalyzerTest' at line 2071: [2.8973786444043528, 2.8973786444043528, 2, 100000, 113000, 133000, 174000, 1, 0, 0.03, 0, 'take_innsta_0.015', 9, 0, 12, 2.3039629780035895, 2.8973786444043528, 5]
2017-11-26 20:32:59.822 INFO in 'ProfileAnalyzerTest' at line 2071: [3.2151431665772976, 3.2151431665772976, 2, 100000, 113000, 132000, 180000, 1, 0, 0.03, 0, 'take_innsta_0.015', 9, 0, 11, 2.4496913856389586, 3.2151431665772976, 6]
2017-11-26 20:32:59.822 INFO in 'ProfileAnalyzerTest' at line 2071: [3.231648049915734, 3.231648049915734, 2, 100000, 113000, 133000, 180000, 1, 0, 0.03, 0, 'take_innsta_0.015', 9, 0, 10, 2.4357363590682604, 3.231648049915734, 5]
2017-11-26 20:32:59.822 INFO in 'ProfileAnalyzerTest' at line 2071: [2.6938537830160905, 2.6938537830160905, 2, 100000, 113000, 132000, 174000, 1, 0, 0.02, 0, 'take_innsta_0.015', 9, 0, 12, 2.2464642577436487, 2.6938537830160905, 5]
2017-11-26 20:32:59.822 INFO in 'ProfileAnalyzerTest' at line 2071: [2.7026413164417487, 2.7026413164417487, 2, 100000, 113000, 133000, 175000, 1, 0, 0.02, 0, 'take_innsta_0.015', 9, 0, 10, 2.219887066246911, 2.7026413164417487, 5]
2017-11-26 20:32:59.822 INFO in 'ProfileAnalyzerTest' at line 2071: [2.7999408224551425, 2.7999408224551425, 2, 100000, 113000, 134000, 180000, 1, 0, 0.02, 0, 'take_innsta_0.015', 9, 0, 6, 2.2907501163572266, 2.7999408224551425, 5]
2017-11-26 20:32:59.822 INFO in 'ProfileAnalyzerTest' at line 2071: [2.8250114352786477, 2.8250114352786477, 2, 100000, 113000, 133000, 172000, 1, 0, 0.02, 0, 'take_innsta_0.015', 9, 0, 11, 2.3104696138263847, 2.8250114352786477, 6]
2017-11-26 20:32:59.822 INFO in 'ProfileAnalyzerTest' at line 2071: [2.8865782723043094, 2.8865782723043094, 2, 100000, 113000, 133000, 174000, 1, 0, 0.02, 0, 'take_innsta_0.015', 9, 0, 12, 2.2958416209259336, 2.8865782723043094, 5]
2017-11-26 20:32:59.822 INFO in 'ProfileAnalyzerTest' at line 2071: [3.1407444702639737, 3.1407444702639737, 2, 100000, 113000, 132000, 180000, 1, 0, 0.02, 0, 'take_innsta_0.015', 9, 0, 11, 2.422858183169363, 3.1407444702639737, 6]
2017-11-26 20:32:59.823 INFO in 'ProfileAnalyzerTest' at line 2071: [3.2292490655597703, 3.2292490655597703, 2, 100000, 113000, 133000, 180000, 1, 0, 0.02, 0, 'take_innsta_0.015', 9, 0, 10, 2.431474957637494, 3.2292490655597703, 5]
2017-11-26 20:32:59.823 INFO in 'ProfileAnalyzerTest' at line 2071: [2.704649087941034, 2.704649087941034, 2, 100000, 113000, 133000, 175000, 1, 0, 0.03, 0, 'take_innsta_0.015', 9, 0, 10, 2.2241484676776775, 2.704649087941034, 5]
2017-11-26 20:32:59.823 INFO in 'ProfileAnalyzerTest' at line 2071: [2.7231409179879775, 2.7231409179879775, 2, 100000, 113000, 133000, 172000, 1, 0, 0.03, 0, 'take_innsta_0.015', 9, 0, 11, 2.26735755274969, 2.7231409179879775, 6]
2017-11-26 20:32:59.823 INFO in 'ProfileAnalyzerTest' at line 2071: [2.756956338966384, 2.756956338966384, 2, 100000, 113000, 134000, 180000, 1, 0, 0.03, 0, 'take_innsta_0.015', 9, 0, 6, 2.271616507432106, 2.756956338966384, 5]
2017-11-26 20:32:59.825 INFO in 'ProfileAnalyzerTest' at line 2071: [2.8093901295119172, 2.8093901295119172, 2, 100000, 113000, 132000, 174000, 1, 0, 0.03, 0, 'take_innsta_0.015', 9, 0, 12, 2.295572482488264, 2.8093901295119172, 5]
2017-11-26 20:32:59.825 INFO in 'ProfileAnalyzerTest' at line 2071: [2.8219676025106417, 2.8219676025106417, 2, 100000, 113000, 132000, 172000, 1, 0, 0.03, 0, 'take_innsta_0.015', 9, 0, 11, 2.353615384435614, 2.8219676025106417, 6]
2017-11-26 20:32:59.825 INFO in 'ProfileAnalyzerTest' at line 2071: [2.8973786444043528, 2.8973786444043528, 2, 100000, 113000, 133000, 174000, 1, 0, 0.03, 0, 'take_innsta_0.015', 9, 0, 12, 2.3039629780035895, 2.8973786444043528, 5]
2017-11-26 20:32:59.825 INFO in 'ProfileAnalyzerTest' at line 2071: [3.2151431665772976, 3.2151431665772976, 2, 100000, 113000, 132000, 180000, 1, 0, 0.03, 0, 'take_innsta_0.015', 9, 0, 11, 2.4496913856389586, 3.2151431665772976, 6]
2017-11-26 20:32:59.825 INFO in 'ProfileAnalyzerTest' at line 2071: [3.231648049915734, 3.231648049915734, 2, 100000, 113000, 133000, 180000, 1, 0, 0.03, 0, 'take_innsta_0.015', 9, 0, 10, 2.4357363590682604, 3.231648049915734, 5]
2017-11-26 20:32:59.825 INFO in 'ProfileAnalyzerTest' at line 2071: [2.643121428796617, 2.643121428796617, 2, 100000, 113000, 133000, 173000, 1, 0, 0.04, 0, 'take_innsta_0.015', 9, 0, 10, 2.228585000514962, 2.643121428796617, 5]
2017-11-26 20:32:59.825 INFO in 'ProfileAnalyzerTest' at line 2071: [2.675883931804248, 2.675883931804248, 2, 100000, 113000, 133000, 163000, 1, 0, 0.04, 0, 'take_innsta_0.015', 9, 0, 12, 2.1979359323308683, 2.675883931804248, 5]
2017-11-26 20:32:59.825 INFO in 'ProfileAnalyzerTest' at line 2071: [2.6946986412680487, 2.6946986412680487, 2, 100000, 113000, 132000, 174000, 1, 0, 0.04, 0, 'take_innsta_0.015', 9, 0, 12, 2.2468795805534203, 2.6946986412680487, 5]
2017-11-26 20:32:59.825 INFO in 'ProfileAnalyzerTest' at line 2071: [2.7067375421445017, 2.7067375421445017, 2, 100000, 113000, 134000, 180000, 1, 0, 0.04, 0, 'take_innsta_0.015', 9, 0, 6, 2.248987664512814, 2.7067375421445017, 5]
2017-11-26 20:32:59.825 INFO in 'ProfileAnalyzerTest' at line 2071: [2.7681084154452065, 2.7681084154452065, 2, 100000, 113000, 132000, 172000, 1, 0, 0.04, 0, 'take_innsta_0.015', 9, 0, 11, 2.3308504468133036, 2.7681084154452065, 6]
2017-11-26 20:32:59.825 INFO in 'ProfileAnalyzerTest' at line 2071: [2.805107851859674, 2.805107851859674, 2, 100000, 113000, 133000, 175000, 1, 0, 0.04, 0, 'take_innsta_0.015', 9, 0, 10, 2.2649981020029464, 2.805107851859674, 5]
2017-11-26 20:32:59.826 INFO in 'ProfileAnalyzerTest' at line 2071: [2.8904411204028304, 2.8904411204028304, 2, 100000, 113000, 133000, 172000, 1, 0, 0.04, 0, 'take_innsta_0.015', 9, 0, 11, 2.336649384192332, 2.8904411204028304, 6]
2017-11-26 20:32:59.826 INFO in 'ProfileAnalyzerTest' at line 2071: [3.05673431449394, 3.05673431449394, 2, 100000, 113000, 133000, 174000, 1, 0, 0.04, 0, 'take_innsta_0.015', 9, 0, 12, 2.3658275961366684, 3.05673431449394, 5]
2017-11-26 20:32:59.826 INFO in 'ProfileAnalyzerTest' at line 2071: [3.083887079778161, 3.083887079778161, 2, 100000, 113000, 132000, 180000, 1, 0, 0.04, 0, 'take_innsta_0.015', 9, 0, 11, 2.400998483704115, 3.083887079778161, 6]
2017-11-26 20:32:59.826 INFO in 'ProfileAnalyzerTest' at line 2071: [3.330979987020596, 3.330979987020596, 2, 100000, 113000, 133000, 180000, 1, 0, 0.04, 0, 'take_innsta_0.015', 9, 0, 10, 2.4691587800839607, 3.330979987020596, 5]
2017-11-26 20:33:00.799 INFO in 'ProfileAnalyzerTest' at line 2025: AVG PVV 0.000727381588319
2017-11-26 20:33:00.799 INFO in 'ProfileAnalyzerTest' at line 2026: AVG Volume 0.00370907731505
2017-11-26 20:33:39.664 INFO in 'ProfileAnalyzerTest' at line 2071: [6.353851683559332, 6.353851683559332, 3, 100000, 113000, 115000, 174000, 1, 0, 0.04, 0, 'take_innsta_0.02', 9, 0, 8, 3.3598676760704635, 6.353851683559332, 8]
2017-11-26 20:33:39.664 INFO in 'ProfileAnalyzerTest' at line 2071: [6.804707279339761, 6.804707279339761, 3, 100000, 113000, 114000, 173000, 1, 0, 0.04, 0, 'take_innsta_0.02', 9, 0, 8, 3.4541629138281134, 6.804707279339761, 8]
2017-11-26 20:33:39.664 INFO in 'ProfileAnalyzerTest' at line 2071: [6.959546006072242, 6.959546006072242, 3, 100000, 113000, 114000, 174000, 1, 0, 0.04, 0, 'take_innsta_0.02', 9, 0, 6, 3.45049183417901, 6.959546006072242, 8]
2017-11-26 20:33:39.664 INFO in 'ProfileAnalyzerTest' at line 2071: [7.01334994919555, 7.01334994919555, 3, 100000, 113000, 115000, 180000, 1, 0, 0.04, 0, 'take_innsta_0.02', 9, 0, 8, 3.4704105995764123, 7.01334994919555, 8]
2017-11-26 20:33:39.664 INFO in 'ProfileAnalyzerTest' at line 2071: [7.378312727482148, 7.378312727482148, 3, 100000, 113000, 114000, 175000, 1, 0, 0.04, 0, 'take_innsta_0.02', 9, 0, 6, 3.5376506186870578, 7.378312727482148, 10]
2017-11-26 20:33:39.664 INFO in 'ProfileAnalyzerTest' at line 2071: [7.692789965893692, 7.692789965893692, 3, 100000, 112000, 113000, 174000, 1, 0, 0.04, 0, 'take_innsta_0.02', 9, 0, 8, 3.5492043204866874, 7.692789965893692, 10]
2017-11-26 20:33:39.664 INFO in 'ProfileAnalyzerTest' at line 2071: [7.9035255595557645, 7.9035255595557645, 3, 100000, 112000, 113000, 173000, 1, 0, 0.04, 0, 'take_innsta_0.02', 9, 0, 10, 3.5516556459813886, 7.9035255595557645, 10]
2017-11-26 20:33:39.664 INFO in 'ProfileAnalyzerTest' at line 2071: [8.010383040671913, 8.010383040671913, 3, 100000, 113000, 114000, 180000, 1, 0, 0.04, 0, 'take_innsta_0.02', 9, 0, 7, 3.6115055019346833, 8.010383040671913, 9]
2017-11-26 20:33:39.665 INFO in 'ProfileAnalyzerTest' at line 2071: [8.209755912758016, 8.209755912758016, 3, 100000, 112000, 113000, 175000, 1, 0, 0.04, 0, 'take_innsta_0.02', 9, 0, 9, 3.6309363588153487, 8.209755912758016, 11]
2017-11-26 20:33:39.665 INFO in 'ProfileAnalyzerTest' at line 2071: [8.375504951218627, 8.375504951218627, 3, 100000, 112000, 113000, 180000, 1, 0, 0.04, 0, 'take_innsta_0.02', 9, 0, 10, 3.652034415120498, 8.375504951218627, 10]
2017-11-26 20:33:39.665 INFO in 'ProfileAnalyzerTest' at line 2071: [6.2740072318378886, 6.2740072318378886, 3, 100000, 113000, 120000, 180000, 1, 0, 0.01, 0, 'take_innsta_0.03', 9, 0, 6, 3.3307439353141985, 6.2740072318378886, 8]
2017-11-26 20:33:39.665 INFO in 'ProfileAnalyzerTest' at line 2071: [6.8861973265706204, 6.8861973265706204, 3, 100000, 113000, 115000, 175000, 1, 0, 0.01, 0, 'take_innsta_0.03', 9, 0, 6, 3.5371397143491548, 6.8861973265706204, 8]
2017-11-26 20:33:39.665 INFO in 'ProfileAnalyzerTest' at line 2071: [7.10963633216584, 7.10963633216584, 3, 100000, 113000, 114000, 174000, 1, 0, 0.01, 0, 'take_innsta_0.03', 9, 0, 6, 3.476132459718002, 7.10963633216584, 8]
2017-11-26 20:33:39.667 INFO in 'ProfileAnalyzerTest' at line 2071: [7.175065313697376, 7.175065313697376, 3, 100000, 113000, 115000, 174000, 1, 0, 0.01, 0, 'take_innsta_0.03', 9, 0, 8, 3.5502124964292094, 7.175065313697376, 8]
2017-11-26 20:33:39.667 INFO in 'ProfileAnalyzerTest' at line 2071: [7.537434222235126, 7.537434222235126, 3, 100000, 113000, 114000, 175000, 1, 0, 0.01, 0, 'take_innsta_0.03', 9, 0, 6, 3.56329124422605, 7.537434222235126, 10]
2017-11-26 20:33:39.667 INFO in 'ProfileAnalyzerTest' at line 2071: [7.782945041147179, 7.782945041147179, 3, 100000, 113000, 115000, 173000, 1, 0, 0.01, 0, 'take_innsta_0.03', 9, 0, 8, 3.703714823907986, 7.782945041147179, 8]
2017-11-26 20:33:39.667 INFO in 'ProfileAnalyzerTest' at line 2071: [7.919801477818739, 7.919801477818739, 3, 100000, 113000, 115000, 180000, 1, 0, 0.01, 0, 'take_innsta_0.03', 9, 0, 8, 3.6607554199351577, 7.919801477818739, 8]
2017-11-26 20:33:39.667 INFO in 'ProfileAnalyzerTest' at line 2071: [7.930658730569177, 7.930658730569177, 3, 100000, 113000, 114000, 173000, 1, 0, 0.01, 0, 'take_innsta_0.03', 9, 0, 8, 3.6677753339402046, 7.930658730569177, 8]
2017-11-26 20:33:39.667 INFO in 'ProfileAnalyzerTest' at line 2071: [8.183135832543691, 8.183135832543691, 3, 100000, 113000, 114000, 180000, 1, 0, 0.01, 0, 'take_innsta_0.03', 9, 0, 7, 3.637146127473675, 8.183135832543691, 9]
2017-11-26 20:33:39.667 INFO in 'ProfileAnalyzerTest' at line 2071: [6.353851683559332, 6.353851683559332, 3, 100000, 113000, 115000, 174000, 1, 0, 0.03, 0, 'take_innsta_0.02', 9, 0, 8, 3.3598676760704635, 6.353851683559332, 8]
2017-11-26 20:33:39.667 INFO in 'ProfileAnalyzerTest' at line 2071: [6.804707279339761, 6.804707279339761, 3, 100000, 113000, 114000, 173000, 1, 0, 0.03, 0, 'take_innsta_0.02', 9, 0, 8, 3.4541629138281134, 6.804707279339761, 8]
2017-11-26 20:33:39.667 INFO in 'ProfileAnalyzerTest' at line 2071: [6.959546006072242, 6.959546006072242, 3, 100000, 113000, 114000, 174000, 1, 0, 0.03, 0, 'take_innsta_0.02', 9, 0, 6, 3.45049183417901, 6.959546006072242, 8]
2017-11-26 20:33:39.667 INFO in 'ProfileAnalyzerTest' at line 2071: [7.01334994919555, 7.01334994919555, 3, 100000, 113000, 115000, 180000, 1, 0, 0.03, 0, 'take_innsta_0.02', 9, 0, 8, 3.4704105995764123, 7.01334994919555, 8]
2017-11-26 20:33:39.667 INFO in 'ProfileAnalyzerTest' at line 2071: [7.378312727482148, 7.378312727482148, 3, 100000, 113000, 114000, 175000, 1, 0, 0.03, 0, 'take_innsta_0.02', 9, 0, 6, 3.5376506186870578, 7.378312727482148, 10]
2017-11-26 20:33:39.668 INFO in 'ProfileAnalyzerTest' at line 2071: [7.692789965893692, 7.692789965893692, 3, 100000, 112000, 113000, 174000, 1, 0, 0.03, 0, 'take_innsta_0.02', 9, 0, 8, 3.5492043204866874, 7.692789965893692, 10]
2017-11-26 20:33:39.668 INFO in 'ProfileAnalyzerTest' at line 2071: [7.9035255595557645, 7.9035255595557645, 3, 100000, 112000, 113000, 173000, 1, 0, 0.03, 0, 'take_innsta_0.02', 9, 0, 10, 3.5516556459813886, 7.9035255595557645, 10]
2017-11-26 20:33:39.668 INFO in 'ProfileAnalyzerTest' at line 2071: [8.010383040671913, 8.010383040671913, 3, 100000, 113000, 114000, 180000, 1, 0, 0.03, 0, 'take_innsta_0.02', 9, 0, 7, 3.6115055019346833, 8.010383040671913, 9]
2017-11-26 20:33:39.668 INFO in 'ProfileAnalyzerTest' at line 2071: [8.209755912758016, 8.209755912758016, 3, 100000, 112000, 113000, 175000, 1, 0, 0.03, 0, 'take_innsta_0.02', 9, 0, 9, 3.6309363588153487, 8.209755912758016, 11]
2017-11-26 20:33:39.668 INFO in 'ProfileAnalyzerTest' at line 2071: [8.375504951218627, 8.375504951218627, 3, 100000, 112000, 113000, 180000, 1, 0, 0.03, 0, 'take_innsta_0.02', 9, 0, 10, 3.652034415120498, 8.375504951218627, 10]
2017-11-26 20:33:39.668 INFO in 'ProfileAnalyzerTest' at line 2071: [6.353851683559332, 6.353851683559332, 3, 100000, 113000, 115000, 174000, 1, 0, 0.04, 0, 'take_innsta_0.02', 9, 0, 8, 3.3598676760704635, 6.353851683559332, 8]
2017-11-26 20:33:39.670 INFO in 'ProfileAnalyzerTest' at line 2071: [6.804707279339761, 6.804707279339761, 3, 100000, 113000, 114000, 173000, 1, 0, 0.04, 0, 'take_innsta_0.02', 9, 0, 8, 3.4541629138281134, 6.804707279339761, 8]
2017-11-26 20:33:39.670 INFO in 'ProfileAnalyzerTest' at line 2071: [6.959546006072242, 6.959546006072242, 3, 100000, 113000, 114000, 174000, 1, 0, 0.04, 0, 'take_innsta_0.02', 9, 0, 6, 3.45049183417901, 6.959546006072242, 8]
2017-11-26 20:33:39.670 INFO in 'ProfileAnalyzerTest' at line 2071: [7.01334994919555, 7.01334994919555, 3, 100000, 113000, 115000, 180000, 1, 0, 0.04, 0, 'take_innsta_0.02', 9, 0, 8, 3.4704105995764123, 7.01334994919555, 8]
2017-11-26 20:33:39.670 INFO in 'ProfileAnalyzerTest' at line 2071: [7.378312727482148, 7.378312727482148, 3, 100000, 113000, 114000, 175000, 1, 0, 0.04, 0, 'take_innsta_0.02', 9, 0, 6, 3.5376506186870578, 7.378312727482148, 10]
2017-11-26 20:33:39.670 INFO in 'ProfileAnalyzerTest' at line 2071: [7.692789965893692, 7.692789965893692, 3, 100000, 112000, 113000, 174000, 1, 0, 0.04, 0, 'take_innsta_0.02', 9, 0, 8, 3.5492043204866874, 7.692789965893692, 10]
2017-11-26 20:33:39.671 INFO in 'ProfileAnalyzerTest' at line 2071: [7.9035255595557645, 7.9035255595557645, 3, 100000, 112000, 113000, 173000, 1, 0, 0.04, 0, 'take_innsta_0.02', 9, 0, 10, 3.5516556459813886, 7.9035255595557645, 10]
2017-11-26 20:33:39.671 INFO in 'ProfileAnalyzerTest' at line 2071: [8.010383040671913, 8.010383040671913, 3, 100000, 113000, 114000, 180000, 1, 0, 0.04, 0, 'take_innsta_0.02', 9, 0, 7, 3.6115055019346833, 8.010383040671913, 9]
2017-11-26 20:33:39.671 INFO in 'ProfileAnalyzerTest' at line 2071: [8.209755912758016, 8.209755912758016, 3, 100000, 112000, 113000, 175000, 1, 0, 0.04, 0, 'take_innsta_0.02', 9, 0, 9, 3.6309363588153487, 8.209755912758016, 11]
2017-11-26 20:33:39.700 INFO in 'ProfileAnalyzerTest' at line 2071: [8.375504951218627, 8.375504951218627, 3, 100000, 112000, 113000, 180000, 1, 0, 0.04, 0, 'take_innsta_0.02', 9, 0, 10, 3.652034415120498, 8.375504951218627, 10]
2017-11-26 20:33:39.701 INFO in 'ProfileAnalyzerTest' at line 2071: [6.28416679575893, 6.28416679575893, 3, 100000, 113000, 115000, 175000, 1, 0, 0.02, 0, 'take_innsta_0.03', 9, 0, 6, 3.412236989396375, 6.28416679575893, 8]
2017-11-26 20:33:39.701 INFO in 'ProfileAnalyzerTest' at line 2071: [6.547780300712573, 6.547780300712573, 3, 100000, 113000, 115000, 174000, 1, 0, 0.02, 0, 'take_innsta_0.03', 9, 0, 8, 3.4253097714764293, 6.547780300712573, 8]
2017-11-26 20:33:39.701 INFO in 'ProfileAnalyzerTest' at line 2071: [7.193394267414201, 7.193394267414201, 3, 100000, 113000, 114000, 174000, 1, 0, 0.02, 0, 'take_innsta_0.03', 9, 0, 6, 3.519985393642362, 7.193394267414201, 8]
2017-11-26 20:33:39.701 INFO in 'ProfileAnalyzerTest' at line 2071: [7.22740739419045, 7.22740739419045, 3, 100000, 113000, 115000, 180000, 1, 0, 0.02, 0, 'take_innsta_0.03', 9, 0, 8, 3.535852694982378, 7.22740739419045, 8]
2017-11-26 20:33:39.701 INFO in 'ProfileAnalyzerTest' at line 2071: [7.336584602145152, 7.336584602145152, 3, 100000, 113000, 115000, 173000, 1, 0, 0.02, 0, 'take_innsta_0.03', 9, 0, 8, 3.623545457504271, 7.336584602145152, 8]
2017-11-26 20:33:39.703 INFO in 'ProfileAnalyzerTest' at line 2071: [7.626232002885098, 7.626232002885098, 3, 100000, 113000, 114000, 175000, 1, 0, 0.02, 0, 'take_innsta_0.03', 9, 0, 6, 3.60714417815041, 7.626232002885098, 10]
2017-11-26 20:33:39.703 INFO in 'ProfileAnalyzerTest' at line 2071: [8.279540561163882, 8.279540561163882, 3, 100000, 113000, 114000, 180000, 1, 0, 0.02, 0, 'take_innsta_0.03', 9, 0, 7, 3.680999061398035, 8.279540561163882, 9]
2017-11-26 20:33:39.703 INFO in 'ProfileAnalyzerTest' at line 2071: [8.36265368443831, 8.36265368443831, 3, 100000, 113000, 114000, 173000, 1, 0, 0.02, 0, 'take_innsta_0.03', 9, 0, 8, 3.7656532348153866, 8.36265368443831, 8]
2017-11-26 20:33:39.703 INFO in 'ProfileAnalyzerTest' at line 2071: [6.28416679575893, 6.28416679575893, 3, 100000, 113000, 115000, 175000, 1, 0, 0.02, 0, 'take_innsta_0.03', 9, 0, 6, 3.412236989396375, 6.28416679575893, 8]
2017-11-26 20:33:39.703 INFO in 'ProfileAnalyzerTest' at line 2071: [6.547780300712573, 6.547780300712573, 3, 100000, 113000, 115000, 174000, 1, 0, 0.02, 0, 'take_innsta_0.03', 9, 0, 8, 3.4253097714764293, 6.547780300712573, 8]
2017-11-26 20:33:39.703 INFO in 'ProfileAnalyzerTest' at line 2071: [7.193394267414201, 7.193394267414201, 3, 100000, 113000, 114000, 174000, 1, 0, 0.02, 0, 'take_innsta_0.03', 9, 0, 6, 3.519985393642362, 7.193394267414201, 8]
2017-11-26 20:33:39.703 INFO in 'ProfileAnalyzerTest' at line 2071: [7.22740739419045, 7.22740739419045, 3, 100000, 113000, 115000, 180000, 1, 0, 0.02, 0, 'take_innsta_0.03', 9, 0, 8, 3.535852694982378, 7.22740739419045, 8]
2017-11-26 20:33:39.703 INFO in 'ProfileAnalyzerTest' at line 2071: [7.336584602145152, 7.336584602145152, 3, 100000, 113000, 115000, 173000, 1, 0, 0.02, 0, 'take_innsta_0.03', 9, 0, 8, 3.623545457504271, 7.336584602145152, 8]
2017-11-26 20:33:39.703 INFO in 'ProfileAnalyzerTest' at line 2071: [7.626232002885098, 7.626232002885098, 3, 100000, 113000, 114000, 175000, 1, 0, 0.02, 0, 'take_innsta_0.03', 9, 0, 6, 3.60714417815041, 7.626232002885098, 10]
2017-11-26 20:33:39.703 INFO in 'ProfileAnalyzerTest' at line 2071: [8.279540561163882, 8.279540561163882, 3, 100000, 113000, 114000, 180000, 1, 0, 0.02, 0, 'take_innsta_0.03', 9, 0, 7, 3.680999061398035, 8.279540561163882, 9]
2017-11-26 20:33:39.703 INFO in 'ProfileAnalyzerTest' at line 2071: [8.36265368443831, 8.36265368443831, 3, 100000, 113000, 114000, 173000, 1, 0, 0.02, 0, 'take_innsta_0.03', 9, 0, 8, 3.7656532348153866, 8.36265368443831, 8]
2017-11-26 20:33:39.704 INFO in 'ProfileAnalyzerTest' at line 2071: [6.353851683559332, 6.353851683559332, 3, 100000, 113000, 115000, 174000, 1, 0, 0.03, 0, 'take_innsta_0.02', 9, 0, 8, 3.3598676760704635, 6.353851683559332, 8]
2017-11-26 20:33:39.704 INFO in 'ProfileAnalyzerTest' at line 2071: [6.804707279339761, 6.804707279339761, 3, 100000, 113000, 114000, 173000, 1, 0, 0.03, 0, 'take_innsta_0.02', 9, 0, 8, 3.4541629138281134, 6.804707279339761, 8]
2017-11-26 20:33:39.704 INFO in 'ProfileAnalyzerTest' at line 2071: [6.959546006072242, 6.959546006072242, 3, 100000, 113000, 114000, 174000, 1, 0, 0.03, 0, 'take_innsta_0.02', 9, 0, 6, 3.45049183417901, 6.959546006072242, 8]
2017-11-26 20:33:39.704 INFO in 'ProfileAnalyzerTest' at line 2071: [7.01334994919555, 7.01334994919555, 3, 100000, 113000, 115000, 180000, 1, 0, 0.03, 0, 'take_innsta_0.02', 9, 0, 8, 3.4704105995764123, 7.01334994919555, 8]
2017-11-26 20:33:39.704 INFO in 'ProfileAnalyzerTest' at line 2071: [7.378312727482148, 7.378312727482148, 3, 100000, 113000, 114000, 175000, 1, 0, 0.03, 0, 'take_innsta_0.02', 9, 0, 6, 3.5376506186870578, 7.378312727482148, 10]
2017-11-26 20:33:39.706 INFO in 'ProfileAnalyzerTest' at line 2071: [7.692789965893692, 7.692789965893692, 3, 100000, 112000, 113000, 174000, 1, 0, 0.03, 0, 'take_innsta_0.02', 9, 0, 8, 3.5492043204866874, 7.692789965893692, 10]
2017-11-26 20:33:39.706 INFO in 'ProfileAnalyzerTest' at line 2071: [7.9035255595557645, 7.9035255595557645, 3, 100000, 112000, 113000, 173000, 1, 0, 0.03, 0, 'take_innsta_0.02', 9, 0, 10, 3.5516556459813886, 7.9035255595557645, 10]
2017-11-26 20:33:39.706 INFO in 'ProfileAnalyzerTest' at line 2071: [8.010383040671913, 8.010383040671913, 3, 100000, 113000, 114000, 180000, 1, 0, 0.03, 0, 'take_innsta_0.02', 9, 0, 7, 3.6115055019346833, 8.010383040671913, 9]
2017-11-26 20:33:39.706 INFO in 'ProfileAnalyzerTest' at line 2071: [8.209755912758016, 8.209755912758016, 3, 100000, 112000, 113000, 175000, 1, 0, 0.03, 0, 'take_innsta_0.02', 9, 0, 9, 3.6309363588153487, 8.209755912758016, 11]
2017-11-26 20:33:39.706 INFO in 'ProfileAnalyzerTest' at line 2071: [8.375504951218627, 8.375504951218627, 3, 100000, 112000, 113000, 180000, 1, 0, 0.03, 0, 'take_innsta_0.02', 9, 0, 10, 3.652034415120498, 8.375504951218627, 10]
2017-11-26 20:33:39.706 INFO in 'ProfileAnalyzerTest' at line 2071: [6.353851683559332, 6.353851683559332, 3, 100000, 113000, 115000, 174000, 1, 0, 0.04, 0, 'take_innsta_0.02', 9, 0, 8, 3.3598676760704635, 6.353851683559332, 8]
2017-11-26 20:33:39.707 INFO in 'ProfileAnalyzerTest' at line 2071: [6.804707279339761, 6.804707279339761, 3, 100000, 113000, 114000, 173000, 1, 0, 0.04, 0, 'take_innsta_0.02', 9, 0, 8, 3.4541629138281134, 6.804707279339761, 8]
2017-11-26 20:33:39.707 INFO in 'ProfileAnalyzerTest' at line 2071: [6.959546006072242, 6.959546006072242, 3, 100000, 113000, 114000, 174000, 1, 0, 0.04, 0, 'take_innsta_0.02', 9, 0, 6, 3.45049183417901, 6.959546006072242, 8]
2017-11-26 20:33:39.707 INFO in 'ProfileAnalyzerTest' at line 2071: [7.01334994919555, 7.01334994919555, 3, 100000, 113000, 115000, 180000, 1, 0, 0.04, 0, 'take_innsta_0.02', 9, 0, 8, 3.4704105995764123, 7.01334994919555, 8]
2017-11-26 20:33:39.707 INFO in 'ProfileAnalyzerTest' at line 2071: [7.378312727482148, 7.378312727482148, 3, 100000, 113000, 114000, 175000, 1, 0, 0.04, 0, 'take_innsta_0.02', 9, 0, 6, 3.5376506186870578, 7.378312727482148, 10]
2017-11-26 20:33:39.707 INFO in 'ProfileAnalyzerTest' at line 2071: [7.692789965893692, 7.692789965893692, 3, 100000, 112000, 113000, 174000, 1, 0, 0.04, 0, 'take_innsta_0.02', 9, 0, 8, 3.5492043204866874, 7.692789965893692, 10]
2017-11-26 20:33:39.707 INFO in 'ProfileAnalyzerTest' at line 2071: [7.9035255595557645, 7.9035255595557645, 3, 100000, 112000, 113000, 173000, 1, 0, 0.04, 0, 'take_innsta_0.02', 9, 0, 10, 3.5516556459813886, 7.9035255595557645, 10]
2017-11-26 20:33:39.707 INFO in 'ProfileAnalyzerTest' at line 2071: [8.010383040671913, 8.010383040671913, 3, 100000, 113000, 114000, 180000, 1, 0, 0.04, 0, 'take_innsta_0.02', 9, 0, 7, 3.6115055019346833, 8.010383040671913, 9]
2017-11-26 20:33:39.707 INFO in 'ProfileAnalyzerTest' at line 2071: [8.209755912758016, 8.209755912758016, 3, 100000, 112000, 113000, 175000, 1, 0, 0.04, 0, 'take_innsta_0.02', 9, 0, 9, 3.6309363588153487, 8.209755912758016, 11]
2017-11-26 20:33:39.707 INFO in 'ProfileAnalyzerTest' at line 2071: [8.375504951218627, 8.375504951218627, 3, 100000, 112000, 113000, 180000, 1, 0, 0.04, 0, 'take_innsta_0.02', 9, 0, 10, 3.652034415120498, 8.375504951218627, 10]
2017-11-26 20:33:39.707 INFO in 'ProfileAnalyzerTest' at line 2071: [6.354718297104711, 6.354718297104711, 3, 100000, 113000, 124000, 180000, 1, 0, 0.04, 0, 'take_innsta_0.03', 9, 0, 5, 3.3797504680383126, 6.354718297104711, 9]
2017-11-26 20:33:39.709 INFO in 'ProfileAnalyzerTest' at line 2071: [6.476222625102102, 6.476222625102102, 3, 100000, 113000, 115000, 173000, 1, 0, 0.04, 0, 'take_innsta_0.03', 9, 0, 8, 3.4633540868967168, 6.476222625102102, 8]
2017-11-26 20:33:39.709 INFO in 'ProfileAnalyzerTest' at line 2071: [6.535155621646636, 6.535155621646636, 3, 100000, 113000, 114000, 174000, 1, 0, 0.04, 0, 'take_innsta_0.03', 9, 0, 6, 3.388691160765057, 6.535155621646636, 8]
2017-11-26 20:33:39.709 INFO in 'ProfileAnalyzerTest' at line 2071: [6.6517182633574885, 6.6517182633574885, 3, 100000, 113000, 120000, 180000, 1, 0, 0.04, 0, 'take_innsta_0.03', 9, 0, 6, 3.3739456046348453, 6.6517182633574885, 8]
2017-11-26 20:33:39.709 INFO in 'ProfileAnalyzerTest' at line 2071: [6.902957671600388, 6.902957671600388, 3, 100000, 113000, 115000, 180000, 1, 0, 0.04, 0, 'take_innsta_0.03', 9, 0, 8, 3.4869579207366446, 6.902957671600388, 8]
2017-11-26 20:33:39.709 INFO in 'ProfileAnalyzerTest' at line 2071: [7.547760566816134, 7.547760566816134, 3, 100000, 113000, 114000, 173000, 1, 0, 0.04, 0, 'take_innsta_0.03', 9, 0, 8, 3.625934595540165, 7.547760566816134, 8]
2017-11-26 20:33:39.709 INFO in 'ProfileAnalyzerTest' at line 2071: [7.573568207863611, 7.573568207863611, 3, 100000, 113000, 114000, 175000, 1, 0, 0.04, 0, 'take_innsta_0.03', 9, 0, 6, 3.595868101508135, 7.573568207863611, 10]
2017-11-26 20:33:39.710 INFO in 'ProfileAnalyzerTest' at line 2071: [8.398516346883715, 8.398516346883715, 3, 100000, 113000, 114000, 180000, 1, 0, 0.04, 0, 'take_innsta_0.03', 9, 0, 7, 3.699905381188903, 8.398516346883715, 9]
2017-11-26 20:33:39.710 INFO in 'ProfileAnalyzerTest' at line 2071: [6.575067632992694, 6.575067632992694, 3, 100000, 113000, 115000, 180000, 1, 0, 0.03, 0, 'take_innsta_0.03', 9, 0, 8, 3.411156105249458, 6.575067632992694, 8]
2017-11-26 20:33:39.710 INFO in 'ProfileAnalyzerTest' at line 2071: [6.803414769618057, 6.803414769618057, 3, 100000, 113000, 120000, 180000, 1, 0, 0.03, 0, 'take_innsta_0.03', 9, 0, 6, 3.4085145588740904, 6.803414769618057, 8]
2017-11-26 20:33:39.710 INFO in 'ProfileAnalyzerTest' at line 2071: [6.883848582112026, 6.883848582112026, 3, 100000, 113000, 114000, 174000, 1, 0, 0.03, 0, 'take_innsta_0.03', 9, 0, 6, 3.4585259681546034, 6.883848582112026, 8]
2017-11-26 20:33:39.710 INFO in 'ProfileAnalyzerTest' at line 2071: [6.901021029705924, 6.901021029705924, 3, 100000, 113000, 115000, 173000, 1, 0, 0.03, 0, 'take_innsta_0.03', 9, 0, 8, 3.5434252599524347, 6.901021029705924, 8]
2017-11-26 20:33:39.710 INFO in 'ProfileAnalyzerTest' at line 2071: [7.950482572120718, 7.950482572120718, 3, 100000, 113000, 114000, 173000, 1, 0, 0.03, 0, 'take_innsta_0.03', 9, 0, 8, 3.6957694029297117, 7.950482572120718, 8]
2017-11-26 20:33:39.710 INFO in 'ProfileAnalyzerTest' at line 2071: [7.9776672182894925, 7.9776672182894925, 3, 100000, 113000, 114000, 175000, 1, 0, 0.03, 0, 'take_innsta_0.03', 9, 0, 6, 3.6657029088976816, 7.9776672182894925, 10]
2017-11-26 20:33:39.710 INFO in 'ProfileAnalyzerTest' at line 2071: [8.846631693794764, 8.846631693794764, 3, 100000, 113000, 114000, 180000, 1, 0, 0.03, 0, 'take_innsta_0.03', 9, 0, 7, 3.7697401885784494, 8.846631693794764, 9]
2017-11-26 20:33:40.683 INFO in 'ProfileAnalyzerTest' at line 2025: AVG PVV 0.000719711538462
2017-11-26 20:33:40.684 INFO in 'ProfileAnalyzerTest' at line 2026: AVG Volume 0.00375507612253
2017-11-26 20:34:17.62 INFO in 'ProfileAnalyzerTest' at line 2071: [3.1622081676103995, 3.1622081676103995, 4, 100000, 110000, 122000, 161000, 1, 0, 0.04, 0, 'take_innsta_0.01', 14, 20, 10, 2.2396244772106164, 3.1622081676103995, 16]
2017-11-26 20:34:17.62 INFO in 'ProfileAnalyzerTest' at line 2071: [3.3922020906675248, 3.3922020906675248, 4, 100000, 110000, 122000, 162000, 1, 0, 0.04, 0, 'take_innsta_0.01', 14, 20, 10, 2.324100602811979, 3.3922020906675248, 16]
2017-11-26 20:34:17.62 INFO in 'ProfileAnalyzerTest' at line 2071: [3.4523912269581443, 3.4523912269581443, 4, 100000, 110000, 122000, 172000, 1, 0, 0.04, 0, 'take_innsta_0.01', 14, 20, 10, 2.349457608782629, 3.4523912269581443, 16]
2017-11-26 20:34:17.62 INFO in 'ProfileAnalyzerTest' at line 2071: [3.4867244388062506, 3.4867244388062506, 4, 100000, 110000, 122000, 163000, 1, 0, 0.04, 0, 'take_innsta_0.01', 14, 20, 10, 2.35387053255231, 3.4867244388062506, 16]
2017-11-26 20:34:17.62 INFO in 'ProfileAnalyzerTest' at line 2071: [3.5142353145908043, 3.5142353145908043, 4, 100000, 110000, 122000, 180000, 1, 0, 0.04, 0, 'take_innsta_0.01', 14, 20, 10, 2.368965833624825, 3.5142353145908043, 16]
2017-11-26 20:34:17.62 INFO in 'ProfileAnalyzerTest' at line 2071: [3.5452265818408755, 3.5452265818408755, 4, 100000, 110000, 122000, 165000, 1, 0, 0.04, 0, 'take_innsta_0.01', 14, 20, 10, 2.3778130998521605, 3.5452265818408755, 16]
2017-11-26 20:34:17.62 INFO in 'ProfileAnalyzerTest' at line 2071: [3.5459975300726705, 3.5459975300726705, 4, 100000, 110000, 122000, 170000, 1, 0, 0.04, 0, 'take_innsta_0.01', 14, 20, 10, 2.3772814072768376, 3.5459975300726705, 16]
2017-11-26 20:34:17.62 INFO in 'ProfileAnalyzerTest' at line 2071: [3.573414471450723, 3.573414471450723, 4, 100000, 110000, 122000, 173000, 1, 0, 0.04, 0, 'take_innsta_0.01', 14, 20, 10, 2.3849219940739017, 3.573414471450723, 16]
2017-11-26 20:34:17.62 INFO in 'ProfileAnalyzerTest' at line 2071: [3.588377885685803, 3.588377885685803, 4, 100000, 110000, 122000, 175000, 1, 0, 0.04, 0, 'take_innsta_0.01', 14, 20, 10, 2.390549223193322, 3.588377885685803, 16]
2017-11-26 20:34:17.63 INFO in 'ProfileAnalyzerTest' at line 2071: [3.6837729750058066, 3.6837729750058066, 4, 100000, 110000, 122000, 164000, 1, 0, 0.04, 0, 'take_innsta_0.01', 14, 20, 10, 2.4139391471938993, 3.6837729750058066, 16]
2017-11-26 20:34:17.63 INFO in 'ProfileAnalyzerTest' at line 2071: [3.767684107602644, 3.767684107602644, 4, 100000, 110000, 122000, 171000, 1, 0, 0.04, 0, 'take_innsta_0.01', 14, 20, 10, 2.4414030909709723, 3.767684107602644, 16]
2017-11-26 20:34:17.63 INFO in 'ProfileAnalyzerTest' at line 2071: [3.8154756191758064, 3.8154756191758064, 4, 100000, 110000, 122000, 174000, 1, 0, 0.04, 0, 'take_innsta_0.01', 14, 20, 10, 2.4553924473121875, 3.8154756191758064, 16]
2017-11-26 20:34:17.63 INFO in 'ProfileAnalyzerTest' at line 2071: [3.1622081676103995, 3.1622081676103995, 4, 100000, 110000, 122000, 161000, 1, 0, 0.04, 0, 'take_innsta_0.01', 14, 20, 10, 2.2396244772106164, 3.1622081676103995, 16]
2017-11-26 20:34:17.63 INFO in 'ProfileAnalyzerTest' at line 2071: [3.3922020906675248, 3.3922020906675248, 4, 100000, 110000, 122000, 162000, 1, 0, 0.04, 0, 'take_innsta_0.01', 14, 20, 10, 2.324100602811979, 3.3922020906675248, 16]
2017-11-26 20:34:17.63 INFO in 'ProfileAnalyzerTest' at line 2071: [3.4523912269581443, 3.4523912269581443, 4, 100000, 110000, 122000, 172000, 1, 0, 0.04, 0, 'take_innsta_0.01', 14, 20, 10, 2.349457608782629, 3.4523912269581443, 16]
2017-11-26 20:34:17.65 INFO in 'ProfileAnalyzerTest' at line 2071: [3.4867244388062506, 3.4867244388062506, 4, 100000, 110000, 122000, 163000, 1, 0, 0.04, 0, 'take_innsta_0.01', 14, 20, 10, 2.35387053255231, 3.4867244388062506, 16]
2017-11-26 20:34:17.65 INFO in 'ProfileAnalyzerTest' at line 2071: [3.5142353145908043, 3.5142353145908043, 4, 100000, 110000, 122000, 180000, 1, 0, 0.04, 0, 'take_innsta_0.01', 14, 20, 10, 2.368965833624825, 3.5142353145908043, 16]
2017-11-26 20:34:17.65 INFO in 'ProfileAnalyzerTest' at line 2071: [3.5452265818408755, 3.5452265818408755, 4, 100000, 110000, 122000, 165000, 1, 0, 0.04, 0, 'take_innsta_0.01', 14, 20, 10, 2.3778130998521605, 3.5452265818408755, 16]
2017-11-26 20:34:17.65 INFO in 'ProfileAnalyzerTest' at line 2071: [3.5459975300726705, 3.5459975300726705, 4, 100000, 110000, 122000, 170000, 1, 0, 0.04, 0, 'take_innsta_0.01', 14, 20, 10, 2.3772814072768376, 3.5459975300726705, 16]
2017-11-26 20:34:17.65 INFO in 'ProfileAnalyzerTest' at line 2071: [3.573414471450723, 3.573414471450723, 4, 100000, 110000, 122000, 173000, 1, 0, 0.04, 0, 'take_innsta_0.01', 14, 20, 10, 2.3849219940739017, 3.573414471450723, 16]
2017-11-26 20:34:17.65 INFO in 'ProfileAnalyzerTest' at line 2071: [3.588377885685803, 3.588377885685803, 4, 100000, 110000, 122000, 175000, 1, 0, 0.04, 0, 'take_innsta_0.01', 14, 20, 10, 2.390549223193322, 3.588377885685803, 16]
2017-11-26 20:34:17.65 INFO in 'ProfileAnalyzerTest' at line 2071: [3.6837729750058066, 3.6837729750058066, 4, 100000, 110000, 122000, 164000, 1, 0, 0.04, 0, 'take_innsta_0.01', 14, 20, 10, 2.4139391471938993, 3.6837729750058066, 16]
2017-11-26 20:34:17.65 INFO in 'ProfileAnalyzerTest' at line 2071: [3.767684107602644, 3.767684107602644, 4, 100000, 110000, 122000, 171000, 1, 0, 0.04, 0, 'take_innsta_0.01', 14, 20, 10, 2.4414030909709723, 3.767684107602644, 16]
2017-11-26 20:34:17.65 INFO in 'ProfileAnalyzerTest' at line 2071: [3.8154756191758064, 3.8154756191758064, 4, 100000, 110000, 122000, 174000, 1, 0, 0.04, 0, 'take_innsta_0.01', 14, 20, 10, 2.4553924473121875, 3.8154756191758064, 16]
2017-11-26 20:34:17.65 INFO in 'ProfileAnalyzerTest' at line 2071: [3.1622081676103995, 3.1622081676103995, 4, 100000, 110000, 122000, 161000, 1, 0, 0.04, 0, 'take_innsta_0.01', 14, 20, 10, 2.2396244772106164, 3.1622081676103995, 16]
2017-11-26 20:34:17.65 INFO in 'ProfileAnalyzerTest' at line 2071: [3.3922020906675248, 3.3922020906675248, 4, 100000, 110000, 122000, 162000, 1, 0, 0.04, 0, 'take_innsta_0.01', 14, 20, 10, 2.324100602811979, 3.3922020906675248, 16]
2017-11-26 20:34:17.66 INFO in 'ProfileAnalyzerTest' at line 2071: [3.4523912269581443, 3.4523912269581443, 4, 100000, 110000, 122000, 172000, 1, 0, 0.04, 0, 'take_innsta_0.01', 14, 20, 10, 2.349457608782629, 3.4523912269581443, 16]
2017-11-26 20:34:17.66 INFO in 'ProfileAnalyzerTest' at line 2071: [3.4867244388062506, 3.4867244388062506, 4, 100000, 110000, 122000, 163000, 1, 0, 0.04, 0, 'take_innsta_0.01', 14, 20, 10, 2.35387053255231, 3.4867244388062506, 16]
2017-11-26 20:34:17.66 INFO in 'ProfileAnalyzerTest' at line 2071: [3.5142353145908043, 3.5142353145908043, 4, 100000, 110000, 122000, 180000, 1, 0, 0.04, 0, 'take_innsta_0.01', 14, 20, 10, 2.368965833624825, 3.5142353145908043, 16]
2017-11-26 20:34:17.66 INFO in 'ProfileAnalyzerTest' at line 2071: [3.5452265818408755, 3.5452265818408755, 4, 100000, 110000, 122000, 165000, 1, 0, 0.04, 0, 'take_innsta_0.01', 14, 20, 10, 2.3778130998521605, 3.5452265818408755, 16]
2017-11-26 20:34:17.66 INFO in 'ProfileAnalyzerTest' at line 2071: [3.5459975300726705, 3.5459975300726705, 4, 100000, 110000, 122000, 170000, 1, 0, 0.04, 0, 'take_innsta_0.01', 14, 20, 10, 2.3772814072768376, 3.5459975300726705, 16]
2017-11-26 20:34:17.68 INFO in 'ProfileAnalyzerTest' at line 2071: [3.573414471450723, 3.573414471450723, 4, 100000, 110000, 122000, 173000, 1, 0, 0.04, 0, 'take_innsta_0.01', 14, 20, 10, 2.3849219940739017, 3.573414471450723, 16]
2017-11-26 20:34:17.68 INFO in 'ProfileAnalyzerTest' at line 2071: [3.588377885685803, 3.588377885685803, 4, 100000, 110000, 122000, 175000, 1, 0, 0.04, 0, 'take_innsta_0.01', 14, 20, 10, 2.390549223193322, 3.588377885685803, 16]
2017-11-26 20:34:17.68 INFO in 'ProfileAnalyzerTest' at line 2071: [3.6837729750058066, 3.6837729750058066, 4, 100000, 110000, 122000, 164000, 1, 0, 0.04, 0, 'take_innsta_0.01', 14, 20, 10, 2.4139391471938993, 3.6837729750058066, 16]
2017-11-26 20:34:17.68 INFO in 'ProfileAnalyzerTest' at line 2071: [3.767684107602644, 3.767684107602644, 4, 100000, 110000, 122000, 171000, 1, 0, 0.04, 0, 'take_innsta_0.01', 14, 20, 10, 2.4414030909709723, 3.767684107602644, 16]
2017-11-26 20:34:17.68 INFO in 'ProfileAnalyzerTest' at line 2071: [3.8154756191758064, 3.8154756191758064, 4, 100000, 110000, 122000, 174000, 1, 0, 0.04, 0, 'take_innsta_0.01', 14, 20, 10, 2.4553924473121875, 3.8154756191758064, 16]
2017-11-26 20:34:17.69 INFO in 'ProfileAnalyzerTest' at line 2071: [3.1622081676103995, 3.1622081676103995, 4, 100000, 110000, 122000, 161000, 1, 0, 0.04, 0, 'take_innsta_0.01', 14, 20, 10, 2.2396244772106164, 3.1622081676103995, 16]
2017-11-26 20:34:17.69 INFO in 'ProfileAnalyzerTest' at line 2071: [3.3922020906675248, 3.3922020906675248, 4, 100000, 110000, 122000, 162000, 1, 0, 0.04, 0, 'take_innsta_0.01', 14, 20, 10, 2.324100602811979, 3.3922020906675248, 16]
2017-11-26 20:34:17.69 INFO in 'ProfileAnalyzerTest' at line 2071: [3.4523912269581443, 3.4523912269581443, 4, 100000, 110000, 122000, 172000, 1, 0, 0.04, 0, 'take_innsta_0.01', 14, 20, 10, 2.349457608782629, 3.4523912269581443, 16]
2017-11-26 20:34:17.69 INFO in 'ProfileAnalyzerTest' at line 2071: [3.4867244388062506, 3.4867244388062506, 4, 100000, 110000, 122000, 163000, 1, 0, 0.04, 0, 'take_innsta_0.01', 14, 20, 10, 2.35387053255231, 3.4867244388062506, 16]
2017-11-26 20:34:17.69 INFO in 'ProfileAnalyzerTest' at line 2071: [3.5142353145908043, 3.5142353145908043, 4, 100000, 110000, 122000, 180000, 1, 0, 0.04, 0, 'take_innsta_0.01', 14, 20, 10, 2.368965833624825, 3.5142353145908043, 16]
2017-11-26 20:34:17.69 INFO in 'ProfileAnalyzerTest' at line 2071: [3.5452265818408755, 3.5452265818408755, 4, 100000, 110000, 122000, 165000, 1, 0, 0.04, 0, 'take_innsta_0.01', 14, 20, 10, 2.3778130998521605, 3.5452265818408755, 16]
2017-11-26 20:34:17.69 INFO in 'ProfileAnalyzerTest' at line 2071: [3.5459975300726705, 3.5459975300726705, 4, 100000, 110000, 122000, 170000, 1, 0, 0.04, 0, 'take_innsta_0.01', 14, 20, 10, 2.3772814072768376, 3.5459975300726705, 16]
2017-11-26 20:34:17.69 INFO in 'ProfileAnalyzerTest' at line 2071: [3.573414471450723, 3.573414471450723, 4, 100000, 110000, 122000, 173000, 1, 0, 0.04, 0, 'take_innsta_0.01', 14, 20, 10, 2.3849219940739017, 3.573414471450723, 16]
2017-11-26 20:34:17.69 INFO in 'ProfileAnalyzerTest' at line 2071: [3.588377885685803, 3.588377885685803, 4, 100000, 110000, 122000, 175000, 1, 0, 0.04, 0, 'take_innsta_0.01', 14, 20, 10, 2.390549223193322, 3.588377885685803, 16]
2017-11-26 20:34:17.69 INFO in 'ProfileAnalyzerTest' at line 2071: [3.6837729750058066, 3.6837729750058066, 4, 100000, 110000, 122000, 164000, 1, 0, 0.04, 0, 'take_innsta_0.01', 14, 20, 10, 2.4139391471938993, 3.6837729750058066, 16]
2017-11-26 20:34:17.69 INFO in 'ProfileAnalyzerTest' at line 2071: [3.767684107602644, 3.767684107602644, 4, 100000, 110000, 122000, 171000, 1, 0, 0.04, 0, 'take_innsta_0.01', 14, 20, 10, 2.4414030909709723, 3.767684107602644, 16]
2017-11-26 20:34:17.69 INFO in 'ProfileAnalyzerTest' at line 2071: [3.8154756191758064, 3.8154756191758064, 4, 100000, 110000, 122000, 174000, 1, 0, 0.04, 0, 'take_innsta_0.01', 14, 20, 10, 2.4553924473121875, 3.8154756191758064, 16]
2017-11-26 20:34:17.71 INFO in 'ProfileAnalyzerTest' at line 2071: [3.0188407811457796, 3.0188407811457796, 4, 100000, 110000, 122000, 161000, 1, 0, 0.04, 0, 'take_innsta_0.01', 14, 27, 10, 2.193435957024381, 3.0188407811457796, 16]
2017-11-26 20:34:17.71 INFO in 'ProfileAnalyzerTest' at line 2071: [3.2664214057079013, 3.2664214057079013, 4, 100000, 110000, 122000, 172000, 1, 0, 0.04, 0, 'take_innsta_0.01', 14, 27, 8, 2.296226120544217, 3.2664214057079013, 16]
2017-11-26 20:34:17.71 INFO in 'ProfileAnalyzerTest' at line 2071: [3.3134493272452956, 3.3134493272452956, 4, 100000, 110000, 122000, 162000, 1, 0, 0.04, 0, 'take_innsta_0.01', 14, 27, 10, 2.3006265108450883, 3.3134493272452956, 16]
2017-11-26 20:34:17.71 INFO in 'ProfileAnalyzerTest' at line 2071: [3.354985421806352, 3.354985421806352, 4, 100000, 110000, 122000, 173000, 1, 0, 0.04, 0, 'take_innsta_0.01', 14, 27, 8, 2.324049919038426, 3.354985421806352, 16]
2017-11-26 20:34:17.71 INFO in 'ProfileAnalyzerTest' at line 2071: [3.3797794008639377, 3.3797794008639377, 4, 100000, 110000, 122000, 163000, 1, 0, 0.04, 0, 'take_innsta_0.01', 14, 27, 10, 2.3228572504010168, 3.3797794008639377, 16]
2017-11-26 20:34:17.72 INFO in 'ProfileAnalyzerTest' at line 2071: [3.394063732807105, 3.394063732807105, 4, 100000, 110000, 122000, 175000, 1, 0, 0.04, 0, 'take_innsta_0.01', 14, 27, 8, 2.3374508183127496, 3.394063732807105, 16]
2017-11-26 20:34:17.72 INFO in 'ProfileAnalyzerTest' at line 2071: [3.4351538476265033, 3.4351538476265033, 4, 100000, 110000, 122000, 165000, 1, 0, 0.04, 0, 'take_innsta_0.01', 14, 27, 10, 2.3471312248319327, 3.4351538476265033, 16]
2017-11-26 20:34:17.72 INFO in 'ProfileAnalyzerTest' at line 2071: [3.436545240128564, 3.436545240128564, 4, 100000, 110000, 122000, 164000, 1, 0, 0.04, 0, 'take_innsta_0.01', 14, 27, 10, 2.3450543381883455, 3.436545240128564, 16]
2017-11-26 20:34:17.72 INFO in 'ProfileAnalyzerTest' at line 2071: [3.544015582503168, 3.544015582503168, 4, 100000, 110000, 122000, 170000, 1, 0, 0.04, 0, 'take_innsta_0.01', 14, 27, 10, 2.3767290757011446, 3.544015582503168, 16]
2017-11-26 20:34:17.72 INFO in 'ProfileAnalyzerTest' at line 2071: [3.6120430826603984, 3.6120430826603984, 4, 100000, 110000, 122000, 180000, 1, 0, 0.04, 0, 'take_innsta_0.01', 14, 27, 9, 2.396044073233627, 3.6120430826603984, 17]
2017-11-26 20:34:17.72 INFO in 'ProfileAnalyzerTest' at line 2071: [3.6516393016274504, 3.6516393016274504, 4, 100000, 110000, 122000, 171000, 1, 0, 0.04, 0, 'take_innsta_0.01', 14, 27, 10, 2.4104957443788653, 3.6516393016274504, 16]
2017-11-26 20:34:17.72 INFO in 'ProfileAnalyzerTest' at line 2071: [3.6693276116886326, 3.6693276116886326, 4, 100000, 110000, 122000, 174000, 1, 0, 0.04, 0, 'take_innsta_0.01', 14, 27, 10, 2.4169549843309763, 3.6693276116886326, 16]
2017-11-26 20:34:17.72 INFO in 'ProfileAnalyzerTest' at line 2071: [3.0188407811457796, 3.0188407811457796, 4, 100000, 110000, 122000, 161000, 1, 0, 0.04, 0, 'take_innsta_0.01', 14, 27, 10, 2.193435957024381, 3.0188407811457796, 16]
2017-11-26 20:34:17.72 INFO in 'ProfileAnalyzerTest' at line 2071: [3.2664214057079013, 3.2664214057079013, 4, 100000, 110000, 122000, 172000, 1, 0, 0.04, 0, 'take_innsta_0.01', 14, 27, 8, 2.296226120544217, 3.2664214057079013, 16]
2017-11-26 20:34:17.72 INFO in 'ProfileAnalyzerTest' at line 2071: [3.3134493272452956, 3.3134493272452956, 4, 100000, 110000, 122000, 162000, 1, 0, 0.04, 0, 'take_innsta_0.01', 14, 27, 10, 2.3006265108450883, 3.3134493272452956, 16]
2017-11-26 20:34:17.72 INFO in 'ProfileAnalyzerTest' at line 2071: [3.354985421806352, 3.354985421806352, 4, 100000, 110000, 122000, 173000, 1, 0, 0.04, 0, 'take_innsta_0.01', 14, 27, 8, 2.324049919038426, 3.354985421806352, 16]
2017-11-26 20:34:17.73 INFO in 'ProfileAnalyzerTest' at line 2071: [3.3797794008639377, 3.3797794008639377, 4, 100000, 110000, 122000, 163000, 1, 0, 0.04, 0, 'take_innsta_0.01', 14, 27, 10, 2.3228572504010168, 3.3797794008639377, 16]
2017-11-26 20:34:17.73 INFO in 'ProfileAnalyzerTest' at line 2071: [3.394063732807105, 3.394063732807105, 4, 100000, 110000, 122000, 175000, 1, 0, 0.04, 0, 'take_innsta_0.01', 14, 27, 8, 2.3374508183127496, 3.394063732807105, 16]
2017-11-26 20:34:17.73 INFO in 'ProfileAnalyzerTest' at line 2071: [3.4351538476265033, 3.4351538476265033, 4, 100000, 110000, 122000, 165000, 1, 0, 0.04, 0, 'take_innsta_0.01', 14, 27, 10, 2.3471312248319327, 3.4351538476265033, 16]
2017-11-26 20:34:17.73 INFO in 'ProfileAnalyzerTest' at line 2071: [3.436545240128564, 3.436545240128564, 4, 100000, 110000, 122000, 164000, 1, 0, 0.04, 0, 'take_innsta_0.01', 14, 27, 10, 2.3450543381883455, 3.436545240128564, 16]
2017-11-26 20:34:17.73 INFO in 'ProfileAnalyzerTest' at line 2071: [3.544015582503168, 3.544015582503168, 4, 100000, 110000, 122000, 170000, 1, 0, 0.04, 0, 'take_innsta_0.01', 14, 27, 10, 2.3767290757011446, 3.544015582503168, 16]
2017-11-26 20:34:17.75 INFO in 'ProfileAnalyzerTest' at line 2071: [3.6120430826603984, 3.6120430826603984, 4, 100000, 110000, 122000, 180000, 1, 0, 0.04, 0, 'take_innsta_0.01', 14, 27, 9, 2.396044073233627, 3.6120430826603984, 17]
2017-11-26 20:34:17.75 INFO in 'ProfileAnalyzerTest' at line 2071: [3.6516393016274504, 3.6516393016274504, 4, 100000, 110000, 122000, 171000, 1, 0, 0.04, 0, 'take_innsta_0.01', 14, 27, 10, 2.4104957443788653, 3.6516393016274504, 16]
2017-11-26 20:34:17.75 INFO in 'ProfileAnalyzerTest' at line 2071: [3.6693276116886326, 3.6693276116886326, 4, 100000, 110000, 122000, 174000, 1, 0, 0.04, 0, 'take_innsta_0.01', 14, 27, 10, 2.4169549843309763, 3.6693276116886326, 16]
2017-11-26 20:34:17.75 INFO in 'ProfileAnalyzerTest' at line 2071: [3.0188407811457796, 3.0188407811457796, 4, 100000, 110000, 122000, 161000, 1, 0, 0.04, 0, 'take_innsta_0.01', 14, 27, 10, 2.193435957024381, 3.0188407811457796, 16]
2017-11-26 20:34:17.75 INFO in 'ProfileAnalyzerTest' at line 2071: [3.2664214057079013, 3.2664214057079013, 4, 100000, 110000, 122000, 172000, 1, 0, 0.04, 0, 'take_innsta_0.01', 14, 27, 8, 2.296226120544217, 3.2664214057079013, 16]
2017-11-26 20:34:17.75 INFO in 'ProfileAnalyzerTest' at line 2071: [3.3134493272452956, 3.3134493272452956, 4, 100000, 110000, 122000, 162000, 1, 0, 0.04, 0, 'take_innsta_0.01', 14, 27, 10, 2.3006265108450883, 3.3134493272452956, 16]
2017-11-26 20:34:17.75 INFO in 'ProfileAnalyzerTest' at line 2071: [3.354985421806352, 3.354985421806352, 4, 100000, 110000, 122000, 173000, 1, 0, 0.04, 0, 'take_innsta_0.01', 14, 27, 8, 2.324049919038426, 3.354985421806352, 16]
2017-11-26 20:34:17.75 INFO in 'ProfileAnalyzerTest' at line 2071: [3.3797794008639377, 3.3797794008639377, 4, 100000, 110000, 122000, 163000, 1, 0, 0.04, 0, 'take_innsta_0.01', 14, 27, 10, 2.3228572504010168, 3.3797794008639377, 16]
2017-11-26 20:34:17.75 INFO in 'ProfileAnalyzerTest' at line 2071: [3.394063732807105, 3.394063732807105, 4, 100000, 110000, 122000, 175000, 1, 0, 0.04, 0, 'take_innsta_0.01', 14, 27, 8, 2.3374508183127496, 3.394063732807105, 16]
2017-11-26 20:34:17.75 INFO in 'ProfileAnalyzerTest' at line 2071: [3.4351538476265033, 3.4351538476265033, 4, 100000, 110000, 122000, 165000, 1, 0, 0.04, 0, 'take_innsta_0.01', 14, 27, 10, 2.3471312248319327, 3.4351538476265033, 16]
2017-11-26 20:34:17.76 INFO in 'ProfileAnalyzerTest' at line 2071: [3.436545240128564, 3.436545240128564, 4, 100000, 110000, 122000, 164000, 1, 0, 0.04, 0, 'take_innsta_0.01', 14, 27, 10, 2.3450543381883455, 3.436545240128564, 16]
2017-11-26 20:34:17.76 INFO in 'ProfileAnalyzerTest' at line 2071: [3.544015582503168, 3.544015582503168, 4, 100000, 110000, 122000, 170000, 1, 0, 0.04, 0, 'take_innsta_0.01', 14, 27, 10, 2.3767290757011446, 3.544015582503168, 16]
2017-11-26 20:34:17.76 INFO in 'ProfileAnalyzerTest' at line 2071: [3.6120430826603984, 3.6120430826603984, 4, 100000, 110000, 122000, 180000, 1, 0, 0.04, 0, 'take_innsta_0.01', 14, 27, 9, 2.396044073233627, 3.6120430826603984, 17]
2017-11-26 20:34:17.76 INFO in 'ProfileAnalyzerTest' at line 2071: [3.6516393016274504, 3.6516393016274504, 4, 100000, 110000, 122000, 171000, 1, 0, 0.04, 0, 'take_innsta_0.01', 14, 27, 10, 2.4104957443788653, 3.6516393016274504, 16]
2017-11-26 20:34:17.76 INFO in 'ProfileAnalyzerTest' at line 2071: [3.6693276116886326, 3.6693276116886326, 4, 100000, 110000, 122000, 174000, 1, 0, 0.04, 0, 'take_innsta_0.01', 14, 27, 10, 2.4169549843309763, 3.6693276116886326, 16]
2017-11-26 20:34:17.78 INFO in 'ProfileAnalyzerTest' at line 2071: [3.1622081676103995, 3.1622081676103995, 4, 100000, 110000, 122000, 161000, 1, 0, 0.04, 0, 'take_innsta_0.01', 14, 20, 10, 2.2396244772106164, 3.1622081676103995, 16]
2017-11-26 20:34:17.78 INFO in 'ProfileAnalyzerTest' at line 2071: [3.3922020906675248, 3.3922020906675248, 4, 100000, 110000, 122000, 162000, 1, 0, 0.04, 0, 'take_innsta_0.01', 14, 20, 10, 2.324100602811979, 3.3922020906675248, 16]
2017-11-26 20:34:17.78 INFO in 'ProfileAnalyzerTest' at line 2071: [3.4523912269581443, 3.4523912269581443, 4, 100000, 110000, 122000, 172000, 1, 0, 0.04, 0, 'take_innsta_0.01', 14, 20, 10, 2.349457608782629, 3.4523912269581443, 16]
2017-11-26 20:34:17.78 INFO in 'ProfileAnalyzerTest' at line 2071: [3.4867244388062506, 3.4867244388062506, 4, 100000, 110000, 122000, 163000, 1, 0, 0.04, 0, 'take_innsta_0.01', 14, 20, 10, 2.35387053255231, 3.4867244388062506, 16]
2017-11-26 20:34:17.78 INFO in 'ProfileAnalyzerTest' at line 2071: [3.5142353145908043, 3.5142353145908043, 4, 100000, 110000, 122000, 180000, 1, 0, 0.04, 0, 'take_innsta_0.01', 14, 20, 10, 2.368965833624825, 3.5142353145908043, 16]
2017-11-26 20:34:17.78 INFO in 'ProfileAnalyzerTest' at line 2071: [3.5452265818408755, 3.5452265818408755, 4, 100000, 110000, 122000, 165000, 1, 0, 0.04, 0, 'take_innsta_0.01', 14, 20, 10, 2.3778130998521605, 3.5452265818408755, 16]
2017-11-26 20:34:17.78 INFO in 'ProfileAnalyzerTest' at line 2071: [3.5459975300726705, 3.5459975300726705, 4, 100000, 110000, 122000, 170000, 1, 0, 0.04, 0, 'take_innsta_0.01', 14, 20, 10, 2.3772814072768376, 3.5459975300726705, 16]
2017-11-26 20:34:17.78 INFO in 'ProfileAnalyzerTest' at line 2071: [3.573414471450723, 3.573414471450723, 4, 100000, 110000, 122000, 173000, 1, 0, 0.04, 0, 'take_innsta_0.01', 14, 20, 10, 2.3849219940739017, 3.573414471450723, 16]
2017-11-26 20:34:17.78 INFO in 'ProfileAnalyzerTest' at line 2071: [3.588377885685803, 3.588377885685803, 4, 100000, 110000, 122000, 175000, 1, 0, 0.04, 0, 'take_innsta_0.01', 14, 20, 10, 2.390549223193322, 3.588377885685803, 16]
2017-11-26 20:34:17.78 INFO in 'ProfileAnalyzerTest' at line 2071: [3.6837729750058066, 3.6837729750058066, 4, 100000, 110000, 122000, 164000, 1, 0, 0.04, 0, 'take_innsta_0.01', 14, 20, 10, 2.4139391471938993, 3.6837729750058066, 16]
2017-11-26 20:34:17.78 INFO in 'ProfileAnalyzerTest' at line 2071: [3.767684107602644, 3.767684107602644, 4, 100000, 110000, 122000, 171000, 1, 0, 0.04, 0, 'take_innsta_0.01', 14, 20, 10, 2.4414030909709723, 3.767684107602644, 16]
2017-11-26 20:34:17.79 INFO in 'ProfileAnalyzerTest' at line 2071: [3.8154756191758064, 3.8154756191758064, 4, 100000, 110000, 122000, 174000, 1, 0, 0.04, 0, 'take_innsta_0.01', 14, 20, 10, 2.4553924473121875, 3.8154756191758064, 16]
2017-11-26 20:34:17.79 INFO in 'ProfileAnalyzerTest' at line 2071: [3.1622081676103995, 3.1622081676103995, 4, 100000, 110000, 122000, 161000, 1, 0, 0.04, 0, 'take_innsta_0.01', 14, 20, 10, 2.2396244772106164, 3.1622081676103995, 16]
2017-11-26 20:34:17.79 INFO in 'ProfileAnalyzerTest' at line 2071: [3.3922020906675248, 3.3922020906675248, 4, 100000, 110000, 122000, 162000, 1, 0, 0.04, 0, 'take_innsta_0.01', 14, 20, 10, 2.324100602811979, 3.3922020906675248, 16]
2017-11-26 20:34:17.79 INFO in 'ProfileAnalyzerTest' at line 2071: [3.4523912269581443, 3.4523912269581443, 4, 100000, 110000, 122000, 172000, 1, 0, 0.04, 0, 'take_innsta_0.01', 14, 20, 10, 2.349457608782629, 3.4523912269581443, 16]
2017-11-26 20:34:17.79 INFO in 'ProfileAnalyzerTest' at line 2071: [3.4867244388062506, 3.4867244388062506, 4, 100000, 110000, 122000, 163000, 1, 0, 0.04, 0, 'take_innsta_0.01', 14, 20, 10, 2.35387053255231, 3.4867244388062506, 16]
2017-11-26 20:34:17.79 INFO in 'ProfileAnalyzerTest' at line 2071: [3.5142353145908043, 3.5142353145908043, 4, 100000, 110000, 122000, 180000, 1, 0, 0.04, 0, 'take_innsta_0.01', 14, 20, 10, 2.368965833624825, 3.5142353145908043, 16]
2017-11-26 20:34:17.81 INFO in 'ProfileAnalyzerTest' at line 2071: [3.5452265818408755, 3.5452265818408755, 4, 100000, 110000, 122000, 165000, 1, 0, 0.04, 0, 'take_innsta_0.01', 14, 20, 10, 2.3778130998521605, 3.5452265818408755, 16]
2017-11-26 20:34:17.81 INFO in 'ProfileAnalyzerTest' at line 2071: [3.5459975300726705, 3.5459975300726705, 4, 100000, 110000, 122000, 170000, 1, 0, 0.04, 0, 'take_innsta_0.01', 14, 20, 10, 2.3772814072768376, 3.5459975300726705, 16]
2017-11-26 20:34:17.81 INFO in 'ProfileAnalyzerTest' at line 2071: [3.573414471450723, 3.573414471450723, 4, 100000, 110000, 122000, 173000, 1, 0, 0.04, 0, 'take_innsta_0.01', 14, 20, 10, 2.3849219940739017, 3.573414471450723, 16]
2017-11-26 20:34:17.81 INFO in 'ProfileAnalyzerTest' at line 2071: [3.588377885685803, 3.588377885685803, 4, 100000, 110000, 122000, 175000, 1, 0, 0.04, 0, 'take_innsta_0.01', 14, 20, 10, 2.390549223193322, 3.588377885685803, 16]
2017-11-26 20:34:17.81 INFO in 'ProfileAnalyzerTest' at line 2071: [3.6837729750058066, 3.6837729750058066, 4, 100000, 110000, 122000, 164000, 1, 0, 0.04, 0, 'take_innsta_0.01', 14, 20, 10, 2.4139391471938993, 3.6837729750058066, 16]
2017-11-26 20:34:17.82 INFO in 'ProfileAnalyzerTest' at line 2071: [3.767684107602644, 3.767684107602644, 4, 100000, 110000, 122000, 171000, 1, 0, 0.04, 0, 'take_innsta_0.01', 14, 20, 10, 2.4414030909709723, 3.767684107602644, 16]
2017-11-26 20:34:17.82 INFO in 'ProfileAnalyzerTest' at line 2071: [3.8154756191758064, 3.8154756191758064, 4, 100000, 110000, 122000, 174000, 1, 0, 0.04, 0, 'take_innsta_0.01', 14, 20, 10, 2.4553924473121875, 3.8154756191758064, 16]
2017-11-26 20:34:17.82 INFO in 'ProfileAnalyzerTest' at line 2071: [3.1622081676103995, 3.1622081676103995, 4, 100000, 110000, 122000, 161000, 1, 0, 0.04, 0, 'take_innsta_0.01', 14, 20, 10, 2.2396244772106164, 3.1622081676103995, 16]
2017-11-26 20:34:17.82 INFO in 'ProfileAnalyzerTest' at line 2071: [3.3922020906675248, 3.3922020906675248, 4, 100000, 110000, 122000, 162000, 1, 0, 0.04, 0, 'take_innsta_0.01', 14, 20, 10, 2.324100602811979, 3.3922020906675248, 16]
2017-11-26 20:34:17.82 INFO in 'ProfileAnalyzerTest' at line 2071: [3.4523912269581443, 3.4523912269581443, 4, 100000, 110000, 122000, 172000, 1, 0, 0.04, 0, 'take_innsta_0.01', 14, 20, 10, 2.349457608782629, 3.4523912269581443, 16]
2017-11-26 20:34:17.82 INFO in 'ProfileAnalyzerTest' at line 2071: [3.4867244388062506, 3.4867244388062506, 4, 100000, 110000, 122000, 163000, 1, 0, 0.04, 0, 'take_innsta_0.01', 14, 20, 10, 2.35387053255231, 3.4867244388062506, 16]
2017-11-26 20:34:17.82 INFO in 'ProfileAnalyzerTest' at line 2071: [3.5142353145908043, 3.5142353145908043, 4, 100000, 110000, 122000, 180000, 1, 0, 0.04, 0, 'take_innsta_0.01', 14, 20, 10, 2.368965833624825, 3.5142353145908043, 16]
2017-11-26 20:34:17.82 INFO in 'ProfileAnalyzerTest' at line 2071: [3.5452265818408755, 3.5452265818408755, 4, 100000, 110000, 122000, 165000, 1, 0, 0.04, 0, 'take_innsta_0.01', 14, 20, 10, 2.3778130998521605, 3.5452265818408755, 16]
2017-11-26 20:34:17.82 INFO in 'ProfileAnalyzerTest' at line 2071: [3.5459975300726705, 3.5459975300726705, 4, 100000, 110000, 122000, 170000, 1, 0, 0.04, 0, 'take_innsta_0.01', 14, 20, 10, 2.3772814072768376, 3.5459975300726705, 16]
2017-11-26 20:34:17.82 INFO in 'ProfileAnalyzerTest' at line 2071: [3.573414471450723, 3.573414471450723, 4, 100000, 110000, 122000, 173000, 1, 0, 0.04, 0, 'take_innsta_0.01', 14, 20, 10, 2.3849219940739017, 3.573414471450723, 16]
2017-11-26 20:34:17.84 INFO in 'ProfileAnalyzerTest' at line 2071: [3.588377885685803, 3.588377885685803, 4, 100000, 110000, 122000, 175000, 1, 0, 0.04, 0, 'take_innsta_0.01', 14, 20, 10, 2.390549223193322, 3.588377885685803, 16]
2017-11-26 20:34:17.84 INFO in 'ProfileAnalyzerTest' at line 2071: [3.6837729750058066, 3.6837729750058066, 4, 100000, 110000, 122000, 164000, 1, 0, 0.04, 0, 'take_innsta_0.01', 14, 20, 10, 2.4139391471938993, 3.6837729750058066, 16]
2017-11-26 20:34:17.84 INFO in 'ProfileAnalyzerTest' at line 2071: [3.767684107602644, 3.767684107602644, 4, 100000, 110000, 122000, 171000, 1, 0, 0.04, 0, 'take_innsta_0.01', 14, 20, 10, 2.4414030909709723, 3.767684107602644, 16]
2017-11-26 20:34:17.84 INFO in 'ProfileAnalyzerTest' at line 2071: [3.8154756191758064, 3.8154756191758064, 4, 100000, 110000, 122000, 174000, 1, 0, 0.04, 0, 'take_innsta_0.01', 14, 20, 10, 2.4553924473121875, 3.8154756191758064, 16]
2017-11-26 20:34:17.84 INFO in 'ProfileAnalyzerTest' at line 2162: 190.958000183
