2017-11-26 00:22:18.286 INFO in 'ProfileAnalyzerTest' at line 2012: FEES_150105_170801.txt
2017-11-26 00:22:23.421 INFO in 'ProfileAnalyzerTest' at line 2023: AVG PVV 0.000777430660757
2017-11-26 00:22:23.424 INFO in 'ProfileAnalyzerTest' at line 2024: AVG Volume 0.00622400955105
2017-11-26 00:23:09.273 INFO in 'ProfileAnalyzerTest' at line 2069: [14.93961692461449, 14.93961692461449, 0, 100000, 110000, 125000, 180000, 1, 0, 0.04, 0, 'take_innsta_0.04', 14, 0, 27, 7.593558185002592, 14.93961692461449, 45]
2017-11-26 00:23:09.273 INFO in 'ProfileAnalyzerTest' at line 2069: [15.314325048333227, 15.314325048333227, 0, 100000, 110000, 125000, 175000, 1, 0, 0.04, 0, 'take_innsta_0.04', 14, 0, 22, 7.2606801017092435, 15.314325048333227, 46]
2017-11-26 00:23:09.275 INFO in 'ProfileAnalyzerTest' at line 2069: [14.93961692461449, 14.93961692461449, 0, 100000, 110000, 125000, 180000, 1, 0, 0.04, 0, 'take_innsta_0.04', 14, 0, 27, 7.593558185002592, 14.93961692461449, 45]
2017-11-26 00:23:09.275 INFO in 'ProfileAnalyzerTest' at line 2069: [15.314325048333227, 15.314325048333227, 0, 100000, 110000, 125000, 175000, 1, 0, 0.04, 0, 'take_innsta_0.04', 14, 0, 22, 7.2606801017092435, 15.314325048333227, 46]
2017-11-26 00:23:09.275 INFO in 'ProfileAnalyzerTest' at line 2069: [9.383012160666174, 9.383012160666174, 0, 100000, 112000, 115000, 150000, 1, 0, 0.03, 0, 'take_innsta_0.02', 20, 27, 30, 4.6400836564307495, 9.383012160666174, 56]
2017-11-26 00:23:09.275 INFO in 'ProfileAnalyzerTest' at line 2069: [11.083909735453007, 11.083909735453007, 0, 100000, 112000, 114000, 151000, 1, 0, 0.03, 0, 'take_innsta_0.02', 20, 27, 27, 5.05066656883916, 11.083909735453007, 57]
2017-11-26 00:23:09.276 INFO in 'ProfileAnalyzerTest' at line 2069: [12.031905413409982, 12.031905413409982, 0, 100000, 112000, 115000, 145000, 1, 0, 0.03, 0, 'take_innsta_0.02', 20, 27, 31, 4.833018680489867, 12.031905413409982, 55]
2017-11-26 00:23:09.276 INFO in 'ProfileAnalyzerTest' at line 2069: [12.375059151893508, 12.375059151893508, 0, 100000, 112000, 114000, 150000, 1, 0, 0.03, 0, 'take_innsta_0.02', 20, 27, 23, 4.906719785700734, 12.375059151893508, 57]
2017-11-26 00:23:09.276 INFO in 'ProfileAnalyzerTest' at line 2069: [15.75552664086557, 15.75552664086557, 0, 100000, 112000, 114000, 145000, 1, 0, 0.03, 0, 'take_innsta_0.02', 20, 27, 24, 5.101137976304575, 15.75552664086557, 56]
2017-11-26 00:23:09.276 INFO in 'ProfileAnalyzerTest' at line 2069: [10.116810865226796, 10.116810865226796, 0, 100000, 110000, 115000, 165000, 1, 0, 0.01, 0, 'take_innsta_0.02', 20, 27, 21, 5.266185483981836, 10.116810865226796, 59]
2017-11-26 00:23:09.276 INFO in 'ProfileAnalyzerTest' at line 2069: [10.596113738618207, 10.596113738618207, 0, 100000, 110000, 115000, 172000, 1, 0, 0.01, 0, 'take_innsta_0.02', 20, 27, 17, 5.622647528112583, 10.596113738618207, 59]
2017-11-26 00:23:09.276 INFO in 'ProfileAnalyzerTest' at line 2069: [13.41184078329002, 13.41184078329002, 0, 100000, 110000, 115000, 180000, 1, 0, 0.01, 0, 'take_innsta_0.02', 20, 27, 17, 6.026404145120835, 13.41184078329002, 59]
2017-11-26 00:23:09.276 INFO in 'ProfileAnalyzerTest' at line 2069: [13.553126203246489, 13.553126203246489, 0, 100000, 110000, 115000, 173000, 1, 0, 0.01, 0, 'take_innsta_0.02', 20, 27, 21, 6.0214086251767664, 13.553126203246489, 59]
2017-11-26 00:23:09.276 INFO in 'ProfileAnalyzerTest' at line 2069: [15.82333971499568, 15.82333971499568, 0, 100000, 110000, 115000, 174000, 1, 0, 0.01, 0, 'take_innsta_0.02', 20, 27, 25, 6.157121387296453, 15.82333971499568, 59]
2017-11-26 00:23:09.276 INFO in 'ProfileAnalyzerTest' at line 2069: [16.193837924594643, 16.193837924594643, 0, 100000, 110000, 115000, 171000, 1, 0, 0.01, 0, 'take_innsta_0.02', 20, 27, 21, 5.960854622148266, 16.193837924594643, 59]
2017-11-26 00:23:09.276 INFO in 'ProfileAnalyzerTest' at line 2069: [16.98822521738234, 16.98822521738234, 0, 100000, 110000, 115000, 170000, 1, 0, 0.01, 0, 'take_innsta_0.02', 20, 27, 21, 6.005300901585587, 16.98822521738234, 59]
2017-11-26 00:23:09.278 INFO in 'ProfileAnalyzerTest' at line 2069: [18.638823311266158, 18.638823311266158, 0, 100000, 110000, 115000, 175000, 1, 0, 0.01, 0, 'take_innsta_0.02', 20, 27, 21, 6.321619715980695, 18.638823311266158, 61]
2017-11-26 00:23:09.278 INFO in 'ProfileAnalyzerTest' at line 2069: [10.116810865226796, 10.116810865226796, 0, 100000, 110000, 115000, 165000, 1, 0, 0.01, 0, 'take_innsta_0.02', 20, 27, 21, 5.266185483981836, 10.116810865226796, 59]
2017-11-26 00:23:09.278 INFO in 'ProfileAnalyzerTest' at line 2069: [10.596113738618207, 10.596113738618207, 0, 100000, 110000, 115000, 172000, 1, 0, 0.01, 0, 'take_innsta_0.02', 20, 27, 17, 5.622647528112583, 10.596113738618207, 59]
2017-11-26 00:23:09.278 INFO in 'ProfileAnalyzerTest' at line 2069: [13.41184078329002, 13.41184078329002, 0, 100000, 110000, 115000, 180000, 1, 0, 0.01, 0, 'take_innsta_0.02', 20, 27, 17, 6.026404145120835, 13.41184078329002, 59]
2017-11-26 00:23:09.278 INFO in 'ProfileAnalyzerTest' at line 2069: [13.553126203246489, 13.553126203246489, 0, 100000, 110000, 115000, 173000, 1, 0, 0.01, 0, 'take_innsta_0.02', 20, 27, 21, 6.0214086251767664, 13.553126203246489, 59]
2017-11-26 00:23:09.279 INFO in 'ProfileAnalyzerTest' at line 2069: [15.82333971499568, 15.82333971499568, 0, 100000, 110000, 115000, 174000, 1, 0, 0.01, 0, 'take_innsta_0.02', 20, 27, 25, 6.157121387296453, 15.82333971499568, 59]
2017-11-26 00:23:09.279 INFO in 'ProfileAnalyzerTest' at line 2069: [16.193837924594643, 16.193837924594643, 0, 100000, 110000, 115000, 171000, 1, 0, 0.01, 0, 'take_innsta_0.02', 20, 27, 21, 5.960854622148266, 16.193837924594643, 59]
2017-11-26 00:23:09.279 INFO in 'ProfileAnalyzerTest' at line 2069: [16.98822521738234, 16.98822521738234, 0, 100000, 110000, 115000, 170000, 1, 0, 0.01, 0, 'take_innsta_0.02', 20, 27, 21, 6.005300901585587, 16.98822521738234, 59]
2017-11-26 00:23:09.279 INFO in 'ProfileAnalyzerTest' at line 2069: [18.638823311266158, 18.638823311266158, 0, 100000, 110000, 115000, 175000, 1, 0, 0.01, 0, 'take_innsta_0.02', 20, 27, 21, 6.321619715980695, 18.638823311266158, 61]
2017-11-26 00:23:09.279 INFO in 'ProfileAnalyzerTest' at line 2069: [9.741194106513557, 9.741194106513557, 0, 100000, 112000, 125000, 175000, 1, 0, 0.04, 0, 'take_innsta_0.01', 9, 0, 34, 5.485974349152425, 9.741194106513557, 40]
2017-11-26 00:23:09.279 INFO in 'ProfileAnalyzerTest' at line 2069: [11.228786046698664, 11.228786046698664, 0, 100000, 112000, 125000, 180000, 1, 0, 0.04, 0, 'take_innsta_0.01', 9, 0, 43, 5.6442995293937805, 11.228786046698664, 39]
2017-11-26 00:23:09.279 INFO in 'ProfileAnalyzerTest' at line 2069: [11.477635434347386, 11.477635434347386, 0, 100000, 112000, 130000, 174000, 1, 0, 0.04, 0, 'take_innsta_0.01', 9, 0, 37, 5.4161085634644115, 11.477635434347386, 39]
2017-11-26 00:23:09.279 INFO in 'ProfileAnalyzerTest' at line 2069: [12.823448370070743, 12.823448370070743, 0, 100000, 112000, 130000, 175000, 1, 0, 0.04, 0, 'take_innsta_0.01', 9, 0, 39, 5.561194961631301, 12.823448370070743, 39]
2017-11-26 00:23:09.279 INFO in 'ProfileAnalyzerTest' at line 2069: [16.721492737212238, 16.721492737212238, 0, 100000, 112000, 130000, 180000, 1, 0, 0.04, 0, 'take_innsta_0.01', 9, 0, 43, 5.849129955512654, 16.721492737212238, 39]
2017-11-26 00:23:09.279 INFO in 'ProfileAnalyzerTest' at line 2069: [10.116810865226796, 10.116810865226796, 0, 100000, 110000, 115000, 165000, 1, 0, 0.01, 0, 'take_innsta_0.02', 20, 27, 21, 5.266185483981836, 10.116810865226796, 59]
2017-11-26 00:23:09.280 INFO in 'ProfileAnalyzerTest' at line 2069: [10.596113738618207, 10.596113738618207, 0, 100000, 110000, 115000, 172000, 1, 0, 0.01, 0, 'take_innsta_0.02', 20, 27, 17, 5.622647528112583, 10.596113738618207, 59]
2017-11-26 00:23:09.280 INFO in 'ProfileAnalyzerTest' at line 2069: [13.41184078329002, 13.41184078329002, 0, 100000, 110000, 115000, 180000, 1, 0, 0.01, 0, 'take_innsta_0.02', 20, 27, 17, 6.026404145120835, 13.41184078329002, 59]
2017-11-26 00:23:09.280 INFO in 'ProfileAnalyzerTest' at line 2069: [13.553126203246489, 13.553126203246489, 0, 100000, 110000, 115000, 173000, 1, 0, 0.01, 0, 'take_innsta_0.02', 20, 27, 21, 6.0214086251767664, 13.553126203246489, 59]
2017-11-26 00:23:09.280 INFO in 'ProfileAnalyzerTest' at line 2069: [15.82333971499568, 15.82333971499568, 0, 100000, 110000, 115000, 174000, 1, 0, 0.01, 0, 'take_innsta_0.02', 20, 27, 25, 6.157121387296453, 15.82333971499568, 59]
2017-11-26 00:23:09.280 INFO in 'ProfileAnalyzerTest' at line 2069: [16.193837924594643, 16.193837924594643, 0, 100000, 110000, 115000, 171000, 1, 0, 0.01, 0, 'take_innsta_0.02', 20, 27, 21, 5.960854622148266, 16.193837924594643, 59]
2017-11-26 00:23:09.282 INFO in 'ProfileAnalyzerTest' at line 2069: [16.98822521738234, 16.98822521738234, 0, 100000, 110000, 115000, 170000, 1, 0, 0.01, 0, 'take_innsta_0.02', 20, 27, 21, 6.005300901585587, 16.98822521738234, 59]
2017-11-26 00:23:09.282 INFO in 'ProfileAnalyzerTest' at line 2069: [18.638823311266158, 18.638823311266158, 0, 100000, 110000, 115000, 175000, 1, 0, 0.01, 0, 'take_innsta_0.02', 20, 27, 21, 6.321619715980695, 18.638823311266158, 61]
2017-11-26 00:23:09.282 INFO in 'ProfileAnalyzerTest' at line 2069: [10.116810865226796, 10.116810865226796, 0, 100000, 110000, 115000, 165000, 1, 0, 0.01, 0, 'take_innsta_0.02', 20, 27, 21, 5.266185483981836, 10.116810865226796, 59]
2017-11-26 00:23:09.282 INFO in 'ProfileAnalyzerTest' at line 2069: [10.596113738618207, 10.596113738618207, 0, 100000, 110000, 115000, 172000, 1, 0, 0.01, 0, 'take_innsta_0.02', 20, 27, 17, 5.622647528112583, 10.596113738618207, 59]
2017-11-26 00:23:09.282 INFO in 'ProfileAnalyzerTest' at line 2069: [13.41184078329002, 13.41184078329002, 0, 100000, 110000, 115000, 180000, 1, 0, 0.01, 0, 'take_innsta_0.02', 20, 27, 17, 6.026404145120835, 13.41184078329002, 59]
2017-11-26 00:23:09.282 INFO in 'ProfileAnalyzerTest' at line 2069: [13.553126203246489, 13.553126203246489, 0, 100000, 110000, 115000, 173000, 1, 0, 0.01, 0, 'take_innsta_0.02', 20, 27, 21, 6.0214086251767664, 13.553126203246489, 59]
2017-11-26 00:23:09.282 INFO in 'ProfileAnalyzerTest' at line 2069: [15.82333971499568, 15.82333971499568, 0, 100000, 110000, 115000, 174000, 1, 0, 0.01, 0, 'take_innsta_0.02', 20, 27, 25, 6.157121387296453, 15.82333971499568, 59]
2017-11-26 00:23:09.282 INFO in 'ProfileAnalyzerTest' at line 2069: [16.193837924594643, 16.193837924594643, 0, 100000, 110000, 115000, 171000, 1, 0, 0.01, 0, 'take_innsta_0.02', 20, 27, 21, 5.960854622148266, 16.193837924594643, 59]
2017-11-26 00:23:09.282 INFO in 'ProfileAnalyzerTest' at line 2069: [16.98822521738234, 16.98822521738234, 0, 100000, 110000, 115000, 170000, 1, 0, 0.01, 0, 'take_innsta_0.02', 20, 27, 21, 6.005300901585587, 16.98822521738234, 59]
2017-11-26 00:23:09.282 INFO in 'ProfileAnalyzerTest' at line 2069: [18.638823311266158, 18.638823311266158, 0, 100000, 110000, 115000, 175000, 1, 0, 0.01, 0, 'take_innsta_0.02', 20, 27, 21, 6.321619715980695, 18.638823311266158, 61]
2017-11-26 00:23:09.283 INFO in 'ProfileAnalyzerTest' at line 2069: [9.210171384977459, 9.210171384977459, 0, 100000, 110000, 150000, 180000, 1, 0, 0.04, 0, 'take_innsta_0.04', 9, 0, 31, 6.566804606001721, 9.210171384977459, 35]
2017-11-26 00:23:09.283 INFO in 'ProfileAnalyzerTest' at line 2069: [9.465484394299825, 9.465484394299825, 0, 100000, 110000, 130000, 180000, 1, 0, 0.04, 0, 'take_innsta_0.04', 9, 0, 29, 7.0087296966683, 9.465484394299825, 35]
2017-11-26 00:23:09.283 INFO in 'ProfileAnalyzerTest' at line 2069: [9.857147396519252, 9.857147396519252, 0, 100000, 110000, 155000, 180000, 1, 0, 0.04, 0, 'take_innsta_0.04', 9, 0, 20, 6.054753024916789, 9.857147396519252, 36]
2017-11-26 00:23:09.283 INFO in 'ProfileAnalyzerTest' at line 2069: [10.438053219953654, 10.438053219953654, 0, 100000, 110000, 155000, 175000, 1, 0, 0.04, 0, 'take_innsta_0.04', 9, 0, 29, 5.575713043837332, 10.438053219953654, 37]
2017-11-26 00:23:09.283 INFO in 'ProfileAnalyzerTest' at line 2069: [26.200410934138592, 26.200410934138592, 0, 100000, 110000, 125000, 175000, 1, 0, 0.04, 0, 'take_innsta_0.04', 9, 0, 26, 8.02655535588271, 26.200410934138592, 36]
2017-11-26 00:23:09.285 INFO in 'ProfileAnalyzerTest' at line 2069: [28.09610722882753, 28.09610722882753, 0, 100000, 110000, 125000, 180000, 1, 0, 0.04, 0, 'take_innsta_0.04', 9, 0, 29, 8.547149274426458, 28.09610722882753, 35]
2017-11-26 00:23:09.285 INFO in 'ProfileAnalyzerTest' at line 2069: [9.210171384977459, 9.210171384977459, 0, 100000, 110000, 150000, 180000, 1, 0, 0.04, 0, 'take_innsta_0.04', 9, 0, 31, 6.566804606001721, 9.210171384977459, 35]
2017-11-26 00:23:09.285 INFO in 'ProfileAnalyzerTest' at line 2069: [9.465484394299825, 9.465484394299825, 0, 100000, 110000, 130000, 180000, 1, 0, 0.04, 0, 'take_innsta_0.04', 9, 0, 29, 7.0087296966683, 9.465484394299825, 35]
2017-11-26 00:23:09.285 INFO in 'ProfileAnalyzerTest' at line 2069: [9.857147396519252, 9.857147396519252, 0, 100000, 110000, 155000, 180000, 1, 0, 0.04, 0, 'take_innsta_0.04', 9, 0, 20, 6.054753024916789, 9.857147396519252, 36]
2017-11-26 00:23:09.285 INFO in 'ProfileAnalyzerTest' at line 2069: [10.438053219953654, 10.438053219953654, 0, 100000, 110000, 155000, 175000, 1, 0, 0.04, 0, 'take_innsta_0.04', 9, 0, 29, 5.575713043837332, 10.438053219953654, 37]
2017-11-26 00:23:09.286 INFO in 'ProfileAnalyzerTest' at line 2069: [26.200410934138592, 26.200410934138592, 0, 100000, 110000, 125000, 175000, 1, 0, 0.04, 0, 'take_innsta_0.04', 9, 0, 26, 8.02655535588271, 26.200410934138592, 36]
2017-11-26 00:23:09.286 INFO in 'ProfileAnalyzerTest' at line 2069: [28.09610722882753, 28.09610722882753, 0, 100000, 110000, 125000, 180000, 1, 0, 0.04, 0, 'take_innsta_0.04', 9, 0, 29, 8.547149274426458, 28.09610722882753, 35]
2017-11-26 00:23:14.523 INFO in 'ProfileAnalyzerTest' at line 2023: AVG PVV 0.000794816646284
2017-11-26 00:23:14.526 INFO in 'ProfileAnalyzerTest' at line 2024: AVG Volume 0.006384432397
2017-11-26 00:24:00.983 INFO in 'ProfileAnalyzerTest' at line 2069: [8.70450267327538, 8.70450267327538, 1, 100000, 115000, 125000, 160000, 1, 0, 0.03, 0, 'take_innsta_0.0075', 9, 27, 27, 3.9585153536226314, 8.70450267327538, 68]
2017-11-26 00:24:00.983 INFO in 'ProfileAnalyzerTest' at line 2069: [11.555718886002271, 11.555718886002271, 1, 100000, 115000, 125000, 162000, 1, 0, 0.03, 0, 'take_innsta_0.0075', 9, 27, 35, 4.3197171603228, 11.555718886002271, 68]
2017-11-26 00:24:00.983 INFO in 'ProfileAnalyzerTest' at line 2069: [12.437802670478792, 12.437802670478792, 1, 100000, 115000, 125000, 161000, 1, 0, 0.03, 0, 'take_innsta_0.0075', 9, 27, 32, 4.371170917125439, 12.437802670478792, 69]
2017-11-26 00:24:00.983 INFO in 'ProfileAnalyzerTest' at line 2069: [13.680676692128763, 13.680676692128763, 1, 100000, 115000, 125000, 173000, 1, 0, 0.03, 0, 'take_innsta_0.0075', 9, 27, 37, 4.607886821830718, 13.680676692128763, 68]
2017-11-26 00:24:00.984 INFO in 'ProfileAnalyzerTest' at line 2069: [13.712111950440386, 13.712111950440386, 1, 100000, 115000, 125000, 164000, 1, 0, 0.03, 0, 'take_innsta_0.0075', 9, 27, 37, 4.564650496017505, 13.712111950440386, 68]
2017-11-26 00:24:00.984 INFO in 'ProfileAnalyzerTest' at line 2069: [15.039165815931453, 15.039165815931453, 1, 100000, 115000, 125000, 172000, 1, 0, 0.03, 0, 'take_innsta_0.0075', 9, 27, 37, 4.630431146686296, 15.039165815931453, 68]
2017-11-26 00:24:00.984 INFO in 'ProfileAnalyzerTest' at line 2069: [15.124499066039714, 15.124499066039714, 1, 100000, 115000, 125000, 165000, 1, 0, 0.03, 0, 'take_innsta_0.0075', 9, 27, 35, 4.601091734271148, 15.124499066039714, 68]
2017-11-26 00:24:00.984 INFO in 'ProfileAnalyzerTest' at line 2069: [15.361030517291946, 15.361030517291946, 1, 100000, 115000, 125000, 170000, 1, 0, 0.03, 0, 'take_innsta_0.0075', 9, 27, 36, 4.666316288642571, 15.361030517291946, 69]
2017-11-26 00:24:00.984 INFO in 'ProfileAnalyzerTest' at line 2069: [15.620715158297703, 15.620715158297703, 1, 100000, 115000, 125000, 163000, 1, 0, 0.03, 0, 'take_innsta_0.0075', 9, 27, 37, 4.6684444060559045, 15.620715158297703, 68]
2017-11-26 00:24:00.984 INFO in 'ProfileAnalyzerTest' at line 2069: [17.948681541353448, 17.948681541353448, 1, 100000, 115000, 125000, 171000, 1, 0, 0.03, 0, 'take_innsta_0.0075', 9, 27, 37, 4.740851183898573, 17.948681541353448, 68]
2017-11-26 00:24:00.986 INFO in 'ProfileAnalyzerTest' at line 2069: [18.0083223723991, 18.0083223723991, 1, 100000, 115000, 125000, 174000, 1, 0, 0.03, 0, 'take_innsta_0.0075', 9, 27, 35, 4.851735985956335, 18.0083223723991, 68]
2017-11-26 00:24:00.986 INFO in 'ProfileAnalyzerTest' at line 2069: [18.190611934896502, 18.190611934896502, 1, 100000, 115000, 125000, 180000, 1, 0, 0.03, 0, 'take_innsta_0.0075', 9, 27, 39, 4.9380649567444985, 18.190611934896502, 68]
2017-11-26 00:24:00.986 INFO in 'ProfileAnalyzerTest' at line 2069: [19.361740848771287, 19.361740848771287, 1, 100000, 115000, 125000, 175000, 1, 0, 0.03, 0, 'take_innsta_0.0075', 9, 27, 37, 4.915905499822085, 19.361740848771287, 68]
2017-11-26 00:24:00.986 INFO in 'ProfileAnalyzerTest' at line 2069: [10.894892348175835, 10.894892348175835, 1, 100000, 115000, 125000, 161000, 1, 0, 0.03, 0, 'take_innsta_0.01', 9, 27, 34, 4.358648124790148, 10.894892348175835, 69]
2017-11-26 00:24:00.986 INFO in 'ProfileAnalyzerTest' at line 2069: [11.488815089796447, 11.488815089796447, 1, 100000, 115000, 125000, 172000, 1, 0, 0.03, 0, 'take_innsta_0.01', 9, 27, 39, 4.602387417644436, 11.488815089796447, 68]
2017-11-26 00:24:00.986 INFO in 'ProfileAnalyzerTest' at line 2069: [11.696063260600098, 11.696063260600098, 1, 100000, 115000, 125000, 162000, 1, 0, 0.03, 0, 'take_innsta_0.01', 9, 27, 37, 4.462186964251226, 11.696063260600098, 68]
2017-11-26 00:24:00.986 INFO in 'ProfileAnalyzerTest' at line 2069: [11.727873677449368, 11.727873677449368, 1, 100000, 115000, 125000, 173000, 1, 0, 0.03, 0, 'take_innsta_0.01', 9, 27, 39, 4.714424452199686, 11.727873677449368, 68]
2017-11-26 00:24:00.986 INFO in 'ProfileAnalyzerTest' at line 2069: [13.964714753503202, 13.964714753503202, 1, 100000, 115000, 125000, 165000, 1, 0, 0.03, 0, 'take_innsta_0.01', 9, 27, 37, 4.669645122640866, 13.964714753503202, 68]
2017-11-26 00:24:00.986 INFO in 'ProfileAnalyzerTest' at line 2069: [13.969317770319458, 13.969317770319458, 1, 100000, 115000, 125000, 164000, 1, 0, 0.03, 0, 'take_innsta_0.01', 9, 27, 39, 4.709157121626778, 13.969317770319458, 68]
2017-11-26 00:24:00.987 INFO in 'ProfileAnalyzerTest' at line 2069: [15.100025464023448, 15.100025464023448, 1, 100000, 115000, 125000, 174000, 1, 0, 0.03, 0, 'take_innsta_0.01', 9, 27, 37, 4.937296058733852, 15.100025464023448, 68]
2017-11-26 00:24:00.987 INFO in 'ProfileAnalyzerTest' at line 2069: [15.60215480782633, 15.60215480782633, 1, 100000, 115000, 125000, 180000, 1, 0, 0.03, 0, 'take_innsta_0.01', 9, 27, 41, 5.044448487568909, 15.60215480782633, 68]
2017-11-26 00:24:00.987 INFO in 'ProfileAnalyzerTest' at line 2069: [16.21230634270482, 16.21230634270482, 1, 100000, 115000, 125000, 175000, 1, 0, 0.03, 0, 'take_innsta_0.01', 9, 27, 39, 4.998343291378573, 16.21230634270482, 68]
2017-11-26 00:24:00.987 INFO in 'ProfileAnalyzerTest' at line 2069: [16.56351487086835, 16.56351487086835, 1, 100000, 115000, 125000, 171000, 1, 0, 0.03, 0, 'take_innsta_0.01', 9, 27, 39, 4.8502169224510085, 16.56351487086835, 68]
2017-11-26 00:24:00.987 INFO in 'ProfileAnalyzerTest' at line 2069: [16.840620678860784, 16.840620678860784, 1, 100000, 115000, 125000, 163000, 1, 0, 0.03, 0, 'take_innsta_0.01', 9, 27, 39, 4.866740257032606, 16.840620678860784, 68]
2017-11-26 00:24:00.989 INFO in 'ProfileAnalyzerTest' at line 2069: [17.040164573329776, 17.040164573329776, 1, 100000, 115000, 125000, 170000, 1, 0, 0.03, 0, 'take_innsta_0.01', 9, 27, 38, 4.93000160013252, 17.040164573329776, 69]
2017-11-26 00:24:00.989 INFO in 'ProfileAnalyzerTest' at line 2069: [10.894892348175835, 10.894892348175835, 1, 100000, 115000, 125000, 161000, 1, 0, 0.03, 0, 'take_innsta_0.01', 9, 27, 34, 4.358648124790148, 10.894892348175835, 69]
2017-11-26 00:24:00.989 INFO in 'ProfileAnalyzerTest' at line 2069: [11.488815089796447, 11.488815089796447, 1, 100000, 115000, 125000, 172000, 1, 0, 0.03, 0, 'take_innsta_0.01', 9, 27, 39, 4.602387417644436, 11.488815089796447, 68]
2017-11-26 00:24:00.989 INFO in 'ProfileAnalyzerTest' at line 2069: [11.696063260600098, 11.696063260600098, 1, 100000, 115000, 125000, 162000, 1, 0, 0.03, 0, 'take_innsta_0.01', 9, 27, 37, 4.462186964251226, 11.696063260600098, 68]
2017-11-26 00:24:00.989 INFO in 'ProfileAnalyzerTest' at line 2069: [11.727873677449368, 11.727873677449368, 1, 100000, 115000, 125000, 173000, 1, 0, 0.03, 0, 'take_innsta_0.01', 9, 27, 39, 4.714424452199686, 11.727873677449368, 68]
2017-11-26 00:24:00.990 INFO in 'ProfileAnalyzerTest' at line 2069: [13.964714753503202, 13.964714753503202, 1, 100000, 115000, 125000, 165000, 1, 0, 0.03, 0, 'take_innsta_0.01', 9, 27, 37, 4.669645122640866, 13.964714753503202, 68]
2017-11-26 00:24:00.990 INFO in 'ProfileAnalyzerTest' at line 2069: [13.969317770319458, 13.969317770319458, 1, 100000, 115000, 125000, 164000, 1, 0, 0.03, 0, 'take_innsta_0.01', 9, 27, 39, 4.709157121626778, 13.969317770319458, 68]
2017-11-26 00:24:00.990 INFO in 'ProfileAnalyzerTest' at line 2069: [15.100025464023448, 15.100025464023448, 1, 100000, 115000, 125000, 174000, 1, 0, 0.03, 0, 'take_innsta_0.01', 9, 27, 37, 4.937296058733852, 15.100025464023448, 68]
2017-11-26 00:24:00.990 INFO in 'ProfileAnalyzerTest' at line 2069: [15.60215480782633, 15.60215480782633, 1, 100000, 115000, 125000, 180000, 1, 0, 0.03, 0, 'take_innsta_0.01', 9, 27, 41, 5.044448487568909, 15.60215480782633, 68]
2017-11-26 00:24:00.990 INFO in 'ProfileAnalyzerTest' at line 2069: [16.21230634270482, 16.21230634270482, 1, 100000, 115000, 125000, 175000, 1, 0, 0.03, 0, 'take_innsta_0.01', 9, 27, 39, 4.998343291378573, 16.21230634270482, 68]
2017-11-26 00:24:00.990 INFO in 'ProfileAnalyzerTest' at line 2069: [16.56351487086835, 16.56351487086835, 1, 100000, 115000, 125000, 171000, 1, 0, 0.03, 0, 'take_innsta_0.01', 9, 27, 39, 4.8502169224510085, 16.56351487086835, 68]
2017-11-26 00:24:00.990 INFO in 'ProfileAnalyzerTest' at line 2069: [16.840620678860784, 16.840620678860784, 1, 100000, 115000, 125000, 163000, 1, 0, 0.03, 0, 'take_innsta_0.01', 9, 27, 39, 4.866740257032606, 16.840620678860784, 68]
2017-11-26 00:24:00.990 INFO in 'ProfileAnalyzerTest' at line 2069: [17.040164573329776, 17.040164573329776, 1, 100000, 115000, 125000, 170000, 1, 0, 0.03, 0, 'take_innsta_0.01', 9, 27, 38, 4.93000160013252, 17.040164573329776, 69]
2017-11-26 00:24:00.990 INFO in 'ProfileAnalyzerTest' at line 2069: [10.894892348175835, 10.894892348175835, 1, 100000, 115000, 125000, 161000, 1, 0, 0.03, 0, 'take_innsta_0.01', 9, 27, 34, 4.358648124790148, 10.894892348175835, 69]
2017-11-26 00:24:00.990 INFO in 'ProfileAnalyzerTest' at line 2069: [11.488815089796447, 11.488815089796447, 1, 100000, 115000, 125000, 172000, 1, 0, 0.03, 0, 'take_innsta_0.01', 9, 27, 39, 4.602387417644436, 11.488815089796447, 68]
2017-11-26 00:24:00.992 INFO in 'ProfileAnalyzerTest' at line 2069: [11.696063260600098, 11.696063260600098, 1, 100000, 115000, 125000, 162000, 1, 0, 0.03, 0, 'take_innsta_0.01', 9, 27, 37, 4.462186964251226, 11.696063260600098, 68]
2017-11-26 00:24:00.992 INFO in 'ProfileAnalyzerTest' at line 2069: [11.727873677449368, 11.727873677449368, 1, 100000, 115000, 125000, 173000, 1, 0, 0.03, 0, 'take_innsta_0.01', 9, 27, 39, 4.714424452199686, 11.727873677449368, 68]
2017-11-26 00:24:00.992 INFO in 'ProfileAnalyzerTest' at line 2069: [13.964714753503202, 13.964714753503202, 1, 100000, 115000, 125000, 165000, 1, 0, 0.03, 0, 'take_innsta_0.01', 9, 27, 37, 4.669645122640866, 13.964714753503202, 68]
2017-11-26 00:24:00.992 INFO in 'ProfileAnalyzerTest' at line 2069: [13.969317770319458, 13.969317770319458, 1, 100000, 115000, 125000, 164000, 1, 0, 0.03, 0, 'take_innsta_0.01', 9, 27, 39, 4.709157121626778, 13.969317770319458, 68]
2017-11-26 00:24:00.992 INFO in 'ProfileAnalyzerTest' at line 2069: [15.100025464023448, 15.100025464023448, 1, 100000, 115000, 125000, 174000, 1, 0, 0.03, 0, 'take_innsta_0.01', 9, 27, 37, 4.937296058733852, 15.100025464023448, 68]
2017-11-26 00:24:00.992 INFO in 'ProfileAnalyzerTest' at line 2069: [15.60215480782633, 15.60215480782633, 1, 100000, 115000, 125000, 180000, 1, 0, 0.03, 0, 'take_innsta_0.01', 9, 27, 41, 5.044448487568909, 15.60215480782633, 68]
2017-11-26 00:24:00.993 INFO in 'ProfileAnalyzerTest' at line 2069: [16.21230634270482, 16.21230634270482, 1, 100000, 115000, 125000, 175000, 1, 0, 0.03, 0, 'take_innsta_0.01', 9, 27, 39, 4.998343291378573, 16.21230634270482, 68]
2017-11-26 00:24:00.993 INFO in 'ProfileAnalyzerTest' at line 2069: [16.56351487086835, 16.56351487086835, 1, 100000, 115000, 125000, 171000, 1, 0, 0.03, 0, 'take_innsta_0.01', 9, 27, 39, 4.8502169224510085, 16.56351487086835, 68]
2017-11-26 00:24:00.993 INFO in 'ProfileAnalyzerTest' at line 2069: [16.840620678860784, 16.840620678860784, 1, 100000, 115000, 125000, 163000, 1, 0, 0.03, 0, 'take_innsta_0.01', 9, 27, 39, 4.866740257032606, 16.840620678860784, 68]
2017-11-26 00:24:00.993 INFO in 'ProfileAnalyzerTest' at line 2069: [17.040164573329776, 17.040164573329776, 1, 100000, 115000, 125000, 170000, 1, 0, 0.03, 0, 'take_innsta_0.01', 9, 27, 38, 4.93000160013252, 17.040164573329776, 69]
2017-11-26 00:24:00.993 INFO in 'ProfileAnalyzerTest' at line 2069: [8.78097072134994, 8.78097072134994, 1, 100000, 115000, 121000, 173000, 1, 0, 0.02, 0, 'take_innsta_0.01', 9, 14, 26, 4.49139341664534, 8.78097072134994, 69]
2017-11-26 00:24:00.993 INFO in 'ProfileAnalyzerTest' at line 2069: [8.79500096346582, 8.79500096346582, 1, 100000, 115000, 121000, 180000, 1, 0, 0.02, 0, 'take_innsta_0.01', 9, 14, 29, 4.522361905585185, 8.79500096346582, 68]
2017-11-26 00:24:00.993 INFO in 'ProfileAnalyzerTest' at line 2069: [8.930532144860932, 8.930532144860932, 1, 100000, 115000, 121000, 161000, 1, 0, 0.02, 0, 'take_innsta_0.01', 9, 14, 23, 4.366630435517553, 8.930532144860932, 68]
2017-11-26 00:24:00.993 INFO in 'ProfileAnalyzerTest' at line 2069: [9.551472214228388, 9.551472214228388, 1, 100000, 115000, 121000, 162000, 1, 0, 0.02, 0, 'take_innsta_0.01', 9, 14, 24, 4.425482624629272, 9.551472214228388, 69]
2017-11-26 00:24:00.993 INFO in 'ProfileAnalyzerTest' at line 2069: [9.886462745047279, 9.886462745047279, 1, 100000, 115000, 121000, 154000, 1, 0, 0.02, 0, 'take_innsta_0.01', 9, 14, 26, 4.502759382188863, 9.886462745047279, 69]
2017-11-26 00:24:00.993 INFO in 'ProfileAnalyzerTest' at line 2069: [10.97142591807251, 10.97142591807251, 1, 100000, 115000, 121000, 171000, 1, 0, 0.02, 0, 'take_innsta_0.01', 9, 14, 24, 4.616929503619227, 10.97142591807251, 69]
2017-11-26 00:24:00.994 INFO in 'ProfileAnalyzerTest' at line 2069: [11.120392170018448, 11.120392170018448, 1, 100000, 115000, 121000, 174000, 1, 0, 0.02, 0, 'take_innsta_0.01', 9, 14, 28, 4.701540862061234, 11.120392170018448, 69]
2017-11-26 00:24:00.994 INFO in 'ProfileAnalyzerTest' at line 2069: [11.708432650842681, 11.708432650842681, 1, 100000, 115000, 121000, 164000, 1, 0, 0.02, 0, 'take_innsta_0.01', 9, 14, 27, 4.639551525368461, 11.708432650842681, 68]
2017-11-26 00:24:00.994 INFO in 'ProfileAnalyzerTest' at line 2069: [13.956880234257389, 13.956880234257389, 1, 100000, 115000, 121000, 170000, 1, 0, 0.02, 0, 'take_innsta_0.01', 9, 14, 25, 4.804745400232018, 13.956880234257389, 68]
2017-11-26 00:24:00.994 INFO in 'ProfileAnalyzerTest' at line 2069: [14.15181724558347, 14.15181724558347, 1, 100000, 115000, 121000, 163000, 1, 0, 0.02, 0, 'take_innsta_0.01', 9, 14, 27, 4.791065381979758, 14.15181724558347, 70]
2017-11-26 00:24:00.994 INFO in 'ProfileAnalyzerTest' at line 2069: [16.859157188702163, 16.859157188702163, 1, 100000, 115000, 121000, 165000, 1, 0, 0.02, 0, 'take_innsta_0.01', 9, 14, 25, 4.96553838965575, 16.859157188702163, 68]
2017-11-26 00:24:00.996 INFO in 'ProfileAnalyzerTest' at line 2069: [10.894892348175835, 10.894892348175835, 1, 100000, 115000, 125000, 161000, 1, 0, 0.03, 0, 'take_innsta_0.01', 9, 27, 34, 4.358648124790148, 10.894892348175835, 69]
2017-11-26 00:24:00.996 INFO in 'ProfileAnalyzerTest' at line 2069: [11.488815089796447, 11.488815089796447, 1, 100000, 115000, 125000, 172000, 1, 0, 0.03, 0, 'take_innsta_0.01', 9, 27, 39, 4.602387417644436, 11.488815089796447, 68]
2017-11-26 00:24:00.996 INFO in 'ProfileAnalyzerTest' at line 2069: [11.696063260600098, 11.696063260600098, 1, 100000, 115000, 125000, 162000, 1, 0, 0.03, 0, 'take_innsta_0.01', 9, 27, 37, 4.462186964251226, 11.696063260600098, 68]
2017-11-26 00:24:00.996 INFO in 'ProfileAnalyzerTest' at line 2069: [11.727873677449368, 11.727873677449368, 1, 100000, 115000, 125000, 173000, 1, 0, 0.03, 0, 'take_innsta_0.01', 9, 27, 39, 4.714424452199686, 11.727873677449368, 68]
2017-11-26 00:24:00.996 INFO in 'ProfileAnalyzerTest' at line 2069: [13.964714753503202, 13.964714753503202, 1, 100000, 115000, 125000, 165000, 1, 0, 0.03, 0, 'take_innsta_0.01', 9, 27, 37, 4.669645122640866, 13.964714753503202, 68]
2017-11-26 00:24:00.996 INFO in 'ProfileAnalyzerTest' at line 2069: [13.969317770319458, 13.969317770319458, 1, 100000, 115000, 125000, 164000, 1, 0, 0.03, 0, 'take_innsta_0.01', 9, 27, 39, 4.709157121626778, 13.969317770319458, 68]
2017-11-26 00:24:00.996 INFO in 'ProfileAnalyzerTest' at line 2069: [15.100025464023448, 15.100025464023448, 1, 100000, 115000, 125000, 174000, 1, 0, 0.03, 0, 'take_innsta_0.01', 9, 27, 37, 4.937296058733852, 15.100025464023448, 68]
2017-11-26 00:24:00.996 INFO in 'ProfileAnalyzerTest' at line 2069: [15.60215480782633, 15.60215480782633, 1, 100000, 115000, 125000, 180000, 1, 0, 0.03, 0, 'take_innsta_0.01', 9, 27, 41, 5.044448487568909, 15.60215480782633, 68]
2017-11-26 00:24:00.996 INFO in 'ProfileAnalyzerTest' at line 2069: [16.21230634270482, 16.21230634270482, 1, 100000, 115000, 125000, 175000, 1, 0, 0.03, 0, 'take_innsta_0.01', 9, 27, 39, 4.998343291378573, 16.21230634270482, 68]
2017-11-26 00:24:00.996 INFO in 'ProfileAnalyzerTest' at line 2069: [16.56351487086835, 16.56351487086835, 1, 100000, 115000, 125000, 171000, 1, 0, 0.03, 0, 'take_innsta_0.01', 9, 27, 39, 4.8502169224510085, 16.56351487086835, 68]
2017-11-26 00:24:00.997 INFO in 'ProfileAnalyzerTest' at line 2069: [16.840620678860784, 16.840620678860784, 1, 100000, 115000, 125000, 163000, 1, 0, 0.03, 0, 'take_innsta_0.01', 9, 27, 39, 4.866740257032606, 16.840620678860784, 68]
2017-11-26 00:24:00.997 INFO in 'ProfileAnalyzerTest' at line 2069: [17.040164573329776, 17.040164573329776, 1, 100000, 115000, 125000, 170000, 1, 0, 0.03, 0, 'take_innsta_0.01', 9, 27, 38, 4.93000160013252, 17.040164573329776, 69]
2017-11-26 00:24:00.997 INFO in 'ProfileAnalyzerTest' at line 2069: [8.70450267327538, 8.70450267327538, 1, 100000, 115000, 125000, 160000, 1, 0, 0.03, 0, 'take_innsta_0.0075', 9, 27, 27, 3.9585153536226314, 8.70450267327538, 68]
2017-11-26 00:24:00.997 INFO in 'ProfileAnalyzerTest' at line 2069: [11.555718886002271, 11.555718886002271, 1, 100000, 115000, 125000, 162000, 1, 0, 0.03, 0, 'take_innsta_0.0075', 9, 27, 35, 4.3197171603228, 11.555718886002271, 68]
2017-11-26 00:24:00.997 INFO in 'ProfileAnalyzerTest' at line 2069: [12.437802670478792, 12.437802670478792, 1, 100000, 115000, 125000, 161000, 1, 0, 0.03, 0, 'take_innsta_0.0075', 9, 27, 32, 4.371170917125439, 12.437802670478792, 69]
2017-11-26 00:24:00.999 INFO in 'ProfileAnalyzerTest' at line 2069: [13.680676692128763, 13.680676692128763, 1, 100000, 115000, 125000, 173000, 1, 0, 0.03, 0, 'take_innsta_0.0075', 9, 27, 37, 4.607886821830718, 13.680676692128763, 68]
2017-11-26 00:24:00.999 INFO in 'ProfileAnalyzerTest' at line 2069: [13.712111950440386, 13.712111950440386, 1, 100000, 115000, 125000, 164000, 1, 0, 0.03, 0, 'take_innsta_0.0075', 9, 27, 37, 4.564650496017505, 13.712111950440386, 68]
2017-11-26 00:24:00.999 INFO in 'ProfileAnalyzerTest' at line 2069: [15.039165815931453, 15.039165815931453, 1, 100000, 115000, 125000, 172000, 1, 0, 0.03, 0, 'take_innsta_0.0075', 9, 27, 37, 4.630431146686296, 15.039165815931453, 68]
2017-11-26 00:24:00.999 INFO in 'ProfileAnalyzerTest' at line 2069: [15.124499066039714, 15.124499066039714, 1, 100000, 115000, 125000, 165000, 1, 0, 0.03, 0, 'take_innsta_0.0075', 9, 27, 35, 4.601091734271148, 15.124499066039714, 68]
2017-11-26 00:24:00.999 INFO in 'ProfileAnalyzerTest' at line 2069: [15.361030517291946, 15.361030517291946, 1, 100000, 115000, 125000, 170000, 1, 0, 0.03, 0, 'take_innsta_0.0075', 9, 27, 36, 4.666316288642571, 15.361030517291946, 69]
2017-11-26 00:24:01.0 INFO in 'ProfileAnalyzerTest' at line 2069: [15.620715158297703, 15.620715158297703, 1, 100000, 115000, 125000, 163000, 1, 0, 0.03, 0, 'take_innsta_0.0075', 9, 27, 37, 4.6684444060559045, 15.620715158297703, 68]
2017-11-26 00:24:01.0 INFO in 'ProfileAnalyzerTest' at line 2069: [17.948681541353448, 17.948681541353448, 1, 100000, 115000, 125000, 171000, 1, 0, 0.03, 0, 'take_innsta_0.0075', 9, 27, 37, 4.740851183898573, 17.948681541353448, 68]
2017-11-26 00:24:01.0 INFO in 'ProfileAnalyzerTest' at line 2069: [18.0083223723991, 18.0083223723991, 1, 100000, 115000, 125000, 174000, 1, 0, 0.03, 0, 'take_innsta_0.0075', 9, 27, 35, 4.851735985956335, 18.0083223723991, 68]
2017-11-26 00:24:01.0 INFO in 'ProfileAnalyzerTest' at line 2069: [18.190611934896502, 18.190611934896502, 1, 100000, 115000, 125000, 180000, 1, 0, 0.03, 0, 'take_innsta_0.0075', 9, 27, 39, 4.9380649567444985, 18.190611934896502, 68]
2017-11-26 00:24:01.0 INFO in 'ProfileAnalyzerTest' at line 2069: [19.361740848771287, 19.361740848771287, 1, 100000, 115000, 125000, 175000, 1, 0, 0.03, 0, 'take_innsta_0.0075', 9, 27, 37, 4.915905499822085, 19.361740848771287, 68]
2017-11-26 00:24:01.0 INFO in 'ProfileAnalyzerTest' at line 2069: [8.70450267327538, 8.70450267327538, 1, 100000, 115000, 125000, 160000, 1, 0, 0.03, 0, 'take_innsta_0.0075', 9, 27, 27, 3.9585153536226314, 8.70450267327538, 68]
2017-11-26 00:24:01.0 INFO in 'ProfileAnalyzerTest' at line 2069: [11.555718886002271, 11.555718886002271, 1, 100000, 115000, 125000, 162000, 1, 0, 0.03, 0, 'take_innsta_0.0075', 9, 27, 35, 4.3197171603228, 11.555718886002271, 68]
2017-11-26 00:24:01.0 INFO in 'ProfileAnalyzerTest' at line 2069: [12.437802670478792, 12.437802670478792, 1, 100000, 115000, 125000, 161000, 1, 0, 0.03, 0, 'take_innsta_0.0075', 9, 27, 32, 4.371170917125439, 12.437802670478792, 69]
2017-11-26 00:24:01.0 INFO in 'ProfileAnalyzerTest' at line 2069: [13.680676692128763, 13.680676692128763, 1, 100000, 115000, 125000, 173000, 1, 0, 0.03, 0, 'take_innsta_0.0075', 9, 27, 37, 4.607886821830718, 13.680676692128763, 68]
2017-11-26 00:24:01.2 INFO in 'ProfileAnalyzerTest' at line 2069: [13.712111950440386, 13.712111950440386, 1, 100000, 115000, 125000, 164000, 1, 0, 0.03, 0, 'take_innsta_0.0075', 9, 27, 37, 4.564650496017505, 13.712111950440386, 68]
2017-11-26 00:24:01.2 INFO in 'ProfileAnalyzerTest' at line 2069: [15.039165815931453, 15.039165815931453, 1, 100000, 115000, 125000, 172000, 1, 0, 0.03, 0, 'take_innsta_0.0075', 9, 27, 37, 4.630431146686296, 15.039165815931453, 68]
2017-11-26 00:24:01.2 INFO in 'ProfileAnalyzerTest' at line 2069: [15.124499066039714, 15.124499066039714, 1, 100000, 115000, 125000, 165000, 1, 0, 0.03, 0, 'take_innsta_0.0075', 9, 27, 35, 4.601091734271148, 15.124499066039714, 68]
2017-11-26 00:24:01.2 INFO in 'ProfileAnalyzerTest' at line 2069: [15.361030517291946, 15.361030517291946, 1, 100000, 115000, 125000, 170000, 1, 0, 0.03, 0, 'take_innsta_0.0075', 9, 27, 36, 4.666316288642571, 15.361030517291946, 69]
2017-11-26 00:24:01.2 INFO in 'ProfileAnalyzerTest' at line 2069: [15.620715158297703, 15.620715158297703, 1, 100000, 115000, 125000, 163000, 1, 0, 0.03, 0, 'take_innsta_0.0075', 9, 27, 37, 4.6684444060559045, 15.620715158297703, 68]
2017-11-26 00:24:01.2 INFO in 'ProfileAnalyzerTest' at line 2069: [17.948681541353448, 17.948681541353448, 1, 100000, 115000, 125000, 171000, 1, 0, 0.03, 0, 'take_innsta_0.0075', 9, 27, 37, 4.740851183898573, 17.948681541353448, 68]
2017-11-26 00:24:01.3 INFO in 'ProfileAnalyzerTest' at line 2069: [18.0083223723991, 18.0083223723991, 1, 100000, 115000, 125000, 174000, 1, 0, 0.03, 0, 'take_innsta_0.0075', 9, 27, 35, 4.851735985956335, 18.0083223723991, 68]
2017-11-26 00:24:01.3 INFO in 'ProfileAnalyzerTest' at line 2069: [18.190611934896502, 18.190611934896502, 1, 100000, 115000, 125000, 180000, 1, 0, 0.03, 0, 'take_innsta_0.0075', 9, 27, 39, 4.9380649567444985, 18.190611934896502, 68]
2017-11-26 00:24:01.3 INFO in 'ProfileAnalyzerTest' at line 2069: [19.361740848771287, 19.361740848771287, 1, 100000, 115000, 125000, 175000, 1, 0, 0.03, 0, 'take_innsta_0.0075', 9, 27, 37, 4.915905499822085, 19.361740848771287, 68]
2017-11-26 00:24:01.3 INFO in 'ProfileAnalyzerTest' at line 2069: [8.70450267327538, 8.70450267327538, 1, 100000, 115000, 125000, 160000, 1, 0, 0.03, 0, 'take_innsta_0.0075', 9, 27, 27, 3.9585153536226314, 8.70450267327538, 68]
2017-11-26 00:24:01.3 INFO in 'ProfileAnalyzerTest' at line 2069: [11.555718886002271, 11.555718886002271, 1, 100000, 115000, 125000, 162000, 1, 0, 0.03, 0, 'take_innsta_0.0075', 9, 27, 35, 4.3197171603228, 11.555718886002271, 68]
2017-11-26 00:24:01.3 INFO in 'ProfileAnalyzerTest' at line 2069: [12.437802670478792, 12.437802670478792, 1, 100000, 115000, 125000, 161000, 1, 0, 0.03, 0, 'take_innsta_0.0075', 9, 27, 32, 4.371170917125439, 12.437802670478792, 69]
2017-11-26 00:24:01.3 INFO in 'ProfileAnalyzerTest' at line 2069: [13.680676692128763, 13.680676692128763, 1, 100000, 115000, 125000, 173000, 1, 0, 0.03, 0, 'take_innsta_0.0075', 9, 27, 37, 4.607886821830718, 13.680676692128763, 68]
2017-11-26 00:24:01.3 INFO in 'ProfileAnalyzerTest' at line 2069: [13.712111950440386, 13.712111950440386, 1, 100000, 115000, 125000, 164000, 1, 0, 0.03, 0, 'take_innsta_0.0075', 9, 27, 37, 4.564650496017505, 13.712111950440386, 68]
2017-11-26 00:24:01.3 INFO in 'ProfileAnalyzerTest' at line 2069: [15.039165815931453, 15.039165815931453, 1, 100000, 115000, 125000, 172000, 1, 0, 0.03, 0, 'take_innsta_0.0075', 9, 27, 37, 4.630431146686296, 15.039165815931453, 68]
2017-11-26 00:24:01.3 INFO in 'ProfileAnalyzerTest' at line 2069: [15.124499066039714, 15.124499066039714, 1, 100000, 115000, 125000, 165000, 1, 0, 0.03, 0, 'take_innsta_0.0075', 9, 27, 35, 4.601091734271148, 15.124499066039714, 68]
2017-11-26 00:24:01.5 INFO in 'ProfileAnalyzerTest' at line 2069: [15.361030517291946, 15.361030517291946, 1, 100000, 115000, 125000, 170000, 1, 0, 0.03, 0, 'take_innsta_0.0075', 9, 27, 36, 4.666316288642571, 15.361030517291946, 69]
2017-11-26 00:24:01.5 INFO in 'ProfileAnalyzerTest' at line 2069: [15.620715158297703, 15.620715158297703, 1, 100000, 115000, 125000, 163000, 1, 0, 0.03, 0, 'take_innsta_0.0075', 9, 27, 37, 4.6684444060559045, 15.620715158297703, 68]
2017-11-26 00:24:01.5 INFO in 'ProfileAnalyzerTest' at line 2069: [17.948681541353448, 17.948681541353448, 1, 100000, 115000, 125000, 171000, 1, 0, 0.03, 0, 'take_innsta_0.0075', 9, 27, 37, 4.740851183898573, 17.948681541353448, 68]
2017-11-26 00:24:01.5 INFO in 'ProfileAnalyzerTest' at line 2069: [18.0083223723991, 18.0083223723991, 1, 100000, 115000, 125000, 174000, 1, 0, 0.03, 0, 'take_innsta_0.0075', 9, 27, 35, 4.851735985956335, 18.0083223723991, 68]
2017-11-26 00:24:01.6 INFO in 'ProfileAnalyzerTest' at line 2069: [18.190611934896502, 18.190611934896502, 1, 100000, 115000, 125000, 180000, 1, 0, 0.03, 0, 'take_innsta_0.0075', 9, 27, 39, 4.9380649567444985, 18.190611934896502, 68]
2017-11-26 00:24:01.6 INFO in 'ProfileAnalyzerTest' at line 2069: [19.361740848771287, 19.361740848771287, 1, 100000, 115000, 125000, 175000, 1, 0, 0.03, 0, 'take_innsta_0.0075', 9, 27, 37, 4.915905499822085, 19.361740848771287, 68]
2017-11-26 00:24:01.6 INFO in 'ProfileAnalyzerTest' at line 2069: [8.70450267327538, 8.70450267327538, 1, 100000, 115000, 125000, 160000, 1, 0, 0.03, 0, 'take_innsta_0.0075', 9, 27, 27, 3.9585153536226314, 8.70450267327538, 68]
2017-11-26 00:24:01.6 INFO in 'ProfileAnalyzerTest' at line 2069: [11.555718886002271, 11.555718886002271, 1, 100000, 115000, 125000, 162000, 1, 0, 0.03, 0, 'take_innsta_0.0075', 9, 27, 35, 4.3197171603228, 11.555718886002271, 68]
2017-11-26 00:24:01.6 INFO in 'ProfileAnalyzerTest' at line 2069: [12.437802670478792, 12.437802670478792, 1, 100000, 115000, 125000, 161000, 1, 0, 0.03, 0, 'take_innsta_0.0075', 9, 27, 32, 4.371170917125439, 12.437802670478792, 69]
2017-11-26 00:24:01.6 INFO in 'ProfileAnalyzerTest' at line 2069: [13.680676692128763, 13.680676692128763, 1, 100000, 115000, 125000, 173000, 1, 0, 0.03, 0, 'take_innsta_0.0075', 9, 27, 37, 4.607886821830718, 13.680676692128763, 68]
2017-11-26 00:24:01.6 INFO in 'ProfileAnalyzerTest' at line 2069: [13.712111950440386, 13.712111950440386, 1, 100000, 115000, 125000, 164000, 1, 0, 0.03, 0, 'take_innsta_0.0075', 9, 27, 37, 4.564650496017505, 13.712111950440386, 68]
2017-11-26 00:24:01.6 INFO in 'ProfileAnalyzerTest' at line 2069: [15.039165815931453, 15.039165815931453, 1, 100000, 115000, 125000, 172000, 1, 0, 0.03, 0, 'take_innsta_0.0075', 9, 27, 37, 4.630431146686296, 15.039165815931453, 68]
2017-11-26 00:24:01.6 INFO in 'ProfileAnalyzerTest' at line 2069: [15.124499066039714, 15.124499066039714, 1, 100000, 115000, 125000, 165000, 1, 0, 0.03, 0, 'take_innsta_0.0075', 9, 27, 35, 4.601091734271148, 15.124499066039714, 68]
2017-11-26 00:24:01.6 INFO in 'ProfileAnalyzerTest' at line 2069: [15.361030517291946, 15.361030517291946, 1, 100000, 115000, 125000, 170000, 1, 0, 0.03, 0, 'take_innsta_0.0075', 9, 27, 36, 4.666316288642571, 15.361030517291946, 69]
2017-11-26 00:24:01.6 INFO in 'ProfileAnalyzerTest' at line 2069: [15.620715158297703, 15.620715158297703, 1, 100000, 115000, 125000, 163000, 1, 0, 0.03, 0, 'take_innsta_0.0075', 9, 27, 37, 4.6684444060559045, 15.620715158297703, 68]
2017-11-26 00:24:01.7 INFO in 'ProfileAnalyzerTest' at line 2069: [17.948681541353448, 17.948681541353448, 1, 100000, 115000, 125000, 171000, 1, 0, 0.03, 0, 'take_innsta_0.0075', 9, 27, 37, 4.740851183898573, 17.948681541353448, 68]
2017-11-26 00:24:01.7 INFO in 'ProfileAnalyzerTest' at line 2069: [18.0083223723991, 18.0083223723991, 1, 100000, 115000, 125000, 174000, 1, 0, 0.03, 0, 'take_innsta_0.0075', 9, 27, 35, 4.851735985956335, 18.0083223723991, 68]
2017-11-26 00:24:01.7 INFO in 'ProfileAnalyzerTest' at line 2069: [18.190611934896502, 18.190611934896502, 1, 100000, 115000, 125000, 180000, 1, 0, 0.03, 0, 'take_innsta_0.0075', 9, 27, 39, 4.9380649567444985, 18.190611934896502, 68]
2017-11-26 00:24:01.7 INFO in 'ProfileAnalyzerTest' at line 2069: [19.361740848771287, 19.361740848771287, 1, 100000, 115000, 125000, 175000, 1, 0, 0.03, 0, 'take_innsta_0.0075', 9, 27, 37, 4.915905499822085, 19.361740848771287, 68]
2017-11-26 00:24:06.309 INFO in 'ProfileAnalyzerTest' at line 2023: AVG PVV 0.000758368873329
2017-11-26 00:24:06.312 INFO in 'ProfileAnalyzerTest' at line 2024: AVG Volume 0.00633547581812
2017-11-26 00:24:52.138 INFO in 'ProfileAnalyzerTest' at line 2069: [18.87742151032878, 18.87742151032878, 2, 100000, 104000, 105000, 142000, 1, 0, 0.04, 0, 'take_innsta_0.04', 9, 0, 20, 9.382565214125972, 18.87742151032878, 39]
2017-11-26 00:24:52.138 INFO in 'ProfileAnalyzerTest' at line 2069: [23.456443957724428, 23.456443957724428, 2, 100000, 104000, 105000, 141000, 1, 0, 0.04, 0, 'take_innsta_0.04', 9, 0, 23, 9.029072291247815, 23.456443957724428, 40]
2017-11-26 00:24:52.138 INFO in 'ProfileAnalyzerTest' at line 2069: [11.988567604832701, 11.988567604832701, 2, 100000, 104000, 110000, 142000, 1, 0, 0.04, 0, 'take_innsta_0.03', 20, 0, 16, 7.584632982745916, 11.988567604832701, 49]
2017-11-26 00:24:52.138 INFO in 'ProfileAnalyzerTest' at line 2069: [12.6968024309334, 12.6968024309334, 2, 100000, 104000, 105000, 135000, 1, 0, 0.04, 0, 'take_innsta_0.03', 20, 0, 15, 6.911683198096431, 12.6968024309334, 48]
2017-11-26 00:24:52.138 INFO in 'ProfileAnalyzerTest' at line 2069: [12.841977636132711, 12.841977636132711, 2, 100000, 104000, 110000, 141000, 1, 0, 0.04, 0, 'take_innsta_0.03', 20, 0, 20, 7.275911206645069, 12.841977636132711, 47]
2017-11-26 00:24:52.140 INFO in 'ProfileAnalyzerTest' at line 2069: [19.488934564559088, 19.488934564559088, 2, 100000, 104000, 105000, 142000, 1, 0, 0.04, 0, 'take_innsta_0.03', 20, 0, 22, 7.908108212506839, 19.488934564559088, 47]
2017-11-26 00:24:52.140 INFO in 'ProfileAnalyzerTest' at line 2069: [20.266990139269303, 20.266990139269303, 2, 100000, 104000, 105000, 140000, 1, 0, 0.04, 0, 'take_innsta_0.03', 20, 0, 18, 7.338014619861408, 20.266990139269303, 47]
2017-11-26 00:24:52.140 INFO in 'ProfileAnalyzerTest' at line 2069: [25.2212689520435, 25.2212689520435, 2, 100000, 104000, 105000, 141000, 1, 0, 0.04, 0, 'take_innsta_0.03', 20, 0, 24, 7.780405815100762, 25.2212689520435, 47]
2017-11-26 00:24:52.140 INFO in 'ProfileAnalyzerTest' at line 2069: [19.985366895075327, 19.985366895075327, 2, 100000, 114000, 142000, 174000, -1, 0, 0.04, 0, 'take_innsta_0.02', 20, 27, 35, 5.746979467244386, 19.985366895075327, 64]
2017-11-26 00:24:52.140 INFO in 'ProfileAnalyzerTest' at line 2069: [25.610388766204363, 25.610388766204363, 2, 100000, 114000, 142000, 175000, -1, 0, 0.04, 0, 'take_innsta_0.02', 20, 27, 29, 6.094443942187954, 25.610388766204363, 64]
2017-11-26 00:24:52.141 INFO in 'ProfileAnalyzerTest' at line 2069: [43.22027211769252, 43.22027211769252, 2, 100000, 114000, 142000, 180000, -1, 0, 0.04, 0, 'take_innsta_0.02', 20, 27, 24, 7.395445472706013, 43.22027211769252, 63]
2017-11-26 00:24:52.141 INFO in 'ProfileAnalyzerTest' at line 2069: [11.689752081051015, 11.689752081051015, 2, 100000, 114000, 142000, 174000, -1, 0, 0.03, 0, 'take_innsta_0.02', 20, 27, 33, 5.2465391233366026, 11.689752081051015, 64]
2017-11-26 00:24:52.141 INFO in 'ProfileAnalyzerTest' at line 2069: [14.060031574349388, 14.060031574349388, 2, 100000, 114000, 142000, 175000, -1, 0, 0.03, 0, 'take_innsta_0.02', 20, 27, 27, 5.509014954114763, 14.060031574349388, 64]
2017-11-26 00:24:52.141 INFO in 'ProfileAnalyzerTest' at line 2069: [26.269273790729457, 26.269273790729457, 2, 100000, 114000, 142000, 180000, -1, 0, 0.03, 0, 'take_innsta_0.02', 20, 27, 22, 6.913615616733302, 26.269273790729457, 63]
2017-11-26 00:24:52.141 INFO in 'ProfileAnalyzerTest' at line 2069: [11.60746641986659, 11.60746641986659, 2, 100000, 104000, 105000, 133000, 1, 0, 0.02, 0, 'take_innsta_0.04', 20, 0, 16, 6.889228696547524, 11.60746641986659, 47]
2017-11-26 00:24:52.141 INFO in 'ProfileAnalyzerTest' at line 2069: [12.969911131684412, 12.969911131684412, 2, 100000, 104000, 105000, 135000, 1, 0, 0.02, 0, 'take_innsta_0.04', 20, 0, 13, 7.295192883165856, 12.969911131684412, 48]
2017-11-26 00:24:52.141 INFO in 'ProfileAnalyzerTest' at line 2069: [14.001661040544152, 14.001661040544152, 2, 100000, 104000, 105000, 134000, 1, 0, 0.02, 0, 'take_innsta_0.04', 20, 0, 18, 7.428052284675356, 14.001661040544152, 47]
2017-11-26 00:24:52.141 INFO in 'ProfileAnalyzerTest' at line 2069: [19.692698940318397, 19.692698940318397, 2, 100000, 104000, 105000, 140000, 1, 0, 0.02, 0, 'take_innsta_0.04', 20, 0, 16, 7.84533230822644, 19.692698940318397, 47]
2017-11-26 00:24:52.141 INFO in 'ProfileAnalyzerTest' at line 2069: [26.758696969517093, 26.758696969517093, 2, 100000, 104000, 105000, 142000, 1, 0, 0.02, 0, 'take_innsta_0.04', 20, 0, 20, 8.867695506285935, 26.758696969517093, 47]
2017-11-26 00:24:52.141 INFO in 'ProfileAnalyzerTest' at line 2069: [32.34323706374904, 32.34323706374904, 2, 100000, 104000, 105000, 141000, 1, 0, 0.02, 0, 'take_innsta_0.04', 20, 0, 22, 8.826359468115802, 32.34323706374904, 47]
2017-11-26 00:24:52.142 INFO in 'ProfileAnalyzerTest' at line 2069: [11.60746641986659, 11.60746641986659, 2, 100000, 104000, 105000, 133000, 1, 0, 0.02, 0, 'take_innsta_0.04', 20, 0, 16, 6.889228696547524, 11.60746641986659, 47]
2017-11-26 00:24:52.142 INFO in 'ProfileAnalyzerTest' at line 2069: [12.969911131684412, 12.969911131684412, 2, 100000, 104000, 105000, 135000, 1, 0, 0.02, 0, 'take_innsta_0.04', 20, 0, 13, 7.295192883165856, 12.969911131684412, 48]
2017-11-26 00:24:52.142 INFO in 'ProfileAnalyzerTest' at line 2069: [14.001661040544152, 14.001661040544152, 2, 100000, 104000, 105000, 134000, 1, 0, 0.02, 0, 'take_innsta_0.04', 20, 0, 18, 7.428052284675356, 14.001661040544152, 47]
2017-11-26 00:24:52.142 INFO in 'ProfileAnalyzerTest' at line 2069: [19.692698940318397, 19.692698940318397, 2, 100000, 104000, 105000, 140000, 1, 0, 0.02, 0, 'take_innsta_0.04', 20, 0, 16, 7.84533230822644, 19.692698940318397, 47]
2017-11-26 00:24:52.142 INFO in 'ProfileAnalyzerTest' at line 2069: [26.758696969517093, 26.758696969517093, 2, 100000, 104000, 105000, 142000, 1, 0, 0.02, 0, 'take_innsta_0.04', 20, 0, 20, 8.867695506285935, 26.758696969517093, 47]
2017-11-26 00:24:52.144 INFO in 'ProfileAnalyzerTest' at line 2069: [32.34323706374904, 32.34323706374904, 2, 100000, 104000, 105000, 141000, 1, 0, 0.02, 0, 'take_innsta_0.04', 20, 0, 22, 8.826359468115802, 32.34323706374904, 47]
2017-11-26 00:24:52.144 INFO in 'ProfileAnalyzerTest' at line 2069: [10.98252899397329, 10.98252899397329, 2, 100000, 104000, 110000, 142000, 1, 0, 0.04, 0, 'take_innsta_0.04', 20, 0, 14, 7.906524852955657, 10.98252899397329, 49]
2017-11-26 00:24:52.144 INFO in 'ProfileAnalyzerTest' at line 2069: [11.36420617307021, 11.36420617307021, 2, 100000, 104000, 105000, 144000, 1, 0, 0.04, 0, 'take_innsta_0.04', 20, 0, 12, 8.318534366541698, 11.36420617307021, 47]
2017-11-26 00:24:52.144 INFO in 'ProfileAnalyzerTest' at line 2069: [11.876110962754234, 11.876110962754234, 2, 100000, 104000, 105000, 135000, 1, 0, 0.04, 0, 'take_innsta_0.04', 20, 0, 13, 7.31891223193663, 11.876110962754234, 48]
2017-11-26 00:24:52.144 INFO in 'ProfileAnalyzerTest' at line 2069: [20.68999431991032, 20.68999431991032, 2, 100000, 104000, 105000, 140000, 1, 0, 0.04, 0, 'take_innsta_0.04', 20, 0, 16, 7.909978104144472, 20.68999431991032, 47]
2017-11-26 00:24:52.144 INFO in 'ProfileAnalyzerTest' at line 2069: [34.41296985490543, 34.41296985490543, 2, 100000, 104000, 105000, 142000, 1, 0, 0.04, 0, 'take_innsta_0.04', 20, 0, 20, 9.43844825692748, 34.41296985490543, 47]
2017-11-26 00:24:52.144 INFO in 'ProfileAnalyzerTest' at line 2069: [41.24149536908194, 41.24149536908194, 2, 100000, 104000, 105000, 141000, 1, 0, 0.04, 0, 'take_innsta_0.04', 20, 0, 22, 9.11423121994731, 41.24149536908194, 47]
2017-11-26 00:24:52.144 INFO in 'ProfileAnalyzerTest' at line 2069: [11.270265205957168, 11.270265205957168, 2, 100000, 104000, 105000, 135000, 1, 0, 0.03, 0, 'take_innsta_0.04', 20, 0, 13, 7.123820624063684, 11.270265205957168, 48]
2017-11-26 00:24:52.144 INFO in 'ProfileAnalyzerTest' at line 2069: [11.556766665109368, 11.556766665109368, 2, 100000, 104000, 110000, 141000, 1, 0, 0.03, 0, 'take_innsta_0.04', 20, 0, 18, 7.399503426685656, 11.556766665109368, 47]
2017-11-26 00:24:52.144 INFO in 'ProfileAnalyzerTest' at line 2069: [20.145604822803616, 20.145604822803616, 2, 100000, 104000, 105000, 140000, 1, 0, 0.03, 0, 'take_innsta_0.04', 20, 0, 16, 7.7461404932000315, 20.145604822803616, 47]
2017-11-26 00:24:52.145 INFO in 'ProfileAnalyzerTest' at line 2069: [22.97746060265639, 22.97746060265639, 2, 100000, 104000, 105000, 142000, 1, 0, 0.03, 0, 'take_innsta_0.04', 20, 0, 20, 8.686998630583915, 22.97746060265639, 47]
2017-11-26 00:24:52.145 INFO in 'ProfileAnalyzerTest' at line 2069: [34.747513913209545, 34.747513913209545, 2, 100000, 104000, 105000, 141000, 1, 0, 0.03, 0, 'take_innsta_0.04', 20, 0, 22, 8.757539855039527, 34.747513913209545, 47]
2017-11-26 00:24:52.145 INFO in 'ProfileAnalyzerTest' at line 2069: [10.98252899397329, 10.98252899397329, 2, 100000, 104000, 110000, 142000, 1, 0, 0.04, 0, 'take_innsta_0.04', 20, 0, 14, 7.906524852955657, 10.98252899397329, 49]
2017-11-26 00:24:52.145 INFO in 'ProfileAnalyzerTest' at line 2069: [11.36420617307021, 11.36420617307021, 2, 100000, 104000, 105000, 144000, 1, 0, 0.04, 0, 'take_innsta_0.04', 20, 0, 12, 8.318534366541698, 11.36420617307021, 47]
2017-11-26 00:24:52.145 INFO in 'ProfileAnalyzerTest' at line 2069: [11.876110962754234, 11.876110962754234, 2, 100000, 104000, 105000, 135000, 1, 0, 0.04, 0, 'take_innsta_0.04', 20, 0, 13, 7.31891223193663, 11.876110962754234, 48]
2017-11-26 00:24:52.147 INFO in 'ProfileAnalyzerTest' at line 2069: [20.68999431991032, 20.68999431991032, 2, 100000, 104000, 105000, 140000, 1, 0, 0.04, 0, 'take_innsta_0.04', 20, 0, 16, 7.909978104144472, 20.68999431991032, 47]
2017-11-26 00:24:52.147 INFO in 'ProfileAnalyzerTest' at line 2069: [34.41296985490543, 34.41296985490543, 2, 100000, 104000, 105000, 142000, 1, 0, 0.04, 0, 'take_innsta_0.04', 20, 0, 20, 9.43844825692748, 34.41296985490543, 47]
2017-11-26 00:24:52.147 INFO in 'ProfileAnalyzerTest' at line 2069: [41.24149536908194, 41.24149536908194, 2, 100000, 104000, 105000, 141000, 1, 0, 0.04, 0, 'take_innsta_0.04', 20, 0, 22, 9.11423121994731, 41.24149536908194, 47]
2017-11-26 00:24:52.147 INFO in 'ProfileAnalyzerTest' at line 2069: [19.985366895075327, 19.985366895075327, 2, 100000, 114000, 142000, 174000, -1, 0, 0.04, 0, 'take_innsta_0.02', 20, 27, 35, 5.746979467244386, 19.985366895075327, 64]
2017-11-26 00:24:52.147 INFO in 'ProfileAnalyzerTest' at line 2069: [25.610388766204363, 25.610388766204363, 2, 100000, 114000, 142000, 175000, -1, 0, 0.04, 0, 'take_innsta_0.02', 20, 27, 29, 6.094443942187954, 25.610388766204363, 64]
2017-11-26 00:24:52.148 INFO in 'ProfileAnalyzerTest' at line 2069: [43.22027211769252, 43.22027211769252, 2, 100000, 114000, 142000, 180000, -1, 0, 0.04, 0, 'take_innsta_0.02', 20, 27, 24, 7.395445472706013, 43.22027211769252, 63]
2017-11-26 00:24:57.398 INFO in 'ProfileAnalyzerTest' at line 2023: AVG PVV 0.000840534606205
2017-11-26 00:24:57.401 INFO in 'ProfileAnalyzerTest' at line 2024: AVG Volume 0.00645273920186
2017-11-26 00:25:43.252 INFO in 'ProfileAnalyzerTest' at line 2069: [11.237620034958669, 11.237620034958669, 3, 100000, 113000, 140000, 171000, 1, 0, 0.04, 0, 'take_innsta_0.015', 9, 0, 28, 6.252664270005829, 11.237620034958669, 45]
2017-11-26 00:25:43.252 INFO in 'ProfileAnalyzerTest' at line 2069: [15.06120928116826, 15.06120928116826, 3, 100000, 113000, 140000, 174000, 1, 0, 0.04, 0, 'take_innsta_0.015', 9, 0, 30, 7.3299365740324145, 15.06120928116826, 45]
2017-11-26 00:25:43.252 INFO in 'ProfileAnalyzerTest' at line 2069: [18.344197421737, 18.344197421737, 3, 100000, 113000, 140000, 172000, 1, 0, 0.04, 0, 'take_innsta_0.015', 9, 0, 27, 6.689231952950929, 18.344197421737, 46]
2017-11-26 00:25:43.253 INFO in 'ProfileAnalyzerTest' at line 2069: [18.456945508518988, 18.456945508518988, 3, 100000, 113000, 140000, 175000, 1, 0, 0.04, 0, 'take_innsta_0.015', 9, 0, 36, 7.536939556686867, 18.456945508518988, 45]
2017-11-26 00:25:43.253 INFO in 'ProfileAnalyzerTest' at line 2069: [23.065632207261924, 23.065632207261924, 3, 100000, 113000, 140000, 165000, 1, 0, 0.04, 0, 'take_innsta_0.015', 9, 0, 26, 6.392971785700434, 23.065632207261924, 45]
2017-11-26 00:25:43.253 INFO in 'ProfileAnalyzerTest' at line 2069: [23.298766783059815, 23.298766783059815, 3, 100000, 113000, 140000, 170000, 1, 0, 0.04, 0, 'take_innsta_0.015', 9, 0, 30, 6.625130591396586, 23.298766783059815, 47]
2017-11-26 00:25:43.253 INFO in 'ProfileAnalyzerTest' at line 2069: [23.293654400818273, 23.293654400818273, 3, 100000, 123000, 154000, 174000, 1, 0, 0.03, 0, 'take_innsta_0.02', 9, 20, 21, 5.7456540859077165, 23.293654400818273, 64]
2017-11-26 00:25:43.253 INFO in 'ProfileAnalyzerTest' at line 2069: [26.965947603188145, 26.965947603188145, 3, 100000, 123000, 154000, 180000, 1, 0, 0.03, 0, 'take_innsta_0.02', 9, 20, 26, 6.09961184631639, 26.965947603188145, 65]
2017-11-26 00:25:43.253 INFO in 'ProfileAnalyzerTest' at line 2069: [34.12317052068044, 34.12317052068044, 3, 100000, 123000, 154000, 175000, 1, 0, 0.03, 0, 'take_innsta_0.02', 9, 20, 29, 6.183558029962681, 34.12317052068044, 64]
2017-11-26 00:25:43.253 INFO in 'ProfileAnalyzerTest' at line 2069: [11.237620034958669, 11.237620034958669, 3, 100000, 113000, 140000, 171000, 1, 0, 0.04, 0, 'take_innsta_0.015', 9, 0, 28, 6.252664270005829, 11.237620034958669, 45]
2017-11-26 00:25:43.253 INFO in 'ProfileAnalyzerTest' at line 2069: [15.06120928116826, 15.06120928116826, 3, 100000, 113000, 140000, 174000, 1, 0, 0.04, 0, 'take_innsta_0.015', 9, 0, 30, 7.3299365740324145, 15.06120928116826, 45]
2017-11-26 00:25:43.253 INFO in 'ProfileAnalyzerTest' at line 2069: [18.344197421737, 18.344197421737, 3, 100000, 113000, 140000, 172000, 1, 0, 0.04, 0, 'take_innsta_0.015', 9, 0, 27, 6.689231952950929, 18.344197421737, 46]
2017-11-26 00:25:43.253 INFO in 'ProfileAnalyzerTest' at line 2069: [18.456945508518988, 18.456945508518988, 3, 100000, 113000, 140000, 175000, 1, 0, 0.04, 0, 'take_innsta_0.015', 9, 0, 36, 7.536939556686867, 18.456945508518988, 45]
2017-11-26 00:25:43.255 INFO in 'ProfileAnalyzerTest' at line 2069: [23.065632207261924, 23.065632207261924, 3, 100000, 113000, 140000, 165000, 1, 0, 0.04, 0, 'take_innsta_0.015', 9, 0, 26, 6.392971785700434, 23.065632207261924, 45]
2017-11-26 00:25:43.255 INFO in 'ProfileAnalyzerTest' at line 2069: [23.298766783059815, 23.298766783059815, 3, 100000, 113000, 140000, 170000, 1, 0, 0.04, 0, 'take_innsta_0.015', 9, 0, 30, 6.625130591396586, 23.298766783059815, 47]
2017-11-26 00:25:43.255 INFO in 'ProfileAnalyzerTest' at line 2069: [10.564588195249671, 10.564588195249671, 3, 100000, 123000, 152000, 175000, 1, 0, 0.04, 0, 'take_innsta_0.03', 9, 20, 25, 5.54981129975524, 10.564588195249671, 64]
2017-11-26 00:25:43.255 INFO in 'ProfileAnalyzerTest' at line 2069: [12.705426742043457, 12.705426742043457, 3, 100000, 123000, 153000, 175000, 1, 0, 0.04, 0, 'take_innsta_0.03', 9, 20, 27, 5.373377718785747, 12.705426742043457, 64]
2017-11-26 00:25:43.256 INFO in 'ProfileAnalyzerTest' at line 2069: [13.651390538558708, 13.651390538558708, 3, 100000, 123000, 155000, 175000, 1, 0, 0.04, 0, 'take_innsta_0.03', 9, 20, 23, 5.342343274604108, 13.651390538558708, 68]
2017-11-26 00:25:43.256 INFO in 'ProfileAnalyzerTest' at line 2069: [15.33635032058399, 15.33635032058399, 3, 100000, 123000, 154000, 174000, 1, 0, 0.04, 0, 'take_innsta_0.03', 9, 20, 21, 5.226029705316154, 15.33635032058399, 64]
2017-11-26 00:25:43.256 INFO in 'ProfileAnalyzerTest' at line 2069: [15.827002595408112, 15.827002595408112, 3, 100000, 123000, 154000, 180000, 1, 0, 0.04, 0, 'take_innsta_0.03', 9, 20, 26, 5.458033351628893, 15.827002595408112, 65]
2017-11-26 00:25:43.256 INFO in 'ProfileAnalyzerTest' at line 2069: [23.331999778543615, 23.331999778543615, 3, 100000, 123000, 154000, 175000, 1, 0, 0.04, 0, 'take_innsta_0.03', 9, 20, 29, 5.717819492275747, 23.331999778543615, 64]
2017-11-26 00:25:43.256 INFO in 'ProfileAnalyzerTest' at line 2069: [21.173807354480587, 21.173807354480587, 3, 100000, 123000, 154000, 174000, 1, 0, 0.04, 0, 'take_innsta_0.02', 9, 20, 21, 5.635109696873214, 21.173807354480587, 64]
2017-11-26 00:25:43.256 INFO in 'ProfileAnalyzerTest' at line 2069: [24.188647326998193, 24.188647326998193, 3, 100000, 123000, 154000, 180000, 1, 0, 0.04, 0, 'take_innsta_0.02', 9, 20, 26, 5.971454644166652, 24.188647326998193, 65]
2017-11-26 00:25:43.256 INFO in 'ProfileAnalyzerTest' at line 2069: [30.60872733084206, 30.60872733084206, 3, 100000, 123000, 154000, 175000, 1, 0, 0.04, 0, 'take_innsta_0.02', 9, 20, 29, 6.055400827812942, 30.60872733084206, 64]
2017-11-26 00:25:43.256 INFO in 'ProfileAnalyzerTest' at line 2069: [16.80433465316457, 16.80433465316457, 3, 100000, 123000, 154000, 174000, 1, 0, 0.03, 0, 'take_innsta_0.02', 9, 27, 18, 5.362942289632221, 16.80433465316457, 67]
2017-11-26 00:25:43.256 INFO in 'ProfileAnalyzerTest' at line 2069: [21.11018989566011, 21.11018989566011, 3, 100000, 123000, 154000, 180000, 1, 0, 0.03, 0, 'take_innsta_0.02', 9, 27, 25, 5.758052987067601, 21.11018989566011, 68]
2017-11-26 00:25:43.256 INFO in 'ProfileAnalyzerTest' at line 2069: [24.315685899951784, 24.315685899951784, 3, 100000, 123000, 154000, 175000, 1, 0, 0.03, 0, 'take_innsta_0.02', 9, 27, 26, 5.784587627129489, 24.315685899951784, 67]
2017-11-26 00:25:43.257 INFO in 'ProfileAnalyzerTest' at line 2069: [11.071719320508032, 11.071719320508032, 3, 100000, 123000, 152000, 175000, 1, 0, 0.03, 0, 'take_innsta_0.03', 9, 20, 25, 5.6052042484421465, 11.071719320508032, 64]
2017-11-26 00:25:43.257 INFO in 'ProfileAnalyzerTest' at line 2069: [13.730425177874261, 13.730425177874261, 3, 100000, 123000, 153000, 175000, 1, 0, 0.03, 0, 'take_innsta_0.03', 9, 20, 27, 5.466886017901913, 13.730425177874261, 64]
2017-11-26 00:25:43.257 INFO in 'ProfileAnalyzerTest' at line 2069: [14.319376897104092, 14.319376897104092, 3, 100000, 123000, 155000, 175000, 1, 0, 0.03, 0, 'take_innsta_0.03', 9, 20, 23, 5.405858520148057, 14.319376897104092, 68]
2017-11-26 00:25:43.257 INFO in 'ProfileAnalyzerTest' at line 2069: [16.182782874844, 16.182782874844, 3, 100000, 123000, 154000, 174000, 1, 0, 0.03, 0, 'take_innsta_0.03', 9, 20, 21, 5.296681598079784, 16.182782874844, 64]
2017-11-26 00:25:43.257 INFO in 'ProfileAnalyzerTest' at line 2069: [17.92449624037094, 17.92449624037094, 3, 100000, 123000, 154000, 180000, 1, 0, 0.03, 0, 'take_innsta_0.03', 9, 20, 26, 5.618915720540462, 17.92449624037094, 65]
2017-11-26 00:25:43.259 INFO in 'ProfileAnalyzerTest' at line 2069: [24.619722330240943, 24.619722330240943, 3, 100000, 123000, 154000, 175000, 1, 0, 0.03, 0, 'take_innsta_0.03', 9, 20, 29, 5.788471385039375, 24.619722330240943, 64]
2017-11-26 00:25:43.259 INFO in 'ProfileAnalyzerTest' at line 2069: [23.293654400818273, 23.293654400818273, 3, 100000, 123000, 154000, 174000, 1, 0, 0.03, 0, 'take_innsta_0.02', 9, 20, 21, 5.7456540859077165, 23.293654400818273, 64]
2017-11-26 00:25:43.259 INFO in 'ProfileAnalyzerTest' at line 2069: [26.965947603188145, 26.965947603188145, 3, 100000, 123000, 154000, 180000, 1, 0, 0.03, 0, 'take_innsta_0.02', 9, 20, 26, 6.09961184631639, 26.965947603188145, 65]
2017-11-26 00:25:43.259 INFO in 'ProfileAnalyzerTest' at line 2069: [34.12317052068044, 34.12317052068044, 3, 100000, 123000, 154000, 175000, 1, 0, 0.03, 0, 'take_innsta_0.02', 9, 20, 29, 6.183558029962681, 34.12317052068044, 64]
2017-11-26 00:25:43.259 INFO in 'ProfileAnalyzerTest' at line 2069: [21.173807354480587, 21.173807354480587, 3, 100000, 123000, 154000, 174000, 1, 0, 0.04, 0, 'take_innsta_0.02', 9, 20, 21, 5.635109696873214, 21.173807354480587, 64]
2017-11-26 00:25:43.259 INFO in 'ProfileAnalyzerTest' at line 2069: [24.188647326998193, 24.188647326998193, 3, 100000, 123000, 154000, 180000, 1, 0, 0.04, 0, 'take_innsta_0.02', 9, 20, 26, 5.971454644166652, 24.188647326998193, 65]
2017-11-26 00:25:43.259 INFO in 'ProfileAnalyzerTest' at line 2069: [30.60872733084206, 30.60872733084206, 3, 100000, 123000, 154000, 175000, 1, 0, 0.04, 0, 'take_innsta_0.02', 9, 20, 29, 6.055400827812942, 30.60872733084206, 64]
2017-11-26 00:25:43.259 INFO in 'ProfileAnalyzerTest' at line 2069: [23.293654400818273, 23.293654400818273, 3, 100000, 123000, 154000, 174000, 1, 0, 0.03, 0, 'take_innsta_0.02', 9, 20, 21, 5.7456540859077165, 23.293654400818273, 64]
2017-11-26 00:25:43.260 INFO in 'ProfileAnalyzerTest' at line 2069: [26.965947603188145, 26.965947603188145, 3, 100000, 123000, 154000, 180000, 1, 0, 0.03, 0, 'take_innsta_0.02', 9, 20, 26, 6.09961184631639, 26.965947603188145, 65]
2017-11-26 00:25:43.260 INFO in 'ProfileAnalyzerTest' at line 2069: [34.12317052068044, 34.12317052068044, 3, 100000, 123000, 154000, 175000, 1, 0, 0.03, 0, 'take_innsta_0.02', 9, 20, 29, 6.183558029962681, 34.12317052068044, 64]
2017-11-26 00:25:48.515 INFO in 'ProfileAnalyzerTest' at line 2023: AVG PVV 0.000809284828887
2017-11-26 00:25:48.517 INFO in 'ProfileAnalyzerTest' at line 2024: AVG Volume 0.00651585518813
2017-11-26 00:26:38.39 INFO in 'ProfileAnalyzerTest' at line 2069: [11.62229698677988, 11.62229698677988, 4, 100000, 102000, 104000, 153000, 1, 0, 0.04, 0, 'take_innsta_0.02', 14, 27, 17, 6.599659990143425, 11.62229698677988, 66]
2017-11-26 00:26:38.39 INFO in 'ProfileAnalyzerTest' at line 2069: [14.088893358711829, 14.088893358711829, 4, 100000, 102000, 104000, 164000, 1, 0, 0.04, 0, 'take_innsta_0.02', 14, 27, 15, 7.048187974188839, 14.088893358711829, 66]
2017-11-26 00:26:38.39 INFO in 'ProfileAnalyzerTest' at line 2069: [15.248836896946356, 15.248836896946356, 4, 100000, 102000, 104000, 170000, 1, 0, 0.04, 0, 'take_innsta_0.02', 14, 27, 13, 7.0937731111188205, 15.248836896946356, 66]
2017-11-26 00:26:38.39 INFO in 'ProfileAnalyzerTest' at line 2069: [16.75803517250848, 16.75803517250848, 4, 100000, 102000, 103000, 165000, 1, 0, 0.04, 0, 'take_innsta_0.02', 14, 27, 21, 7.840800824396548, 16.75803517250848, 66]
2017-11-26 00:26:38.39 INFO in 'ProfileAnalyzerTest' at line 2069: [17.63539599950795, 17.63539599950795, 4, 100000, 102000, 103000, 170000, 1, 0, 0.04, 0, 'take_innsta_0.02', 14, 27, 22, 7.882945695843877, 17.63539599950795, 67]
2017-11-26 00:26:38.39 INFO in 'ProfileAnalyzerTest' at line 2069: [18.948767404060952, 18.948767404060952, 4, 100000, 102000, 104000, 165000, 1, 0, 0.04, 0, 'take_innsta_0.02', 14, 27, 13, 7.304600342884815, 18.948767404060952, 66]
2017-11-26 00:26:38.39 INFO in 'ProfileAnalyzerTest' at line 2069: [23.136151889270913, 23.136151889270913, 4, 100000, 102000, 104000, 173000, 1, 0, 0.04, 0, 'take_innsta_0.02', 14, 27, 15, 7.707658521400462, 23.136151889270913, 66]
2017-11-26 00:26:38.40 INFO in 'ProfileAnalyzerTest' at line 2069: [23.64225182855697, 23.64225182855697, 4, 100000, 102000, 104000, 174000, 1, 0, 0.04, 0, 'take_innsta_0.02', 14, 27, 13, 7.940186731089753, 23.64225182855697, 66]
2017-11-26 00:26:38.40 INFO in 'ProfileAnalyzerTest' at line 2069: [24.00814824157591, 24.00814824157591, 4, 100000, 102000, 103000, 174000, 1, 0, 0.04, 0, 'take_innsta_0.02', 14, 27, 19, 8.426491551938474, 24.00814824157591, 66]
2017-11-26 00:26:38.40 INFO in 'ProfileAnalyzerTest' at line 2069: [24.133145572152838, 24.133145572152838, 4, 100000, 102000, 103000, 173000, 1, 0, 0.04, 0, 'take_innsta_0.02', 14, 27, 19, 8.242567308278522, 24.133145572152838, 66]
2017-11-26 00:26:38.40 INFO in 'ProfileAnalyzerTest' at line 2069: [26.625919365686446, 26.625919365686446, 4, 100000, 102000, 104000, 171000, 1, 0, 0.04, 0, 'take_innsta_0.02', 14, 27, 13, 7.620915866344953, 26.625919365686446, 66]
2017-11-26 00:26:38.40 INFO in 'ProfileAnalyzerTest' at line 2069: [27.344224538897542, 27.344224538897542, 4, 100000, 102000, 104000, 175000, 1, 0, 0.04, 0, 'take_innsta_0.02', 14, 27, 15, 8.20007381540132, 27.344224538897542, 66]
2017-11-26 00:26:38.40 INFO in 'ProfileAnalyzerTest' at line 2069: [27.581236625910186, 27.581236625910186, 4, 100000, 102000, 103000, 175000, 1, 0, 0.04, 0, 'take_innsta_0.02', 14, 27, 21, 8.679520976105398, 27.581236625910186, 66]
2017-11-26 00:26:38.42 INFO in 'ProfileAnalyzerTest' at line 2069: [28.456475661508495, 28.456475661508495, 4, 100000, 102000, 104000, 180000, 1, 0, 0.04, 0, 'take_innsta_0.02', 14, 27, 17, 8.558323134862077, 28.456475661508495, 66]
2017-11-26 00:26:38.42 INFO in 'ProfileAnalyzerTest' at line 2069: [29.661919921939017, 29.661919921939017, 4, 100000, 102000, 103000, 171000, 1, 0, 0.04, 0, 'take_innsta_0.02', 14, 27, 20, 8.333595537358105, 29.661919921939017, 67]
2017-11-26 00:26:38.42 INFO in 'ProfileAnalyzerTest' at line 2069: [32.73567594157838, 32.73567594157838, 4, 100000, 102000, 103000, 172000, 1, 0, 0.04, 0, 'take_innsta_0.02', 14, 27, 21, 8.458223133809872, 32.73567594157838, 66]
2017-11-26 00:26:38.42 INFO in 'ProfileAnalyzerTest' at line 2069: [34.83357737200196, 34.83357737200196, 4, 100000, 102000, 103000, 180000, 1, 0, 0.04, 0, 'take_innsta_0.02', 14, 27, 23, 9.141767892092483, 34.83357737200196, 66]
2017-11-26 00:26:38.42 INFO in 'ProfileAnalyzerTest' at line 2069: [34.90075378490139, 34.90075378490139, 4, 100000, 102000, 104000, 172000, 1, 0, 0.04, 0, 'take_innsta_0.02', 14, 27, 13, 8.001500789475209, 34.90075378490139, 66]
2017-11-26 00:26:38.42 INFO in 'ProfileAnalyzerTest' at line 2069: [11.62229698677988, 11.62229698677988, 4, 100000, 102000, 104000, 153000, 1, 0, 0.04, 0, 'take_innsta_0.02', 14, 27, 17, 6.599659990143425, 11.62229698677988, 66]
2017-11-26 00:26:38.42 INFO in 'ProfileAnalyzerTest' at line 2069: [14.088893358711829, 14.088893358711829, 4, 100000, 102000, 104000, 164000, 1, 0, 0.04, 0, 'take_innsta_0.02', 14, 27, 15, 7.048187974188839, 14.088893358711829, 66]
2017-11-26 00:26:38.42 INFO in 'ProfileAnalyzerTest' at line 2069: [15.248836896946356, 15.248836896946356, 4, 100000, 102000, 104000, 170000, 1, 0, 0.04, 0, 'take_innsta_0.02', 14, 27, 13, 7.0937731111188205, 15.248836896946356, 66]
2017-11-26 00:26:38.42 INFO in 'ProfileAnalyzerTest' at line 2069: [16.75803517250848, 16.75803517250848, 4, 100000, 102000, 103000, 165000, 1, 0, 0.04, 0, 'take_innsta_0.02', 14, 27, 21, 7.840800824396548, 16.75803517250848, 66]
2017-11-26 00:26:38.42 INFO in 'ProfileAnalyzerTest' at line 2069: [17.63539599950795, 17.63539599950795, 4, 100000, 102000, 103000, 170000, 1, 0, 0.04, 0, 'take_innsta_0.02', 14, 27, 22, 7.882945695843877, 17.63539599950795, 67]
2017-11-26 00:26:38.43 INFO in 'ProfileAnalyzerTest' at line 2069: [18.948767404060952, 18.948767404060952, 4, 100000, 102000, 104000, 165000, 1, 0, 0.04, 0, 'take_innsta_0.02', 14, 27, 13, 7.304600342884815, 18.948767404060952, 66]
2017-11-26 00:26:38.43 INFO in 'ProfileAnalyzerTest' at line 2069: [23.136151889270913, 23.136151889270913, 4, 100000, 102000, 104000, 173000, 1, 0, 0.04, 0, 'take_innsta_0.02', 14, 27, 15, 7.707658521400462, 23.136151889270913, 66]
2017-11-26 00:26:38.43 INFO in 'ProfileAnalyzerTest' at line 2069: [23.64225182855697, 23.64225182855697, 4, 100000, 102000, 104000, 174000, 1, 0, 0.04, 0, 'take_innsta_0.02', 14, 27, 13, 7.940186731089753, 23.64225182855697, 66]
2017-11-26 00:26:38.43 INFO in 'ProfileAnalyzerTest' at line 2069: [24.00814824157591, 24.00814824157591, 4, 100000, 102000, 103000, 174000, 1, 0, 0.04, 0, 'take_innsta_0.02', 14, 27, 19, 8.426491551938474, 24.00814824157591, 66]
2017-11-26 00:26:38.43 INFO in 'ProfileAnalyzerTest' at line 2069: [24.133145572152838, 24.133145572152838, 4, 100000, 102000, 103000, 173000, 1, 0, 0.04, 0, 'take_innsta_0.02', 14, 27, 19, 8.242567308278522, 24.133145572152838, 66]
2017-11-26 00:26:38.45 INFO in 'ProfileAnalyzerTest' at line 2069: [26.625919365686446, 26.625919365686446, 4, 100000, 102000, 104000, 171000, 1, 0, 0.04, 0, 'take_innsta_0.02', 14, 27, 13, 7.620915866344953, 26.625919365686446, 66]
2017-11-26 00:26:38.45 INFO in 'ProfileAnalyzerTest' at line 2069: [27.344224538897542, 27.344224538897542, 4, 100000, 102000, 104000, 175000, 1, 0, 0.04, 0, 'take_innsta_0.02', 14, 27, 15, 8.20007381540132, 27.344224538897542, 66]
2017-11-26 00:26:38.45 INFO in 'ProfileAnalyzerTest' at line 2069: [27.581236625910186, 27.581236625910186, 4, 100000, 102000, 103000, 175000, 1, 0, 0.04, 0, 'take_innsta_0.02', 14, 27, 21, 8.679520976105398, 27.581236625910186, 66]
2017-11-26 00:26:38.45 INFO in 'ProfileAnalyzerTest' at line 2069: [28.456475661508495, 28.456475661508495, 4, 100000, 102000, 104000, 180000, 1, 0, 0.04, 0, 'take_innsta_0.02', 14, 27, 17, 8.558323134862077, 28.456475661508495, 66]
2017-11-26 00:26:38.45 INFO in 'ProfileAnalyzerTest' at line 2069: [29.661919921939017, 29.661919921939017, 4, 100000, 102000, 103000, 171000, 1, 0, 0.04, 0, 'take_innsta_0.02', 14, 27, 20, 8.333595537358105, 29.661919921939017, 67]
2017-11-26 00:26:38.45 INFO in 'ProfileAnalyzerTest' at line 2069: [32.73567594157838, 32.73567594157838, 4, 100000, 102000, 103000, 172000, 1, 0, 0.04, 0, 'take_innsta_0.02', 14, 27, 21, 8.458223133809872, 32.73567594157838, 66]
2017-11-26 00:26:38.46 INFO in 'ProfileAnalyzerTest' at line 2069: [34.83357737200196, 34.83357737200196, 4, 100000, 102000, 103000, 180000, 1, 0, 0.04, 0, 'take_innsta_0.02', 14, 27, 23, 9.141767892092483, 34.83357737200196, 66]
2017-11-26 00:26:38.46 INFO in 'ProfileAnalyzerTest' at line 2069: [34.90075378490139, 34.90075378490139, 4, 100000, 102000, 104000, 172000, 1, 0, 0.04, 0, 'take_innsta_0.02', 14, 27, 13, 8.001500789475209, 34.90075378490139, 66]
2017-11-26 00:26:38.46 INFO in 'ProfileAnalyzerTest' at line 2069: [11.62229698677988, 11.62229698677988, 4, 100000, 102000, 104000, 153000, 1, 0, 0.04, 0, 'take_innsta_0.02', 14, 27, 17, 6.599659990143425, 11.62229698677988, 66]
2017-11-26 00:26:38.46 INFO in 'ProfileAnalyzerTest' at line 2069: [14.088893358711829, 14.088893358711829, 4, 100000, 102000, 104000, 164000, 1, 0, 0.04, 0, 'take_innsta_0.02', 14, 27, 15, 7.048187974188839, 14.088893358711829, 66]
2017-11-26 00:26:38.46 INFO in 'ProfileAnalyzerTest' at line 2069: [15.248836896946356, 15.248836896946356, 4, 100000, 102000, 104000, 170000, 1, 0, 0.04, 0, 'take_innsta_0.02', 14, 27, 13, 7.0937731111188205, 15.248836896946356, 66]
2017-11-26 00:26:38.46 INFO in 'ProfileAnalyzerTest' at line 2069: [16.75803517250848, 16.75803517250848, 4, 100000, 102000, 103000, 165000, 1, 0, 0.04, 0, 'take_innsta_0.02', 14, 27, 21, 7.840800824396548, 16.75803517250848, 66]
2017-11-26 00:26:38.46 INFO in 'ProfileAnalyzerTest' at line 2069: [17.63539599950795, 17.63539599950795, 4, 100000, 102000, 103000, 170000, 1, 0, 0.04, 0, 'take_innsta_0.02', 14, 27, 22, 7.882945695843877, 17.63539599950795, 67]
2017-11-26 00:26:38.46 INFO in 'ProfileAnalyzerTest' at line 2069: [18.948767404060952, 18.948767404060952, 4, 100000, 102000, 104000, 165000, 1, 0, 0.04, 0, 'take_innsta_0.02', 14, 27, 13, 7.304600342884815, 18.948767404060952, 66]
2017-11-26 00:26:38.46 INFO in 'ProfileAnalyzerTest' at line 2069: [23.136151889270913, 23.136151889270913, 4, 100000, 102000, 104000, 173000, 1, 0, 0.04, 0, 'take_innsta_0.02', 14, 27, 15, 7.707658521400462, 23.136151889270913, 66]
2017-11-26 00:26:38.46 INFO in 'ProfileAnalyzerTest' at line 2069: [23.64225182855697, 23.64225182855697, 4, 100000, 102000, 104000, 174000, 1, 0, 0.04, 0, 'take_innsta_0.02', 14, 27, 13, 7.940186731089753, 23.64225182855697, 66]
2017-11-26 00:26:38.48 INFO in 'ProfileAnalyzerTest' at line 2069: [24.00814824157591, 24.00814824157591, 4, 100000, 102000, 103000, 174000, 1, 0, 0.04, 0, 'take_innsta_0.02', 14, 27, 19, 8.426491551938474, 24.00814824157591, 66]
2017-11-26 00:26:38.48 INFO in 'ProfileAnalyzerTest' at line 2069: [24.133145572152838, 24.133145572152838, 4, 100000, 102000, 103000, 173000, 1, 0, 0.04, 0, 'take_innsta_0.02', 14, 27, 19, 8.242567308278522, 24.133145572152838, 66]
2017-11-26 00:26:38.48 INFO in 'ProfileAnalyzerTest' at line 2069: [26.625919365686446, 26.625919365686446, 4, 100000, 102000, 104000, 171000, 1, 0, 0.04, 0, 'take_innsta_0.02', 14, 27, 13, 7.620915866344953, 26.625919365686446, 66]
2017-11-26 00:26:38.48 INFO in 'ProfileAnalyzerTest' at line 2069: [27.344224538897542, 27.344224538897542, 4, 100000, 102000, 104000, 175000, 1, 0, 0.04, 0, 'take_innsta_0.02', 14, 27, 15, 8.20007381540132, 27.344224538897542, 66]
2017-11-26 00:26:38.48 INFO in 'ProfileAnalyzerTest' at line 2069: [27.581236625910186, 27.581236625910186, 4, 100000, 102000, 103000, 175000, 1, 0, 0.04, 0, 'take_innsta_0.02', 14, 27, 21, 8.679520976105398, 27.581236625910186, 66]
2017-11-26 00:26:38.49 INFO in 'ProfileAnalyzerTest' at line 2069: [28.456475661508495, 28.456475661508495, 4, 100000, 102000, 104000, 180000, 1, 0, 0.04, 0, 'take_innsta_0.02', 14, 27, 17, 8.558323134862077, 28.456475661508495, 66]
2017-11-26 00:26:38.49 INFO in 'ProfileAnalyzerTest' at line 2069: [29.661919921939017, 29.661919921939017, 4, 100000, 102000, 103000, 171000, 1, 0, 0.04, 0, 'take_innsta_0.02', 14, 27, 20, 8.333595537358105, 29.661919921939017, 67]
2017-11-26 00:26:38.49 INFO in 'ProfileAnalyzerTest' at line 2069: [32.73567594157838, 32.73567594157838, 4, 100000, 102000, 103000, 172000, 1, 0, 0.04, 0, 'take_innsta_0.02', 14, 27, 21, 8.458223133809872, 32.73567594157838, 66]
2017-11-26 00:26:38.49 INFO in 'ProfileAnalyzerTest' at line 2069: [34.83357737200196, 34.83357737200196, 4, 100000, 102000, 103000, 180000, 1, 0, 0.04, 0, 'take_innsta_0.02', 14, 27, 23, 9.141767892092483, 34.83357737200196, 66]
2017-11-26 00:26:38.49 INFO in 'ProfileAnalyzerTest' at line 2069: [34.90075378490139, 34.90075378490139, 4, 100000, 102000, 104000, 172000, 1, 0, 0.04, 0, 'take_innsta_0.02', 14, 27, 13, 8.001500789475209, 34.90075378490139, 66]
2017-11-26 00:26:38.49 INFO in 'ProfileAnalyzerTest' at line 2069: [10.990766875847795, 10.990766875847795, 4, 100000, 102000, 104000, 160000, 1, 0, 0.04, 0, 'take_innsta_0.015', 14, 27, 19, 6.217022321768016, 10.990766875847795, 66]
2017-11-26 00:26:38.49 INFO in 'ProfileAnalyzerTest' at line 2069: [12.633905230884857, 12.633905230884857, 4, 100000, 102000, 104000, 155000, 1, 0, 0.04, 0, 'take_innsta_0.015', 14, 27, 17, 6.251428611804061, 12.633905230884857, 66]
2017-11-26 00:26:38.49 INFO in 'ProfileAnalyzerTest' at line 2069: [13.895521556362983, 13.895521556362983, 4, 100000, 102000, 104000, 153000, 1, 0, 0.04, 0, 'take_innsta_0.015', 14, 27, 19, 6.323682816200476, 13.895521556362983, 66]
2017-11-26 00:26:38.49 INFO in 'ProfileAnalyzerTest' at line 2069: [17.668597133459198, 17.668597133459198, 4, 100000, 102000, 104000, 164000, 1, 0, 0.04, 0, 'take_innsta_0.015', 14, 27, 19, 6.698314549802042, 17.668597133459198, 66]
2017-11-26 00:26:38.49 INFO in 'ProfileAnalyzerTest' at line 2069: [24.064000217337785, 24.064000217337785, 4, 100000, 102000, 104000, 165000, 1, 0, 0.04, 0, 'take_innsta_0.015', 14, 27, 17, 6.986134976802799, 24.064000217337785, 66]
2017-11-26 00:26:38.49 INFO in 'ProfileAnalyzerTest' at line 2069: [25.19175799172508, 25.19175799172508, 4, 100000, 102000, 104000, 170000, 1, 0, 0.04, 0, 'take_innsta_0.015', 14, 27, 19, 7.013719065219287, 25.19175799172508, 66]
2017-11-26 00:26:38.51 INFO in 'ProfileAnalyzerTest' at line 2069: [30.319215096836356, 30.319215096836356, 4, 100000, 102000, 104000, 173000, 1, 0, 0.04, 0, 'take_innsta_0.015', 14, 27, 21, 7.393915459319803, 30.319215096836356, 66]
2017-11-26 00:26:38.51 INFO in 'ProfileAnalyzerTest' at line 2069: [31.104590336499843, 31.104590336499843, 4, 100000, 102000, 104000, 174000, 1, 0, 0.04, 0, 'take_innsta_0.015', 14, 27, 19, 7.6270166724296615, 31.104590336499843, 66]
2017-11-26 00:26:38.51 INFO in 'ProfileAnalyzerTest' at line 2069: [36.153424883844934, 36.153424883844934, 4, 100000, 102000, 104000, 180000, 1, 0, 0.04, 0, 'take_innsta_0.015', 14, 27, 23, 8.187580553205857, 36.153424883844934, 66]
2017-11-26 00:26:38.51 INFO in 'ProfileAnalyzerTest' at line 2069: [38.44938544809475, 38.44938544809475, 4, 100000, 102000, 104000, 175000, 1, 0, 0.04, 0, 'take_innsta_0.015', 14, 27, 21, 7.881889251085614, 38.44938544809475, 66]
2017-11-26 00:26:38.51 INFO in 'ProfileAnalyzerTest' at line 2069: [41.9742321524968, 41.9742321524968, 4, 100000, 102000, 104000, 171000, 1, 0, 0.04, 0, 'take_innsta_0.015', 14, 27, 19, 7.47662174538368, 41.9742321524968, 66]
2017-11-26 00:26:38.52 INFO in 'ProfileAnalyzerTest' at line 2069: [45.231670462784635, 45.231670462784635, 4, 100000, 102000, 104000, 172000, 1, 0, 0.04, 0, 'take_innsta_0.015', 14, 27, 19, 7.6698588158476575, 45.231670462784635, 66]
2017-11-26 00:26:38.52 INFO in 'ProfileAnalyzerTest' at line 2069: [11.29717123697097, 11.29717123697097, 4, 100000, 102000, 103000, 174000, 1, 0, 0.02, 0, 'take_innsta_0.02', 14, 27, 17, 7.185494889325472, 11.29717123697097, 66]
2017-11-26 00:26:38.52 INFO in 'ProfileAnalyzerTest' at line 2069: [11.404322843660612, 11.404322843660612, 4, 100000, 102000, 120000, 180000, 1, 0, 0.02, 0, 'take_innsta_0.02', 14, 27, 25, 6.169394804356044, 11.404322843660612, 66]
2017-11-26 00:26:38.52 INFO in 'ProfileAnalyzerTest' at line 2069: [11.733132709593116, 11.733132709593116, 4, 100000, 102000, 105000, 172000, 1, 0, 0.02, 0, 'take_innsta_0.02', 14, 27, 17, 6.518504897734833, 11.733132709593116, 66]
2017-11-26 00:26:38.52 INFO in 'ProfileAnalyzerTest' at line 2069: [13.230099549024992, 13.230099549024992, 4, 100000, 102000, 104000, 165000, 1, 0, 0.02, 0, 'take_innsta_0.02', 14, 27, 13, 7.074990950409083, 13.230099549024992, 66]
2017-11-26 00:26:38.52 INFO in 'ProfileAnalyzerTest' at line 2069: [13.257300305708101, 13.257300305708101, 4, 100000, 102000, 103000, 171000, 1, 0, 0.02, 0, 'take_innsta_0.02', 14, 27, 18, 7.073585772890224, 13.257300305708101, 67]
2017-11-26 00:26:38.52 INFO in 'ProfileAnalyzerTest' at line 2069: [13.55766335879694, 13.55766335879694, 4, 100000, 102000, 104000, 170000, 1, 0, 0.02, 0, 'take_innsta_0.02', 14, 27, 13, 7.064600254398293, 13.55766335879694, 66]
2017-11-26 00:26:38.52 INFO in 'ProfileAnalyzerTest' at line 2069: [13.788181163400116, 13.788181163400116, 4, 100000, 102000, 103000, 172000, 1, 0, 0.02, 0, 'take_innsta_0.02', 14, 27, 19, 7.128622779190478, 13.788181163400116, 66]
2017-11-26 00:26:38.52 INFO in 'ProfileAnalyzerTest' at line 2069: [14.34881606223547, 14.34881606223547, 4, 100000, 102000, 103000, 175000, 1, 0, 0.02, 0, 'take_innsta_0.02', 14, 27, 19, 7.488583035432491, 14.34881606223547, 66]
2017-11-26 00:26:38.53 INFO in 'ProfileAnalyzerTest' at line 2069: [21.264215886504413, 21.264215886504413, 4, 100000, 102000, 103000, 180000, 1, 0, 0.02, 0, 'take_innsta_0.02', 14, 27, 21, 8.03288213996942, 21.264215886504413, 66]
2017-11-26 00:26:38.53 INFO in 'ProfileAnalyzerTest' at line 2069: [21.684171252877515, 21.684171252877515, 4, 100000, 102000, 104000, 173000, 1, 0, 0.02, 0, 'take_innsta_0.02', 14, 27, 15, 7.629844746076959, 21.684171252877515, 66]
2017-11-26 00:26:38.53 INFO in 'ProfileAnalyzerTest' at line 2069: [22.275259408886342, 22.275259408886342, 4, 100000, 102000, 104000, 171000, 1, 0, 0.02, 0, 'take_innsta_0.02', 14, 27, 13, 7.545556350487016, 22.275259408886342, 66]
2017-11-26 00:26:38.53 INFO in 'ProfileAnalyzerTest' at line 2069: [30.04023257159445, 30.04023257159445, 4, 100000, 102000, 104000, 174000, 1, 0, 0.02, 0, 'take_innsta_0.02', 14, 27, 13, 8.038159435311158, 30.04023257159445, 66]
2017-11-26 00:26:38.53 INFO in 'ProfileAnalyzerTest' at line 2069: [36.219310450121924, 36.219310450121924, 4, 100000, 102000, 104000, 172000, 1, 0, 0.02, 0, 'take_innsta_0.02', 14, 27, 13, 7.9564652566540826, 36.219310450121924, 66]
2017-11-26 00:26:38.53 INFO in 'ProfileAnalyzerTest' at line 2069: [38.17799573115462, 38.17799573115462, 4, 100000, 102000, 104000, 175000, 1, 0, 0.02, 0, 'take_innsta_0.02', 14, 27, 15, 8.358313034871866, 38.17799573115462, 66]
2017-11-26 00:26:38.55 INFO in 'ProfileAnalyzerTest' at line 2069: [43.377881764559746, 43.377881764559746, 4, 100000, 102000, 104000, 180000, 1, 0, 0.02, 0, 'take_innsta_0.02', 14, 27, 17, 8.66816307515309, 43.377881764559746, 66]
2017-11-26 00:26:38.55 INFO in 'ProfileAnalyzerTest' at line 2069: [11.29717123697097, 11.29717123697097, 4, 100000, 102000, 103000, 174000, 1, 0, 0.02, 0, 'take_innsta_0.02', 14, 27, 17, 7.185494889325472, 11.29717123697097, 66]
2017-11-26 00:26:38.55 INFO in 'ProfileAnalyzerTest' at line 2069: [11.404322843660612, 11.404322843660612, 4, 100000, 102000, 120000, 180000, 1, 0, 0.02, 0, 'take_innsta_0.02', 14, 27, 25, 6.169394804356044, 11.404322843660612, 66]
2017-11-26 00:26:38.55 INFO in 'ProfileAnalyzerTest' at line 2069: [11.733132709593116, 11.733132709593116, 4, 100000, 102000, 105000, 172000, 1, 0, 0.02, 0, 'take_innsta_0.02', 14, 27, 17, 6.518504897734833, 11.733132709593116, 66]
2017-11-26 00:26:38.55 INFO in 'ProfileAnalyzerTest' at line 2069: [13.230099549024992, 13.230099549024992, 4, 100000, 102000, 104000, 165000, 1, 0, 0.02, 0, 'take_innsta_0.02', 14, 27, 13, 7.074990950409083, 13.230099549024992, 66]
2017-11-26 00:26:38.55 INFO in 'ProfileAnalyzerTest' at line 2069: [13.257300305708101, 13.257300305708101, 4, 100000, 102000, 103000, 171000, 1, 0, 0.02, 0, 'take_innsta_0.02', 14, 27, 18, 7.073585772890224, 13.257300305708101, 67]
2017-11-26 00:26:38.55 INFO in 'ProfileAnalyzerTest' at line 2069: [13.55766335879694, 13.55766335879694, 4, 100000, 102000, 104000, 170000, 1, 0, 0.02, 0, 'take_innsta_0.02', 14, 27, 13, 7.064600254398293, 13.55766335879694, 66]
2017-11-26 00:26:38.55 INFO in 'ProfileAnalyzerTest' at line 2069: [13.788181163400116, 13.788181163400116, 4, 100000, 102000, 103000, 172000, 1, 0, 0.02, 0, 'take_innsta_0.02', 14, 27, 19, 7.128622779190478, 13.788181163400116, 66]
2017-11-26 00:26:38.55 INFO in 'ProfileAnalyzerTest' at line 2069: [14.34881606223547, 14.34881606223547, 4, 100000, 102000, 103000, 175000, 1, 0, 0.02, 0, 'take_innsta_0.02', 14, 27, 19, 7.488583035432491, 14.34881606223547, 66]
2017-11-26 00:26:38.55 INFO in 'ProfileAnalyzerTest' at line 2069: [21.264215886504413, 21.264215886504413, 4, 100000, 102000, 103000, 180000, 1, 0, 0.02, 0, 'take_innsta_0.02', 14, 27, 21, 8.03288213996942, 21.264215886504413, 66]
2017-11-26 00:26:38.56 INFO in 'ProfileAnalyzerTest' at line 2069: [21.684171252877515, 21.684171252877515, 4, 100000, 102000, 104000, 173000, 1, 0, 0.02, 0, 'take_innsta_0.02', 14, 27, 15, 7.629844746076959, 21.684171252877515, 66]
2017-11-26 00:26:38.56 INFO in 'ProfileAnalyzerTest' at line 2069: [22.275259408886342, 22.275259408886342, 4, 100000, 102000, 104000, 171000, 1, 0, 0.02, 0, 'take_innsta_0.02', 14, 27, 13, 7.545556350487016, 22.275259408886342, 66]
2017-11-26 00:26:38.56 INFO in 'ProfileAnalyzerTest' at line 2069: [30.04023257159445, 30.04023257159445, 4, 100000, 102000, 104000, 174000, 1, 0, 0.02, 0, 'take_innsta_0.02', 14, 27, 13, 8.038159435311158, 30.04023257159445, 66]
2017-11-26 00:26:38.56 INFO in 'ProfileAnalyzerTest' at line 2069: [36.219310450121924, 36.219310450121924, 4, 100000, 102000, 104000, 172000, 1, 0, 0.02, 0, 'take_innsta_0.02', 14, 27, 13, 7.9564652566540826, 36.219310450121924, 66]
2017-11-26 00:26:38.56 INFO in 'ProfileAnalyzerTest' at line 2069: [38.17799573115462, 38.17799573115462, 4, 100000, 102000, 104000, 175000, 1, 0, 0.02, 0, 'take_innsta_0.02', 14, 27, 15, 8.358313034871866, 38.17799573115462, 66]
2017-11-26 00:26:38.58 INFO in 'ProfileAnalyzerTest' at line 2069: [43.377881764559746, 43.377881764559746, 4, 100000, 102000, 104000, 180000, 1, 0, 0.02, 0, 'take_innsta_0.02', 14, 27, 17, 8.66816307515309, 43.377881764559746, 66]
2017-11-26 00:26:38.58 INFO in 'ProfileAnalyzerTest' at line 2069: [10.990766875847795, 10.990766875847795, 4, 100000, 102000, 104000, 160000, 1, 0, 0.04, 0, 'take_innsta_0.015', 14, 27, 19, 6.217022321768016, 10.990766875847795, 66]
2017-11-26 00:26:38.58 INFO in 'ProfileAnalyzerTest' at line 2069: [12.633905230884857, 12.633905230884857, 4, 100000, 102000, 104000, 155000, 1, 0, 0.04, 0, 'take_innsta_0.015', 14, 27, 17, 6.251428611804061, 12.633905230884857, 66]
2017-11-26 00:26:38.58 INFO in 'ProfileAnalyzerTest' at line 2069: [13.895521556362983, 13.895521556362983, 4, 100000, 102000, 104000, 153000, 1, 0, 0.04, 0, 'take_innsta_0.015', 14, 27, 19, 6.323682816200476, 13.895521556362983, 66]
2017-11-26 00:26:38.58 INFO in 'ProfileAnalyzerTest' at line 2069: [17.668597133459198, 17.668597133459198, 4, 100000, 102000, 104000, 164000, 1, 0, 0.04, 0, 'take_innsta_0.015', 14, 27, 19, 6.698314549802042, 17.668597133459198, 66]
2017-11-26 00:26:38.59 INFO in 'ProfileAnalyzerTest' at line 2069: [24.064000217337785, 24.064000217337785, 4, 100000, 102000, 104000, 165000, 1, 0, 0.04, 0, 'take_innsta_0.015', 14, 27, 17, 6.986134976802799, 24.064000217337785, 66]
2017-11-26 00:26:38.59 INFO in 'ProfileAnalyzerTest' at line 2069: [25.19175799172508, 25.19175799172508, 4, 100000, 102000, 104000, 170000, 1, 0, 0.04, 0, 'take_innsta_0.015', 14, 27, 19, 7.013719065219287, 25.19175799172508, 66]
2017-11-26 00:26:38.59 INFO in 'ProfileAnalyzerTest' at line 2069: [30.319215096836356, 30.319215096836356, 4, 100000, 102000, 104000, 173000, 1, 0, 0.04, 0, 'take_innsta_0.015', 14, 27, 21, 7.393915459319803, 30.319215096836356, 66]
2017-11-26 00:26:38.59 INFO in 'ProfileAnalyzerTest' at line 2069: [31.104590336499843, 31.104590336499843, 4, 100000, 102000, 104000, 174000, 1, 0, 0.04, 0, 'take_innsta_0.015', 14, 27, 19, 7.6270166724296615, 31.104590336499843, 66]
2017-11-26 00:26:38.59 INFO in 'ProfileAnalyzerTest' at line 2069: [36.153424883844934, 36.153424883844934, 4, 100000, 102000, 104000, 180000, 1, 0, 0.04, 0, 'take_innsta_0.015', 14, 27, 23, 8.187580553205857, 36.153424883844934, 66]
2017-11-26 00:26:38.59 INFO in 'ProfileAnalyzerTest' at line 2069: [38.44938544809475, 38.44938544809475, 4, 100000, 102000, 104000, 175000, 1, 0, 0.04, 0, 'take_innsta_0.015', 14, 27, 21, 7.881889251085614, 38.44938544809475, 66]
2017-11-26 00:26:38.59 INFO in 'ProfileAnalyzerTest' at line 2069: [41.9742321524968, 41.9742321524968, 4, 100000, 102000, 104000, 171000, 1, 0, 0.04, 0, 'take_innsta_0.015', 14, 27, 19, 7.47662174538368, 41.9742321524968, 66]
2017-11-26 00:26:38.59 INFO in 'ProfileAnalyzerTest' at line 2069: [45.231670462784635, 45.231670462784635, 4, 100000, 102000, 104000, 172000, 1, 0, 0.04, 0, 'take_innsta_0.015', 14, 27, 19, 7.6698588158476575, 45.231670462784635, 66]
2017-11-26 00:26:38.59 INFO in 'ProfileAnalyzerTest' at line 2069: [10.990766875847795, 10.990766875847795, 4, 100000, 102000, 104000, 160000, 1, 0, 0.04, 0, 'take_innsta_0.015', 14, 27, 19, 6.217022321768016, 10.990766875847795, 66]
2017-11-26 00:26:38.59 INFO in 'ProfileAnalyzerTest' at line 2069: [12.633905230884857, 12.633905230884857, 4, 100000, 102000, 104000, 155000, 1, 0, 0.04, 0, 'take_innsta_0.015', 14, 27, 17, 6.251428611804061, 12.633905230884857, 66]
2017-11-26 00:26:38.61 INFO in 'ProfileAnalyzerTest' at line 2069: [13.895521556362983, 13.895521556362983, 4, 100000, 102000, 104000, 153000, 1, 0, 0.04, 0, 'take_innsta_0.015', 14, 27, 19, 6.323682816200476, 13.895521556362983, 66]
2017-11-26 00:26:38.61 INFO in 'ProfileAnalyzerTest' at line 2069: [17.668597133459198, 17.668597133459198, 4, 100000, 102000, 104000, 164000, 1, 0, 0.04, 0, 'take_innsta_0.015', 14, 27, 19, 6.698314549802042, 17.668597133459198, 66]
2017-11-26 00:26:38.61 INFO in 'ProfileAnalyzerTest' at line 2069: [24.064000217337785, 24.064000217337785, 4, 100000, 102000, 104000, 165000, 1, 0, 0.04, 0, 'take_innsta_0.015', 14, 27, 17, 6.986134976802799, 24.064000217337785, 66]
2017-11-26 00:26:38.61 INFO in 'ProfileAnalyzerTest' at line 2069: [25.19175799172508, 25.19175799172508, 4, 100000, 102000, 104000, 170000, 1, 0, 0.04, 0, 'take_innsta_0.015', 14, 27, 19, 7.013719065219287, 25.19175799172508, 66]
2017-11-26 00:26:38.61 INFO in 'ProfileAnalyzerTest' at line 2069: [30.319215096836356, 30.319215096836356, 4, 100000, 102000, 104000, 173000, 1, 0, 0.04, 0, 'take_innsta_0.015', 14, 27, 21, 7.393915459319803, 30.319215096836356, 66]
2017-11-26 00:26:38.62 INFO in 'ProfileAnalyzerTest' at line 2069: [31.104590336499843, 31.104590336499843, 4, 100000, 102000, 104000, 174000, 1, 0, 0.04, 0, 'take_innsta_0.015', 14, 27, 19, 7.6270166724296615, 31.104590336499843, 66]
2017-11-26 00:26:38.62 INFO in 'ProfileAnalyzerTest' at line 2069: [36.153424883844934, 36.153424883844934, 4, 100000, 102000, 104000, 180000, 1, 0, 0.04, 0, 'take_innsta_0.015', 14, 27, 23, 8.187580553205857, 36.153424883844934, 66]
2017-11-26 00:26:38.62 INFO in 'ProfileAnalyzerTest' at line 2069: [38.44938544809475, 38.44938544809475, 4, 100000, 102000, 104000, 175000, 1, 0, 0.04, 0, 'take_innsta_0.015', 14, 27, 21, 7.881889251085614, 38.44938544809475, 66]
2017-11-26 00:26:38.62 INFO in 'ProfileAnalyzerTest' at line 2069: [41.9742321524968, 41.9742321524968, 4, 100000, 102000, 104000, 171000, 1, 0, 0.04, 0, 'take_innsta_0.015', 14, 27, 19, 7.47662174538368, 41.9742321524968, 66]
2017-11-26 00:26:38.62 INFO in 'ProfileAnalyzerTest' at line 2069: [45.231670462784635, 45.231670462784635, 4, 100000, 102000, 104000, 172000, 1, 0, 0.04, 0, 'take_innsta_0.015', 14, 27, 19, 7.6698588158476575, 45.231670462784635, 66]
2017-11-26 00:26:38.62 INFO in 'ProfileAnalyzerTest' at line 2069: [11.29717123697097, 11.29717123697097, 4, 100000, 102000, 103000, 174000, 1, 0, 0.02, 0, 'take_innsta_0.02', 14, 27, 17, 7.185494889325472, 11.29717123697097, 66]
2017-11-26 00:26:38.62 INFO in 'ProfileAnalyzerTest' at line 2069: [11.404322843660612, 11.404322843660612, 4, 100000, 102000, 120000, 180000, 1, 0, 0.02, 0, 'take_innsta_0.02', 14, 27, 25, 6.169394804356044, 11.404322843660612, 66]
2017-11-26 00:26:38.62 INFO in 'ProfileAnalyzerTest' at line 2069: [11.733132709593116, 11.733132709593116, 4, 100000, 102000, 105000, 172000, 1, 0, 0.02, 0, 'take_innsta_0.02', 14, 27, 17, 6.518504897734833, 11.733132709593116, 66]
2017-11-26 00:26:38.62 INFO in 'ProfileAnalyzerTest' at line 2069: [13.230099549024992, 13.230099549024992, 4, 100000, 102000, 104000, 165000, 1, 0, 0.02, 0, 'take_innsta_0.02', 14, 27, 13, 7.074990950409083, 13.230099549024992, 66]
2017-11-26 00:26:38.62 INFO in 'ProfileAnalyzerTest' at line 2069: [13.257300305708101, 13.257300305708101, 4, 100000, 102000, 103000, 171000, 1, 0, 0.02, 0, 'take_innsta_0.02', 14, 27, 18, 7.073585772890224, 13.257300305708101, 67]
2017-11-26 00:26:38.62 INFO in 'ProfileAnalyzerTest' at line 2069: [13.55766335879694, 13.55766335879694, 4, 100000, 102000, 104000, 170000, 1, 0, 0.02, 0, 'take_innsta_0.02', 14, 27, 13, 7.064600254398293, 13.55766335879694, 66]
2017-11-26 00:26:38.63 INFO in 'ProfileAnalyzerTest' at line 2069: [13.788181163400116, 13.788181163400116, 4, 100000, 102000, 103000, 172000, 1, 0, 0.02, 0, 'take_innsta_0.02', 14, 27, 19, 7.128622779190478, 13.788181163400116, 66]
2017-11-26 00:26:38.63 INFO in 'ProfileAnalyzerTest' at line 2069: [14.34881606223547, 14.34881606223547, 4, 100000, 102000, 103000, 175000, 1, 0, 0.02, 0, 'take_innsta_0.02', 14, 27, 19, 7.488583035432491, 14.34881606223547, 66]
2017-11-26 00:26:38.63 INFO in 'ProfileAnalyzerTest' at line 2069: [21.264215886504413, 21.264215886504413, 4, 100000, 102000, 103000, 180000, 1, 0, 0.02, 0, 'take_innsta_0.02', 14, 27, 21, 8.03288213996942, 21.264215886504413, 66]
2017-11-26 00:26:38.63 INFO in 'ProfileAnalyzerTest' at line 2069: [21.684171252877515, 21.684171252877515, 4, 100000, 102000, 104000, 173000, 1, 0, 0.02, 0, 'take_innsta_0.02', 14, 27, 15, 7.629844746076959, 21.684171252877515, 66]
2017-11-26 00:26:38.63 INFO in 'ProfileAnalyzerTest' at line 2069: [22.275259408886342, 22.275259408886342, 4, 100000, 102000, 104000, 171000, 1, 0, 0.02, 0, 'take_innsta_0.02', 14, 27, 13, 7.545556350487016, 22.275259408886342, 66]
2017-11-26 00:26:38.65 INFO in 'ProfileAnalyzerTest' at line 2069: [30.04023257159445, 30.04023257159445, 4, 100000, 102000, 104000, 174000, 1, 0, 0.02, 0, 'take_innsta_0.02', 14, 27, 13, 8.038159435311158, 30.04023257159445, 66]
2017-11-26 00:26:38.65 INFO in 'ProfileAnalyzerTest' at line 2069: [36.219310450121924, 36.219310450121924, 4, 100000, 102000, 104000, 172000, 1, 0, 0.02, 0, 'take_innsta_0.02', 14, 27, 13, 7.9564652566540826, 36.219310450121924, 66]
2017-11-26 00:26:38.65 INFO in 'ProfileAnalyzerTest' at line 2069: [38.17799573115462, 38.17799573115462, 4, 100000, 102000, 104000, 175000, 1, 0, 0.02, 0, 'take_innsta_0.02', 14, 27, 15, 8.358313034871866, 38.17799573115462, 66]
2017-11-26 00:26:38.65 INFO in 'ProfileAnalyzerTest' at line 2069: [43.377881764559746, 43.377881764559746, 4, 100000, 102000, 104000, 180000, 1, 0, 0.02, 0, 'take_innsta_0.02', 14, 27, 17, 8.66816307515309, 43.377881764559746, 66]
2017-11-26 00:26:38.65 INFO in 'ProfileAnalyzerTest' at line 2069: [10.990766875847795, 10.990766875847795, 4, 100000, 102000, 104000, 160000, 1, 0, 0.04, 0, 'take_innsta_0.015', 14, 27, 19, 6.217022321768016, 10.990766875847795, 66]
2017-11-26 00:26:38.65 INFO in 'ProfileAnalyzerTest' at line 2069: [12.633905230884857, 12.633905230884857, 4, 100000, 102000, 104000, 155000, 1, 0, 0.04, 0, 'take_innsta_0.015', 14, 27, 17, 6.251428611804061, 12.633905230884857, 66]
2017-11-26 00:26:38.65 INFO in 'ProfileAnalyzerTest' at line 2069: [13.895521556362983, 13.895521556362983, 4, 100000, 102000, 104000, 153000, 1, 0, 0.04, 0, 'take_innsta_0.015', 14, 27, 19, 6.323682816200476, 13.895521556362983, 66]
2017-11-26 00:26:38.65 INFO in 'ProfileAnalyzerTest' at line 2069: [17.668597133459198, 17.668597133459198, 4, 100000, 102000, 104000, 164000, 1, 0, 0.04, 0, 'take_innsta_0.015', 14, 27, 19, 6.698314549802042, 17.668597133459198, 66]
2017-11-26 00:26:38.65 INFO in 'ProfileAnalyzerTest' at line 2069: [24.064000217337785, 24.064000217337785, 4, 100000, 102000, 104000, 165000, 1, 0, 0.04, 0, 'take_innsta_0.015', 14, 27, 17, 6.986134976802799, 24.064000217337785, 66]
2017-11-26 00:26:38.65 INFO in 'ProfileAnalyzerTest' at line 2069: [25.19175799172508, 25.19175799172508, 4, 100000, 102000, 104000, 170000, 1, 0, 0.04, 0, 'take_innsta_0.015', 14, 27, 19, 7.013719065219287, 25.19175799172508, 66]
2017-11-26 00:26:38.65 INFO in 'ProfileAnalyzerTest' at line 2069: [30.319215096836356, 30.319215096836356, 4, 100000, 102000, 104000, 173000, 1, 0, 0.04, 0, 'take_innsta_0.015', 14, 27, 21, 7.393915459319803, 30.319215096836356, 66]
2017-11-26 00:26:38.66 INFO in 'ProfileAnalyzerTest' at line 2069: [31.104590336499843, 31.104590336499843, 4, 100000, 102000, 104000, 174000, 1, 0, 0.04, 0, 'take_innsta_0.015', 14, 27, 19, 7.6270166724296615, 31.104590336499843, 66]
2017-11-26 00:26:38.66 INFO in 'ProfileAnalyzerTest' at line 2069: [36.153424883844934, 36.153424883844934, 4, 100000, 102000, 104000, 180000, 1, 0, 0.04, 0, 'take_innsta_0.015', 14, 27, 23, 8.187580553205857, 36.153424883844934, 66]
2017-11-26 00:26:38.66 INFO in 'ProfileAnalyzerTest' at line 2069: [38.44938544809475, 38.44938544809475, 4, 100000, 102000, 104000, 175000, 1, 0, 0.04, 0, 'take_innsta_0.015', 14, 27, 21, 7.881889251085614, 38.44938544809475, 66]
2017-11-26 00:26:38.66 INFO in 'ProfileAnalyzerTest' at line 2069: [41.9742321524968, 41.9742321524968, 4, 100000, 102000, 104000, 171000, 1, 0, 0.04, 0, 'take_innsta_0.015', 14, 27, 19, 7.47662174538368, 41.9742321524968, 66]
2017-11-26 00:26:38.66 INFO in 'ProfileAnalyzerTest' at line 2069: [45.231670462784635, 45.231670462784635, 4, 100000, 102000, 104000, 172000, 1, 0, 0.04, 0, 'take_innsta_0.015', 14, 27, 19, 7.6698588158476575, 45.231670462784635, 66]
2017-11-26 00:26:38.68 INFO in 'ProfileAnalyzerTest' at line 2160: 259.781000137
