2018-01-05 08:34:35.430 INFO in 'ProfileAnalyzerTest' at line 2165: FEES_150105_170801.txt
2018-01-05 08:34:42.881 INFO in 'ProfileAnalyzerTest' at line 2176: AVG PVV 2.3109718618
2018-01-05 08:34:42.884 INFO in 'ProfileAnalyzerTest' at line 2177: AVG Volume -9.13323974584
2018-01-05 08:38:59.322 INFO in 'ProfileAnalyzerTest' at line 2222: [1.6121242975028098, 1.6121242975028098, 0, 100000, 102000, 114000, 144000, 1, 0, 0.04, 0, 'take_innsta_0.0075', 14, 27, 45, 3.8516005913493885, 1.6121242975028098, 1]
2018-01-05 08:38:59.322 INFO in 'ProfileAnalyzerTest' at line 2222: [1.7811297084408448, 1.7811297084408448, 0, 100000, 102000, 114000, 151000, 1, 0, 0.04, 0, 'take_innsta_0.0075', 14, 27, 55, 4.265034968550288, 1.7811297084408448, 1]
2018-01-05 08:38:59.322 INFO in 'ProfileAnalyzerTest' at line 2222: [1.8004175628967727, 1.8004175628967727, 0, 100000, 102000, 114000, 155000, 1, 0, 0.04, 0, 'take_innsta_0.0075', 14, 27, 56, 4.336282690884528, 1.8004175628967727, 0]
2018-01-05 08:38:59.325 INFO in 'ProfileAnalyzerTest' at line 2222: [1.8317849222606508, 1.8317849222606508, 0, 100000, 103000, 114000, 150000, 1, 0, 0.04, 0, 'take_innsta_0.0075', 14, 27, 50, 4.148647054522245, 1.8317849222606508, 2]
2018-01-05 08:38:59.325 INFO in 'ProfileAnalyzerTest' at line 2222: [2.3939452946761333, 2.3939452946761333, 0, 100000, 102000, 114000, 165000, 1, 0, 0.04, 0, 'take_innsta_0.0075', 14, 27, 59, 4.85435627197648, 2.3939452946761333, 1]
2018-01-05 08:38:59.325 INFO in 'ProfileAnalyzerTest' at line 2222: [2.477446905930451, 2.477446905930451, 0, 100000, 102000, 114000, 145000, 1, 0, 0.04, 0, 'take_innsta_0.0075', 14, 27, 51, 4.376555301239345, 2.477446905930451, 1]
2018-01-05 08:38:59.325 INFO in 'ProfileAnalyzerTest' at line 2222: [3.10992138810904, 3.10992138810904, 0, 100000, 102000, 114000, 154000, 1, 0, 0.04, 0, 'take_innsta_0.0075', 14, 27, 61, 4.737391556982341, 3.10992138810904, 1]
2018-01-05 08:38:59.325 INFO in 'ProfileAnalyzerTest' at line 2222: [3.3609041446937353, 3.3609041446937353, 0, 100000, 102000, 114000, 150000, 1, 0, 0.04, 0, 'take_innsta_0.0075', 14, 27, 50, 4.659183441239212, 3.3609041446937353, 2]
2018-01-05 08:38:59.325 INFO in 'ProfileAnalyzerTest' at line 2222: [3.3982607499242676, 3.3982607499242676, 0, 100000, 102000, 114000, 153000, 1, 0, 0.04, 0, 'take_innsta_0.0075', 14, 27, 58, 4.79037675718282, 3.3982607499242676, 2]
2018-01-05 08:38:59.325 INFO in 'ProfileAnalyzerTest' at line 2222: [1.520578860605076, 1.520578860605076, 0, 100000, 110000, 135000, 180000, 1, 0, 0.04, 0, 'take_innsta_0.015', 9, 0, 31, 5.961872442358395, 1.520578860605076, 1]
2018-01-05 08:38:59.325 INFO in 'ProfileAnalyzerTest' at line 2222: [1.5355141658476223, 1.5355141658476223, 0, 100000, 111000, 134000, 175000, 1, 0, 0.04, 0, 'take_innsta_0.015', 9, 0, 32, 5.927489278769545, 1.5355141658476223, 0]
2018-01-05 08:38:59.325 INFO in 'ProfileAnalyzerTest' at line 2222: [1.5827246730913664, 1.5827246730913664, 0, 100000, 110000, 140000, 175000, 1, 0, 0.04, 0, 'take_innsta_0.015', 9, 0, 30, 5.545544843907344, 1.5827246730913664, 2]
2018-01-05 08:38:59.325 INFO in 'ProfileAnalyzerTest' at line 2222: [1.7465038834785136, 1.7465038834785136, 0, 100000, 111000, 144000, 175000, 1, 0, 0.04, 0, 'take_innsta_0.015', 9, 0, 31, 4.88551139850065, 1.7465038834785136, 1]
2018-01-05 08:38:59.325 INFO in 'ProfileAnalyzerTest' at line 2222: [2.5947976441015808, 2.5947976441015808, 0, 100000, 110000, 134000, 175000, 1, 0, 0.04, 0, 'take_innsta_0.015', 9, 0, 34, 6.4708067935962355, 2.5947976441015808, 0]
2018-01-05 08:38:59.325 INFO in 'ProfileAnalyzerTest' at line 2222: [2.630424916525471, 2.630424916525471, 0, 100000, 110000, 134000, 180000, 1, 0, 0.04, 0, 'take_innsta_0.015', 9, 0, 29, 6.482075001551912, 2.630424916525471, 1]
2018-01-05 08:38:59.326 INFO in 'ProfileAnalyzerTest' at line 2222: [3.1842123629536743, 3.1842123629536743, 0, 100000, 110000, 134000, 170000, 1, 0, 0.04, 0, 'take_innsta_0.015', 9, 0, 33, 6.223236360037731, 3.1842123629536743, 1]
2018-01-05 08:38:59.326 INFO in 'ProfileAnalyzerTest' at line 2222: [1.5659895677365447, 1.5659895677365447, 0, 100000, 110000, 134000, 165000, 1, 0, 0.04, 0, 'take_innsta_0.02', 9, 0, 33, 5.554140390044791, 1.5659895677365447, 1]
2018-01-05 08:38:59.326 INFO in 'ProfileAnalyzerTest' at line 2222: [1.6177494395598733, 1.6177494395598733, 0, 100000, 111000, 135000, 175000, 1, 0, 0.04, 0, 'take_innsta_0.02', 9, 0, 28, 6.486606477883093, 1.6177494395598733, 0]
2018-01-05 08:38:59.326 INFO in 'ProfileAnalyzerTest' at line 2222: [2.2078996051522775, 2.2078996051522775, 0, 100000, 111000, 134000, 175000, 1, 0, 0.04, 0, 'take_innsta_0.02', 9, 0, 32, 6.595494285711914, 2.2078996051522775, 0]
2018-01-05 08:38:59.326 INFO in 'ProfileAnalyzerTest' at line 2222: [2.320552657998529, 2.320552657998529, 0, 100000, 110000, 135000, 170000, 1, 0, 0.04, 0, 'take_innsta_0.02', 9, 0, 27, 6.12277313956046, 2.320552657998529, 1]
2018-01-05 08:38:59.326 INFO in 'ProfileAnalyzerTest' at line 2222: [2.9120872358245915, 2.9120872358245915, 0, 100000, 110000, 134000, 175000, 1, 0, 0.04, 0, 'take_innsta_0.02', 9, 0, 34, 6.838594161265206, 2.9120872358245915, 0]
2018-01-05 08:38:59.328 INFO in 'ProfileAnalyzerTest' at line 2222: [3.074177927850096, 3.074177927850096, 0, 100000, 110000, 135000, 175000, 1, 0, 0.04, 0, 'take_innsta_0.02', 9, 0, 32, 6.976919840421816, 3.074177927850096, 0]
2018-01-05 08:38:59.328 INFO in 'ProfileAnalyzerTest' at line 2222: [3.285139286710417, 3.285139286710417, 0, 100000, 110000, 135000, 180000, 1, 0, 0.04, 0, 'take_innsta_0.02', 9, 0, 31, 7.137620247652309, 3.285139286710417, 1]
2018-01-05 08:38:59.328 INFO in 'ProfileAnalyzerTest' at line 2222: [3.3698327355100415, 3.3698327355100415, 0, 100000, 110000, 134000, 180000, 1, 0, 0.04, 0, 'take_innsta_0.02', 9, 0, 31, 6.981691049481354, 3.3698327355100415, 1]
2018-01-05 08:38:59.328 INFO in 'ProfileAnalyzerTest' at line 2222: [3.900207663086145, 3.900207663086145, 0, 100000, 110000, 134000, 170000, 1, 0, 0.04, 0, 'take_innsta_0.02', 9, 0, 33, 6.644939386602907, 3.900207663086145, 1]
2018-01-05 08:38:59.328 INFO in 'ProfileAnalyzerTest' at line 2222: [1.6121242975028098, 1.6121242975028098, 0, 100000, 102000, 114000, 144000, 1, 0, 0.04, 0, 'take_innsta_0.0075', 14, 27, 45, 3.8516005913493885, 1.6121242975028098, 1]
2018-01-05 08:38:59.328 INFO in 'ProfileAnalyzerTest' at line 2222: [1.7811297084408448, 1.7811297084408448, 0, 100000, 102000, 114000, 151000, 1, 0, 0.04, 0, 'take_innsta_0.0075', 14, 27, 55, 4.265034968550288, 1.7811297084408448, 1]
2018-01-05 08:38:59.328 INFO in 'ProfileAnalyzerTest' at line 2222: [1.8004175628967727, 1.8004175628967727, 0, 100000, 102000, 114000, 155000, 1, 0, 0.04, 0, 'take_innsta_0.0075', 14, 27, 56, 4.336282690884528, 1.8004175628967727, 0]
2018-01-05 08:38:59.329 INFO in 'ProfileAnalyzerTest' at line 2222: [1.8317849222606508, 1.8317849222606508, 0, 100000, 103000, 114000, 150000, 1, 0, 0.04, 0, 'take_innsta_0.0075', 14, 27, 50, 4.148647054522245, 1.8317849222606508, 2]
2018-01-05 08:38:59.329 INFO in 'ProfileAnalyzerTest' at line 2222: [2.3939452946761333, 2.3939452946761333, 0, 100000, 102000, 114000, 165000, 1, 0, 0.04, 0, 'take_innsta_0.0075', 14, 27, 59, 4.85435627197648, 2.3939452946761333, 1]
2018-01-05 08:38:59.329 INFO in 'ProfileAnalyzerTest' at line 2222: [2.477446905930451, 2.477446905930451, 0, 100000, 102000, 114000, 145000, 1, 0, 0.04, 0, 'take_innsta_0.0075', 14, 27, 51, 4.376555301239345, 2.477446905930451, 1]
2018-01-05 08:38:59.329 INFO in 'ProfileAnalyzerTest' at line 2222: [3.10992138810904, 3.10992138810904, 0, 100000, 102000, 114000, 154000, 1, 0, 0.04, 0, 'take_innsta_0.0075', 14, 27, 61, 4.737391556982341, 3.10992138810904, 1]
2018-01-05 08:38:59.329 INFO in 'ProfileAnalyzerTest' at line 2222: [3.3609041446937353, 3.3609041446937353, 0, 100000, 102000, 114000, 150000, 1, 0, 0.04, 0, 'take_innsta_0.0075', 14, 27, 50, 4.659183441239212, 3.3609041446937353, 2]
2018-01-05 08:38:59.329 INFO in 'ProfileAnalyzerTest' at line 2222: [3.3982607499242676, 3.3982607499242676, 0, 100000, 102000, 114000, 153000, 1, 0, 0.04, 0, 'take_innsta_0.0075', 14, 27, 58, 4.79037675718282, 3.3982607499242676, 2]
2018-01-05 08:38:59.331 INFO in 'ProfileAnalyzerTest' at line 2222: [1.5659895677365447, 1.5659895677365447, 0, 100000, 110000, 134000, 165000, 1, 0, 0.04, 0, 'take_innsta_0.02', 9, 0, 33, 5.554140390044791, 1.5659895677365447, 1]
2018-01-05 08:38:59.331 INFO in 'ProfileAnalyzerTest' at line 2222: [1.6177494395598733, 1.6177494395598733, 0, 100000, 111000, 135000, 175000, 1, 0, 0.04, 0, 'take_innsta_0.02', 9, 0, 28, 6.486606477883093, 1.6177494395598733, 0]
2018-01-05 08:38:59.331 INFO in 'ProfileAnalyzerTest' at line 2222: [2.2078996051522775, 2.2078996051522775, 0, 100000, 111000, 134000, 175000, 1, 0, 0.04, 0, 'take_innsta_0.02', 9, 0, 32, 6.595494285711914, 2.2078996051522775, 0]
2018-01-05 08:38:59.331 INFO in 'ProfileAnalyzerTest' at line 2222: [2.320552657998529, 2.320552657998529, 0, 100000, 110000, 135000, 170000, 1, 0, 0.04, 0, 'take_innsta_0.02', 9, 0, 27, 6.12277313956046, 2.320552657998529, 1]
2018-01-05 08:38:59.331 INFO in 'ProfileAnalyzerTest' at line 2222: [2.9120872358245915, 2.9120872358245915, 0, 100000, 110000, 134000, 175000, 1, 0, 0.04, 0, 'take_innsta_0.02', 9, 0, 34, 6.838594161265206, 2.9120872358245915, 0]
2018-01-05 08:38:59.331 INFO in 'ProfileAnalyzerTest' at line 2222: [3.074177927850096, 3.074177927850096, 0, 100000, 110000, 135000, 175000, 1, 0, 0.04, 0, 'take_innsta_0.02', 9, 0, 32, 6.976919840421816, 3.074177927850096, 0]
2018-01-05 08:38:59.332 INFO in 'ProfileAnalyzerTest' at line 2222: [3.285139286710417, 3.285139286710417, 0, 100000, 110000, 135000, 180000, 1, 0, 0.04, 0, 'take_innsta_0.02', 9, 0, 31, 7.137620247652309, 3.285139286710417, 1]
2018-01-05 08:38:59.332 INFO in 'ProfileAnalyzerTest' at line 2222: [3.3698327355100415, 3.3698327355100415, 0, 100000, 110000, 134000, 180000, 1, 0, 0.04, 0, 'take_innsta_0.02', 9, 0, 31, 6.981691049481354, 3.3698327355100415, 1]
2018-01-05 08:38:59.332 INFO in 'ProfileAnalyzerTest' at line 2222: [3.900207663086145, 3.900207663086145, 0, 100000, 110000, 134000, 170000, 1, 0, 0.04, 0, 'take_innsta_0.02', 9, 0, 33, 6.644939386602907, 3.900207663086145, 1]
2018-01-05 08:38:59.332 INFO in 'ProfileAnalyzerTest' at line 2222: [1.6121242975028098, 1.6121242975028098, 0, 100000, 102000, 114000, 144000, 1, 0, 0.04, 0, 'take_innsta_0.0075', 14, 27, 45, 3.8516005913493885, 1.6121242975028098, 1]
2018-01-05 08:38:59.332 INFO in 'ProfileAnalyzerTest' at line 2222: [1.7811297084408448, 1.7811297084408448, 0, 100000, 102000, 114000, 151000, 1, 0, 0.04, 0, 'take_innsta_0.0075', 14, 27, 55, 4.265034968550288, 1.7811297084408448, 1]
2018-01-05 08:38:59.332 INFO in 'ProfileAnalyzerTest' at line 2222: [1.8004175628967727, 1.8004175628967727, 0, 100000, 102000, 114000, 155000, 1, 0, 0.04, 0, 'take_innsta_0.0075', 14, 27, 56, 4.336282690884528, 1.8004175628967727, 0]
2018-01-05 08:38:59.332 INFO in 'ProfileAnalyzerTest' at line 2222: [1.8317849222606508, 1.8317849222606508, 0, 100000, 103000, 114000, 150000, 1, 0, 0.04, 0, 'take_innsta_0.0075', 14, 27, 50, 4.148647054522245, 1.8317849222606508, 2]
2018-01-05 08:38:59.332 INFO in 'ProfileAnalyzerTest' at line 2222: [2.3939452946761333, 2.3939452946761333, 0, 100000, 102000, 114000, 165000, 1, 0, 0.04, 0, 'take_innsta_0.0075', 14, 27, 59, 4.85435627197648, 2.3939452946761333, 1]
2018-01-05 08:38:59.332 INFO in 'ProfileAnalyzerTest' at line 2222: [2.477446905930451, 2.477446905930451, 0, 100000, 102000, 114000, 145000, 1, 0, 0.04, 0, 'take_innsta_0.0075', 14, 27, 51, 4.376555301239345, 2.477446905930451, 1]
2018-01-05 08:38:59.332 INFO in 'ProfileAnalyzerTest' at line 2222: [3.10992138810904, 3.10992138810904, 0, 100000, 102000, 114000, 154000, 1, 0, 0.04, 0, 'take_innsta_0.0075', 14, 27, 61, 4.737391556982341, 3.10992138810904, 1]
2018-01-05 08:38:59.332 INFO in 'ProfileAnalyzerTest' at line 2222: [3.3609041446937353, 3.3609041446937353, 0, 100000, 102000, 114000, 150000, 1, 0, 0.04, 0, 'take_innsta_0.0075', 14, 27, 50, 4.659183441239212, 3.3609041446937353, 2]
2018-01-05 08:38:59.332 INFO in 'ProfileAnalyzerTest' at line 2222: [3.3982607499242676, 3.3982607499242676, 0, 100000, 102000, 114000, 153000, 1, 0, 0.04, 0, 'take_innsta_0.0075', 14, 27, 58, 4.79037675718282, 3.3982607499242676, 2]
2018-01-05 08:38:59.332 INFO in 'ProfileAnalyzerTest' at line 2222: [1.5659895677365447, 1.5659895677365447, 0, 100000, 110000, 134000, 165000, 1, 0, 0.04, 0, 'take_innsta_0.02', 9, 0, 33, 5.554140390044791, 1.5659895677365447, 1]
2018-01-05 08:38:59.335 INFO in 'ProfileAnalyzerTest' at line 2222: [1.6177494395598733, 1.6177494395598733, 0, 100000, 111000, 135000, 175000, 1, 0, 0.04, 0, 'take_innsta_0.02', 9, 0, 28, 6.486606477883093, 1.6177494395598733, 0]
2018-01-05 08:38:59.335 INFO in 'ProfileAnalyzerTest' at line 2222: [2.2078996051522775, 2.2078996051522775, 0, 100000, 111000, 134000, 175000, 1, 0, 0.04, 0, 'take_innsta_0.02', 9, 0, 32, 6.595494285711914, 2.2078996051522775, 0]
2018-01-05 08:38:59.335 INFO in 'ProfileAnalyzerTest' at line 2222: [2.320552657998529, 2.320552657998529, 0, 100000, 110000, 135000, 170000, 1, 0, 0.04, 0, 'take_innsta_0.02', 9, 0, 27, 6.12277313956046, 2.320552657998529, 1]
2018-01-05 08:38:59.335 INFO in 'ProfileAnalyzerTest' at line 2222: [2.9120872358245915, 2.9120872358245915, 0, 100000, 110000, 134000, 175000, 1, 0, 0.04, 0, 'take_innsta_0.02', 9, 0, 34, 6.838594161265206, 2.9120872358245915, 0]
2018-01-05 08:38:59.335 INFO in 'ProfileAnalyzerTest' at line 2222: [3.074177927850096, 3.074177927850096, 0, 100000, 110000, 135000, 175000, 1, 0, 0.04, 0, 'take_innsta_0.02', 9, 0, 32, 6.976919840421816, 3.074177927850096, 0]
2018-01-05 08:38:59.335 INFO in 'ProfileAnalyzerTest' at line 2222: [3.285139286710417, 3.285139286710417, 0, 100000, 110000, 135000, 180000, 1, 0, 0.04, 0, 'take_innsta_0.02', 9, 0, 31, 7.137620247652309, 3.285139286710417, 1]
2018-01-05 08:38:59.335 INFO in 'ProfileAnalyzerTest' at line 2222: [3.3698327355100415, 3.3698327355100415, 0, 100000, 110000, 134000, 180000, 1, 0, 0.04, 0, 'take_innsta_0.02', 9, 0, 31, 6.981691049481354, 3.3698327355100415, 1]
2018-01-05 08:38:59.335 INFO in 'ProfileAnalyzerTest' at line 2222: [3.900207663086145, 3.900207663086145, 0, 100000, 110000, 134000, 170000, 1, 0, 0.04, 0, 'take_innsta_0.02', 9, 0, 33, 6.644939386602907, 3.900207663086145, 1]
2018-01-05 08:38:59.335 INFO in 'ProfileAnalyzerTest' at line 2222: [1.7472579879373829, 1.7472579879373829, 0, 100000, 110000, 124000, 172000, 1, 0, 0.02, 0, 'take_innsta_0.02', 9, 0, 31, 7.341131771011525, 1.7472579879373829, 1]
2018-01-05 08:38:59.335 INFO in 'ProfileAnalyzerTest' at line 2222: [1.7504639436958418, 1.7504639436958418, 0, 100000, 110000, 125000, 172000, 1, 0, 0.02, 0, 'take_innsta_0.02', 9, 0, 27, 7.239051108926307, 1.7504639436958418, 1]
2018-01-05 08:38:59.335 INFO in 'ProfileAnalyzerTest' at line 2222: [2.0309125226578897, 2.0309125226578897, 0, 100000, 110000, 130000, 170000, 1, 0, 0.02, 0, 'take_innsta_0.02', 9, 0, 36, 6.398081290595406, 2.0309125226578897, 2]
2018-01-05 08:38:59.335 INFO in 'ProfileAnalyzerTest' at line 2222: [2.2547882154901693, 2.2547882154901693, 0, 100000, 110000, 125000, 165000, 1, 0, 0.02, 0, 'take_innsta_0.02', 9, 0, 40, 6.623471098342232, 2.2547882154901693, 0]
2018-01-05 08:38:59.335 INFO in 'ProfileAnalyzerTest' at line 2222: [2.3817293976308185, 2.3817293976308185, 0, 100000, 110000, 124000, 165000, 1, 0, 0.02, 0, 'take_innsta_0.02', 9, 0, 34, 6.796727150160669, 2.3817293976308185, 0]
2018-01-05 08:38:59.336 INFO in 'ProfileAnalyzerTest' at line 2222: [2.7790211669603746, 2.7790211669603746, 0, 100000, 110000, 125000, 171000, 1, 0, 0.02, 0, 'take_innsta_0.02', 9, 0, 31, 7.5276848171925685, 2.7790211669603746, 1]
2018-01-05 08:38:59.336 INFO in 'ProfileAnalyzerTest' at line 2222: [3.0647926479338605, 3.0647926479338605, 0, 100000, 110000, 124000, 171000, 1, 0, 0.02, 0, 'take_innsta_0.02', 9, 0, 32, 7.73872403296383, 3.0647926479338605, 0]
2018-01-05 08:38:59.336 INFO in 'ProfileAnalyzerTest' at line 2222: [4.282498591810206, 4.282498591810206, 0, 100000, 110000, 125000, 170000, 1, 0, 0.02, 0, 'take_innsta_0.02', 9, 0, 31, 7.480427204470303, 4.282498591810206, 1]
2018-01-05 08:38:59.336 INFO in 'ProfileAnalyzerTest' at line 2222: [4.779945758387778, 4.779945758387778, 0, 100000, 110000, 124000, 170000, 1, 0, 0.02, 0, 'take_innsta_0.02', 9, 0, 31, 7.704829764167121, 4.779945758387778, 1]
2018-01-05 08:38:59.336 INFO in 'ProfileAnalyzerTest' at line 2222: [1.7472579879373829, 1.7472579879373829, 0, 100000, 110000, 124000, 172000, 1, 0, 0.02, 0, 'take_innsta_0.02', 9, 0, 31, 7.341131771011525, 1.7472579879373829, 1]
2018-01-05 08:38:59.336 INFO in 'ProfileAnalyzerTest' at line 2222: [1.7504639436958418, 1.7504639436958418, 0, 100000, 110000, 125000, 172000, 1, 0, 0.02, 0, 'take_innsta_0.02', 9, 0, 27, 7.239051108926307, 1.7504639436958418, 1]
2018-01-05 08:38:59.336 INFO in 'ProfileAnalyzerTest' at line 2222: [2.0309125226578897, 2.0309125226578897, 0, 100000, 110000, 130000, 170000, 1, 0, 0.02, 0, 'take_innsta_0.02', 9, 0, 36, 6.398081290595406, 2.0309125226578897, 2]
2018-01-05 08:38:59.338 INFO in 'ProfileAnalyzerTest' at line 2222: [2.2547882154901693, 2.2547882154901693, 0, 100000, 110000, 125000, 165000, 1, 0, 0.02, 0, 'take_innsta_0.02', 9, 0, 40, 6.623471098342232, 2.2547882154901693, 0]
2018-01-05 08:38:59.338 INFO in 'ProfileAnalyzerTest' at line 2222: [2.3817293976308185, 2.3817293976308185, 0, 100000, 110000, 124000, 165000, 1, 0, 0.02, 0, 'take_innsta_0.02', 9, 0, 34, 6.796727150160669, 2.3817293976308185, 0]
2018-01-05 08:38:59.338 INFO in 'ProfileAnalyzerTest' at line 2222: [2.7790211669603746, 2.7790211669603746, 0, 100000, 110000, 125000, 171000, 1, 0, 0.02, 0, 'take_innsta_0.02', 9, 0, 31, 7.5276848171925685, 2.7790211669603746, 1]
2018-01-05 08:38:59.338 INFO in 'ProfileAnalyzerTest' at line 2222: [3.0647926479338605, 3.0647926479338605, 0, 100000, 110000, 124000, 171000, 1, 0, 0.02, 0, 'take_innsta_0.02', 9, 0, 32, 7.73872403296383, 3.0647926479338605, 0]
2018-01-05 08:38:59.338 INFO in 'ProfileAnalyzerTest' at line 2222: [4.282498591810206, 4.282498591810206, 0, 100000, 110000, 125000, 170000, 1, 0, 0.02, 0, 'take_innsta_0.02', 9, 0, 31, 7.480427204470303, 4.282498591810206, 1]
2018-01-05 08:38:59.339 INFO in 'ProfileAnalyzerTest' at line 2222: [4.779945758387778, 4.779945758387778, 0, 100000, 110000, 124000, 170000, 1, 0, 0.02, 0, 'take_innsta_0.02', 9, 0, 31, 7.704829764167121, 4.779945758387778, 1]
2018-01-05 08:38:59.339 INFO in 'ProfileAnalyzerTest' at line 2222: [1.5250737787509379, 1.5250737787509379, 0, 100000, 111000, 112000, 170000, 1, 0, 0.03, 0, 'take_innsta_0.02', 9, 0, 36, 7.4368383937874265, 1.5250737787509379, 0]
2018-01-05 08:38:59.339 INFO in 'ProfileAnalyzerTest' at line 2222: [1.5646638935564554, 1.5646638935564554, 0, 100000, 111000, 143000, 175000, 1, 0, 0.03, 0, 'take_innsta_0.02', 9, 0, 29, 5.588181410337652, 1.5646638935564554, 1]
2018-01-05 08:38:59.339 INFO in 'ProfileAnalyzerTest' at line 2222: [1.6808906423904748, 1.6808906423904748, 0, 100000, 111000, 134000, 175000, 1, 0, 0.03, 0, 'take_innsta_0.02', 9, 0, 32, 6.731357275580636, 1.6808906423904748, 0]
2018-01-05 08:38:59.339 INFO in 'ProfileAnalyzerTest' at line 2222: [1.7883852422780213, 1.7883852422780213, 0, 100000, 111000, 112000, 175000, 1, 0, 0.03, 0, 'take_innsta_0.02', 9, 0, 48, 8.572189195692722, 1.7883852422780213, 0]
2018-01-05 08:38:59.339 INFO in 'ProfileAnalyzerTest' at line 2222: [1.8146795411893377, 1.8146795411893377, 0, 100000, 111000, 144000, 175000, 1, 0, 0.03, 0, 'take_innsta_0.02', 9, 0, 25, 5.60157251162199, 1.8146795411893377, 1]
2018-01-05 08:38:59.341 INFO in 'ProfileAnalyzerTest' at line 2222: [2.0570766959092084, 2.0570766959092084, 0, 100000, 111000, 112000, 172000, 1, 0, 0.03, 0, 'take_innsta_0.02', 9, 0, 40, 7.991240823135898, 2.0570766959092084, 0]
2018-01-05 08:38:59.341 INFO in 'ProfileAnalyzerTest' at line 2222: [2.096705836198878, 2.096705836198878, 0, 100000, 110000, 124000, 172000, 1, 0, 0.03, 0, 'take_innsta_0.02', 9, 0, 33, 8.407738751408017, 2.096705836198878, 1]
2018-01-05 08:38:59.341 INFO in 'ProfileAnalyzerTest' at line 2222: [2.1689115931107046, 2.1689115931107046, 0, 100000, 111000, 112000, 171000, 1, 0, 0.03, 0, 'take_innsta_0.02', 9, 0, 40, 8.022678655188653, 2.1689115931107046, 0]
2018-01-05 08:38:59.341 INFO in 'ProfileAnalyzerTest' at line 2222: [2.5035725381085405, 2.5035725381085405, 0, 100000, 110000, 124000, 165000, 1, 0, 0.03, 0, 'take_innsta_0.02', 9, 0, 38, 7.8647156561880145, 2.5035725381085405, 0]
2018-01-05 08:38:59.341 INFO in 'ProfileAnalyzerTest' at line 2222: [3.0405635785153873, 3.0405635785153873, 0, 100000, 110000, 124000, 171000, 1, 0, 0.03, 0, 'take_innsta_0.02', 9, 0, 34, 8.677061310619743, 3.0405635785153873, 0]
2018-01-05 08:38:59.341 INFO in 'ProfileAnalyzerTest' at line 2222: [5.446508412673, 5.446508412673, 0, 100000, 110000, 124000, 170000, 1, 0, 0.03, 0, 'take_innsta_0.02', 9, 0, 35, 8.838250144953093, 5.446508412673, 1]
2018-01-05 08:39:06.776 INFO in 'ProfileAnalyzerTest' at line 2176: AVG PVV -0.811993128366
2018-01-05 08:39:06.779 INFO in 'ProfileAnalyzerTest' at line 2177: AVG Volume -2.44415503128
2018-01-05 08:43:15.506 INFO in 'ProfileAnalyzerTest' at line 2222: [1.0312273993042382, 1.0312273993042382, 1, 100000, 103000, 121000, 155000, 1, 0, 0.03, 0, 'take_innsta_0.01', 9, 0, 41, 4.507280865338761, 1.0312273993042382, 0]
2018-01-05 08:43:15.506 INFO in 'ProfileAnalyzerTest' at line 2222: [1.500403279164247, 1.500403279164247, 1, 100000, 103000, 121000, 145000, 1, 0, 0.03, 0, 'take_innsta_0.01', 9, 0, 43, 4.292126528545034, 1.500403279164247, 2]
2018-01-05 08:43:15.506 INFO in 'ProfileAnalyzerTest' at line 2222: [1.5678650469549826, 1.5678650469549826, 1, 100000, 103000, 121000, 154000, 1, 0, 0.03, 0, 'take_innsta_0.01', 9, 0, 42, 4.629626062694399, 1.5678650469549826, 1]
2018-01-05 08:43:15.506 INFO in 'ProfileAnalyzerTest' at line 2222: [1.8216530430730207, 1.8216530430730207, 1, 100000, 103000, 121000, 144000, 1, 0, 0.03, 0, 'take_innsta_0.01', 9, 0, 38, 4.291974457402532, 1.8216530430730207, 1]
2018-01-05 08:43:15.506 INFO in 'ProfileAnalyzerTest' at line 2222: [1.9135748667402308, 1.9135748667402308, 1, 100000, 103000, 121000, 143000, 1, 0, 0.03, 0, 'take_innsta_0.01', 9, 0, 37, 4.233588487486722, 1.9135748667402308, 0]
2018-01-05 08:43:15.506 INFO in 'ProfileAnalyzerTest' at line 2222: [1.0336593736009712, 1.0336593736009712, 1, 100000, 103000, 121000, 154000, 1, 0, 0.04, 0, 'take_innsta_0.01', 9, 0, 40, 4.477201423713157, 1.0336593736009712, 1]
2018-01-05 08:43:15.506 INFO in 'ProfileAnalyzerTest' at line 2222: [1.1066199136846617, 1.1066199136846617, 1, 100000, 103000, 121000, 144000, 1, 0, 0.04, 0, 'take_innsta_0.01', 9, 0, 36, 4.071742973532165, 1.1066199136846617, 1]
2018-01-05 08:43:15.506 INFO in 'ProfileAnalyzerTest' at line 2222: [1.2498915842250018, 1.2498915842250018, 1, 100000, 103000, 121000, 143000, 1, 0, 0.04, 0, 'take_innsta_0.01', 9, 0, 36, 4.083307785804582, 1.2498915842250018, 1]
2018-01-05 08:43:15.509 INFO in 'ProfileAnalyzerTest' at line 2222: [1.0336593736009712, 1.0336593736009712, 1, 100000, 103000, 121000, 154000, 1, 0, 0.04, 0, 'take_innsta_0.01', 9, 0, 40, 4.477201423713157, 1.0336593736009712, 1]
2018-01-05 08:43:15.509 INFO in 'ProfileAnalyzerTest' at line 2222: [1.1066199136846617, 1.1066199136846617, 1, 100000, 103000, 121000, 144000, 1, 0, 0.04, 0, 'take_innsta_0.01', 9, 0, 36, 4.071742973532165, 1.1066199136846617, 1]
2018-01-05 08:43:15.509 INFO in 'ProfileAnalyzerTest' at line 2222: [1.2498915842250018, 1.2498915842250018, 1, 100000, 103000, 121000, 143000, 1, 0, 0.04, 0, 'take_innsta_0.01', 9, 0, 36, 4.083307785804582, 1.2498915842250018, 1]
2018-01-05 08:43:15.509 INFO in 'ProfileAnalyzerTest' at line 2222: [1.0053031443794158, 1.0053031443794158, 1, 100000, 103000, 121000, 143000, 1, 0, 0.04, 0, 'take_innsta_0.0075', 9, 0, 37, 3.5004550117617845, 1.0053031443794158, 0]
2018-01-05 08:43:15.509 INFO in 'ProfileAnalyzerTest' at line 2222: [1.1685303952890553, 1.1685303952890553, 1, 100000, 103000, 121000, 144000, 1, 0, 0.04, 0, 'take_innsta_0.0075', 9, 0, 40, 3.7287954696118586, 1.1685303952890553, 1]
2018-01-05 08:43:15.509 INFO in 'ProfileAnalyzerTest' at line 2222: [1.402712676636024, 1.402712676636024, 1, 100000, 103000, 121000, 154000, 1, 0, 0.04, 0, 'take_innsta_0.0075', 9, 0, 42, 4.283581724262507, 1.402712676636024, 1]
2018-01-05 08:43:15.509 INFO in 'ProfileAnalyzerTest' at line 2222: [1.0336593736009712, 1.0336593736009712, 1, 100000, 103000, 121000, 154000, 1, 0, 0.04, 0, 'take_innsta_0.01', 9, 0, 40, 4.477201423713157, 1.0336593736009712, 1]
2018-01-05 08:43:15.509 INFO in 'ProfileAnalyzerTest' at line 2222: [1.1066199136846617, 1.1066199136846617, 1, 100000, 103000, 121000, 144000, 1, 0, 0.04, 0, 'take_innsta_0.01', 9, 0, 36, 4.071742973532165, 1.1066199136846617, 1]
2018-01-05 08:43:15.509 INFO in 'ProfileAnalyzerTest' at line 2222: [1.2498915842250018, 1.2498915842250018, 1, 100000, 103000, 121000, 143000, 1, 0, 0.04, 0, 'take_innsta_0.01', 9, 0, 36, 4.083307785804582, 1.2498915842250018, 1]
2018-01-05 08:43:15.509 INFO in 'ProfileAnalyzerTest' at line 2222: [1.0053031443794158, 1.0053031443794158, 1, 100000, 103000, 121000, 143000, 1, 0, 0.04, 0, 'take_innsta_0.0075', 9, 0, 37, 3.5004550117617845, 1.0053031443794158, 0]
2018-01-05 08:43:15.509 INFO in 'ProfileAnalyzerTest' at line 2222: [1.1685303952890553, 1.1685303952890553, 1, 100000, 103000, 121000, 144000, 1, 0, 0.04, 0, 'take_innsta_0.0075', 9, 0, 40, 3.7287954696118586, 1.1685303952890553, 1]
2018-01-05 08:43:15.509 INFO in 'ProfileAnalyzerTest' at line 2222: [1.402712676636024, 1.402712676636024, 1, 100000, 103000, 121000, 154000, 1, 0, 0.04, 0, 'take_innsta_0.0075', 9, 0, 42, 4.283581724262507, 1.402712676636024, 1]
2018-01-05 08:43:15.509 INFO in 'ProfileAnalyzerTest' at line 2222: [1.0312273993042382, 1.0312273993042382, 1, 100000, 103000, 121000, 155000, 1, 0, 0.03, 0, 'take_innsta_0.01', 9, 0, 41, 4.507280865338761, 1.0312273993042382, 0]
2018-01-05 08:43:15.509 INFO in 'ProfileAnalyzerTest' at line 2222: [1.500403279164247, 1.500403279164247, 1, 100000, 103000, 121000, 145000, 1, 0, 0.03, 0, 'take_innsta_0.01', 9, 0, 43, 4.292126528545034, 1.500403279164247, 2]
2018-01-05 08:43:15.510 INFO in 'ProfileAnalyzerTest' at line 2222: [1.5678650469549826, 1.5678650469549826, 1, 100000, 103000, 121000, 154000, 1, 0, 0.03, 0, 'take_innsta_0.01', 9, 0, 42, 4.629626062694399, 1.5678650469549826, 1]
2018-01-05 08:43:15.510 INFO in 'ProfileAnalyzerTest' at line 2222: [1.8216530430730207, 1.8216530430730207, 1, 100000, 103000, 121000, 144000, 1, 0, 0.03, 0, 'take_innsta_0.01', 9, 0, 38, 4.291974457402532, 1.8216530430730207, 1]
2018-01-05 08:43:15.510 INFO in 'ProfileAnalyzerTest' at line 2222: [1.9135748667402308, 1.9135748667402308, 1, 100000, 103000, 121000, 143000, 1, 0, 0.03, 0, 'take_innsta_0.01', 9, 0, 37, 4.233588487486722, 1.9135748667402308, 0]
2018-01-05 08:43:15.510 INFO in 'ProfileAnalyzerTest' at line 2222: [1.0312273993042382, 1.0312273993042382, 1, 100000, 103000, 121000, 155000, 1, 0, 0.03, 0, 'take_innsta_0.01', 9, 0, 41, 4.507280865338761, 1.0312273993042382, 0]
2018-01-05 08:43:15.510 INFO in 'ProfileAnalyzerTest' at line 2222: [1.500403279164247, 1.500403279164247, 1, 100000, 103000, 121000, 145000, 1, 0, 0.03, 0, 'take_innsta_0.01', 9, 0, 43, 4.292126528545034, 1.500403279164247, 2]
2018-01-05 08:43:15.510 INFO in 'ProfileAnalyzerTest' at line 2222: [1.5678650469549826, 1.5678650469549826, 1, 100000, 103000, 121000, 154000, 1, 0, 0.03, 0, 'take_innsta_0.01', 9, 0, 42, 4.629626062694399, 1.5678650469549826, 1]
2018-01-05 08:43:15.512 INFO in 'ProfileAnalyzerTest' at line 2222: [1.8216530430730207, 1.8216530430730207, 1, 100000, 103000, 121000, 144000, 1, 0, 0.03, 0, 'take_innsta_0.01', 9, 0, 38, 4.291974457402532, 1.8216530430730207, 1]
2018-01-05 08:43:15.512 INFO in 'ProfileAnalyzerTest' at line 2222: [1.9135748667402308, 1.9135748667402308, 1, 100000, 103000, 121000, 143000, 1, 0, 0.03, 0, 'take_innsta_0.01', 9, 0, 37, 4.233588487486722, 1.9135748667402308, 0]
2018-01-05 08:43:15.512 INFO in 'ProfileAnalyzerTest' at line 2222: [1.0312273993042382, 1.0312273993042382, 1, 100000, 103000, 121000, 155000, 1, 0, 0.03, 0, 'take_innsta_0.01', 9, 0, 41, 4.507280865338761, 1.0312273993042382, 0]
2018-01-05 08:43:15.512 INFO in 'ProfileAnalyzerTest' at line 2222: [1.500403279164247, 1.500403279164247, 1, 100000, 103000, 121000, 145000, 1, 0, 0.03, 0, 'take_innsta_0.01', 9, 0, 43, 4.292126528545034, 1.500403279164247, 2]
2018-01-05 08:43:15.512 INFO in 'ProfileAnalyzerTest' at line 2222: [1.5678650469549826, 1.5678650469549826, 1, 100000, 103000, 121000, 154000, 1, 0, 0.03, 0, 'take_innsta_0.01', 9, 0, 42, 4.629626062694399, 1.5678650469549826, 1]
2018-01-05 08:43:15.512 INFO in 'ProfileAnalyzerTest' at line 2222: [1.8216530430730207, 1.8216530430730207, 1, 100000, 103000, 121000, 144000, 1, 0, 0.03, 0, 'take_innsta_0.01', 9, 0, 38, 4.291974457402532, 1.8216530430730207, 1]
2018-01-05 08:43:15.512 INFO in 'ProfileAnalyzerTest' at line 2222: [1.9135748667402308, 1.9135748667402308, 1, 100000, 103000, 121000, 143000, 1, 0, 0.03, 0, 'take_innsta_0.01', 9, 0, 37, 4.233588487486722, 1.9135748667402308, 0]
2018-01-05 08:43:15.513 INFO in 'ProfileAnalyzerTest' at line 2222: [1.0312273993042382, 1.0312273993042382, 1, 100000, 103000, 121000, 155000, 1, 0, 0.03, 0, 'take_innsta_0.01', 9, 0, 41, 4.507280865338761, 1.0312273993042382, 0]
2018-01-05 08:43:15.513 INFO in 'ProfileAnalyzerTest' at line 2222: [1.500403279164247, 1.500403279164247, 1, 100000, 103000, 121000, 145000, 1, 0, 0.03, 0, 'take_innsta_0.01', 9, 0, 43, 4.292126528545034, 1.500403279164247, 2]
2018-01-05 08:43:15.513 INFO in 'ProfileAnalyzerTest' at line 2222: [1.5678650469549826, 1.5678650469549826, 1, 100000, 103000, 121000, 154000, 1, 0, 0.03, 0, 'take_innsta_0.01', 9, 0, 42, 4.629626062694399, 1.5678650469549826, 1]
2018-01-05 08:43:15.513 INFO in 'ProfileAnalyzerTest' at line 2222: [1.8216530430730207, 1.8216530430730207, 1, 100000, 103000, 121000, 144000, 1, 0, 0.03, 0, 'take_innsta_0.01', 9, 0, 38, 4.291974457402532, 1.8216530430730207, 1]
2018-01-05 08:43:15.513 INFO in 'ProfileAnalyzerTest' at line 2222: [1.9135748667402308, 1.9135748667402308, 1, 100000, 103000, 121000, 143000, 1, 0, 0.03, 0, 'take_innsta_0.01', 9, 0, 37, 4.233588487486722, 1.9135748667402308, 0]
2018-01-05 08:43:23.63 INFO in 'ProfileAnalyzerTest' at line 2176: AVG PVV -607.135341726
2018-01-05 08:43:23.66 INFO in 'ProfileAnalyzerTest' at line 2177: AVG Volume -36.285381329
2018-01-05 08:47:44.930 INFO in 'ProfileAnalyzerTest' at line 2222: [21.407555963278842, 21.407555963278842, 2, 100000, 110000, 140000, 174000, -1, 0, 0.04, 1, 'take_innsta_0.03', 20, 27, 35, 7.868047601739259, 21.407555963278842, 6]
2018-01-05 08:47:44.930 INFO in 'ProfileAnalyzerTest' at line 2222: [27.939559154711528, 27.939559154711528, 2, 100000, 111000, 140000, 175000, -1, 0, 0.04, 1, 'take_innsta_0.03', 20, 27, 28, 8.31724889406442, 27.939559154711528, 5]
2018-01-05 08:47:44.930 INFO in 'ProfileAnalyzerTest' at line 2222: [47.11374685673261, 47.11374685673261, 2, 100000, 112000, 140000, 174000, -1, 0, 0.04, 1, 'take_innsta_0.03', 20, 27, 41, 8.616809594475118, 47.11374685673261, 6]
2018-01-05 08:47:44.930 INFO in 'ProfileAnalyzerTest' at line 2222: [48.025973660532124, 48.025973660532124, 2, 100000, 111000, 141000, 174000, -1, 0, 0.04, 1, 'take_innsta_0.03', 20, 27, 45, 8.334018026655476, 48.025973660532124, 4]
2018-01-05 08:47:44.930 INFO in 'ProfileAnalyzerTest' at line 2222: [123.91556196213865, 123.91556196213865, 2, 100000, 111000, 140000, 174000, -1, 0, 0.04, 1, 'take_innsta_0.03', 20, 27, 43, 9.491941883013451, 123.91556196213865, 6]
2018-01-05 08:47:44.933 INFO in 'ProfileAnalyzerTest' at line 2222: [21.407555963278842, 21.407555963278842, 2, 100000, 110000, 140000, 174000, -1, 0, 0.04, 2, 'take_innsta_0.03', 20, 27, 35, 7.868047601739259, 21.407555963278842, 6]
2018-01-05 08:47:44.933 INFO in 'ProfileAnalyzerTest' at line 2222: [27.939559154711528, 27.939559154711528, 2, 100000, 111000, 140000, 175000, -1, 0, 0.04, 2, 'take_innsta_0.03', 20, 27, 28, 8.31724889406442, 27.939559154711528, 5]
2018-01-05 08:47:44.933 INFO in 'ProfileAnalyzerTest' at line 2222: [47.11374685673261, 47.11374685673261, 2, 100000, 112000, 140000, 174000, -1, 0, 0.04, 2, 'take_innsta_0.03', 20, 27, 41, 8.616809594475118, 47.11374685673261, 6]
2018-01-05 08:47:44.933 INFO in 'ProfileAnalyzerTest' at line 2222: [48.025973660532124, 48.025973660532124, 2, 100000, 111000, 141000, 174000, -1, 0, 0.04, 2, 'take_innsta_0.03', 20, 27, 45, 8.334018026655476, 48.025973660532124, 4]
2018-01-05 08:47:44.933 INFO in 'ProfileAnalyzerTest' at line 2222: [123.91556196213865, 123.91556196213865, 2, 100000, 111000, 140000, 174000, -1, 0, 0.04, 2, 'take_innsta_0.03', 20, 27, 43, 9.491941883013451, 123.91556196213865, 6]
2018-01-05 08:47:44.933 INFO in 'ProfileAnalyzerTest' at line 2222: [21.407555963278842, 21.407555963278842, 2, 100000, 110000, 140000, 174000, -1, 0, 0.04, 3, 'take_innsta_0.03', 20, 27, 35, 7.868047601739259, 21.407555963278842, 6]
2018-01-05 08:47:44.934 INFO in 'ProfileAnalyzerTest' at line 2222: [27.939559154711528, 27.939559154711528, 2, 100000, 111000, 140000, 175000, -1, 0, 0.04, 3, 'take_innsta_0.03', 20, 27, 28, 8.31724889406442, 27.939559154711528, 5]
2018-01-05 08:47:44.934 INFO in 'ProfileAnalyzerTest' at line 2222: [47.11374685673261, 47.11374685673261, 2, 100000, 112000, 140000, 174000, -1, 0, 0.04, 3, 'take_innsta_0.03', 20, 27, 41, 8.616809594475118, 47.11374685673261, 6]
2018-01-05 08:47:44.934 INFO in 'ProfileAnalyzerTest' at line 2222: [48.025973660532124, 48.025973660532124, 2, 100000, 111000, 141000, 174000, -1, 0, 0.04, 3, 'take_innsta_0.03', 20, 27, 45, 8.334018026655476, 48.025973660532124, 4]
2018-01-05 08:47:44.934 INFO in 'ProfileAnalyzerTest' at line 2222: [123.91556196213865, 123.91556196213865, 2, 100000, 111000, 140000, 174000, -1, 0, 0.04, 3, 'take_innsta_0.03', 20, 27, 43, 9.491941883013451, 123.91556196213865, 6]
2018-01-05 08:47:44.934 INFO in 'ProfileAnalyzerTest' at line 2222: [21.407555963278842, 21.407555963278842, 2, 100000, 110000, 140000, 174000, -1, 0, 0.04, 4, 'take_innsta_0.03', 20, 27, 35, 7.868047601739259, 21.407555963278842, 6]
2018-01-05 08:47:44.934 INFO in 'ProfileAnalyzerTest' at line 2222: [27.939559154711528, 27.939559154711528, 2, 100000, 111000, 140000, 175000, -1, 0, 0.04, 4, 'take_innsta_0.03', 20, 27, 28, 8.31724889406442, 27.939559154711528, 5]
2018-01-05 08:47:44.934 INFO in 'ProfileAnalyzerTest' at line 2222: [47.11374685673261, 47.11374685673261, 2, 100000, 112000, 140000, 174000, -1, 0, 0.04, 4, 'take_innsta_0.03', 20, 27, 41, 8.616809594475118, 47.11374685673261, 6]
2018-01-05 08:47:44.934 INFO in 'ProfileAnalyzerTest' at line 2222: [48.025973660532124, 48.025973660532124, 2, 100000, 111000, 141000, 174000, -1, 0, 0.04, 4, 'take_innsta_0.03', 20, 27, 45, 8.334018026655476, 48.025973660532124, 4]
2018-01-05 08:47:44.934 INFO in 'ProfileAnalyzerTest' at line 2222: [123.91556196213865, 123.91556196213865, 2, 100000, 111000, 140000, 174000, -1, 0, 0.04, 4, 'take_innsta_0.03', 20, 27, 43, 9.491941883013451, 123.91556196213865, 6]
2018-01-05 08:47:44.934 INFO in 'ProfileAnalyzerTest' at line 2222: [21.407555963278842, 21.407555963278842, 2, 100000, 110000, 140000, 174000, -1, 0, 0.04, 5, 'take_innsta_0.03', 20, 27, 35, 7.868047601739259, 21.407555963278842, 6]
2018-01-05 08:47:44.934 INFO in 'ProfileAnalyzerTest' at line 2222: [27.939559154711528, 27.939559154711528, 2, 100000, 111000, 140000, 175000, -1, 0, 0.04, 5, 'take_innsta_0.03', 20, 27, 28, 8.31724889406442, 27.939559154711528, 5]
2018-01-05 08:47:44.934 INFO in 'ProfileAnalyzerTest' at line 2222: [47.11374685673261, 47.11374685673261, 2, 100000, 112000, 140000, 174000, -1, 0, 0.04, 5, 'take_innsta_0.03', 20, 27, 41, 8.616809594475118, 47.11374685673261, 6]
2018-01-05 08:47:44.936 INFO in 'ProfileAnalyzerTest' at line 2222: [48.025973660532124, 48.025973660532124, 2, 100000, 111000, 141000, 174000, -1, 0, 0.04, 5, 'take_innsta_0.03', 20, 27, 45, 8.334018026655476, 48.025973660532124, 4]
2018-01-05 08:47:44.936 INFO in 'ProfileAnalyzerTest' at line 2222: [123.91556196213865, 123.91556196213865, 2, 100000, 111000, 140000, 174000, -1, 0, 0.04, 5, 'take_innsta_0.03', 20, 27, 43, 9.491941883013451, 123.91556196213865, 6]
2018-01-05 08:47:44.936 INFO in 'ProfileAnalyzerTest' at line 2222: [21.356474556684294, 21.356474556684294, 2, 100000, 114000, 140000, 174000, -1, 0, 0.04, 1, 'take_innsta_0.04', 20, 27, 41, 8.36230480265462, 21.356474556684294, 6]
2018-01-05 08:47:44.936 INFO in 'ProfileAnalyzerTest' at line 2222: [23.695509788682017, 23.695509788682017, 2, 100000, 110000, 140000, 174000, -1, 0, 0.04, 1, 'take_innsta_0.04', 20, 27, 33, 8.357574678025578, 23.695509788682017, 6]
2018-01-05 08:47:44.936 INFO in 'ProfileAnalyzerTest' at line 2222: [34.39975361947787, 34.39975361947787, 2, 100000, 111000, 140000, 175000, -1, 0, 0.04, 1, 'take_innsta_0.04', 20, 27, 26, 8.958971260659268, 34.39975361947787, 5]
2018-01-05 08:47:44.936 INFO in 'ProfileAnalyzerTest' at line 2222: [46.91937874145346, 46.91937874145346, 2, 100000, 111000, 141000, 174000, -1, 0, 0.04, 1, 'take_innsta_0.04', 20, 27, 43, 8.6101689407906, 46.91937874145346, 4]
2018-01-05 08:47:44.937 INFO in 'ProfileAnalyzerTest' at line 2222: [49.55380393938194, 49.55380393938194, 2, 100000, 112000, 140000, 174000, -1, 0, 0.04, 1, 'take_innsta_0.04', 20, 27, 39, 9.028795938387411, 49.55380393938194, 6]
2018-01-05 08:47:44.937 INFO in 'ProfileAnalyzerTest' at line 2222: [137.15916083463847, 137.15916083463847, 2, 100000, 111000, 140000, 174000, -1, 0, 0.04, 1, 'take_innsta_0.04', 20, 27, 41, 9.981468959299772, 137.15916083463847, 6]
2018-01-05 08:47:44.937 INFO in 'ProfileAnalyzerTest' at line 2222: [21.356474556684294, 21.356474556684294, 2, 100000, 114000, 140000, 174000, -1, 0, 0.04, 2, 'take_innsta_0.04', 20, 27, 41, 8.36230480265462, 21.356474556684294, 6]
2018-01-05 08:47:44.937 INFO in 'ProfileAnalyzerTest' at line 2222: [23.695509788682017, 23.695509788682017, 2, 100000, 110000, 140000, 174000, -1, 0, 0.04, 2, 'take_innsta_0.04', 20, 27, 33, 8.357574678025578, 23.695509788682017, 6]
2018-01-05 08:47:44.937 INFO in 'ProfileAnalyzerTest' at line 2222: [34.39975361947787, 34.39975361947787, 2, 100000, 111000, 140000, 175000, -1, 0, 0.04, 2, 'take_innsta_0.04', 20, 27, 26, 8.958971260659268, 34.39975361947787, 5]
2018-01-05 08:47:44.937 INFO in 'ProfileAnalyzerTest' at line 2222: [46.91937874145346, 46.91937874145346, 2, 100000, 111000, 141000, 174000, -1, 0, 0.04, 2, 'take_innsta_0.04', 20, 27, 43, 8.6101689407906, 46.91937874145346, 4]
2018-01-05 08:47:44.938 INFO in 'ProfileAnalyzerTest' at line 2222: [49.55380393938194, 49.55380393938194, 2, 100000, 112000, 140000, 174000, -1, 0, 0.04, 2, 'take_innsta_0.04', 20, 27, 39, 9.028795938387411, 49.55380393938194, 6]
2018-01-05 08:47:44.938 INFO in 'ProfileAnalyzerTest' at line 2222: [137.15916083463847, 137.15916083463847, 2, 100000, 111000, 140000, 174000, -1, 0, 0.04, 2, 'take_innsta_0.04', 20, 27, 41, 9.981468959299772, 137.15916083463847, 6]
2018-01-05 08:47:44.938 INFO in 'ProfileAnalyzerTest' at line 2222: [23.695509788682017, 23.695509788682017, 2, 100000, 110000, 140000, 174000, -1, 0, 0.04, 3, 'take_innsta_0.04', 20, 27, 33, 8.357574678025578, 23.695509788682017, 6]
2018-01-05 08:47:44.938 INFO in 'ProfileAnalyzerTest' at line 2222: [34.39975361947787, 34.39975361947787, 2, 100000, 111000, 140000, 175000, -1, 0, 0.04, 3, 'take_innsta_0.04', 20, 27, 26, 8.958971260659268, 34.39975361947787, 5]
2018-01-05 08:47:44.938 INFO in 'ProfileAnalyzerTest' at line 2222: [46.91937874145346, 46.91937874145346, 2, 100000, 111000, 141000, 174000, -1, 0, 0.04, 3, 'take_innsta_0.04', 20, 27, 43, 8.6101689407906, 46.91937874145346, 4]
2018-01-05 08:47:44.938 INFO in 'ProfileAnalyzerTest' at line 2222: [49.55380393938194, 49.55380393938194, 2, 100000, 112000, 140000, 174000, -1, 0, 0.04, 3, 'take_innsta_0.04', 20, 27, 39, 9.028795938387411, 49.55380393938194, 6]
2018-01-05 08:47:44.940 INFO in 'ProfileAnalyzerTest' at line 2222: [137.15916083463847, 137.15916083463847, 2, 100000, 111000, 140000, 174000, -1, 0, 0.04, 3, 'take_innsta_0.04', 20, 27, 41, 9.981468959299772, 137.15916083463847, 6]
2018-01-05 08:47:44.940 INFO in 'ProfileAnalyzerTest' at line 2222: [23.695509788682017, 23.695509788682017, 2, 100000, 110000, 140000, 174000, -1, 0, 0.04, 4, 'take_innsta_0.04', 20, 27, 33, 8.357574678025578, 23.695509788682017, 6]
2018-01-05 08:47:44.940 INFO in 'ProfileAnalyzerTest' at line 2222: [34.39975361947787, 34.39975361947787, 2, 100000, 111000, 140000, 175000, -1, 0, 0.04, 4, 'take_innsta_0.04', 20, 27, 26, 8.958971260659268, 34.39975361947787, 5]
2018-01-05 08:47:44.940 INFO in 'ProfileAnalyzerTest' at line 2222: [46.91937874145346, 46.91937874145346, 2, 100000, 111000, 141000, 174000, -1, 0, 0.04, 4, 'take_innsta_0.04', 20, 27, 43, 8.6101689407906, 46.91937874145346, 4]
2018-01-05 08:47:44.940 INFO in 'ProfileAnalyzerTest' at line 2222: [49.55380393938194, 49.55380393938194, 2, 100000, 112000, 140000, 174000, -1, 0, 0.04, 4, 'take_innsta_0.04', 20, 27, 39, 9.028795938387411, 49.55380393938194, 6]
2018-01-05 08:47:44.940 INFO in 'ProfileAnalyzerTest' at line 2222: [137.15916083463847, 137.15916083463847, 2, 100000, 111000, 140000, 174000, -1, 0, 0.04, 4, 'take_innsta_0.04', 20, 27, 41, 9.981468959299772, 137.15916083463847, 6]
2018-01-05 08:47:44.940 INFO in 'ProfileAnalyzerTest' at line 2222: [23.695509788682017, 23.695509788682017, 2, 100000, 110000, 140000, 174000, -1, 0, 0.04, 5, 'take_innsta_0.04', 20, 27, 33, 8.357574678025578, 23.695509788682017, 6]
2018-01-05 08:47:44.940 INFO in 'ProfileAnalyzerTest' at line 2222: [34.39975361947787, 34.39975361947787, 2, 100000, 111000, 140000, 175000, -1, 0, 0.04, 5, 'take_innsta_0.04', 20, 27, 26, 8.958971260659268, 34.39975361947787, 5]
2018-01-05 08:47:44.940 INFO in 'ProfileAnalyzerTest' at line 2222: [46.91937874145346, 46.91937874145346, 2, 100000, 111000, 141000, 174000, -1, 0, 0.04, 5, 'take_innsta_0.04', 20, 27, 43, 8.6101689407906, 46.91937874145346, 4]
2018-01-05 08:47:44.940 INFO in 'ProfileAnalyzerTest' at line 2222: [49.55380393938194, 49.55380393938194, 2, 100000, 112000, 140000, 174000, -1, 0, 0.04, 5, 'take_innsta_0.04', 20, 27, 39, 9.028795938387411, 49.55380393938194, 6]
2018-01-05 08:47:44.940 INFO in 'ProfileAnalyzerTest' at line 2222: [137.15916083463847, 137.15916083463847, 2, 100000, 111000, 140000, 174000, -1, 0, 0.04, 5, 'take_innsta_0.04', 20, 27, 41, 9.981468959299772, 137.15916083463847, 6]
2018-01-05 08:47:52.448 INFO in 'ProfileAnalyzerTest' at line 2176: AVG PVV 0.905438192778
2018-01-05 08:47:52.451 INFO in 'ProfileAnalyzerTest' at line 2177: AVG Volume -0.0767031023631
2018-01-05 08:52:11.476 INFO in 'ProfileAnalyzerTest' at line 2222: [1.8240929685499343, 1.8240929685499343, 3, 100000, 105000, 112000, 142000, -1, 0, 0.01, 0, 'take_innsta_0.01', 9, 0, 45, 4.273293575414596, 1.8240929685499343, 0]
2018-01-05 08:52:11.476 INFO in 'ProfileAnalyzerTest' at line 2222: [1.978628299651208, 1.978628299651208, 3, 100000, 105000, 112000, 140000, -1, 0, 0.01, 0, 'take_innsta_0.01', 9, 0, 43, 4.1778498946038924, 1.978628299651208, 0]
2018-01-05 08:52:11.476 INFO in 'ProfileAnalyzerTest' at line 2222: [2.2712429601532484, 2.2712429601532484, 3, 100000, 105000, 112000, 141000, -1, 0, 0.01, 0, 'take_innsta_0.01', 9, 0, 44, 4.417756357907531, 2.2712429601532484, 1]
2018-01-05 08:52:11.476 INFO in 'ProfileAnalyzerTest' at line 2222: [2.4346133855075602, 2.4346133855075602, 3, 100000, 105000, 112000, 144000, -1, 0, 0.01, 0, 'take_innsta_0.01', 9, 0, 45, 4.579400800843422, 2.4346133855075602, 0]
2018-01-05 08:52:11.476 INFO in 'ProfileAnalyzerTest' at line 2222: [2.6390738820593485, 2.6390738820593485, 3, 100000, 105000, 112000, 151000, -1, 0, 0.01, 0, 'take_innsta_0.01', 9, 0, 45, 4.696085424229446, 2.6390738820593485, 0]
2018-01-05 08:52:11.476 INFO in 'ProfileAnalyzerTest' at line 2222: [2.688147198712283, 2.688147198712283, 3, 100000, 105000, 112000, 143000, -1, 0, 0.01, 0, 'take_innsta_0.01', 9, 0, 45, 4.682676890811778, 2.688147198712283, 0]
2018-01-05 08:52:11.476 INFO in 'ProfileAnalyzerTest' at line 2222: [3.085920403756739, 3.085920403756739, 3, 100000, 105000, 112000, 145000, -1, 0, 0.01, 0, 'take_innsta_0.01', 9, 0, 44, 4.810378536027299, 3.085920403756739, 1]
2018-01-05 08:52:11.476 INFO in 'ProfileAnalyzerTest' at line 2222: [3.3878479754578423, 3.3878479754578423, 3, 100000, 105000, 112000, 150000, -1, 0, 0.01, 0, 'take_innsta_0.01', 9, 0, 45, 4.8998078873574, 3.3878479754578423, 0]
2018-01-05 08:52:11.476 INFO in 'ProfileAnalyzerTest' at line 2222: [3.4937794884671187, 3.4937794884671187, 3, 100000, 105000, 112000, 152000, -1, 0, 0.01, 0, 'take_innsta_0.01', 9, 0, 47, 4.953316655510486, 3.4937794884671187, 0]
2018-01-05 08:52:11.476 INFO in 'ProfileAnalyzerTest' at line 2222: [3.7712229207432744, 3.7712229207432744, 3, 100000, 105000, 112000, 162000, -1, 0, 0.01, 0, 'take_innsta_0.01', 9, 0, 49, 5.119040912587385, 3.7712229207432744, 0]
2018-01-05 08:52:11.476 INFO in 'ProfileAnalyzerTest' at line 2222: [3.883208742771981, 3.883208742771981, 3, 100000, 105000, 112000, 161000, -1, 0, 0.01, 0, 'take_innsta_0.01', 9, 0, 49, 5.141360954810932, 3.883208742771981, 0]
2018-01-05 08:52:11.479 INFO in 'ProfileAnalyzerTest' at line 2222: [4.051432948542656, 4.051432948542656, 3, 100000, 105000, 112000, 154000, -1, 0, 0.01, 0, 'take_innsta_0.01', 9, 0, 49, 5.152357208239469, 4.051432948542656, 0]
2018-01-05 08:52:11.479 INFO in 'ProfileAnalyzerTest' at line 2222: [4.194082836213334, 4.194082836213334, 3, 100000, 105000, 112000, 155000, -1, 0, 0.01, 0, 'take_innsta_0.01', 9, 0, 51, 5.200172996679714, 4.194082836213334, 0]
2018-01-05 08:52:11.479 INFO in 'ProfileAnalyzerTest' at line 2222: [4.2935362455642085, 4.2935362455642085, 3, 100000, 105000, 112000, 160000, -1, 0, 0.01, 0, 'take_innsta_0.01', 9, 0, 51, 5.231619837712727, 4.2935362455642085, 0]
2018-01-05 08:52:11.479 INFO in 'ProfileAnalyzerTest' at line 2222: [4.400683751495005, 4.400683751495005, 3, 100000, 105000, 112000, 165000, -1, 0, 0.01, 0, 'take_innsta_0.01', 9, 0, 48, 5.299838055011243, 4.400683751495005, 1]
2018-01-05 08:52:11.479 INFO in 'ProfileAnalyzerTest' at line 2222: [4.422635927644078, 4.422635927644078, 3, 100000, 105000, 112000, 163000, -1, 0, 0.01, 0, 'take_innsta_0.01', 9, 0, 49, 5.296198229806829, 4.422635927644078, 0]
2018-01-05 08:52:11.479 INFO in 'ProfileAnalyzerTest' at line 2222: [4.427405140688541, 4.427405140688541, 3, 100000, 105000, 112000, 170000, -1, 0, 0.01, 0, 'take_innsta_0.01', 9, 0, 49, 5.3093914417256505, 4.427405140688541, 0]
2018-01-05 08:52:11.479 INFO in 'ProfileAnalyzerTest' at line 2222: [4.483351650839682, 4.483351650839682, 3, 100000, 105000, 112000, 153000, -1, 0, 0.01, 0, 'take_innsta_0.01', 9, 0, 49, 5.241443623321558, 4.483351650839682, 0]
2018-01-05 08:52:11.480 INFO in 'ProfileAnalyzerTest' at line 2222: [4.529838829680786, 4.529838829680786, 3, 100000, 105000, 112000, 164000, -1, 0, 0.01, 0, 'take_innsta_0.01', 9, 0, 51, 5.318172246085758, 4.529838829680786, 0]
2018-01-05 08:52:11.480 INFO in 'ProfileAnalyzerTest' at line 2222: [4.782974634736595, 4.782974634736595, 3, 100000, 105000, 112000, 171000, -1, 0, 0.01, 0, 'take_innsta_0.01', 9, 0, 49, 5.402502315811234, 4.782974634736595, 0]
2018-01-05 08:52:11.480 INFO in 'ProfileAnalyzerTest' at line 2222: [5.298323875859656, 5.298323875859656, 3, 100000, 105000, 112000, 172000, -1, 0, 0.01, 0, 'take_innsta_0.01', 9, 0, 49, 5.510309714804747, 5.298323875859656, 0]
2018-01-05 08:52:11.480 INFO in 'ProfileAnalyzerTest' at line 2222: [5.345319333437533, 5.345319333437533, 3, 100000, 105000, 112000, 173000, -1, 0, 0.01, 0, 'take_innsta_0.01', 9, 0, 49, 5.5171630506007, 5.345319333437533, 0]
2018-01-05 08:52:11.480 INFO in 'ProfileAnalyzerTest' at line 2222: [5.693859240116769, 5.693859240116769, 3, 100000, 105000, 112000, 174000, -1, 0, 0.01, 0, 'take_innsta_0.01', 9, 0, 49, 5.57308850961246, 5.693859240116769, 0]
2018-01-05 08:52:11.480 INFO in 'ProfileAnalyzerTest' at line 2222: [5.931651464145407, 5.931651464145407, 3, 100000, 105000, 112000, 180000, -1, 0, 0.01, 0, 'take_innsta_0.01', 9, 0, 49, 5.625545707051928, 5.931651464145407, 0]
2018-01-05 08:52:11.480 INFO in 'ProfileAnalyzerTest' at line 2222: [5.9997094392920065, 5.9997094392920065, 3, 100000, 105000, 112000, 175000, -1, 0, 0.01, 0, 'take_innsta_0.01', 9, 0, 49, 5.631785802659144, 5.9997094392920065, 0]
2018-01-05 08:52:11.480 INFO in 'ProfileAnalyzerTest' at line 2222: [1.8240929685499343, 1.8240929685499343, 3, 100000, 105000, 112000, 142000, -1, 0, 0.01, 0, 'take_innsta_0.01', 9, 0, 45, 4.273293575414596, 1.8240929685499343, 0]
2018-01-05 08:52:11.480 INFO in 'ProfileAnalyzerTest' at line 2222: [1.978628299651208, 1.978628299651208, 3, 100000, 105000, 112000, 140000, -1, 0, 0.01, 0, 'take_innsta_0.01', 9, 0, 43, 4.1778498946038924, 1.978628299651208, 0]
2018-01-05 08:52:11.480 INFO in 'ProfileAnalyzerTest' at line 2222: [2.2712429601532484, 2.2712429601532484, 3, 100000, 105000, 112000, 141000, -1, 0, 0.01, 0, 'take_innsta_0.01', 9, 0, 44, 4.417756357907531, 2.2712429601532484, 1]
2018-01-05 08:52:11.480 INFO in 'ProfileAnalyzerTest' at line 2222: [2.4346133855075602, 2.4346133855075602, 3, 100000, 105000, 112000, 144000, -1, 0, 0.01, 0, 'take_innsta_0.01', 9, 0, 45, 4.579400800843422, 2.4346133855075602, 0]
2018-01-05 08:52:11.480 INFO in 'ProfileAnalyzerTest' at line 2222: [2.6390738820593485, 2.6390738820593485, 3, 100000, 105000, 112000, 151000, -1, 0, 0.01, 0, 'take_innsta_0.01', 9, 0, 45, 4.696085424229446, 2.6390738820593485, 0]
2018-01-05 08:52:11.480 INFO in 'ProfileAnalyzerTest' at line 2222: [2.688147198712283, 2.688147198712283, 3, 100000, 105000, 112000, 143000, -1, 0, 0.01, 0, 'take_innsta_0.01', 9, 0, 45, 4.682676890811778, 2.688147198712283, 0]
2018-01-05 08:52:11.482 INFO in 'ProfileAnalyzerTest' at line 2222: [3.085920403756739, 3.085920403756739, 3, 100000, 105000, 112000, 145000, -1, 0, 0.01, 0, 'take_innsta_0.01', 9, 0, 44, 4.810378536027299, 3.085920403756739, 1]
2018-01-05 08:52:11.482 INFO in 'ProfileAnalyzerTest' at line 2222: [3.3878479754578423, 3.3878479754578423, 3, 100000, 105000, 112000, 150000, -1, 0, 0.01, 0, 'take_innsta_0.01', 9, 0, 45, 4.8998078873574, 3.3878479754578423, 0]
2018-01-05 08:52:11.482 INFO in 'ProfileAnalyzerTest' at line 2222: [3.4937794884671187, 3.4937794884671187, 3, 100000, 105000, 112000, 152000, -1, 0, 0.01, 0, 'take_innsta_0.01', 9, 0, 47, 4.953316655510486, 3.4937794884671187, 0]
2018-01-05 08:52:11.482 INFO in 'ProfileAnalyzerTest' at line 2222: [3.7712229207432744, 3.7712229207432744, 3, 100000, 105000, 112000, 162000, -1, 0, 0.01, 0, 'take_innsta_0.01', 9, 0, 49, 5.119040912587385, 3.7712229207432744, 0]
2018-01-05 08:52:11.482 INFO in 'ProfileAnalyzerTest' at line 2222: [3.883208742771981, 3.883208742771981, 3, 100000, 105000, 112000, 161000, -1, 0, 0.01, 0, 'take_innsta_0.01', 9, 0, 49, 5.141360954810932, 3.883208742771981, 0]
2018-01-05 08:52:11.482 INFO in 'ProfileAnalyzerTest' at line 2222: [4.051432948542656, 4.051432948542656, 3, 100000, 105000, 112000, 154000, -1, 0, 0.01, 0, 'take_innsta_0.01', 9, 0, 49, 5.152357208239469, 4.051432948542656, 0]
2018-01-05 08:52:11.482 INFO in 'ProfileAnalyzerTest' at line 2222: [4.194082836213334, 4.194082836213334, 3, 100000, 105000, 112000, 155000, -1, 0, 0.01, 0, 'take_innsta_0.01', 9, 0, 51, 5.200172996679714, 4.194082836213334, 0]
2018-01-05 08:52:11.483 INFO in 'ProfileAnalyzerTest' at line 2222: [4.2935362455642085, 4.2935362455642085, 3, 100000, 105000, 112000, 160000, -1, 0, 0.01, 0, 'take_innsta_0.01', 9, 0, 51, 5.231619837712727, 4.2935362455642085, 0]
2018-01-05 08:52:11.483 INFO in 'ProfileAnalyzerTest' at line 2222: [4.400683751495005, 4.400683751495005, 3, 100000, 105000, 112000, 165000, -1, 0, 0.01, 0, 'take_innsta_0.01', 9, 0, 48, 5.299838055011243, 4.400683751495005, 1]
2018-01-05 08:52:11.483 INFO in 'ProfileAnalyzerTest' at line 2222: [4.422635927644078, 4.422635927644078, 3, 100000, 105000, 112000, 163000, -1, 0, 0.01, 0, 'take_innsta_0.01', 9, 0, 49, 5.296198229806829, 4.422635927644078, 0]
2018-01-05 08:52:11.483 INFO in 'ProfileAnalyzerTest' at line 2222: [4.427405140688541, 4.427405140688541, 3, 100000, 105000, 112000, 170000, -1, 0, 0.01, 0, 'take_innsta_0.01', 9, 0, 49, 5.3093914417256505, 4.427405140688541, 0]
2018-01-05 08:52:11.483 INFO in 'ProfileAnalyzerTest' at line 2222: [4.483351650839682, 4.483351650839682, 3, 100000, 105000, 112000, 153000, -1, 0, 0.01, 0, 'take_innsta_0.01', 9, 0, 49, 5.241443623321558, 4.483351650839682, 0]
2018-01-05 08:52:11.483 INFO in 'ProfileAnalyzerTest' at line 2222: [4.529838829680786, 4.529838829680786, 3, 100000, 105000, 112000, 164000, -1, 0, 0.01, 0, 'take_innsta_0.01', 9, 0, 51, 5.318172246085758, 4.529838829680786, 0]
2018-01-05 08:52:11.483 INFO in 'ProfileAnalyzerTest' at line 2222: [4.782974634736595, 4.782974634736595, 3, 100000, 105000, 112000, 171000, -1, 0, 0.01, 0, 'take_innsta_0.01', 9, 0, 49, 5.402502315811234, 4.782974634736595, 0]
2018-01-05 08:52:11.484 INFO in 'ProfileAnalyzerTest' at line 2222: [5.298323875859656, 5.298323875859656, 3, 100000, 105000, 112000, 172000, -1, 0, 0.01, 0, 'take_innsta_0.01', 9, 0, 49, 5.510309714804747, 5.298323875859656, 0]
2018-01-05 08:52:11.484 INFO in 'ProfileAnalyzerTest' at line 2222: [5.345319333437533, 5.345319333437533, 3, 100000, 105000, 112000, 173000, -1, 0, 0.01, 0, 'take_innsta_0.01', 9, 0, 49, 5.5171630506007, 5.345319333437533, 0]
2018-01-05 08:52:11.484 INFO in 'ProfileAnalyzerTest' at line 2222: [5.693859240116769, 5.693859240116769, 3, 100000, 105000, 112000, 174000, -1, 0, 0.01, 0, 'take_innsta_0.01', 9, 0, 49, 5.57308850961246, 5.693859240116769, 0]
2018-01-05 08:52:11.484 INFO in 'ProfileAnalyzerTest' at line 2222: [5.931651464145407, 5.931651464145407, 3, 100000, 105000, 112000, 180000, -1, 0, 0.01, 0, 'take_innsta_0.01', 9, 0, 49, 5.625545707051928, 5.931651464145407, 0]
2018-01-05 08:52:11.484 INFO in 'ProfileAnalyzerTest' at line 2222: [5.9997094392920065, 5.9997094392920065, 3, 100000, 105000, 112000, 175000, -1, 0, 0.01, 0, 'take_innsta_0.01', 9, 0, 49, 5.631785802659144, 5.9997094392920065, 0]
2018-01-05 08:52:11.484 INFO in 'ProfileAnalyzerTest' at line 2222: [1.8240929685499343, 1.8240929685499343, 3, 100000, 105000, 112000, 142000, -1, 0, 0.01, 0, 'take_innsta_0.01', 9, 0, 45, 4.273293575414596, 1.8240929685499343, 0]
2018-01-05 08:52:11.486 INFO in 'ProfileAnalyzerTest' at line 2222: [1.978628299651208, 1.978628299651208, 3, 100000, 105000, 112000, 140000, -1, 0, 0.01, 0, 'take_innsta_0.01', 9, 0, 43, 4.1778498946038924, 1.978628299651208, 0]
2018-01-05 08:52:11.486 INFO in 'ProfileAnalyzerTest' at line 2222: [2.2712429601532484, 2.2712429601532484, 3, 100000, 105000, 112000, 141000, -1, 0, 0.01, 0, 'take_innsta_0.01', 9, 0, 44, 4.417756357907531, 2.2712429601532484, 1]
2018-01-05 08:52:11.486 INFO in 'ProfileAnalyzerTest' at line 2222: [2.4346133855075602, 2.4346133855075602, 3, 100000, 105000, 112000, 144000, -1, 0, 0.01, 0, 'take_innsta_0.01', 9, 0, 45, 4.579400800843422, 2.4346133855075602, 0]
2018-01-05 08:52:11.486 INFO in 'ProfileAnalyzerTest' at line 2222: [2.6390738820593485, 2.6390738820593485, 3, 100000, 105000, 112000, 151000, -1, 0, 0.01, 0, 'take_innsta_0.01', 9, 0, 45, 4.696085424229446, 2.6390738820593485, 0]
2018-01-05 08:52:11.486 INFO in 'ProfileAnalyzerTest' at line 2222: [2.688147198712283, 2.688147198712283, 3, 100000, 105000, 112000, 143000, -1, 0, 0.01, 0, 'take_innsta_0.01', 9, 0, 45, 4.682676890811778, 2.688147198712283, 0]
2018-01-05 08:52:11.486 INFO in 'ProfileAnalyzerTest' at line 2222: [3.085920403756739, 3.085920403756739, 3, 100000, 105000, 112000, 145000, -1, 0, 0.01, 0, 'take_innsta_0.01', 9, 0, 44, 4.810378536027299, 3.085920403756739, 1]
2018-01-05 08:52:11.486 INFO in 'ProfileAnalyzerTest' at line 2222: [3.3878479754578423, 3.3878479754578423, 3, 100000, 105000, 112000, 150000, -1, 0, 0.01, 0, 'take_innsta_0.01', 9, 0, 45, 4.8998078873574, 3.3878479754578423, 0]
2018-01-05 08:52:11.486 INFO in 'ProfileAnalyzerTest' at line 2222: [3.4937794884671187, 3.4937794884671187, 3, 100000, 105000, 112000, 152000, -1, 0, 0.01, 0, 'take_innsta_0.01', 9, 0, 47, 4.953316655510486, 3.4937794884671187, 0]
2018-01-05 08:52:11.486 INFO in 'ProfileAnalyzerTest' at line 2222: [3.7712229207432744, 3.7712229207432744, 3, 100000, 105000, 112000, 162000, -1, 0, 0.01, 0, 'take_innsta_0.01', 9, 0, 49, 5.119040912587385, 3.7712229207432744, 0]
2018-01-05 08:52:11.486 INFO in 'ProfileAnalyzerTest' at line 2222: [3.883208742771981, 3.883208742771981, 3, 100000, 105000, 112000, 161000, -1, 0, 0.01, 0, 'take_innsta_0.01', 9, 0, 49, 5.141360954810932, 3.883208742771981, 0]
2018-01-05 08:52:11.486 INFO in 'ProfileAnalyzerTest' at line 2222: [4.051432948542656, 4.051432948542656, 3, 100000, 105000, 112000, 154000, -1, 0, 0.01, 0, 'take_innsta_0.01', 9, 0, 49, 5.152357208239469, 4.051432948542656, 0]
2018-01-05 08:52:11.486 INFO in 'ProfileAnalyzerTest' at line 2222: [4.194082836213334, 4.194082836213334, 3, 100000, 105000, 112000, 155000, -1, 0, 0.01, 0, 'take_innsta_0.01', 9, 0, 51, 5.200172996679714, 4.194082836213334, 0]
2018-01-05 08:52:11.486 INFO in 'ProfileAnalyzerTest' at line 2222: [4.2935362455642085, 4.2935362455642085, 3, 100000, 105000, 112000, 160000, -1, 0, 0.01, 0, 'take_innsta_0.01', 9, 0, 51, 5.231619837712727, 4.2935362455642085, 0]
2018-01-05 08:52:11.486 INFO in 'ProfileAnalyzerTest' at line 2222: [4.400683751495005, 4.400683751495005, 3, 100000, 105000, 112000, 165000, -1, 0, 0.01, 0, 'take_innsta_0.01', 9, 0, 48, 5.299838055011243, 4.400683751495005, 1]
2018-01-05 08:52:11.489 INFO in 'ProfileAnalyzerTest' at line 2222: [4.422635927644078, 4.422635927644078, 3, 100000, 105000, 112000, 163000, -1, 0, 0.01, 0, 'take_innsta_0.01', 9, 0, 49, 5.296198229806829, 4.422635927644078, 0]
2018-01-05 08:52:11.489 INFO in 'ProfileAnalyzerTest' at line 2222: [4.427405140688541, 4.427405140688541, 3, 100000, 105000, 112000, 170000, -1, 0, 0.01, 0, 'take_innsta_0.01', 9, 0, 49, 5.3093914417256505, 4.427405140688541, 0]
2018-01-05 08:52:11.489 INFO in 'ProfileAnalyzerTest' at line 2222: [4.483351650839682, 4.483351650839682, 3, 100000, 105000, 112000, 153000, -1, 0, 0.01, 0, 'take_innsta_0.01', 9, 0, 49, 5.241443623321558, 4.483351650839682, 0]
2018-01-05 08:52:11.489 INFO in 'ProfileAnalyzerTest' at line 2222: [4.529838829680786, 4.529838829680786, 3, 100000, 105000, 112000, 164000, -1, 0, 0.01, 0, 'take_innsta_0.01', 9, 0, 51, 5.318172246085758, 4.529838829680786, 0]
2018-01-05 08:52:11.489 INFO in 'ProfileAnalyzerTest' at line 2222: [4.782974634736595, 4.782974634736595, 3, 100000, 105000, 112000, 171000, -1, 0, 0.01, 0, 'take_innsta_0.01', 9, 0, 49, 5.402502315811234, 4.782974634736595, 0]
2018-01-05 08:52:11.489 INFO in 'ProfileAnalyzerTest' at line 2222: [5.298323875859656, 5.298323875859656, 3, 100000, 105000, 112000, 172000, -1, 0, 0.01, 0, 'take_innsta_0.01', 9, 0, 49, 5.510309714804747, 5.298323875859656, 0]
2018-01-05 08:52:11.489 INFO in 'ProfileAnalyzerTest' at line 2222: [5.345319333437533, 5.345319333437533, 3, 100000, 105000, 112000, 173000, -1, 0, 0.01, 0, 'take_innsta_0.01', 9, 0, 49, 5.5171630506007, 5.345319333437533, 0]
2018-01-05 08:52:11.490 INFO in 'ProfileAnalyzerTest' at line 2222: [5.693859240116769, 5.693859240116769, 3, 100000, 105000, 112000, 174000, -1, 0, 0.01, 0, 'take_innsta_0.01', 9, 0, 49, 5.57308850961246, 5.693859240116769, 0]
2018-01-05 08:52:11.490 INFO in 'ProfileAnalyzerTest' at line 2222: [5.931651464145407, 5.931651464145407, 3, 100000, 105000, 112000, 180000, -1, 0, 0.01, 0, 'take_innsta_0.01', 9, 0, 49, 5.625545707051928, 5.931651464145407, 0]
2018-01-05 08:52:11.490 INFO in 'ProfileAnalyzerTest' at line 2222: [5.9997094392920065, 5.9997094392920065, 3, 100000, 105000, 112000, 175000, -1, 0, 0.01, 0, 'take_innsta_0.01', 9, 0, 49, 5.631785802659144, 5.9997094392920065, 0]
2018-01-05 08:52:11.490 INFO in 'ProfileAnalyzerTest' at line 2222: [1.8472295578490479, 1.8472295578490479, 3, 100000, 114000, 155000, 174000, 1, 0, 0.04, 0, 'take_innsta_0.02', 9, 0, 43, 4.26450237777211, 1.8472295578490479, 2]
2018-01-05 08:52:11.490 INFO in 'ProfileAnalyzerTest' at line 2222: [1.99638645475008, 1.99638645475008, 3, 100000, 113000, 135000, 165000, 1, 0, 0.04, 0, 'take_innsta_0.02', 9, 0, 30, 6.018518469554182, 1.99638645475008, 1]
2018-01-05 08:52:11.490 INFO in 'ProfileAnalyzerTest' at line 2222: [2.011045110309869, 2.011045110309869, 3, 100000, 113000, 135000, 172000, 1, 0, 0.04, 0, 'take_innsta_0.02', 9, 0, 35, 6.526153903821283, 2.011045110309869, 0]
2018-01-05 08:52:11.490 INFO in 'ProfileAnalyzerTest' at line 2222: [2.0227563619880433, 2.0227563619880433, 3, 100000, 114000, 154000, 175000, 1, 0, 0.04, 0, 'take_innsta_0.02', 9, 0, 39, 5.061611674693207, 2.0227563619880433, 0]
2018-01-05 08:52:11.490 INFO in 'ProfileAnalyzerTest' at line 2222: [2.0554146811539735, 2.0554146811539735, 3, 100000, 113000, 155000, 175000, 1, 0, 0.04, 0, 'take_innsta_0.02', 9, 0, 37, 4.65658556464503, 2.0554146811539735, 4]
2018-01-05 08:52:11.490 INFO in 'ProfileAnalyzerTest' at line 2222: [2.2201512539758506, 2.2201512539758506, 3, 100000, 113000, 140000, 165000, 1, 0, 0.04, 0, 'take_innsta_0.02', 9, 0, 35, 6.053208404984417, 2.2201512539758506, 0]
2018-01-05 08:52:11.490 INFO in 'ProfileAnalyzerTest' at line 2222: [2.5317927792698005, 2.5317927792698005, 3, 100000, 113000, 150000, 174000, 1, 0, 0.04, 0, 'take_innsta_0.02', 9, 0, 35, 5.66855328979483, 2.5317927792698005, 2]
2018-01-05 08:52:11.490 INFO in 'ProfileAnalyzerTest' at line 2222: [2.7383137705090896, 2.7383137705090896, 3, 100000, 113000, 140000, 170000, 1, 0, 0.04, 0, 'take_innsta_0.02', 9, 0, 41, 6.567687662436421, 2.7383137705090896, 2]
2018-01-05 08:52:11.490 INFO in 'ProfileAnalyzerTest' at line 2222: [2.82298037108213, 2.82298037108213, 3, 100000, 113000, 155000, 174000, 1, 0, 0.04, 0, 'take_innsta_0.02', 9, 0, 39, 4.670155568684623, 2.82298037108213, 2]
2018-01-05 08:52:11.490 INFO in 'ProfileAnalyzerTest' at line 2222: [2.8792913159940867, 2.8792913159940867, 3, 100000, 113000, 135000, 170000, 1, 0, 0.04, 0, 'take_innsta_0.02', 9, 0, 36, 6.569088138351544, 2.8792913159940867, 1]
2018-01-05 08:52:11.492 INFO in 'ProfileAnalyzerTest' at line 2222: [3.1706398036760843, 3.1706398036760843, 3, 100000, 113000, 135000, 180000, 1, 0, 0.04, 0, 'take_innsta_0.02', 9, 0, 34, 8.495162402376376, 3.1706398036760843, 1]
2018-01-05 08:52:11.492 INFO in 'ProfileAnalyzerTest' at line 2222: [3.5493048219127066, 3.5493048219127066, 3, 100000, 113000, 154000, 175000, 1, 0, 0.04, 0, 'take_innsta_0.02', 9, 0, 37, 5.593932682663471, 3.5493048219127066, 0]
2018-01-05 08:52:11.492 INFO in 'ProfileAnalyzerTest' at line 2222: [3.797745440338436, 3.797745440338436, 3, 100000, 114000, 154000, 174000, 1, 0, 0.04, 0, 'take_innsta_0.02', 9, 0, 29, 5.308275908714647, 3.797745440338436, 0]
2018-01-05 08:52:11.492 INFO in 'ProfileAnalyzerTest' at line 2222: [5.441105107863606, 5.441105107863606, 3, 100000, 113000, 135000, 174000, 1, 0, 0.04, 0, 'take_innsta_0.02', 9, 0, 27, 8.442923750815984, 5.441105107863606, 0]
2018-01-05 08:52:11.492 INFO in 'ProfileAnalyzerTest' at line 2222: [6.255621016485237, 6.255621016485237, 3, 100000, 113000, 154000, 174000, 1, 0, 0.04, 0, 'take_innsta_0.02', 9, 0, 31, 5.793304616290271, 6.255621016485237, 0]
2018-01-05 08:52:11.492 INFO in 'ProfileAnalyzerTest' at line 2222: [7.57585842785523, 7.57585842785523, 3, 100000, 113000, 135000, 175000, 1, 0, 0.04, 0, 'take_innsta_0.02', 9, 0, 26, 8.918697845327221, 7.57585842785523, 1]
2018-01-05 08:52:11.493 INFO in 'ProfileAnalyzerTest' at line 2222: [1.8240929685499343, 1.8240929685499343, 3, 100000, 105000, 112000, 142000, -1, 0, 0.01, 0, 'take_innsta_0.01', 9, 0, 45, 4.273293575414596, 1.8240929685499343, 0]
2018-01-05 08:52:11.493 INFO in 'ProfileAnalyzerTest' at line 2222: [1.978628299651208, 1.978628299651208, 3, 100000, 105000, 112000, 140000, -1, 0, 0.01, 0, 'take_innsta_0.01', 9, 0, 43, 4.1778498946038924, 1.978628299651208, 0]
2018-01-05 08:52:11.493 INFO in 'ProfileAnalyzerTest' at line 2222: [2.2712429601532484, 2.2712429601532484, 3, 100000, 105000, 112000, 141000, -1, 0, 0.01, 0, 'take_innsta_0.01', 9, 0, 44, 4.417756357907531, 2.2712429601532484, 1]
2018-01-05 08:52:11.493 INFO in 'ProfileAnalyzerTest' at line 2222: [2.4346133855075602, 2.4346133855075602, 3, 100000, 105000, 112000, 144000, -1, 0, 0.01, 0, 'take_innsta_0.01', 9, 0, 45, 4.579400800843422, 2.4346133855075602, 0]
2018-01-05 08:52:11.493 INFO in 'ProfileAnalyzerTest' at line 2222: [2.6390738820593485, 2.6390738820593485, 3, 100000, 105000, 112000, 151000, -1, 0, 0.01, 0, 'take_innsta_0.01', 9, 0, 45, 4.696085424229446, 2.6390738820593485, 0]
2018-01-05 08:52:11.493 INFO in 'ProfileAnalyzerTest' at line 2222: [2.688147198712283, 2.688147198712283, 3, 100000, 105000, 112000, 143000, -1, 0, 0.01, 0, 'take_innsta_0.01', 9, 0, 45, 4.682676890811778, 2.688147198712283, 0]
2018-01-05 08:52:11.493 INFO in 'ProfileAnalyzerTest' at line 2222: [3.085920403756739, 3.085920403756739, 3, 100000, 105000, 112000, 145000, -1, 0, 0.01, 0, 'take_innsta_0.01', 9, 0, 44, 4.810378536027299, 3.085920403756739, 1]
2018-01-05 08:52:11.494 INFO in 'ProfileAnalyzerTest' at line 2222: [3.3878479754578423, 3.3878479754578423, 3, 100000, 105000, 112000, 150000, -1, 0, 0.01, 0, 'take_innsta_0.01', 9, 0, 45, 4.8998078873574, 3.3878479754578423, 0]
2018-01-05 08:52:11.494 INFO in 'ProfileAnalyzerTest' at line 2222: [3.4937794884671187, 3.4937794884671187, 3, 100000, 105000, 112000, 152000, -1, 0, 0.01, 0, 'take_innsta_0.01', 9, 0, 47, 4.953316655510486, 3.4937794884671187, 0]
2018-01-05 08:52:11.494 INFO in 'ProfileAnalyzerTest' at line 2222: [3.7712229207432744, 3.7712229207432744, 3, 100000, 105000, 112000, 162000, -1, 0, 0.01, 0, 'take_innsta_0.01', 9, 0, 49, 5.119040912587385, 3.7712229207432744, 0]
2018-01-05 08:52:11.494 INFO in 'ProfileAnalyzerTest' at line 2222: [3.883208742771981, 3.883208742771981, 3, 100000, 105000, 112000, 161000, -1, 0, 0.01, 0, 'take_innsta_0.01', 9, 0, 49, 5.141360954810932, 3.883208742771981, 0]
2018-01-05 08:52:11.494 INFO in 'ProfileAnalyzerTest' at line 2222: [4.051432948542656, 4.051432948542656, 3, 100000, 105000, 112000, 154000, -1, 0, 0.01, 0, 'take_innsta_0.01', 9, 0, 49, 5.152357208239469, 4.051432948542656, 0]
2018-01-05 08:52:11.494 INFO in 'ProfileAnalyzerTest' at line 2222: [4.194082836213334, 4.194082836213334, 3, 100000, 105000, 112000, 155000, -1, 0, 0.01, 0, 'take_innsta_0.01', 9, 0, 51, 5.200172996679714, 4.194082836213334, 0]
2018-01-05 08:52:11.496 INFO in 'ProfileAnalyzerTest' at line 2222: [4.2935362455642085, 4.2935362455642085, 3, 100000, 105000, 112000, 160000, -1, 0, 0.01, 0, 'take_innsta_0.01', 9, 0, 51, 5.231619837712727, 4.2935362455642085, 0]
2018-01-05 08:52:11.496 INFO in 'ProfileAnalyzerTest' at line 2222: [4.400683751495005, 4.400683751495005, 3, 100000, 105000, 112000, 165000, -1, 0, 0.01, 0, 'take_innsta_0.01', 9, 0, 48, 5.299838055011243, 4.400683751495005, 1]
2018-01-05 08:52:11.496 INFO in 'ProfileAnalyzerTest' at line 2222: [4.422635927644078, 4.422635927644078, 3, 100000, 105000, 112000, 163000, -1, 0, 0.01, 0, 'take_innsta_0.01', 9, 0, 49, 5.296198229806829, 4.422635927644078, 0]
2018-01-05 08:52:11.496 INFO in 'ProfileAnalyzerTest' at line 2222: [4.427405140688541, 4.427405140688541, 3, 100000, 105000, 112000, 170000, -1, 0, 0.01, 0, 'take_innsta_0.01', 9, 0, 49, 5.3093914417256505, 4.427405140688541, 0]
2018-01-05 08:52:11.496 INFO in 'ProfileAnalyzerTest' at line 2222: [4.483351650839682, 4.483351650839682, 3, 100000, 105000, 112000, 153000, -1, 0, 0.01, 0, 'take_innsta_0.01', 9, 0, 49, 5.241443623321558, 4.483351650839682, 0]
2018-01-05 08:52:11.496 INFO in 'ProfileAnalyzerTest' at line 2222: [4.529838829680786, 4.529838829680786, 3, 100000, 105000, 112000, 164000, -1, 0, 0.01, 0, 'take_innsta_0.01', 9, 0, 51, 5.318172246085758, 4.529838829680786, 0]
2018-01-05 08:52:11.496 INFO in 'ProfileAnalyzerTest' at line 2222: [4.782974634736595, 4.782974634736595, 3, 100000, 105000, 112000, 171000, -1, 0, 0.01, 0, 'take_innsta_0.01', 9, 0, 49, 5.402502315811234, 4.782974634736595, 0]
2018-01-05 08:52:11.496 INFO in 'ProfileAnalyzerTest' at line 2222: [5.298323875859656, 5.298323875859656, 3, 100000, 105000, 112000, 172000, -1, 0, 0.01, 0, 'take_innsta_0.01', 9, 0, 49, 5.510309714804747, 5.298323875859656, 0]
2018-01-05 08:52:11.496 INFO in 'ProfileAnalyzerTest' at line 2222: [5.345319333437533, 5.345319333437533, 3, 100000, 105000, 112000, 173000, -1, 0, 0.01, 0, 'take_innsta_0.01', 9, 0, 49, 5.5171630506007, 5.345319333437533, 0]
2018-01-05 08:52:11.496 INFO in 'ProfileAnalyzerTest' at line 2222: [5.693859240116769, 5.693859240116769, 3, 100000, 105000, 112000, 174000, -1, 0, 0.01, 0, 'take_innsta_0.01', 9, 0, 49, 5.57308850961246, 5.693859240116769, 0]
2018-01-05 08:52:11.496 INFO in 'ProfileAnalyzerTest' at line 2222: [5.931651464145407, 5.931651464145407, 3, 100000, 105000, 112000, 180000, -1, 0, 0.01, 0, 'take_innsta_0.01', 9, 0, 49, 5.625545707051928, 5.931651464145407, 0]
2018-01-05 08:52:11.496 INFO in 'ProfileAnalyzerTest' at line 2222: [5.9997094392920065, 5.9997094392920065, 3, 100000, 105000, 112000, 175000, -1, 0, 0.01, 0, 'take_innsta_0.01', 9, 0, 49, 5.631785802659144, 5.9997094392920065, 0]
2018-01-05 08:52:11.496 INFO in 'ProfileAnalyzerTest' at line 2222: [1.8240929685499343, 1.8240929685499343, 3, 100000, 105000, 112000, 142000, -1, 0, 0.01, 0, 'take_innsta_0.01', 9, 0, 45, 4.273293575414596, 1.8240929685499343, 0]
2018-01-05 08:52:11.496 INFO in 'ProfileAnalyzerTest' at line 2222: [1.978628299651208, 1.978628299651208, 3, 100000, 105000, 112000, 140000, -1, 0, 0.01, 0, 'take_innsta_0.01', 9, 0, 43, 4.1778498946038924, 1.978628299651208, 0]
2018-01-05 08:52:11.499 INFO in 'ProfileAnalyzerTest' at line 2222: [2.2712429601532484, 2.2712429601532484, 3, 100000, 105000, 112000, 141000, -1, 0, 0.01, 0, 'take_innsta_0.01', 9, 0, 44, 4.417756357907531, 2.2712429601532484, 1]
2018-01-05 08:52:11.499 INFO in 'ProfileAnalyzerTest' at line 2222: [2.4346133855075602, 2.4346133855075602, 3, 100000, 105000, 112000, 144000, -1, 0, 0.01, 0, 'take_innsta_0.01', 9, 0, 45, 4.579400800843422, 2.4346133855075602, 0]
2018-01-05 08:52:11.499 INFO in 'ProfileAnalyzerTest' at line 2222: [2.6390738820593485, 2.6390738820593485, 3, 100000, 105000, 112000, 151000, -1, 0, 0.01, 0, 'take_innsta_0.01', 9, 0, 45, 4.696085424229446, 2.6390738820593485, 0]
2018-01-05 08:52:11.499 INFO in 'ProfileAnalyzerTest' at line 2222: [2.688147198712283, 2.688147198712283, 3, 100000, 105000, 112000, 143000, -1, 0, 0.01, 0, 'take_innsta_0.01', 9, 0, 45, 4.682676890811778, 2.688147198712283, 0]
2018-01-05 08:52:11.499 INFO in 'ProfileAnalyzerTest' at line 2222: [3.085920403756739, 3.085920403756739, 3, 100000, 105000, 112000, 145000, -1, 0, 0.01, 0, 'take_innsta_0.01', 9, 0, 44, 4.810378536027299, 3.085920403756739, 1]
2018-01-05 08:52:11.499 INFO in 'ProfileAnalyzerTest' at line 2222: [3.3878479754578423, 3.3878479754578423, 3, 100000, 105000, 112000, 150000, -1, 0, 0.01, 0, 'take_innsta_0.01', 9, 0, 45, 4.8998078873574, 3.3878479754578423, 0]
2018-01-05 08:52:11.500 INFO in 'ProfileAnalyzerTest' at line 2222: [3.4937794884671187, 3.4937794884671187, 3, 100000, 105000, 112000, 152000, -1, 0, 0.01, 0, 'take_innsta_0.01', 9, 0, 47, 4.953316655510486, 3.4937794884671187, 0]
2018-01-05 08:52:11.500 INFO in 'ProfileAnalyzerTest' at line 2222: [3.7712229207432744, 3.7712229207432744, 3, 100000, 105000, 112000, 162000, -1, 0, 0.01, 0, 'take_innsta_0.01', 9, 0, 49, 5.119040912587385, 3.7712229207432744, 0]
2018-01-05 08:52:11.500 INFO in 'ProfileAnalyzerTest' at line 2222: [3.883208742771981, 3.883208742771981, 3, 100000, 105000, 112000, 161000, -1, 0, 0.01, 0, 'take_innsta_0.01', 9, 0, 49, 5.141360954810932, 3.883208742771981, 0]
2018-01-05 08:52:11.500 INFO in 'ProfileAnalyzerTest' at line 2222: [4.051432948542656, 4.051432948542656, 3, 100000, 105000, 112000, 154000, -1, 0, 0.01, 0, 'take_innsta_0.01', 9, 0, 49, 5.152357208239469, 4.051432948542656, 0]
2018-01-05 08:52:11.500 INFO in 'ProfileAnalyzerTest' at line 2222: [4.194082836213334, 4.194082836213334, 3, 100000, 105000, 112000, 155000, -1, 0, 0.01, 0, 'take_innsta_0.01', 9, 0, 51, 5.200172996679714, 4.194082836213334, 0]
2018-01-05 08:52:11.500 INFO in 'ProfileAnalyzerTest' at line 2222: [4.2935362455642085, 4.2935362455642085, 3, 100000, 105000, 112000, 160000, -1, 0, 0.01, 0, 'take_innsta_0.01', 9, 0, 51, 5.231619837712727, 4.2935362455642085, 0]
2018-01-05 08:52:11.500 INFO in 'ProfileAnalyzerTest' at line 2222: [4.400683751495005, 4.400683751495005, 3, 100000, 105000, 112000, 165000, -1, 0, 0.01, 0, 'take_innsta_0.01', 9, 0, 48, 5.299838055011243, 4.400683751495005, 1]
2018-01-05 08:52:11.500 INFO in 'ProfileAnalyzerTest' at line 2222: [4.422635927644078, 4.422635927644078, 3, 100000, 105000, 112000, 163000, -1, 0, 0.01, 0, 'take_innsta_0.01', 9, 0, 49, 5.296198229806829, 4.422635927644078, 0]
2018-01-05 08:52:11.500 INFO in 'ProfileAnalyzerTest' at line 2222: [4.427405140688541, 4.427405140688541, 3, 100000, 105000, 112000, 170000, -1, 0, 0.01, 0, 'take_innsta_0.01', 9, 0, 49, 5.3093914417256505, 4.427405140688541, 0]
2018-01-05 08:52:11.500 INFO in 'ProfileAnalyzerTest' at line 2222: [4.483351650839682, 4.483351650839682, 3, 100000, 105000, 112000, 153000, -1, 0, 0.01, 0, 'take_innsta_0.01', 9, 0, 49, 5.241443623321558, 4.483351650839682, 0]
2018-01-05 08:52:11.500 INFO in 'ProfileAnalyzerTest' at line 2222: [4.529838829680786, 4.529838829680786, 3, 100000, 105000, 112000, 164000, -1, 0, 0.01, 0, 'take_innsta_0.01', 9, 0, 51, 5.318172246085758, 4.529838829680786, 0]
2018-01-05 08:52:11.500 INFO in 'ProfileAnalyzerTest' at line 2222: [4.782974634736595, 4.782974634736595, 3, 100000, 105000, 112000, 171000, -1, 0, 0.01, 0, 'take_innsta_0.01', 9, 0, 49, 5.402502315811234, 4.782974634736595, 0]
2018-01-05 08:52:11.500 INFO in 'ProfileAnalyzerTest' at line 2222: [5.298323875859656, 5.298323875859656, 3, 100000, 105000, 112000, 172000, -1, 0, 0.01, 0, 'take_innsta_0.01', 9, 0, 49, 5.510309714804747, 5.298323875859656, 0]
2018-01-05 08:52:11.500 INFO in 'ProfileAnalyzerTest' at line 2222: [5.345319333437533, 5.345319333437533, 3, 100000, 105000, 112000, 173000, -1, 0, 0.01, 0, 'take_innsta_0.01', 9, 0, 49, 5.5171630506007, 5.345319333437533, 0]
2018-01-05 08:52:11.502 INFO in 'ProfileAnalyzerTest' at line 2222: [5.693859240116769, 5.693859240116769, 3, 100000, 105000, 112000, 174000, -1, 0, 0.01, 0, 'take_innsta_0.01', 9, 0, 49, 5.57308850961246, 5.693859240116769, 0]
2018-01-05 08:52:11.502 INFO in 'ProfileAnalyzerTest' at line 2222: [5.931651464145407, 5.931651464145407, 3, 100000, 105000, 112000, 180000, -1, 0, 0.01, 0, 'take_innsta_0.01', 9, 0, 49, 5.625545707051928, 5.931651464145407, 0]
2018-01-05 08:52:11.502 INFO in 'ProfileAnalyzerTest' at line 2222: [5.9997094392920065, 5.9997094392920065, 3, 100000, 105000, 112000, 175000, -1, 0, 0.01, 0, 'take_innsta_0.01', 9, 0, 49, 5.631785802659144, 5.9997094392920065, 0]
2018-01-05 08:52:11.502 INFO in 'ProfileAnalyzerTest' at line 2222: [1.8240929685499343, 1.8240929685499343, 3, 100000, 105000, 112000, 142000, -1, 0, 0.01, 0, 'take_innsta_0.01', 9, 0, 45, 4.273293575414596, 1.8240929685499343, 0]
2018-01-05 08:52:11.502 INFO in 'ProfileAnalyzerTest' at line 2222: [1.978628299651208, 1.978628299651208, 3, 100000, 105000, 112000, 140000, -1, 0, 0.01, 0, 'take_innsta_0.01', 9, 0, 43, 4.1778498946038924, 1.978628299651208, 0]
2018-01-05 08:52:11.502 INFO in 'ProfileAnalyzerTest' at line 2222: [2.2712429601532484, 2.2712429601532484, 3, 100000, 105000, 112000, 141000, -1, 0, 0.01, 0, 'take_innsta_0.01', 9, 0, 44, 4.417756357907531, 2.2712429601532484, 1]
2018-01-05 08:52:11.503 INFO in 'ProfileAnalyzerTest' at line 2222: [2.4346133855075602, 2.4346133855075602, 3, 100000, 105000, 112000, 144000, -1, 0, 0.01, 0, 'take_innsta_0.01', 9, 0, 45, 4.579400800843422, 2.4346133855075602, 0]
2018-01-05 08:52:11.503 INFO in 'ProfileAnalyzerTest' at line 2222: [2.6390738820593485, 2.6390738820593485, 3, 100000, 105000, 112000, 151000, -1, 0, 0.01, 0, 'take_innsta_0.01', 9, 0, 45, 4.696085424229446, 2.6390738820593485, 0]
2018-01-05 08:52:11.503 INFO in 'ProfileAnalyzerTest' at line 2222: [2.688147198712283, 2.688147198712283, 3, 100000, 105000, 112000, 143000, -1, 0, 0.01, 0, 'take_innsta_0.01', 9, 0, 45, 4.682676890811778, 2.688147198712283, 0]
2018-01-05 08:52:11.503 INFO in 'ProfileAnalyzerTest' at line 2222: [3.085920403756739, 3.085920403756739, 3, 100000, 105000, 112000, 145000, -1, 0, 0.01, 0, 'take_innsta_0.01', 9, 0, 44, 4.810378536027299, 3.085920403756739, 1]
2018-01-05 08:52:11.503 INFO in 'ProfileAnalyzerTest' at line 2222: [3.3878479754578423, 3.3878479754578423, 3, 100000, 105000, 112000, 150000, -1, 0, 0.01, 0, 'take_innsta_0.01', 9, 0, 45, 4.8998078873574, 3.3878479754578423, 0]
2018-01-05 08:52:11.503 INFO in 'ProfileAnalyzerTest' at line 2222: [3.4937794884671187, 3.4937794884671187, 3, 100000, 105000, 112000, 152000, -1, 0, 0.01, 0, 'take_innsta_0.01', 9, 0, 47, 4.953316655510486, 3.4937794884671187, 0]
2018-01-05 08:52:11.503 INFO in 'ProfileAnalyzerTest' at line 2222: [3.7712229207432744, 3.7712229207432744, 3, 100000, 105000, 112000, 162000, -1, 0, 0.01, 0, 'take_innsta_0.01', 9, 0, 49, 5.119040912587385, 3.7712229207432744, 0]
2018-01-05 08:52:11.505 INFO in 'ProfileAnalyzerTest' at line 2222: [3.883208742771981, 3.883208742771981, 3, 100000, 105000, 112000, 161000, -1, 0, 0.01, 0, 'take_innsta_0.01', 9, 0, 49, 5.141360954810932, 3.883208742771981, 0]
2018-01-05 08:52:11.505 INFO in 'ProfileAnalyzerTest' at line 2222: [4.051432948542656, 4.051432948542656, 3, 100000, 105000, 112000, 154000, -1, 0, 0.01, 0, 'take_innsta_0.01', 9, 0, 49, 5.152357208239469, 4.051432948542656, 0]
2018-01-05 08:52:11.505 INFO in 'ProfileAnalyzerTest' at line 2222: [4.194082836213334, 4.194082836213334, 3, 100000, 105000, 112000, 155000, -1, 0, 0.01, 0, 'take_innsta_0.01', 9, 0, 51, 5.200172996679714, 4.194082836213334, 0]
2018-01-05 08:52:11.505 INFO in 'ProfileAnalyzerTest' at line 2222: [4.2935362455642085, 4.2935362455642085, 3, 100000, 105000, 112000, 160000, -1, 0, 0.01, 0, 'take_innsta_0.01', 9, 0, 51, 5.231619837712727, 4.2935362455642085, 0]
2018-01-05 08:52:11.505 INFO in 'ProfileAnalyzerTest' at line 2222: [4.400683751495005, 4.400683751495005, 3, 100000, 105000, 112000, 165000, -1, 0, 0.01, 0, 'take_innsta_0.01', 9, 0, 48, 5.299838055011243, 4.400683751495005, 1]
2018-01-05 08:52:11.505 INFO in 'ProfileAnalyzerTest' at line 2222: [4.422635927644078, 4.422635927644078, 3, 100000, 105000, 112000, 163000, -1, 0, 0.01, 0, 'take_innsta_0.01', 9, 0, 49, 5.296198229806829, 4.422635927644078, 0]
2018-01-05 08:52:11.505 INFO in 'ProfileAnalyzerTest' at line 2222: [4.427405140688541, 4.427405140688541, 3, 100000, 105000, 112000, 170000, -1, 0, 0.01, 0, 'take_innsta_0.01', 9, 0, 49, 5.3093914417256505, 4.427405140688541, 0]
2018-01-05 08:52:11.506 INFO in 'ProfileAnalyzerTest' at line 2222: [4.483351650839682, 4.483351650839682, 3, 100000, 105000, 112000, 153000, -1, 0, 0.01, 0, 'take_innsta_0.01', 9, 0, 49, 5.241443623321558, 4.483351650839682, 0]
2018-01-05 08:52:11.506 INFO in 'ProfileAnalyzerTest' at line 2222: [4.529838829680786, 4.529838829680786, 3, 100000, 105000, 112000, 164000, -1, 0, 0.01, 0, 'take_innsta_0.01', 9, 0, 51, 5.318172246085758, 4.529838829680786, 0]
2018-01-05 08:52:11.506 INFO in 'ProfileAnalyzerTest' at line 2222: [4.782974634736595, 4.782974634736595, 3, 100000, 105000, 112000, 171000, -1, 0, 0.01, 0, 'take_innsta_0.01', 9, 0, 49, 5.402502315811234, 4.782974634736595, 0]
2018-01-05 08:52:11.506 INFO in 'ProfileAnalyzerTest' at line 2222: [5.298323875859656, 5.298323875859656, 3, 100000, 105000, 112000, 172000, -1, 0, 0.01, 0, 'take_innsta_0.01', 9, 0, 49, 5.510309714804747, 5.298323875859656, 0]
2018-01-05 08:52:11.506 INFO in 'ProfileAnalyzerTest' at line 2222: [5.345319333437533, 5.345319333437533, 3, 100000, 105000, 112000, 173000, -1, 0, 0.01, 0, 'take_innsta_0.01', 9, 0, 49, 5.5171630506007, 5.345319333437533, 0]
2018-01-05 08:52:11.506 INFO in 'ProfileAnalyzerTest' at line 2222: [5.693859240116769, 5.693859240116769, 3, 100000, 105000, 112000, 174000, -1, 0, 0.01, 0, 'take_innsta_0.01', 9, 0, 49, 5.57308850961246, 5.693859240116769, 0]
2018-01-05 08:52:11.506 INFO in 'ProfileAnalyzerTest' at line 2222: [5.931651464145407, 5.931651464145407, 3, 100000, 105000, 112000, 180000, -1, 0, 0.01, 0, 'take_innsta_0.01', 9, 0, 49, 5.625545707051928, 5.931651464145407, 0]
2018-01-05 08:52:11.506 INFO in 'ProfileAnalyzerTest' at line 2222: [5.9997094392920065, 5.9997094392920065, 3, 100000, 105000, 112000, 175000, -1, 0, 0.01, 0, 'take_innsta_0.01', 9, 0, 49, 5.631785802659144, 5.9997094392920065, 0]
2018-01-05 08:52:11.506 INFO in 'ProfileAnalyzerTest' at line 2222: [1.8472295578490479, 1.8472295578490479, 3, 100000, 114000, 155000, 174000, 1, 0, 0.04, 0, 'take_innsta_0.02', 9, 0, 43, 4.26450237777211, 1.8472295578490479, 2]
2018-01-05 08:52:11.506 INFO in 'ProfileAnalyzerTest' at line 2222: [1.99638645475008, 1.99638645475008, 3, 100000, 113000, 135000, 165000, 1, 0, 0.04, 0, 'take_innsta_0.02', 9, 0, 30, 6.018518469554182, 1.99638645475008, 1]
2018-01-05 08:52:11.506 INFO in 'ProfileAnalyzerTest' at line 2222: [2.011045110309869, 2.011045110309869, 3, 100000, 113000, 135000, 172000, 1, 0, 0.04, 0, 'take_innsta_0.02', 9, 0, 35, 6.526153903821283, 2.011045110309869, 0]
2018-01-05 08:52:11.506 INFO in 'ProfileAnalyzerTest' at line 2222: [2.0227563619880433, 2.0227563619880433, 3, 100000, 114000, 154000, 175000, 1, 0, 0.04, 0, 'take_innsta_0.02', 9, 0, 39, 5.061611674693207, 2.0227563619880433, 0]
2018-01-05 08:52:11.506 INFO in 'ProfileAnalyzerTest' at line 2222: [2.0554146811539735, 2.0554146811539735, 3, 100000, 113000, 155000, 175000, 1, 0, 0.04, 0, 'take_innsta_0.02', 9, 0, 37, 4.65658556464503, 2.0554146811539735, 4]
2018-01-05 08:52:11.509 INFO in 'ProfileAnalyzerTest' at line 2222: [2.2201512539758506, 2.2201512539758506, 3, 100000, 113000, 140000, 165000, 1, 0, 0.04, 0, 'take_innsta_0.02', 9, 0, 35, 6.053208404984417, 2.2201512539758506, 0]
2018-01-05 08:52:11.509 INFO in 'ProfileAnalyzerTest' at line 2222: [2.5317927792698005, 2.5317927792698005, 3, 100000, 113000, 150000, 174000, 1, 0, 0.04, 0, 'take_innsta_0.02', 9, 0, 35, 5.66855328979483, 2.5317927792698005, 2]
2018-01-05 08:52:11.509 INFO in 'ProfileAnalyzerTest' at line 2222: [2.7383137705090896, 2.7383137705090896, 3, 100000, 113000, 140000, 170000, 1, 0, 0.04, 0, 'take_innsta_0.02', 9, 0, 41, 6.567687662436421, 2.7383137705090896, 2]
2018-01-05 08:52:11.509 INFO in 'ProfileAnalyzerTest' at line 2222: [2.82298037108213, 2.82298037108213, 3, 100000, 113000, 155000, 174000, 1, 0, 0.04, 0, 'take_innsta_0.02', 9, 0, 39, 4.670155568684623, 2.82298037108213, 2]
2018-01-05 08:52:11.509 INFO in 'ProfileAnalyzerTest' at line 2222: [2.8792913159940867, 2.8792913159940867, 3, 100000, 113000, 135000, 170000, 1, 0, 0.04, 0, 'take_innsta_0.02', 9, 0, 36, 6.569088138351544, 2.8792913159940867, 1]
2018-01-05 08:52:11.509 INFO in 'ProfileAnalyzerTest' at line 2222: [3.1706398036760843, 3.1706398036760843, 3, 100000, 113000, 135000, 180000, 1, 0, 0.04, 0, 'take_innsta_0.02', 9, 0, 34, 8.495162402376376, 3.1706398036760843, 1]
2018-01-05 08:52:11.509 INFO in 'ProfileAnalyzerTest' at line 2222: [3.5493048219127066, 3.5493048219127066, 3, 100000, 113000, 154000, 175000, 1, 0, 0.04, 0, 'take_innsta_0.02', 9, 0, 37, 5.593932682663471, 3.5493048219127066, 0]
2018-01-05 08:52:11.509 INFO in 'ProfileAnalyzerTest' at line 2222: [3.797745440338436, 3.797745440338436, 3, 100000, 114000, 154000, 174000, 1, 0, 0.04, 0, 'take_innsta_0.02', 9, 0, 29, 5.308275908714647, 3.797745440338436, 0]
2018-01-05 08:52:11.509 INFO in 'ProfileAnalyzerTest' at line 2222: [5.441105107863606, 5.441105107863606, 3, 100000, 113000, 135000, 174000, 1, 0, 0.04, 0, 'take_innsta_0.02', 9, 0, 27, 8.442923750815984, 5.441105107863606, 0]
2018-01-05 08:52:11.509 INFO in 'ProfileAnalyzerTest' at line 2222: [6.255621016485237, 6.255621016485237, 3, 100000, 113000, 154000, 174000, 1, 0, 0.04, 0, 'take_innsta_0.02', 9, 0, 31, 5.793304616290271, 6.255621016485237, 0]
2018-01-05 08:52:11.509 INFO in 'ProfileAnalyzerTest' at line 2222: [7.57585842785523, 7.57585842785523, 3, 100000, 113000, 135000, 175000, 1, 0, 0.04, 0, 'take_innsta_0.02', 9, 0, 26, 8.918697845327221, 7.57585842785523, 1]
2018-01-05 08:52:11.509 INFO in 'ProfileAnalyzerTest' at line 2222: [1.8472295578490479, 1.8472295578490479, 3, 100000, 114000, 155000, 174000, 1, 0, 0.04, 0, 'take_innsta_0.02', 9, 0, 43, 4.26450237777211, 1.8472295578490479, 2]
2018-01-05 08:52:11.509 INFO in 'ProfileAnalyzerTest' at line 2222: [1.99638645475008, 1.99638645475008, 3, 100000, 113000, 135000, 165000, 1, 0, 0.04, 0, 'take_innsta_0.02', 9, 0, 30, 6.018518469554182, 1.99638645475008, 1]
2018-01-05 08:52:11.510 INFO in 'ProfileAnalyzerTest' at line 2222: [2.011045110309869, 2.011045110309869, 3, 100000, 113000, 135000, 172000, 1, 0, 0.04, 0, 'take_innsta_0.02', 9, 0, 35, 6.526153903821283, 2.011045110309869, 0]
2018-01-05 08:52:11.510 INFO in 'ProfileAnalyzerTest' at line 2222: [2.0227563619880433, 2.0227563619880433, 3, 100000, 114000, 154000, 175000, 1, 0, 0.04, 0, 'take_innsta_0.02', 9, 0, 39, 5.061611674693207, 2.0227563619880433, 0]
2018-01-05 08:52:11.510 INFO in 'ProfileAnalyzerTest' at line 2222: [2.0554146811539735, 2.0554146811539735, 3, 100000, 113000, 155000, 175000, 1, 0, 0.04, 0, 'take_innsta_0.02', 9, 0, 37, 4.65658556464503, 2.0554146811539735, 4]
2018-01-05 08:52:11.510 INFO in 'ProfileAnalyzerTest' at line 2222: [2.2201512539758506, 2.2201512539758506, 3, 100000, 113000, 140000, 165000, 1, 0, 0.04, 0, 'take_innsta_0.02', 9, 0, 35, 6.053208404984417, 2.2201512539758506, 0]
2018-01-05 08:52:11.510 INFO in 'ProfileAnalyzerTest' at line 2222: [2.5317927792698005, 2.5317927792698005, 3, 100000, 113000, 150000, 174000, 1, 0, 0.04, 0, 'take_innsta_0.02', 9, 0, 35, 5.66855328979483, 2.5317927792698005, 2]
2018-01-05 08:52:11.510 INFO in 'ProfileAnalyzerTest' at line 2222: [2.7383137705090896, 2.7383137705090896, 3, 100000, 113000, 140000, 170000, 1, 0, 0.04, 0, 'take_innsta_0.02', 9, 0, 41, 6.567687662436421, 2.7383137705090896, 2]
2018-01-05 08:52:11.510 INFO in 'ProfileAnalyzerTest' at line 2222: [2.82298037108213, 2.82298037108213, 3, 100000, 113000, 155000, 174000, 1, 0, 0.04, 0, 'take_innsta_0.02', 9, 0, 39, 4.670155568684623, 2.82298037108213, 2]
2018-01-05 08:52:11.512 INFO in 'ProfileAnalyzerTest' at line 2222: [2.8792913159940867, 2.8792913159940867, 3, 100000, 113000, 135000, 170000, 1, 0, 0.04, 0, 'take_innsta_0.02', 9, 0, 36, 6.569088138351544, 2.8792913159940867, 1]
2018-01-05 08:52:11.512 INFO in 'ProfileAnalyzerTest' at line 2222: [3.1706398036760843, 3.1706398036760843, 3, 100000, 113000, 135000, 180000, 1, 0, 0.04, 0, 'take_innsta_0.02', 9, 0, 34, 8.495162402376376, 3.1706398036760843, 1]
2018-01-05 08:52:11.512 INFO in 'ProfileAnalyzerTest' at line 2222: [3.5493048219127066, 3.5493048219127066, 3, 100000, 113000, 154000, 175000, 1, 0, 0.04, 0, 'take_innsta_0.02', 9, 0, 37, 5.593932682663471, 3.5493048219127066, 0]
2018-01-05 08:52:11.512 INFO in 'ProfileAnalyzerTest' at line 2222: [3.797745440338436, 3.797745440338436, 3, 100000, 114000, 154000, 174000, 1, 0, 0.04, 0, 'take_innsta_0.02', 9, 0, 29, 5.308275908714647, 3.797745440338436, 0]
2018-01-05 08:52:11.512 INFO in 'ProfileAnalyzerTest' at line 2222: [5.441105107863606, 5.441105107863606, 3, 100000, 113000, 135000, 174000, 1, 0, 0.04, 0, 'take_innsta_0.02', 9, 0, 27, 8.442923750815984, 5.441105107863606, 0]
2018-01-05 08:52:11.512 INFO in 'ProfileAnalyzerTest' at line 2222: [6.255621016485237, 6.255621016485237, 3, 100000, 113000, 154000, 174000, 1, 0, 0.04, 0, 'take_innsta_0.02', 9, 0, 31, 5.793304616290271, 6.255621016485237, 0]
2018-01-05 08:52:11.512 INFO in 'ProfileAnalyzerTest' at line 2222: [7.57585842785523, 7.57585842785523, 3, 100000, 113000, 135000, 175000, 1, 0, 0.04, 0, 'take_innsta_0.02', 9, 0, 26, 8.918697845327221, 7.57585842785523, 1]
2018-01-05 08:52:11.513 INFO in 'ProfileAnalyzerTest' at line 2222: [1.9207961188919844, 1.9207961188919844, 3, 100000, 113000, 135000, 174000, 1, 0, 0.03, 0, 'take_innsta_0.02', 9, 0, 25, 7.906864575346521, 1.9207961188919844, 0]
2018-01-05 08:52:11.513 INFO in 'ProfileAnalyzerTest' at line 2222: [2.096588123141232, 2.096588123141232, 3, 100000, 114000, 153000, 174000, 1, 0, 0.03, 0, 'take_innsta_0.02', 9, 0, 42, 4.840276823374924, 2.096588123141232, 1]
2018-01-05 08:52:11.513 INFO in 'ProfileAnalyzerTest' at line 2222: [2.1146253265277157, 2.1146253265277157, 3, 100000, 112000, 124000, 175000, 1, 0, 0.03, 0, 'take_innsta_0.02', 9, 0, 35, 8.102297478435409, 2.1146253265277157, 0]
2018-01-05 08:52:11.513 INFO in 'ProfileAnalyzerTest' at line 2222: [2.4900374614707728, 2.4900374614707728, 3, 100000, 114000, 154000, 175000, 1, 0, 0.03, 0, 'take_innsta_0.02', 9, 0, 41, 5.28843526055184, 2.4900374614707728, 0]
2018-01-05 08:52:11.513 INFO in 'ProfileAnalyzerTest' at line 2222: [2.5322493160422366, 2.5322493160422366, 3, 100000, 113000, 135000, 175000, 1, 0, 0.03, 0, 'take_innsta_0.02', 9, 0, 24, 8.286206460806481, 2.5322493160422366, 1]
2018-01-05 08:52:11.513 INFO in 'ProfileAnalyzerTest' at line 2222: [4.463989931372221, 4.463989931372221, 3, 100000, 113000, 154000, 175000, 1, 0, 0.03, 0, 'take_innsta_0.02', 9, 0, 39, 5.847390930437868, 4.463989931372221, 0]
2018-01-05 08:52:11.515 INFO in 'ProfileAnalyzerTest' at line 2222: [4.6134171164026725, 4.6134171164026725, 3, 100000, 114000, 154000, 174000, 1, 0, 0.03, 0, 'take_innsta_0.02', 9, 0, 31, 5.517486681458042, 4.6134171164026725, 0]
2018-01-05 08:52:11.515 INFO in 'ProfileAnalyzerTest' at line 2222: [7.763988864003283, 7.763988864003283, 3, 100000, 113000, 154000, 174000, 1, 0, 0.03, 0, 'take_innsta_0.02', 9, 0, 33, 6.02915005094943, 7.763988864003283, 0]
2018-01-05 08:52:19.111 INFO in 'ProfileAnalyzerTest' at line 2176: AVG PVV 0.254753012695
2018-01-05 08:52:19.115 INFO in 'ProfileAnalyzerTest' at line 2177: AVG Volume 0.66084946989
2018-01-05 08:56:27.213 INFO in 'ProfileAnalyzerTest' at line 2222: [1.9092255702343028, 1.9092255702343028, 4, 100000, 113000, 121000, 162000, 1, 0, 0.02, 1, 'take_innsta_0.04', 14, 0, 34, 6.403444977524414, 1.9092255702343028, 3]
2018-01-05 08:56:27.213 INFO in 'ProfileAnalyzerTest' at line 2222: [2.0727151520543865, 2.0727151520543865, 4, 100000, 113000, 121000, 163000, 1, 0, 0.02, 1, 'take_innsta_0.04', 14, 0, 33, 6.633178311542096, 2.0727151520543865, 0]
2018-01-05 08:56:27.213 INFO in 'ProfileAnalyzerTest' at line 2222: [1.9092255702343028, 1.9092255702343028, 4, 100000, 113000, 121000, 162000, 1, 0, 0.02, 2, 'take_innsta_0.04', 14, 0, 34, 6.403444977524414, 1.9092255702343028, 3]
2018-01-05 08:56:27.214 INFO in 'ProfileAnalyzerTest' at line 2222: [2.0727151520543865, 2.0727151520543865, 4, 100000, 113000, 121000, 163000, 1, 0, 0.02, 2, 'take_innsta_0.04', 14, 0, 33, 6.633178311542096, 2.0727151520543865, 0]
2018-01-05 08:56:27.214 INFO in 'ProfileAnalyzerTest' at line 2222: [1.9092255702343028, 1.9092255702343028, 4, 100000, 113000, 121000, 162000, 1, 0, 0.02, 3, 'take_innsta_0.04', 14, 0, 34, 6.403444977524414, 1.9092255702343028, 3]
2018-01-05 08:56:27.214 INFO in 'ProfileAnalyzerTest' at line 2222: [2.0727151520543865, 2.0727151520543865, 4, 100000, 113000, 121000, 163000, 1, 0, 0.02, 3, 'take_innsta_0.04', 14, 0, 33, 6.633178311542096, 2.0727151520543865, 0]
2018-01-05 08:56:27.214 INFO in 'ProfileAnalyzerTest' at line 2222: [1.9092255702343028, 1.9092255702343028, 4, 100000, 113000, 121000, 162000, 1, 0, 0.02, 4, 'take_innsta_0.04', 14, 0, 34, 6.403444977524414, 1.9092255702343028, 3]
2018-01-05 08:56:27.214 INFO in 'ProfileAnalyzerTest' at line 2222: [2.0727151520543865, 2.0727151520543865, 4, 100000, 113000, 121000, 163000, 1, 0, 0.02, 4, 'take_innsta_0.04', 14, 0, 33, 6.633178311542096, 2.0727151520543865, 0]
2018-01-05 08:56:27.214 INFO in 'ProfileAnalyzerTest' at line 2222: [1.9092255702343028, 1.9092255702343028, 4, 100000, 113000, 121000, 162000, 1, 0, 0.02, 5, 'take_innsta_0.04', 14, 0, 34, 6.403444977524414, 1.9092255702343028, 3]
2018-01-05 08:56:27.216 INFO in 'ProfileAnalyzerTest' at line 2222: [2.0727151520543865, 2.0727151520543865, 4, 100000, 113000, 121000, 163000, 1, 0, 0.02, 5, 'take_innsta_0.04', 14, 0, 33, 6.633178311542096, 2.0727151520543865, 0]
2018-01-05 08:56:27.216 INFO in 'ProfileAnalyzerTest' at line 2222: [1.9092255702343028, 1.9092255702343028, 4, 100000, 113000, 121000, 162000, 1, 0, 0.02, 1, 'take_innsta_0.04', 14, 0, 34, 6.403444977524414, 1.9092255702343028, 3]
2018-01-05 08:56:27.216 INFO in 'ProfileAnalyzerTest' at line 2222: [2.0727151520543865, 2.0727151520543865, 4, 100000, 113000, 121000, 163000, 1, 0, 0.02, 1, 'take_innsta_0.04', 14, 0, 33, 6.633178311542096, 2.0727151520543865, 0]
2018-01-05 08:56:27.216 INFO in 'ProfileAnalyzerTest' at line 2222: [1.9092255702343028, 1.9092255702343028, 4, 100000, 113000, 121000, 162000, 1, 0, 0.02, 2, 'take_innsta_0.04', 14, 0, 34, 6.403444977524414, 1.9092255702343028, 3]
2018-01-05 08:56:27.216 INFO in 'ProfileAnalyzerTest' at line 2222: [2.0727151520543865, 2.0727151520543865, 4, 100000, 113000, 121000, 163000, 1, 0, 0.02, 2, 'take_innsta_0.04', 14, 0, 33, 6.633178311542096, 2.0727151520543865, 0]
2018-01-05 08:56:27.216 INFO in 'ProfileAnalyzerTest' at line 2222: [1.9092255702343028, 1.9092255702343028, 4, 100000, 113000, 121000, 162000, 1, 0, 0.02, 3, 'take_innsta_0.04', 14, 0, 34, 6.403444977524414, 1.9092255702343028, 3]
2018-01-05 08:56:27.216 INFO in 'ProfileAnalyzerTest' at line 2222: [2.0727151520543865, 2.0727151520543865, 4, 100000, 113000, 121000, 163000, 1, 0, 0.02, 3, 'take_innsta_0.04', 14, 0, 33, 6.633178311542096, 2.0727151520543865, 0]
2018-01-05 08:56:27.217 INFO in 'ProfileAnalyzerTest' at line 2222: [1.9092255702343028, 1.9092255702343028, 4, 100000, 113000, 121000, 162000, 1, 0, 0.02, 4, 'take_innsta_0.04', 14, 0, 34, 6.403444977524414, 1.9092255702343028, 3]
2018-01-05 08:56:27.217 INFO in 'ProfileAnalyzerTest' at line 2222: [2.0727151520543865, 2.0727151520543865, 4, 100000, 113000, 121000, 163000, 1, 0, 0.02, 4, 'take_innsta_0.04', 14, 0, 33, 6.633178311542096, 2.0727151520543865, 0]
2018-01-05 08:56:27.217 INFO in 'ProfileAnalyzerTest' at line 2222: [1.9092255702343028, 1.9092255702343028, 4, 100000, 113000, 121000, 162000, 1, 0, 0.02, 5, 'take_innsta_0.04', 14, 0, 34, 6.403444977524414, 1.9092255702343028, 3]
2018-01-05 08:56:27.217 INFO in 'ProfileAnalyzerTest' at line 2222: [2.0727151520543865, 2.0727151520543865, 4, 100000, 113000, 121000, 163000, 1, 0, 0.02, 5, 'take_innsta_0.04', 14, 0, 33, 6.633178311542096, 2.0727151520543865, 0]
