2018-01-05 09:20:56.244 INFO in 'ProfileAnalyzerTest' at line 2165: RSTI_150105_170801.txt
2018-01-05 09:21:04.243 INFO in 'ProfileAnalyzerTest' at line 2176: AVG PVV 2.03160797093
2018-01-05 09:21:04.246 INFO in 'ProfileAnalyzerTest' at line 2177: AVG Volume 419.145535809
2018-01-05 09:25:14.779 INFO in 'ProfileAnalyzerTest' at line 2222: [3.987799782954194, 3.987799782954194, 0, 100000, 103000, 143000, 155000, -1, 0, 0.02, 0, 'take_innsta_0.04', 14, 20, 39, 4.077422486124812, 3.987799782954194, 3]
2018-01-05 09:25:14.779 INFO in 'ProfileAnalyzerTest' at line 2222: [4.115392746843883, 4.115392746843883, 0, 100000, 102000, 143000, 160000, -1, 0, 0.02, 0, 'take_innsta_0.04', 14, 20, 37, 4.273954394021622, 4.115392746843883, 3]
2018-01-05 09:25:14.779 INFO in 'ProfileAnalyzerTest' at line 2222: [5.005452603944261, 5.005452603944261, 0, 100000, 104000, 143000, 155000, -1, 0, 0.02, 0, 'take_innsta_0.04', 14, 20, 41, 4.292452298700138, 5.005452603944261, 3]
2018-01-05 09:25:14.779 INFO in 'ProfileAnalyzerTest' at line 2222: [5.005452603944261, 5.005452603944261, 0, 100000, 105000, 143000, 155000, -1, 0, 0.02, 0, 'take_innsta_0.04', 14, 20, 41, 4.292452298700138, 5.005452603944261, 3]
2018-01-05 09:25:14.779 INFO in 'ProfileAnalyzerTest' at line 2222: [3.987799782954194, 3.987799782954194, 0, 100000, 103000, 143000, 155000, -1, 0, 0.03, 0, 'take_innsta_0.04', 14, 20, 39, 4.077422486124812, 3.987799782954194, 3]
2018-01-05 09:25:14.780 INFO in 'ProfileAnalyzerTest' at line 2222: [4.115392746843883, 4.115392746843883, 0, 100000, 102000, 143000, 160000, -1, 0, 0.03, 0, 'take_innsta_0.04', 14, 20, 37, 4.273954394021622, 4.115392746843883, 3]
2018-01-05 09:25:14.780 INFO in 'ProfileAnalyzerTest' at line 2222: [5.005452603944261, 5.005452603944261, 0, 100000, 104000, 143000, 155000, -1, 0, 0.03, 0, 'take_innsta_0.04', 14, 20, 41, 4.292452298700138, 5.005452603944261, 3]
2018-01-05 09:25:14.780 INFO in 'ProfileAnalyzerTest' at line 2222: [5.005452603944261, 5.005452603944261, 0, 100000, 105000, 143000, 155000, -1, 0, 0.03, 0, 'take_innsta_0.04', 14, 20, 41, 4.292452298700138, 5.005452603944261, 3]
2018-01-05 09:25:14.780 INFO in 'ProfileAnalyzerTest' at line 2222: [3.987799782954194, 3.987799782954194, 0, 100000, 103000, 143000, 155000, -1, 0, 0.02, 0, 'take_innsta_0.04', 14, 20, 39, 4.077422486124812, 3.987799782954194, 3]
2018-01-05 09:25:14.780 INFO in 'ProfileAnalyzerTest' at line 2222: [4.115392746843883, 4.115392746843883, 0, 100000, 102000, 143000, 160000, -1, 0, 0.02, 0, 'take_innsta_0.04', 14, 20, 37, 4.273954394021622, 4.115392746843883, 3]
2018-01-05 09:25:14.780 INFO in 'ProfileAnalyzerTest' at line 2222: [5.005452603944261, 5.005452603944261, 0, 100000, 104000, 143000, 155000, -1, 0, 0.02, 0, 'take_innsta_0.04', 14, 20, 41, 4.292452298700138, 5.005452603944261, 3]
2018-01-05 09:25:14.782 INFO in 'ProfileAnalyzerTest' at line 2222: [5.005452603944261, 5.005452603944261, 0, 100000, 105000, 143000, 155000, -1, 0, 0.02, 0, 'take_innsta_0.04', 14, 20, 41, 4.292452298700138, 5.005452603944261, 3]
2018-01-05 09:25:14.782 INFO in 'ProfileAnalyzerTest' at line 2222: [3.987799782954194, 3.987799782954194, 0, 100000, 103000, 143000, 155000, -1, 0, 0.03, 0, 'take_innsta_0.04', 14, 20, 39, 4.077422486124812, 3.987799782954194, 3]
2018-01-05 09:25:14.782 INFO in 'ProfileAnalyzerTest' at line 2222: [4.115392746843883, 4.115392746843883, 0, 100000, 102000, 143000, 160000, -1, 0, 0.03, 0, 'take_innsta_0.04', 14, 20, 37, 4.273954394021622, 4.115392746843883, 3]
2018-01-05 09:25:14.782 INFO in 'ProfileAnalyzerTest' at line 2222: [5.005452603944261, 5.005452603944261, 0, 100000, 104000, 143000, 155000, -1, 0, 0.03, 0, 'take_innsta_0.04', 14, 20, 41, 4.292452298700138, 5.005452603944261, 3]
2018-01-05 09:25:14.782 INFO in 'ProfileAnalyzerTest' at line 2222: [5.005452603944261, 5.005452603944261, 0, 100000, 105000, 143000, 155000, -1, 0, 0.03, 0, 'take_innsta_0.04', 14, 20, 41, 4.292452298700138, 5.005452603944261, 3]
2018-01-05 09:25:14.782 INFO in 'ProfileAnalyzerTest' at line 2222: [4.313523543823309, 4.313523543823309, 0, 100000, 102000, 143000, 160000, -1, 0, 0.02, 0, 'take_innsta_0.02', 14, 20, 37, 4.179643182598684, 4.313523543823309, 3]
2018-01-05 09:25:14.782 INFO in 'ProfileAnalyzerTest' at line 2222: [4.361288211692991, 4.361288211692991, 0, 100000, 103000, 143000, 155000, -1, 0, 0.02, 0, 'take_innsta_0.02', 14, 20, 41, 4.08095189413516, 4.361288211692991, 3]
2018-01-05 09:25:14.782 INFO in 'ProfileAnalyzerTest' at line 2222: [5.474252124964526, 5.474252124964526, 0, 100000, 104000, 143000, 155000, -1, 0, 0.02, 0, 'take_innsta_0.02', 14, 20, 43, 4.295981706710489, 5.474252124964526, 3]
2018-01-05 09:25:14.782 INFO in 'ProfileAnalyzerTest' at line 2222: [5.474252124964526, 5.474252124964526, 0, 100000, 105000, 143000, 155000, -1, 0, 0.02, 0, 'take_innsta_0.02', 14, 20, 43, 4.295981706710489, 5.474252124964526, 3]
2018-01-05 09:25:14.782 INFO in 'ProfileAnalyzerTest' at line 2222: [4.313523543823309, 4.313523543823309, 0, 100000, 102000, 143000, 160000, -1, 0, 0.02, 0, 'take_innsta_0.02', 14, 20, 37, 4.179643182598684, 4.313523543823309, 3]
2018-01-05 09:25:14.782 INFO in 'ProfileAnalyzerTest' at line 2222: [4.361288211692991, 4.361288211692991, 0, 100000, 103000, 143000, 155000, -1, 0, 0.02, 0, 'take_innsta_0.02', 14, 20, 41, 4.08095189413516, 4.361288211692991, 3]
2018-01-05 09:25:14.782 INFO in 'ProfileAnalyzerTest' at line 2222: [5.474252124964526, 5.474252124964526, 0, 100000, 104000, 143000, 155000, -1, 0, 0.02, 0, 'take_innsta_0.02', 14, 20, 43, 4.295981706710489, 5.474252124964526, 3]
2018-01-05 09:25:14.782 INFO in 'ProfileAnalyzerTest' at line 2222: [5.474252124964526, 5.474252124964526, 0, 100000, 105000, 143000, 155000, -1, 0, 0.02, 0, 'take_innsta_0.02', 14, 20, 43, 4.295981706710489, 5.474252124964526, 3]
2018-01-05 09:25:14.785 INFO in 'ProfileAnalyzerTest' at line 2222: [3.989278775021619, 3.989278775021619, 0, 100000, 110000, 143000, 155000, -1, 0, 0.04, 0, 'take_innsta_0.015', 14, 20, 39, 4.043672478962361, 3.989278775021619, 3]
2018-01-05 09:25:14.785 INFO in 'ProfileAnalyzerTest' at line 2222: [3.989278775021619, 3.989278775021619, 0, 100000, 111000, 143000, 155000, -1, 0, 0.04, 0, 'take_innsta_0.015', 14, 20, 39, 4.043672478962361, 3.989278775021619, 3]
2018-01-05 09:25:14.785 INFO in 'ProfileAnalyzerTest' at line 2222: [4.504708153589353, 4.504708153589353, 0, 100000, 102000, 143000, 155000, -1, 0, 0.04, 0, 'take_innsta_0.015', 14, 20, 41, 4.1555736705299005, 4.504708153589353, 3]
2018-01-05 09:25:14.785 INFO in 'ProfileAnalyzerTest' at line 2222: [4.5121078986974625, 4.5121078986974625, 0, 100000, 104000, 143000, 160000, -1, 0, 0.04, 0, 'take_innsta_0.015', 14, 20, 35, 4.287846791265021, 4.5121078986974625, 3]
2018-01-05 09:25:14.785 INFO in 'ProfileAnalyzerTest' at line 2222: [4.5121078986974625, 4.5121078986974625, 0, 100000, 105000, 143000, 160000, -1, 0, 0.04, 0, 'take_innsta_0.015', 14, 20, 35, 4.287846791265021, 4.5121078986974625, 3]
2018-01-05 09:25:14.785 INFO in 'ProfileAnalyzerTest' at line 2222: [4.751811561145883, 4.751811561145883, 0, 100000, 103000, 143000, 160000, -1, 0, 0.04, 0, 'take_innsta_0.015', 14, 20, 37, 4.337021441203724, 4.751811561145883, 3]
2018-01-05 09:25:14.786 INFO in 'ProfileAnalyzerTest' at line 2222: [5.575462578671506, 5.575462578671506, 0, 100000, 102000, 143000, 160000, -1, 0, 0.04, 0, 'take_innsta_0.015', 14, 20, 37, 4.467247944687611, 5.575462578671506, 3]
2018-01-05 09:25:14.786 INFO in 'ProfileAnalyzerTest' at line 2222: [5.636282846413809, 5.636282846413809, 0, 100000, 103000, 143000, 155000, -1, 0, 0.04, 0, 'take_innsta_0.015', 14, 20, 41, 4.365815755719139, 5.636282846413809, 3]
2018-01-05 09:25:14.786 INFO in 'ProfileAnalyzerTest' at line 2222: [7.074614621010031, 7.074614621010031, 0, 100000, 104000, 143000, 155000, -1, 0, 0.04, 0, 'take_innsta_0.015', 14, 20, 43, 4.580845568294467, 7.074614621010031, 3]
2018-01-05 09:25:14.786 INFO in 'ProfileAnalyzerTest' at line 2222: [7.074614621010031, 7.074614621010031, 0, 100000, 105000, 143000, 155000, -1, 0, 0.04, 0, 'take_innsta_0.015', 14, 20, 43, 4.580845568294467, 7.074614621010031, 3]
2018-01-05 09:25:14.786 INFO in 'ProfileAnalyzerTest' at line 2222: [3.989278775021619, 3.989278775021619, 0, 100000, 110000, 143000, 155000, -1, 0, 0.04, 0, 'take_innsta_0.015', 14, 20, 39, 4.043672478962361, 3.989278775021619, 3]
2018-01-05 09:25:14.786 INFO in 'ProfileAnalyzerTest' at line 2222: [3.989278775021619, 3.989278775021619, 0, 100000, 111000, 143000, 155000, -1, 0, 0.04, 0, 'take_innsta_0.015', 14, 20, 39, 4.043672478962361, 3.989278775021619, 3]
2018-01-05 09:25:14.786 INFO in 'ProfileAnalyzerTest' at line 2222: [4.504708153589353, 4.504708153589353, 0, 100000, 102000, 143000, 155000, -1, 0, 0.04, 0, 'take_innsta_0.015', 14, 20, 41, 4.1555736705299005, 4.504708153589353, 3]
2018-01-05 09:25:14.786 INFO in 'ProfileAnalyzerTest' at line 2222: [4.5121078986974625, 4.5121078986974625, 0, 100000, 104000, 143000, 160000, -1, 0, 0.04, 0, 'take_innsta_0.015', 14, 20, 35, 4.287846791265021, 4.5121078986974625, 3]
2018-01-05 09:25:14.786 INFO in 'ProfileAnalyzerTest' at line 2222: [4.5121078986974625, 4.5121078986974625, 0, 100000, 105000, 143000, 160000, -1, 0, 0.04, 0, 'take_innsta_0.015', 14, 20, 35, 4.287846791265021, 4.5121078986974625, 3]
2018-01-05 09:25:14.786 INFO in 'ProfileAnalyzerTest' at line 2222: [4.751811561145883, 4.751811561145883, 0, 100000, 103000, 143000, 160000, -1, 0, 0.04, 0, 'take_innsta_0.015', 14, 20, 37, 4.337021441203724, 4.751811561145883, 3]
2018-01-05 09:25:14.786 INFO in 'ProfileAnalyzerTest' at line 2222: [5.575462578671506, 5.575462578671506, 0, 100000, 102000, 143000, 160000, -1, 0, 0.04, 0, 'take_innsta_0.015', 14, 20, 37, 4.467247944687611, 5.575462578671506, 3]
2018-01-05 09:25:14.786 INFO in 'ProfileAnalyzerTest' at line 2222: [5.636282846413809, 5.636282846413809, 0, 100000, 103000, 143000, 155000, -1, 0, 0.04, 0, 'take_innsta_0.015', 14, 20, 41, 4.365815755719139, 5.636282846413809, 3]
2018-01-05 09:25:14.788 INFO in 'ProfileAnalyzerTest' at line 2222: [7.074614621010031, 7.074614621010031, 0, 100000, 104000, 143000, 155000, -1, 0, 0.04, 0, 'take_innsta_0.015', 14, 20, 43, 4.580845568294467, 7.074614621010031, 3]
2018-01-05 09:25:14.788 INFO in 'ProfileAnalyzerTest' at line 2222: [7.074614621010031, 7.074614621010031, 0, 100000, 105000, 143000, 155000, -1, 0, 0.04, 0, 'take_innsta_0.015', 14, 20, 43, 4.580845568294467, 7.074614621010031, 3]
2018-01-05 09:25:14.788 INFO in 'ProfileAnalyzerTest' at line 2222: [3.989278775021619, 3.989278775021619, 0, 100000, 110000, 143000, 155000, -1, 0, 0.04, 0, 'take_innsta_0.015', 14, 20, 39, 4.043672478962361, 3.989278775021619, 3]
2018-01-05 09:25:14.788 INFO in 'ProfileAnalyzerTest' at line 2222: [3.989278775021619, 3.989278775021619, 0, 100000, 111000, 143000, 155000, -1, 0, 0.04, 0, 'take_innsta_0.015', 14, 20, 39, 4.043672478962361, 3.989278775021619, 3]
2018-01-05 09:25:14.788 INFO in 'ProfileAnalyzerTest' at line 2222: [4.504708153589353, 4.504708153589353, 0, 100000, 102000, 143000, 155000, -1, 0, 0.04, 0, 'take_innsta_0.015', 14, 20, 41, 4.1555736705299005, 4.504708153589353, 3]
2018-01-05 09:25:14.788 INFO in 'ProfileAnalyzerTest' at line 2222: [4.5121078986974625, 4.5121078986974625, 0, 100000, 104000, 143000, 160000, -1, 0, 0.04, 0, 'take_innsta_0.015', 14, 20, 35, 4.287846791265021, 4.5121078986974625, 3]
2018-01-05 09:25:14.788 INFO in 'ProfileAnalyzerTest' at line 2222: [4.5121078986974625, 4.5121078986974625, 0, 100000, 105000, 143000, 160000, -1, 0, 0.04, 0, 'take_innsta_0.015', 14, 20, 35, 4.287846791265021, 4.5121078986974625, 3]
2018-01-05 09:25:14.789 INFO in 'ProfileAnalyzerTest' at line 2222: [4.751811561145883, 4.751811561145883, 0, 100000, 103000, 143000, 160000, -1, 0, 0.04, 0, 'take_innsta_0.015', 14, 20, 37, 4.337021441203724, 4.751811561145883, 3]
2018-01-05 09:25:14.789 INFO in 'ProfileAnalyzerTest' at line 2222: [5.575462578671506, 5.575462578671506, 0, 100000, 102000, 143000, 160000, -1, 0, 0.04, 0, 'take_innsta_0.015', 14, 20, 37, 4.467247944687611, 5.575462578671506, 3]
2018-01-05 09:25:14.789 INFO in 'ProfileAnalyzerTest' at line 2222: [5.636282846413809, 5.636282846413809, 0, 100000, 103000, 143000, 155000, -1, 0, 0.04, 0, 'take_innsta_0.015', 14, 20, 41, 4.365815755719139, 5.636282846413809, 3]
2018-01-05 09:25:14.789 INFO in 'ProfileAnalyzerTest' at line 2222: [7.074614621010031, 7.074614621010031, 0, 100000, 104000, 143000, 155000, -1, 0, 0.04, 0, 'take_innsta_0.015', 14, 20, 43, 4.580845568294467, 7.074614621010031, 3]
2018-01-05 09:25:14.789 INFO in 'ProfileAnalyzerTest' at line 2222: [7.074614621010031, 7.074614621010031, 0, 100000, 105000, 143000, 155000, -1, 0, 0.04, 0, 'take_innsta_0.015', 14, 20, 43, 4.580845568294467, 7.074614621010031, 3]
2018-01-05 09:25:14.789 INFO in 'ProfileAnalyzerTest' at line 2222: [3.989278775021619, 3.989278775021619, 0, 100000, 110000, 143000, 155000, -1, 0, 0.04, 0, 'take_innsta_0.015', 14, 20, 39, 4.043672478962361, 3.989278775021619, 3]
2018-01-05 09:25:14.789 INFO in 'ProfileAnalyzerTest' at line 2222: [3.989278775021619, 3.989278775021619, 0, 100000, 111000, 143000, 155000, -1, 0, 0.04, 0, 'take_innsta_0.015', 14, 20, 39, 4.043672478962361, 3.989278775021619, 3]
2018-01-05 09:25:14.790 INFO in 'ProfileAnalyzerTest' at line 2222: [4.504708153589353, 4.504708153589353, 0, 100000, 102000, 143000, 155000, -1, 0, 0.04, 0, 'take_innsta_0.015', 14, 20, 41, 4.1555736705299005, 4.504708153589353, 3]
2018-01-05 09:25:14.790 INFO in 'ProfileAnalyzerTest' at line 2222: [4.5121078986974625, 4.5121078986974625, 0, 100000, 104000, 143000, 160000, -1, 0, 0.04, 0, 'take_innsta_0.015', 14, 20, 35, 4.287846791265021, 4.5121078986974625, 3]
2018-01-05 09:25:14.790 INFO in 'ProfileAnalyzerTest' at line 2222: [4.5121078986974625, 4.5121078986974625, 0, 100000, 105000, 143000, 160000, -1, 0, 0.04, 0, 'take_innsta_0.015', 14, 20, 35, 4.287846791265021, 4.5121078986974625, 3]
2018-01-05 09:25:14.790 INFO in 'ProfileAnalyzerTest' at line 2222: [4.751811561145883, 4.751811561145883, 0, 100000, 103000, 143000, 160000, -1, 0, 0.04, 0, 'take_innsta_0.015', 14, 20, 37, 4.337021441203724, 4.751811561145883, 3]
2018-01-05 09:25:14.790 INFO in 'ProfileAnalyzerTest' at line 2222: [5.575462578671506, 5.575462578671506, 0, 100000, 102000, 143000, 160000, -1, 0, 0.04, 0, 'take_innsta_0.015', 14, 20, 37, 4.467247944687611, 5.575462578671506, 3]
2018-01-05 09:25:14.790 INFO in 'ProfileAnalyzerTest' at line 2222: [5.636282846413809, 5.636282846413809, 0, 100000, 103000, 143000, 155000, -1, 0, 0.04, 0, 'take_innsta_0.015', 14, 20, 41, 4.365815755719139, 5.636282846413809, 3]
2018-01-05 09:25:14.792 INFO in 'ProfileAnalyzerTest' at line 2222: [7.074614621010031, 7.074614621010031, 0, 100000, 104000, 143000, 155000, -1, 0, 0.04, 0, 'take_innsta_0.015', 14, 20, 43, 4.580845568294467, 7.074614621010031, 3]
2018-01-05 09:25:14.792 INFO in 'ProfileAnalyzerTest' at line 2222: [7.074614621010031, 7.074614621010031, 0, 100000, 105000, 143000, 155000, -1, 0, 0.04, 0, 'take_innsta_0.015', 14, 20, 43, 4.580845568294467, 7.074614621010031, 3]
2018-01-05 09:25:22.230 INFO in 'ProfileAnalyzerTest' at line 2176: AVG PVV 14.3501190078
2018-01-05 09:25:22.233 INFO in 'ProfileAnalyzerTest' at line 2177: AVG Volume -3.73576710144
2018-01-05 09:29:42.301 INFO in 'ProfileAnalyzerTest' at line 2222: [1.5549436012559947, 1.5549436012559947, 1, 100000, 110000, 112000, 132000, -1, 0, 0.03, 0, 'take_innsta_0.01', 27, 0, 34, 4.717103476119759, 1.5549436012559947, 1]
2018-01-05 09:29:42.302 INFO in 'ProfileAnalyzerTest' at line 2222: [1.6303458816755596, 1.6303458816755596, 1, 100000, 110000, 112000, 133000, -1, 0, 0.03, 0, 'take_innsta_0.01', 27, 0, 39, 4.762499808355924, 1.6303458816755596, 4]
2018-01-05 09:29:42.302 INFO in 'ProfileAnalyzerTest' at line 2222: [2.408562426037379, 2.408562426037379, 1, 100000, 110000, 112000, 140000, -1, 0, 0.03, 0, 'take_innsta_0.01', 27, 0, 48, 5.3475945403635885, 2.408562426037379, 1]
2018-01-05 09:29:42.302 INFO in 'ProfileAnalyzerTest' at line 2222: [2.878877276058584, 2.878877276058584, 1, 100000, 110000, 112000, 134000, -1, 0, 0.03, 0, 'take_innsta_0.01', 27, 0, 37, 5.257787857049797, 2.878877276058584, 2]
2018-01-05 09:29:42.302 INFO in 'ProfileAnalyzerTest' at line 2222: [3.050982423562911, 3.050982423562911, 1, 100000, 110000, 112000, 135000, -1, 0, 0.03, 0, 'take_innsta_0.01', 27, 0, 38, 5.309208600403593, 3.050982423562911, 3]
2018-01-05 09:29:42.302 INFO in 'ProfileAnalyzerTest' at line 2222: [1.656184032619913, 1.656184032619913, 1, 100000, 110000, 112000, 135000, -1, 0, 0.03, 0, 'take_innsta_0.01', 20, 0, 38, 4.7827629062951535, 1.656184032619913, 3]
2018-01-05 09:29:42.302 INFO in 'ProfileAnalyzerTest' at line 2222: [2.502695749544953, 2.502695749544953, 1, 100000, 110000, 112000, 134000, -1, 0, 0.03, 0, 'take_innsta_0.01', 20, 0, 37, 5.147922812046232, 2.502695749544953, 2]
2018-01-05 09:29:42.302 INFO in 'ProfileAnalyzerTest' at line 2222: [1.7058227810671422, 1.7058227810671422, 1, 100000, 110000, 112000, 132000, -1, 0, 0.02, 0, 'take_innsta_0.01', 20, 0, 33, 4.378440819477347, 1.7058227810671422, 2]
2018-01-05 09:29:42.302 INFO in 'ProfileAnalyzerTest' at line 2222: [1.8912680921376674, 1.8912680921376674, 1, 100000, 110000, 112000, 133000, -1, 0, 0.02, 0, 'take_innsta_0.01', 20, 0, 38, 4.465283808588162, 1.8912680921376674, 5]
2018-01-05 09:29:42.302 INFO in 'ProfileAnalyzerTest' at line 2222: [2.7194600056054403, 2.7194600056054403, 1, 100000, 110000, 112000, 134000, -1, 0, 0.02, 0, 'take_innsta_0.01', 20, 0, 35, 4.803924779480736, 2.7194600056054403, 2]
2018-01-05 09:29:42.302 INFO in 'ProfileAnalyzerTest' at line 2222: [1.5549436012559947, 1.5549436012559947, 1, 100000, 110000, 112000, 132000, -1, 0, 0.03, 0, 'take_innsta_0.01', 27, 0, 34, 4.717103476119759, 1.5549436012559947, 1]
2018-01-05 09:29:42.302 INFO in 'ProfileAnalyzerTest' at line 2222: [1.6303458816755596, 1.6303458816755596, 1, 100000, 110000, 112000, 133000, -1, 0, 0.03, 0, 'take_innsta_0.01', 27, 0, 39, 4.762499808355924, 1.6303458816755596, 4]
2018-01-05 09:29:42.302 INFO in 'ProfileAnalyzerTest' at line 2222: [2.408562426037379, 2.408562426037379, 1, 100000, 110000, 112000, 140000, -1, 0, 0.03, 0, 'take_innsta_0.01', 27, 0, 48, 5.3475945403635885, 2.408562426037379, 1]
2018-01-05 09:29:42.305 INFO in 'ProfileAnalyzerTest' at line 2222: [2.878877276058584, 2.878877276058584, 1, 100000, 110000, 112000, 134000, -1, 0, 0.03, 0, 'take_innsta_0.01', 27, 0, 37, 5.257787857049797, 2.878877276058584, 2]
2018-01-05 09:29:42.305 INFO in 'ProfileAnalyzerTest' at line 2222: [3.050982423562911, 3.050982423562911, 1, 100000, 110000, 112000, 135000, -1, 0, 0.03, 0, 'take_innsta_0.01', 27, 0, 38, 5.309208600403593, 3.050982423562911, 3]
2018-01-05 09:29:42.305 INFO in 'ProfileAnalyzerTest' at line 2222: [1.5549436012559947, 1.5549436012559947, 1, 100000, 110000, 112000, 132000, -1, 0, 0.03, 0, 'take_innsta_0.01', 27, 0, 34, 4.717103476119759, 1.5549436012559947, 1]
2018-01-05 09:29:42.305 INFO in 'ProfileAnalyzerTest' at line 2222: [1.6303458816755596, 1.6303458816755596, 1, 100000, 110000, 112000, 133000, -1, 0, 0.03, 0, 'take_innsta_0.01', 27, 0, 39, 4.762499808355924, 1.6303458816755596, 4]
2018-01-05 09:29:42.305 INFO in 'ProfileAnalyzerTest' at line 2222: [2.408562426037379, 2.408562426037379, 1, 100000, 110000, 112000, 140000, -1, 0, 0.03, 0, 'take_innsta_0.01', 27, 0, 48, 5.3475945403635885, 2.408562426037379, 1]
2018-01-05 09:29:42.305 INFO in 'ProfileAnalyzerTest' at line 2222: [2.878877276058584, 2.878877276058584, 1, 100000, 110000, 112000, 134000, -1, 0, 0.03, 0, 'take_innsta_0.01', 27, 0, 37, 5.257787857049797, 2.878877276058584, 2]
2018-01-05 09:29:42.305 INFO in 'ProfileAnalyzerTest' at line 2222: [3.050982423562911, 3.050982423562911, 1, 100000, 110000, 112000, 135000, -1, 0, 0.03, 0, 'take_innsta_0.01', 27, 0, 38, 5.309208600403593, 3.050982423562911, 3]
2018-01-05 09:29:42.305 INFO in 'ProfileAnalyzerTest' at line 2222: [1.6077909789436424, 1.6077909789436424, 1, 100000, 101000, 102000, 123000, -1, 0, 0.03, 1, 'take_innsta_0.01', 9, 0, 37, 4.252547885198015, 1.6077909789436424, 8]
2018-01-05 09:29:42.305 INFO in 'ProfileAnalyzerTest' at line 2222: [1.8479826305218432, 1.8479826305218432, 1, 100000, 101000, 102000, 130000, -1, 0, 0.03, 1, 'take_innsta_0.01', 9, 0, 38, 4.805427094798136, 1.8479826305218432, 3]
2018-01-05 09:29:42.305 INFO in 'ProfileAnalyzerTest' at line 2222: [2.0370587797973148, 2.0370587797973148, 1, 100000, 101000, 102000, 124000, -1, 0, 0.03, 1, 'take_innsta_0.01', 9, 0, 35, 4.529559906106075, 2.0370587797973148, 8]
2018-01-05 09:29:42.305 INFO in 'ProfileAnalyzerTest' at line 2222: [3.1160901325248385, 3.1160901325248385, 1, 100000, 101000, 102000, 125000, -1, 0, 0.03, 1, 'take_innsta_0.01', 9, 0, 46, 5.111056291152876, 3.1160901325248385, 7]
2018-01-05 09:29:42.305 INFO in 'ProfileAnalyzerTest' at line 2222: [1.6077909789436424, 1.6077909789436424, 1, 100000, 101000, 102000, 123000, -1, 0, 0.03, 2, 'take_innsta_0.01', 9, 0, 37, 4.252547885198015, 1.6077909789436424, 8]
2018-01-05 09:29:42.306 INFO in 'ProfileAnalyzerTest' at line 2222: [1.8479826305218432, 1.8479826305218432, 1, 100000, 101000, 102000, 130000, -1, 0, 0.03, 2, 'take_innsta_0.01', 9, 0, 38, 4.805427094798136, 1.8479826305218432, 3]
2018-01-05 09:29:42.306 INFO in 'ProfileAnalyzerTest' at line 2222: [2.0370587797973148, 2.0370587797973148, 1, 100000, 101000, 102000, 124000, -1, 0, 0.03, 2, 'take_innsta_0.01', 9, 0, 35, 4.529559906106075, 2.0370587797973148, 8]
2018-01-05 09:29:42.306 INFO in 'ProfileAnalyzerTest' at line 2222: [3.1160901325248385, 3.1160901325248385, 1, 100000, 101000, 102000, 125000, -1, 0, 0.03, 2, 'take_innsta_0.01', 9, 0, 46, 5.111056291152876, 3.1160901325248385, 7]
2018-01-05 09:29:42.306 INFO in 'ProfileAnalyzerTest' at line 2222: [1.6077909789436424, 1.6077909789436424, 1, 100000, 101000, 102000, 123000, -1, 0, 0.03, 3, 'take_innsta_0.01', 9, 0, 37, 4.252547885198015, 1.6077909789436424, 8]
2018-01-05 09:29:42.306 INFO in 'ProfileAnalyzerTest' at line 2222: [1.8479826305218432, 1.8479826305218432, 1, 100000, 101000, 102000, 130000, -1, 0, 0.03, 3, 'take_innsta_0.01', 9, 0, 38, 4.805427094798136, 1.8479826305218432, 3]
2018-01-05 09:29:42.306 INFO in 'ProfileAnalyzerTest' at line 2222: [2.0370587797973148, 2.0370587797973148, 1, 100000, 101000, 102000, 124000, -1, 0, 0.03, 3, 'take_innsta_0.01', 9, 0, 35, 4.529559906106075, 2.0370587797973148, 8]
2018-01-05 09:29:42.306 INFO in 'ProfileAnalyzerTest' at line 2222: [3.1160901325248385, 3.1160901325248385, 1, 100000, 101000, 102000, 125000, -1, 0, 0.03, 3, 'take_innsta_0.01', 9, 0, 46, 5.111056291152876, 3.1160901325248385, 7]
2018-01-05 09:29:42.308 INFO in 'ProfileAnalyzerTest' at line 2222: [1.6077909789436424, 1.6077909789436424, 1, 100000, 101000, 102000, 123000, -1, 0, 0.03, 4, 'take_innsta_0.01', 9, 0, 37, 4.252547885198015, 1.6077909789436424, 8]
2018-01-05 09:29:42.308 INFO in 'ProfileAnalyzerTest' at line 2222: [1.8479826305218432, 1.8479826305218432, 1, 100000, 101000, 102000, 130000, -1, 0, 0.03, 4, 'take_innsta_0.01', 9, 0, 38, 4.805427094798136, 1.8479826305218432, 3]
2018-01-05 09:29:42.308 INFO in 'ProfileAnalyzerTest' at line 2222: [2.0370587797973148, 2.0370587797973148, 1, 100000, 101000, 102000, 124000, -1, 0, 0.03, 4, 'take_innsta_0.01', 9, 0, 35, 4.529559906106075, 2.0370587797973148, 8]
2018-01-05 09:29:42.308 INFO in 'ProfileAnalyzerTest' at line 2222: [3.1160901325248385, 3.1160901325248385, 1, 100000, 101000, 102000, 125000, -1, 0, 0.03, 4, 'take_innsta_0.01', 9, 0, 46, 5.111056291152876, 3.1160901325248385, 7]
2018-01-05 09:29:42.308 INFO in 'ProfileAnalyzerTest' at line 2222: [1.6077909789436424, 1.6077909789436424, 1, 100000, 101000, 102000, 123000, -1, 0, 0.03, 5, 'take_innsta_0.01', 9, 0, 37, 4.252547885198015, 1.6077909789436424, 8]
2018-01-05 09:29:42.308 INFO in 'ProfileAnalyzerTest' at line 2222: [1.8479826305218432, 1.8479826305218432, 1, 100000, 101000, 102000, 130000, -1, 0, 0.03, 5, 'take_innsta_0.01', 9, 0, 38, 4.805427094798136, 1.8479826305218432, 3]
2018-01-05 09:29:42.309 INFO in 'ProfileAnalyzerTest' at line 2222: [2.0370587797973148, 2.0370587797973148, 1, 100000, 101000, 102000, 124000, -1, 0, 0.03, 5, 'take_innsta_0.01', 9, 0, 35, 4.529559906106075, 2.0370587797973148, 8]
2018-01-05 09:29:42.309 INFO in 'ProfileAnalyzerTest' at line 2222: [3.1160901325248385, 3.1160901325248385, 1, 100000, 101000, 102000, 125000, -1, 0, 0.03, 5, 'take_innsta_0.01', 9, 0, 46, 5.111056291152876, 3.1160901325248385, 7]
2018-01-05 09:29:49.776 INFO in 'ProfileAnalyzerTest' at line 2176: AVG PVV -0.682698332938
2018-01-05 09:29:49.778 INFO in 'ProfileAnalyzerTest' at line 2177: AVG Volume nan
2018-01-05 09:34:10.484 INFO in 'ProfileAnalyzerTest' at line 2222: [13.235138780069068, 13.235138780069068, 2, 100000, 110000, 140000, 172000, -1, 0, 0.04, 1, 'take_innsta_0.015', 20, 0, 48, 6.295318495963224, 13.235138780069068, 7]
2018-01-05 09:34:10.484 INFO in 'ProfileAnalyzerTest' at line 2222: [13.235138780069068, 13.235138780069068, 2, 100000, 110000, 140000, 172000, -1, 0, 0.04, 2, 'take_innsta_0.015', 20, 0, 48, 6.295318495963224, 13.235138780069068, 7]
2018-01-05 09:34:10.484 INFO in 'ProfileAnalyzerTest' at line 2222: [13.235138780069068, 13.235138780069068, 2, 100000, 110000, 140000, 172000, -1, 0, 0.04, 3, 'take_innsta_0.015', 20, 0, 48, 6.295318495963224, 13.235138780069068, 7]
2018-01-05 09:34:10.484 INFO in 'ProfileAnalyzerTest' at line 2222: [13.235138780069068, 13.235138780069068, 2, 100000, 110000, 140000, 172000, -1, 0, 0.04, 4, 'take_innsta_0.015', 20, 0, 48, 6.295318495963224, 13.235138780069068, 7]
2018-01-05 09:34:10.484 INFO in 'ProfileAnalyzerTest' at line 2222: [13.235138780069068, 13.235138780069068, 2, 100000, 110000, 140000, 172000, -1, 0, 0.04, 5, 'take_innsta_0.015', 20, 0, 48, 6.295318495963224, 13.235138780069068, 7]
2018-01-05 09:34:10.486 INFO in 'ProfileAnalyzerTest' at line 2222: [9.237024358816429, 9.237024358816429, 2, 100000, 104000, 140000, 174000, -1, 0, 0.03, 1, 'take_innsta_0.015', 14, 0, 44, 6.0967154412403355, 9.237024358816429, 7]
2018-01-05 09:34:10.486 INFO in 'ProfileAnalyzerTest' at line 2222: [10.164395981799393, 10.164395981799393, 2, 100000, 104000, 140000, 173000, -1, 0, 0.03, 1, 'take_innsta_0.015', 14, 0, 46, 6.088634200291541, 10.164395981799393, 9]
2018-01-05 09:34:10.486 INFO in 'ProfileAnalyzerTest' at line 2222: [15.311073059953216, 15.311073059953216, 2, 100000, 104000, 140000, 172000, -1, 0, 0.03, 1, 'take_innsta_0.015', 14, 0, 44, 6.224514729656807, 15.311073059953216, 11]
2018-01-05 09:34:10.486 INFO in 'ProfileAnalyzerTest' at line 2222: [9.237024358816429, 9.237024358816429, 2, 100000, 104000, 140000, 174000, -1, 0, 0.03, 2, 'take_innsta_0.015', 14, 0, 44, 6.0967154412403355, 9.237024358816429, 7]
2018-01-05 09:34:10.486 INFO in 'ProfileAnalyzerTest' at line 2222: [10.164395981799393, 10.164395981799393, 2, 100000, 104000, 140000, 173000, -1, 0, 0.03, 2, 'take_innsta_0.015', 14, 0, 46, 6.088634200291541, 10.164395981799393, 9]
2018-01-05 09:34:10.486 INFO in 'ProfileAnalyzerTest' at line 2222: [15.311073059953216, 15.311073059953216, 2, 100000, 104000, 140000, 172000, -1, 0, 0.03, 2, 'take_innsta_0.015', 14, 0, 44, 6.224514729656807, 15.311073059953216, 11]
2018-01-05 09:34:10.486 INFO in 'ProfileAnalyzerTest' at line 2222: [9.237024358816429, 9.237024358816429, 2, 100000, 104000, 140000, 174000, -1, 0, 0.03, 3, 'take_innsta_0.015', 14, 0, 44, 6.0967154412403355, 9.237024358816429, 7]
2018-01-05 09:34:10.486 INFO in 'ProfileAnalyzerTest' at line 2222: [10.164395981799393, 10.164395981799393, 2, 100000, 104000, 140000, 173000, -1, 0, 0.03, 3, 'take_innsta_0.015', 14, 0, 46, 6.088634200291541, 10.164395981799393, 9]
2018-01-05 09:34:10.486 INFO in 'ProfileAnalyzerTest' at line 2222: [15.311073059953216, 15.311073059953216, 2, 100000, 104000, 140000, 172000, -1, 0, 0.03, 3, 'take_innsta_0.015', 14, 0, 44, 6.224514729656807, 15.311073059953216, 11]
2018-01-05 09:34:10.486 INFO in 'ProfileAnalyzerTest' at line 2222: [9.237024358816429, 9.237024358816429, 2, 100000, 104000, 140000, 174000, -1, 0, 0.03, 4, 'take_innsta_0.015', 14, 0, 44, 6.0967154412403355, 9.237024358816429, 7]
2018-01-05 09:34:10.486 INFO in 'ProfileAnalyzerTest' at line 2222: [10.164395981799393, 10.164395981799393, 2, 100000, 104000, 140000, 173000, -1, 0, 0.03, 4, 'take_innsta_0.015', 14, 0, 46, 6.088634200291541, 10.164395981799393, 9]
2018-01-05 09:34:10.486 INFO in 'ProfileAnalyzerTest' at line 2222: [15.311073059953216, 15.311073059953216, 2, 100000, 104000, 140000, 172000, -1, 0, 0.03, 4, 'take_innsta_0.015', 14, 0, 44, 6.224514729656807, 15.311073059953216, 11]
2018-01-05 09:34:10.489 INFO in 'ProfileAnalyzerTest' at line 2222: [9.237024358816429, 9.237024358816429, 2, 100000, 104000, 140000, 174000, -1, 0, 0.03, 5, 'take_innsta_0.015', 14, 0, 44, 6.0967154412403355, 9.237024358816429, 7]
2018-01-05 09:34:10.489 INFO in 'ProfileAnalyzerTest' at line 2222: [10.164395981799393, 10.164395981799393, 2, 100000, 104000, 140000, 173000, -1, 0, 0.03, 5, 'take_innsta_0.015', 14, 0, 46, 6.088634200291541, 10.164395981799393, 9]
2018-01-05 09:34:10.489 INFO in 'ProfileAnalyzerTest' at line 2222: [15.311073059953216, 15.311073059953216, 2, 100000, 104000, 140000, 172000, -1, 0, 0.03, 5, 'take_innsta_0.015', 14, 0, 44, 6.224514729656807, 15.311073059953216, 11]
2018-01-05 09:34:18.3 INFO in 'ProfileAnalyzerTest' at line 2176: AVG PVV -310.071128653
2018-01-05 09:34:18.7 INFO in 'ProfileAnalyzerTest' at line 2177: AVG Volume -5.3605475804
2018-01-05 09:38:34.184 INFO in 'ProfileAnalyzerTest' at line 2222: [6.479135491844594, 6.479135491844594, 3, 100000, 103000, 144000, 172000, -1, 0, 0.04, 0, 'take_innsta_0.04', 27, 0, 21, 6.932990688657795, 6.479135491844594, 6]
2018-01-05 09:38:34.184 INFO in 'ProfileAnalyzerTest' at line 2222: [9.96992314763068, 9.96992314763068, 3, 100000, 103000, 142000, 172000, -1, 0, 0.04, 0, 'take_innsta_0.04', 27, 0, 29, 8.63462047159617, 9.96992314763068, 2]
2018-01-05 09:38:34.184 INFO in 'ProfileAnalyzerTest' at line 2222: [5.279827445768972, 5.279827445768972, 3, 100000, 105000, 152000, 173000, -1, 0, 0.04, 0, 'take_innsta_0.03', 20, 0, 25, 5.943391917821843, 5.279827445768972, 2]
2018-01-05 09:38:34.184 INFO in 'ProfileAnalyzerTest' at line 2222: [5.450015780948694, 5.450015780948694, 3, 100000, 105000, 150000, 173000, -1, 0, 0.04, 0, 'take_innsta_0.03', 20, 0, 29, 6.454378460610364, 5.450015780948694, 2]
2018-01-05 09:38:34.184 INFO in 'ProfileAnalyzerTest' at line 2222: [5.514281462573476, 5.514281462573476, 3, 100000, 105000, 152000, 175000, -1, 0, 0.04, 0, 'take_innsta_0.03', 20, 0, 15, 6.704417743970903, 5.514281462573476, 2]
2018-01-05 09:38:34.184 INFO in 'ProfileAnalyzerTest' at line 2222: [5.721373158982988, 5.721373158982988, 3, 100000, 102000, 152000, 172000, -1, 0, 0.04, 0, 'take_innsta_0.03', 20, 0, 31, 5.764913012753349, 5.721373158982988, 4]
2018-01-05 09:38:34.184 INFO in 'ProfileAnalyzerTest' at line 2222: [7.067182666557784, 7.067182666557784, 3, 100000, 105000, 145000, 172000, -1, 0, 0.04, 0, 'take_innsta_0.03', 20, 0, 19, 6.771261058841631, 7.067182666557784, 2]
2018-01-05 09:38:34.184 INFO in 'ProfileAnalyzerTest' at line 2222: [7.080512621781651, 7.080512621781651, 3, 100000, 105000, 151000, 172000, -1, 0, 0.04, 0, 'take_innsta_0.03', 20, 0, 30, 6.122864581068117, 7.080512621781651, 5]
2018-01-05 09:38:34.184 INFO in 'ProfileAnalyzerTest' at line 2222: [7.323927685181446, 7.323927685181446, 3, 100000, 105000, 150000, 175000, -1, 0, 0.04, 0, 'take_innsta_0.03', 20, 0, 17, 7.471465894493425, 7.323927685181446, 6]
2018-01-05 09:38:34.184 INFO in 'ProfileAnalyzerTest' at line 2222: [7.779213805614606, 7.779213805614606, 3, 100000, 105000, 152000, 174000, -1, 0, 0.04, 0, 'take_innsta_0.03', 20, 0, 28, 6.948614487547592, 7.779213805614606, 3]
2018-01-05 09:38:34.184 INFO in 'ProfileAnalyzerTest' at line 2222: [8.111532967890561, 8.111532967890561, 3, 100000, 105000, 150000, 174000, -1, 0, 0.04, 0, 'take_innsta_0.03', 20, 0, 26, 7.546769949868459, 8.111532967890561, 3]
2018-01-05 09:38:34.184 INFO in 'ProfileAnalyzerTest' at line 2222: [10.606493375625647, 10.606493375625647, 3, 100000, 105000, 144000, 172000, -1, 0, 0.04, 0, 'take_innsta_0.03', 20, 0, 17, 7.46339757507609, 10.606493375625647, 6]
2018-01-05 09:38:34.186 INFO in 'ProfileAnalyzerTest' at line 2222: [12.154742116129183, 12.154742116129183, 3, 100000, 105000, 150000, 172000, -1, 0, 0.04, 0, 'take_innsta_0.03', 20, 0, 25, 6.848708986366976, 12.154742116129183, 4]
2018-01-05 09:38:34.186 INFO in 'ProfileAnalyzerTest' at line 2222: [12.195234619482742, 12.195234619482742, 3, 100000, 105000, 152000, 172000, -1, 0, 0.04, 0, 'take_innsta_0.03', 20, 0, 27, 6.440416267016394, 12.195234619482742, 4]
2018-01-05 09:38:34.186 INFO in 'ProfileAnalyzerTest' at line 2222: [5.62851928349816, 5.62851928349816, 3, 100000, 102000, 150000, 173000, -1, 0, 0.04, 0, 'take_innsta_0.03', 27, 0, 39, 6.467534525070762, 5.62851928349816, 2]
2018-01-05 09:38:34.186 INFO in 'ProfileAnalyzerTest' at line 2222: [5.687944149720146, 5.687944149720146, 3, 100000, 105000, 152000, 172000, -1, 0, 0.04, 0, 'take_innsta_0.03', 27, 0, 23, 5.721646488913915, 5.687944149720146, 4]
2018-01-05 09:38:34.186 INFO in 'ProfileAnalyzerTest' at line 2222: [5.770787594393446, 5.770787594393446, 3, 100000, 103000, 152000, 173000, -1, 0, 0.04, 0, 'take_innsta_0.03', 27, 0, 33, 6.066796477476795, 5.770787594393446, 2]
2018-01-05 09:38:34.186 INFO in 'ProfileAnalyzerTest' at line 2222: [5.8516791860471224, 5.8516791860471224, 3, 100000, 105000, 150000, 172000, -1, 0, 0.04, 0, 'take_innsta_0.03', 27, 0, 21, 6.161692255722283, 5.8516791860471224, 4]
2018-01-05 09:38:34.187 INFO in 'ProfileAnalyzerTest' at line 2222: [6.42273606984062, 6.42273606984062, 3, 100000, 103000, 150000, 173000, -1, 0, 0.04, 0, 'take_innsta_0.03', 27, 0, 39, 6.636529190552935, 6.42273606984062, 2]
2018-01-05 09:38:34.187 INFO in 'ProfileAnalyzerTest' at line 2222: [7.287795295633768, 7.287795295633768, 3, 100000, 102000, 152000, 172000, -1, 0, 0.04, 0, 'take_innsta_0.03', 27, 0, 29, 5.978829750472783, 7.287795295633768, 4]
2018-01-05 09:38:34.187 INFO in 'ProfileAnalyzerTest' at line 2222: [7.515952187636106, 7.515952187636106, 3, 100000, 102000, 152000, 173000, -1, 0, 0.04, 0, 'take_innsta_0.03', 27, 0, 29, 6.2794499019616525, 7.515952187636106, 2]
2018-01-05 09:38:34.187 INFO in 'ProfileAnalyzerTest' at line 2222: [8.648884725954181, 8.648884725954181, 3, 100000, 103000, 144000, 172000, -1, 0, 0.04, 0, 'take_innsta_0.03', 27, 0, 21, 7.334599028338099, 8.648884725954181, 6]
2018-01-05 09:38:34.187 INFO in 'ProfileAnalyzerTest' at line 2222: [10.77668497979657, 10.77668497979657, 3, 100000, 103000, 152000, 172000, -1, 0, 0.04, 0, 'take_innsta_0.03', 27, 0, 29, 6.3555647918855405, 10.77668497979657, 4]
2018-01-05 09:38:34.187 INFO in 'ProfileAnalyzerTest' at line 2222: [11.299839465004293, 11.299839465004293, 3, 100000, 103000, 150000, 172000, -1, 0, 0.04, 0, 'take_innsta_0.03', 27, 0, 33, 6.822588294499912, 11.299839465004293, 4]
2018-01-05 09:38:34.188 INFO in 'ProfileAnalyzerTest' at line 2222: [5.180854381474319, 5.180854381474319, 3, 100000, 105000, 144000, 174000, -1, 0, 0.03, 0, 'take_innsta_0.03', 20, 0, 13, 7.945206321917773, 5.180854381474319, 6]
2018-01-05 09:38:34.188 INFO in 'ProfileAnalyzerTest' at line 2222: [5.181913714789596, 5.181913714789596, 3, 100000, 105000, 150000, 175000, -1, 0, 0.03, 0, 'take_innsta_0.03', 20, 0, 15, 7.168437316850412, 5.181913714789596, 6]
2018-01-05 09:38:34.188 INFO in 'ProfileAnalyzerTest' at line 2222: [5.453705733555201, 5.453705733555201, 3, 100000, 105000, 152000, 173000, -1, 0, 0.03, 0, 'take_innsta_0.03', 20, 0, 25, 5.945976080432271, 5.453705733555201, 2]
2018-01-05 09:38:34.188 INFO in 'ProfileAnalyzerTest' at line 2222: [5.58782389859411, 5.58782389859411, 3, 100000, 105000, 152000, 175000, -1, 0, 0.03, 0, 'take_innsta_0.03', 20, 0, 15, 6.683638661639667, 5.58782389859411, 2]
2018-01-05 09:38:34.188 INFO in 'ProfileAnalyzerTest' at line 2222: [5.620011903472384, 5.620011903472384, 3, 100000, 102000, 152000, 173000, -1, 0, 0.03, 0, 'take_innsta_0.03', 20, 0, 31, 6.0536047342676005, 5.620011903472384, 2]
2018-01-05 09:38:34.188 INFO in 'ProfileAnalyzerTest' at line 2222: [6.188535333257929, 6.188535333257929, 3, 100000, 103000, 152000, 172000, -1, 0, 0.03, 0, 'take_innsta_0.03', 20, 0, 25, 5.87301112802887, 6.188535333257929, 4]
2018-01-05 09:38:34.188 INFO in 'ProfileAnalyzerTest' at line 2222: [6.26509650687453, 6.26509650687453, 3, 100000, 105000, 150000, 174000, -1, 0, 0.03, 0, 'take_innsta_0.03', 20, 0, 24, 7.342080766807451, 6.26509650687453, 3]
2018-01-05 09:38:34.190 INFO in 'ProfileAnalyzerTest' at line 2222: [6.7250790096511235, 6.7250790096511235, 3, 100000, 102000, 152000, 172000, -1, 0, 0.03, 0, 'take_innsta_0.03', 20, 0, 31, 5.932223089930818, 6.7250790096511235, 4]
2018-01-05 09:38:34.190 INFO in 'ProfileAnalyzerTest' at line 2222: [6.945650783722336, 6.945650783722336, 3, 100000, 105000, 145000, 172000, -1, 0, 0.03, 0, 'take_innsta_0.03', 20, 0, 19, 6.713325267943247, 6.945650783722336, 2]
2018-01-05 09:38:34.190 INFO in 'ProfileAnalyzerTest' at line 2222: [7.999433752245435, 7.999433752245435, 3, 100000, 105000, 152000, 174000, -1, 0, 0.03, 0, 'take_innsta_0.03', 20, 0, 28, 6.946876969474789, 7.999433752245435, 3]
2018-01-05 09:38:34.190 INFO in 'ProfileAnalyzerTest' at line 2222: [8.178275538396633, 8.178275538396633, 3, 100000, 105000, 151000, 172000, -1, 0, 0.03, 0, 'take_innsta_0.03', 20, 0, 28, 6.2547766791666035, 8.178275538396633, 5]
2018-01-05 09:38:34.190 INFO in 'ProfileAnalyzerTest' at line 2222: [11.06367728234362, 11.06367728234362, 3, 100000, 105000, 144000, 172000, -1, 0, 0.03, 0, 'take_innsta_0.03', 20, 0, 17, 7.522722686021925, 11.06367728234362, 6]
2018-01-05 09:38:34.190 INFO in 'ProfileAnalyzerTest' at line 2222: [11.184062623249272, 11.184062623249272, 3, 100000, 105000, 150000, 172000, -1, 0, 0.03, 0, 'take_innsta_0.03', 20, 0, 25, 6.808169240598258, 11.184062623249272, 4]
2018-01-05 09:38:34.190 INFO in 'ProfileAnalyzerTest' at line 2222: [12.98394285334869, 12.98394285334869, 3, 100000, 105000, 152000, 172000, -1, 0, 0.03, 0, 'take_innsta_0.03', 20, 0, 27, 6.483735878344538, 12.98394285334869, 4]
2018-01-05 09:38:34.190 INFO in 'ProfileAnalyzerTest' at line 2222: [5.180854381474319, 5.180854381474319, 3, 100000, 105000, 144000, 174000, -1, 0, 0.03, 0, 'take_innsta_0.03', 20, 0, 13, 7.945206321917773, 5.180854381474319, 6]
2018-01-05 09:38:34.190 INFO in 'ProfileAnalyzerTest' at line 2222: [5.181913714789596, 5.181913714789596, 3, 100000, 105000, 150000, 175000, -1, 0, 0.03, 0, 'take_innsta_0.03', 20, 0, 15, 7.168437316850412, 5.181913714789596, 6]
2018-01-05 09:38:34.190 INFO in 'ProfileAnalyzerTest' at line 2222: [5.453705733555201, 5.453705733555201, 3, 100000, 105000, 152000, 173000, -1, 0, 0.03, 0, 'take_innsta_0.03', 20, 0, 25, 5.945976080432271, 5.453705733555201, 2]
2018-01-05 09:38:34.190 INFO in 'ProfileAnalyzerTest' at line 2222: [5.58782389859411, 5.58782389859411, 3, 100000, 105000, 152000, 175000, -1, 0, 0.03, 0, 'take_innsta_0.03', 20, 0, 15, 6.683638661639667, 5.58782389859411, 2]
2018-01-05 09:38:34.190 INFO in 'ProfileAnalyzerTest' at line 2222: [5.620011903472384, 5.620011903472384, 3, 100000, 102000, 152000, 173000, -1, 0, 0.03, 0, 'take_innsta_0.03', 20, 0, 31, 6.0536047342676005, 5.620011903472384, 2]
2018-01-05 09:38:34.193 INFO in 'ProfileAnalyzerTest' at line 2222: [6.188535333257929, 6.188535333257929, 3, 100000, 103000, 152000, 172000, -1, 0, 0.03, 0, 'take_innsta_0.03', 20, 0, 25, 5.87301112802887, 6.188535333257929, 4]
2018-01-05 09:38:34.193 INFO in 'ProfileAnalyzerTest' at line 2222: [6.26509650687453, 6.26509650687453, 3, 100000, 105000, 150000, 174000, -1, 0, 0.03, 0, 'take_innsta_0.03', 20, 0, 24, 7.342080766807451, 6.26509650687453, 3]
2018-01-05 09:38:34.193 INFO in 'ProfileAnalyzerTest' at line 2222: [6.7250790096511235, 6.7250790096511235, 3, 100000, 102000, 152000, 172000, -1, 0, 0.03, 0, 'take_innsta_0.03', 20, 0, 31, 5.932223089930818, 6.7250790096511235, 4]
2018-01-05 09:38:34.193 INFO in 'ProfileAnalyzerTest' at line 2222: [6.945650783722336, 6.945650783722336, 3, 100000, 105000, 145000, 172000, -1, 0, 0.03, 0, 'take_innsta_0.03', 20, 0, 19, 6.713325267943247, 6.945650783722336, 2]
2018-01-05 09:38:34.193 INFO in 'ProfileAnalyzerTest' at line 2222: [7.999433752245435, 7.999433752245435, 3, 100000, 105000, 152000, 174000, -1, 0, 0.03, 0, 'take_innsta_0.03', 20, 0, 28, 6.946876969474789, 7.999433752245435, 3]
2018-01-05 09:38:34.193 INFO in 'ProfileAnalyzerTest' at line 2222: [8.178275538396633, 8.178275538396633, 3, 100000, 105000, 151000, 172000, -1, 0, 0.03, 0, 'take_innsta_0.03', 20, 0, 28, 6.2547766791666035, 8.178275538396633, 5]
2018-01-05 09:38:34.194 INFO in 'ProfileAnalyzerTest' at line 2222: [11.06367728234362, 11.06367728234362, 3, 100000, 105000, 144000, 172000, -1, 0, 0.03, 0, 'take_innsta_0.03', 20, 0, 17, 7.522722686021925, 11.06367728234362, 6]
2018-01-05 09:38:34.194 INFO in 'ProfileAnalyzerTest' at line 2222: [11.184062623249272, 11.184062623249272, 3, 100000, 105000, 150000, 172000, -1, 0, 0.03, 0, 'take_innsta_0.03', 20, 0, 25, 6.808169240598258, 11.184062623249272, 4]
2018-01-05 09:38:34.194 INFO in 'ProfileAnalyzerTest' at line 2222: [12.98394285334869, 12.98394285334869, 3, 100000, 105000, 152000, 172000, -1, 0, 0.03, 0, 'take_innsta_0.03', 20, 0, 27, 6.483735878344538, 12.98394285334869, 4]
2018-01-05 09:38:34.194 INFO in 'ProfileAnalyzerTest' at line 2222: [5.62851928349816, 5.62851928349816, 3, 100000, 102000, 150000, 173000, -1, 0, 0.04, 0, 'take_innsta_0.03', 27, 0, 39, 6.467534525070762, 5.62851928349816, 2]
2018-01-05 09:38:34.194 INFO in 'ProfileAnalyzerTest' at line 2222: [5.687944149720146, 5.687944149720146, 3, 100000, 105000, 152000, 172000, -1, 0, 0.04, 0, 'take_innsta_0.03', 27, 0, 23, 5.721646488913915, 5.687944149720146, 4]
2018-01-05 09:38:34.194 INFO in 'ProfileAnalyzerTest' at line 2222: [5.770787594393446, 5.770787594393446, 3, 100000, 103000, 152000, 173000, -1, 0, 0.04, 0, 'take_innsta_0.03', 27, 0, 33, 6.066796477476795, 5.770787594393446, 2]
2018-01-05 09:38:34.194 INFO in 'ProfileAnalyzerTest' at line 2222: [5.8516791860471224, 5.8516791860471224, 3, 100000, 105000, 150000, 172000, -1, 0, 0.04, 0, 'take_innsta_0.03', 27, 0, 21, 6.161692255722283, 5.8516791860471224, 4]
2018-01-05 09:38:34.194 INFO in 'ProfileAnalyzerTest' at line 2222: [6.42273606984062, 6.42273606984062, 3, 100000, 103000, 150000, 173000, -1, 0, 0.04, 0, 'take_innsta_0.03', 27, 0, 39, 6.636529190552935, 6.42273606984062, 2]
2018-01-05 09:38:34.194 INFO in 'ProfileAnalyzerTest' at line 2222: [7.287795295633768, 7.287795295633768, 3, 100000, 102000, 152000, 172000, -1, 0, 0.04, 0, 'take_innsta_0.03', 27, 0, 29, 5.978829750472783, 7.287795295633768, 4]
2018-01-05 09:38:34.194 INFO in 'ProfileAnalyzerTest' at line 2222: [7.515952187636106, 7.515952187636106, 3, 100000, 102000, 152000, 173000, -1, 0, 0.04, 0, 'take_innsta_0.03', 27, 0, 29, 6.2794499019616525, 7.515952187636106, 2]
2018-01-05 09:38:34.194 INFO in 'ProfileAnalyzerTest' at line 2222: [8.648884725954181, 8.648884725954181, 3, 100000, 103000, 144000, 172000, -1, 0, 0.04, 0, 'take_innsta_0.03', 27, 0, 21, 7.334599028338099, 8.648884725954181, 6]
2018-01-05 09:38:34.194 INFO in 'ProfileAnalyzerTest' at line 2222: [10.77668497979657, 10.77668497979657, 3, 100000, 103000, 152000, 172000, -1, 0, 0.04, 0, 'take_innsta_0.03', 27, 0, 29, 6.3555647918855405, 10.77668497979657, 4]
2018-01-05 09:38:34.194 INFO in 'ProfileAnalyzerTest' at line 2222: [11.299839465004293, 11.299839465004293, 3, 100000, 103000, 150000, 172000, -1, 0, 0.04, 0, 'take_innsta_0.03', 27, 0, 33, 6.822588294499912, 11.299839465004293, 4]
2018-01-05 09:38:34.196 INFO in 'ProfileAnalyzerTest' at line 2222: [5.279827445768972, 5.279827445768972, 3, 100000, 105000, 152000, 173000, -1, 0, 0.04, 0, 'take_innsta_0.03', 20, 0, 25, 5.943391917821843, 5.279827445768972, 2]
2018-01-05 09:38:34.196 INFO in 'ProfileAnalyzerTest' at line 2222: [5.450015780948694, 5.450015780948694, 3, 100000, 105000, 150000, 173000, -1, 0, 0.04, 0, 'take_innsta_0.03', 20, 0, 29, 6.454378460610364, 5.450015780948694, 2]
2018-01-05 09:38:34.196 INFO in 'ProfileAnalyzerTest' at line 2222: [5.514281462573476, 5.514281462573476, 3, 100000, 105000, 152000, 175000, -1, 0, 0.04, 0, 'take_innsta_0.03', 20, 0, 15, 6.704417743970903, 5.514281462573476, 2]
2018-01-05 09:38:34.196 INFO in 'ProfileAnalyzerTest' at line 2222: [5.721373158982988, 5.721373158982988, 3, 100000, 102000, 152000, 172000, -1, 0, 0.04, 0, 'take_innsta_0.03', 20, 0, 31, 5.764913012753349, 5.721373158982988, 4]
2018-01-05 09:38:34.196 INFO in 'ProfileAnalyzerTest' at line 2222: [7.067182666557784, 7.067182666557784, 3, 100000, 105000, 145000, 172000, -1, 0, 0.04, 0, 'take_innsta_0.03', 20, 0, 19, 6.771261058841631, 7.067182666557784, 2]
2018-01-05 09:38:34.196 INFO in 'ProfileAnalyzerTest' at line 2222: [7.080512621781651, 7.080512621781651, 3, 100000, 105000, 151000, 172000, -1, 0, 0.04, 0, 'take_innsta_0.03', 20, 0, 30, 6.122864581068117, 7.080512621781651, 5]
2018-01-05 09:38:34.196 INFO in 'ProfileAnalyzerTest' at line 2222: [7.323927685181446, 7.323927685181446, 3, 100000, 105000, 150000, 175000, -1, 0, 0.04, 0, 'take_innsta_0.03', 20, 0, 17, 7.471465894493425, 7.323927685181446, 6]
2018-01-05 09:38:34.197 INFO in 'ProfileAnalyzerTest' at line 2222: [7.779213805614606, 7.779213805614606, 3, 100000, 105000, 152000, 174000, -1, 0, 0.04, 0, 'take_innsta_0.03', 20, 0, 28, 6.948614487547592, 7.779213805614606, 3]
2018-01-05 09:38:34.197 INFO in 'ProfileAnalyzerTest' at line 2222: [8.111532967890561, 8.111532967890561, 3, 100000, 105000, 150000, 174000, -1, 0, 0.04, 0, 'take_innsta_0.03', 20, 0, 26, 7.546769949868459, 8.111532967890561, 3]
2018-01-05 09:38:34.197 INFO in 'ProfileAnalyzerTest' at line 2222: [10.606493375625647, 10.606493375625647, 3, 100000, 105000, 144000, 172000, -1, 0, 0.04, 0, 'take_innsta_0.03', 20, 0, 17, 7.46339757507609, 10.606493375625647, 6]
2018-01-05 09:38:34.197 INFO in 'ProfileAnalyzerTest' at line 2222: [12.154742116129183, 12.154742116129183, 3, 100000, 105000, 150000, 172000, -1, 0, 0.04, 0, 'take_innsta_0.03', 20, 0, 25, 6.848708986366976, 12.154742116129183, 4]
2018-01-05 09:38:34.197 INFO in 'ProfileAnalyzerTest' at line 2222: [12.195234619482742, 12.195234619482742, 3, 100000, 105000, 152000, 172000, -1, 0, 0.04, 0, 'take_innsta_0.03', 20, 0, 27, 6.440416267016394, 12.195234619482742, 4]
2018-01-05 09:38:34.197 INFO in 'ProfileAnalyzerTest' at line 2222: [5.279827445768972, 5.279827445768972, 3, 100000, 105000, 152000, 173000, -1, 0, 0.04, 0, 'take_innsta_0.03', 20, 0, 25, 5.943391917821843, 5.279827445768972, 2]
2018-01-05 09:38:34.198 INFO in 'ProfileAnalyzerTest' at line 2222: [5.450015780948694, 5.450015780948694, 3, 100000, 105000, 150000, 173000, -1, 0, 0.04, 0, 'take_innsta_0.03', 20, 0, 29, 6.454378460610364, 5.450015780948694, 2]
2018-01-05 09:38:34.198 INFO in 'ProfileAnalyzerTest' at line 2222: [5.514281462573476, 5.514281462573476, 3, 100000, 105000, 152000, 175000, -1, 0, 0.04, 0, 'take_innsta_0.03', 20, 0, 15, 6.704417743970903, 5.514281462573476, 2]
2018-01-05 09:38:34.198 INFO in 'ProfileAnalyzerTest' at line 2222: [5.721373158982988, 5.721373158982988, 3, 100000, 102000, 152000, 172000, -1, 0, 0.04, 0, 'take_innsta_0.03', 20, 0, 31, 5.764913012753349, 5.721373158982988, 4]
2018-01-05 09:38:34.198 INFO in 'ProfileAnalyzerTest' at line 2222: [7.067182666557784, 7.067182666557784, 3, 100000, 105000, 145000, 172000, -1, 0, 0.04, 0, 'take_innsta_0.03', 20, 0, 19, 6.771261058841631, 7.067182666557784, 2]
2018-01-05 09:38:34.198 INFO in 'ProfileAnalyzerTest' at line 2222: [7.080512621781651, 7.080512621781651, 3, 100000, 105000, 151000, 172000, -1, 0, 0.04, 0, 'take_innsta_0.03', 20, 0, 30, 6.122864581068117, 7.080512621781651, 5]
2018-01-05 09:38:34.198 INFO in 'ProfileAnalyzerTest' at line 2222: [7.323927685181446, 7.323927685181446, 3, 100000, 105000, 150000, 175000, -1, 0, 0.04, 0, 'take_innsta_0.03', 20, 0, 17, 7.471465894493425, 7.323927685181446, 6]
2018-01-05 09:38:34.198 INFO in 'ProfileAnalyzerTest' at line 2222: [7.779213805614606, 7.779213805614606, 3, 100000, 105000, 152000, 174000, -1, 0, 0.04, 0, 'take_innsta_0.03', 20, 0, 28, 6.948614487547592, 7.779213805614606, 3]
2018-01-05 09:38:34.200 INFO in 'ProfileAnalyzerTest' at line 2222: [8.111532967890561, 8.111532967890561, 3, 100000, 105000, 150000, 174000, -1, 0, 0.04, 0, 'take_innsta_0.03', 20, 0, 26, 7.546769949868459, 8.111532967890561, 3]
2018-01-05 09:38:34.200 INFO in 'ProfileAnalyzerTest' at line 2222: [10.606493375625647, 10.606493375625647, 3, 100000, 105000, 144000, 172000, -1, 0, 0.04, 0, 'take_innsta_0.03', 20, 0, 17, 7.46339757507609, 10.606493375625647, 6]
2018-01-05 09:38:34.200 INFO in 'ProfileAnalyzerTest' at line 2222: [12.154742116129183, 12.154742116129183, 3, 100000, 105000, 150000, 172000, -1, 0, 0.04, 0, 'take_innsta_0.03', 20, 0, 25, 6.848708986366976, 12.154742116129183, 4]
2018-01-05 09:38:34.200 INFO in 'ProfileAnalyzerTest' at line 2222: [12.195234619482742, 12.195234619482742, 3, 100000, 105000, 152000, 172000, -1, 0, 0.04, 0, 'take_innsta_0.03', 20, 0, 27, 6.440416267016394, 12.195234619482742, 4]
2018-01-05 09:38:34.200 INFO in 'ProfileAnalyzerTest' at line 2222: [5.180854381474319, 5.180854381474319, 3, 100000, 105000, 144000, 174000, -1, 0, 0.03, 0, 'take_innsta_0.03', 20, 0, 13, 7.945206321917773, 5.180854381474319, 6]
2018-01-05 09:38:34.200 INFO in 'ProfileAnalyzerTest' at line 2222: [5.181913714789596, 5.181913714789596, 3, 100000, 105000, 150000, 175000, -1, 0, 0.03, 0, 'take_innsta_0.03', 20, 0, 15, 7.168437316850412, 5.181913714789596, 6]
2018-01-05 09:38:34.200 INFO in 'ProfileAnalyzerTest' at line 2222: [5.453705733555201, 5.453705733555201, 3, 100000, 105000, 152000, 173000, -1, 0, 0.03, 0, 'take_innsta_0.03', 20, 0, 25, 5.945976080432271, 5.453705733555201, 2]
2018-01-05 09:38:34.200 INFO in 'ProfileAnalyzerTest' at line 2222: [5.58782389859411, 5.58782389859411, 3, 100000, 105000, 152000, 175000, -1, 0, 0.03, 0, 'take_innsta_0.03', 20, 0, 15, 6.683638661639667, 5.58782389859411, 2]
2018-01-05 09:38:34.200 INFO in 'ProfileAnalyzerTest' at line 2222: [5.620011903472384, 5.620011903472384, 3, 100000, 102000, 152000, 173000, -1, 0, 0.03, 0, 'take_innsta_0.03', 20, 0, 31, 6.0536047342676005, 5.620011903472384, 2]
2018-01-05 09:38:34.200 INFO in 'ProfileAnalyzerTest' at line 2222: [6.188535333257929, 6.188535333257929, 3, 100000, 103000, 152000, 172000, -1, 0, 0.03, 0, 'take_innsta_0.03', 20, 0, 25, 5.87301112802887, 6.188535333257929, 4]
2018-01-05 09:38:34.200 INFO in 'ProfileAnalyzerTest' at line 2222: [6.26509650687453, 6.26509650687453, 3, 100000, 105000, 150000, 174000, -1, 0, 0.03, 0, 'take_innsta_0.03', 20, 0, 24, 7.342080766807451, 6.26509650687453, 3]
2018-01-05 09:38:34.200 INFO in 'ProfileAnalyzerTest' at line 2222: [6.7250790096511235, 6.7250790096511235, 3, 100000, 102000, 152000, 172000, -1, 0, 0.03, 0, 'take_innsta_0.03', 20, 0, 31, 5.932223089930818, 6.7250790096511235, 4]
2018-01-05 09:38:34.200 INFO in 'ProfileAnalyzerTest' at line 2222: [6.945650783722336, 6.945650783722336, 3, 100000, 105000, 145000, 172000, -1, 0, 0.03, 0, 'take_innsta_0.03', 20, 0, 19, 6.713325267943247, 6.945650783722336, 2]
2018-01-05 09:38:34.203 INFO in 'ProfileAnalyzerTest' at line 2222: [7.999433752245435, 7.999433752245435, 3, 100000, 105000, 152000, 174000, -1, 0, 0.03, 0, 'take_innsta_0.03', 20, 0, 28, 6.946876969474789, 7.999433752245435, 3]
2018-01-05 09:38:34.203 INFO in 'ProfileAnalyzerTest' at line 2222: [8.178275538396633, 8.178275538396633, 3, 100000, 105000, 151000, 172000, -1, 0, 0.03, 0, 'take_innsta_0.03', 20, 0, 28, 6.2547766791666035, 8.178275538396633, 5]
2018-01-05 09:38:34.203 INFO in 'ProfileAnalyzerTest' at line 2222: [11.06367728234362, 11.06367728234362, 3, 100000, 105000, 144000, 172000, -1, 0, 0.03, 0, 'take_innsta_0.03', 20, 0, 17, 7.522722686021925, 11.06367728234362, 6]
2018-01-05 09:38:34.203 INFO in 'ProfileAnalyzerTest' at line 2222: [11.184062623249272, 11.184062623249272, 3, 100000, 105000, 150000, 172000, -1, 0, 0.03, 0, 'take_innsta_0.03', 20, 0, 25, 6.808169240598258, 11.184062623249272, 4]
2018-01-05 09:38:34.203 INFO in 'ProfileAnalyzerTest' at line 2222: [12.98394285334869, 12.98394285334869, 3, 100000, 105000, 152000, 172000, -1, 0, 0.03, 0, 'take_innsta_0.03', 20, 0, 27, 6.483735878344538, 12.98394285334869, 4]
2018-01-05 09:38:34.203 INFO in 'ProfileAnalyzerTest' at line 2222: [5.303022494071513, 5.303022494071513, 3, 100000, 105000, 144000, 172000, -1, 0, 0.03, 0, 'take_innsta_0.03', 27, 0, 13, 6.832237205949508, 5.303022494071513, 6]
2018-01-05 09:38:34.203 INFO in 'ProfileAnalyzerTest' at line 2222: [5.384363225696894, 5.384363225696894, 3, 100000, 105000, 150000, 172000, -1, 0, 0.03, 0, 'take_innsta_0.03', 27, 0, 21, 6.121152509953569, 5.384363225696894, 4]
2018-01-05 09:38:34.203 INFO in 'ProfileAnalyzerTest' at line 2222: [6.055803278685731, 6.055803278685731, 3, 100000, 105000, 152000, 172000, -1, 0, 0.03, 0, 'take_innsta_0.03', 27, 0, 23, 5.764966100242056, 6.055803278685731, 4]
2018-01-05 09:38:34.203 INFO in 'ProfileAnalyzerTest' at line 2222: [7.097549093630662, 7.097549093630662, 3, 100000, 103000, 152000, 173000, -1, 0, 0.03, 0, 'take_innsta_0.03', 27, 0, 33, 6.288213555080511, 7.097549093630662, 2]
2018-01-05 09:38:34.203 INFO in 'ProfileAnalyzerTest' at line 2222: [7.149428714319167, 7.149428714319167, 3, 100000, 103000, 151000, 172000, -1, 0, 0.03, 0, 'take_innsta_0.03', 27, 0, 32, 6.164073622119496, 7.149428714319167, 5]
2018-01-05 09:38:34.203 INFO in 'ProfileAnalyzerTest' at line 2222: [8.566300048503184, 8.566300048503184, 3, 100000, 102000, 152000, 172000, -1, 0, 0.03, 0, 'take_innsta_0.03', 27, 0, 29, 6.146139827650251, 8.566300048503184, 4]
2018-01-05 09:38:34.203 INFO in 'ProfileAnalyzerTest' at line 2222: [8.834482717711373, 8.834482717711373, 3, 100000, 102000, 152000, 173000, -1, 0, 0.03, 0, 'take_innsta_0.03', 27, 0, 29, 6.446759979139123, 8.834482717711373, 2]
2018-01-05 09:38:34.203 INFO in 'ProfileAnalyzerTest' at line 2222: [9.021687571129378, 9.021687571129378, 3, 100000, 103000, 144000, 172000, -1, 0, 0.03, 0, 'take_innsta_0.03', 27, 0, 21, 7.393924139283934, 9.021687571129378, 6]
2018-01-05 09:38:34.204 INFO in 'ProfileAnalyzerTest' at line 2222: [9.162384360696896, 9.162384360696896, 3, 100000, 103000, 150000, 172000, -1, 0, 0.03, 0, 'take_innsta_0.03', 27, 0, 33, 6.652294107766732, 9.162384360696896, 4]
2018-01-05 09:38:34.204 INFO in 'ProfileAnalyzerTest' at line 2222: [13.254352106982696, 13.254352106982696, 3, 100000, 103000, 152000, 172000, -1, 0, 0.03, 0, 'take_innsta_0.03', 27, 0, 29, 6.576981869489257, 13.254352106982696, 4]
2018-01-05 09:38:41.714 INFO in 'ProfileAnalyzerTest' at line 2176: AVG PVV -5.02238223587
2018-01-05 09:38:41.719 INFO in 'ProfileAnalyzerTest' at line 2177: AVG Volume 835.810740288
2018-01-05 09:43:04.747 INFO in 'ProfileAnalyzerTest' at line 2222: [3.5117228203224635, 3.5117228203224635, 4, 100000, 101000, 133000, 174000, -1, 0, 0.03, 5, 'take_innsta_0.015', 9, 0, 26, 6.609880819229132, 3.5117228203224635, 5]
2018-01-05 09:43:04.747 INFO in 'ProfileAnalyzerTest' at line 2222: [1.8079440139312077, 1.8079440139312077, 4, 100000, 101000, 103000, 151000, 1, 0, 0.03, 0, 'take_innsta_0.005', 9, 20, 59, 3.4434021586838135, 1.8079440139312077, 0]
2018-01-05 09:43:04.749 INFO in 'ProfileAnalyzerTest' at line 2222: [2.099894152271891, 2.099894152271891, 4, 100000, 101000, 103000, 135000, 1, 0, 0.03, 0, 'take_innsta_0.005', 9, 20, 55, 3.374693114726611, 2.099894152271891, 0]
2018-01-05 09:43:04.749 INFO in 'ProfileAnalyzerTest' at line 2222: [2.373634314105804, 2.373634314105804, 4, 100000, 101000, 103000, 141000, 1, 0, 0.03, 0, 'take_innsta_0.005', 9, 20, 55, 3.4789472400947496, 2.373634314105804, 0]
2018-01-05 09:43:04.749 INFO in 'ProfileAnalyzerTest' at line 2222: [2.447654630841492, 2.447654630841492, 4, 100000, 101000, 103000, 144000, 1, 0, 0.03, 0, 'take_innsta_0.005', 9, 20, 55, 3.587630861872882, 2.447654630841492, 0]
2018-01-05 09:43:04.749 INFO in 'ProfileAnalyzerTest' at line 2222: [2.6626520016430884, 2.6626520016430884, 4, 100000, 101000, 103000, 143000, 1, 0, 0.03, 0, 'take_innsta_0.005', 9, 20, 57, 3.582847217685242, 2.6626520016430884, 0]
2018-01-05 09:43:04.749 INFO in 'ProfileAnalyzerTest' at line 2222: [2.7510777131656927, 2.7510777131656927, 4, 100000, 101000, 103000, 150000, 1, 0, 0.03, 0, 'take_innsta_0.005', 9, 20, 59, 3.7062234039391755, 2.7510777131656927, 0]
2018-01-05 09:43:04.749 INFO in 'ProfileAnalyzerTest' at line 2222: [2.8778658859893373, 2.8778658859893373, 4, 100000, 101000, 103000, 140000, 1, 0, 0.03, 0, 'take_innsta_0.005', 9, 20, 58, 3.6520135239811164, 2.8778658859893373, 1]
2018-01-05 09:43:04.750 INFO in 'ProfileAnalyzerTest' at line 2222: [3.0605962997236125, 3.0605962997236125, 4, 100000, 101000, 103000, 145000, 1, 0, 0.03, 0, 'take_innsta_0.005', 9, 20, 59, 3.7489235400161145, 3.0605962997236125, 0]
2018-01-05 09:43:04.750 INFO in 'ProfileAnalyzerTest' at line 2222: [3.5154012183706502, 3.5154012183706502, 4, 100000, 101000, 103000, 142000, 1, 0, 0.03, 0, 'take_innsta_0.005', 9, 20, 57, 3.772588023460661, 3.5154012183706502, 0]
2018-01-05 09:43:04.750 INFO in 'ProfileAnalyzerTest' at line 2222: [1.7909292513821502, 1.7909292513821502, 4, 100000, 101000, 134000, 175000, -1, 0, 0.04, 1, 'take_innsta_0.015', 9, 0, 34, 6.381460773020344, 1.7909292513821502, 3]
2018-01-05 09:43:04.750 INFO in 'ProfileAnalyzerTest' at line 2222: [1.960527467404312, 1.960527467404312, 4, 100000, 101000, 134000, 174000, -1, 0, 0.04, 1, 'take_innsta_0.015', 9, 0, 33, 6.155266748690183, 1.960527467404312, 4]
2018-01-05 09:43:04.750 INFO in 'ProfileAnalyzerTest' at line 2222: [2.553787202349387, 2.553787202349387, 4, 100000, 101000, 133000, 175000, -1, 0, 0.04, 1, 'take_innsta_0.015', 9, 0, 30, 6.821274668235809, 2.553787202349387, 3]
2018-01-05 09:43:04.750 INFO in 'ProfileAnalyzerTest' at line 2222: [3.5190944315882122, 3.5190944315882122, 4, 100000, 101000, 133000, 174000, -1, 0, 0.04, 1, 'take_innsta_0.015', 9, 0, 26, 6.778777720539026, 3.5190944315882122, 5]
2018-01-05 09:43:04.752 INFO in 'ProfileAnalyzerTest' at line 2222: [1.7909292513821502, 1.7909292513821502, 4, 100000, 101000, 134000, 175000, -1, 0, 0.04, 2, 'take_innsta_0.015', 9, 0, 34, 6.381460773020344, 1.7909292513821502, 3]
2018-01-05 09:43:04.752 INFO in 'ProfileAnalyzerTest' at line 2222: [1.960527467404312, 1.960527467404312, 4, 100000, 101000, 134000, 174000, -1, 0, 0.04, 2, 'take_innsta_0.015', 9, 0, 33, 6.155266748690183, 1.960527467404312, 4]
2018-01-05 09:43:04.752 INFO in 'ProfileAnalyzerTest' at line 2222: [2.553787202349387, 2.553787202349387, 4, 100000, 101000, 133000, 175000, -1, 0, 0.04, 2, 'take_innsta_0.015', 9, 0, 30, 6.821274668235809, 2.553787202349387, 3]
2018-01-05 09:43:04.752 INFO in 'ProfileAnalyzerTest' at line 2222: [3.5190944315882122, 3.5190944315882122, 4, 100000, 101000, 133000, 174000, -1, 0, 0.04, 2, 'take_innsta_0.015', 9, 0, 26, 6.778777720539026, 3.5190944315882122, 5]
2018-01-05 09:43:04.752 INFO in 'ProfileAnalyzerTest' at line 2222: [1.7909292513821502, 1.7909292513821502, 4, 100000, 101000, 134000, 175000, -1, 0, 0.04, 3, 'take_innsta_0.015', 9, 0, 34, 6.381460773020344, 1.7909292513821502, 3]
2018-01-05 09:43:04.752 INFO in 'ProfileAnalyzerTest' at line 2222: [1.960527467404312, 1.960527467404312, 4, 100000, 101000, 134000, 174000, -1, 0, 0.04, 3, 'take_innsta_0.015', 9, 0, 33, 6.155266748690183, 1.960527467404312, 4]
2018-01-05 09:43:04.752 INFO in 'ProfileAnalyzerTest' at line 2222: [2.553787202349387, 2.553787202349387, 4, 100000, 101000, 133000, 175000, -1, 0, 0.04, 3, 'take_innsta_0.015', 9, 0, 30, 6.821274668235809, 2.553787202349387, 3]
2018-01-05 09:43:04.753 INFO in 'ProfileAnalyzerTest' at line 2222: [3.5190944315882122, 3.5190944315882122, 4, 100000, 101000, 133000, 174000, -1, 0, 0.04, 3, 'take_innsta_0.015', 9, 0, 26, 6.778777720539026, 3.5190944315882122, 5]
2018-01-05 09:43:04.753 INFO in 'ProfileAnalyzerTest' at line 2222: [1.7909292513821502, 1.7909292513821502, 4, 100000, 101000, 134000, 175000, -1, 0, 0.04, 4, 'take_innsta_0.015', 9, 0, 34, 6.381460773020344, 1.7909292513821502, 3]
2018-01-05 09:43:04.753 INFO in 'ProfileAnalyzerTest' at line 2222: [1.960527467404312, 1.960527467404312, 4, 100000, 101000, 134000, 174000, -1, 0, 0.04, 4, 'take_innsta_0.015', 9, 0, 33, 6.155266748690183, 1.960527467404312, 4]
2018-01-05 09:43:04.753 INFO in 'ProfileAnalyzerTest' at line 2222: [2.553787202349387, 2.553787202349387, 4, 100000, 101000, 133000, 175000, -1, 0, 0.04, 4, 'take_innsta_0.015', 9, 0, 30, 6.821274668235809, 2.553787202349387, 3]
2018-01-05 09:43:04.753 INFO in 'ProfileAnalyzerTest' at line 2222: [3.5190944315882122, 3.5190944315882122, 4, 100000, 101000, 133000, 174000, -1, 0, 0.04, 4, 'take_innsta_0.015', 9, 0, 26, 6.778777720539026, 3.5190944315882122, 5]
2018-01-05 09:43:04.753 INFO in 'ProfileAnalyzerTest' at line 2222: [1.960527467404312, 1.960527467404312, 4, 100000, 101000, 134000, 174000, -1, 0, 0.04, 5, 'take_innsta_0.015', 9, 0, 33, 6.155266748690183, 1.960527467404312, 4]
2018-01-05 09:43:04.753 INFO in 'ProfileAnalyzerTest' at line 2222: [2.553787202349387, 2.553787202349387, 4, 100000, 101000, 133000, 175000, -1, 0, 0.04, 5, 'take_innsta_0.015', 9, 0, 30, 6.821274668235809, 2.553787202349387, 3]
2018-01-05 09:43:04.753 INFO in 'ProfileAnalyzerTest' at line 2222: [3.5190944315882122, 3.5190944315882122, 4, 100000, 101000, 133000, 174000, -1, 0, 0.04, 5, 'take_innsta_0.015', 9, 0, 26, 6.778777720539026, 3.5190944315882122, 5]
2018-01-05 09:43:04.753 INFO in 'ProfileAnalyzerTest' at line 2222: [1.9216497796950092, 1.9216497796950092, 4, 100000, 101000, 103000, 135000, 1, 0, 0.04, 0, 'take_innsta_0.005', 9, 20, 57, 3.3352585572441598, 1.9216497796950092, 0]
2018-01-05 09:43:04.753 INFO in 'ProfileAnalyzerTest' at line 2222: [2.305113212135722, 2.305113212135722, 4, 100000, 101000, 103000, 161000, 1, 0, 0.04, 0, 'take_innsta_0.005', 9, 20, 68, 4.079254939500897, 2.305113212135722, 1]
2018-01-05 09:43:04.753 INFO in 'ProfileAnalyzerTest' at line 2222: [2.3167424286937135, 2.3167424286937135, 4, 100000, 101000, 103000, 151000, 1, 0, 0.04, 0, 'take_innsta_0.005', 9, 20, 61, 3.705929279579088, 2.3167424286937135, 0]
2018-01-05 09:43:04.753 INFO in 'ProfileAnalyzerTest' at line 2222: [2.3198629185519097, 2.3198629185519097, 4, 100000, 101000, 103000, 141000, 1, 0, 0.04, 0, 'take_innsta_0.005', 9, 20, 55, 3.4960115912293537, 2.3198629185519097, 0]
2018-01-05 09:43:04.755 INFO in 'ProfileAnalyzerTest' at line 2222: [2.370789593484247, 2.370789593484247, 4, 100000, 101000, 103000, 165000, 1, 0, 0.04, 0, 'take_innsta_0.005', 9, 20, 76, 4.417855088592631, 2.370789593484247, 1]
2018-01-05 09:43:04.755 INFO in 'ProfileAnalyzerTest' at line 2222: [2.445076703770818, 2.445076703770818, 4, 100000, 101000, 103000, 170000, 1, 0, 0.04, 0, 'take_innsta_0.005', 9, 20, 77, 4.516437187866257, 2.445076703770818, 0]
2018-01-05 09:43:04.755 INFO in 'ProfileAnalyzerTest' at line 2222: [2.530463929537942, 2.530463929537942, 4, 100000, 101000, 103000, 140000, 1, 0, 0.04, 0, 'take_innsta_0.005', 9, 20, 58, 3.5698670228587805, 2.530463929537942, 1]
2018-01-05 09:43:04.755 INFO in 'ProfileAnalyzerTest' at line 2222: [2.6398842224217476, 2.6398842224217476, 4, 100000, 101000, 103000, 171000, 1, 0, 0.04, 0, 'take_innsta_0.005', 9, 20, 77, 4.6387388153326565, 2.6398842224217476, 0]
2018-01-05 09:43:04.755 INFO in 'ProfileAnalyzerTest' at line 2222: [2.685670768057008, 2.685670768057008, 4, 100000, 101000, 103000, 174000, 1, 0, 0.04, 0, 'take_innsta_0.005', 9, 20, 79, 4.7222526614407, 2.685670768057008, 0]
2018-01-05 09:43:04.755 INFO in 'ProfileAnalyzerTest' at line 2222: [3.1292435769810054, 3.1292435769810054, 4, 100000, 101000, 103000, 172000, 1, 0, 0.04, 0, 'take_innsta_0.005', 9, 20, 77, 4.720082185004379, 3.1292435769810054, 0]
2018-01-05 09:43:04.755 INFO in 'ProfileAnalyzerTest' at line 2222: [3.1737493887497443, 3.1737493887497443, 4, 100000, 101000, 103000, 143000, 1, 0, 0.04, 0, 'take_innsta_0.005', 9, 20, 61, 3.790859114398806, 3.1737493887497443, 0]
2018-01-05 09:43:04.756 INFO in 'ProfileAnalyzerTest' at line 2222: [3.205334789160912, 3.205334789160912, 4, 100000, 101000, 103000, 144000, 1, 0, 0.04, 0, 'take_innsta_0.005', 9, 20, 59, 3.8671523290620113, 3.205334789160912, 0]
2018-01-05 09:43:04.756 INFO in 'ProfileAnalyzerTest' at line 2222: [3.326967600073887, 3.326967600073887, 4, 100000, 101000, 103000, 173000, 1, 0, 0.04, 0, 'take_innsta_0.005', 9, 20, 79, 4.817734721050598, 3.326967600073887, 0]
2018-01-05 09:43:04.756 INFO in 'ProfileAnalyzerTest' at line 2222: [3.8718778744452034, 3.8718778744452034, 4, 100000, 101000, 103000, 150000, 1, 0, 0.04, 0, 'take_innsta_0.005', 9, 20, 63, 4.054111448347975, 3.8718778744452034, 0]
2018-01-05 09:43:04.756 INFO in 'ProfileAnalyzerTest' at line 2222: [3.9512266596638614, 3.9512266596638614, 4, 100000, 101000, 103000, 142000, 1, 0, 0.04, 0, 'take_innsta_0.005', 9, 20, 60, 3.937227532608965, 3.9512266596638614, 1]
2018-01-05 09:43:04.756 INFO in 'ProfileAnalyzerTest' at line 2222: [4.445132903282427, 4.445132903282427, 4, 100000, 101000, 103000, 145000, 1, 0, 0.04, 0, 'take_innsta_0.005', 9, 20, 64, 4.127785220315356, 4.445132903282427, 1]
2018-01-05 09:43:04.757 INFO in 'ProfileAnalyzerTest' at line 2222: [1.9216497796950092, 1.9216497796950092, 4, 100000, 101000, 103000, 135000, 1, 0, 0.04, 0, 'take_innsta_0.005', 9, 20, 57, 3.3352585572441598, 1.9216497796950092, 0]
2018-01-05 09:43:04.757 INFO in 'ProfileAnalyzerTest' at line 2222: [2.305113212135722, 2.305113212135722, 4, 100000, 101000, 103000, 161000, 1, 0, 0.04, 0, 'take_innsta_0.005', 9, 20, 68, 4.079254939500897, 2.305113212135722, 1]
2018-01-05 09:43:04.757 INFO in 'ProfileAnalyzerTest' at line 2222: [2.3167424286937135, 2.3167424286937135, 4, 100000, 101000, 103000, 151000, 1, 0, 0.04, 0, 'take_innsta_0.005', 9, 20, 61, 3.705929279579088, 2.3167424286937135, 0]
2018-01-05 09:43:04.757 INFO in 'ProfileAnalyzerTest' at line 2222: [2.3198629185519097, 2.3198629185519097, 4, 100000, 101000, 103000, 141000, 1, 0, 0.04, 0, 'take_innsta_0.005', 9, 20, 55, 3.4960115912293537, 2.3198629185519097, 0]
2018-01-05 09:43:04.757 INFO in 'ProfileAnalyzerTest' at line 2222: [2.370789593484247, 2.370789593484247, 4, 100000, 101000, 103000, 165000, 1, 0, 0.04, 0, 'take_innsta_0.005', 9, 20, 76, 4.417855088592631, 2.370789593484247, 1]
2018-01-05 09:43:04.757 INFO in 'ProfileAnalyzerTest' at line 2222: [2.445076703770818, 2.445076703770818, 4, 100000, 101000, 103000, 170000, 1, 0, 0.04, 0, 'take_innsta_0.005', 9, 20, 77, 4.516437187866257, 2.445076703770818, 0]
2018-01-05 09:43:04.757 INFO in 'ProfileAnalyzerTest' at line 2222: [2.530463929537942, 2.530463929537942, 4, 100000, 101000, 103000, 140000, 1, 0, 0.04, 0, 'take_innsta_0.005', 9, 20, 58, 3.5698670228587805, 2.530463929537942, 1]
2018-01-05 09:43:04.759 INFO in 'ProfileAnalyzerTest' at line 2222: [2.6398842224217476, 2.6398842224217476, 4, 100000, 101000, 103000, 171000, 1, 0, 0.04, 0, 'take_innsta_0.005', 9, 20, 77, 4.6387388153326565, 2.6398842224217476, 0]
2018-01-05 09:43:04.759 INFO in 'ProfileAnalyzerTest' at line 2222: [2.685670768057008, 2.685670768057008, 4, 100000, 101000, 103000, 174000, 1, 0, 0.04, 0, 'take_innsta_0.005', 9, 20, 79, 4.7222526614407, 2.685670768057008, 0]
2018-01-05 09:43:04.759 INFO in 'ProfileAnalyzerTest' at line 2222: [3.1292435769810054, 3.1292435769810054, 4, 100000, 101000, 103000, 172000, 1, 0, 0.04, 0, 'take_innsta_0.005', 9, 20, 77, 4.720082185004379, 3.1292435769810054, 0]
2018-01-05 09:43:04.759 INFO in 'ProfileAnalyzerTest' at line 2222: [3.1737493887497443, 3.1737493887497443, 4, 100000, 101000, 103000, 143000, 1, 0, 0.04, 0, 'take_innsta_0.005', 9, 20, 61, 3.790859114398806, 3.1737493887497443, 0]
2018-01-05 09:43:04.759 INFO in 'ProfileAnalyzerTest' at line 2222: [3.205334789160912, 3.205334789160912, 4, 100000, 101000, 103000, 144000, 1, 0, 0.04, 0, 'take_innsta_0.005', 9, 20, 59, 3.8671523290620113, 3.205334789160912, 0]
2018-01-05 09:43:04.759 INFO in 'ProfileAnalyzerTest' at line 2222: [3.326967600073887, 3.326967600073887, 4, 100000, 101000, 103000, 173000, 1, 0, 0.04, 0, 'take_innsta_0.005', 9, 20, 79, 4.817734721050598, 3.326967600073887, 0]
2018-01-05 09:43:04.759 INFO in 'ProfileAnalyzerTest' at line 2222: [3.8718778744452034, 3.8718778744452034, 4, 100000, 101000, 103000, 150000, 1, 0, 0.04, 0, 'take_innsta_0.005', 9, 20, 63, 4.054111448347975, 3.8718778744452034, 0]
2018-01-05 09:43:04.759 INFO in 'ProfileAnalyzerTest' at line 2222: [3.9512266596638614, 3.9512266596638614, 4, 100000, 101000, 103000, 142000, 1, 0, 0.04, 0, 'take_innsta_0.005', 9, 20, 60, 3.937227532608965, 3.9512266596638614, 1]
2018-01-05 09:43:04.759 INFO in 'ProfileAnalyzerTest' at line 2222: [4.445132903282427, 4.445132903282427, 4, 100000, 101000, 103000, 145000, 1, 0, 0.04, 0, 'take_innsta_0.005', 9, 20, 64, 4.127785220315356, 4.445132903282427, 1]
2018-01-05 09:43:04.759 INFO in 'ProfileAnalyzerTest' at line 2222: [1.9216497796950092, 1.9216497796950092, 4, 100000, 101000, 103000, 135000, 1, 0, 0.04, 0, 'take_innsta_0.005', 9, 20, 57, 3.3352585572441598, 1.9216497796950092, 0]
2018-01-05 09:43:04.759 INFO in 'ProfileAnalyzerTest' at line 2222: [2.305113212135722, 2.305113212135722, 4, 100000, 101000, 103000, 161000, 1, 0, 0.04, 0, 'take_innsta_0.005', 9, 20, 68, 4.079254939500897, 2.305113212135722, 1]
2018-01-05 09:43:04.759 INFO in 'ProfileAnalyzerTest' at line 2222: [2.3167424286937135, 2.3167424286937135, 4, 100000, 101000, 103000, 151000, 1, 0, 0.04, 0, 'take_innsta_0.005', 9, 20, 61, 3.705929279579088, 2.3167424286937135, 0]
2018-01-05 09:43:04.759 INFO in 'ProfileAnalyzerTest' at line 2222: [2.3198629185519097, 2.3198629185519097, 4, 100000, 101000, 103000, 141000, 1, 0, 0.04, 0, 'take_innsta_0.005', 9, 20, 55, 3.4960115912293537, 2.3198629185519097, 0]
2018-01-05 09:43:04.762 INFO in 'ProfileAnalyzerTest' at line 2222: [2.370789593484247, 2.370789593484247, 4, 100000, 101000, 103000, 165000, 1, 0, 0.04, 0, 'take_innsta_0.005', 9, 20, 76, 4.417855088592631, 2.370789593484247, 1]
2018-01-05 09:43:04.762 INFO in 'ProfileAnalyzerTest' at line 2222: [2.445076703770818, 2.445076703770818, 4, 100000, 101000, 103000, 170000, 1, 0, 0.04, 0, 'take_innsta_0.005', 9, 20, 77, 4.516437187866257, 2.445076703770818, 0]
2018-01-05 09:43:04.762 INFO in 'ProfileAnalyzerTest' at line 2222: [2.530463929537942, 2.530463929537942, 4, 100000, 101000, 103000, 140000, 1, 0, 0.04, 0, 'take_innsta_0.005', 9, 20, 58, 3.5698670228587805, 2.530463929537942, 1]
2018-01-05 09:43:04.762 INFO in 'ProfileAnalyzerTest' at line 2222: [2.6398842224217476, 2.6398842224217476, 4, 100000, 101000, 103000, 171000, 1, 0, 0.04, 0, 'take_innsta_0.005', 9, 20, 77, 4.6387388153326565, 2.6398842224217476, 0]
2018-01-05 09:43:04.762 INFO in 'ProfileAnalyzerTest' at line 2222: [2.685670768057008, 2.685670768057008, 4, 100000, 101000, 103000, 174000, 1, 0, 0.04, 0, 'take_innsta_0.005', 9, 20, 79, 4.7222526614407, 2.685670768057008, 0]
2018-01-05 09:43:04.762 INFO in 'ProfileAnalyzerTest' at line 2222: [3.1292435769810054, 3.1292435769810054, 4, 100000, 101000, 103000, 172000, 1, 0, 0.04, 0, 'take_innsta_0.005', 9, 20, 77, 4.720082185004379, 3.1292435769810054, 0]
2018-01-05 09:43:04.762 INFO in 'ProfileAnalyzerTest' at line 2222: [3.1737493887497443, 3.1737493887497443, 4, 100000, 101000, 103000, 143000, 1, 0, 0.04, 0, 'take_innsta_0.005', 9, 20, 61, 3.790859114398806, 3.1737493887497443, 0]
2018-01-05 09:43:04.763 INFO in 'ProfileAnalyzerTest' at line 2222: [3.205334789160912, 3.205334789160912, 4, 100000, 101000, 103000, 144000, 1, 0, 0.04, 0, 'take_innsta_0.005', 9, 20, 59, 3.8671523290620113, 3.205334789160912, 0]
2018-01-05 09:43:04.763 INFO in 'ProfileAnalyzerTest' at line 2222: [3.326967600073887, 3.326967600073887, 4, 100000, 101000, 103000, 173000, 1, 0, 0.04, 0, 'take_innsta_0.005', 9, 20, 79, 4.817734721050598, 3.326967600073887, 0]
2018-01-05 09:43:04.763 INFO in 'ProfileAnalyzerTest' at line 2222: [3.8718778744452034, 3.8718778744452034, 4, 100000, 101000, 103000, 150000, 1, 0, 0.04, 0, 'take_innsta_0.005', 9, 20, 63, 4.054111448347975, 3.8718778744452034, 0]
2018-01-05 09:43:04.763 INFO in 'ProfileAnalyzerTest' at line 2222: [3.9512266596638614, 3.9512266596638614, 4, 100000, 101000, 103000, 142000, 1, 0, 0.04, 0, 'take_innsta_0.005', 9, 20, 60, 3.937227532608965, 3.9512266596638614, 1]
2018-01-05 09:43:04.763 INFO in 'ProfileAnalyzerTest' at line 2222: [4.445132903282427, 4.445132903282427, 4, 100000, 101000, 103000, 145000, 1, 0, 0.04, 0, 'take_innsta_0.005', 9, 20, 64, 4.127785220315356, 4.445132903282427, 1]
