2018-01-01 16:15:40.825 INFO in 'ProfileAnalyzerTest' at line 2108: FEES_150105_170801.txt
2018-01-01 16:15:42.823 INFO in 'ProfileAnalyzerTest' at line 2108: FEES_150105_170801.txt
2018-01-01 16:15:47.226 INFO in 'ProfileAnalyzerTest' at line 2108: FEES_150105_170801.txt
2018-01-01 16:15:53.966 INFO in 'ProfileAnalyzerTest' at line 2119: AVG PVV 1.81343248931e-07
2018-01-01 16:15:53.969 INFO in 'ProfileAnalyzerTest' at line 2120: AVG Volume -7.66467282644e-08
2018-01-01 16:21:40.315 INFO in 'ProfileAnalyzerTest' at line 2108: FEES_150105_170801.txt
2018-01-01 16:21:47.15 INFO in 'ProfileAnalyzerTest' at line 2119: AVG PVV 1.81343248931e-07
2018-01-01 16:21:47.17 INFO in 'ProfileAnalyzerTest' at line 2120: AVG Volume -7.66467282644e-08
2018-01-01 16:25:58.661 INFO in 'ProfileAnalyzerTest' at line 2165: [5.895198389421111, 5.895198389421111, 0, 100000, 110000, 123000, 171000, 1, 0, 0.03, 2, 'take_innsta_0.02', 9, 0, 28, 7.222638400578116, 5.895198389421111, 4]
2018-01-01 16:25:58.661 INFO in 'ProfileAnalyzerTest' at line 2165: [6.422026912505821, 6.422026912505821, 0, 100000, 110000, 122000, 175000, 1, 0, 0.03, 2, 'take_innsta_0.02', 9, 0, 37, 8.095460751536468, 6.422026912505821, 3]
2018-01-01 16:25:58.663 INFO in 'ProfileAnalyzerTest' at line 2165: [6.738494634799242, 6.738494634799242, 0, 100000, 110000, 123000, 172000, 1, 0, 0.03, 2, 'take_innsta_0.02', 9, 0, 30, 7.373433064661214, 6.738494634799242, 4]
2018-01-01 16:25:58.663 INFO in 'ProfileAnalyzerTest' at line 2165: [7.372634592358634, 7.372634592358634, 0, 100000, 110000, 123000, 180000, 1, 0, 0.03, 2, 'take_innsta_0.02', 9, 0, 39, 7.611579211090234, 7.372634592358634, 3]
2018-01-01 16:25:58.663 INFO in 'ProfileAnalyzerTest' at line 2165: [8.734048003781236, 8.734048003781236, 0, 100000, 110000, 123000, 170000, 1, 0, 0.03, 2, 'take_innsta_0.02', 9, 0, 32, 7.262575154014831, 8.734048003781236, 4]
2018-01-01 16:25:58.663 INFO in 'ProfileAnalyzerTest' at line 2165: [11.891289345321526, 11.891289345321526, 0, 100000, 110000, 123000, 175000, 1, 0, 0.03, 2, 'take_innsta_0.02', 9, 0, 39, 7.961662146159076, 11.891289345321526, 3]
2018-01-01 16:25:58.664 INFO in 'ProfileAnalyzerTest' at line 2165: [5.556813312392391, 5.556813312392391, 0, 100000, 110000, 124000, 170000, 1, 0, 0.04, 3, 'take_innsta_0.015', 9, 0, 30, 6.039712303242125, 5.556813312392391, 4]
2018-01-01 16:25:58.664 INFO in 'ProfileAnalyzerTest' at line 2165: [5.95474126584652, 5.95474126584652, 0, 100000, 110000, 132000, 175000, 1, 0, 0.04, 3, 'take_innsta_0.015', 9, 0, 36, 6.8843959806444515, 5.95474126584652, 2]
2018-01-01 16:25:58.664 INFO in 'ProfileAnalyzerTest' at line 2165: [6.0116344135159565, 6.0116344135159565, 0, 100000, 110000, 135000, 175000, 1, 0, 0.04, 3, 'take_innsta_0.015', 9, 0, 31, 6.501122966811444, 6.0116344135159565, 5]
2018-01-01 16:25:58.664 INFO in 'ProfileAnalyzerTest' at line 2165: [6.273728895335713, 6.273728895335713, 0, 100000, 110000, 133000, 175000, 1, 0, 0.04, 3, 'take_innsta_0.015', 9, 0, 37, 6.980335664249495, 6.273728895335713, 3]
2018-01-01 16:25:58.664 INFO in 'ProfileAnalyzerTest' at line 2165: [6.576830940142114, 6.576830940142114, 0, 100000, 110000, 124000, 172000, 1, 0, 0.04, 3, 'take_innsta_0.015', 9, 0, 28, 6.480766716963414, 6.576830940142114, 4]
2018-01-01 16:25:58.664 INFO in 'ProfileAnalyzerTest' at line 2165: [6.631332611553443, 6.631332611553443, 0, 100000, 110000, 133000, 180000, 1, 0, 0.04, 3, 'take_innsta_0.015', 9, 0, 30, 7.055583487362359, 6.631332611553443, 4]
2018-01-01 16:25:58.664 INFO in 'ProfileAnalyzerTest' at line 2165: [6.715996011662558, 6.715996011662558, 0, 100000, 110000, 132000, 180000, 1, 0, 0.04, 3, 'take_innsta_0.015', 9, 0, 33, 7.012363548141931, 6.715996011662558, 5]
2018-01-01 16:25:58.664 INFO in 'ProfileAnalyzerTest' at line 2165: [6.974217814710527, 6.974217814710527, 0, 100000, 110000, 134000, 170000, 1, 0, 0.04, 3, 'take_innsta_0.015', 9, 0, 30, 6.559923919517926, 6.974217814710527, 8]
2018-01-01 16:25:58.664 INFO in 'ProfileAnalyzerTest' at line 2165: [7.721244265915753, 7.721244265915753, 0, 100000, 110000, 135000, 180000, 1, 0, 0.04, 3, 'take_innsta_0.015', 9, 0, 30, 6.766212087042676, 7.721244265915753, 8]
2018-01-01 16:25:58.664 INFO in 'ProfileAnalyzerTest' at line 2165: [11.330781216993895, 11.330781216993895, 0, 100000, 110000, 134000, 175000, 1, 0, 0.04, 3, 'take_innsta_0.015', 9, 0, 33, 7.260373819331692, 11.330781216993895, 3]
2018-01-01 16:25:58.665 INFO in 'ProfileAnalyzerTest' at line 2165: [12.074985911610824, 12.074985911610824, 0, 100000, 110000, 134000, 180000, 1, 0, 0.04, 3, 'take_innsta_0.015', 9, 0, 31, 7.342909031738182, 12.074985911610824, 5]
2018-01-01 16:25:58.665 INFO in 'ProfileAnalyzerTest' at line 2165: [5.314911519670466, 5.314911519670466, 0, 100000, 110000, 131000, 180000, 1, 0, 0.04, 2, 'take_innsta_0.015', 9, 0, 34, 6.814031066089956, 5.314911519670466, 4]
2018-01-01 16:25:58.665 INFO in 'ProfileAnalyzerTest' at line 2165: [5.5160846060320505, 5.5160846060320505, 0, 100000, 110000, 123000, 172000, 1, 0, 0.04, 2, 'take_innsta_0.015', 9, 0, 28, 6.552527389045991, 5.5160846060320505, 4]
2018-01-01 16:25:58.665 INFO in 'ProfileAnalyzerTest' at line 2165: [5.9179746896510785, 5.9179746896510785, 0, 100000, 110000, 124000, 170000, 1, 0, 0.04, 2, 'take_innsta_0.015', 9, 0, 32, 6.096967313034457, 5.9179746896510785, 4]
2018-01-01 16:25:58.665 INFO in 'ProfileAnalyzerTest' at line 2165: [6.0116344135159565, 6.0116344135159565, 0, 100000, 110000, 135000, 175000, 1, 0, 0.04, 2, 'take_innsta_0.015', 9, 0, 31, 6.501122966811444, 6.0116344135159565, 5]
2018-01-01 16:25:58.667 INFO in 'ProfileAnalyzerTest' at line 2165: [6.41982381031889, 6.41982381031889, 0, 100000, 110000, 132000, 175000, 1, 0, 0.04, 2, 'take_innsta_0.015', 9, 0, 36, 6.945209056974608, 6.41982381031889, 2]
2018-01-01 16:25:58.667 INFO in 'ProfileAnalyzerTest' at line 2165: [6.763725297817146, 6.763725297817146, 0, 100000, 110000, 133000, 175000, 1, 0, 0.04, 2, 'take_innsta_0.015', 9, 0, 37, 7.041148740579652, 6.763725297817146, 3]
2018-01-01 16:25:58.667 INFO in 'ProfileAnalyzerTest' at line 2165: [7.016713206383112, 7.016713206383112, 0, 100000, 110000, 124000, 172000, 1, 0, 0.04, 2, 'take_innsta_0.015', 9, 0, 28, 6.537959388469346, 7.016713206383112, 4]
2018-01-01 16:25:58.667 INFO in 'ProfileAnalyzerTest' at line 2165: [7.116555392022579, 7.116555392022579, 0, 100000, 110000, 133000, 180000, 1, 0, 0.04, 2, 'take_innsta_0.015', 9, 0, 30, 7.116529552036845, 7.116555392022579, 4]
2018-01-01 16:25:58.667 INFO in 'ProfileAnalyzerTest' at line 2165: [7.207413717467418, 7.207413717467418, 0, 100000, 110000, 132000, 180000, 1, 0, 0.04, 2, 'take_innsta_0.015', 9, 0, 33, 7.073309612816416, 7.207413717467418, 5]
2018-01-01 16:25:58.667 INFO in 'ProfileAnalyzerTest' at line 2165: [7.446510117770273, 7.446510117770273, 0, 100000, 110000, 134000, 170000, 1, 0, 0.04, 2, 'take_innsta_0.015', 9, 0, 32, 6.621040375508582, 7.446510117770273, 8]
2018-01-01 16:25:58.667 INFO in 'ProfileAnalyzerTest' at line 2165: [7.721244265915753, 7.721244265915753, 0, 100000, 110000, 135000, 180000, 1, 0, 0.04, 2, 'take_innsta_0.015', 9, 0, 30, 6.766212087042676, 7.721244265915753, 8]
2018-01-01 16:25:58.667 INFO in 'ProfileAnalyzerTest' at line 2165: [12.215748056692524, 12.215748056692524, 0, 100000, 110000, 134000, 175000, 1, 0, 0.04, 2, 'take_innsta_0.015', 9, 0, 33, 7.321186895661849, 12.215748056692524, 3]
2018-01-01 16:25:58.667 INFO in 'ProfileAnalyzerTest' at line 2165: [12.958527513482757, 12.958527513482757, 0, 100000, 110000, 134000, 180000, 1, 0, 0.04, 2, 'take_innsta_0.015', 9, 0, 31, 7.403855096412668, 12.958527513482757, 5]
2018-01-01 16:25:58.668 INFO in 'ProfileAnalyzerTest' at line 2165: [7.859708967828778, 7.859708967828778, 0, 100000, 110000, 123000, 175000, 1, 0, 0.04, 3, 'take_innsta_0.04', 9, 0, 33, 8.120745061340354, 7.859708967828778, 3]
2018-01-01 16:25:58.668 INFO in 'ProfileAnalyzerTest' at line 2165: [8.320089910293271, 8.320089910293271, 0, 100000, 110000, 122000, 180000, 1, 0, 0.04, 3, 'take_innsta_0.04', 9, 0, 33, 8.67753233423842, 8.320089910293271, 3]
2018-01-01 16:25:58.668 INFO in 'ProfileAnalyzerTest' at line 2165: [12.760457259959217, 12.760457259959217, 0, 100000, 110000, 123000, 180000, 1, 0, 0.04, 3, 'take_innsta_0.04', 9, 0, 35, 8.875326382715796, 12.760457259959217, 3]
2018-01-01 16:25:58.668 INFO in 'ProfileAnalyzerTest' at line 2165: [5.314911519670466, 5.314911519670466, 0, 100000, 110000, 131000, 180000, 1, 0, 0.04, 2, 'take_innsta_0.015', 9, 0, 34, 6.814031066089956, 5.314911519670466, 4]
2018-01-01 16:25:58.668 INFO in 'ProfileAnalyzerTest' at line 2165: [5.5160846060320505, 5.5160846060320505, 0, 100000, 110000, 123000, 172000, 1, 0, 0.04, 2, 'take_innsta_0.015', 9, 0, 28, 6.552527389045991, 5.5160846060320505, 4]
2018-01-01 16:25:58.670 INFO in 'ProfileAnalyzerTest' at line 2165: [5.9179746896510785, 5.9179746896510785, 0, 100000, 110000, 124000, 170000, 1, 0, 0.04, 2, 'take_innsta_0.015', 9, 0, 32, 6.096967313034457, 5.9179746896510785, 4]
2018-01-01 16:25:58.670 INFO in 'ProfileAnalyzerTest' at line 2165: [6.0116344135159565, 6.0116344135159565, 0, 100000, 110000, 135000, 175000, 1, 0, 0.04, 2, 'take_innsta_0.015', 9, 0, 31, 6.501122966811444, 6.0116344135159565, 5]
2018-01-01 16:25:58.670 INFO in 'ProfileAnalyzerTest' at line 2165: [6.41982381031889, 6.41982381031889, 0, 100000, 110000, 132000, 175000, 1, 0, 0.04, 2, 'take_innsta_0.015', 9, 0, 36, 6.945209056974608, 6.41982381031889, 2]
2018-01-01 16:25:58.670 INFO in 'ProfileAnalyzerTest' at line 2165: [6.763725297817146, 6.763725297817146, 0, 100000, 110000, 133000, 175000, 1, 0, 0.04, 2, 'take_innsta_0.015', 9, 0, 37, 7.041148740579652, 6.763725297817146, 3]
2018-01-01 16:25:58.670 INFO in 'ProfileAnalyzerTest' at line 2165: [7.016713206383112, 7.016713206383112, 0, 100000, 110000, 124000, 172000, 1, 0, 0.04, 2, 'take_innsta_0.015', 9, 0, 28, 6.537959388469346, 7.016713206383112, 4]
2018-01-01 16:25:58.671 INFO in 'ProfileAnalyzerTest' at line 2165: [7.116555392022579, 7.116555392022579, 0, 100000, 110000, 133000, 180000, 1, 0, 0.04, 2, 'take_innsta_0.015', 9, 0, 30, 7.116529552036845, 7.116555392022579, 4]
2018-01-01 16:25:58.671 INFO in 'ProfileAnalyzerTest' at line 2165: [7.207413717467418, 7.207413717467418, 0, 100000, 110000, 132000, 180000, 1, 0, 0.04, 2, 'take_innsta_0.015', 9, 0, 33, 7.073309612816416, 7.207413717467418, 5]
2018-01-01 16:25:58.671 INFO in 'ProfileAnalyzerTest' at line 2165: [7.446510117770273, 7.446510117770273, 0, 100000, 110000, 134000, 170000, 1, 0, 0.04, 2, 'take_innsta_0.015', 9, 0, 32, 6.621040375508582, 7.446510117770273, 8]
2018-01-01 16:25:58.671 INFO in 'ProfileAnalyzerTest' at line 2165: [7.721244265915753, 7.721244265915753, 0, 100000, 110000, 135000, 180000, 1, 0, 0.04, 2, 'take_innsta_0.015', 9, 0, 30, 6.766212087042676, 7.721244265915753, 8]
2018-01-01 16:25:58.671 INFO in 'ProfileAnalyzerTest' at line 2165: [12.215748056692524, 12.215748056692524, 0, 100000, 110000, 134000, 175000, 1, 0, 0.04, 2, 'take_innsta_0.015', 9, 0, 33, 7.321186895661849, 12.215748056692524, 3]
2018-01-01 16:25:58.671 INFO in 'ProfileAnalyzerTest' at line 2165: [12.958527513482757, 12.958527513482757, 0, 100000, 110000, 134000, 180000, 1, 0, 0.04, 2, 'take_innsta_0.015', 9, 0, 31, 7.403855096412668, 12.958527513482757, 5]
2018-01-01 16:25:58.671 INFO in 'ProfileAnalyzerTest' at line 2165: [7.057141903210937, 7.057141903210937, 0, 100000, 110000, 135000, 175000, 1, 0, 0.04, 4, 'take_innsta_0.015', 9, 0, 32, 6.675036983828907, 7.057141903210937, 4]
2018-01-01 16:25:58.671 INFO in 'ProfileAnalyzerTest' at line 2165: [7.458373658079858, 7.458373658079858, 0, 100000, 110000, 134000, 170000, 1, 0, 0.04, 4, 'take_innsta_0.015', 9, 0, 31, 6.629344728593908, 7.458373658079858, 7]
2018-01-01 16:25:58.671 INFO in 'ProfileAnalyzerTest' at line 2165: [8.891187390578807, 8.891187390578807, 0, 100000, 110000, 135000, 180000, 1, 0, 0.04, 4, 'take_innsta_0.015', 9, 0, 31, 6.917734702358395, 8.891187390578807, 7]
2018-01-01 16:25:58.671 INFO in 'ProfileAnalyzerTest' at line 2165: [13.301362894387317, 13.301362894387317, 0, 100000, 110000, 134000, 175000, 1, 0, 0.04, 4, 'take_innsta_0.015', 9, 0, 34, 7.434287836349155, 13.301362894387317, 2]
2018-01-01 16:25:58.673 INFO in 'ProfileAnalyzerTest' at line 2165: [13.904619356838557, 13.904619356838557, 0, 100000, 110000, 134000, 180000, 1, 0, 0.04, 4, 'take_innsta_0.015', 9, 0, 32, 7.494431647053902, 13.904619356838557, 4]
2018-01-01 16:25:58.673 INFO in 'ProfileAnalyzerTest' at line 2165: [7.8252416300417735, 7.8252416300417735, 0, 100000, 110000, 135000, 175000, 1, 0, 0.04, 5, 'take_innsta_0.015', 9, 0, 33, 6.781997823788265, 7.8252416300417735, 3]
2018-01-01 16:25:58.673 INFO in 'ProfileAnalyzerTest' at line 2165: [7.960512722430942, 7.960512722430942, 0, 100000, 110000, 134000, 170000, 1, 0, 0.04, 5, 'take_innsta_0.015', 9, 0, 32, 6.692423462572458, 7.960512722430942, 8]
2018-01-01 16:25:58.673 INFO in 'ProfileAnalyzerTest' at line 2165: [9.806889996698251, 9.806889996698251, 0, 100000, 110000, 135000, 180000, 1, 0, 0.04, 5, 'take_innsta_0.015', 9, 0, 32, 7.01819086892662, 9.806889996698251, 6]
2018-01-01 16:25:58.674 INFO in 'ProfileAnalyzerTest' at line 2165: [13.483374820731528, 13.483374820731528, 0, 100000, 110000, 134000, 175000, 1, 0, 0.04, 5, 'take_innsta_0.015', 9, 0, 34, 7.44737683889665, 13.483374820731528, 2]
2018-01-01 16:25:58.674 INFO in 'ProfileAnalyzerTest' at line 2165: [14.104083195838836, 14.104083195838836, 0, 100000, 110000, 134000, 180000, 1, 0, 0.04, 5, 'take_innsta_0.015', 9, 0, 32, 7.5074966896071915, 14.104083195838836, 4]
2018-01-01 16:25:58.674 INFO in 'ProfileAnalyzerTest' at line 2165: [8.441714618402758, 8.441714618402758, 0, 100000, 110000, 123000, 175000, 1, 0, 0.04, 2, 'take_innsta_0.04', 9, 0, 33, 8.177773144455433, 8.441714618402758, 3]
2018-01-01 16:25:58.674 INFO in 'ProfileAnalyzerTest' at line 2165: [8.459321940831726, 8.459321940831726, 0, 100000, 110000, 122000, 180000, 1, 0, 0.04, 2, 'take_innsta_0.04', 9, 0, 33, 8.6890524735142, 8.459321940831726, 3]
2018-01-01 16:25:58.674 INFO in 'ProfileAnalyzerTest' at line 2165: [13.640538495040248, 13.640538495040248, 0, 100000, 110000, 123000, 180000, 1, 0, 0.04, 2, 'take_innsta_0.04', 9, 0, 35, 8.932493730166364, 13.640538495040248, 3]
2018-01-01 16:25:58.674 INFO in 'ProfileAnalyzerTest' at line 2165: [7.057141903210937, 7.057141903210937, 0, 100000, 110000, 135000, 175000, 1, 0, 0.04, 4, 'take_innsta_0.015', 9, 0, 32, 6.675036983828907, 7.057141903210937, 4]
2018-01-01 16:25:58.674 INFO in 'ProfileAnalyzerTest' at line 2165: [7.458373658079858, 7.458373658079858, 0, 100000, 110000, 134000, 170000, 1, 0, 0.04, 4, 'take_innsta_0.015', 9, 0, 31, 6.629344728593908, 7.458373658079858, 7]
2018-01-01 16:25:58.674 INFO in 'ProfileAnalyzerTest' at line 2165: [8.891187390578807, 8.891187390578807, 0, 100000, 110000, 135000, 180000, 1, 0, 0.04, 4, 'take_innsta_0.015', 9, 0, 31, 6.917734702358395, 8.891187390578807, 7]
2018-01-01 16:25:58.674 INFO in 'ProfileAnalyzerTest' at line 2165: [13.301362894387317, 13.301362894387317, 0, 100000, 110000, 134000, 175000, 1, 0, 0.04, 4, 'take_innsta_0.015', 9, 0, 34, 7.434287836349155, 13.301362894387317, 2]
2018-01-01 16:25:58.676 INFO in 'ProfileAnalyzerTest' at line 2165: [13.904619356838557, 13.904619356838557, 0, 100000, 110000, 134000, 180000, 1, 0, 0.04, 4, 'take_innsta_0.015', 9, 0, 32, 7.494431647053902, 13.904619356838557, 4]
2018-01-01 16:25:58.676 INFO in 'ProfileAnalyzerTest' at line 2165: [7.8252416300417735, 7.8252416300417735, 0, 100000, 110000, 135000, 175000, 1, 0, 0.04, 5, 'take_innsta_0.015', 9, 0, 33, 6.781997823788265, 7.8252416300417735, 3]
2018-01-01 16:25:58.676 INFO in 'ProfileAnalyzerTest' at line 2165: [7.960512722430942, 7.960512722430942, 0, 100000, 110000, 134000, 170000, 1, 0, 0.04, 5, 'take_innsta_0.015', 9, 0, 32, 6.692423462572458, 7.960512722430942, 8]
2018-01-01 16:25:58.676 INFO in 'ProfileAnalyzerTest' at line 2165: [9.806889996698251, 9.806889996698251, 0, 100000, 110000, 135000, 180000, 1, 0, 0.04, 5, 'take_innsta_0.015', 9, 0, 32, 7.01819086892662, 9.806889996698251, 6]
2018-01-01 16:25:58.676 INFO in 'ProfileAnalyzerTest' at line 2165: [13.483374820731528, 13.483374820731528, 0, 100000, 110000, 134000, 175000, 1, 0, 0.04, 5, 'take_innsta_0.015', 9, 0, 34, 7.44737683889665, 13.483374820731528, 2]
2018-01-01 16:25:58.677 INFO in 'ProfileAnalyzerTest' at line 2165: [14.104083195838836, 14.104083195838836, 0, 100000, 110000, 134000, 180000, 1, 0, 0.04, 5, 'take_innsta_0.015', 9, 0, 32, 7.5074966896071915, 14.104083195838836, 4]
2018-01-01 16:26:05.319 INFO in 'ProfileAnalyzerTest' at line 2119: AVG PVV -2.0247823211e-08
2018-01-01 16:26:05.322 INFO in 'ProfileAnalyzerTest' at line 2120: AVG Volume -4.10524967015e-09
2018-01-01 16:30:10.454 INFO in 'ProfileAnalyzerTest' at line 2165: [1.174839377086222, 1.174839377086222, 1, 100000, 104000, 110000, 123000, -1, 0, 0.04, 4, 'take_innsta_0.04', 9, 20, 38, 3.853288887534518, 1.174839377086222, 23]
2018-01-01 16:30:10.454 INFO in 'ProfileAnalyzerTest' at line 2165: [1.2801521408111274, 1.2801521408111274, 1, 100000, 103000, 110000, 123000, -1, 0, 0.04, 4, 'take_innsta_0.04', 9, 20, 36, 3.9460590245162357, 1.2801521408111274, 23]
2018-01-01 16:30:10.454 INFO in 'ProfileAnalyzerTest' at line 2165: [1.0012400951975582, 1.0012400951975582, 1, 100000, 104000, 110000, 120000, -1, 0, 0.03, 4, 'take_innsta_0.04', 9, 20, 30, 2.7076574272821237, 1.0012400951975582, 35]
2018-01-01 16:30:10.454 INFO in 'ProfileAnalyzerTest' at line 2165: [1.011343738378206, 1.011343738378206, 1, 100000, 104000, 110000, 115000, -1, 0, 0.03, 4, 'take_innsta_0.04', 9, 20, 27, 2.301787431787126, 1.011343738378206, 42]
2018-01-01 16:30:10.454 INFO in 'ProfileAnalyzerTest' at line 2165: [1.1999732094898141, 1.1999732094898141, 1, 100000, 104000, 110000, 123000, -1, 0, 0.03, 4, 'take_innsta_0.04', 9, 20, 38, 3.8870072069481685, 1.1999732094898141, 23]
2018-01-01 16:30:10.456 INFO in 'ProfileAnalyzerTest' at line 2165: [1.3075389734163172, 1.3075389734163172, 1, 100000, 103000, 110000, 123000, -1, 0, 0.03, 4, 'take_innsta_0.04', 9, 20, 36, 3.9797773439298862, 1.3075389734163172, 23]
2018-01-01 16:30:10.456 INFO in 'ProfileAnalyzerTest' at line 2165: [1.0002035361673711, 1.0002035361673711, 1, 100000, 104000, 110000, 115000, -1, 0, 0.04, 4, 'take_innsta_0.04', 9, 27, 26, 2.2546812287239657, 1.0002035361673711, 43]
2018-01-01 16:30:10.456 INFO in 'ProfileAnalyzerTest' at line 2165: [1.0573194238661359, 1.0573194238661359, 1, 100000, 104000, 110000, 120000, -1, 0, 0.04, 4, 'take_innsta_0.04', 9, 27, 31, 2.7236549743927823, 1.0573194238661359, 36]
2018-01-01 16:30:10.456 INFO in 'ProfileAnalyzerTest' at line 2165: [1.3227573094555392, 1.3227573094555392, 1, 100000, 104000, 110000, 123000, -1, 0, 0.04, 4, 'take_innsta_0.04', 9, 27, 38, 3.971452536875281, 1.3227573094555392, 23]
2018-01-01 16:30:10.456 INFO in 'ProfileAnalyzerTest' at line 2165: [1.0216013106528157, 1.0216013106528157, 1, 100000, 104000, 110000, 115000, -1, 0, 0.03, 4, 'take_innsta_0.04', 9, 27, 26, 2.2883995481376163, 1.0216013106528157, 43]
2018-01-01 16:30:10.457 INFO in 'ProfileAnalyzerTest' at line 2165: [1.0799391025344003, 1.0799391025344003, 1, 100000, 104000, 110000, 120000, -1, 0, 0.03, 4, 'take_innsta_0.04', 9, 27, 31, 2.7573732938064337, 1.0799391025344003, 36]
2018-01-01 16:30:10.457 INFO in 'ProfileAnalyzerTest' at line 2165: [1.351055612334131, 1.351055612334131, 1, 100000, 104000, 110000, 123000, -1, 0, 0.03, 4, 'take_innsta_0.04', 9, 27, 38, 4.005170856288932, 1.351055612334131, 23]
2018-01-01 16:30:10.457 INFO in 'ProfileAnalyzerTest' at line 2165: [1.0053031443794158, 1.0053031443794158, 1, 100000, 103000, 121000, 143000, 1, 0, 0.04, 0, 'take_innsta_0.0075', 9, 0, 37, 3.5004550117617845, 1.0053031443794158, 0]
2018-01-01 16:30:10.457 INFO in 'ProfileAnalyzerTest' at line 2165: [1.1685303952890553, 1.1685303952890553, 1, 100000, 103000, 121000, 144000, 1, 0, 0.04, 0, 'take_innsta_0.0075', 9, 0, 40, 3.7287954696118586, 1.1685303952890553, 1]
2018-01-01 16:30:10.457 INFO in 'ProfileAnalyzerTest' at line 2165: [1.402712676636024, 1.402712676636024, 1, 100000, 103000, 121000, 154000, 1, 0, 0.04, 0, 'take_innsta_0.0075', 9, 0, 42, 4.283581724262507, 1.402712676636024, 1]
2018-01-01 16:30:10.457 INFO in 'ProfileAnalyzerTest' at line 2165: [1.0312273993042382, 1.0312273993042382, 1, 100000, 103000, 121000, 155000, 1, 0, 0.03, 0, 'take_innsta_0.01', 9, 0, 41, 4.507280865338761, 1.0312273993042382, 0]
2018-01-01 16:30:10.457 INFO in 'ProfileAnalyzerTest' at line 2165: [1.500403279164247, 1.500403279164247, 1, 100000, 103000, 121000, 145000, 1, 0, 0.03, 0, 'take_innsta_0.01', 9, 0, 43, 4.292126528545034, 1.500403279164247, 2]
2018-01-01 16:30:10.457 INFO in 'ProfileAnalyzerTest' at line 2165: [1.5678650469549826, 1.5678650469549826, 1, 100000, 103000, 121000, 154000, 1, 0, 0.03, 0, 'take_innsta_0.01', 9, 0, 42, 4.629626062694399, 1.5678650469549826, 1]
2018-01-01 16:30:10.457 INFO in 'ProfileAnalyzerTest' at line 2165: [1.8216530430730207, 1.8216530430730207, 1, 100000, 103000, 121000, 144000, 1, 0, 0.03, 0, 'take_innsta_0.01', 9, 0, 38, 4.291974457402532, 1.8216530430730207, 1]
2018-01-01 16:30:10.459 INFO in 'ProfileAnalyzerTest' at line 2165: [1.9135748667402308, 1.9135748667402308, 1, 100000, 103000, 121000, 143000, 1, 0, 0.03, 0, 'take_innsta_0.01', 9, 0, 37, 4.233588487486722, 1.9135748667402308, 0]
2018-01-01 16:30:10.459 INFO in 'ProfileAnalyzerTest' at line 2165: [1.0541942497325278, 1.0541942497325278, 1, 100000, 101000, 111000, 175000, 1, 0, 0.03, 4, 'take_innsta_0.005', 27, 0, 61, 2.4444486749715058, 1.0541942497325278, 0]
2018-01-01 16:30:10.459 INFO in 'ProfileAnalyzerTest' at line 2165: [1.5199425957425585, 1.5199425957425585, 1, 100000, 101000, 111000, 180000, 1, 0, 0.03, 4, 'take_innsta_0.005', 27, 0, 66, 2.8211730053593005, 1.5199425957425585, 1]
2018-01-01 16:30:10.459 INFO in 'ProfileAnalyzerTest' at line 2165: [1.0312273993042382, 1.0312273993042382, 1, 100000, 103000, 121000, 155000, 1, 0, 0.03, 0, 'take_innsta_0.01', 9, 0, 41, 4.507280865338761, 1.0312273993042382, 0]
2018-01-01 16:30:10.459 INFO in 'ProfileAnalyzerTest' at line 2165: [1.500403279164247, 1.500403279164247, 1, 100000, 103000, 121000, 145000, 1, 0, 0.03, 0, 'take_innsta_0.01', 9, 0, 43, 4.292126528545034, 1.500403279164247, 2]
2018-01-01 16:30:10.460 INFO in 'ProfileAnalyzerTest' at line 2165: [1.5678650469549826, 1.5678650469549826, 1, 100000, 103000, 121000, 154000, 1, 0, 0.03, 0, 'take_innsta_0.01', 9, 0, 42, 4.629626062694399, 1.5678650469549826, 1]
2018-01-01 16:30:10.460 INFO in 'ProfileAnalyzerTest' at line 2165: [1.8216530430730207, 1.8216530430730207, 1, 100000, 103000, 121000, 144000, 1, 0, 0.03, 0, 'take_innsta_0.01', 9, 0, 38, 4.291974457402532, 1.8216530430730207, 1]
2018-01-01 16:30:10.460 INFO in 'ProfileAnalyzerTest' at line 2165: [1.9135748667402308, 1.9135748667402308, 1, 100000, 103000, 121000, 143000, 1, 0, 0.03, 0, 'take_innsta_0.01', 9, 0, 37, 4.233588487486722, 1.9135748667402308, 0]
2018-01-01 16:30:10.460 INFO in 'ProfileAnalyzerTest' at line 2165: [1.0312273993042382, 1.0312273993042382, 1, 100000, 103000, 121000, 155000, 1, 0, 0.03, 0, 'take_innsta_0.01', 9, 0, 41, 4.507280865338761, 1.0312273993042382, 0]
2018-01-01 16:30:10.460 INFO in 'ProfileAnalyzerTest' at line 2165: [1.500403279164247, 1.500403279164247, 1, 100000, 103000, 121000, 145000, 1, 0, 0.03, 0, 'take_innsta_0.01', 9, 0, 43, 4.292126528545034, 1.500403279164247, 2]
2018-01-01 16:30:10.460 INFO in 'ProfileAnalyzerTest' at line 2165: [1.5678650469549826, 1.5678650469549826, 1, 100000, 103000, 121000, 154000, 1, 0, 0.03, 0, 'take_innsta_0.01', 9, 0, 42, 4.629626062694399, 1.5678650469549826, 1]
2018-01-01 16:30:10.460 INFO in 'ProfileAnalyzerTest' at line 2165: [1.8216530430730207, 1.8216530430730207, 1, 100000, 103000, 121000, 144000, 1, 0, 0.03, 0, 'take_innsta_0.01', 9, 0, 38, 4.291974457402532, 1.8216530430730207, 1]
2018-01-01 16:30:10.460 INFO in 'ProfileAnalyzerTest' at line 2165: [1.9135748667402308, 1.9135748667402308, 1, 100000, 103000, 121000, 143000, 1, 0, 0.03, 0, 'take_innsta_0.01', 9, 0, 37, 4.233588487486722, 1.9135748667402308, 0]
2018-01-01 16:30:10.460 INFO in 'ProfileAnalyzerTest' at line 2165: [1.0312273993042382, 1.0312273993042382, 1, 100000, 103000, 121000, 155000, 1, 0, 0.03, 0, 'take_innsta_0.01', 9, 0, 41, 4.507280865338761, 1.0312273993042382, 0]
2018-01-01 16:30:10.460 INFO in 'ProfileAnalyzerTest' at line 2165: [1.500403279164247, 1.500403279164247, 1, 100000, 103000, 121000, 145000, 1, 0, 0.03, 0, 'take_innsta_0.01', 9, 0, 43, 4.292126528545034, 1.500403279164247, 2]
2018-01-01 16:30:10.461 INFO in 'ProfileAnalyzerTest' at line 2165: [1.5678650469549826, 1.5678650469549826, 1, 100000, 103000, 121000, 154000, 1, 0, 0.03, 0, 'take_innsta_0.01', 9, 0, 42, 4.629626062694399, 1.5678650469549826, 1]
2018-01-01 16:30:10.461 INFO in 'ProfileAnalyzerTest' at line 2165: [1.8216530430730207, 1.8216530430730207, 1, 100000, 103000, 121000, 144000, 1, 0, 0.03, 0, 'take_innsta_0.01', 9, 0, 38, 4.291974457402532, 1.8216530430730207, 1]
2018-01-01 16:30:10.461 INFO in 'ProfileAnalyzerTest' at line 2165: [1.9135748667402308, 1.9135748667402308, 1, 100000, 103000, 121000, 143000, 1, 0, 0.03, 0, 'take_innsta_0.01', 9, 0, 37, 4.233588487486722, 1.9135748667402308, 0]
2018-01-01 16:30:17.101 INFO in 'ProfileAnalyzerTest' at line 2119: AVG PVV -4.49556244091e-07
2018-01-01 16:30:17.104 INFO in 'ProfileAnalyzerTest' at line 2120: AVG Volume -5.48864351789e-08
2018-01-01 16:34:30.707 INFO in 'ProfileAnalyzerTest' at line 2165: [8.257601850456318, 8.257601850456318, 2, 100000, 112000, 140000, 174000, -1, 0, 0.04, 4, 'take_innsta_0.03', 20, 27, 34, 6.720106052610531, 8.257601850456318, 5]
2018-01-01 16:34:30.707 INFO in 'ProfileAnalyzerTest' at line 2165: [8.788835895658588, 8.788835895658588, 2, 100000, 112000, 135000, 174000, -1, 0, 0.04, 4, 'take_innsta_0.03', 20, 27, 34, 6.960393079641474, 8.788835895658588, 7]
2018-01-01 16:34:30.707 INFO in 'ProfileAnalyzerTest' at line 2165: [22.417486495619066, 22.417486495619066, 2, 100000, 111000, 140000, 174000, -1, 0, 0.04, 4, 'take_innsta_0.03', 20, 27, 36, 7.623671050602445, 22.417486495619066, 5]
2018-01-01 16:34:30.709 INFO in 'ProfileAnalyzerTest' at line 2165: [23.859664533505057, 23.859664533505057, 2, 100000, 111000, 135000, 174000, -1, 0, 0.04, 4, 'take_innsta_0.03', 20, 27, 36, 7.863958077633388, 23.859664533505057, 7]
2018-01-01 16:34:30.709 INFO in 'ProfileAnalyzerTest' at line 2165: [8.531785927570786, 8.531785927570786, 2, 100000, 112000, 140000, 174000, -1, 0, 0.04, 5, 'take_innsta_0.03', 20, 27, 34, 6.757336134516714, 8.531785927570786, 5]
2018-01-01 16:34:30.709 INFO in 'ProfileAnalyzerTest' at line 2165: [8.788835895658588, 8.788835895658588, 2, 100000, 112000, 135000, 174000, -1, 0, 0.04, 5, 'take_innsta_0.03', 20, 27, 34, 6.960393079641474, 8.788835895658588, 7]
2018-01-01 16:34:30.709 INFO in 'ProfileAnalyzerTest' at line 2165: [23.161833093740377, 23.161833093740377, 2, 100000, 111000, 140000, 174000, -1, 0, 0.04, 5, 'take_innsta_0.03', 20, 27, 36, 7.660901132508629, 23.161833093740377, 5]
2018-01-01 16:34:30.709 INFO in 'ProfileAnalyzerTest' at line 2165: [23.859664533505057, 23.859664533505057, 2, 100000, 111000, 135000, 174000, -1, 0, 0.04, 5, 'take_innsta_0.03', 20, 27, 36, 7.863958077633388, 23.859664533505057, 7]
2018-01-01 16:34:30.710 INFO in 'ProfileAnalyzerTest' at line 2165: [11.357932533552312, 11.357932533552312, 2, 100000, 112000, 141000, 174000, -1, 0, 0.04, 0, 'take_innsta_0.04', 20, 27, 39, 7.591016273946877, 11.357932533552312, 2]
2018-01-01 16:34:30.710 INFO in 'ProfileAnalyzerTest' at line 2165: [23.654513023116145, 23.654513023116145, 2, 100000, 111000, 141000, 174000, -1, 0, 0.04, 0, 'take_innsta_0.04', 20, 27, 37, 8.218652508425855, 23.654513023116145, 2]
2018-01-01 16:34:30.710 INFO in 'ProfileAnalyzerTest' at line 2165: [8.257601850456318, 8.257601850456318, 2, 100000, 112000, 140000, 174000, -1, 0, 0.04, 1, 'take_innsta_0.03', 20, 27, 34, 6.720106052610531, 8.257601850456318, 5]
2018-01-01 16:34:30.710 INFO in 'ProfileAnalyzerTest' at line 2165: [8.788835895658588, 8.788835895658588, 2, 100000, 112000, 135000, 174000, -1, 0, 0.04, 1, 'take_innsta_0.03', 20, 27, 34, 6.960393079641474, 8.788835895658588, 7]
2018-01-01 16:34:30.710 INFO in 'ProfileAnalyzerTest' at line 2165: [22.417486495619066, 22.417486495619066, 2, 100000, 111000, 140000, 174000, -1, 0, 0.04, 1, 'take_innsta_0.03', 20, 27, 36, 7.623671050602445, 22.417486495619066, 5]
2018-01-01 16:34:30.710 INFO in 'ProfileAnalyzerTest' at line 2165: [23.859664533505057, 23.859664533505057, 2, 100000, 111000, 135000, 174000, -1, 0, 0.04, 1, 'take_innsta_0.03', 20, 27, 36, 7.863958077633388, 23.859664533505057, 7]
2018-01-01 16:34:30.710 INFO in 'ProfileAnalyzerTest' at line 2165: [8.257601850456318, 8.257601850456318, 2, 100000, 112000, 140000, 174000, -1, 0, 0.04, 2, 'take_innsta_0.03', 20, 27, 34, 6.720106052610531, 8.257601850456318, 5]
2018-01-01 16:34:30.710 INFO in 'ProfileAnalyzerTest' at line 2165: [8.788835895658588, 8.788835895658588, 2, 100000, 112000, 135000, 174000, -1, 0, 0.04, 2, 'take_innsta_0.03', 20, 27, 34, 6.960393079641474, 8.788835895658588, 7]
2018-01-01 16:34:30.710 INFO in 'ProfileAnalyzerTest' at line 2165: [22.417486495619066, 22.417486495619066, 2, 100000, 111000, 140000, 174000, -1, 0, 0.04, 2, 'take_innsta_0.03', 20, 27, 36, 7.623671050602445, 22.417486495619066, 5]
2018-01-01 16:34:30.711 INFO in 'ProfileAnalyzerTest' at line 2165: [23.859664533505057, 23.859664533505057, 2, 100000, 111000, 135000, 174000, -1, 0, 0.04, 2, 'take_innsta_0.03', 20, 27, 36, 7.863958077633388, 23.859664533505057, 7]
2018-01-01 16:34:30.711 INFO in 'ProfileAnalyzerTest' at line 2165: [8.257601850456318, 8.257601850456318, 2, 100000, 112000, 140000, 174000, -1, 0, 0.04, 3, 'take_innsta_0.03', 20, 27, 34, 6.720106052610531, 8.257601850456318, 5]
2018-01-01 16:34:30.711 INFO in 'ProfileAnalyzerTest' at line 2165: [8.788835895658588, 8.788835895658588, 2, 100000, 112000, 135000, 174000, -1, 0, 0.04, 3, 'take_innsta_0.03', 20, 27, 34, 6.960393079641474, 8.788835895658588, 7]
2018-01-01 16:34:30.711 INFO in 'ProfileAnalyzerTest' at line 2165: [22.417486495619066, 22.417486495619066, 2, 100000, 111000, 140000, 174000, -1, 0, 0.04, 3, 'take_innsta_0.03', 20, 27, 36, 7.623671050602445, 22.417486495619066, 5]
2018-01-01 16:34:30.713 INFO in 'ProfileAnalyzerTest' at line 2165: [23.859664533505057, 23.859664533505057, 2, 100000, 111000, 135000, 174000, -1, 0, 0.04, 3, 'take_innsta_0.03', 20, 27, 36, 7.863958077633388, 23.859664533505057, 7]
2018-01-01 16:34:30.713 INFO in 'ProfileAnalyzerTest' at line 2165: [8.257601850456318, 8.257601850456318, 2, 100000, 112000, 140000, 174000, -1, 0, 0.04, 4, 'take_innsta_0.03', 20, 27, 34, 6.720106052610531, 8.257601850456318, 5]
2018-01-01 16:34:30.713 INFO in 'ProfileAnalyzerTest' at line 2165: [8.788835895658588, 8.788835895658588, 2, 100000, 112000, 135000, 174000, -1, 0, 0.04, 4, 'take_innsta_0.03', 20, 27, 34, 6.960393079641474, 8.788835895658588, 7]
2018-01-01 16:34:30.713 INFO in 'ProfileAnalyzerTest' at line 2165: [22.417486495619066, 22.417486495619066, 2, 100000, 111000, 140000, 174000, -1, 0, 0.04, 4, 'take_innsta_0.03', 20, 27, 36, 7.623671050602445, 22.417486495619066, 5]
2018-01-01 16:34:30.713 INFO in 'ProfileAnalyzerTest' at line 2165: [23.859664533505057, 23.859664533505057, 2, 100000, 111000, 135000, 174000, -1, 0, 0.04, 4, 'take_innsta_0.03', 20, 27, 36, 7.863958077633388, 23.859664533505057, 7]
2018-01-01 16:34:30.713 INFO in 'ProfileAnalyzerTest' at line 2165: [8.531785927570786, 8.531785927570786, 2, 100000, 112000, 140000, 174000, -1, 0, 0.04, 5, 'take_innsta_0.03', 20, 27, 34, 6.757336134516714, 8.531785927570786, 5]
2018-01-01 16:34:30.713 INFO in 'ProfileAnalyzerTest' at line 2165: [8.788835895658588, 8.788835895658588, 2, 100000, 112000, 135000, 174000, -1, 0, 0.04, 5, 'take_innsta_0.03', 20, 27, 34, 6.960393079641474, 8.788835895658588, 7]
2018-01-01 16:34:30.713 INFO in 'ProfileAnalyzerTest' at line 2165: [23.161833093740377, 23.161833093740377, 2, 100000, 111000, 140000, 174000, -1, 0, 0.04, 5, 'take_innsta_0.03', 20, 27, 36, 7.660901132508629, 23.161833093740377, 5]
2018-01-01 16:34:30.713 INFO in 'ProfileAnalyzerTest' at line 2165: [23.859664533505057, 23.859664533505057, 2, 100000, 111000, 135000, 174000, -1, 0, 0.04, 5, 'take_innsta_0.03', 20, 27, 36, 7.863958077633388, 23.859664533505057, 7]
2018-01-01 16:34:30.713 INFO in 'ProfileAnalyzerTest' at line 2165: [11.804163591642169, 11.804163591642169, 2, 100000, 112000, 141000, 174000, -1, 0, 0.04, 0, 'take_innsta_0.02', 20, 27, 43, 7.125687678280714, 11.804163591642169, 2]
2018-01-01 16:34:30.714 INFO in 'ProfileAnalyzerTest' at line 2165: [16.381196648398443, 16.381196648398443, 2, 100000, 111000, 142000, 174000, -1, 0, 0.04, 0, 'take_innsta_0.02', 20, 27, 40, 7.3564569574656, 16.381196648398443, 1]
2018-01-01 16:34:30.714 INFO in 'ProfileAnalyzerTest' at line 2165: [25.124606224303427, 25.124606224303427, 2, 100000, 111000, 141000, 174000, -1, 0, 0.04, 0, 'take_innsta_0.02', 20, 27, 41, 7.784061617677718, 25.124606224303427, 2]
2018-01-01 16:34:30.714 INFO in 'ProfileAnalyzerTest' at line 2165: [7.474052651680524, 7.474052651680524, 2, 100000, 111000, 142000, 174000, -1, 0, 0.04, 0, 'take_innsta_0.03', 20, 27, 40, 6.4908745829714185, 7.474052651680524, 1]
2018-01-01 16:34:30.714 INFO in 'ProfileAnalyzerTest' at line 2165: [11.899093057975893, 11.899093057975893, 2, 100000, 112000, 141000, 174000, -1, 0, 0.04, 0, 'take_innsta_0.03', 20, 27, 41, 7.329196086423713, 11.899093057975893, 2]
2018-01-01 16:34:30.716 INFO in 'ProfileAnalyzerTest' at line 2165: [26.525888354803197, 26.525888354803197, 2, 100000, 111000, 141000, 174000, -1, 0, 0.04, 0, 'take_innsta_0.03', 20, 27, 39, 8.055193225478313, 26.525888354803197, 2]
2018-01-01 16:34:37.303 INFO in 'ProfileAnalyzerTest' at line 2119: AVG PVV 8.27547972416e-08
2018-01-01 16:34:37.306 INFO in 'ProfileAnalyzerTest' at line 2120: AVG Volume 1.65983684775e-07
2018-01-01 16:38:49.246 INFO in 'ProfileAnalyzerTest' at line 2165: [3.5493048219127066, 3.5493048219127066, 3, 100000, 113000, 154000, 175000, 1, 0, 0.04, 0, 'take_innsta_0.02', 9, 0, 37, 5.593932682663471, 3.5493048219127066, 0]
2018-01-01 16:38:49.246 INFO in 'ProfileAnalyzerTest' at line 2165: [3.797745440338436, 3.797745440338436, 3, 100000, 114000, 154000, 174000, 1, 0, 0.04, 0, 'take_innsta_0.02', 9, 0, 29, 5.308275908714647, 3.797745440338436, 0]
2018-01-01 16:38:49.246 INFO in 'ProfileAnalyzerTest' at line 2165: [5.441105107863606, 5.441105107863606, 3, 100000, 113000, 135000, 174000, 1, 0, 0.04, 0, 'take_innsta_0.02', 9, 0, 27, 8.442923750815984, 5.441105107863606, 0]
2018-01-01 16:38:49.290 INFO in 'ProfileAnalyzerTest' at line 2165: [6.255621016485237, 6.255621016485237, 3, 100000, 113000, 154000, 174000, 1, 0, 0.04, 0, 'take_innsta_0.02', 9, 0, 31, 5.793304616290271, 6.255621016485237, 0]
2018-01-01 16:38:49.290 INFO in 'ProfileAnalyzerTest' at line 2165: [7.57585842785523, 7.57585842785523, 3, 100000, 113000, 135000, 175000, 1, 0, 0.04, 0, 'take_innsta_0.02', 9, 0, 26, 8.918697845327221, 7.57585842785523, 1]
2018-01-01 16:38:49.290 INFO in 'ProfileAnalyzerTest' at line 2165: [4.8144613761358706, 4.8144613761358706, 3, 100000, 114000, 150000, 174000, 1, 0, 0.03, 1, 'take_innsta_0.03', 9, 0, 37, 5.519074112433656, 4.8144613761358706, 12]
2018-01-01 16:38:49.290 INFO in 'ProfileAnalyzerTest' at line 2165: [5.463860033481562, 5.463860033481562, 3, 100000, 112000, 152000, 174000, 1, 0, 0.03, 1, 'take_innsta_0.03', 9, 0, 33, 5.463909490726999, 5.463860033481562, 14]
2018-01-01 16:38:49.292 INFO in 'ProfileAnalyzerTest' at line 2165: [4.242633893913767, 4.242633893913767, 3, 100000, 114000, 152000, 174000, 1, 0, 0.03, 1, 'take_innsta_0.02', 9, 0, 34, 5.225745856010122, 4.242633893913767, 11]
2018-01-01 16:38:49.292 INFO in 'ProfileAnalyzerTest' at line 2165: [4.543532226515326, 4.543532226515326, 3, 100000, 112000, 152000, 175000, 1, 0, 0.03, 1, 'take_innsta_0.02', 9, 0, 36, 5.433244680249739, 4.543532226515326, 11]
2018-01-01 16:38:49.292 INFO in 'ProfileAnalyzerTest' at line 2165: [5.488164813855102, 5.488164813855102, 3, 100000, 112000, 152000, 174000, 1, 0, 0.03, 1, 'take_innsta_0.02', 9, 0, 35, 5.30667530122841, 5.488164813855102, 14]
2018-01-01 16:38:49.292 INFO in 'ProfileAnalyzerTest' at line 2165: [3.3878479754578423, 3.3878479754578423, 3, 100000, 105000, 112000, 150000, -1, 0, 0.01, 0, 'take_innsta_0.01', 9, 0, 45, 4.8998078873574, 3.3878479754578423, 0]
2018-01-01 16:38:49.292 INFO in 'ProfileAnalyzerTest' at line 2165: [3.4937794884671187, 3.4937794884671187, 3, 100000, 105000, 112000, 152000, -1, 0, 0.01, 0, 'take_innsta_0.01', 9, 0, 47, 4.953316655510486, 3.4937794884671187, 0]
2018-01-01 16:38:49.292 INFO in 'ProfileAnalyzerTest' at line 2165: [3.7712229207432744, 3.7712229207432744, 3, 100000, 105000, 112000, 162000, -1, 0, 0.01, 0, 'take_innsta_0.01', 9, 0, 49, 5.119040912587385, 3.7712229207432744, 0]
2018-01-01 16:38:49.292 INFO in 'ProfileAnalyzerTest' at line 2165: [3.883208742771981, 3.883208742771981, 3, 100000, 105000, 112000, 161000, -1, 0, 0.01, 0, 'take_innsta_0.01', 9, 0, 49, 5.141360954810932, 3.883208742771981, 0]
2018-01-01 16:38:49.292 INFO in 'ProfileAnalyzerTest' at line 2165: [4.051432948542656, 4.051432948542656, 3, 100000, 105000, 112000, 154000, -1, 0, 0.01, 0, 'take_innsta_0.01', 9, 0, 49, 5.152357208239469, 4.051432948542656, 0]
2018-01-01 16:38:49.293 INFO in 'ProfileAnalyzerTest' at line 2165: [4.194082836213334, 4.194082836213334, 3, 100000, 105000, 112000, 155000, -1, 0, 0.01, 0, 'take_innsta_0.01', 9, 0, 51, 5.200172996679714, 4.194082836213334, 0]
2018-01-01 16:38:49.293 INFO in 'ProfileAnalyzerTest' at line 2165: [4.2935362455642085, 4.2935362455642085, 3, 100000, 105000, 112000, 160000, -1, 0, 0.01, 0, 'take_innsta_0.01', 9, 0, 51, 5.231619837712727, 4.2935362455642085, 0]
2018-01-01 16:38:49.293 INFO in 'ProfileAnalyzerTest' at line 2165: [4.400683751495005, 4.400683751495005, 3, 100000, 105000, 112000, 165000, -1, 0, 0.01, 0, 'take_innsta_0.01', 9, 0, 48, 5.299838055011243, 4.400683751495005, 1]
2018-01-01 16:38:49.293 INFO in 'ProfileAnalyzerTest' at line 2165: [4.422635927644078, 4.422635927644078, 3, 100000, 105000, 112000, 163000, -1, 0, 0.01, 0, 'take_innsta_0.01', 9, 0, 49, 5.296198229806829, 4.422635927644078, 0]
2018-01-01 16:38:49.293 INFO in 'ProfileAnalyzerTest' at line 2165: [4.427405140688541, 4.427405140688541, 3, 100000, 105000, 112000, 170000, -1, 0, 0.01, 0, 'take_innsta_0.01', 9, 0, 49, 5.3093914417256505, 4.427405140688541, 0]
2018-01-01 16:38:49.295 INFO in 'ProfileAnalyzerTest' at line 2165: [4.483351650839682, 4.483351650839682, 3, 100000, 105000, 112000, 153000, -1, 0, 0.01, 0, 'take_innsta_0.01', 9, 0, 49, 5.241443623321558, 4.483351650839682, 0]
2018-01-01 16:38:49.295 INFO in 'ProfileAnalyzerTest' at line 2165: [4.529838829680786, 4.529838829680786, 3, 100000, 105000, 112000, 164000, -1, 0, 0.01, 0, 'take_innsta_0.01', 9, 0, 51, 5.318172246085758, 4.529838829680786, 0]
2018-01-01 16:38:49.295 INFO in 'ProfileAnalyzerTest' at line 2165: [4.782974634736595, 4.782974634736595, 3, 100000, 105000, 112000, 171000, -1, 0, 0.01, 0, 'take_innsta_0.01', 9, 0, 49, 5.402502315811234, 4.782974634736595, 0]
2018-01-01 16:38:49.295 INFO in 'ProfileAnalyzerTest' at line 2165: [5.298323875859656, 5.298323875859656, 3, 100000, 105000, 112000, 172000, -1, 0, 0.01, 0, 'take_innsta_0.01', 9, 0, 49, 5.510309714804747, 5.298323875859656, 0]
2018-01-01 16:38:49.295 INFO in 'ProfileAnalyzerTest' at line 2165: [5.345319333437533, 5.345319333437533, 3, 100000, 105000, 112000, 173000, -1, 0, 0.01, 0, 'take_innsta_0.01', 9, 0, 49, 5.5171630506007, 5.345319333437533, 0]
2018-01-01 16:38:49.296 INFO in 'ProfileAnalyzerTest' at line 2165: [5.693859240116769, 5.693859240116769, 3, 100000, 105000, 112000, 174000, -1, 0, 0.01, 0, 'take_innsta_0.01', 9, 0, 49, 5.57308850961246, 5.693859240116769, 0]
2018-01-01 16:38:49.296 INFO in 'ProfileAnalyzerTest' at line 2165: [5.931651464145407, 5.931651464145407, 3, 100000, 105000, 112000, 180000, -1, 0, 0.01, 0, 'take_innsta_0.01', 9, 0, 49, 5.625545707051928, 5.931651464145407, 0]
2018-01-01 16:38:49.296 INFO in 'ProfileAnalyzerTest' at line 2165: [5.9997094392920065, 5.9997094392920065, 3, 100000, 105000, 112000, 175000, -1, 0, 0.01, 0, 'take_innsta_0.01', 9, 0, 49, 5.631785802659144, 5.9997094392920065, 0]
2018-01-01 16:38:49.296 INFO in 'ProfileAnalyzerTest' at line 2165: [3.3878479754578423, 3.3878479754578423, 3, 100000, 105000, 112000, 150000, -1, 0, 0.01, 0, 'take_innsta_0.01', 9, 0, 45, 4.8998078873574, 3.3878479754578423, 0]
2018-01-01 16:38:49.296 INFO in 'ProfileAnalyzerTest' at line 2165: [3.4937794884671187, 3.4937794884671187, 3, 100000, 105000, 112000, 152000, -1, 0, 0.01, 0, 'take_innsta_0.01', 9, 0, 47, 4.953316655510486, 3.4937794884671187, 0]
2018-01-01 16:38:49.296 INFO in 'ProfileAnalyzerTest' at line 2165: [3.7712229207432744, 3.7712229207432744, 3, 100000, 105000, 112000, 162000, -1, 0, 0.01, 0, 'take_innsta_0.01', 9, 0, 49, 5.119040912587385, 3.7712229207432744, 0]
2018-01-01 16:38:49.296 INFO in 'ProfileAnalyzerTest' at line 2165: [3.883208742771981, 3.883208742771981, 3, 100000, 105000, 112000, 161000, -1, 0, 0.01, 0, 'take_innsta_0.01', 9, 0, 49, 5.141360954810932, 3.883208742771981, 0]
2018-01-01 16:38:49.296 INFO in 'ProfileAnalyzerTest' at line 2165: [4.051432948542656, 4.051432948542656, 3, 100000, 105000, 112000, 154000, -1, 0, 0.01, 0, 'take_innsta_0.01', 9, 0, 49, 5.152357208239469, 4.051432948542656, 0]
2018-01-01 16:38:49.296 INFO in 'ProfileAnalyzerTest' at line 2165: [4.194082836213334, 4.194082836213334, 3, 100000, 105000, 112000, 155000, -1, 0, 0.01, 0, 'take_innsta_0.01', 9, 0, 51, 5.200172996679714, 4.194082836213334, 0]
2018-01-01 16:38:49.296 INFO in 'ProfileAnalyzerTest' at line 2165: [4.2935362455642085, 4.2935362455642085, 3, 100000, 105000, 112000, 160000, -1, 0, 0.01, 0, 'take_innsta_0.01', 9, 0, 51, 5.231619837712727, 4.2935362455642085, 0]
2018-01-01 16:38:49.298 INFO in 'ProfileAnalyzerTest' at line 2165: [4.400683751495005, 4.400683751495005, 3, 100000, 105000, 112000, 165000, -1, 0, 0.01, 0, 'take_innsta_0.01', 9, 0, 48, 5.299838055011243, 4.400683751495005, 1]
2018-01-01 16:38:49.298 INFO in 'ProfileAnalyzerTest' at line 2165: [4.422635927644078, 4.422635927644078, 3, 100000, 105000, 112000, 163000, -1, 0, 0.01, 0, 'take_innsta_0.01', 9, 0, 49, 5.296198229806829, 4.422635927644078, 0]
2018-01-01 16:38:49.298 INFO in 'ProfileAnalyzerTest' at line 2165: [4.427405140688541, 4.427405140688541, 3, 100000, 105000, 112000, 170000, -1, 0, 0.01, 0, 'take_innsta_0.01', 9, 0, 49, 5.3093914417256505, 4.427405140688541, 0]
2018-01-01 16:38:49.298 INFO in 'ProfileAnalyzerTest' at line 2165: [4.483351650839682, 4.483351650839682, 3, 100000, 105000, 112000, 153000, -1, 0, 0.01, 0, 'take_innsta_0.01', 9, 0, 49, 5.241443623321558, 4.483351650839682, 0]
2018-01-01 16:38:49.298 INFO in 'ProfileAnalyzerTest' at line 2165: [4.529838829680786, 4.529838829680786, 3, 100000, 105000, 112000, 164000, -1, 0, 0.01, 0, 'take_innsta_0.01', 9, 0, 51, 5.318172246085758, 4.529838829680786, 0]
2018-01-01 16:38:49.299 INFO in 'ProfileAnalyzerTest' at line 2165: [4.782974634736595, 4.782974634736595, 3, 100000, 105000, 112000, 171000, -1, 0, 0.01, 0, 'take_innsta_0.01', 9, 0, 49, 5.402502315811234, 4.782974634736595, 0]
2018-01-01 16:38:49.299 INFO in 'ProfileAnalyzerTest' at line 2165: [5.298323875859656, 5.298323875859656, 3, 100000, 105000, 112000, 172000, -1, 0, 0.01, 0, 'take_innsta_0.01', 9, 0, 49, 5.510309714804747, 5.298323875859656, 0]
2018-01-01 16:38:49.299 INFO in 'ProfileAnalyzerTest' at line 2165: [5.345319333437533, 5.345319333437533, 3, 100000, 105000, 112000, 173000, -1, 0, 0.01, 0, 'take_innsta_0.01', 9, 0, 49, 5.5171630506007, 5.345319333437533, 0]
2018-01-01 16:38:49.299 INFO in 'ProfileAnalyzerTest' at line 2165: [5.693859240116769, 5.693859240116769, 3, 100000, 105000, 112000, 174000, -1, 0, 0.01, 0, 'take_innsta_0.01', 9, 0, 49, 5.57308850961246, 5.693859240116769, 0]
2018-01-01 16:38:49.299 INFO in 'ProfileAnalyzerTest' at line 2165: [5.931651464145407, 5.931651464145407, 3, 100000, 105000, 112000, 180000, -1, 0, 0.01, 0, 'take_innsta_0.01', 9, 0, 49, 5.625545707051928, 5.931651464145407, 0]
2018-01-01 16:38:49.299 INFO in 'ProfileAnalyzerTest' at line 2165: [5.9997094392920065, 5.9997094392920065, 3, 100000, 105000, 112000, 175000, -1, 0, 0.01, 0, 'take_innsta_0.01', 9, 0, 49, 5.631785802659144, 5.9997094392920065, 0]
2018-01-01 16:38:49.299 INFO in 'ProfileAnalyzerTest' at line 2165: [3.3878479754578423, 3.3878479754578423, 3, 100000, 105000, 112000, 150000, -1, 0, 0.01, 0, 'take_innsta_0.01', 9, 0, 45, 4.8998078873574, 3.3878479754578423, 0]
2018-01-01 16:38:49.299 INFO in 'ProfileAnalyzerTest' at line 2165: [3.4937794884671187, 3.4937794884671187, 3, 100000, 105000, 112000, 152000, -1, 0, 0.01, 0, 'take_innsta_0.01', 9, 0, 47, 4.953316655510486, 3.4937794884671187, 0]
2018-01-01 16:38:49.299 INFO in 'ProfileAnalyzerTest' at line 2165: [3.7712229207432744, 3.7712229207432744, 3, 100000, 105000, 112000, 162000, -1, 0, 0.01, 0, 'take_innsta_0.01', 9, 0, 49, 5.119040912587385, 3.7712229207432744, 0]
2018-01-01 16:38:49.299 INFO in 'ProfileAnalyzerTest' at line 2165: [3.883208742771981, 3.883208742771981, 3, 100000, 105000, 112000, 161000, -1, 0, 0.01, 0, 'take_innsta_0.01', 9, 0, 49, 5.141360954810932, 3.883208742771981, 0]
2018-01-01 16:38:49.301 INFO in 'ProfileAnalyzerTest' at line 2165: [4.051432948542656, 4.051432948542656, 3, 100000, 105000, 112000, 154000, -1, 0, 0.01, 0, 'take_innsta_0.01', 9, 0, 49, 5.152357208239469, 4.051432948542656, 0]
2018-01-01 16:38:49.301 INFO in 'ProfileAnalyzerTest' at line 2165: [4.194082836213334, 4.194082836213334, 3, 100000, 105000, 112000, 155000, -1, 0, 0.01, 0, 'take_innsta_0.01', 9, 0, 51, 5.200172996679714, 4.194082836213334, 0]
2018-01-01 16:38:49.301 INFO in 'ProfileAnalyzerTest' at line 2165: [4.2935362455642085, 4.2935362455642085, 3, 100000, 105000, 112000, 160000, -1, 0, 0.01, 0, 'take_innsta_0.01', 9, 0, 51, 5.231619837712727, 4.2935362455642085, 0]
2018-01-01 16:38:49.301 INFO in 'ProfileAnalyzerTest' at line 2165: [4.400683751495005, 4.400683751495005, 3, 100000, 105000, 112000, 165000, -1, 0, 0.01, 0, 'take_innsta_0.01', 9, 0, 48, 5.299838055011243, 4.400683751495005, 1]
2018-01-01 16:38:49.301 INFO in 'ProfileAnalyzerTest' at line 2165: [4.422635927644078, 4.422635927644078, 3, 100000, 105000, 112000, 163000, -1, 0, 0.01, 0, 'take_innsta_0.01', 9, 0, 49, 5.296198229806829, 4.422635927644078, 0]
2018-01-01 16:38:49.302 INFO in 'ProfileAnalyzerTest' at line 2165: [4.427405140688541, 4.427405140688541, 3, 100000, 105000, 112000, 170000, -1, 0, 0.01, 0, 'take_innsta_0.01', 9, 0, 49, 5.3093914417256505, 4.427405140688541, 0]
2018-01-01 16:38:49.302 INFO in 'ProfileAnalyzerTest' at line 2165: [4.483351650839682, 4.483351650839682, 3, 100000, 105000, 112000, 153000, -1, 0, 0.01, 0, 'take_innsta_0.01', 9, 0, 49, 5.241443623321558, 4.483351650839682, 0]
2018-01-01 16:38:49.302 INFO in 'ProfileAnalyzerTest' at line 2165: [4.529838829680786, 4.529838829680786, 3, 100000, 105000, 112000, 164000, -1, 0, 0.01, 0, 'take_innsta_0.01', 9, 0, 51, 5.318172246085758, 4.529838829680786, 0]
2018-01-01 16:38:49.302 INFO in 'ProfileAnalyzerTest' at line 2165: [4.782974634736595, 4.782974634736595, 3, 100000, 105000, 112000, 171000, -1, 0, 0.01, 0, 'take_innsta_0.01', 9, 0, 49, 5.402502315811234, 4.782974634736595, 0]
2018-01-01 16:38:49.302 INFO in 'ProfileAnalyzerTest' at line 2165: [5.298323875859656, 5.298323875859656, 3, 100000, 105000, 112000, 172000, -1, 0, 0.01, 0, 'take_innsta_0.01', 9, 0, 49, 5.510309714804747, 5.298323875859656, 0]
2018-01-01 16:38:49.302 INFO in 'ProfileAnalyzerTest' at line 2165: [5.345319333437533, 5.345319333437533, 3, 100000, 105000, 112000, 173000, -1, 0, 0.01, 0, 'take_innsta_0.01', 9, 0, 49, 5.5171630506007, 5.345319333437533, 0]
2018-01-01 16:38:49.302 INFO in 'ProfileAnalyzerTest' at line 2165: [5.693859240116769, 5.693859240116769, 3, 100000, 105000, 112000, 174000, -1, 0, 0.01, 0, 'take_innsta_0.01', 9, 0, 49, 5.57308850961246, 5.693859240116769, 0]
2018-01-01 16:38:49.302 INFO in 'ProfileAnalyzerTest' at line 2165: [5.931651464145407, 5.931651464145407, 3, 100000, 105000, 112000, 180000, -1, 0, 0.01, 0, 'take_innsta_0.01', 9, 0, 49, 5.625545707051928, 5.931651464145407, 0]
2018-01-01 16:38:49.302 INFO in 'ProfileAnalyzerTest' at line 2165: [5.9997094392920065, 5.9997094392920065, 3, 100000, 105000, 112000, 175000, -1, 0, 0.01, 0, 'take_innsta_0.01', 9, 0, 49, 5.631785802659144, 5.9997094392920065, 0]
2018-01-01 16:38:49.302 INFO in 'ProfileAnalyzerTest' at line 2165: [3.701703372482493, 3.701703372482493, 3, 100000, 132000, 151000, 174000, 1, 0, 0.04, 1, 'take_innsta_0.04', 14, 20, 35, 5.265266331120183, 3.701703372482493, 12]
2018-01-01 16:38:49.303 INFO in 'ProfileAnalyzerTest' at line 2165: [4.157626820312601, 4.157626820312601, 3, 100000, 132000, 152000, 174000, 1, 0, 0.04, 1, 'take_innsta_0.04', 14, 20, 31, 5.3552836857236175, 4.157626820312601, 12]
2018-01-01 16:38:49.303 INFO in 'ProfileAnalyzerTest' at line 2165: [6.128018039882773, 6.128018039882773, 3, 100000, 132000, 150000, 174000, 1, 0, 0.04, 1, 'take_innsta_0.04', 14, 20, 37, 6.21558548978204, 6.128018039882773, 12]
2018-01-01 16:38:49.303 INFO in 'ProfileAnalyzerTest' at line 2165: [3.5493048219127066, 3.5493048219127066, 3, 100000, 113000, 154000, 175000, 1, 0, 0.04, 0, 'take_innsta_0.02', 9, 0, 37, 5.593932682663471, 3.5493048219127066, 0]
2018-01-01 16:38:49.303 INFO in 'ProfileAnalyzerTest' at line 2165: [3.797745440338436, 3.797745440338436, 3, 100000, 114000, 154000, 174000, 1, 0, 0.04, 0, 'take_innsta_0.02', 9, 0, 29, 5.308275908714647, 3.797745440338436, 0]
2018-01-01 16:38:49.303 INFO in 'ProfileAnalyzerTest' at line 2165: [5.441105107863606, 5.441105107863606, 3, 100000, 113000, 135000, 174000, 1, 0, 0.04, 0, 'take_innsta_0.02', 9, 0, 27, 8.442923750815984, 5.441105107863606, 0]
2018-01-01 16:38:49.305 INFO in 'ProfileAnalyzerTest' at line 2165: [6.255621016485237, 6.255621016485237, 3, 100000, 113000, 154000, 174000, 1, 0, 0.04, 0, 'take_innsta_0.02', 9, 0, 31, 5.793304616290271, 6.255621016485237, 0]
2018-01-01 16:38:49.305 INFO in 'ProfileAnalyzerTest' at line 2165: [7.57585842785523, 7.57585842785523, 3, 100000, 113000, 135000, 175000, 1, 0, 0.04, 0, 'take_innsta_0.02', 9, 0, 26, 8.918697845327221, 7.57585842785523, 1]
2018-01-01 16:38:49.305 INFO in 'ProfileAnalyzerTest' at line 2165: [3.5493048219127066, 3.5493048219127066, 3, 100000, 113000, 154000, 175000, 1, 0, 0.04, 0, 'take_innsta_0.02', 9, 0, 37, 5.593932682663471, 3.5493048219127066, 0]
2018-01-01 16:38:49.305 INFO in 'ProfileAnalyzerTest' at line 2165: [3.797745440338436, 3.797745440338436, 3, 100000, 114000, 154000, 174000, 1, 0, 0.04, 0, 'take_innsta_0.02', 9, 0, 29, 5.308275908714647, 3.797745440338436, 0]
2018-01-01 16:38:49.305 INFO in 'ProfileAnalyzerTest' at line 2165: [5.441105107863606, 5.441105107863606, 3, 100000, 113000, 135000, 174000, 1, 0, 0.04, 0, 'take_innsta_0.02', 9, 0, 27, 8.442923750815984, 5.441105107863606, 0]
2018-01-01 16:38:49.305 INFO in 'ProfileAnalyzerTest' at line 2165: [6.255621016485237, 6.255621016485237, 3, 100000, 113000, 154000, 174000, 1, 0, 0.04, 0, 'take_innsta_0.02', 9, 0, 31, 5.793304616290271, 6.255621016485237, 0]
2018-01-01 16:38:49.305 INFO in 'ProfileAnalyzerTest' at line 2165: [7.57585842785523, 7.57585842785523, 3, 100000, 113000, 135000, 175000, 1, 0, 0.04, 0, 'take_innsta_0.02', 9, 0, 26, 8.918697845327221, 7.57585842785523, 1]
2018-01-01 16:38:49.305 INFO in 'ProfileAnalyzerTest' at line 2165: [4.463989931372221, 4.463989931372221, 3, 100000, 113000, 154000, 175000, 1, 0, 0.03, 0, 'take_innsta_0.02', 9, 0, 39, 5.847390930437868, 4.463989931372221, 0]
2018-01-01 16:38:49.305 INFO in 'ProfileAnalyzerTest' at line 2165: [4.6134171164026725, 4.6134171164026725, 3, 100000, 114000, 154000, 174000, 1, 0, 0.03, 0, 'take_innsta_0.02', 9, 0, 31, 5.517486681458042, 4.6134171164026725, 0]
2018-01-01 16:38:49.306 INFO in 'ProfileAnalyzerTest' at line 2165: [7.763988864003283, 7.763988864003283, 3, 100000, 113000, 154000, 174000, 1, 0, 0.03, 0, 'take_innsta_0.02', 9, 0, 33, 6.02915005094943, 7.763988864003283, 0]
2018-01-01 16:38:55.963 INFO in 'ProfileAnalyzerTest' at line 2119: AVG PVV 4.60472234688e-09
2018-01-01 16:38:55.966 INFO in 'ProfileAnalyzerTest' at line 2120: AVG Volume -9.94088351706e-10
2018-01-01 16:43:06.509 INFO in 'ProfileAnalyzerTest' at line 2165: [1.3776896767152218, 1.3776896767152218, 4, 100000, 102000, 120000, 134000, 1, 0, 0.01, 1, 'take_innsta_0.04', 14, 27, 40, 3.035755158549414, 1.3776896767152218, 25]
2018-01-01 16:43:06.510 INFO in 'ProfileAnalyzerTest' at line 2165: [1.3851225064953507, 1.3851225064953507, 4, 100000, 102000, 121000, 141000, 1, 0, 0.01, 1, 'take_innsta_0.04', 14, 27, 39, 3.3797548849154566, 1.3851225064953507, 24]
2018-01-01 16:43:06.510 INFO in 'ProfileAnalyzerTest' at line 2165: [1.8027660112347816, 1.8027660112347816, 4, 100000, 102000, 120000, 140000, 1, 0, 0.01, 1, 'take_innsta_0.04', 14, 27, 49, 3.5658214726656303, 1.8027660112347816, 16]
2018-01-01 16:43:06.510 INFO in 'ProfileAnalyzerTest' at line 2165: [2.4190614685795735, 2.4190614685795735, 4, 100000, 102000, 120000, 141000, 1, 0, 0.01, 1, 'take_innsta_0.04', 14, 27, 41, 3.983920448850035, 2.4190614685795735, 20]
2018-01-01 16:43:06.510 INFO in 'ProfileAnalyzerTest' at line 2165: [1.3419773702368991, 1.3419773702368991, 4, 100000, 102000, 121000, 141000, 1, 0, 0.01, 2, 'take_innsta_0.04', 14, 27, 39, 3.3513102347804473, 1.3419773702368991, 24]
2018-01-01 16:43:06.512 INFO in 'ProfileAnalyzerTest' at line 2165: [1.4280608968622788, 1.4280608968622788, 4, 100000, 102000, 120000, 134000, 1, 0, 0.01, 2, 'take_innsta_0.04', 14, 27, 39, 3.0710276180486775, 1.4280608968622788, 26]
2018-01-01 16:43:06.512 INFO in 'ProfileAnalyzerTest' at line 2165: [1.8686789124928125, 1.8686789124928125, 4, 100000, 102000, 120000, 140000, 1, 0, 0.01, 2, 'take_innsta_0.04', 14, 27, 48, 3.601093932164894, 1.8686789124928125, 17]
2018-01-01 16:43:06.512 INFO in 'ProfileAnalyzerTest' at line 2165: [2.6490488463277644, 2.6490488463277644, 4, 100000, 102000, 120000, 141000, 1, 0, 0.01, 2, 'take_innsta_0.04', 14, 27, 42, 4.0707393001018755, 2.6490488463277644, 21]
2018-01-01 16:43:06.512 INFO in 'ProfileAnalyzerTest' at line 2165: [1.3419773702368991, 1.3419773702368991, 4, 100000, 102000, 121000, 141000, 1, 0, 0.01, 3, 'take_innsta_0.04', 14, 27, 39, 3.3513102347804473, 1.3419773702368991, 24]
2018-01-01 16:43:06.512 INFO in 'ProfileAnalyzerTest' at line 2165: [1.4280608968622788, 1.4280608968622788, 4, 100000, 102000, 120000, 134000, 1, 0, 0.01, 3, 'take_innsta_0.04', 14, 27, 39, 3.0710276180486775, 1.4280608968622788, 26]
2018-01-01 16:43:06.513 INFO in 'ProfileAnalyzerTest' at line 2165: [1.8686789124928125, 1.8686789124928125, 4, 100000, 102000, 120000, 140000, 1, 0, 0.01, 3, 'take_innsta_0.04', 14, 27, 48, 3.601093932164894, 1.8686789124928125, 17]
2018-01-01 16:43:06.513 INFO in 'ProfileAnalyzerTest' at line 2165: [2.6490488463277644, 2.6490488463277644, 4, 100000, 102000, 120000, 141000, 1, 0, 0.01, 3, 'take_innsta_0.04', 14, 27, 42, 4.0707393001018755, 2.6490488463277644, 21]
2018-01-01 16:43:06.513 INFO in 'ProfileAnalyzerTest' at line 2165: [1.3419773702368991, 1.3419773702368991, 4, 100000, 102000, 121000, 141000, 1, 0, 0.01, 4, 'take_innsta_0.04', 14, 27, 39, 3.3513102347804473, 1.3419773702368991, 24]
2018-01-01 16:43:06.513 INFO in 'ProfileAnalyzerTest' at line 2165: [1.4280608968622788, 1.4280608968622788, 4, 100000, 102000, 120000, 134000, 1, 0, 0.01, 4, 'take_innsta_0.04', 14, 27, 39, 3.0710276180486775, 1.4280608968622788, 26]
2018-01-01 16:43:06.513 INFO in 'ProfileAnalyzerTest' at line 2165: [1.8686789124928125, 1.8686789124928125, 4, 100000, 102000, 120000, 140000, 1, 0, 0.01, 4, 'take_innsta_0.04', 14, 27, 48, 3.601093932164894, 1.8686789124928125, 17]
2018-01-01 16:43:06.513 INFO in 'ProfileAnalyzerTest' at line 2165: [2.6490488463277644, 2.6490488463277644, 4, 100000, 102000, 120000, 141000, 1, 0, 0.01, 4, 'take_innsta_0.04', 14, 27, 42, 4.0707393001018755, 2.6490488463277644, 21]
2018-01-01 16:43:06.513 INFO in 'ProfileAnalyzerTest' at line 2165: [1.3419773702368991, 1.3419773702368991, 4, 100000, 102000, 121000, 141000, 1, 0, 0.01, 5, 'take_innsta_0.04', 14, 27, 39, 3.3513102347804473, 1.3419773702368991, 24]
2018-01-01 16:43:06.513 INFO in 'ProfileAnalyzerTest' at line 2165: [1.4280608968622788, 1.4280608968622788, 4, 100000, 102000, 120000, 134000, 1, 0, 0.01, 5, 'take_innsta_0.04', 14, 27, 39, 3.0710276180486775, 1.4280608968622788, 26]
2018-01-01 16:43:06.513 INFO in 'ProfileAnalyzerTest' at line 2165: [1.8686789124928125, 1.8686789124928125, 4, 100000, 102000, 120000, 140000, 1, 0, 0.01, 5, 'take_innsta_0.04', 14, 27, 48, 3.601093932164894, 1.8686789124928125, 17]
2018-01-01 16:43:06.515 INFO in 'ProfileAnalyzerTest' at line 2165: [2.6490488463277644, 2.6490488463277644, 4, 100000, 102000, 120000, 141000, 1, 0, 0.01, 5, 'take_innsta_0.04', 14, 27, 42, 4.0707393001018755, 2.6490488463277644, 21]
2018-01-01 16:43:06.515 INFO in 'ProfileAnalyzerTest' at line 2165: [1.0005180479463471, 1.0005180479463471, 4, 100000, 101000, 120000, 140000, 1, 0, 0.01, 1, 'take_innsta_0.03', 14, 27, 40, 3.0353202332873477, 1.0005180479463471, 15]
2018-01-01 16:43:06.515 INFO in 'ProfileAnalyzerTest' at line 2165: [1.072122110377161, 1.072122110377161, 4, 100000, 101000, 120000, 141000, 1, 0, 0.01, 1, 'take_innsta_0.03', 14, 27, 31, 3.2580662762553922, 1.072122110377161, 18]
2018-01-01 16:43:06.515 INFO in 'ProfileAnalyzerTest' at line 2165: [1.165399005674452, 1.165399005674452, 4, 100000, 102000, 121000, 140000, 1, 0, 0.01, 1, 'take_innsta_0.03', 14, 27, 45, 3.0577658511459127, 1.165399005674452, 20]
2018-01-01 16:43:06.515 INFO in 'ProfileAnalyzerTest' at line 2165: [1.5729309317850046, 1.5729309317850046, 4, 100000, 102000, 120000, 134000, 1, 0, 0.01, 1, 'take_innsta_0.03', 14, 27, 40, 3.189600036149948, 1.5729309317850046, 25]
2018-01-01 16:43:06.516 INFO in 'ProfileAnalyzerTest' at line 2165: [1.759035779956931, 1.759035779956931, 4, 100000, 102000, 121000, 141000, 1, 0, 0.01, 1, 'take_innsta_0.03', 14, 27, 39, 3.640977163324469, 1.759035779956931, 24]
2018-01-01 16:43:06.516 INFO in 'ProfileAnalyzerTest' at line 2165: [2.0657045050073664, 2.0657045050073664, 4, 100000, 102000, 120000, 140000, 1, 0, 0.01, 1, 'take_innsta_0.03', 14, 27, 49, 3.6790136369124196, 2.0657045050073664, 16]
2018-01-01 16:43:06.516 INFO in 'ProfileAnalyzerTest' at line 2165: [2.9325100927349537, 2.9325100927349537, 4, 100000, 102000, 120000, 141000, 1, 0, 0.01, 1, 'take_innsta_0.03', 14, 27, 41, 4.184183429650661, 2.9325100927349537, 20]
2018-01-01 16:43:06.516 INFO in 'ProfileAnalyzerTest' at line 2165: [1.0370990833609186, 1.0370990833609186, 4, 100000, 101000, 120000, 140000, 1, 0, 0.01, 2, 'take_innsta_0.03', 14, 27, 39, 3.070592692786611, 1.0370990833609186, 16]
2018-01-01 16:43:06.516 INFO in 'ProfileAnalyzerTest' at line 2165: [1.0818591482105937, 1.0818591482105937, 4, 100000, 103000, 120000, 141000, 1, 0, 0.01, 2, 'take_innsta_0.03', 14, 27, 38, 2.9489272590208895, 1.0818591482105937, 21]
2018-01-01 16:43:06.516 INFO in 'ProfileAnalyzerTest' at line 2165: [1.1740519521749733, 1.1740519521749733, 4, 100000, 101000, 120000, 141000, 1, 0, 0.01, 2, 'take_innsta_0.03', 14, 27, 32, 3.344885127507233, 1.1740519521749733, 19]
2018-01-01 16:43:06.516 INFO in 'ProfileAnalyzerTest' at line 2165: [1.6304405811495584, 1.6304405811495584, 4, 100000, 102000, 120000, 134000, 1, 0, 0.01, 2, 'take_innsta_0.03', 14, 27, 39, 3.2248724956492114, 1.6304405811495584, 26]
2018-01-01 16:43:06.516 INFO in 'ProfileAnalyzerTest' at line 2165: [1.7042436312091955, 1.7042436312091955, 4, 100000, 102000, 121000, 141000, 1, 0, 0.01, 2, 'take_innsta_0.03', 14, 27, 39, 3.612532513189459, 1.7042436312091955, 24]
2018-01-01 16:43:06.516 INFO in 'ProfileAnalyzerTest' at line 2165: [2.1412309883215053, 2.1412309883215053, 4, 100000, 102000, 120000, 140000, 1, 0, 0.01, 2, 'take_innsta_0.03', 14, 27, 48, 3.714286096411683, 2.1412309883215053, 17]
2018-01-01 16:43:06.517 INFO in 'ProfileAnalyzerTest' at line 2165: [3.211312560224229, 3.211312560224229, 4, 100000, 102000, 120000, 141000, 1, 0, 0.01, 2, 'take_innsta_0.03', 14, 27, 42, 4.2710022809025014, 3.211312560224229, 21]
2018-01-01 16:43:06.517 INFO in 'ProfileAnalyzerTest' at line 2165: [1.0370990833609186, 1.0370990833609186, 4, 100000, 101000, 120000, 140000, 1, 0, 0.01, 3, 'take_innsta_0.03', 14, 27, 39, 3.070592692786611, 1.0370990833609186, 16]
2018-01-01 16:43:06.517 INFO in 'ProfileAnalyzerTest' at line 2165: [1.0818591482105937, 1.0818591482105937, 4, 100000, 103000, 120000, 141000, 1, 0, 0.01, 3, 'take_innsta_0.03', 14, 27, 38, 2.9489272590208895, 1.0818591482105937, 21]
2018-01-01 16:43:06.517 INFO in 'ProfileAnalyzerTest' at line 2165: [1.1740519521749733, 1.1740519521749733, 4, 100000, 101000, 120000, 141000, 1, 0, 0.01, 3, 'take_innsta_0.03', 14, 27, 32, 3.344885127507233, 1.1740519521749733, 19]
2018-01-01 16:43:06.517 INFO in 'ProfileAnalyzerTest' at line 2165: [1.6304405811495584, 1.6304405811495584, 4, 100000, 102000, 120000, 134000, 1, 0, 0.01, 3, 'take_innsta_0.03', 14, 27, 39, 3.2248724956492114, 1.6304405811495584, 26]
2018-01-01 16:43:06.519 INFO in 'ProfileAnalyzerTest' at line 2165: [1.7042436312091955, 1.7042436312091955, 4, 100000, 102000, 121000, 141000, 1, 0, 0.01, 3, 'take_innsta_0.03', 14, 27, 39, 3.612532513189459, 1.7042436312091955, 24]
2018-01-01 16:43:06.519 INFO in 'ProfileAnalyzerTest' at line 2165: [2.1412309883215053, 2.1412309883215053, 4, 100000, 102000, 120000, 140000, 1, 0, 0.01, 3, 'take_innsta_0.03', 14, 27, 48, 3.714286096411683, 2.1412309883215053, 17]
2018-01-01 16:43:06.519 INFO in 'ProfileAnalyzerTest' at line 2165: [3.211312560224229, 3.211312560224229, 4, 100000, 102000, 120000, 141000, 1, 0, 0.01, 3, 'take_innsta_0.03', 14, 27, 42, 4.2710022809025014, 3.211312560224229, 21]
2018-01-01 16:43:06.519 INFO in 'ProfileAnalyzerTest' at line 2165: [1.0370990833609186, 1.0370990833609186, 4, 100000, 101000, 120000, 140000, 1, 0, 0.01, 4, 'take_innsta_0.03', 14, 27, 39, 3.070592692786611, 1.0370990833609186, 16]
2018-01-01 16:43:06.519 INFO in 'ProfileAnalyzerTest' at line 2165: [1.0818591482105937, 1.0818591482105937, 4, 100000, 103000, 120000, 141000, 1, 0, 0.01, 4, 'take_innsta_0.03', 14, 27, 38, 2.9489272590208895, 1.0818591482105937, 21]
2018-01-01 16:43:06.519 INFO in 'ProfileAnalyzerTest' at line 2165: [1.1740519521749733, 1.1740519521749733, 4, 100000, 101000, 120000, 141000, 1, 0, 0.01, 4, 'take_innsta_0.03', 14, 27, 32, 3.344885127507233, 1.1740519521749733, 19]
2018-01-01 16:43:06.519 INFO in 'ProfileAnalyzerTest' at line 2165: [1.6304405811495584, 1.6304405811495584, 4, 100000, 102000, 120000, 134000, 1, 0, 0.01, 4, 'take_innsta_0.03', 14, 27, 39, 3.2248724956492114, 1.6304405811495584, 26]
2018-01-01 16:43:06.519 INFO in 'ProfileAnalyzerTest' at line 2165: [1.7042436312091955, 1.7042436312091955, 4, 100000, 102000, 121000, 141000, 1, 0, 0.01, 4, 'take_innsta_0.03', 14, 27, 39, 3.612532513189459, 1.7042436312091955, 24]
2018-01-01 16:43:06.519 INFO in 'ProfileAnalyzerTest' at line 2165: [2.1412309883215053, 2.1412309883215053, 4, 100000, 102000, 120000, 140000, 1, 0, 0.01, 4, 'take_innsta_0.03', 14, 27, 48, 3.714286096411683, 2.1412309883215053, 17]
2018-01-01 16:43:06.519 INFO in 'ProfileAnalyzerTest' at line 2165: [3.211312560224229, 3.211312560224229, 4, 100000, 102000, 120000, 141000, 1, 0, 0.01, 4, 'take_innsta_0.03', 14, 27, 42, 4.2710022809025014, 3.211312560224229, 21]
2018-01-01 16:43:06.520 INFO in 'ProfileAnalyzerTest' at line 2165: [1.0370990833609186, 1.0370990833609186, 4, 100000, 101000, 120000, 140000, 1, 0, 0.01, 5, 'take_innsta_0.03', 14, 27, 39, 3.070592692786611, 1.0370990833609186, 16]
2018-01-01 16:43:06.520 INFO in 'ProfileAnalyzerTest' at line 2165: [1.0818591482105937, 1.0818591482105937, 4, 100000, 103000, 120000, 141000, 1, 0, 0.01, 5, 'take_innsta_0.03', 14, 27, 38, 2.9489272590208895, 1.0818591482105937, 21]
2018-01-01 16:43:06.520 INFO in 'ProfileAnalyzerTest' at line 2165: [1.1740519521749733, 1.1740519521749733, 4, 100000, 101000, 120000, 141000, 1, 0, 0.01, 5, 'take_innsta_0.03', 14, 27, 32, 3.344885127507233, 1.1740519521749733, 19]
2018-01-01 16:43:06.520 INFO in 'ProfileAnalyzerTest' at line 2165: [1.6304405811495584, 1.6304405811495584, 4, 100000, 102000, 120000, 134000, 1, 0, 0.01, 5, 'take_innsta_0.03', 14, 27, 39, 3.2248724956492114, 1.6304405811495584, 26]
2018-01-01 16:43:06.520 INFO in 'ProfileAnalyzerTest' at line 2165: [1.7042436312091955, 1.7042436312091955, 4, 100000, 102000, 121000, 141000, 1, 0, 0.01, 5, 'take_innsta_0.03', 14, 27, 39, 3.612532513189459, 1.7042436312091955, 24]
2018-01-01 16:43:06.520 INFO in 'ProfileAnalyzerTest' at line 2165: [2.1412309883215053, 2.1412309883215053, 4, 100000, 102000, 120000, 140000, 1, 0, 0.01, 5, 'take_innsta_0.03', 14, 27, 48, 3.714286096411683, 2.1412309883215053, 17]
2018-01-01 16:43:06.522 INFO in 'ProfileAnalyzerTest' at line 2165: [3.211312560224229, 3.211312560224229, 4, 100000, 102000, 120000, 141000, 1, 0, 0.01, 5, 'take_innsta_0.03', 14, 27, 42, 4.2710022809025014, 3.211312560224229, 21]
